[2026-01-17T06:00:01.566+0000] {taskinstance.py:1979} INFO - Dependencies all met for dep_context=non-requeueable deps ti=<TaskInstance: ModelDevelop.get_data scheduled__2026-01-17T05:00:00+00:00 [queued]>
[2026-01-17T06:00:01.570+0000] {taskinstance.py:1979} INFO - Dependencies all met for dep_context=requeueable deps ti=<TaskInstance: ModelDevelop.get_data scheduled__2026-01-17T05:00:00+00:00 [queued]>
[2026-01-17T06:00:01.570+0000] {taskinstance.py:2193} INFO - Starting attempt 1 of 2
[2026-01-17T06:00:01.576+0000] {taskinstance.py:2217} INFO - Executing <Task(PythonOperator): get_data> on 2026-01-17 05:00:00+00:00
[2026-01-17T06:00:01.582+0000] {standard_task_runner.py:60} INFO - Started process 49016 to run task
[2026-01-17T06:00:01.584+0000] {standard_task_runner.py:87} INFO - Running: ['***', 'tasks', 'run', 'ModelDevelop', 'get_data', 'scheduled__2026-01-17T05:00:00+00:00', '--job-id', '732', '--raw', '--subdir', 'DAGS_FOLDER/example.py', '--cfg-path', '/tmp/tmpw8ht5o0v']
[2026-01-17T06:00:01.585+0000] {standard_task_runner.py:88} INFO - Job 732: Subtask get_data
[2026-01-17T06:00:01.594+0000] {warnings.py:109} WARNING - /home/***/.local/lib/python3.9/site-packages/***/settings.py:194: DeprecationWarning: The sql_alchemy_conn option in [core] has been moved to the sql_alchemy_conn option in [database] - the old setting has been used, but please update your config.
  SQL_ALCHEMY_CONN = conf.get("database", "SQL_ALCHEMY_CONN")

[2026-01-17T06:00:01.616+0000] {task_command.py:423} INFO - Running <TaskInstance: ModelDevelop.get_data scheduled__2026-01-17T05:00:00+00:00 [running]> on host 8a4f043652f0
[2026-01-17T06:00:01.660+0000] {taskinstance.py:2513} INFO - Exporting env vars: AIRFLOW_CTX_DAG_OWNER='***' AIRFLOW_CTX_DAG_ID='ModelDevelop' AIRFLOW_CTX_TASK_ID='get_data' AIRFLOW_CTX_EXECUTION_DATE='2026-01-17T05:00:00+00:00' AIRFLOW_CTX_TRY_NUMBER='1' AIRFLOW_CTX_DAG_RUN_ID='scheduled__2026-01-17T05:00:00+00:00'
[2026-01-17T06:00:01.668+0000] {python.py:202} INFO - Done. Returned value was: ./iris.csv
[2026-01-17T06:00:01.680+0000] {taskinstance.py:1149} INFO - Marking task as SUCCESS. dag_id=ModelDevelop, task_id=get_data, execution_date=20260117T050000, start_date=20260117T060001, end_date=20260117T060001
[2026-01-17T06:00:01.716+0000] {local_task_job_runner.py:234} INFO - Task exited with return code 0
[2026-01-17T06:00:01.730+0000] {taskinstance.py:3312} INFO - 0 downstream tasks scheduled from follow-on schedule check
[2026-01-17T13:21:21.382+0000] {taskinstance.py:1979} INFO - Dependencies all met for dep_context=non-requeueable deps ti=<TaskInstance: ModelDevelop.get_data scheduled__2026-01-17T05:00:00+00:00 [queued]>
[2026-01-17T13:21:21.404+0000] {taskinstance.py:1979} INFO - Dependencies all met for dep_context=requeueable deps ti=<TaskInstance: ModelDevelop.get_data scheduled__2026-01-17T05:00:00+00:00 [queued]>
[2026-01-17T13:21:21.404+0000] {taskinstance.py:2193} INFO - Starting attempt 1 of 2
[2026-01-17T13:21:21.416+0000] {taskinstance.py:2217} INFO - Executing <Task(PythonOperator): get_data> on 2026-01-17 05:00:00+00:00
[2026-01-17T13:21:21.425+0000] {standard_task_runner.py:60} INFO - Started process 48153 to run task
[2026-01-17T13:21:21.428+0000] {standard_task_runner.py:87} INFO - Running: ['***', 'tasks', 'run', 'ModelDevelop', 'get_data', 'scheduled__2026-01-17T05:00:00+00:00', '--job-id', '721', '--raw', '--subdir', 'DAGS_FOLDER/example.py', '--cfg-path', '/tmp/tmptro0dmts']
[2026-01-17T13:21:21.430+0000] {standard_task_runner.py:88} INFO - Job 721: Subtask get_data
[2026-01-17T13:21:21.440+0000] {warnings.py:109} WARNING - /home/***/.local/lib/python3.9/site-packages/***/settings.py:194: DeprecationWarning: The sql_alchemy_conn option in [core] has been moved to the sql_alchemy_conn option in [database] - the old setting has been used, but please update your config.
  SQL_ALCHEMY_CONN = conf.get("database", "SQL_ALCHEMY_CONN")

[2026-01-17T13:21:21.470+0000] {task_command.py:423} INFO - Running <TaskInstance: ModelDevelop.get_data scheduled__2026-01-17T05:00:00+00:00 [running]> on host ed3184b6b543
[2026-01-17T13:21:21.530+0000] {taskinstance.py:2513} INFO - Exporting env vars: AIRFLOW_CTX_DAG_OWNER='***' AIRFLOW_CTX_DAG_ID='ModelDevelop' AIRFLOW_CTX_TASK_ID='get_data' AIRFLOW_CTX_EXECUTION_DATE='2026-01-17T05:00:00+00:00' AIRFLOW_CTX_TRY_NUMBER='1' AIRFLOW_CTX_DAG_RUN_ID='scheduled__2026-01-17T05:00:00+00:00'
[2026-01-17T13:21:21.540+0000] {python.py:202} INFO - Done. Returned value was: ./iris.csv
[2026-01-17T13:21:21.556+0000] {taskinstance.py:1149} INFO - Marking task as SUCCESS. dag_id=ModelDevelop, task_id=get_data, execution_date=20260117T050000, start_date=20260117T132121, end_date=20260117T132121
[2026-01-17T13:21:21.600+0000] {local_task_job_runner.py:234} INFO - Task exited with return code 0
[2026-01-17T13:21:21.672+0000] {taskinstance.py:3312} INFO - 0 downstream tasks scheduled from follow-on schedule check
[2026-01-17T13:42:56.432+0000] {taskinstance.py:1979} INFO - Dependencies all met for dep_context=non-requeueable deps ti=<TaskInstance: ModelDevelop.get_data scheduled__2026-01-17T05:00:00+00:00 [queued]>
[2026-01-17T13:42:56.437+0000] {taskinstance.py:1979} INFO - Dependencies all met for dep_context=requeueable deps ti=<TaskInstance: ModelDevelop.get_data scheduled__2026-01-17T05:00:00+00:00 [queued]>
[2026-01-17T13:42:56.438+0000] {taskinstance.py:2193} INFO - Starting attempt 1 of 2
[2026-01-17T13:42:56.445+0000] {taskinstance.py:2217} INFO - Executing <Task(PythonOperator): get_data> on 2026-01-17 05:00:00+00:00
[2026-01-17T13:42:56.451+0000] {standard_task_runner.py:60} INFO - Started process 48587 to run task
[2026-01-17T13:42:56.453+0000] {standard_task_runner.py:87} INFO - Running: ['***', 'tasks', 'run', 'ModelDevelop', 'get_data', 'scheduled__2026-01-17T05:00:00+00:00', '--job-id', '726', '--raw', '--subdir', 'DAGS_FOLDER/example.py', '--cfg-path', '/tmp/tmp04bfqmuy']
[2026-01-17T13:42:56.454+0000] {standard_task_runner.py:88} INFO - Job 726: Subtask get_data
[2026-01-17T13:42:56.462+0000] {warnings.py:109} WARNING - /home/***/.local/lib/python3.9/site-packages/***/settings.py:194: DeprecationWarning: The sql_alchemy_conn option in [core] has been moved to the sql_alchemy_conn option in [database] - the old setting has been used, but please update your config.
  SQL_ALCHEMY_CONN = conf.get("database", "SQL_ALCHEMY_CONN")

[2026-01-17T13:42:56.488+0000] {task_command.py:423} INFO - Running <TaskInstance: ModelDevelop.get_data scheduled__2026-01-17T05:00:00+00:00 [running]> on host 5330652dc216
[2026-01-17T13:42:56.575+0000] {taskinstance.py:2513} INFO - Exporting env vars: AIRFLOW_CTX_DAG_OWNER='***' AIRFLOW_CTX_DAG_ID='ModelDevelop' AIRFLOW_CTX_TASK_ID='get_data' AIRFLOW_CTX_EXECUTION_DATE='2026-01-17T05:00:00+00:00' AIRFLOW_CTX_TRY_NUMBER='1' AIRFLOW_CTX_DAG_RUN_ID='scheduled__2026-01-17T05:00:00+00:00'
[2026-01-17T13:42:56.588+0000] {python.py:202} INFO - Done. Returned value was: ./iris.csv
[2026-01-17T13:42:56.621+0000] {taskinstance.py:1149} INFO - Marking task as SUCCESS. dag_id=ModelDevelop, task_id=get_data, execution_date=20260117T050000, start_date=20260117T134256, end_date=20260117T134256
[2026-01-17T13:42:56.665+0000] {local_task_job_runner.py:234} INFO - Task exited with return code 0
[2026-01-17T13:42:56.687+0000] {taskinstance.py:3312} INFO - 1 downstream tasks scheduled from follow-on schedule check
