[2026-03-06T06:21:04.943+0000] {taskinstance.py:1979} INFO - Dependencies all met for dep_context=non-requeueable deps ti=<TaskInstance: DataDriftRetrainPsDAG.detect_drift scheduled__2026-03-06T06:16:00+00:00 [queued]>
[2026-03-06T06:21:04.948+0000] {taskinstance.py:1979} INFO - Dependencies all met for dep_context=requeueable deps ti=<TaskInstance: DataDriftRetrainPsDAG.detect_drift scheduled__2026-03-06T06:16:00+00:00 [queued]>
[2026-03-06T06:21:04.949+0000] {taskinstance.py:2193} INFO - Starting attempt 2 of 2
[2026-03-06T06:21:04.955+0000] {taskinstance.py:2217} INFO - Executing <Task(BranchPythonOperator): detect_drift> on 2026-03-06 06:16:00+00:00
[2026-03-06T06:21:04.960+0000] {standard_task_runner.py:60} INFO - Started process 988 to run task
[2026-03-06T06:21:04.963+0000] {standard_task_runner.py:87} INFO - Running: ['***', 'tasks', 'run', 'DataDriftRetrainPsDAG', 'detect_drift', 'scheduled__2026-03-06T06:16:00+00:00', '--job-id', '26', '--raw', '--subdir', 'DAGS_FOLDER/exercise_drift_ps.py', '--cfg-path', '/tmp/tmpcz91ho7o']
[2026-03-06T06:21:04.964+0000] {standard_task_runner.py:88} INFO - Job 26: Subtask detect_drift
[2026-03-06T06:21:04.971+0000] {warnings.py:109} WARNING - /home/***/.local/lib/python3.9/site-packages/***/settings.py:194: DeprecationWarning: The sql_alchemy_conn option in [core] has been moved to the sql_alchemy_conn option in [database] - the old setting has been used, but please update your config.
  SQL_ALCHEMY_CONN = conf.get("database", "SQL_ALCHEMY_CONN")

[2026-03-06T06:21:04.995+0000] {task_command.py:423} INFO - Running <TaskInstance: DataDriftRetrainPsDAG.detect_drift scheduled__2026-03-06T06:16:00+00:00 [running]> on host 0dd5ae49d4e0
[2026-03-06T06:21:05.033+0000] {taskinstance.py:2513} INFO - Exporting env vars: AIRFLOW_CTX_DAG_OWNER='***' AIRFLOW_CTX_DAG_ID='DataDriftRetrainPsDAG' AIRFLOW_CTX_TASK_ID='detect_drift' AIRFLOW_CTX_EXECUTION_DATE='2026-03-06T06:16:00+00:00' AIRFLOW_CTX_TRY_NUMBER='2' AIRFLOW_CTX_DAG_RUN_ID='scheduled__2026-03-06T06:16:00+00:00'
[2026-03-06T06:21:05.044+0000] {taskinstance.py:2731} ERROR - Task failed with exception
Traceback (most recent call last):
  File "/home/airflow/.local/lib/python3.9/site-packages/airflow/models/taskinstance.py", line 444, in _execute_task
    result = _execute_callable(context=context, **execute_callable_kwargs)
  File "/home/airflow/.local/lib/python3.9/site-packages/airflow/models/taskinstance.py", line 414, in _execute_callable
    return execute_callable(context=context, **execute_callable_kwargs)
  File "/home/airflow/.local/lib/python3.9/site-packages/airflow/operators/python.py", line 234, in execute
    return self.do_branch(context, super().execute(context))
  File "/home/airflow/.local/lib/python3.9/site-packages/airflow/operators/python.py", line 200, in execute
    return_value = self.execute_callable()
  File "/home/airflow/.local/lib/python3.9/site-packages/airflow/operators/python.py", line 217, in execute_callable
    return self.python_callable(*self.op_args, **self.op_kwargs)
  File "/opt/airflow/dags/exercise_drift_ps.py", line 69, in detect_drift
    ref_df = pd.read_csv(REFERENCE_STATS_PATH)
  File "/home/airflow/.local/lib/python3.9/site-packages/pandas/io/parsers/readers.py", line 948, in read_csv
    return _read(filepath_or_buffer, kwds)
  File "/home/airflow/.local/lib/python3.9/site-packages/pandas/io/parsers/readers.py", line 611, in _read
    parser = TextFileReader(filepath_or_buffer, **kwds)
  File "/home/airflow/.local/lib/python3.9/site-packages/pandas/io/parsers/readers.py", line 1448, in __init__
    self._engine = self._make_engine(f, self.engine)
  File "/home/airflow/.local/lib/python3.9/site-packages/pandas/io/parsers/readers.py", line 1705, in _make_engine
    self.handles = get_handle(
  File "/home/airflow/.local/lib/python3.9/site-packages/pandas/io/common.py", line 863, in get_handle
    handle = open(
FileNotFoundError: [Errno 2] No such file or directory: './reference_stats.csv'
[2026-03-06T06:21:05.049+0000] {taskinstance.py:1149} INFO - Marking task as FAILED. dag_id=DataDriftRetrainPsDAG, task_id=detect_drift, execution_date=20260306T061600, start_date=20260306T062104, end_date=20260306T062105
[2026-03-06T06:21:05.055+0000] {standard_task_runner.py:107} ERROR - Failed to execute job 26 for task detect_drift ([Errno 2] No such file or directory: './reference_stats.csv'; 988)
[2026-03-06T06:21:05.094+0000] {local_task_job_runner.py:234} INFO - Task exited with return code 1
[2026-03-06T06:21:05.122+0000] {taskinstance.py:3312} INFO - 0 downstream tasks scheduled from follow-on schedule check
