[2026-01-16T07:56:28.301+0000] {taskinstance.py:1979} INFO - Dependencies all met for dep_context=non-requeueable deps ti=<TaskInstance: ModelDevelop.get_data scheduled__2026-01-12T12:00:00+00:00 [queued]>
[2026-01-16T07:56:28.308+0000] {taskinstance.py:1979} INFO - Dependencies all met for dep_context=requeueable deps ti=<TaskInstance: ModelDevelop.get_data scheduled__2026-01-12T12:00:00+00:00 [queued]>
[2026-01-16T07:56:28.309+0000] {taskinstance.py:2193} INFO - Starting attempt 1 of 2
[2026-01-16T07:56:28.319+0000] {taskinstance.py:2217} INFO - Executing <Task(PythonOperator): get_data> on 2026-01-12 12:00:00+00:00
[2026-01-16T07:56:28.327+0000] {standard_task_runner.py:60} INFO - Started process 32944 to run task
[2026-01-16T07:56:28.329+0000] {standard_task_runner.py:87} INFO - Running: ['***', 'tasks', 'run', 'ModelDevelop', 'get_data', 'scheduled__2026-01-12T12:00:00+00:00', '--job-id', '494', '--raw', '--subdir', 'DAGS_FOLDER/example.py', '--cfg-path', '/tmp/tmpbrsw08sc']
[2026-01-16T07:56:28.330+0000] {standard_task_runner.py:88} INFO - Job 494: Subtask get_data
[2026-01-16T07:56:28.338+0000] {warnings.py:109} WARNING - /home/***/.local/lib/python3.9/site-packages/***/settings.py:194: DeprecationWarning: The sql_alchemy_conn option in [core] has been moved to the sql_alchemy_conn option in [database] - the old setting has been used, but please update your config.
  SQL_ALCHEMY_CONN = conf.get("database", "SQL_ALCHEMY_CONN")

[2026-01-16T07:56:28.367+0000] {task_command.py:423} INFO - Running <TaskInstance: ModelDevelop.get_data scheduled__2026-01-12T12:00:00+00:00 [running]> on host 8a4f043652f0
[2026-01-16T07:56:28.415+0000] {taskinstance.py:2513} INFO - Exporting env vars: AIRFLOW_CTX_DAG_OWNER='***' AIRFLOW_CTX_DAG_ID='ModelDevelop' AIRFLOW_CTX_TASK_ID='get_data' AIRFLOW_CTX_EXECUTION_DATE='2026-01-12T12:00:00+00:00' AIRFLOW_CTX_TRY_NUMBER='1' AIRFLOW_CTX_DAG_RUN_ID='scheduled__2026-01-12T12:00:00+00:00'
[2026-01-16T07:56:28.424+0000] {python.py:202} INFO - Done. Returned value was: ./iris.csv
[2026-01-16T07:56:28.458+0000] {taskinstance.py:1149} INFO - Marking task as SUCCESS. dag_id=ModelDevelop, task_id=get_data, execution_date=20260112T120000, start_date=20260116T075628, end_date=20260116T075628
[2026-01-16T07:56:28.502+0000] {local_task_job_runner.py:234} INFO - Task exited with return code 0
[2026-01-16T07:56:28.533+0000] {taskinstance.py:3312} INFO - 1 downstream tasks scheduled from follow-on schedule check
[2026-01-17T13:20:12.657+0000] {taskinstance.py:1979} INFO - Dependencies all met for dep_context=non-requeueable deps ti=<TaskInstance: ModelDevelop.get_data scheduled__2026-01-12T12:00:00+00:00 [queued]>
[2026-01-17T13:20:12.664+0000] {taskinstance.py:1979} INFO - Dependencies all met for dep_context=requeueable deps ti=<TaskInstance: ModelDevelop.get_data scheduled__2026-01-12T12:00:00+00:00 [queued]>
[2026-01-17T13:20:12.664+0000] {taskinstance.py:2193} INFO - Starting attempt 1 of 2
[2026-01-17T13:20:12.676+0000] {taskinstance.py:2217} INFO - Executing <Task(PythonOperator): get_data> on 2026-01-12 12:00:00+00:00
[2026-01-17T13:20:12.685+0000] {standard_task_runner.py:60} INFO - Started process 32980 to run task
[2026-01-17T13:20:12.702+0000] {standard_task_runner.py:87} INFO - Running: ['***', 'tasks', 'run', 'ModelDevelop', 'get_data', 'scheduled__2026-01-12T12:00:00+00:00', '--job-id', '495', '--raw', '--subdir', 'DAGS_FOLDER/example.py', '--cfg-path', '/tmp/tmpo6epqn2x']
[2026-01-17T13:20:12.703+0000] {standard_task_runner.py:88} INFO - Job 495: Subtask get_data
[2026-01-17T13:20:12.752+0000] {warnings.py:109} WARNING - /home/***/.local/lib/python3.9/site-packages/***/settings.py:194: DeprecationWarning: The sql_alchemy_conn option in [core] has been moved to the sql_alchemy_conn option in [database] - the old setting has been used, but please update your config.
  SQL_ALCHEMY_CONN = conf.get("database", "SQL_ALCHEMY_CONN")

[2026-01-17T13:20:12.781+0000] {task_command.py:423} INFO - Running <TaskInstance: ModelDevelop.get_data scheduled__2026-01-12T12:00:00+00:00 [running]> on host ed3184b6b543
[2026-01-17T13:20:12.848+0000] {taskinstance.py:2513} INFO - Exporting env vars: AIRFLOW_CTX_DAG_OWNER='***' AIRFLOW_CTX_DAG_ID='ModelDevelop' AIRFLOW_CTX_TASK_ID='get_data' AIRFLOW_CTX_EXECUTION_DATE='2026-01-12T12:00:00+00:00' AIRFLOW_CTX_TRY_NUMBER='1' AIRFLOW_CTX_DAG_RUN_ID='scheduled__2026-01-12T12:00:00+00:00'
[2026-01-17T13:20:12.860+0000] {python.py:202} INFO - Done. Returned value was: ./iris.csv
[2026-01-17T13:20:12.876+0000] {taskinstance.py:1149} INFO - Marking task as SUCCESS. dag_id=ModelDevelop, task_id=get_data, execution_date=20260112T120000, start_date=20260117T132012, end_date=20260117T132012
[2026-01-17T13:20:12.944+0000] {local_task_job_runner.py:234} INFO - Task exited with return code 0
[2026-01-17T13:20:12.965+0000] {taskinstance.py:3312} INFO - 1 downstream tasks scheduled from follow-on schedule check
[2026-01-17T13:41:45.844+0000] {taskinstance.py:1979} INFO - Dependencies all met for dep_context=non-requeueable deps ti=<TaskInstance: ModelDevelop.get_data scheduled__2026-01-12T12:00:00+00:00 [queued]>
[2026-01-17T13:41:45.849+0000] {taskinstance.py:1979} INFO - Dependencies all met for dep_context=requeueable deps ti=<TaskInstance: ModelDevelop.get_data scheduled__2026-01-12T12:00:00+00:00 [queued]>
[2026-01-17T13:41:45.849+0000] {taskinstance.py:2193} INFO - Starting attempt 1 of 2
[2026-01-17T13:41:45.858+0000] {taskinstance.py:2217} INFO - Executing <Task(PythonOperator): get_data> on 2026-01-12 12:00:00+00:00
[2026-01-17T13:41:45.868+0000] {standard_task_runner.py:60} INFO - Started process 33509 to run task
[2026-01-17T13:41:45.870+0000] {standard_task_runner.py:87} INFO - Running: ['***', 'tasks', 'run', 'ModelDevelop', 'get_data', 'scheduled__2026-01-12T12:00:00+00:00', '--job-id', '500', '--raw', '--subdir', 'DAGS_FOLDER/example.py', '--cfg-path', '/tmp/tmpnff1jajx']
[2026-01-17T13:41:45.871+0000] {standard_task_runner.py:88} INFO - Job 500: Subtask get_data
[2026-01-17T13:41:45.881+0000] {warnings.py:109} WARNING - /home/***/.local/lib/python3.9/site-packages/***/settings.py:194: DeprecationWarning: The sql_alchemy_conn option in [core] has been moved to the sql_alchemy_conn option in [database] - the old setting has been used, but please update your config.
  SQL_ALCHEMY_CONN = conf.get("database", "SQL_ALCHEMY_CONN")

[2026-01-17T13:41:45.913+0000] {task_command.py:423} INFO - Running <TaskInstance: ModelDevelop.get_data scheduled__2026-01-12T12:00:00+00:00 [running]> on host 5330652dc216
[2026-01-17T13:41:45.965+0000] {taskinstance.py:2513} INFO - Exporting env vars: AIRFLOW_CTX_DAG_OWNER='***' AIRFLOW_CTX_DAG_ID='ModelDevelop' AIRFLOW_CTX_TASK_ID='get_data' AIRFLOW_CTX_EXECUTION_DATE='2026-01-12T12:00:00+00:00' AIRFLOW_CTX_TRY_NUMBER='1' AIRFLOW_CTX_DAG_RUN_ID='scheduled__2026-01-12T12:00:00+00:00'
[2026-01-17T13:41:45.975+0000] {python.py:202} INFO - Done. Returned value was: ./iris.csv
[2026-01-17T13:41:45.990+0000] {taskinstance.py:1149} INFO - Marking task as SUCCESS. dag_id=ModelDevelop, task_id=get_data, execution_date=20260112T120000, start_date=20260117T134145, end_date=20260117T134145
[2026-01-17T13:41:46.043+0000] {local_task_job_runner.py:234} INFO - Task exited with return code 0
[2026-01-17T13:41:46.071+0000] {taskinstance.py:3312} INFO - 1 downstream tasks scheduled from follow-on schedule check
