[2026-01-16T07:57:29.835+0000] {taskinstance.py:1979} INFO - Dependencies all met for dep_context=non-requeueable deps ti=<TaskInstance: ModelDevelop.get_data scheduled__2026-01-16T04:00:00+00:00 [queued]>
[2026-01-16T07:57:29.839+0000] {taskinstance.py:1979} INFO - Dependencies all met for dep_context=requeueable deps ti=<TaskInstance: ModelDevelop.get_data scheduled__2026-01-16T04:00:00+00:00 [queued]>
[2026-01-16T07:57:29.839+0000] {taskinstance.py:2193} INFO - Starting attempt 1 of 2
[2026-01-16T07:57:29.846+0000] {taskinstance.py:2217} INFO - Executing <Task(PythonOperator): get_data> on 2026-01-16 04:00:00+00:00
[2026-01-16T07:57:29.852+0000] {standard_task_runner.py:60} INFO - Started process 45332 to run task
[2026-01-16T07:57:29.854+0000] {standard_task_runner.py:87} INFO - Running: ['***', 'tasks', 'run', 'ModelDevelop', 'get_data', 'scheduled__2026-01-16T04:00:00+00:00', '--job-id', '678', '--raw', '--subdir', 'DAGS_FOLDER/example.py', '--cfg-path', '/tmp/tmpqhp5eajd']
[2026-01-16T07:57:29.855+0000] {standard_task_runner.py:88} INFO - Job 678: Subtask get_data
[2026-01-16T07:57:29.862+0000] {warnings.py:109} WARNING - /home/***/.local/lib/python3.9/site-packages/***/settings.py:194: DeprecationWarning: The sql_alchemy_conn option in [core] has been moved to the sql_alchemy_conn option in [database] - the old setting has been used, but please update your config.
  SQL_ALCHEMY_CONN = conf.get("database", "SQL_ALCHEMY_CONN")

[2026-01-16T07:57:29.885+0000] {task_command.py:423} INFO - Running <TaskInstance: ModelDevelop.get_data scheduled__2026-01-16T04:00:00+00:00 [running]> on host 8a4f043652f0
[2026-01-16T07:57:29.932+0000] {taskinstance.py:2513} INFO - Exporting env vars: AIRFLOW_CTX_DAG_OWNER='***' AIRFLOW_CTX_DAG_ID='ModelDevelop' AIRFLOW_CTX_TASK_ID='get_data' AIRFLOW_CTX_EXECUTION_DATE='2026-01-16T04:00:00+00:00' AIRFLOW_CTX_TRY_NUMBER='1' AIRFLOW_CTX_DAG_RUN_ID='scheduled__2026-01-16T04:00:00+00:00'
[2026-01-16T07:57:29.940+0000] {python.py:202} INFO - Done. Returned value was: ./iris.csv
[2026-01-16T07:57:29.952+0000] {taskinstance.py:1149} INFO - Marking task as SUCCESS. dag_id=ModelDevelop, task_id=get_data, execution_date=20260116T040000, start_date=20260116T075729, end_date=20260116T075729
[2026-01-16T07:57:29.986+0000] {local_task_job_runner.py:234} INFO - Task exited with return code 0
[2026-01-16T07:57:30.001+0000] {taskinstance.py:3312} INFO - 1 downstream tasks scheduled from follow-on schedule check
[2026-01-17T13:21:10.828+0000] {taskinstance.py:1979} INFO - Dependencies all met for dep_context=non-requeueable deps ti=<TaskInstance: ModelDevelop.get_data scheduled__2026-01-16T04:00:00+00:00 [queued]>
[2026-01-17T13:21:10.835+0000] {taskinstance.py:1979} INFO - Dependencies all met for dep_context=requeueable deps ti=<TaskInstance: ModelDevelop.get_data scheduled__2026-01-16T04:00:00+00:00 [queued]>
[2026-01-17T13:21:10.836+0000] {taskinstance.py:2193} INFO - Starting attempt 1 of 2
[2026-01-17T13:21:10.864+0000] {taskinstance.py:2217} INFO - Executing <Task(PythonOperator): get_data> on 2026-01-16 04:00:00+00:00
[2026-01-17T13:21:10.872+0000] {standard_task_runner.py:60} INFO - Started process 45634 to run task
[2026-01-17T13:21:10.887+0000] {standard_task_runner.py:87} INFO - Running: ['***', 'tasks', 'run', 'ModelDevelop', 'get_data', 'scheduled__2026-01-16T04:00:00+00:00', '--job-id', '679', '--raw', '--subdir', 'DAGS_FOLDER/example.py', '--cfg-path', '/tmp/tmpy6kyewdd']
[2026-01-17T13:21:10.888+0000] {standard_task_runner.py:88} INFO - Job 679: Subtask get_data
[2026-01-17T13:21:10.914+0000] {warnings.py:109} WARNING - /home/***/.local/lib/python3.9/site-packages/***/settings.py:194: DeprecationWarning: The sql_alchemy_conn option in [core] has been moved to the sql_alchemy_conn option in [database] - the old setting has been used, but please update your config.
  SQL_ALCHEMY_CONN = conf.get("database", "SQL_ALCHEMY_CONN")

[2026-01-17T13:21:10.942+0000] {task_command.py:423} INFO - Running <TaskInstance: ModelDevelop.get_data scheduled__2026-01-16T04:00:00+00:00 [running]> on host ed3184b6b543
[2026-01-17T13:21:11.050+0000] {taskinstance.py:2513} INFO - Exporting env vars: AIRFLOW_CTX_DAG_OWNER='***' AIRFLOW_CTX_DAG_ID='ModelDevelop' AIRFLOW_CTX_TASK_ID='get_data' AIRFLOW_CTX_EXECUTION_DATE='2026-01-16T04:00:00+00:00' AIRFLOW_CTX_TRY_NUMBER='1' AIRFLOW_CTX_DAG_RUN_ID='scheduled__2026-01-16T04:00:00+00:00'
[2026-01-17T13:21:11.063+0000] {python.py:202} INFO - Done. Returned value was: ./iris.csv
[2026-01-17T13:21:11.080+0000] {taskinstance.py:1149} INFO - Marking task as SUCCESS. dag_id=ModelDevelop, task_id=get_data, execution_date=20260116T040000, start_date=20260117T132110, end_date=20260117T132111
[2026-01-17T13:21:11.135+0000] {local_task_job_runner.py:234} INFO - Task exited with return code 0
[2026-01-17T13:21:11.191+0000] {taskinstance.py:3312} INFO - 0 downstream tasks scheduled from follow-on schedule check
[2026-01-17T13:42:38.344+0000] {taskinstance.py:1979} INFO - Dependencies all met for dep_context=non-requeueable deps ti=<TaskInstance: ModelDevelop.get_data scheduled__2026-01-16T04:00:00+00:00 [queued]>
[2026-01-17T13:42:38.349+0000] {taskinstance.py:1979} INFO - Dependencies all met for dep_context=requeueable deps ti=<TaskInstance: ModelDevelop.get_data scheduled__2026-01-16T04:00:00+00:00 [queued]>
[2026-01-17T13:42:38.349+0000] {taskinstance.py:2193} INFO - Starting attempt 1 of 2
[2026-01-17T13:42:38.357+0000] {taskinstance.py:2217} INFO - Executing <Task(PythonOperator): get_data> on 2026-01-16 04:00:00+00:00
[2026-01-17T13:42:38.364+0000] {standard_task_runner.py:60} INFO - Started process 44605 to run task
[2026-01-17T13:42:38.366+0000] {standard_task_runner.py:87} INFO - Running: ['***', 'tasks', 'run', 'ModelDevelop', 'get_data', 'scheduled__2026-01-16T04:00:00+00:00', '--job-id', '669', '--raw', '--subdir', 'DAGS_FOLDER/example.py', '--cfg-path', '/tmp/tmp1pzmi0tf']
[2026-01-17T13:42:38.367+0000] {standard_task_runner.py:88} INFO - Job 669: Subtask get_data
[2026-01-17T13:42:38.375+0000] {warnings.py:109} WARNING - /home/***/.local/lib/python3.9/site-packages/***/settings.py:194: DeprecationWarning: The sql_alchemy_conn option in [core] has been moved to the sql_alchemy_conn option in [database] - the old setting has been used, but please update your config.
  SQL_ALCHEMY_CONN = conf.get("database", "SQL_ALCHEMY_CONN")

[2026-01-17T13:42:38.401+0000] {task_command.py:423} INFO - Running <TaskInstance: ModelDevelop.get_data scheduled__2026-01-16T04:00:00+00:00 [running]> on host 5330652dc216
[2026-01-17T13:42:38.508+0000] {taskinstance.py:2513} INFO - Exporting env vars: AIRFLOW_CTX_DAG_OWNER='***' AIRFLOW_CTX_DAG_ID='ModelDevelop' AIRFLOW_CTX_TASK_ID='get_data' AIRFLOW_CTX_EXECUTION_DATE='2026-01-16T04:00:00+00:00' AIRFLOW_CTX_TRY_NUMBER='1' AIRFLOW_CTX_DAG_RUN_ID='scheduled__2026-01-16T04:00:00+00:00'
[2026-01-17T13:42:38.519+0000] {python.py:202} INFO - Done. Returned value was: ./iris.csv
[2026-01-17T13:42:38.544+0000] {taskinstance.py:1149} INFO - Marking task as SUCCESS. dag_id=ModelDevelop, task_id=get_data, execution_date=20260116T040000, start_date=20260117T134238, end_date=20260117T134238
[2026-01-17T13:42:38.578+0000] {local_task_job_runner.py:234} INFO - Task exited with return code 0
[2026-01-17T13:42:38.598+0000] {taskinstance.py:3312} INFO - 1 downstream tasks scheduled from follow-on schedule check
