[2026-01-16T07:54:55.810+0000] {taskinstance.py:1979} INFO - Dependencies all met for dep_context=non-requeueable deps ti=<TaskInstance: ModelDevelop.get_data scheduled__2026-01-06T01:00:00+00:00 [queued]>
[2026-01-16T07:54:55.815+0000] {taskinstance.py:1979} INFO - Dependencies all met for dep_context=requeueable deps ti=<TaskInstance: ModelDevelop.get_data scheduled__2026-01-06T01:00:00+00:00 [queued]>
[2026-01-16T07:54:55.815+0000] {taskinstance.py:2193} INFO - Starting attempt 1 of 2
[2026-01-16T07:54:55.866+0000] {taskinstance.py:2217} INFO - Executing <Task(PythonOperator): get_data> on 2026-01-06 01:00:00+00:00
[2026-01-16T07:54:55.875+0000] {standard_task_runner.py:60} INFO - Started process 13305 to run task
[2026-01-16T07:54:55.878+0000] {standard_task_runner.py:87} INFO - Running: ['***', 'tasks', 'run', 'ModelDevelop', 'get_data', 'scheduled__2026-01-06T01:00:00+00:00', '--job-id', '194', '--raw', '--subdir', 'DAGS_FOLDER/example.py', '--cfg-path', '/tmp/tmpkhrj9k8r']
[2026-01-16T07:54:55.878+0000] {standard_task_runner.py:88} INFO - Job 194: Subtask get_data
[2026-01-16T07:54:55.891+0000] {warnings.py:109} WARNING - /home/***/.local/lib/python3.9/site-packages/***/settings.py:194: DeprecationWarning: The sql_alchemy_conn option in [core] has been moved to the sql_alchemy_conn option in [database] - the old setting has been used, but please update your config.
  SQL_ALCHEMY_CONN = conf.get("database", "SQL_ALCHEMY_CONN")

[2026-01-16T07:54:55.919+0000] {task_command.py:423} INFO - Running <TaskInstance: ModelDevelop.get_data scheduled__2026-01-06T01:00:00+00:00 [running]> on host 8a4f043652f0
[2026-01-16T07:54:55.985+0000] {taskinstance.py:2513} INFO - Exporting env vars: AIRFLOW_CTX_DAG_OWNER='***' AIRFLOW_CTX_DAG_ID='ModelDevelop' AIRFLOW_CTX_TASK_ID='get_data' AIRFLOW_CTX_EXECUTION_DATE='2026-01-06T01:00:00+00:00' AIRFLOW_CTX_TRY_NUMBER='1' AIRFLOW_CTX_DAG_RUN_ID='scheduled__2026-01-06T01:00:00+00:00'
[2026-01-16T07:54:55.996+0000] {python.py:202} INFO - Done. Returned value was: ./iris.csv
[2026-01-16T07:54:56.012+0000] {taskinstance.py:1149} INFO - Marking task as SUCCESS. dag_id=ModelDevelop, task_id=get_data, execution_date=20260106T010000, start_date=20260116T075455, end_date=20260116T075456
[2026-01-16T07:54:56.052+0000] {local_task_job_runner.py:234} INFO - Task exited with return code 0
[2026-01-16T07:54:56.072+0000] {taskinstance.py:3312} INFO - 1 downstream tasks scheduled from follow-on schedule check
[2026-01-17T13:18:29.882+0000] {taskinstance.py:1979} INFO - Dependencies all met for dep_context=non-requeueable deps ti=<TaskInstance: ModelDevelop.get_data scheduled__2026-01-06T01:00:00+00:00 [queued]>
[2026-01-17T13:18:29.920+0000] {taskinstance.py:1979} INFO - Dependencies all met for dep_context=requeueable deps ti=<TaskInstance: ModelDevelop.get_data scheduled__2026-01-06T01:00:00+00:00 [queued]>
[2026-01-17T13:18:29.920+0000] {taskinstance.py:2193} INFO - Starting attempt 1 of 2
[2026-01-17T13:18:29.932+0000] {taskinstance.py:2217} INFO - Executing <Task(PythonOperator): get_data> on 2026-01-06 01:00:00+00:00
[2026-01-17T13:18:29.945+0000] {standard_task_runner.py:60} INFO - Started process 13303 to run task
[2026-01-17T13:18:29.956+0000] {standard_task_runner.py:87} INFO - Running: ['***', 'tasks', 'run', 'ModelDevelop', 'get_data', 'scheduled__2026-01-06T01:00:00+00:00', '--job-id', '195', '--raw', '--subdir', 'DAGS_FOLDER/example.py', '--cfg-path', '/tmp/tmpgnelf3vo']
[2026-01-17T13:18:29.957+0000] {standard_task_runner.py:88} INFO - Job 195: Subtask get_data
[2026-01-17T13:18:29.975+0000] {warnings.py:109} WARNING - /home/***/.local/lib/python3.9/site-packages/***/settings.py:194: DeprecationWarning: The sql_alchemy_conn option in [core] has been moved to the sql_alchemy_conn option in [database] - the old setting has been used, but please update your config.
  SQL_ALCHEMY_CONN = conf.get("database", "SQL_ALCHEMY_CONN")

[2026-01-17T13:18:30.001+0000] {task_command.py:423} INFO - Running <TaskInstance: ModelDevelop.get_data scheduled__2026-01-06T01:00:00+00:00 [running]> on host ed3184b6b543
[2026-01-17T13:18:30.060+0000] {taskinstance.py:2513} INFO - Exporting env vars: AIRFLOW_CTX_DAG_OWNER='***' AIRFLOW_CTX_DAG_ID='ModelDevelop' AIRFLOW_CTX_TASK_ID='get_data' AIRFLOW_CTX_EXECUTION_DATE='2026-01-06T01:00:00+00:00' AIRFLOW_CTX_TRY_NUMBER='1' AIRFLOW_CTX_DAG_RUN_ID='scheduled__2026-01-06T01:00:00+00:00'
[2026-01-17T13:18:30.071+0000] {python.py:202} INFO - Done. Returned value was: ./iris.csv
[2026-01-17T13:18:30.134+0000] {taskinstance.py:1149} INFO - Marking task as SUCCESS. dag_id=ModelDevelop, task_id=get_data, execution_date=20260106T010000, start_date=20260117T131829, end_date=20260117T131830
[2026-01-17T13:18:30.161+0000] {local_task_job_runner.py:234} INFO - Task exited with return code 0
[2026-01-17T13:18:30.178+0000] {taskinstance.py:3312} INFO - 1 downstream tasks scheduled from follow-on schedule check
[2026-01-17T13:39:52.274+0000] {taskinstance.py:1979} INFO - Dependencies all met for dep_context=non-requeueable deps ti=<TaskInstance: ModelDevelop.get_data scheduled__2026-01-06T01:00:00+00:00 [queued]>
[2026-01-17T13:39:52.278+0000] {taskinstance.py:1979} INFO - Dependencies all met for dep_context=requeueable deps ti=<TaskInstance: ModelDevelop.get_data scheduled__2026-01-06T01:00:00+00:00 [queued]>
[2026-01-17T13:39:52.278+0000] {taskinstance.py:2193} INFO - Starting attempt 1 of 2
[2026-01-17T13:39:52.338+0000] {taskinstance.py:2217} INFO - Executing <Task(PythonOperator): get_data> on 2026-01-06 01:00:00+00:00
[2026-01-17T13:39:52.346+0000] {standard_task_runner.py:60} INFO - Started process 13306 to run task
[2026-01-17T13:39:52.356+0000] {standard_task_runner.py:87} INFO - Running: ['***', 'tasks', 'run', 'ModelDevelop', 'get_data', 'scheduled__2026-01-06T01:00:00+00:00', '--job-id', '195', '--raw', '--subdir', 'DAGS_FOLDER/example.py', '--cfg-path', '/tmp/tmp8hvxefnv']
[2026-01-17T13:39:52.357+0000] {standard_task_runner.py:88} INFO - Job 195: Subtask get_data
[2026-01-17T13:39:52.369+0000] {warnings.py:109} WARNING - /home/***/.local/lib/python3.9/site-packages/***/settings.py:194: DeprecationWarning: The sql_alchemy_conn option in [core] has been moved to the sql_alchemy_conn option in [database] - the old setting has been used, but please update your config.
  SQL_ALCHEMY_CONN = conf.get("database", "SQL_ALCHEMY_CONN")

[2026-01-17T13:39:52.394+0000] {task_command.py:423} INFO - Running <TaskInstance: ModelDevelop.get_data scheduled__2026-01-06T01:00:00+00:00 [running]> on host 5330652dc216
[2026-01-17T13:39:52.493+0000] {taskinstance.py:2513} INFO - Exporting env vars: AIRFLOW_CTX_DAG_OWNER='***' AIRFLOW_CTX_DAG_ID='ModelDevelop' AIRFLOW_CTX_TASK_ID='get_data' AIRFLOW_CTX_EXECUTION_DATE='2026-01-06T01:00:00+00:00' AIRFLOW_CTX_TRY_NUMBER='1' AIRFLOW_CTX_DAG_RUN_ID='scheduled__2026-01-06T01:00:00+00:00'
[2026-01-17T13:39:52.502+0000] {python.py:202} INFO - Done. Returned value was: ./iris.csv
[2026-01-17T13:39:52.521+0000] {taskinstance.py:1149} INFO - Marking task as SUCCESS. dag_id=ModelDevelop, task_id=get_data, execution_date=20260106T010000, start_date=20260117T133952, end_date=20260117T133952
[2026-01-17T13:39:52.564+0000] {local_task_job_runner.py:234} INFO - Task exited with return code 0
[2026-01-17T13:39:52.616+0000] {taskinstance.py:3312} INFO - 0 downstream tasks scheduled from follow-on schedule check
