[2026-01-17T15:31:13.185+0000] {taskinstance.py:1979} INFO - Dependencies all met for dep_context=non-requeueable deps ti=<TaskInstance: ExampleDAG.get_data scheduled__2026-01-17T14:00:00+00:00 [queued]>
[2026-01-17T15:31:13.189+0000] {taskinstance.py:1979} INFO - Dependencies all met for dep_context=requeueable deps ti=<TaskInstance: ExampleDAG.get_data scheduled__2026-01-17T14:00:00+00:00 [queued]>
[2026-01-17T15:31:13.189+0000] {taskinstance.py:2193} INFO - Starting attempt 1 of 2
[2026-01-17T15:31:13.195+0000] {taskinstance.py:2217} INFO - Executing <Task(PythonOperator): get_data> on 2026-01-17 14:00:00+00:00
[2026-01-17T15:31:13.201+0000] {standard_task_runner.py:60} INFO - Started process 36554 to run task
[2026-01-17T15:31:13.203+0000] {standard_task_runner.py:87} INFO - Running: ['***', 'tasks', 'run', 'ExampleDAG', 'get_data', 'scheduled__2026-01-17T14:00:00+00:00', '--job-id', '546', '--raw', '--subdir', 'DAGS_FOLDER/example.py', '--cfg-path', '/tmp/tmp3_mm8vpq']
[2026-01-17T15:31:13.204+0000] {standard_task_runner.py:88} INFO - Job 546: Subtask get_data
[2026-01-17T15:31:13.212+0000] {warnings.py:109} WARNING - /home/***/.local/lib/python3.9/site-packages/***/settings.py:194: DeprecationWarning: The sql_alchemy_conn option in [core] has been moved to the sql_alchemy_conn option in [database] - the old setting has been used, but please update your config.
  SQL_ALCHEMY_CONN = conf.get("database", "SQL_ALCHEMY_CONN")

[2026-01-17T15:31:13.236+0000] {task_command.py:423} INFO - Running <TaskInstance: ExampleDAG.get_data scheduled__2026-01-17T14:00:00+00:00 [running]> on host 2d986e2c5e96
[2026-01-17T15:31:13.280+0000] {taskinstance.py:2513} INFO - Exporting env vars: AIRFLOW_CTX_DAG_OWNER='***' AIRFLOW_CTX_DAG_ID='ExampleDAG' AIRFLOW_CTX_TASK_ID='get_data' AIRFLOW_CTX_EXECUTION_DATE='2026-01-17T14:00:00+00:00' AIRFLOW_CTX_TRY_NUMBER='1' AIRFLOW_CTX_DAG_RUN_ID='scheduled__2026-01-17T14:00:00+00:00'
[2026-01-17T15:31:13.288+0000] {python.py:202} INFO - Done. Returned value was: ./iris.csv
[2026-01-17T15:31:13.300+0000] {taskinstance.py:1149} INFO - Marking task as SUCCESS. dag_id=ExampleDAG, task_id=get_data, execution_date=20260117T140000, start_date=20260117T153113, end_date=20260117T153113
[2026-01-17T15:31:13.335+0000] {local_task_job_runner.py:234} INFO - Task exited with return code 0
[2026-01-17T15:31:13.350+0000] {taskinstance.py:3312} INFO - 1 downstream tasks scheduled from follow-on schedule check
[2026-01-17T15:36:13.292+0000] {taskinstance.py:1979} INFO - Dependencies all met for dep_context=non-requeueable deps ti=<TaskInstance: ExampleDAG.get_data scheduled__2026-01-17T14:00:00+00:00 [queued]>
[2026-01-17T15:36:13.296+0000] {taskinstance.py:1979} INFO - Dependencies all met for dep_context=requeueable deps ti=<TaskInstance: ExampleDAG.get_data scheduled__2026-01-17T14:00:00+00:00 [queued]>
[2026-01-17T15:36:13.297+0000] {taskinstance.py:2193} INFO - Starting attempt 1 of 2
[2026-01-17T15:36:13.302+0000] {taskinstance.py:2217} INFO - Executing <Task(PythonOperator): get_data> on 2026-01-17 14:00:00+00:00
[2026-01-17T15:36:13.308+0000] {standard_task_runner.py:60} INFO - Started process 140 to run task
[2026-01-17T15:36:13.310+0000] {standard_task_runner.py:87} INFO - Running: ['***', 'tasks', 'run', 'ExampleDAG', 'get_data', 'scheduled__2026-01-17T14:00:00+00:00', '--job-id', '3', '--raw', '--subdir', 'DAGS_FOLDER/example.py', '--cfg-path', '/tmp/tmpobdo0pdl']
[2026-01-17T15:36:13.311+0000] {standard_task_runner.py:88} INFO - Job 3: Subtask get_data
[2026-01-17T15:36:13.318+0000] {warnings.py:109} WARNING - /home/***/.local/lib/python3.9/site-packages/***/settings.py:194: DeprecationWarning: The sql_alchemy_conn option in [core] has been moved to the sql_alchemy_conn option in [database] - the old setting has been used, but please update your config.
  SQL_ALCHEMY_CONN = conf.get("database", "SQL_ALCHEMY_CONN")

[2026-01-17T15:36:13.339+0000] {task_command.py:423} INFO - Running <TaskInstance: ExampleDAG.get_data scheduled__2026-01-17T14:00:00+00:00 [running]> on host 5d4013ab3b17
[2026-01-17T15:36:13.380+0000] {taskinstance.py:2513} INFO - Exporting env vars: AIRFLOW_CTX_DAG_OWNER='***' AIRFLOW_CTX_DAG_ID='ExampleDAG' AIRFLOW_CTX_TASK_ID='get_data' AIRFLOW_CTX_EXECUTION_DATE='2026-01-17T14:00:00+00:00' AIRFLOW_CTX_TRY_NUMBER='1' AIRFLOW_CTX_DAG_RUN_ID='scheduled__2026-01-17T14:00:00+00:00'
[2026-01-17T15:36:13.387+0000] {python.py:202} INFO - Done. Returned value was: ./iris.csv
[2026-01-17T15:36:13.399+0000] {taskinstance.py:1149} INFO - Marking task as SUCCESS. dag_id=ExampleDAG, task_id=get_data, execution_date=20260117T140000, start_date=20260117T153613, end_date=20260117T153613
[2026-01-17T15:36:13.442+0000] {local_task_job_runner.py:234} INFO - Task exited with return code 0
[2026-01-17T15:36:13.452+0000] {taskinstance.py:3312} INFO - 0 downstream tasks scheduled from follow-on schedule check
[2026-01-17T15:40:46.609+0000] {taskinstance.py:1979} INFO - Dependencies all met for dep_context=non-requeueable deps ti=<TaskInstance: ExampleDAG.get_data scheduled__2026-01-17T14:00:00+00:00 [queued]>
[2026-01-17T15:40:46.613+0000] {taskinstance.py:1979} INFO - Dependencies all met for dep_context=requeueable deps ti=<TaskInstance: ExampleDAG.get_data scheduled__2026-01-17T14:00:00+00:00 [queued]>
[2026-01-17T15:40:46.613+0000] {taskinstance.py:2193} INFO - Starting attempt 1 of 2
[2026-01-17T15:40:46.619+0000] {taskinstance.py:2217} INFO - Executing <Task(PythonOperator): get_data> on 2026-01-17 14:00:00+00:00
[2026-01-17T15:40:46.625+0000] {standard_task_runner.py:60} INFO - Started process 140 to run task
[2026-01-17T15:40:46.627+0000] {standard_task_runner.py:87} INFO - Running: ['***', 'tasks', 'run', 'ExampleDAG', 'get_data', 'scheduled__2026-01-17T14:00:00+00:00', '--job-id', '3', '--raw', '--subdir', 'DAGS_FOLDER/example.py', '--cfg-path', '/tmp/tmpdjxwm_4q']
[2026-01-17T15:40:46.627+0000] {standard_task_runner.py:88} INFO - Job 3: Subtask get_data
[2026-01-17T15:40:46.635+0000] {warnings.py:109} WARNING - /home/***/.local/lib/python3.9/site-packages/***/settings.py:194: DeprecationWarning: The sql_alchemy_conn option in [core] has been moved to the sql_alchemy_conn option in [database] - the old setting has been used, but please update your config.
  SQL_ALCHEMY_CONN = conf.get("database", "SQL_ALCHEMY_CONN")

[2026-01-17T15:40:46.656+0000] {task_command.py:423} INFO - Running <TaskInstance: ExampleDAG.get_data scheduled__2026-01-17T14:00:00+00:00 [running]> on host 3fb748f3582f
[2026-01-17T15:40:46.696+0000] {taskinstance.py:2513} INFO - Exporting env vars: AIRFLOW_CTX_DAG_OWNER='***' AIRFLOW_CTX_DAG_ID='ExampleDAG' AIRFLOW_CTX_TASK_ID='get_data' AIRFLOW_CTX_EXECUTION_DATE='2026-01-17T14:00:00+00:00' AIRFLOW_CTX_TRY_NUMBER='1' AIRFLOW_CTX_DAG_RUN_ID='scheduled__2026-01-17T14:00:00+00:00'
[2026-01-17T15:40:46.704+0000] {python.py:202} INFO - Done. Returned value was: ./iris.csv
[2026-01-17T15:40:46.716+0000] {taskinstance.py:1149} INFO - Marking task as SUCCESS. dag_id=ExampleDAG, task_id=get_data, execution_date=20260117T140000, start_date=20260117T154046, end_date=20260117T154046
[2026-01-17T15:40:46.758+0000] {local_task_job_runner.py:234} INFO - Task exited with return code 0
[2026-01-17T15:40:46.771+0000] {taskinstance.py:3312} INFO - 1 downstream tasks scheduled from follow-on schedule check
