[2026-01-16T07:56:18.413+0000] {taskinstance.py:1979} INFO - Dependencies all met for dep_context=non-requeueable deps ti=<TaskInstance: ModelDevelop.get_data scheduled__2026-01-11T17:00:00+00:00 [queued]>
[2026-01-16T07:56:18.419+0000] {taskinstance.py:1979} INFO - Dependencies all met for dep_context=requeueable deps ti=<TaskInstance: ModelDevelop.get_data scheduled__2026-01-11T17:00:00+00:00 [queued]>
[2026-01-16T07:56:18.419+0000] {taskinstance.py:2193} INFO - Starting attempt 1 of 2
[2026-01-16T07:56:18.428+0000] {taskinstance.py:2217} INFO - Executing <Task(PythonOperator): get_data> on 2026-01-11 17:00:00+00:00
[2026-01-16T07:56:18.438+0000] {standard_task_runner.py:60} INFO - Started process 30634 to run task
[2026-01-16T07:56:18.441+0000] {standard_task_runner.py:87} INFO - Running: ['***', 'tasks', 'run', 'ModelDevelop', 'get_data', 'scheduled__2026-01-11T17:00:00+00:00', '--job-id', '459', '--raw', '--subdir', 'DAGS_FOLDER/example.py', '--cfg-path', '/tmp/tmpvienfz4r']
[2026-01-16T07:56:18.442+0000] {standard_task_runner.py:88} INFO - Job 459: Subtask get_data
[2026-01-16T07:56:18.452+0000] {warnings.py:109} WARNING - /home/***/.local/lib/python3.9/site-packages/***/settings.py:194: DeprecationWarning: The sql_alchemy_conn option in [core] has been moved to the sql_alchemy_conn option in [database] - the old setting has been used, but please update your config.
  SQL_ALCHEMY_CONN = conf.get("database", "SQL_ALCHEMY_CONN")

[2026-01-16T07:56:18.483+0000] {task_command.py:423} INFO - Running <TaskInstance: ModelDevelop.get_data scheduled__2026-01-11T17:00:00+00:00 [running]> on host 8a4f043652f0
[2026-01-16T07:56:18.606+0000] {taskinstance.py:2513} INFO - Exporting env vars: AIRFLOW_CTX_DAG_OWNER='***' AIRFLOW_CTX_DAG_ID='ModelDevelop' AIRFLOW_CTX_TASK_ID='get_data' AIRFLOW_CTX_EXECUTION_DATE='2026-01-11T17:00:00+00:00' AIRFLOW_CTX_TRY_NUMBER='1' AIRFLOW_CTX_DAG_RUN_ID='scheduled__2026-01-11T17:00:00+00:00'
[2026-01-16T07:56:18.615+0000] {python.py:202} INFO - Done. Returned value was: ./iris.csv
[2026-01-16T07:56:18.666+0000] {taskinstance.py:1149} INFO - Marking task as SUCCESS. dag_id=ModelDevelop, task_id=get_data, execution_date=20260111T170000, start_date=20260116T075618, end_date=20260116T075618
[2026-01-16T07:56:18.692+0000] {local_task_job_runner.py:234} INFO - Task exited with return code 0
[2026-01-16T07:56:18.711+0000] {taskinstance.py:3312} INFO - 1 downstream tasks scheduled from follow-on schedule check
[2026-01-17T13:20:00.928+0000] {taskinstance.py:1979} INFO - Dependencies all met for dep_context=non-requeueable deps ti=<TaskInstance: ModelDevelop.get_data scheduled__2026-01-11T17:00:00+00:00 [queued]>
[2026-01-17T13:20:00.935+0000] {taskinstance.py:1979} INFO - Dependencies all met for dep_context=requeueable deps ti=<TaskInstance: ModelDevelop.get_data scheduled__2026-01-11T17:00:00+00:00 [queued]>
[2026-01-17T13:20:00.935+0000] {taskinstance.py:2193} INFO - Starting attempt 1 of 2
[2026-01-17T13:20:00.947+0000] {taskinstance.py:2217} INFO - Executing <Task(PythonOperator): get_data> on 2026-01-11 17:00:00+00:00
[2026-01-17T13:20:00.955+0000] {standard_task_runner.py:60} INFO - Started process 30733 to run task
[2026-01-17T13:20:00.978+0000] {standard_task_runner.py:87} INFO - Running: ['***', 'tasks', 'run', 'ModelDevelop', 'get_data', 'scheduled__2026-01-11T17:00:00+00:00', '--job-id', '460', '--raw', '--subdir', 'DAGS_FOLDER/example.py', '--cfg-path', '/tmp/tmpa8s_7p7l']
[2026-01-17T13:20:00.979+0000] {standard_task_runner.py:88} INFO - Job 460: Subtask get_data
[2026-01-17T13:20:01.005+0000] {warnings.py:109} WARNING - /home/***/.local/lib/python3.9/site-packages/***/settings.py:194: DeprecationWarning: The sql_alchemy_conn option in [core] has been moved to the sql_alchemy_conn option in [database] - the old setting has been used, but please update your config.
  SQL_ALCHEMY_CONN = conf.get("database", "SQL_ALCHEMY_CONN")

[2026-01-17T13:20:01.033+0000] {task_command.py:423} INFO - Running <TaskInstance: ModelDevelop.get_data scheduled__2026-01-11T17:00:00+00:00 [running]> on host ed3184b6b543
[2026-01-17T13:20:01.083+0000] {taskinstance.py:2513} INFO - Exporting env vars: AIRFLOW_CTX_DAG_OWNER='***' AIRFLOW_CTX_DAG_ID='ModelDevelop' AIRFLOW_CTX_TASK_ID='get_data' AIRFLOW_CTX_EXECUTION_DATE='2026-01-11T17:00:00+00:00' AIRFLOW_CTX_TRY_NUMBER='1' AIRFLOW_CTX_DAG_RUN_ID='scheduled__2026-01-11T17:00:00+00:00'
[2026-01-17T13:20:01.092+0000] {python.py:202} INFO - Done. Returned value was: ./iris.csv
[2026-01-17T13:20:01.108+0000] {taskinstance.py:1149} INFO - Marking task as SUCCESS. dag_id=ModelDevelop, task_id=get_data, execution_date=20260111T170000, start_date=20260117T132000, end_date=20260117T132001
[2026-01-17T13:20:01.133+0000] {local_task_job_runner.py:234} INFO - Task exited with return code 0
[2026-01-17T13:20:01.152+0000] {taskinstance.py:3312} INFO - 0 downstream tasks scheduled from follow-on schedule check
[2026-01-17T13:41:32.033+0000] {taskinstance.py:1979} INFO - Dependencies all met for dep_context=non-requeueable deps ti=<TaskInstance: ModelDevelop.get_data scheduled__2026-01-11T17:00:00+00:00 [queued]>
[2026-01-17T13:41:32.038+0000] {taskinstance.py:1979} INFO - Dependencies all met for dep_context=requeueable deps ti=<TaskInstance: ModelDevelop.get_data scheduled__2026-01-11T17:00:00+00:00 [queued]>
[2026-01-17T13:41:32.038+0000] {taskinstance.py:2193} INFO - Starting attempt 1 of 2
[2026-01-17T13:41:32.046+0000] {taskinstance.py:2217} INFO - Executing <Task(PythonOperator): get_data> on 2026-01-11 17:00:00+00:00
[2026-01-17T13:41:32.053+0000] {standard_task_runner.py:60} INFO - Started process 31266 to run task
[2026-01-17T13:41:32.056+0000] {standard_task_runner.py:87} INFO - Running: ['***', 'tasks', 'run', 'ModelDevelop', 'get_data', 'scheduled__2026-01-11T17:00:00+00:00', '--job-id', '465', '--raw', '--subdir', 'DAGS_FOLDER/example.py', '--cfg-path', '/tmp/tmppov8rgth']
[2026-01-17T13:41:32.056+0000] {standard_task_runner.py:88} INFO - Job 465: Subtask get_data
[2026-01-17T13:41:32.066+0000] {warnings.py:109} WARNING - /home/***/.local/lib/python3.9/site-packages/***/settings.py:194: DeprecationWarning: The sql_alchemy_conn option in [core] has been moved to the sql_alchemy_conn option in [database] - the old setting has been used, but please update your config.
  SQL_ALCHEMY_CONN = conf.get("database", "SQL_ALCHEMY_CONN")

[2026-01-17T13:41:32.094+0000] {task_command.py:423} INFO - Running <TaskInstance: ModelDevelop.get_data scheduled__2026-01-11T17:00:00+00:00 [running]> on host 5330652dc216
[2026-01-17T13:41:32.201+0000] {taskinstance.py:2513} INFO - Exporting env vars: AIRFLOW_CTX_DAG_OWNER='***' AIRFLOW_CTX_DAG_ID='ModelDevelop' AIRFLOW_CTX_TASK_ID='get_data' AIRFLOW_CTX_EXECUTION_DATE='2026-01-11T17:00:00+00:00' AIRFLOW_CTX_TRY_NUMBER='1' AIRFLOW_CTX_DAG_RUN_ID='scheduled__2026-01-11T17:00:00+00:00'
[2026-01-17T13:41:32.211+0000] {python.py:202} INFO - Done. Returned value was: ./iris.csv
[2026-01-17T13:41:32.249+0000] {taskinstance.py:1149} INFO - Marking task as SUCCESS. dag_id=ModelDevelop, task_id=get_data, execution_date=20260111T170000, start_date=20260117T134132, end_date=20260117T134132
[2026-01-17T13:41:32.308+0000] {local_task_job_runner.py:234} INFO - Task exited with return code 0
[2026-01-17T13:41:32.324+0000] {taskinstance.py:3312} INFO - 1 downstream tasks scheduled from follow-on schedule check
