[2026-01-16T07:55:39.211+0000] {taskinstance.py:1979} INFO - Dependencies all met for dep_context=non-requeueable deps ti=<TaskInstance: ModelDevelop.get_data scheduled__2026-01-09T07:00:00+00:00 [queued]>
[2026-01-16T07:55:39.218+0000] {taskinstance.py:1979} INFO - Dependencies all met for dep_context=requeueable deps ti=<TaskInstance: ModelDevelop.get_data scheduled__2026-01-09T07:00:00+00:00 [queued]>
[2026-01-16T07:55:39.218+0000] {taskinstance.py:2193} INFO - Starting attempt 1 of 2
[2026-01-16T07:55:39.228+0000] {taskinstance.py:2217} INFO - Executing <Task(PythonOperator): get_data> on 2026-01-09 07:00:00+00:00
[2026-01-16T07:55:39.236+0000] {standard_task_runner.py:60} INFO - Started process 22354 to run task
[2026-01-16T07:55:39.238+0000] {standard_task_runner.py:87} INFO - Running: ['***', 'tasks', 'run', 'ModelDevelop', 'get_data', 'scheduled__2026-01-09T07:00:00+00:00', '--job-id', '338', '--raw', '--subdir', 'DAGS_FOLDER/example.py', '--cfg-path', '/tmp/tmpcnmw291j']
[2026-01-16T07:55:39.239+0000] {standard_task_runner.py:88} INFO - Job 338: Subtask get_data
[2026-01-16T07:55:39.247+0000] {warnings.py:109} WARNING - /home/***/.local/lib/python3.9/site-packages/***/settings.py:194: DeprecationWarning: The sql_alchemy_conn option in [core] has been moved to the sql_alchemy_conn option in [database] - the old setting has been used, but please update your config.
  SQL_ALCHEMY_CONN = conf.get("database", "SQL_ALCHEMY_CONN")

[2026-01-16T07:55:39.271+0000] {task_command.py:423} INFO - Running <TaskInstance: ModelDevelop.get_data scheduled__2026-01-09T07:00:00+00:00 [running]> on host 8a4f043652f0
[2026-01-16T07:55:39.325+0000] {taskinstance.py:2513} INFO - Exporting env vars: AIRFLOW_CTX_DAG_OWNER='***' AIRFLOW_CTX_DAG_ID='ModelDevelop' AIRFLOW_CTX_TASK_ID='get_data' AIRFLOW_CTX_EXECUTION_DATE='2026-01-09T07:00:00+00:00' AIRFLOW_CTX_TRY_NUMBER='1' AIRFLOW_CTX_DAG_RUN_ID='scheduled__2026-01-09T07:00:00+00:00'
[2026-01-16T07:55:39.335+0000] {python.py:202} INFO - Done. Returned value was: ./iris.csv
[2026-01-16T07:55:39.350+0000] {taskinstance.py:1149} INFO - Marking task as SUCCESS. dag_id=ModelDevelop, task_id=get_data, execution_date=20260109T070000, start_date=20260116T075539, end_date=20260116T075539
[2026-01-16T07:55:39.410+0000] {local_task_job_runner.py:234} INFO - Task exited with return code 0
[2026-01-16T07:55:39.427+0000] {taskinstance.py:3312} INFO - 1 downstream tasks scheduled from follow-on schedule check
[2026-01-17T13:19:20.919+0000] {taskinstance.py:1979} INFO - Dependencies all met for dep_context=non-requeueable deps ti=<TaskInstance: ModelDevelop.get_data scheduled__2026-01-09T07:00:00+00:00 [queued]>
[2026-01-17T13:19:20.924+0000] {taskinstance.py:1979} INFO - Dependencies all met for dep_context=requeueable deps ti=<TaskInstance: ModelDevelop.get_data scheduled__2026-01-09T07:00:00+00:00 [queued]>
[2026-01-17T13:19:20.924+0000] {taskinstance.py:2193} INFO - Starting attempt 1 of 2
[2026-01-17T13:19:20.957+0000] {taskinstance.py:2217} INFO - Executing <Task(PythonOperator): get_data> on 2026-01-09 07:00:00+00:00
[2026-01-17T13:19:20.964+0000] {standard_task_runner.py:60} INFO - Started process 22400 to run task
[2026-01-17T13:19:20.966+0000] {standard_task_runner.py:87} INFO - Running: ['***', 'tasks', 'run', 'ModelDevelop', 'get_data', 'scheduled__2026-01-09T07:00:00+00:00', '--job-id', '339', '--raw', '--subdir', 'DAGS_FOLDER/example.py', '--cfg-path', '/tmp/tmp7wvl3ham']
[2026-01-17T13:19:20.967+0000] {standard_task_runner.py:88} INFO - Job 339: Subtask get_data
[2026-01-17T13:19:20.977+0000] {warnings.py:109} WARNING - /home/***/.local/lib/python3.9/site-packages/***/settings.py:194: DeprecationWarning: The sql_alchemy_conn option in [core] has been moved to the sql_alchemy_conn option in [database] - the old setting has been used, but please update your config.
  SQL_ALCHEMY_CONN = conf.get("database", "SQL_ALCHEMY_CONN")

[2026-01-17T13:19:21.054+0000] {task_command.py:423} INFO - Running <TaskInstance: ModelDevelop.get_data scheduled__2026-01-09T07:00:00+00:00 [running]> on host ed3184b6b543
[2026-01-17T13:19:21.153+0000] {taskinstance.py:2513} INFO - Exporting env vars: AIRFLOW_CTX_DAG_OWNER='***' AIRFLOW_CTX_DAG_ID='ModelDevelop' AIRFLOW_CTX_TASK_ID='get_data' AIRFLOW_CTX_EXECUTION_DATE='2026-01-09T07:00:00+00:00' AIRFLOW_CTX_TRY_NUMBER='1' AIRFLOW_CTX_DAG_RUN_ID='scheduled__2026-01-09T07:00:00+00:00'
[2026-01-17T13:19:21.165+0000] {python.py:202} INFO - Done. Returned value was: ./iris.csv
[2026-01-17T13:19:21.181+0000] {taskinstance.py:1149} INFO - Marking task as SUCCESS. dag_id=ModelDevelop, task_id=get_data, execution_date=20260109T070000, start_date=20260117T131920, end_date=20260117T131921
[2026-01-17T13:19:21.218+0000] {local_task_job_runner.py:234} INFO - Task exited with return code 0
[2026-01-17T13:19:21.280+0000] {taskinstance.py:3312} INFO - 0 downstream tasks scheduled from follow-on schedule check
[2026-01-17T13:40:45.742+0000] {taskinstance.py:1979} INFO - Dependencies all met for dep_context=non-requeueable deps ti=<TaskInstance: ModelDevelop.get_data scheduled__2026-01-09T07:00:00+00:00 [queued]>
[2026-01-17T13:40:45.749+0000] {taskinstance.py:1979} INFO - Dependencies all met for dep_context=requeueable deps ti=<TaskInstance: ModelDevelop.get_data scheduled__2026-01-09T07:00:00+00:00 [queued]>
[2026-01-17T13:40:45.749+0000] {taskinstance.py:2193} INFO - Starting attempt 1 of 2
[2026-01-17T13:40:45.812+0000] {taskinstance.py:2217} INFO - Executing <Task(PythonOperator): get_data> on 2026-01-09 07:00:00+00:00
[2026-01-17T13:40:45.823+0000] {standard_task_runner.py:60} INFO - Started process 22862 to run task
[2026-01-17T13:40:45.829+0000] {standard_task_runner.py:87} INFO - Running: ['***', 'tasks', 'run', 'ModelDevelop', 'get_data', 'scheduled__2026-01-09T07:00:00+00:00', '--job-id', '342', '--raw', '--subdir', 'DAGS_FOLDER/example.py', '--cfg-path', '/tmp/tmpbiqgiev0']
[2026-01-17T13:40:45.830+0000] {standard_task_runner.py:88} INFO - Job 342: Subtask get_data
[2026-01-17T13:40:45.840+0000] {warnings.py:109} WARNING - /home/***/.local/lib/python3.9/site-packages/***/settings.py:194: DeprecationWarning: The sql_alchemy_conn option in [core] has been moved to the sql_alchemy_conn option in [database] - the old setting has been used, but please update your config.
  SQL_ALCHEMY_CONN = conf.get("database", "SQL_ALCHEMY_CONN")

[2026-01-17T13:40:45.869+0000] {task_command.py:423} INFO - Running <TaskInstance: ModelDevelop.get_data scheduled__2026-01-09T07:00:00+00:00 [running]> on host 5330652dc216
[2026-01-17T13:40:45.980+0000] {taskinstance.py:2513} INFO - Exporting env vars: AIRFLOW_CTX_DAG_OWNER='***' AIRFLOW_CTX_DAG_ID='ModelDevelop' AIRFLOW_CTX_TASK_ID='get_data' AIRFLOW_CTX_EXECUTION_DATE='2026-01-09T07:00:00+00:00' AIRFLOW_CTX_TRY_NUMBER='1' AIRFLOW_CTX_DAG_RUN_ID='scheduled__2026-01-09T07:00:00+00:00'
[2026-01-17T13:40:45.991+0000] {python.py:202} INFO - Done. Returned value was: ./iris.csv
[2026-01-17T13:40:46.041+0000] {taskinstance.py:1149} INFO - Marking task as SUCCESS. dag_id=ModelDevelop, task_id=get_data, execution_date=20260109T070000, start_date=20260117T134045, end_date=20260117T134046
[2026-01-17T13:40:46.080+0000] {local_task_job_runner.py:234} INFO - Task exited with return code 0
[2026-01-17T13:40:46.101+0000] {taskinstance.py:3312} INFO - 1 downstream tasks scheduled from follow-on schedule check
