[2026-01-17T04:00:01.016+0000] {taskinstance.py:1979} INFO - Dependencies all met for dep_context=non-requeueable deps ti=<TaskInstance: ModelDevelop.get_data scheduled__2026-01-17T03:00:00+00:00 [queued]>
[2026-01-17T04:00:01.020+0000] {taskinstance.py:1979} INFO - Dependencies all met for dep_context=requeueable deps ti=<TaskInstance: ModelDevelop.get_data scheduled__2026-01-17T03:00:00+00:00 [queued]>
[2026-01-17T04:00:01.020+0000] {taskinstance.py:2193} INFO - Starting attempt 1 of 2
[2026-01-17T04:00:01.026+0000] {taskinstance.py:2217} INFO - Executing <Task(PythonOperator): get_data> on 2026-01-17 03:00:00+00:00
[2026-01-17T04:00:01.032+0000] {standard_task_runner.py:60} INFO - Started process 48748 to run task
[2026-01-17T04:00:01.034+0000] {standard_task_runner.py:87} INFO - Running: ['***', 'tasks', 'run', 'ModelDevelop', 'get_data', 'scheduled__2026-01-17T03:00:00+00:00', '--job-id', '728', '--raw', '--subdir', 'DAGS_FOLDER/example.py', '--cfg-path', '/tmp/tmpr_3it5fx']
[2026-01-17T04:00:01.035+0000] {standard_task_runner.py:88} INFO - Job 728: Subtask get_data
[2026-01-17T04:00:01.044+0000] {warnings.py:109} WARNING - /home/***/.local/lib/python3.9/site-packages/***/settings.py:194: DeprecationWarning: The sql_alchemy_conn option in [core] has been moved to the sql_alchemy_conn option in [database] - the old setting has been used, but please update your config.
  SQL_ALCHEMY_CONN = conf.get("database", "SQL_ALCHEMY_CONN")

[2026-01-17T04:00:01.066+0000] {task_command.py:423} INFO - Running <TaskInstance: ModelDevelop.get_data scheduled__2026-01-17T03:00:00+00:00 [running]> on host 8a4f043652f0
[2026-01-17T04:00:01.108+0000] {taskinstance.py:2513} INFO - Exporting env vars: AIRFLOW_CTX_DAG_OWNER='***' AIRFLOW_CTX_DAG_ID='ModelDevelop' AIRFLOW_CTX_TASK_ID='get_data' AIRFLOW_CTX_EXECUTION_DATE='2026-01-17T03:00:00+00:00' AIRFLOW_CTX_TRY_NUMBER='1' AIRFLOW_CTX_DAG_RUN_ID='scheduled__2026-01-17T03:00:00+00:00'
[2026-01-17T04:00:01.115+0000] {python.py:202} INFO - Done. Returned value was: ./iris.csv
[2026-01-17T04:00:01.128+0000] {taskinstance.py:1149} INFO - Marking task as SUCCESS. dag_id=ModelDevelop, task_id=get_data, execution_date=20260117T030000, start_date=20260117T040001, end_date=20260117T040001
[2026-01-17T04:00:01.166+0000] {local_task_job_runner.py:234} INFO - Task exited with return code 0
[2026-01-17T04:00:01.187+0000] {taskinstance.py:3312} INFO - 1 downstream tasks scheduled from follow-on schedule check
[2026-01-17T13:21:21.055+0000] {taskinstance.py:1979} INFO - Dependencies all met for dep_context=non-requeueable deps ti=<TaskInstance: ModelDevelop.get_data scheduled__2026-01-17T03:00:00+00:00 [queued]>
[2026-01-17T13:21:21.060+0000] {taskinstance.py:1979} INFO - Dependencies all met for dep_context=requeueable deps ti=<TaskInstance: ModelDevelop.get_data scheduled__2026-01-17T03:00:00+00:00 [queued]>
[2026-01-17T13:21:21.060+0000] {taskinstance.py:2193} INFO - Starting attempt 1 of 2
[2026-01-17T13:21:21.068+0000] {taskinstance.py:2217} INFO - Executing <Task(PythonOperator): get_data> on 2026-01-17 03:00:00+00:00
[2026-01-17T13:21:21.076+0000] {standard_task_runner.py:60} INFO - Started process 48021 to run task
[2026-01-17T13:21:21.090+0000] {standard_task_runner.py:87} INFO - Running: ['***', 'tasks', 'run', 'ModelDevelop', 'get_data', 'scheduled__2026-01-17T03:00:00+00:00', '--job-id', '719', '--raw', '--subdir', 'DAGS_FOLDER/example.py', '--cfg-path', '/tmp/tmps2r2jah2']
[2026-01-17T13:21:21.091+0000] {standard_task_runner.py:88} INFO - Job 719: Subtask get_data
[2026-01-17T13:21:21.138+0000] {warnings.py:109} WARNING - /home/***/.local/lib/python3.9/site-packages/***/settings.py:194: DeprecationWarning: The sql_alchemy_conn option in [core] has been moved to the sql_alchemy_conn option in [database] - the old setting has been used, but please update your config.
  SQL_ALCHEMY_CONN = conf.get("database", "SQL_ALCHEMY_CONN")

[2026-01-17T13:21:21.171+0000] {task_command.py:423} INFO - Running <TaskInstance: ModelDevelop.get_data scheduled__2026-01-17T03:00:00+00:00 [running]> on host ed3184b6b543
[2026-01-17T13:21:21.230+0000] {taskinstance.py:2513} INFO - Exporting env vars: AIRFLOW_CTX_DAG_OWNER='***' AIRFLOW_CTX_DAG_ID='ModelDevelop' AIRFLOW_CTX_TASK_ID='get_data' AIRFLOW_CTX_EXECUTION_DATE='2026-01-17T03:00:00+00:00' AIRFLOW_CTX_TRY_NUMBER='1' AIRFLOW_CTX_DAG_RUN_ID='scheduled__2026-01-17T03:00:00+00:00'
[2026-01-17T13:21:21.240+0000] {python.py:202} INFO - Done. Returned value was: ./iris.csv
[2026-01-17T13:21:21.309+0000] {taskinstance.py:1149} INFO - Marking task as SUCCESS. dag_id=ModelDevelop, task_id=get_data, execution_date=20260117T030000, start_date=20260117T132121, end_date=20260117T132121
[2026-01-17T13:21:21.347+0000] {local_task_job_runner.py:234} INFO - Task exited with return code 0
[2026-01-17T13:21:21.366+0000] {taskinstance.py:3312} INFO - 0 downstream tasks scheduled from follow-on schedule check
[2026-01-17T13:42:56.149+0000] {taskinstance.py:1979} INFO - Dependencies all met for dep_context=non-requeueable deps ti=<TaskInstance: ModelDevelop.get_data scheduled__2026-01-17T03:00:00+00:00 [queued]>
[2026-01-17T13:42:56.155+0000] {taskinstance.py:1979} INFO - Dependencies all met for dep_context=requeueable deps ti=<TaskInstance: ModelDevelop.get_data scheduled__2026-01-17T03:00:00+00:00 [queued]>
[2026-01-17T13:42:56.156+0000] {taskinstance.py:2193} INFO - Starting attempt 1 of 2
[2026-01-17T13:42:56.166+0000] {taskinstance.py:2217} INFO - Executing <Task(PythonOperator): get_data> on 2026-01-17 03:00:00+00:00
[2026-01-17T13:42:56.172+0000] {standard_task_runner.py:60} INFO - Started process 48521 to run task
[2026-01-17T13:42:56.174+0000] {standard_task_runner.py:87} INFO - Running: ['***', 'tasks', 'run', 'ModelDevelop', 'get_data', 'scheduled__2026-01-17T03:00:00+00:00', '--job-id', '724', '--raw', '--subdir', 'DAGS_FOLDER/example.py', '--cfg-path', '/tmp/tmpnmk3sp25']
[2026-01-17T13:42:56.175+0000] {standard_task_runner.py:88} INFO - Job 724: Subtask get_data
[2026-01-17T13:42:56.185+0000] {warnings.py:109} WARNING - /home/***/.local/lib/python3.9/site-packages/***/settings.py:194: DeprecationWarning: The sql_alchemy_conn option in [core] has been moved to the sql_alchemy_conn option in [database] - the old setting has been used, but please update your config.
  SQL_ALCHEMY_CONN = conf.get("database", "SQL_ALCHEMY_CONN")

[2026-01-17T13:42:56.208+0000] {task_command.py:423} INFO - Running <TaskInstance: ModelDevelop.get_data scheduled__2026-01-17T03:00:00+00:00 [running]> on host 5330652dc216
[2026-01-17T13:42:56.337+0000] {taskinstance.py:2513} INFO - Exporting env vars: AIRFLOW_CTX_DAG_OWNER='***' AIRFLOW_CTX_DAG_ID='ModelDevelop' AIRFLOW_CTX_TASK_ID='get_data' AIRFLOW_CTX_EXECUTION_DATE='2026-01-17T03:00:00+00:00' AIRFLOW_CTX_TRY_NUMBER='1' AIRFLOW_CTX_DAG_RUN_ID='scheduled__2026-01-17T03:00:00+00:00'
[2026-01-17T13:42:56.349+0000] {python.py:202} INFO - Done. Returned value was: ./iris.csv
[2026-01-17T13:42:56.366+0000] {taskinstance.py:1149} INFO - Marking task as SUCCESS. dag_id=ModelDevelop, task_id=get_data, execution_date=20260117T030000, start_date=20260117T134256, end_date=20260117T134256
[2026-01-17T13:42:56.386+0000] {local_task_job_runner.py:234} INFO - Task exited with return code 0
[2026-01-17T13:42:56.403+0000] {taskinstance.py:3312} INFO - 1 downstream tasks scheduled from follow-on schedule check
