[2026-01-16T07:54:55.814+0000] {taskinstance.py:1979} INFO - Dependencies all met for dep_context=non-requeueable deps ti=<TaskInstance: ModelDevelop.get_data scheduled__2026-01-06T00:00:00+00:00 [queued]>
[2026-01-16T07:54:55.825+0000] {taskinstance.py:1979} INFO - Dependencies all met for dep_context=requeueable deps ti=<TaskInstance: ModelDevelop.get_data scheduled__2026-01-06T00:00:00+00:00 [queued]>
[2026-01-16T07:54:55.825+0000] {taskinstance.py:2193} INFO - Starting attempt 1 of 2
[2026-01-16T07:54:55.865+0000] {taskinstance.py:2217} INFO - Executing <Task(PythonOperator): get_data> on 2026-01-06 00:00:00+00:00
[2026-01-16T07:54:55.873+0000] {standard_task_runner.py:60} INFO - Started process 13304 to run task
[2026-01-16T07:54:55.884+0000] {standard_task_runner.py:87} INFO - Running: ['***', 'tasks', 'run', 'ModelDevelop', 'get_data', 'scheduled__2026-01-06T00:00:00+00:00', '--job-id', '195', '--raw', '--subdir', 'DAGS_FOLDER/example.py', '--cfg-path', '/tmp/tmp2_t8sgcv']
[2026-01-16T07:54:55.885+0000] {standard_task_runner.py:88} INFO - Job 195: Subtask get_data
[2026-01-16T07:54:55.899+0000] {warnings.py:109} WARNING - /home/***/.local/lib/python3.9/site-packages/***/settings.py:194: DeprecationWarning: The sql_alchemy_conn option in [core] has been moved to the sql_alchemy_conn option in [database] - the old setting has been used, but please update your config.
  SQL_ALCHEMY_CONN = conf.get("database", "SQL_ALCHEMY_CONN")

[2026-01-16T07:54:55.932+0000] {task_command.py:423} INFO - Running <TaskInstance: ModelDevelop.get_data scheduled__2026-01-06T00:00:00+00:00 [running]> on host 8a4f043652f0
[2026-01-16T07:54:55.999+0000] {taskinstance.py:2513} INFO - Exporting env vars: AIRFLOW_CTX_DAG_OWNER='***' AIRFLOW_CTX_DAG_ID='ModelDevelop' AIRFLOW_CTX_TASK_ID='get_data' AIRFLOW_CTX_EXECUTION_DATE='2026-01-06T00:00:00+00:00' AIRFLOW_CTX_TRY_NUMBER='1' AIRFLOW_CTX_DAG_RUN_ID='scheduled__2026-01-06T00:00:00+00:00'
[2026-01-16T07:54:56.010+0000] {python.py:202} INFO - Done. Returned value was: ./iris.csv
[2026-01-16T07:54:56.027+0000] {taskinstance.py:1149} INFO - Marking task as SUCCESS. dag_id=ModelDevelop, task_id=get_data, execution_date=20260106T000000, start_date=20260116T075455, end_date=20260116T075456
[2026-01-16T07:54:56.087+0000] {local_task_job_runner.py:234} INFO - Task exited with return code 0
[2026-01-16T07:54:56.169+0000] {taskinstance.py:3312} INFO - 0 downstream tasks scheduled from follow-on schedule check
[2026-01-17T13:18:29.850+0000] {taskinstance.py:1979} INFO - Dependencies all met for dep_context=non-requeueable deps ti=<TaskInstance: ModelDevelop.get_data scheduled__2026-01-06T00:00:00+00:00 [queued]>
[2026-01-17T13:18:29.855+0000] {taskinstance.py:1979} INFO - Dependencies all met for dep_context=requeueable deps ti=<TaskInstance: ModelDevelop.get_data scheduled__2026-01-06T00:00:00+00:00 [queued]>
[2026-01-17T13:18:29.855+0000] {taskinstance.py:2193} INFO - Starting attempt 1 of 2
[2026-01-17T13:18:29.963+0000] {taskinstance.py:2217} INFO - Executing <Task(PythonOperator): get_data> on 2026-01-06 00:00:00+00:00
[2026-01-17T13:18:29.973+0000] {standard_task_runner.py:60} INFO - Started process 13304 to run task
[2026-01-17T13:18:29.975+0000] {standard_task_runner.py:87} INFO - Running: ['***', 'tasks', 'run', 'ModelDevelop', 'get_data', 'scheduled__2026-01-06T00:00:00+00:00', '--job-id', '194', '--raw', '--subdir', 'DAGS_FOLDER/example.py', '--cfg-path', '/tmp/tmp_7izoubo']
[2026-01-17T13:18:29.976+0000] {standard_task_runner.py:88} INFO - Job 194: Subtask get_data
[2026-01-17T13:18:29.988+0000] {warnings.py:109} WARNING - /home/***/.local/lib/python3.9/site-packages/***/settings.py:194: DeprecationWarning: The sql_alchemy_conn option in [core] has been moved to the sql_alchemy_conn option in [database] - the old setting has been used, but please update your config.
  SQL_ALCHEMY_CONN = conf.get("database", "SQL_ALCHEMY_CONN")

[2026-01-17T13:18:30.012+0000] {task_command.py:423} INFO - Running <TaskInstance: ModelDevelop.get_data scheduled__2026-01-06T00:00:00+00:00 [running]> on host ed3184b6b543
[2026-01-17T13:18:30.065+0000] {taskinstance.py:2513} INFO - Exporting env vars: AIRFLOW_CTX_DAG_OWNER='***' AIRFLOW_CTX_DAG_ID='ModelDevelop' AIRFLOW_CTX_TASK_ID='get_data' AIRFLOW_CTX_EXECUTION_DATE='2026-01-06T00:00:00+00:00' AIRFLOW_CTX_TRY_NUMBER='1' AIRFLOW_CTX_DAG_RUN_ID='scheduled__2026-01-06T00:00:00+00:00'
[2026-01-17T13:18:30.076+0000] {python.py:202} INFO - Done. Returned value was: ./iris.csv
[2026-01-17T13:18:30.138+0000] {taskinstance.py:1149} INFO - Marking task as SUCCESS. dag_id=ModelDevelop, task_id=get_data, execution_date=20260106T000000, start_date=20260117T131829, end_date=20260117T131830
[2026-01-17T13:18:30.188+0000] {local_task_job_runner.py:234} INFO - Task exited with return code 0
[2026-01-17T13:18:30.240+0000] {taskinstance.py:3312} INFO - 0 downstream tasks scheduled from follow-on schedule check
[2026-01-17T13:39:50.824+0000] {taskinstance.py:1979} INFO - Dependencies all met for dep_context=non-requeueable deps ti=<TaskInstance: ModelDevelop.get_data scheduled__2026-01-06T00:00:00+00:00 [queued]>
[2026-01-17T13:39:50.829+0000] {taskinstance.py:1979} INFO - Dependencies all met for dep_context=requeueable deps ti=<TaskInstance: ModelDevelop.get_data scheduled__2026-01-06T00:00:00+00:00 [queued]>
[2026-01-17T13:39:50.829+0000] {taskinstance.py:2193} INFO - Starting attempt 1 of 2
[2026-01-17T13:39:50.839+0000] {taskinstance.py:2217} INFO - Executing <Task(PythonOperator): get_data> on 2026-01-06 00:00:00+00:00
[2026-01-17T13:39:50.846+0000] {standard_task_runner.py:60} INFO - Started process 12970 to run task
[2026-01-17T13:39:50.849+0000] {standard_task_runner.py:87} INFO - Running: ['***', 'tasks', 'run', 'ModelDevelop', 'get_data', 'scheduled__2026-01-06T00:00:00+00:00', '--job-id', '194', '--raw', '--subdir', 'DAGS_FOLDER/example.py', '--cfg-path', '/tmp/tmpjyv7t_64']
[2026-01-17T13:39:50.849+0000] {standard_task_runner.py:88} INFO - Job 194: Subtask get_data
[2026-01-17T13:39:50.859+0000] {warnings.py:109} WARNING - /home/***/.local/lib/python3.9/site-packages/***/settings.py:194: DeprecationWarning: The sql_alchemy_conn option in [core] has been moved to the sql_alchemy_conn option in [database] - the old setting has been used, but please update your config.
  SQL_ALCHEMY_CONN = conf.get("database", "SQL_ALCHEMY_CONN")

[2026-01-17T13:39:50.880+0000] {task_command.py:423} INFO - Running <TaskInstance: ModelDevelop.get_data scheduled__2026-01-06T00:00:00+00:00 [running]> on host 5330652dc216
[2026-01-17T13:39:50.925+0000] {taskinstance.py:2513} INFO - Exporting env vars: AIRFLOW_CTX_DAG_OWNER='***' AIRFLOW_CTX_DAG_ID='ModelDevelop' AIRFLOW_CTX_TASK_ID='get_data' AIRFLOW_CTX_EXECUTION_DATE='2026-01-06T00:00:00+00:00' AIRFLOW_CTX_TRY_NUMBER='1' AIRFLOW_CTX_DAG_RUN_ID='scheduled__2026-01-06T00:00:00+00:00'
[2026-01-17T13:39:50.933+0000] {python.py:202} INFO - Done. Returned value was: ./iris.csv
[2026-01-17T13:39:50.944+0000] {taskinstance.py:1149} INFO - Marking task as SUCCESS. dag_id=ModelDevelop, task_id=get_data, execution_date=20260106T000000, start_date=20260117T133950, end_date=20260117T133950
[2026-01-17T13:39:50.980+0000] {local_task_job_runner.py:234} INFO - Task exited with return code 0
[2026-01-17T13:39:50.993+0000] {taskinstance.py:3312} INFO - 0 downstream tasks scheduled from follow-on schedule check
