[2026-01-16T07:56:47.600+0000] {taskinstance.py:1979} INFO - Dependencies all met for dep_context=non-requeueable deps ti=<TaskInstance: ModelDevelop.get_data scheduled__2026-01-13T12:00:00+00:00 [queued]>
[2026-01-16T07:56:47.606+0000] {taskinstance.py:1979} INFO - Dependencies all met for dep_context=requeueable deps ti=<TaskInstance: ModelDevelop.get_data scheduled__2026-01-13T12:00:00+00:00 [queued]>
[2026-01-16T07:56:47.606+0000] {taskinstance.py:2193} INFO - Starting attempt 1 of 2
[2026-01-16T07:56:47.617+0000] {taskinstance.py:2217} INFO - Executing <Task(PythonOperator): get_data> on 2026-01-13 12:00:00+00:00
[2026-01-16T07:56:47.626+0000] {standard_task_runner.py:60} INFO - Started process 36957 to run task
[2026-01-16T07:56:47.629+0000] {standard_task_runner.py:87} INFO - Running: ['***', 'tasks', 'run', 'ModelDevelop', 'get_data', 'scheduled__2026-01-13T12:00:00+00:00', '--job-id', '550', '--raw', '--subdir', 'DAGS_FOLDER/example.py', '--cfg-path', '/tmp/tmpxd5y4kou']
[2026-01-16T07:56:47.630+0000] {standard_task_runner.py:88} INFO - Job 550: Subtask get_data
[2026-01-16T07:56:47.640+0000] {warnings.py:109} WARNING - /home/***/.local/lib/python3.9/site-packages/***/settings.py:194: DeprecationWarning: The sql_alchemy_conn option in [core] has been moved to the sql_alchemy_conn option in [database] - the old setting has been used, but please update your config.
  SQL_ALCHEMY_CONN = conf.get("database", "SQL_ALCHEMY_CONN")

[2026-01-16T07:56:47.666+0000] {task_command.py:423} INFO - Running <TaskInstance: ModelDevelop.get_data scheduled__2026-01-13T12:00:00+00:00 [running]> on host 8a4f043652f0
[2026-01-16T07:56:47.721+0000] {taskinstance.py:2513} INFO - Exporting env vars: AIRFLOW_CTX_DAG_OWNER='***' AIRFLOW_CTX_DAG_ID='ModelDevelop' AIRFLOW_CTX_TASK_ID='get_data' AIRFLOW_CTX_EXECUTION_DATE='2026-01-13T12:00:00+00:00' AIRFLOW_CTX_TRY_NUMBER='1' AIRFLOW_CTX_DAG_RUN_ID='scheduled__2026-01-13T12:00:00+00:00'
[2026-01-16T07:56:47.732+0000] {python.py:202} INFO - Done. Returned value was: ./iris.csv
[2026-01-16T07:56:47.746+0000] {taskinstance.py:1149} INFO - Marking task as SUCCESS. dag_id=ModelDevelop, task_id=get_data, execution_date=20260113T120000, start_date=20260116T075647, end_date=20260116T075647
[2026-01-16T07:56:47.801+0000] {local_task_job_runner.py:234} INFO - Task exited with return code 0
[2026-01-16T07:56:47.820+0000] {taskinstance.py:3312} INFO - 1 downstream tasks scheduled from follow-on schedule check
[2026-01-17T13:20:31.158+0000] {taskinstance.py:1979} INFO - Dependencies all met for dep_context=non-requeueable deps ti=<TaskInstance: ModelDevelop.get_data scheduled__2026-01-13T12:00:00+00:00 [queued]>
[2026-01-17T13:20:31.184+0000] {taskinstance.py:1979} INFO - Dependencies all met for dep_context=requeueable deps ti=<TaskInstance: ModelDevelop.get_data scheduled__2026-01-13T12:00:00+00:00 [queued]>
[2026-01-17T13:20:31.185+0000] {taskinstance.py:2193} INFO - Starting attempt 1 of 2
[2026-01-17T13:20:31.255+0000] {taskinstance.py:2217} INFO - Executing <Task(PythonOperator): get_data> on 2026-01-13 12:00:00+00:00
[2026-01-17T13:20:31.262+0000] {standard_task_runner.py:60} INFO - Started process 37059 to run task
[2026-01-17T13:20:31.265+0000] {standard_task_runner.py:87} INFO - Running: ['***', 'tasks', 'run', 'ModelDevelop', 'get_data', 'scheduled__2026-01-13T12:00:00+00:00', '--job-id', '551', '--raw', '--subdir', 'DAGS_FOLDER/example.py', '--cfg-path', '/tmp/tmpuonks_wo']
[2026-01-17T13:20:31.266+0000] {standard_task_runner.py:88} INFO - Job 551: Subtask get_data
[2026-01-17T13:20:31.275+0000] {warnings.py:109} WARNING - /home/***/.local/lib/python3.9/site-packages/***/settings.py:194: DeprecationWarning: The sql_alchemy_conn option in [core] has been moved to the sql_alchemy_conn option in [database] - the old setting has been used, but please update your config.
  SQL_ALCHEMY_CONN = conf.get("database", "SQL_ALCHEMY_CONN")

[2026-01-17T13:20:31.306+0000] {task_command.py:423} INFO - Running <TaskInstance: ModelDevelop.get_data scheduled__2026-01-13T12:00:00+00:00 [running]> on host ed3184b6b543
[2026-01-17T13:20:31.407+0000] {taskinstance.py:2513} INFO - Exporting env vars: AIRFLOW_CTX_DAG_OWNER='***' AIRFLOW_CTX_DAG_ID='ModelDevelop' AIRFLOW_CTX_TASK_ID='get_data' AIRFLOW_CTX_EXECUTION_DATE='2026-01-13T12:00:00+00:00' AIRFLOW_CTX_TRY_NUMBER='1' AIRFLOW_CTX_DAG_RUN_ID='scheduled__2026-01-13T12:00:00+00:00'
[2026-01-17T13:20:31.419+0000] {python.py:202} INFO - Done. Returned value was: ./iris.csv
[2026-01-17T13:20:31.435+0000] {taskinstance.py:1149} INFO - Marking task as SUCCESS. dag_id=ModelDevelop, task_id=get_data, execution_date=20260113T120000, start_date=20260117T132031, end_date=20260117T132031
[2026-01-17T13:20:31.561+0000] {local_task_job_runner.py:234} INFO - Task exited with return code 0
[2026-01-17T13:20:31.581+0000] {taskinstance.py:3312} INFO - 1 downstream tasks scheduled from follow-on schedule check
[2026-01-17T13:41:56.673+0000] {taskinstance.py:1979} INFO - Dependencies all met for dep_context=non-requeueable deps ti=<TaskInstance: ModelDevelop.get_data scheduled__2026-01-13T12:00:00+00:00 [queued]>
[2026-01-17T13:41:56.686+0000] {taskinstance.py:1979} INFO - Dependencies all met for dep_context=requeueable deps ti=<TaskInstance: ModelDevelop.get_data scheduled__2026-01-13T12:00:00+00:00 [queued]>
[2026-01-17T13:41:56.686+0000] {taskinstance.py:2193} INFO - Starting attempt 1 of 2
[2026-01-17T13:41:56.715+0000] {taskinstance.py:2217} INFO - Executing <Task(PythonOperator): get_data> on 2026-01-13 12:00:00+00:00
[2026-01-17T13:41:56.725+0000] {standard_task_runner.py:60} INFO - Started process 36024 to run task
[2026-01-17T13:41:56.733+0000] {standard_task_runner.py:87} INFO - Running: ['***', 'tasks', 'run', 'ModelDevelop', 'get_data', 'scheduled__2026-01-13T12:00:00+00:00', '--job-id', '540', '--raw', '--subdir', 'DAGS_FOLDER/example.py', '--cfg-path', '/tmp/tmp04v5scoo']
[2026-01-17T13:41:56.734+0000] {standard_task_runner.py:88} INFO - Job 540: Subtask get_data
[2026-01-17T13:41:56.744+0000] {warnings.py:109} WARNING - /home/***/.local/lib/python3.9/site-packages/***/settings.py:194: DeprecationWarning: The sql_alchemy_conn option in [core] has been moved to the sql_alchemy_conn option in [database] - the old setting has been used, but please update your config.
  SQL_ALCHEMY_CONN = conf.get("database", "SQL_ALCHEMY_CONN")

[2026-01-17T13:41:56.772+0000] {task_command.py:423} INFO - Running <TaskInstance: ModelDevelop.get_data scheduled__2026-01-13T12:00:00+00:00 [running]> on host 5330652dc216
[2026-01-17T13:41:56.831+0000] {taskinstance.py:2513} INFO - Exporting env vars: AIRFLOW_CTX_DAG_OWNER='***' AIRFLOW_CTX_DAG_ID='ModelDevelop' AIRFLOW_CTX_TASK_ID='get_data' AIRFLOW_CTX_EXECUTION_DATE='2026-01-13T12:00:00+00:00' AIRFLOW_CTX_TRY_NUMBER='1' AIRFLOW_CTX_DAG_RUN_ID='scheduled__2026-01-13T12:00:00+00:00'
[2026-01-17T13:41:56.840+0000] {python.py:202} INFO - Done. Returned value was: ./iris.csv
[2026-01-17T13:41:56.859+0000] {taskinstance.py:1149} INFO - Marking task as SUCCESS. dag_id=ModelDevelop, task_id=get_data, execution_date=20260113T120000, start_date=20260117T134156, end_date=20260117T134156
[2026-01-17T13:41:56.903+0000] {local_task_job_runner.py:234} INFO - Task exited with return code 0
[2026-01-17T13:41:56.922+0000] {taskinstance.py:3312} INFO - 1 downstream tasks scheduled from follow-on schedule check
