[2026-01-16T07:55:27.510+0000] {taskinstance.py:1979} INFO - Dependencies all met for dep_context=non-requeueable deps ti=<TaskInstance: ModelDevelop.get_data scheduled__2026-01-08T09:00:00+00:00 [queued]>
[2026-01-16T07:55:27.516+0000] {taskinstance.py:1979} INFO - Dependencies all met for dep_context=requeueable deps ti=<TaskInstance: ModelDevelop.get_data scheduled__2026-01-08T09:00:00+00:00 [queued]>
[2026-01-16T07:55:27.517+0000] {taskinstance.py:2193} INFO - Starting attempt 1 of 2
[2026-01-16T07:55:27.527+0000] {taskinstance.py:2217} INFO - Executing <Task(PythonOperator): get_data> on 2026-01-08 09:00:00+00:00
[2026-01-16T07:55:27.537+0000] {standard_task_runner.py:60} INFO - Started process 19947 to run task
[2026-01-16T07:55:27.562+0000] {standard_task_runner.py:87} INFO - Running: ['***', 'tasks', 'run', 'ModelDevelop', 'get_data', 'scheduled__2026-01-08T09:00:00+00:00', '--job-id', '299', '--raw', '--subdir', 'DAGS_FOLDER/example.py', '--cfg-path', '/tmp/tmp01l321so']
[2026-01-16T07:55:27.563+0000] {standard_task_runner.py:88} INFO - Job 299: Subtask get_data
[2026-01-16T07:55:27.610+0000] {warnings.py:109} WARNING - /home/***/.local/lib/python3.9/site-packages/***/settings.py:194: DeprecationWarning: The sql_alchemy_conn option in [core] has been moved to the sql_alchemy_conn option in [database] - the old setting has been used, but please update your config.
  SQL_ALCHEMY_CONN = conf.get("database", "SQL_ALCHEMY_CONN")

[2026-01-16T07:55:27.657+0000] {task_command.py:423} INFO - Running <TaskInstance: ModelDevelop.get_data scheduled__2026-01-08T09:00:00+00:00 [running]> on host 8a4f043652f0
[2026-01-16T07:55:27.738+0000] {taskinstance.py:2513} INFO - Exporting env vars: AIRFLOW_CTX_DAG_OWNER='***' AIRFLOW_CTX_DAG_ID='ModelDevelop' AIRFLOW_CTX_TASK_ID='get_data' AIRFLOW_CTX_EXECUTION_DATE='2026-01-08T09:00:00+00:00' AIRFLOW_CTX_TRY_NUMBER='1' AIRFLOW_CTX_DAG_RUN_ID='scheduled__2026-01-08T09:00:00+00:00'
[2026-01-16T07:55:27.748+0000] {python.py:202} INFO - Done. Returned value was: ./iris.csv
[2026-01-16T07:55:27.765+0000] {taskinstance.py:1149} INFO - Marking task as SUCCESS. dag_id=ModelDevelop, task_id=get_data, execution_date=20260108T090000, start_date=20260116T075527, end_date=20260116T075527
[2026-01-16T07:55:27.825+0000] {local_task_job_runner.py:234} INFO - Task exited with return code 0
[2026-01-16T07:55:27.852+0000] {taskinstance.py:3312} INFO - 1 downstream tasks scheduled from follow-on schedule check
[2026-01-17T13:19:05.820+0000] {taskinstance.py:1979} INFO - Dependencies all met for dep_context=non-requeueable deps ti=<TaskInstance: ModelDevelop.get_data scheduled__2026-01-08T09:00:00+00:00 [queued]>
[2026-01-17T13:19:05.826+0000] {taskinstance.py:1979} INFO - Dependencies all met for dep_context=requeueable deps ti=<TaskInstance: ModelDevelop.get_data scheduled__2026-01-08T09:00:00+00:00 [queued]>
[2026-01-17T13:19:05.826+0000] {taskinstance.py:2193} INFO - Starting attempt 1 of 2
[2026-01-17T13:19:05.838+0000] {taskinstance.py:2217} INFO - Executing <Task(PythonOperator): get_data> on 2026-01-08 09:00:00+00:00
[2026-01-17T13:19:05.858+0000] {standard_task_runner.py:60} INFO - Started process 19911 to run task
[2026-01-17T13:19:05.870+0000] {standard_task_runner.py:87} INFO - Running: ['***', 'tasks', 'run', 'ModelDevelop', 'get_data', 'scheduled__2026-01-08T09:00:00+00:00', '--job-id', '298', '--raw', '--subdir', 'DAGS_FOLDER/example.py', '--cfg-path', '/tmp/tmpz5lgcpbx']
[2026-01-17T13:19:05.871+0000] {standard_task_runner.py:88} INFO - Job 298: Subtask get_data
[2026-01-17T13:19:05.890+0000] {warnings.py:109} WARNING - /home/***/.local/lib/python3.9/site-packages/***/settings.py:194: DeprecationWarning: The sql_alchemy_conn option in [core] has been moved to the sql_alchemy_conn option in [database] - the old setting has been used, but please update your config.
  SQL_ALCHEMY_CONN = conf.get("database", "SQL_ALCHEMY_CONN")

[2026-01-17T13:19:05.922+0000] {task_command.py:423} INFO - Running <TaskInstance: ModelDevelop.get_data scheduled__2026-01-08T09:00:00+00:00 [running]> on host ed3184b6b543
[2026-01-17T13:19:05.974+0000] {taskinstance.py:2513} INFO - Exporting env vars: AIRFLOW_CTX_DAG_OWNER='***' AIRFLOW_CTX_DAG_ID='ModelDevelop' AIRFLOW_CTX_TASK_ID='get_data' AIRFLOW_CTX_EXECUTION_DATE='2026-01-08T09:00:00+00:00' AIRFLOW_CTX_TRY_NUMBER='1' AIRFLOW_CTX_DAG_RUN_ID='scheduled__2026-01-08T09:00:00+00:00'
[2026-01-17T13:19:05.982+0000] {python.py:202} INFO - Done. Returned value was: ./iris.csv
[2026-01-17T13:19:05.995+0000] {taskinstance.py:1149} INFO - Marking task as SUCCESS. dag_id=ModelDevelop, task_id=get_data, execution_date=20260108T090000, start_date=20260117T131905, end_date=20260117T131905
[2026-01-17T13:19:06.014+0000] {local_task_job_runner.py:234} INFO - Task exited with return code 0
[2026-01-17T13:19:06.054+0000] {taskinstance.py:3312} INFO - 1 downstream tasks scheduled from follow-on schedule check
[2026-01-17T13:40:35.046+0000] {taskinstance.py:1979} INFO - Dependencies all met for dep_context=non-requeueable deps ti=<TaskInstance: ModelDevelop.get_data scheduled__2026-01-08T09:00:00+00:00 [queued]>
[2026-01-17T13:40:35.053+0000] {taskinstance.py:1979} INFO - Dependencies all met for dep_context=requeueable deps ti=<TaskInstance: ModelDevelop.get_data scheduled__2026-01-08T09:00:00+00:00 [queued]>
[2026-01-17T13:40:35.053+0000] {taskinstance.py:2193} INFO - Starting attempt 1 of 2
[2026-01-17T13:40:35.064+0000] {taskinstance.py:2217} INFO - Executing <Task(PythonOperator): get_data> on 2026-01-08 09:00:00+00:00
[2026-01-17T13:40:35.082+0000] {standard_task_runner.py:60} INFO - Started process 20576 to run task
[2026-01-17T13:40:35.090+0000] {standard_task_runner.py:87} INFO - Running: ['***', 'tasks', 'run', 'ModelDevelop', 'get_data', 'scheduled__2026-01-08T09:00:00+00:00', '--job-id', '305', '--raw', '--subdir', 'DAGS_FOLDER/example.py', '--cfg-path', '/tmp/tmp_hga1dqt']
[2026-01-17T13:40:35.091+0000] {standard_task_runner.py:88} INFO - Job 305: Subtask get_data
[2026-01-17T13:40:35.114+0000] {warnings.py:109} WARNING - /home/***/.local/lib/python3.9/site-packages/***/settings.py:194: DeprecationWarning: The sql_alchemy_conn option in [core] has been moved to the sql_alchemy_conn option in [database] - the old setting has been used, but please update your config.
  SQL_ALCHEMY_CONN = conf.get("database", "SQL_ALCHEMY_CONN")

[2026-01-17T13:40:35.146+0000] {task_command.py:423} INFO - Running <TaskInstance: ModelDevelop.get_data scheduled__2026-01-08T09:00:00+00:00 [running]> on host 5330652dc216
[2026-01-17T13:40:35.198+0000] {taskinstance.py:2513} INFO - Exporting env vars: AIRFLOW_CTX_DAG_OWNER='***' AIRFLOW_CTX_DAG_ID='ModelDevelop' AIRFLOW_CTX_TASK_ID='get_data' AIRFLOW_CTX_EXECUTION_DATE='2026-01-08T09:00:00+00:00' AIRFLOW_CTX_TRY_NUMBER='1' AIRFLOW_CTX_DAG_RUN_ID='scheduled__2026-01-08T09:00:00+00:00'
[2026-01-17T13:40:35.207+0000] {python.py:202} INFO - Done. Returned value was: ./iris.csv
[2026-01-17T13:40:35.223+0000] {taskinstance.py:1149} INFO - Marking task as SUCCESS. dag_id=ModelDevelop, task_id=get_data, execution_date=20260108T090000, start_date=20260117T134035, end_date=20260117T134035
[2026-01-17T13:40:35.265+0000] {local_task_job_runner.py:234} INFO - Task exited with return code 0
[2026-01-17T13:40:35.301+0000] {taskinstance.py:3312} INFO - 1 downstream tasks scheduled from follow-on schedule check
