[2026-01-16T07:56:48.339+0000] {taskinstance.py:1979} INFO - Dependencies all met for dep_context=non-requeueable deps ti=<TaskInstance: ModelDevelop.get_data scheduled__2026-01-13T19:00:00+00:00 [queued]>
[2026-01-16T07:56:48.345+0000] {taskinstance.py:1979} INFO - Dependencies all met for dep_context=requeueable deps ti=<TaskInstance: ModelDevelop.get_data scheduled__2026-01-13T19:00:00+00:00 [queued]>
[2026-01-16T07:56:48.345+0000] {taskinstance.py:2193} INFO - Starting attempt 1 of 2
[2026-01-16T07:56:48.372+0000] {taskinstance.py:2217} INFO - Executing <Task(PythonOperator): get_data> on 2026-01-13 19:00:00+00:00
[2026-01-16T07:56:48.382+0000] {standard_task_runner.py:60} INFO - Started process 37169 to run task
[2026-01-16T07:56:48.390+0000] {standard_task_runner.py:87} INFO - Running: ['***', 'tasks', 'run', 'ModelDevelop', 'get_data', 'scheduled__2026-01-13T19:00:00+00:00', '--job-id', '557', '--raw', '--subdir', 'DAGS_FOLDER/example.py', '--cfg-path', '/tmp/tmpec5unpfx']
[2026-01-16T07:56:48.391+0000] {standard_task_runner.py:88} INFO - Job 557: Subtask get_data
[2026-01-16T07:56:48.414+0000] {warnings.py:109} WARNING - /home/***/.local/lib/python3.9/site-packages/***/settings.py:194: DeprecationWarning: The sql_alchemy_conn option in [core] has been moved to the sql_alchemy_conn option in [database] - the old setting has been used, but please update your config.
  SQL_ALCHEMY_CONN = conf.get("database", "SQL_ALCHEMY_CONN")

[2026-01-16T07:56:48.447+0000] {task_command.py:423} INFO - Running <TaskInstance: ModelDevelop.get_data scheduled__2026-01-13T19:00:00+00:00 [running]> on host 8a4f043652f0
[2026-01-16T07:56:48.514+0000] {taskinstance.py:2513} INFO - Exporting env vars: AIRFLOW_CTX_DAG_OWNER='***' AIRFLOW_CTX_DAG_ID='ModelDevelop' AIRFLOW_CTX_TASK_ID='get_data' AIRFLOW_CTX_EXECUTION_DATE='2026-01-13T19:00:00+00:00' AIRFLOW_CTX_TRY_NUMBER='1' AIRFLOW_CTX_DAG_RUN_ID='scheduled__2026-01-13T19:00:00+00:00'
[2026-01-16T07:56:48.523+0000] {python.py:202} INFO - Done. Returned value was: ./iris.csv
[2026-01-16T07:56:48.540+0000] {taskinstance.py:1149} INFO - Marking task as SUCCESS. dag_id=ModelDevelop, task_id=get_data, execution_date=20260113T190000, start_date=20260116T075648, end_date=20260116T075648
[2026-01-16T07:56:48.572+0000] {local_task_job_runner.py:234} INFO - Task exited with return code 0
[2026-01-16T07:56:48.607+0000] {taskinstance.py:3312} INFO - 1 downstream tasks scheduled from follow-on schedule check
[2026-01-17T13:20:31.936+0000] {taskinstance.py:1979} INFO - Dependencies all met for dep_context=non-requeueable deps ti=<TaskInstance: ModelDevelop.get_data scheduled__2026-01-13T19:00:00+00:00 [queued]>
[2026-01-17T13:20:31.941+0000] {taskinstance.py:1979} INFO - Dependencies all met for dep_context=requeueable deps ti=<TaskInstance: ModelDevelop.get_data scheduled__2026-01-13T19:00:00+00:00 [queued]>
[2026-01-17T13:20:31.941+0000] {taskinstance.py:2193} INFO - Starting attempt 1 of 2
[2026-01-17T13:20:31.949+0000] {taskinstance.py:2217} INFO - Executing <Task(PythonOperator): get_data> on 2026-01-13 19:00:00+00:00
[2026-01-17T13:20:31.957+0000] {standard_task_runner.py:60} INFO - Started process 37234 to run task
[2026-01-17T13:20:31.959+0000] {standard_task_runner.py:87} INFO - Running: ['***', 'tasks', 'run', 'ModelDevelop', 'get_data', 'scheduled__2026-01-13T19:00:00+00:00', '--job-id', '558', '--raw', '--subdir', 'DAGS_FOLDER/example.py', '--cfg-path', '/tmp/tmpl_m2ntss']
[2026-01-17T13:20:31.960+0000] {standard_task_runner.py:88} INFO - Job 558: Subtask get_data
[2026-01-17T13:20:31.971+0000] {warnings.py:109} WARNING - /home/***/.local/lib/python3.9/site-packages/***/settings.py:194: DeprecationWarning: The sql_alchemy_conn option in [core] has been moved to the sql_alchemy_conn option in [database] - the old setting has been used, but please update your config.
  SQL_ALCHEMY_CONN = conf.get("database", "SQL_ALCHEMY_CONN")

[2026-01-17T13:20:32.006+0000] {task_command.py:423} INFO - Running <TaskInstance: ModelDevelop.get_data scheduled__2026-01-13T19:00:00+00:00 [running]> on host ed3184b6b543
[2026-01-17T13:20:32.115+0000] {taskinstance.py:2513} INFO - Exporting env vars: AIRFLOW_CTX_DAG_OWNER='***' AIRFLOW_CTX_DAG_ID='ModelDevelop' AIRFLOW_CTX_TASK_ID='get_data' AIRFLOW_CTX_EXECUTION_DATE='2026-01-13T19:00:00+00:00' AIRFLOW_CTX_TRY_NUMBER='1' AIRFLOW_CTX_DAG_RUN_ID='scheduled__2026-01-13T19:00:00+00:00'
[2026-01-17T13:20:32.126+0000] {python.py:202} INFO - Done. Returned value was: ./iris.csv
[2026-01-17T13:20:32.172+0000] {taskinstance.py:1149} INFO - Marking task as SUCCESS. dag_id=ModelDevelop, task_id=get_data, execution_date=20260113T190000, start_date=20260117T132031, end_date=20260117T132032
[2026-01-17T13:20:32.213+0000] {local_task_job_runner.py:234} INFO - Task exited with return code 0
[2026-01-17T13:20:32.229+0000] {taskinstance.py:3312} INFO - 1 downstream tasks scheduled from follow-on schedule check
[2026-01-17T13:42:06.846+0000] {taskinstance.py:1979} INFO - Dependencies all met for dep_context=non-requeueable deps ti=<TaskInstance: ModelDevelop.get_data scheduled__2026-01-13T19:00:00+00:00 [queued]>
[2026-01-17T13:42:06.852+0000] {taskinstance.py:1979} INFO - Dependencies all met for dep_context=requeueable deps ti=<TaskInstance: ModelDevelop.get_data scheduled__2026-01-13T19:00:00+00:00 [queued]>
[2026-01-17T13:42:06.852+0000] {taskinstance.py:2193} INFO - Starting attempt 1 of 2
[2026-01-17T13:42:06.861+0000] {taskinstance.py:2217} INFO - Executing <Task(PythonOperator): get_data> on 2026-01-13 19:00:00+00:00
[2026-01-17T13:42:06.879+0000] {standard_task_runner.py:60} INFO - Started process 37828 to run task
[2026-01-17T13:42:06.885+0000] {standard_task_runner.py:87} INFO - Running: ['***', 'tasks', 'run', 'ModelDevelop', 'get_data', 'scheduled__2026-01-13T19:00:00+00:00', '--job-id', '564', '--raw', '--subdir', 'DAGS_FOLDER/example.py', '--cfg-path', '/tmp/tmpa93bkt3k']
[2026-01-17T13:42:06.886+0000] {standard_task_runner.py:88} INFO - Job 564: Subtask get_data
[2026-01-17T13:42:06.895+0000] {warnings.py:109} WARNING - /home/***/.local/lib/python3.9/site-packages/***/settings.py:194: DeprecationWarning: The sql_alchemy_conn option in [core] has been moved to the sql_alchemy_conn option in [database] - the old setting has been used, but please update your config.
  SQL_ALCHEMY_CONN = conf.get("database", "SQL_ALCHEMY_CONN")

[2026-01-17T13:42:06.921+0000] {task_command.py:423} INFO - Running <TaskInstance: ModelDevelop.get_data scheduled__2026-01-13T19:00:00+00:00 [running]> on host 5330652dc216
[2026-01-17T13:42:06.981+0000] {taskinstance.py:2513} INFO - Exporting env vars: AIRFLOW_CTX_DAG_OWNER='***' AIRFLOW_CTX_DAG_ID='ModelDevelop' AIRFLOW_CTX_TASK_ID='get_data' AIRFLOW_CTX_EXECUTION_DATE='2026-01-13T19:00:00+00:00' AIRFLOW_CTX_TRY_NUMBER='1' AIRFLOW_CTX_DAG_RUN_ID='scheduled__2026-01-13T19:00:00+00:00'
[2026-01-17T13:42:06.991+0000] {python.py:202} INFO - Done. Returned value was: ./iris.csv
[2026-01-17T13:42:07.007+0000] {taskinstance.py:1149} INFO - Marking task as SUCCESS. dag_id=ModelDevelop, task_id=get_data, execution_date=20260113T190000, start_date=20260117T134206, end_date=20260117T134207
[2026-01-17T13:42:07.056+0000] {local_task_job_runner.py:234} INFO - Task exited with return code 0
[2026-01-17T13:42:07.147+0000] {taskinstance.py:3312} INFO - 0 downstream tasks scheduled from follow-on schedule check
