[2026-01-16T07:57:19.199+0000] {taskinstance.py:1979} INFO - Dependencies all met for dep_context=non-requeueable deps ti=<TaskInstance: ModelDevelop.get_data scheduled__2026-01-15T12:00:00+00:00 [queued]>
[2026-01-16T07:57:19.206+0000] {taskinstance.py:1979} INFO - Dependencies all met for dep_context=requeueable deps ti=<TaskInstance: ModelDevelop.get_data scheduled__2026-01-15T12:00:00+00:00 [queued]>
[2026-01-16T07:57:19.207+0000] {taskinstance.py:2193} INFO - Starting attempt 1 of 2
[2026-01-16T07:57:19.282+0000] {taskinstance.py:2217} INFO - Executing <Task(PythonOperator): get_data> on 2026-01-15 12:00:00+00:00
[2026-01-16T07:57:19.291+0000] {standard_task_runner.py:60} INFO - Started process 43359 to run task
[2026-01-16T07:57:19.294+0000] {standard_task_runner.py:87} INFO - Running: ['***', 'tasks', 'run', 'ModelDevelop', 'get_data', 'scheduled__2026-01-15T12:00:00+00:00', '--job-id', '646', '--raw', '--subdir', 'DAGS_FOLDER/example.py', '--cfg-path', '/tmp/tmp991d745r']
[2026-01-16T07:57:19.295+0000] {standard_task_runner.py:88} INFO - Job 646: Subtask get_data
[2026-01-16T07:57:19.303+0000] {warnings.py:109} WARNING - /home/***/.local/lib/python3.9/site-packages/***/settings.py:194: DeprecationWarning: The sql_alchemy_conn option in [core] has been moved to the sql_alchemy_conn option in [database] - the old setting has been used, but please update your config.
  SQL_ALCHEMY_CONN = conf.get("database", "SQL_ALCHEMY_CONN")

[2026-01-16T07:57:19.328+0000] {task_command.py:423} INFO - Running <TaskInstance: ModelDevelop.get_data scheduled__2026-01-15T12:00:00+00:00 [running]> on host 8a4f043652f0
[2026-01-16T07:57:19.440+0000] {taskinstance.py:2513} INFO - Exporting env vars: AIRFLOW_CTX_DAG_OWNER='***' AIRFLOW_CTX_DAG_ID='ModelDevelop' AIRFLOW_CTX_TASK_ID='get_data' AIRFLOW_CTX_EXECUTION_DATE='2026-01-15T12:00:00+00:00' AIRFLOW_CTX_TRY_NUMBER='1' AIRFLOW_CTX_DAG_RUN_ID='scheduled__2026-01-15T12:00:00+00:00'
[2026-01-16T07:57:19.454+0000] {python.py:202} INFO - Done. Returned value was: ./iris.csv
[2026-01-16T07:57:19.482+0000] {taskinstance.py:1149} INFO - Marking task as SUCCESS. dag_id=ModelDevelop, task_id=get_data, execution_date=20260115T120000, start_date=20260116T075719, end_date=20260116T075719
[2026-01-16T07:57:19.546+0000] {local_task_job_runner.py:234} INFO - Task exited with return code 0
[2026-01-16T07:57:19.631+0000] {taskinstance.py:3312} INFO - 0 downstream tasks scheduled from follow-on schedule check
[2026-01-17T13:21:00.674+0000] {taskinstance.py:1979} INFO - Dependencies all met for dep_context=non-requeueable deps ti=<TaskInstance: ModelDevelop.get_data scheduled__2026-01-15T12:00:00+00:00 [queued]>
[2026-01-17T13:21:00.679+0000] {taskinstance.py:1979} INFO - Dependencies all met for dep_context=requeueable deps ti=<TaskInstance: ModelDevelop.get_data scheduled__2026-01-15T12:00:00+00:00 [queued]>
[2026-01-17T13:21:00.679+0000] {taskinstance.py:2193} INFO - Starting attempt 1 of 2
[2026-01-17T13:21:00.687+0000] {taskinstance.py:2217} INFO - Executing <Task(PythonOperator): get_data> on 2026-01-15 12:00:00+00:00
[2026-01-17T13:21:00.694+0000] {standard_task_runner.py:60} INFO - Started process 43456 to run task
[2026-01-17T13:21:00.697+0000] {standard_task_runner.py:87} INFO - Running: ['***', 'tasks', 'run', 'ModelDevelop', 'get_data', 'scheduled__2026-01-15T12:00:00+00:00', '--job-id', '647', '--raw', '--subdir', 'DAGS_FOLDER/example.py', '--cfg-path', '/tmp/tmpwrr7gqin']
[2026-01-17T13:21:00.698+0000] {standard_task_runner.py:88} INFO - Job 647: Subtask get_data
[2026-01-17T13:21:00.708+0000] {warnings.py:109} WARNING - /home/***/.local/lib/python3.9/site-packages/***/settings.py:194: DeprecationWarning: The sql_alchemy_conn option in [core] has been moved to the sql_alchemy_conn option in [database] - the old setting has been used, but please update your config.
  SQL_ALCHEMY_CONN = conf.get("database", "SQL_ALCHEMY_CONN")

[2026-01-17T13:21:00.735+0000] {task_command.py:423} INFO - Running <TaskInstance: ModelDevelop.get_data scheduled__2026-01-15T12:00:00+00:00 [running]> on host ed3184b6b543
[2026-01-17T13:21:00.801+0000] {taskinstance.py:2513} INFO - Exporting env vars: AIRFLOW_CTX_DAG_OWNER='***' AIRFLOW_CTX_DAG_ID='ModelDevelop' AIRFLOW_CTX_TASK_ID='get_data' AIRFLOW_CTX_EXECUTION_DATE='2026-01-15T12:00:00+00:00' AIRFLOW_CTX_TRY_NUMBER='1' AIRFLOW_CTX_DAG_RUN_ID='scheduled__2026-01-15T12:00:00+00:00'
[2026-01-17T13:21:00.812+0000] {python.py:202} INFO - Done. Returned value was: ./iris.csv
[2026-01-17T13:21:00.849+0000] {taskinstance.py:1149} INFO - Marking task as SUCCESS. dag_id=ModelDevelop, task_id=get_data, execution_date=20260115T120000, start_date=20260117T132100, end_date=20260117T132100
[2026-01-17T13:21:00.909+0000] {local_task_job_runner.py:234} INFO - Task exited with return code 0
[2026-01-17T13:21:00.991+0000] {taskinstance.py:3312} INFO - 0 downstream tasks scheduled from follow-on schedule check
[2026-01-17T13:42:28.364+0000] {taskinstance.py:1979} INFO - Dependencies all met for dep_context=non-requeueable deps ti=<TaskInstance: ModelDevelop.get_data scheduled__2026-01-15T12:00:00+00:00 [queued]>
[2026-01-17T13:42:28.371+0000] {taskinstance.py:1979} INFO - Dependencies all met for dep_context=requeueable deps ti=<TaskInstance: ModelDevelop.get_data scheduled__2026-01-15T12:00:00+00:00 [queued]>
[2026-01-17T13:42:28.371+0000] {taskinstance.py:2193} INFO - Starting attempt 1 of 2
[2026-01-17T13:42:28.380+0000] {taskinstance.py:2217} INFO - Executing <Task(PythonOperator): get_data> on 2026-01-15 12:00:00+00:00
[2026-01-17T13:42:28.387+0000] {standard_task_runner.py:60} INFO - Started process 42425 to run task
[2026-01-17T13:42:28.390+0000] {standard_task_runner.py:87} INFO - Running: ['***', 'tasks', 'run', 'ModelDevelop', 'get_data', 'scheduled__2026-01-15T12:00:00+00:00', '--job-id', '636', '--raw', '--subdir', 'DAGS_FOLDER/example.py', '--cfg-path', '/tmp/tmpmfex4z5p']
[2026-01-17T13:42:28.391+0000] {standard_task_runner.py:88} INFO - Job 636: Subtask get_data
[2026-01-17T13:42:28.400+0000] {warnings.py:109} WARNING - /home/***/.local/lib/python3.9/site-packages/***/settings.py:194: DeprecationWarning: The sql_alchemy_conn option in [core] has been moved to the sql_alchemy_conn option in [database] - the old setting has been used, but please update your config.
  SQL_ALCHEMY_CONN = conf.get("database", "SQL_ALCHEMY_CONN")

[2026-01-17T13:42:28.431+0000] {task_command.py:423} INFO - Running <TaskInstance: ModelDevelop.get_data scheduled__2026-01-15T12:00:00+00:00 [running]> on host 5330652dc216
[2026-01-17T13:42:28.540+0000] {taskinstance.py:2513} INFO - Exporting env vars: AIRFLOW_CTX_DAG_OWNER='***' AIRFLOW_CTX_DAG_ID='ModelDevelop' AIRFLOW_CTX_TASK_ID='get_data' AIRFLOW_CTX_EXECUTION_DATE='2026-01-15T12:00:00+00:00' AIRFLOW_CTX_TRY_NUMBER='1' AIRFLOW_CTX_DAG_RUN_ID='scheduled__2026-01-15T12:00:00+00:00'
[2026-01-17T13:42:28.552+0000] {python.py:202} INFO - Done. Returned value was: ./iris.csv
[2026-01-17T13:42:28.581+0000] {taskinstance.py:1149} INFO - Marking task as SUCCESS. dag_id=ModelDevelop, task_id=get_data, execution_date=20260115T120000, start_date=20260117T134228, end_date=20260117T134228
[2026-01-17T13:42:28.602+0000] {local_task_job_runner.py:234} INFO - Task exited with return code 0
[2026-01-17T13:42:28.648+0000] {taskinstance.py:3312} INFO - 0 downstream tasks scheduled from follow-on schedule check
