[2026-01-16T07:55:26.681+0000] {taskinstance.py:1979} INFO - Dependencies all met for dep_context=non-requeueable deps ti=<TaskInstance: ModelDevelop.get_data scheduled__2026-01-08T02:00:00+00:00 [queued]>
[2026-01-16T07:55:26.687+0000] {taskinstance.py:1979} INFO - Dependencies all met for dep_context=requeueable deps ti=<TaskInstance: ModelDevelop.get_data scheduled__2026-01-08T02:00:00+00:00 [queued]>
[2026-01-16T07:55:26.688+0000] {taskinstance.py:2193} INFO - Starting attempt 1 of 2
[2026-01-16T07:55:26.697+0000] {taskinstance.py:2217} INFO - Executing <Task(PythonOperator): get_data> on 2026-01-08 02:00:00+00:00
[2026-01-16T07:55:26.707+0000] {standard_task_runner.py:60} INFO - Started process 19707 to run task
[2026-01-16T07:55:26.709+0000] {standard_task_runner.py:87} INFO - Running: ['***', 'tasks', 'run', 'ModelDevelop', 'get_data', 'scheduled__2026-01-08T02:00:00+00:00', '--job-id', '292', '--raw', '--subdir', 'DAGS_FOLDER/example.py', '--cfg-path', '/tmp/tmp65o86ihy']
[2026-01-16T07:55:26.710+0000] {standard_task_runner.py:88} INFO - Job 292: Subtask get_data
[2026-01-16T07:55:26.723+0000] {warnings.py:109} WARNING - /home/***/.local/lib/python3.9/site-packages/***/settings.py:194: DeprecationWarning: The sql_alchemy_conn option in [core] has been moved to the sql_alchemy_conn option in [database] - the old setting has been used, but please update your config.
  SQL_ALCHEMY_CONN = conf.get("database", "SQL_ALCHEMY_CONN")

[2026-01-16T07:55:26.764+0000] {task_command.py:423} INFO - Running <TaskInstance: ModelDevelop.get_data scheduled__2026-01-08T02:00:00+00:00 [running]> on host 8a4f043652f0
[2026-01-16T07:55:26.860+0000] {taskinstance.py:2513} INFO - Exporting env vars: AIRFLOW_CTX_DAG_OWNER='***' AIRFLOW_CTX_DAG_ID='ModelDevelop' AIRFLOW_CTX_TASK_ID='get_data' AIRFLOW_CTX_EXECUTION_DATE='2026-01-08T02:00:00+00:00' AIRFLOW_CTX_TRY_NUMBER='1' AIRFLOW_CTX_DAG_RUN_ID='scheduled__2026-01-08T02:00:00+00:00'
[2026-01-16T07:55:26.872+0000] {python.py:202} INFO - Done. Returned value was: ./iris.csv
[2026-01-16T07:55:26.921+0000] {taskinstance.py:1149} INFO - Marking task as SUCCESS. dag_id=ModelDevelop, task_id=get_data, execution_date=20260108T020000, start_date=20260116T075526, end_date=20260116T075526
[2026-01-16T07:55:26.964+0000] {local_task_job_runner.py:234} INFO - Task exited with return code 0
[2026-01-16T07:55:26.980+0000] {taskinstance.py:3312} INFO - 1 downstream tasks scheduled from follow-on schedule check
[2026-01-17T13:19:05.224+0000] {taskinstance.py:1979} INFO - Dependencies all met for dep_context=non-requeueable deps ti=<TaskInstance: ModelDevelop.get_data scheduled__2026-01-08T02:00:00+00:00 [queued]>
[2026-01-17T13:19:05.230+0000] {taskinstance.py:1979} INFO - Dependencies all met for dep_context=requeueable deps ti=<TaskInstance: ModelDevelop.get_data scheduled__2026-01-08T02:00:00+00:00 [queued]>
[2026-01-17T13:19:05.230+0000] {taskinstance.py:2193} INFO - Starting attempt 1 of 2
[2026-01-17T13:19:05.239+0000] {taskinstance.py:2217} INFO - Executing <Task(PythonOperator): get_data> on 2026-01-08 02:00:00+00:00
[2026-01-17T13:19:05.247+0000] {standard_task_runner.py:60} INFO - Started process 19740 to run task
[2026-01-17T13:19:05.258+0000] {standard_task_runner.py:87} INFO - Running: ['***', 'tasks', 'run', 'ModelDevelop', 'get_data', 'scheduled__2026-01-08T02:00:00+00:00', '--job-id', '293', '--raw', '--subdir', 'DAGS_FOLDER/example.py', '--cfg-path', '/tmp/tmp9vdnpyfz']
[2026-01-17T13:19:05.259+0000] {standard_task_runner.py:88} INFO - Job 293: Subtask get_data
[2026-01-17T13:19:05.309+0000] {warnings.py:109} WARNING - /home/***/.local/lib/python3.9/site-packages/***/settings.py:194: DeprecationWarning: The sql_alchemy_conn option in [core] has been moved to the sql_alchemy_conn option in [database] - the old setting has been used, but please update your config.
  SQL_ALCHEMY_CONN = conf.get("database", "SQL_ALCHEMY_CONN")

[2026-01-17T13:19:05.374+0000] {task_command.py:423} INFO - Running <TaskInstance: ModelDevelop.get_data scheduled__2026-01-08T02:00:00+00:00 [running]> on host ed3184b6b543
[2026-01-17T13:19:05.436+0000] {taskinstance.py:2513} INFO - Exporting env vars: AIRFLOW_CTX_DAG_OWNER='***' AIRFLOW_CTX_DAG_ID='ModelDevelop' AIRFLOW_CTX_TASK_ID='get_data' AIRFLOW_CTX_EXECUTION_DATE='2026-01-08T02:00:00+00:00' AIRFLOW_CTX_TRY_NUMBER='1' AIRFLOW_CTX_DAG_RUN_ID='scheduled__2026-01-08T02:00:00+00:00'
[2026-01-17T13:19:05.448+0000] {python.py:202} INFO - Done. Returned value was: ./iris.csv
[2026-01-17T13:19:05.494+0000] {taskinstance.py:1149} INFO - Marking task as SUCCESS. dag_id=ModelDevelop, task_id=get_data, execution_date=20260108T020000, start_date=20260117T131905, end_date=20260117T131905
[2026-01-17T13:19:05.547+0000] {local_task_job_runner.py:234} INFO - Task exited with return code 0
[2026-01-17T13:19:05.561+0000] {taskinstance.py:3312} INFO - 0 downstream tasks scheduled from follow-on schedule check
[2026-01-17T13:40:25.725+0000] {taskinstance.py:1979} INFO - Dependencies all met for dep_context=non-requeueable deps ti=<TaskInstance: ModelDevelop.get_data scheduled__2026-01-08T02:00:00+00:00 [queued]>
[2026-01-17T13:40:25.729+0000] {taskinstance.py:1979} INFO - Dependencies all met for dep_context=requeueable deps ti=<TaskInstance: ModelDevelop.get_data scheduled__2026-01-08T02:00:00+00:00 [queued]>
[2026-01-17T13:40:25.729+0000] {taskinstance.py:2193} INFO - Starting attempt 1 of 2
[2026-01-17T13:40:25.736+0000] {taskinstance.py:2217} INFO - Executing <Task(PythonOperator): get_data> on 2026-01-08 02:00:00+00:00
[2026-01-17T13:40:25.744+0000] {standard_task_runner.py:60} INFO - Started process 18613 to run task
[2026-01-17T13:40:25.746+0000] {standard_task_runner.py:87} INFO - Running: ['***', 'tasks', 'run', 'ModelDevelop', 'get_data', 'scheduled__2026-01-08T02:00:00+00:00', '--job-id', '282', '--raw', '--subdir', 'DAGS_FOLDER/example.py', '--cfg-path', '/tmp/tmp4l2kkfyr']
[2026-01-17T13:40:25.747+0000] {standard_task_runner.py:88} INFO - Job 282: Subtask get_data
[2026-01-17T13:40:25.755+0000] {warnings.py:109} WARNING - /home/***/.local/lib/python3.9/site-packages/***/settings.py:194: DeprecationWarning: The sql_alchemy_conn option in [core] has been moved to the sql_alchemy_conn option in [database] - the old setting has been used, but please update your config.
  SQL_ALCHEMY_CONN = conf.get("database", "SQL_ALCHEMY_CONN")

[2026-01-17T13:40:25.780+0000] {task_command.py:423} INFO - Running <TaskInstance: ModelDevelop.get_data scheduled__2026-01-08T02:00:00+00:00 [running]> on host 5330652dc216
[2026-01-17T13:40:25.892+0000] {taskinstance.py:2513} INFO - Exporting env vars: AIRFLOW_CTX_DAG_OWNER='***' AIRFLOW_CTX_DAG_ID='ModelDevelop' AIRFLOW_CTX_TASK_ID='get_data' AIRFLOW_CTX_EXECUTION_DATE='2026-01-08T02:00:00+00:00' AIRFLOW_CTX_TRY_NUMBER='1' AIRFLOW_CTX_DAG_RUN_ID='scheduled__2026-01-08T02:00:00+00:00'
[2026-01-17T13:40:25.902+0000] {python.py:202} INFO - Done. Returned value was: ./iris.csv
[2026-01-17T13:40:25.942+0000] {taskinstance.py:1149} INFO - Marking task as SUCCESS. dag_id=ModelDevelop, task_id=get_data, execution_date=20260108T020000, start_date=20260117T134025, end_date=20260117T134025
[2026-01-17T13:40:25.999+0000] {local_task_job_runner.py:234} INFO - Task exited with return code 0
[2026-01-17T13:40:26.021+0000] {taskinstance.py:3312} INFO - 1 downstream tasks scheduled from follow-on schedule check
