[2026-01-16T07:57:29.591+0000] {taskinstance.py:1979} INFO - Dependencies all met for dep_context=non-requeueable deps ti=<TaskInstance: ModelDevelop.get_data scheduled__2026-01-16T00:00:00+00:00 [queued]>
[2026-01-16T07:57:29.595+0000] {taskinstance.py:1979} INFO - Dependencies all met for dep_context=requeueable deps ti=<TaskInstance: ModelDevelop.get_data scheduled__2026-01-16T00:00:00+00:00 [queued]>
[2026-01-16T07:57:29.595+0000] {taskinstance.py:2193} INFO - Starting attempt 1 of 2
[2026-01-16T07:57:29.601+0000] {taskinstance.py:2217} INFO - Executing <Task(PythonOperator): get_data> on 2026-01-16 00:00:00+00:00
[2026-01-16T07:57:29.607+0000] {standard_task_runner.py:60} INFO - Started process 45328 to run task
[2026-01-16T07:57:29.609+0000] {standard_task_runner.py:87} INFO - Running: ['***', 'tasks', 'run', 'ModelDevelop', 'get_data', 'scheduled__2026-01-16T00:00:00+00:00', '--job-id', '674', '--raw', '--subdir', 'DAGS_FOLDER/example.py', '--cfg-path', '/tmp/tmpxo_mk59i']
[2026-01-16T07:57:29.610+0000] {standard_task_runner.py:88} INFO - Job 674: Subtask get_data
[2026-01-16T07:57:29.618+0000] {warnings.py:109} WARNING - /home/***/.local/lib/python3.9/site-packages/***/settings.py:194: DeprecationWarning: The sql_alchemy_conn option in [core] has been moved to the sql_alchemy_conn option in [database] - the old setting has been used, but please update your config.
  SQL_ALCHEMY_CONN = conf.get("database", "SQL_ALCHEMY_CONN")

[2026-01-16T07:57:29.640+0000] {task_command.py:423} INFO - Running <TaskInstance: ModelDevelop.get_data scheduled__2026-01-16T00:00:00+00:00 [running]> on host 8a4f043652f0
[2026-01-16T07:57:29.688+0000] {taskinstance.py:2513} INFO - Exporting env vars: AIRFLOW_CTX_DAG_OWNER='***' AIRFLOW_CTX_DAG_ID='ModelDevelop' AIRFLOW_CTX_TASK_ID='get_data' AIRFLOW_CTX_EXECUTION_DATE='2026-01-16T00:00:00+00:00' AIRFLOW_CTX_TRY_NUMBER='1' AIRFLOW_CTX_DAG_RUN_ID='scheduled__2026-01-16T00:00:00+00:00'
[2026-01-16T07:57:29.696+0000] {python.py:202} INFO - Done. Returned value was: ./iris.csv
[2026-01-16T07:57:29.708+0000] {taskinstance.py:1149} INFO - Marking task as SUCCESS. dag_id=ModelDevelop, task_id=get_data, execution_date=20260116T000000, start_date=20260116T075729, end_date=20260116T075729
[2026-01-16T07:57:29.741+0000] {local_task_job_runner.py:234} INFO - Task exited with return code 0
[2026-01-16T07:57:29.755+0000] {taskinstance.py:3312} INFO - 1 downstream tasks scheduled from follow-on schedule check
[2026-01-17T13:21:02.245+0000] {taskinstance.py:1979} INFO - Dependencies all met for dep_context=non-requeueable deps ti=<TaskInstance: ModelDevelop.get_data scheduled__2026-01-16T00:00:00+00:00 [queued]>
[2026-01-17T13:21:02.253+0000] {taskinstance.py:1979} INFO - Dependencies all met for dep_context=requeueable deps ti=<TaskInstance: ModelDevelop.get_data scheduled__2026-01-16T00:00:00+00:00 [queued]>
[2026-01-17T13:21:02.253+0000] {taskinstance.py:2193} INFO - Starting attempt 1 of 2
[2026-01-17T13:21:02.262+0000] {taskinstance.py:2217} INFO - Executing <Task(PythonOperator): get_data> on 2026-01-16 00:00:00+00:00
[2026-01-17T13:21:02.270+0000] {standard_task_runner.py:60} INFO - Started process 43933 to run task
[2026-01-17T13:21:02.272+0000] {standard_task_runner.py:87} INFO - Running: ['***', 'tasks', 'run', 'ModelDevelop', 'get_data', 'scheduled__2026-01-16T00:00:00+00:00', '--job-id', '659', '--raw', '--subdir', 'DAGS_FOLDER/example.py', '--cfg-path', '/tmp/tmp98dyudya']
[2026-01-17T13:21:02.273+0000] {standard_task_runner.py:88} INFO - Job 659: Subtask get_data
[2026-01-17T13:21:02.284+0000] {warnings.py:109} WARNING - /home/***/.local/lib/python3.9/site-packages/***/settings.py:194: DeprecationWarning: The sql_alchemy_conn option in [core] has been moved to the sql_alchemy_conn option in [database] - the old setting has been used, but please update your config.
  SQL_ALCHEMY_CONN = conf.get("database", "SQL_ALCHEMY_CONN")

[2026-01-17T13:21:02.313+0000] {task_command.py:423} INFO - Running <TaskInstance: ModelDevelop.get_data scheduled__2026-01-16T00:00:00+00:00 [running]> on host ed3184b6b543
[2026-01-17T13:21:02.376+0000] {taskinstance.py:2513} INFO - Exporting env vars: AIRFLOW_CTX_DAG_OWNER='***' AIRFLOW_CTX_DAG_ID='ModelDevelop' AIRFLOW_CTX_TASK_ID='get_data' AIRFLOW_CTX_EXECUTION_DATE='2026-01-16T00:00:00+00:00' AIRFLOW_CTX_TRY_NUMBER='1' AIRFLOW_CTX_DAG_RUN_ID='scheduled__2026-01-16T00:00:00+00:00'
[2026-01-17T13:21:02.386+0000] {python.py:202} INFO - Done. Returned value was: ./iris.csv
[2026-01-17T13:21:02.402+0000] {taskinstance.py:1149} INFO - Marking task as SUCCESS. dag_id=ModelDevelop, task_id=get_data, execution_date=20260116T000000, start_date=20260117T132102, end_date=20260117T132102
[2026-01-17T13:21:02.445+0000] {local_task_job_runner.py:234} INFO - Task exited with return code 0
[2026-01-17T13:21:02.484+0000] {taskinstance.py:3312} INFO - 1 downstream tasks scheduled from follow-on schedule check
[2026-01-17T13:42:37.750+0000] {taskinstance.py:1979} INFO - Dependencies all met for dep_context=non-requeueable deps ti=<TaskInstance: ModelDevelop.get_data scheduled__2026-01-16T00:00:00+00:00 [queued]>
[2026-01-17T13:42:37.756+0000] {taskinstance.py:1979} INFO - Dependencies all met for dep_context=requeueable deps ti=<TaskInstance: ModelDevelop.get_data scheduled__2026-01-16T00:00:00+00:00 [queued]>
[2026-01-17T13:42:37.757+0000] {taskinstance.py:2193} INFO - Starting attempt 1 of 2
[2026-01-17T13:42:37.767+0000] {taskinstance.py:2217} INFO - Executing <Task(PythonOperator): get_data> on 2026-01-16 00:00:00+00:00
[2026-01-17T13:42:37.775+0000] {standard_task_runner.py:60} INFO - Started process 44372 to run task
[2026-01-17T13:42:37.778+0000] {standard_task_runner.py:87} INFO - Running: ['***', 'tasks', 'run', 'ModelDevelop', 'get_data', 'scheduled__2026-01-16T00:00:00+00:00', '--job-id', '665', '--raw', '--subdir', 'DAGS_FOLDER/example.py', '--cfg-path', '/tmp/tmpruo9evjd']
[2026-01-17T13:42:37.778+0000] {standard_task_runner.py:88} INFO - Job 665: Subtask get_data
[2026-01-17T13:42:37.788+0000] {warnings.py:109} WARNING - /home/***/.local/lib/python3.9/site-packages/***/settings.py:194: DeprecationWarning: The sql_alchemy_conn option in [core] has been moved to the sql_alchemy_conn option in [database] - the old setting has been used, but please update your config.
  SQL_ALCHEMY_CONN = conf.get("database", "SQL_ALCHEMY_CONN")

[2026-01-17T13:42:37.817+0000] {task_command.py:423} INFO - Running <TaskInstance: ModelDevelop.get_data scheduled__2026-01-16T00:00:00+00:00 [running]> on host 5330652dc216
[2026-01-17T13:42:37.892+0000] {taskinstance.py:2513} INFO - Exporting env vars: AIRFLOW_CTX_DAG_OWNER='***' AIRFLOW_CTX_DAG_ID='ModelDevelop' AIRFLOW_CTX_TASK_ID='get_data' AIRFLOW_CTX_EXECUTION_DATE='2026-01-16T00:00:00+00:00' AIRFLOW_CTX_TRY_NUMBER='1' AIRFLOW_CTX_DAG_RUN_ID='scheduled__2026-01-16T00:00:00+00:00'
[2026-01-17T13:42:37.904+0000] {python.py:202} INFO - Done. Returned value was: ./iris.csv
[2026-01-17T13:42:37.952+0000] {taskinstance.py:1149} INFO - Marking task as SUCCESS. dag_id=ModelDevelop, task_id=get_data, execution_date=20260116T000000, start_date=20260117T134237, end_date=20260117T134237
[2026-01-17T13:42:37.991+0000] {local_task_job_runner.py:234} INFO - Task exited with return code 0
[2026-01-17T13:42:38.014+0000] {taskinstance.py:3312} INFO - 1 downstream tasks scheduled from follow-on schedule check
