[2026-01-16T07:54:23.229+0000] {taskinstance.py:1979} INFO - Dependencies all met for dep_context=non-requeueable deps ti=<TaskInstance: ModelDevelop.get_data scheduled__2026-01-04T00:00:00+00:00 [queued]>
[2026-01-16T07:54:23.234+0000] {taskinstance.py:1979} INFO - Dependencies all met for dep_context=requeueable deps ti=<TaskInstance: ModelDevelop.get_data scheduled__2026-01-04T00:00:00+00:00 [queued]>
[2026-01-16T07:54:23.235+0000] {taskinstance.py:2193} INFO - Starting attempt 1 of 2
[2026-01-16T07:54:23.302+0000] {taskinstance.py:2217} INFO - Executing <Task(PythonOperator): get_data> on 2026-01-04 00:00:00+00:00
[2026-01-16T07:54:23.312+0000] {standard_task_runner.py:60} INFO - Started process 6874 to run task
[2026-01-16T07:54:23.314+0000] {standard_task_runner.py:87} INFO - Running: ['***', 'tasks', 'run', 'ModelDevelop', 'get_data', 'scheduled__2026-01-04T00:00:00+00:00', '--job-id', '99', '--raw', '--subdir', 'DAGS_FOLDER/example.py', '--cfg-path', '/tmp/tmpho97s917']
[2026-01-16T07:54:23.315+0000] {standard_task_runner.py:88} INFO - Job 99: Subtask get_data
[2026-01-16T07:54:23.328+0000] {warnings.py:109} WARNING - /home/***/.local/lib/python3.9/site-packages/***/settings.py:194: DeprecationWarning: The sql_alchemy_conn option in [core] has been moved to the sql_alchemy_conn option in [database] - the old setting has been used, but please update your config.
  SQL_ALCHEMY_CONN = conf.get("database", "SQL_ALCHEMY_CONN")

[2026-01-16T07:54:23.356+0000] {task_command.py:423} INFO - Running <TaskInstance: ModelDevelop.get_data scheduled__2026-01-04T00:00:00+00:00 [running]> on host 8a4f043652f0
[2026-01-16T07:54:23.418+0000] {taskinstance.py:2513} INFO - Exporting env vars: AIRFLOW_CTX_DAG_OWNER='***' AIRFLOW_CTX_DAG_ID='ModelDevelop' AIRFLOW_CTX_TASK_ID='get_data' AIRFLOW_CTX_EXECUTION_DATE='2026-01-04T00:00:00+00:00' AIRFLOW_CTX_TRY_NUMBER='1' AIRFLOW_CTX_DAG_RUN_ID='scheduled__2026-01-04T00:00:00+00:00'
[2026-01-16T07:54:23.428+0000] {python.py:202} INFO - Done. Returned value was: ./iris.csv
[2026-01-16T07:54:23.442+0000] {taskinstance.py:1149} INFO - Marking task as SUCCESS. dag_id=ModelDevelop, task_id=get_data, execution_date=20260104T000000, start_date=20260116T075423, end_date=20260116T075423
[2026-01-16T07:54:23.486+0000] {local_task_job_runner.py:234} INFO - Task exited with return code 0
[2026-01-16T07:54:23.587+0000] {taskinstance.py:3312} INFO - 0 downstream tasks scheduled from follow-on schedule check
[2026-01-17T13:17:59.975+0000] {taskinstance.py:1979} INFO - Dependencies all met for dep_context=non-requeueable deps ti=<TaskInstance: ModelDevelop.get_data scheduled__2026-01-04T00:00:00+00:00 [queued]>
[2026-01-17T13:17:59.981+0000] {taskinstance.py:1979} INFO - Dependencies all met for dep_context=requeueable deps ti=<TaskInstance: ModelDevelop.get_data scheduled__2026-01-04T00:00:00+00:00 [queued]>
[2026-01-17T13:17:59.981+0000] {taskinstance.py:2193} INFO - Starting attempt 1 of 2
[2026-01-17T13:18:00.039+0000] {taskinstance.py:2217} INFO - Executing <Task(PythonOperator): get_data> on 2026-01-04 00:00:00+00:00
[2026-01-17T13:18:00.049+0000] {standard_task_runner.py:60} INFO - Started process 6809 to run task
[2026-01-17T13:18:00.051+0000] {standard_task_runner.py:87} INFO - Running: ['***', 'tasks', 'run', 'ModelDevelop', 'get_data', 'scheduled__2026-01-04T00:00:00+00:00', '--job-id', '98', '--raw', '--subdir', 'DAGS_FOLDER/example.py', '--cfg-path', '/tmp/tmpdftg5wbc']
[2026-01-17T13:18:00.052+0000] {standard_task_runner.py:88} INFO - Job 98: Subtask get_data
[2026-01-17T13:18:00.065+0000] {warnings.py:109} WARNING - /home/***/.local/lib/python3.9/site-packages/***/settings.py:194: DeprecationWarning: The sql_alchemy_conn option in [core] has been moved to the sql_alchemy_conn option in [database] - the old setting has been used, but please update your config.
  SQL_ALCHEMY_CONN = conf.get("database", "SQL_ALCHEMY_CONN")

[2026-01-17T13:18:00.125+0000] {task_command.py:423} INFO - Running <TaskInstance: ModelDevelop.get_data scheduled__2026-01-04T00:00:00+00:00 [running]> on host ed3184b6b543
[2026-01-17T13:18:00.177+0000] {taskinstance.py:2513} INFO - Exporting env vars: AIRFLOW_CTX_DAG_OWNER='***' AIRFLOW_CTX_DAG_ID='ModelDevelop' AIRFLOW_CTX_TASK_ID='get_data' AIRFLOW_CTX_EXECUTION_DATE='2026-01-04T00:00:00+00:00' AIRFLOW_CTX_TRY_NUMBER='1' AIRFLOW_CTX_DAG_RUN_ID='scheduled__2026-01-04T00:00:00+00:00'
[2026-01-17T13:18:00.186+0000] {python.py:202} INFO - Done. Returned value was: ./iris.csv
[2026-01-17T13:18:00.215+0000] {taskinstance.py:1149} INFO - Marking task as SUCCESS. dag_id=ModelDevelop, task_id=get_data, execution_date=20260104T000000, start_date=20260117T131759, end_date=20260117T131800
[2026-01-17T13:18:00.263+0000] {local_task_job_runner.py:234} INFO - Task exited with return code 0
[2026-01-17T13:18:00.350+0000] {taskinstance.py:3312} INFO - 0 downstream tasks scheduled from follow-on schedule check
[2026-01-17T13:39:21.699+0000] {taskinstance.py:1979} INFO - Dependencies all met for dep_context=non-requeueable deps ti=<TaskInstance: ModelDevelop.get_data scheduled__2026-01-04T00:00:00+00:00 [queued]>
[2026-01-17T13:39:21.707+0000] {taskinstance.py:1979} INFO - Dependencies all met for dep_context=requeueable deps ti=<TaskInstance: ModelDevelop.get_data scheduled__2026-01-04T00:00:00+00:00 [queued]>
[2026-01-17T13:39:21.707+0000] {taskinstance.py:2193} INFO - Starting attempt 1 of 2
[2026-01-17T13:39:21.719+0000] {taskinstance.py:2217} INFO - Executing <Task(PythonOperator): get_data> on 2026-01-04 00:00:00+00:00
[2026-01-17T13:39:21.728+0000] {standard_task_runner.py:60} INFO - Started process 6840 to run task
[2026-01-17T13:39:21.731+0000] {standard_task_runner.py:87} INFO - Running: ['***', 'tasks', 'run', 'ModelDevelop', 'get_data', 'scheduled__2026-01-04T00:00:00+00:00', '--job-id', '98', '--raw', '--subdir', 'DAGS_FOLDER/example.py', '--cfg-path', '/tmp/tmp806wk1wy']
[2026-01-17T13:39:21.731+0000] {standard_task_runner.py:88} INFO - Job 98: Subtask get_data
[2026-01-17T13:39:21.747+0000] {warnings.py:109} WARNING - /home/***/.local/lib/python3.9/site-packages/***/settings.py:194: DeprecationWarning: The sql_alchemy_conn option in [core] has been moved to the sql_alchemy_conn option in [database] - the old setting has been used, but please update your config.
  SQL_ALCHEMY_CONN = conf.get("database", "SQL_ALCHEMY_CONN")

[2026-01-17T13:39:21.806+0000] {task_command.py:423} INFO - Running <TaskInstance: ModelDevelop.get_data scheduled__2026-01-04T00:00:00+00:00 [running]> on host 5330652dc216
[2026-01-17T13:39:21.870+0000] {taskinstance.py:2513} INFO - Exporting env vars: AIRFLOW_CTX_DAG_OWNER='***' AIRFLOW_CTX_DAG_ID='ModelDevelop' AIRFLOW_CTX_TASK_ID='get_data' AIRFLOW_CTX_EXECUTION_DATE='2026-01-04T00:00:00+00:00' AIRFLOW_CTX_TRY_NUMBER='1' AIRFLOW_CTX_DAG_RUN_ID='scheduled__2026-01-04T00:00:00+00:00'
[2026-01-17T13:39:21.880+0000] {python.py:202} INFO - Done. Returned value was: ./iris.csv
[2026-01-17T13:39:21.896+0000] {taskinstance.py:1149} INFO - Marking task as SUCCESS. dag_id=ModelDevelop, task_id=get_data, execution_date=20260104T000000, start_date=20260117T133921, end_date=20260117T133921
[2026-01-17T13:39:21.944+0000] {local_task_job_runner.py:234} INFO - Task exited with return code 0
[2026-01-17T13:39:22.025+0000] {taskinstance.py:3312} INFO - 0 downstream tasks scheduled from follow-on schedule check
