[2026-01-17T02:00:01.563+0000] {taskinstance.py:1979} INFO - Dependencies all met for dep_context=non-requeueable deps ti=<TaskInstance: ModelDevelop.get_data scheduled__2026-01-17T01:00:00+00:00 [queued]>
[2026-01-17T02:00:01.567+0000] {taskinstance.py:1979} INFO - Dependencies all met for dep_context=requeueable deps ti=<TaskInstance: ModelDevelop.get_data scheduled__2026-01-17T01:00:00+00:00 [queued]>
[2026-01-17T02:00:01.567+0000] {taskinstance.py:2193} INFO - Starting attempt 1 of 2
[2026-01-17T02:00:01.573+0000] {taskinstance.py:2217} INFO - Executing <Task(PythonOperator): get_data> on 2026-01-17 01:00:00+00:00
[2026-01-17T02:00:01.579+0000] {standard_task_runner.py:60} INFO - Started process 48480 to run task
[2026-01-17T02:00:01.581+0000] {standard_task_runner.py:87} INFO - Running: ['***', 'tasks', 'run', 'ModelDevelop', 'get_data', 'scheduled__2026-01-17T01:00:00+00:00', '--job-id', '724', '--raw', '--subdir', 'DAGS_FOLDER/example.py', '--cfg-path', '/tmp/tmphtfn5d10']
[2026-01-17T02:00:01.582+0000] {standard_task_runner.py:88} INFO - Job 724: Subtask get_data
[2026-01-17T02:00:01.591+0000] {warnings.py:109} WARNING - /home/***/.local/lib/python3.9/site-packages/***/settings.py:194: DeprecationWarning: The sql_alchemy_conn option in [core] has been moved to the sql_alchemy_conn option in [database] - the old setting has been used, but please update your config.
  SQL_ALCHEMY_CONN = conf.get("database", "SQL_ALCHEMY_CONN")

[2026-01-17T02:00:01.613+0000] {task_command.py:423} INFO - Running <TaskInstance: ModelDevelop.get_data scheduled__2026-01-17T01:00:00+00:00 [running]> on host 8a4f043652f0
[2026-01-17T02:00:01.655+0000] {taskinstance.py:2513} INFO - Exporting env vars: AIRFLOW_CTX_DAG_OWNER='***' AIRFLOW_CTX_DAG_ID='ModelDevelop' AIRFLOW_CTX_TASK_ID='get_data' AIRFLOW_CTX_EXECUTION_DATE='2026-01-17T01:00:00+00:00' AIRFLOW_CTX_TRY_NUMBER='1' AIRFLOW_CTX_DAG_RUN_ID='scheduled__2026-01-17T01:00:00+00:00'
[2026-01-17T02:00:01.663+0000] {python.py:202} INFO - Done. Returned value was: ./iris.csv
[2026-01-17T02:00:01.675+0000] {taskinstance.py:1149} INFO - Marking task as SUCCESS. dag_id=ModelDevelop, task_id=get_data, execution_date=20260117T010000, start_date=20260117T020001, end_date=20260117T020001
[2026-01-17T02:00:01.713+0000] {local_task_job_runner.py:234} INFO - Task exited with return code 0
[2026-01-17T02:00:01.727+0000] {taskinstance.py:3312} INFO - 1 downstream tasks scheduled from follow-on schedule check
[2026-01-17T13:21:20.827+0000] {taskinstance.py:1979} INFO - Dependencies all met for dep_context=non-requeueable deps ti=<TaskInstance: ModelDevelop.get_data scheduled__2026-01-17T01:00:00+00:00 [queued]>
[2026-01-17T13:21:20.835+0000] {taskinstance.py:1979} INFO - Dependencies all met for dep_context=requeueable deps ti=<TaskInstance: ModelDevelop.get_data scheduled__2026-01-17T01:00:00+00:00 [queued]>
[2026-01-17T13:21:20.835+0000] {taskinstance.py:2193} INFO - Starting attempt 1 of 2
[2026-01-17T13:21:20.846+0000] {taskinstance.py:2217} INFO - Executing <Task(PythonOperator): get_data> on 2026-01-17 01:00:00+00:00
[2026-01-17T13:21:20.852+0000] {standard_task_runner.py:60} INFO - Started process 47953 to run task
[2026-01-17T13:21:20.855+0000] {standard_task_runner.py:87} INFO - Running: ['***', 'tasks', 'run', 'ModelDevelop', 'get_data', 'scheduled__2026-01-17T01:00:00+00:00', '--job-id', '717', '--raw', '--subdir', 'DAGS_FOLDER/example.py', '--cfg-path', '/tmp/tmp25r0c3_f']
[2026-01-17T13:21:20.856+0000] {standard_task_runner.py:88} INFO - Job 717: Subtask get_data
[2026-01-17T13:21:20.865+0000] {warnings.py:109} WARNING - /home/***/.local/lib/python3.9/site-packages/***/settings.py:194: DeprecationWarning: The sql_alchemy_conn option in [core] has been moved to the sql_alchemy_conn option in [database] - the old setting has been used, but please update your config.
  SQL_ALCHEMY_CONN = conf.get("database", "SQL_ALCHEMY_CONN")

[2026-01-17T13:21:20.894+0000] {task_command.py:423} INFO - Running <TaskInstance: ModelDevelop.get_data scheduled__2026-01-17T01:00:00+00:00 [running]> on host ed3184b6b543
[2026-01-17T13:21:20.997+0000] {taskinstance.py:2513} INFO - Exporting env vars: AIRFLOW_CTX_DAG_OWNER='***' AIRFLOW_CTX_DAG_ID='ModelDevelop' AIRFLOW_CTX_TASK_ID='get_data' AIRFLOW_CTX_EXECUTION_DATE='2026-01-17T01:00:00+00:00' AIRFLOW_CTX_TRY_NUMBER='1' AIRFLOW_CTX_DAG_RUN_ID='scheduled__2026-01-17T01:00:00+00:00'
[2026-01-17T13:21:21.008+0000] {python.py:202} INFO - Done. Returned value was: ./iris.csv
[2026-01-17T13:21:21.024+0000] {taskinstance.py:1149} INFO - Marking task as SUCCESS. dag_id=ModelDevelop, task_id=get_data, execution_date=20260117T010000, start_date=20260117T132120, end_date=20260117T132121
[2026-01-17T13:21:21.066+0000] {local_task_job_runner.py:234} INFO - Task exited with return code 0
[2026-01-17T13:21:21.103+0000] {taskinstance.py:3312} INFO - 0 downstream tasks scheduled from follow-on schedule check
[2026-01-17T13:42:56.024+0000] {taskinstance.py:1979} INFO - Dependencies all met for dep_context=non-requeueable deps ti=<TaskInstance: ModelDevelop.get_data scheduled__2026-01-17T01:00:00+00:00 [queued]>
[2026-01-17T13:42:56.033+0000] {taskinstance.py:1979} INFO - Dependencies all met for dep_context=requeueable deps ti=<TaskInstance: ModelDevelop.get_data scheduled__2026-01-17T01:00:00+00:00 [queued]>
[2026-01-17T13:42:56.033+0000] {taskinstance.py:2193} INFO - Starting attempt 1 of 2
[2026-01-17T13:42:56.043+0000] {taskinstance.py:2217} INFO - Executing <Task(PythonOperator): get_data> on 2026-01-17 01:00:00+00:00
[2026-01-17T13:42:56.058+0000] {standard_task_runner.py:60} INFO - Started process 48517 to run task
[2026-01-17T13:42:56.066+0000] {standard_task_runner.py:87} INFO - Running: ['***', 'tasks', 'run', 'ModelDevelop', 'get_data', 'scheduled__2026-01-17T01:00:00+00:00', '--job-id', '722', '--raw', '--subdir', 'DAGS_FOLDER/example.py', '--cfg-path', '/tmp/tmpyij3gu9e']
[2026-01-17T13:42:56.067+0000] {standard_task_runner.py:88} INFO - Job 722: Subtask get_data
[2026-01-17T13:42:56.112+0000] {warnings.py:109} WARNING - /home/***/.local/lib/python3.9/site-packages/***/settings.py:194: DeprecationWarning: The sql_alchemy_conn option in [core] has been moved to the sql_alchemy_conn option in [database] - the old setting has been used, but please update your config.
  SQL_ALCHEMY_CONN = conf.get("database", "SQL_ALCHEMY_CONN")

[2026-01-17T13:42:56.152+0000] {task_command.py:423} INFO - Running <TaskInstance: ModelDevelop.get_data scheduled__2026-01-17T01:00:00+00:00 [running]> on host 5330652dc216
[2026-01-17T13:42:56.208+0000] {taskinstance.py:2513} INFO - Exporting env vars: AIRFLOW_CTX_DAG_OWNER='***' AIRFLOW_CTX_DAG_ID='ModelDevelop' AIRFLOW_CTX_TASK_ID='get_data' AIRFLOW_CTX_EXECUTION_DATE='2026-01-17T01:00:00+00:00' AIRFLOW_CTX_TRY_NUMBER='1' AIRFLOW_CTX_DAG_RUN_ID='scheduled__2026-01-17T01:00:00+00:00'
[2026-01-17T13:42:56.217+0000] {python.py:202} INFO - Done. Returned value was: ./iris.csv
[2026-01-17T13:42:56.286+0000] {taskinstance.py:1149} INFO - Marking task as SUCCESS. dag_id=ModelDevelop, task_id=get_data, execution_date=20260117T010000, start_date=20260117T134256, end_date=20260117T134256
[2026-01-17T13:42:56.323+0000] {local_task_job_runner.py:234} INFO - Task exited with return code 0
[2026-01-17T13:42:56.356+0000] {taskinstance.py:3312} INFO - 1 downstream tasks scheduled from follow-on schedule check
