[2026-01-16T07:55:28.093+0000] {taskinstance.py:1979} INFO - Dependencies all met for dep_context=non-requeueable deps ti=<TaskInstance: ModelDevelop.get_data scheduled__2026-01-08T12:00:00+00:00 [queued]>
[2026-01-16T07:55:28.099+0000] {taskinstance.py:1979} INFO - Dependencies all met for dep_context=requeueable deps ti=<TaskInstance: ModelDevelop.get_data scheduled__2026-01-08T12:00:00+00:00 [queued]>
[2026-01-16T07:55:28.099+0000] {taskinstance.py:2193} INFO - Starting attempt 1 of 2
[2026-01-16T07:55:28.112+0000] {taskinstance.py:2217} INFO - Executing <Task(PythonOperator): get_data> on 2026-01-08 12:00:00+00:00
[2026-01-16T07:55:28.127+0000] {standard_task_runner.py:60} INFO - Started process 20145 to run task
[2026-01-16T07:55:28.135+0000] {standard_task_runner.py:87} INFO - Running: ['***', 'tasks', 'run', 'ModelDevelop', 'get_data', 'scheduled__2026-01-08T12:00:00+00:00', '--job-id', '302', '--raw', '--subdir', 'DAGS_FOLDER/example.py', '--cfg-path', '/tmp/tmp03i6_tkm']
[2026-01-16T07:55:28.135+0000] {standard_task_runner.py:88} INFO - Job 302: Subtask get_data
[2026-01-16T07:55:28.160+0000] {warnings.py:109} WARNING - /home/***/.local/lib/python3.9/site-packages/***/settings.py:194: DeprecationWarning: The sql_alchemy_conn option in [core] has been moved to the sql_alchemy_conn option in [database] - the old setting has been used, but please update your config.
  SQL_ALCHEMY_CONN = conf.get("database", "SQL_ALCHEMY_CONN")

[2026-01-16T07:55:28.194+0000] {task_command.py:423} INFO - Running <TaskInstance: ModelDevelop.get_data scheduled__2026-01-08T12:00:00+00:00 [running]> on host 8a4f043652f0
[2026-01-16T07:55:28.282+0000] {taskinstance.py:2513} INFO - Exporting env vars: AIRFLOW_CTX_DAG_OWNER='***' AIRFLOW_CTX_DAG_ID='ModelDevelop' AIRFLOW_CTX_TASK_ID='get_data' AIRFLOW_CTX_EXECUTION_DATE='2026-01-08T12:00:00+00:00' AIRFLOW_CTX_TRY_NUMBER='1' AIRFLOW_CTX_DAG_RUN_ID='scheduled__2026-01-08T12:00:00+00:00'
[2026-01-16T07:55:28.293+0000] {python.py:202} INFO - Done. Returned value was: ./iris.csv
[2026-01-16T07:55:28.309+0000] {taskinstance.py:1149} INFO - Marking task as SUCCESS. dag_id=ModelDevelop, task_id=get_data, execution_date=20260108T120000, start_date=20260116T075528, end_date=20260116T075528
[2026-01-16T07:55:28.360+0000] {local_task_job_runner.py:234} INFO - Task exited with return code 0
[2026-01-16T07:55:28.386+0000] {taskinstance.py:3312} INFO - 0 downstream tasks scheduled from follow-on schedule check
[2026-01-17T13:19:06.323+0000] {taskinstance.py:1979} INFO - Dependencies all met for dep_context=non-requeueable deps ti=<TaskInstance: ModelDevelop.get_data scheduled__2026-01-08T12:00:00+00:00 [queued]>
[2026-01-17T13:19:06.331+0000] {taskinstance.py:1979} INFO - Dependencies all met for dep_context=requeueable deps ti=<TaskInstance: ModelDevelop.get_data scheduled__2026-01-08T12:00:00+00:00 [queued]>
[2026-01-17T13:19:06.331+0000] {taskinstance.py:2193} INFO - Starting attempt 1 of 2
[2026-01-17T13:19:06.341+0000] {taskinstance.py:2217} INFO - Executing <Task(PythonOperator): get_data> on 2026-01-08 12:00:00+00:00
[2026-01-17T13:19:06.349+0000] {standard_task_runner.py:60} INFO - Started process 20081 to run task
[2026-01-17T13:19:06.366+0000] {standard_task_runner.py:87} INFO - Running: ['***', 'tasks', 'run', 'ModelDevelop', 'get_data', 'scheduled__2026-01-08T12:00:00+00:00', '--job-id', '302', '--raw', '--subdir', 'DAGS_FOLDER/example.py', '--cfg-path', '/tmp/tmp0u2l6fb8']
[2026-01-17T13:19:06.367+0000] {standard_task_runner.py:88} INFO - Job 302: Subtask get_data
[2026-01-17T13:19:06.402+0000] {warnings.py:109} WARNING - /home/***/.local/lib/python3.9/site-packages/***/settings.py:194: DeprecationWarning: The sql_alchemy_conn option in [core] has been moved to the sql_alchemy_conn option in [database] - the old setting has been used, but please update your config.
  SQL_ALCHEMY_CONN = conf.get("database", "SQL_ALCHEMY_CONN")

[2026-01-17T13:19:06.457+0000] {task_command.py:423} INFO - Running <TaskInstance: ModelDevelop.get_data scheduled__2026-01-08T12:00:00+00:00 [running]> on host ed3184b6b543
[2026-01-17T13:19:06.546+0000] {taskinstance.py:2513} INFO - Exporting env vars: AIRFLOW_CTX_DAG_OWNER='***' AIRFLOW_CTX_DAG_ID='ModelDevelop' AIRFLOW_CTX_TASK_ID='get_data' AIRFLOW_CTX_EXECUTION_DATE='2026-01-08T12:00:00+00:00' AIRFLOW_CTX_TRY_NUMBER='1' AIRFLOW_CTX_DAG_RUN_ID='scheduled__2026-01-08T12:00:00+00:00'
[2026-01-17T13:19:06.556+0000] {python.py:202} INFO - Done. Returned value was: ./iris.csv
[2026-01-17T13:19:06.572+0000] {taskinstance.py:1149} INFO - Marking task as SUCCESS. dag_id=ModelDevelop, task_id=get_data, execution_date=20260108T120000, start_date=20260117T131906, end_date=20260117T131906
[2026-01-17T13:19:06.604+0000] {local_task_job_runner.py:234} INFO - Task exited with return code 0
[2026-01-17T13:19:06.623+0000] {taskinstance.py:3312} INFO - 1 downstream tasks scheduled from follow-on schedule check
[2026-01-17T13:40:35.369+0000] {taskinstance.py:1979} INFO - Dependencies all met for dep_context=non-requeueable deps ti=<TaskInstance: ModelDevelop.get_data scheduled__2026-01-08T12:00:00+00:00 [queued]>
[2026-01-17T13:40:35.374+0000] {taskinstance.py:1979} INFO - Dependencies all met for dep_context=requeueable deps ti=<TaskInstance: ModelDevelop.get_data scheduled__2026-01-08T12:00:00+00:00 [queued]>
[2026-01-17T13:40:35.374+0000] {taskinstance.py:2193} INFO - Starting attempt 1 of 2
[2026-01-17T13:40:35.381+0000] {taskinstance.py:2217} INFO - Executing <Task(PythonOperator): get_data> on 2026-01-08 12:00:00+00:00
[2026-01-17T13:40:35.392+0000] {standard_task_runner.py:60} INFO - Started process 20648 to run task
[2026-01-17T13:40:35.395+0000] {standard_task_runner.py:87} INFO - Running: ['***', 'tasks', 'run', 'ModelDevelop', 'get_data', 'scheduled__2026-01-08T12:00:00+00:00', '--job-id', '308', '--raw', '--subdir', 'DAGS_FOLDER/example.py', '--cfg-path', '/tmp/tmp5hwd7xlw']
[2026-01-17T13:40:35.402+0000] {standard_task_runner.py:88} INFO - Job 308: Subtask get_data
[2026-01-17T13:40:35.446+0000] {warnings.py:109} WARNING - /home/***/.local/lib/python3.9/site-packages/***/settings.py:194: DeprecationWarning: The sql_alchemy_conn option in [core] has been moved to the sql_alchemy_conn option in [database] - the old setting has been used, but please update your config.
  SQL_ALCHEMY_CONN = conf.get("database", "SQL_ALCHEMY_CONN")

[2026-01-17T13:40:35.476+0000] {task_command.py:423} INFO - Running <TaskInstance: ModelDevelop.get_data scheduled__2026-01-08T12:00:00+00:00 [running]> on host 5330652dc216
[2026-01-17T13:40:35.577+0000] {taskinstance.py:2513} INFO - Exporting env vars: AIRFLOW_CTX_DAG_OWNER='***' AIRFLOW_CTX_DAG_ID='ModelDevelop' AIRFLOW_CTX_TASK_ID='get_data' AIRFLOW_CTX_EXECUTION_DATE='2026-01-08T12:00:00+00:00' AIRFLOW_CTX_TRY_NUMBER='1' AIRFLOW_CTX_DAG_RUN_ID='scheduled__2026-01-08T12:00:00+00:00'
[2026-01-17T13:40:35.586+0000] {python.py:202} INFO - Done. Returned value was: ./iris.csv
[2026-01-17T13:40:35.601+0000] {taskinstance.py:1149} INFO - Marking task as SUCCESS. dag_id=ModelDevelop, task_id=get_data, execution_date=20260108T120000, start_date=20260117T134035, end_date=20260117T134035
[2026-01-17T13:40:35.651+0000] {local_task_job_runner.py:234} INFO - Task exited with return code 0
[2026-01-17T13:40:35.671+0000] {taskinstance.py:3312} INFO - 1 downstream tasks scheduled from follow-on schedule check
