[2026-01-16T07:54:15.045+0000] {taskinstance.py:1979} INFO - Dependencies all met for dep_context=non-requeueable deps ti=<TaskInstance: ModelDevelop.get_data scheduled__2026-01-03T18:00:00+00:00 [queued]>
[2026-01-16T07:54:15.051+0000] {taskinstance.py:1979} INFO - Dependencies all met for dep_context=requeueable deps ti=<TaskInstance: ModelDevelop.get_data scheduled__2026-01-03T18:00:00+00:00 [queued]>
[2026-01-16T07:54:15.051+0000] {taskinstance.py:2193} INFO - Starting attempt 1 of 2
[2026-01-16T07:54:15.134+0000] {taskinstance.py:2217} INFO - Executing <Task(PythonOperator): get_data> on 2026-01-03 18:00:00+00:00
[2026-01-16T07:54:15.141+0000] {standard_task_runner.py:60} INFO - Started process 5041 to run task
[2026-01-16T07:54:15.150+0000] {standard_task_runner.py:87} INFO - Running: ['***', 'tasks', 'run', 'ModelDevelop', 'get_data', 'scheduled__2026-01-03T18:00:00+00:00', '--job-id', '77', '--raw', '--subdir', 'DAGS_FOLDER/example.py', '--cfg-path', '/tmp/tmp3ylhqft1']
[2026-01-16T07:54:15.151+0000] {standard_task_runner.py:88} INFO - Job 77: Subtask get_data
[2026-01-16T07:54:15.211+0000] {warnings.py:109} WARNING - /home/***/.local/lib/python3.9/site-packages/***/settings.py:194: DeprecationWarning: The sql_alchemy_conn option in [core] has been moved to the sql_alchemy_conn option in [database] - the old setting has been used, but please update your config.
  SQL_ALCHEMY_CONN = conf.get("database", "SQL_ALCHEMY_CONN")

[2026-01-16T07:54:15.278+0000] {task_command.py:423} INFO - Running <TaskInstance: ModelDevelop.get_data scheduled__2026-01-03T18:00:00+00:00 [running]> on host 8a4f043652f0
[2026-01-16T07:54:15.422+0000] {taskinstance.py:2513} INFO - Exporting env vars: AIRFLOW_CTX_DAG_OWNER='***' AIRFLOW_CTX_DAG_ID='ModelDevelop' AIRFLOW_CTX_TASK_ID='get_data' AIRFLOW_CTX_EXECUTION_DATE='2026-01-03T18:00:00+00:00' AIRFLOW_CTX_TRY_NUMBER='1' AIRFLOW_CTX_DAG_RUN_ID='scheduled__2026-01-03T18:00:00+00:00'
[2026-01-16T07:54:15.433+0000] {python.py:202} INFO - Done. Returned value was: ./iris.csv
[2026-01-16T07:54:15.448+0000] {taskinstance.py:1149} INFO - Marking task as SUCCESS. dag_id=ModelDevelop, task_id=get_data, execution_date=20260103T180000, start_date=20260116T075415, end_date=20260116T075415
[2026-01-16T07:54:15.488+0000] {local_task_job_runner.py:234} INFO - Task exited with return code 0
[2026-01-16T07:54:15.507+0000] {taskinstance.py:3312} INFO - 1 downstream tasks scheduled from follow-on schedule check
[2026-01-17T13:17:50.096+0000] {taskinstance.py:1979} INFO - Dependencies all met for dep_context=non-requeueable deps ti=<TaskInstance: ModelDevelop.get_data scheduled__2026-01-03T18:00:00+00:00 [queued]>
[2026-01-17T13:17:50.124+0000] {taskinstance.py:1979} INFO - Dependencies all met for dep_context=requeueable deps ti=<TaskInstance: ModelDevelop.get_data scheduled__2026-01-03T18:00:00+00:00 [queued]>
[2026-01-17T13:17:50.125+0000] {taskinstance.py:2193} INFO - Starting attempt 1 of 2
[2026-01-17T13:17:50.144+0000] {taskinstance.py:2217} INFO - Executing <Task(PythonOperator): get_data> on 2026-01-03 18:00:00+00:00
[2026-01-17T13:17:50.154+0000] {standard_task_runner.py:60} INFO - Started process 5004 to run task
[2026-01-17T13:17:50.166+0000] {standard_task_runner.py:87} INFO - Running: ['***', 'tasks', 'run', 'ModelDevelop', 'get_data', 'scheduled__2026-01-03T18:00:00+00:00', '--job-id', '76', '--raw', '--subdir', 'DAGS_FOLDER/example.py', '--cfg-path', '/tmp/tmpznotzo_m']
[2026-01-17T13:17:50.167+0000] {standard_task_runner.py:88} INFO - Job 76: Subtask get_data
[2026-01-17T13:17:50.207+0000] {warnings.py:109} WARNING - /home/***/.local/lib/python3.9/site-packages/***/settings.py:194: DeprecationWarning: The sql_alchemy_conn option in [core] has been moved to the sql_alchemy_conn option in [database] - the old setting has been used, but please update your config.
  SQL_ALCHEMY_CONN = conf.get("database", "SQL_ALCHEMY_CONN")

[2026-01-17T13:17:50.254+0000] {task_command.py:423} INFO - Running <TaskInstance: ModelDevelop.get_data scheduled__2026-01-03T18:00:00+00:00 [running]> on host ed3184b6b543
[2026-01-17T13:17:50.348+0000] {taskinstance.py:2513} INFO - Exporting env vars: AIRFLOW_CTX_DAG_OWNER='***' AIRFLOW_CTX_DAG_ID='ModelDevelop' AIRFLOW_CTX_TASK_ID='get_data' AIRFLOW_CTX_EXECUTION_DATE='2026-01-03T18:00:00+00:00' AIRFLOW_CTX_TRY_NUMBER='1' AIRFLOW_CTX_DAG_RUN_ID='scheduled__2026-01-03T18:00:00+00:00'
[2026-01-17T13:17:50.357+0000] {python.py:202} INFO - Done. Returned value was: ./iris.csv
[2026-01-17T13:17:50.371+0000] {taskinstance.py:1149} INFO - Marking task as SUCCESS. dag_id=ModelDevelop, task_id=get_data, execution_date=20260103T180000, start_date=20260117T131750, end_date=20260117T131750
[2026-01-17T13:17:50.423+0000] {local_task_job_runner.py:234} INFO - Task exited with return code 0
[2026-01-17T13:17:50.451+0000] {taskinstance.py:3312} INFO - 0 downstream tasks scheduled from follow-on schedule check
[2026-01-17T13:39:09.709+0000] {taskinstance.py:1979} INFO - Dependencies all met for dep_context=non-requeueable deps ti=<TaskInstance: ModelDevelop.get_data scheduled__2026-01-03T18:00:00+00:00 [queued]>
[2026-01-17T13:39:09.713+0000] {taskinstance.py:1979} INFO - Dependencies all met for dep_context=requeueable deps ti=<TaskInstance: ModelDevelop.get_data scheduled__2026-01-03T18:00:00+00:00 [queued]>
[2026-01-17T13:39:09.713+0000] {taskinstance.py:2193} INFO - Starting attempt 1 of 2
[2026-01-17T13:39:09.720+0000] {taskinstance.py:2217} INFO - Executing <Task(PythonOperator): get_data> on 2026-01-03 18:00:00+00:00
[2026-01-17T13:39:09.726+0000] {standard_task_runner.py:60} INFO - Started process 4969 to run task
[2026-01-17T13:39:09.728+0000] {standard_task_runner.py:87} INFO - Running: ['***', 'tasks', 'run', 'ModelDevelop', 'get_data', 'scheduled__2026-01-03T18:00:00+00:00', '--job-id', '77', '--raw', '--subdir', 'DAGS_FOLDER/example.py', '--cfg-path', '/tmp/tmp26mjul4q']
[2026-01-17T13:39:09.729+0000] {standard_task_runner.py:88} INFO - Job 77: Subtask get_data
[2026-01-17T13:39:09.738+0000] {warnings.py:109} WARNING - /home/***/.local/lib/python3.9/site-packages/***/settings.py:194: DeprecationWarning: The sql_alchemy_conn option in [core] has been moved to the sql_alchemy_conn option in [database] - the old setting has been used, but please update your config.
  SQL_ALCHEMY_CONN = conf.get("database", "SQL_ALCHEMY_CONN")

[2026-01-17T13:39:09.761+0000] {task_command.py:423} INFO - Running <TaskInstance: ModelDevelop.get_data scheduled__2026-01-03T18:00:00+00:00 [running]> on host 5330652dc216
[2026-01-17T13:39:09.804+0000] {taskinstance.py:2513} INFO - Exporting env vars: AIRFLOW_CTX_DAG_OWNER='***' AIRFLOW_CTX_DAG_ID='ModelDevelop' AIRFLOW_CTX_TASK_ID='get_data' AIRFLOW_CTX_EXECUTION_DATE='2026-01-03T18:00:00+00:00' AIRFLOW_CTX_TRY_NUMBER='1' AIRFLOW_CTX_DAG_RUN_ID='scheduled__2026-01-03T18:00:00+00:00'
[2026-01-17T13:39:09.812+0000] {python.py:202} INFO - Done. Returned value was: ./iris.csv
[2026-01-17T13:39:09.824+0000] {taskinstance.py:1149} INFO - Marking task as SUCCESS. dag_id=ModelDevelop, task_id=get_data, execution_date=20260103T180000, start_date=20260117T133909, end_date=20260117T133909
[2026-01-17T13:39:09.860+0000] {local_task_job_runner.py:234} INFO - Task exited with return code 0
[2026-01-17T13:39:09.874+0000] {taskinstance.py:3312} INFO - 1 downstream tasks scheduled from follow-on schedule check
