[2026-01-16T07:55:17.321+0000] {taskinstance.py:1979} INFO - Dependencies all met for dep_context=non-requeueable deps ti=<TaskInstance: ModelDevelop.get_data scheduled__2026-01-07T09:00:00+00:00 [queued]>
[2026-01-16T07:55:17.328+0000] {taskinstance.py:1979} INFO - Dependencies all met for dep_context=requeueable deps ti=<TaskInstance: ModelDevelop.get_data scheduled__2026-01-07T09:00:00+00:00 [queued]>
[2026-01-16T07:55:17.328+0000] {taskinstance.py:2193} INFO - Starting attempt 1 of 2
[2026-01-16T07:55:17.360+0000] {taskinstance.py:2217} INFO - Executing <Task(PythonOperator): get_data> on 2026-01-07 09:00:00+00:00
[2026-01-16T07:55:17.370+0000] {standard_task_runner.py:60} INFO - Started process 17593 to run task
[2026-01-16T07:55:17.382+0000] {standard_task_runner.py:87} INFO - Running: ['***', 'tasks', 'run', 'ModelDevelop', 'get_data', 'scheduled__2026-01-07T09:00:00+00:00', '--job-id', '259', '--raw', '--subdir', 'DAGS_FOLDER/example.py', '--cfg-path', '/tmp/tmplp7wtelq']
[2026-01-16T07:55:17.383+0000] {standard_task_runner.py:88} INFO - Job 259: Subtask get_data
[2026-01-16T07:55:17.413+0000] {warnings.py:109} WARNING - /home/***/.local/lib/python3.9/site-packages/***/settings.py:194: DeprecationWarning: The sql_alchemy_conn option in [core] has been moved to the sql_alchemy_conn option in [database] - the old setting has been used, but please update your config.
  SQL_ALCHEMY_CONN = conf.get("database", "SQL_ALCHEMY_CONN")

[2026-01-16T07:55:17.439+0000] {task_command.py:423} INFO - Running <TaskInstance: ModelDevelop.get_data scheduled__2026-01-07T09:00:00+00:00 [running]> on host 8a4f043652f0
[2026-01-16T07:55:17.491+0000] {taskinstance.py:2513} INFO - Exporting env vars: AIRFLOW_CTX_DAG_OWNER='***' AIRFLOW_CTX_DAG_ID='ModelDevelop' AIRFLOW_CTX_TASK_ID='get_data' AIRFLOW_CTX_EXECUTION_DATE='2026-01-07T09:00:00+00:00' AIRFLOW_CTX_TRY_NUMBER='1' AIRFLOW_CTX_DAG_RUN_ID='scheduled__2026-01-07T09:00:00+00:00'
[2026-01-16T07:55:17.501+0000] {python.py:202} INFO - Done. Returned value was: ./iris.csv
[2026-01-16T07:55:17.543+0000] {taskinstance.py:1149} INFO - Marking task as SUCCESS. dag_id=ModelDevelop, task_id=get_data, execution_date=20260107T090000, start_date=20260116T075517, end_date=20260116T075517
[2026-01-16T07:55:17.593+0000] {local_task_job_runner.py:234} INFO - Task exited with return code 0
[2026-01-16T07:55:17.642+0000] {taskinstance.py:3312} INFO - 0 downstream tasks scheduled from follow-on schedule check
[2026-01-17T13:18:51.008+0000] {taskinstance.py:1979} INFO - Dependencies all met for dep_context=non-requeueable deps ti=<TaskInstance: ModelDevelop.get_data scheduled__2026-01-07T09:00:00+00:00 [queued]>
[2026-01-17T13:18:51.015+0000] {taskinstance.py:1979} INFO - Dependencies all met for dep_context=requeueable deps ti=<TaskInstance: ModelDevelop.get_data scheduled__2026-01-07T09:00:00+00:00 [queued]>
[2026-01-17T13:18:51.015+0000] {taskinstance.py:2193} INFO - Starting attempt 1 of 2
[2026-01-17T13:18:51.092+0000] {taskinstance.py:2217} INFO - Executing <Task(PythonOperator): get_data> on 2026-01-07 09:00:00+00:00
[2026-01-17T13:18:51.099+0000] {standard_task_runner.py:60} INFO - Started process 17595 to run task
[2026-01-17T13:18:51.102+0000] {standard_task_runner.py:87} INFO - Running: ['***', 'tasks', 'run', 'ModelDevelop', 'get_data', 'scheduled__2026-01-07T09:00:00+00:00', '--job-id', '259', '--raw', '--subdir', 'DAGS_FOLDER/example.py', '--cfg-path', '/tmp/tmp5ksju5eg']
[2026-01-17T13:18:51.103+0000] {standard_task_runner.py:88} INFO - Job 259: Subtask get_data
[2026-01-17T13:18:51.114+0000] {warnings.py:109} WARNING - /home/***/.local/lib/python3.9/site-packages/***/settings.py:194: DeprecationWarning: The sql_alchemy_conn option in [core] has been moved to the sql_alchemy_conn option in [database] - the old setting has been used, but please update your config.
  SQL_ALCHEMY_CONN = conf.get("database", "SQL_ALCHEMY_CONN")

[2026-01-17T13:18:51.139+0000] {task_command.py:423} INFO - Running <TaskInstance: ModelDevelop.get_data scheduled__2026-01-07T09:00:00+00:00 [running]> on host ed3184b6b543
[2026-01-17T13:18:51.246+0000] {taskinstance.py:2513} INFO - Exporting env vars: AIRFLOW_CTX_DAG_OWNER='***' AIRFLOW_CTX_DAG_ID='ModelDevelop' AIRFLOW_CTX_TASK_ID='get_data' AIRFLOW_CTX_EXECUTION_DATE='2026-01-07T09:00:00+00:00' AIRFLOW_CTX_TRY_NUMBER='1' AIRFLOW_CTX_DAG_RUN_ID='scheduled__2026-01-07T09:00:00+00:00'
[2026-01-17T13:18:51.256+0000] {python.py:202} INFO - Done. Returned value was: ./iris.csv
[2026-01-17T13:18:51.272+0000] {taskinstance.py:1149} INFO - Marking task as SUCCESS. dag_id=ModelDevelop, task_id=get_data, execution_date=20260107T090000, start_date=20260117T131851, end_date=20260117T131851
[2026-01-17T13:18:51.314+0000] {local_task_job_runner.py:234} INFO - Task exited with return code 0
[2026-01-17T13:18:51.333+0000] {taskinstance.py:3312} INFO - 1 downstream tasks scheduled from follow-on schedule check
[2026-01-17T13:40:12.424+0000] {taskinstance.py:1979} INFO - Dependencies all met for dep_context=non-requeueable deps ti=<TaskInstance: ModelDevelop.get_data scheduled__2026-01-07T09:00:00+00:00 [queued]>
[2026-01-17T13:40:12.438+0000] {taskinstance.py:1979} INFO - Dependencies all met for dep_context=requeueable deps ti=<TaskInstance: ModelDevelop.get_data scheduled__2026-01-07T09:00:00+00:00 [queued]>
[2026-01-17T13:40:12.438+0000] {taskinstance.py:2193} INFO - Starting attempt 1 of 2
[2026-01-17T13:40:12.454+0000] {taskinstance.py:2217} INFO - Executing <Task(PythonOperator): get_data> on 2026-01-07 09:00:00+00:00
[2026-01-17T13:40:12.461+0000] {standard_task_runner.py:60} INFO - Started process 16529 to run task
[2026-01-17T13:40:12.492+0000] {standard_task_runner.py:87} INFO - Running: ['***', 'tasks', 'run', 'ModelDevelop', 'get_data', 'scheduled__2026-01-07T09:00:00+00:00', '--job-id', '250', '--raw', '--subdir', 'DAGS_FOLDER/example.py', '--cfg-path', '/tmp/tmp3_syc4f4']
[2026-01-17T13:40:12.493+0000] {standard_task_runner.py:88} INFO - Job 250: Subtask get_data
[2026-01-17T13:40:12.524+0000] {warnings.py:109} WARNING - /home/***/.local/lib/python3.9/site-packages/***/settings.py:194: DeprecationWarning: The sql_alchemy_conn option in [core] has been moved to the sql_alchemy_conn option in [database] - the old setting has been used, but please update your config.
  SQL_ALCHEMY_CONN = conf.get("database", "SQL_ALCHEMY_CONN")

[2026-01-17T13:40:12.591+0000] {task_command.py:423} INFO - Running <TaskInstance: ModelDevelop.get_data scheduled__2026-01-07T09:00:00+00:00 [running]> on host 5330652dc216
[2026-01-17T13:40:12.683+0000] {taskinstance.py:2513} INFO - Exporting env vars: AIRFLOW_CTX_DAG_OWNER='***' AIRFLOW_CTX_DAG_ID='ModelDevelop' AIRFLOW_CTX_TASK_ID='get_data' AIRFLOW_CTX_EXECUTION_DATE='2026-01-07T09:00:00+00:00' AIRFLOW_CTX_TRY_NUMBER='1' AIRFLOW_CTX_DAG_RUN_ID='scheduled__2026-01-07T09:00:00+00:00'
[2026-01-17T13:40:12.691+0000] {python.py:202} INFO - Done. Returned value was: ./iris.csv
[2026-01-17T13:40:12.705+0000] {taskinstance.py:1149} INFO - Marking task as SUCCESS. dag_id=ModelDevelop, task_id=get_data, execution_date=20260107T090000, start_date=20260117T134012, end_date=20260117T134012
[2026-01-17T13:40:12.757+0000] {local_task_job_runner.py:234} INFO - Task exited with return code 0
[2026-01-17T13:40:12.774+0000] {taskinstance.py:3312} INFO - 1 downstream tasks scheduled from follow-on schedule check
