[2026-01-16T07:54:25.850+0000] {taskinstance.py:1979} INFO - Dependencies all met for dep_context=non-requeueable deps ti=<TaskInstance: ModelDevelop.train_fit scheduled__2026-01-04T10:00:00+00:00 [queued]>
[2026-01-16T07:54:25.857+0000] {taskinstance.py:1979} INFO - Dependencies all met for dep_context=requeueable deps ti=<TaskInstance: ModelDevelop.train_fit scheduled__2026-01-04T10:00:00+00:00 [queued]>
[2026-01-16T07:54:25.857+0000] {taskinstance.py:2193} INFO - Starting attempt 1 of 2
[2026-01-16T07:54:25.867+0000] {taskinstance.py:2217} INFO - Executing <Task(PythonOperator): train_fit> on 2026-01-04 10:00:00+00:00
[2026-01-16T07:54:25.875+0000] {standard_task_runner.py:60} INFO - Started process 7562 to run task
[2026-01-16T07:54:25.877+0000] {standard_task_runner.py:87} INFO - Running: ['***', 'tasks', 'run', 'ModelDevelop', 'train_fit', 'scheduled__2026-01-04T10:00:00+00:00', '--job-id', '123', '--raw', '--subdir', 'DAGS_FOLDER/example.py', '--cfg-path', '/tmp/tmpriakn1zy']
[2026-01-16T07:54:25.878+0000] {standard_task_runner.py:88} INFO - Job 123: Subtask train_fit
[2026-01-16T07:54:25.889+0000] {warnings.py:109} WARNING - /home/***/.local/lib/python3.9/site-packages/***/settings.py:194: DeprecationWarning: The sql_alchemy_conn option in [core] has been moved to the sql_alchemy_conn option in [database] - the old setting has been used, but please update your config.
  SQL_ALCHEMY_CONN = conf.get("database", "SQL_ALCHEMY_CONN")

[2026-01-16T07:54:25.919+0000] {task_command.py:423} INFO - Running <TaskInstance: ModelDevelop.train_fit scheduled__2026-01-04T10:00:00+00:00 [running]> on host 8a4f043652f0
[2026-01-16T07:54:25.983+0000] {taskinstance.py:2513} INFO - Exporting env vars: AIRFLOW_CTX_DAG_OWNER='***' AIRFLOW_CTX_DAG_ID='ModelDevelop' AIRFLOW_CTX_TASK_ID='train_fit' AIRFLOW_CTX_EXECUTION_DATE='2026-01-04T10:00:00+00:00' AIRFLOW_CTX_TRY_NUMBER='1' AIRFLOW_CTX_DAG_RUN_ID='scheduled__2026-01-04T10:00:00+00:00'
[2026-01-16T07:54:26.003+0000] {logging_mixin.py:188} INFO -      sepal_length  sepal_width  petal_length  petal_width  target
0             5.1          3.5           1.4          0.2       0
1             4.9          3.0           1.4          0.2       0
2             4.7          3.2           1.3          0.2       0
3             4.6          3.1           1.5          0.2       0
4             5.0          3.6           1.4          0.2       0
..            ...          ...           ...          ...     ...
145           6.7          3.0           5.2          2.3       2
146           6.3          2.5           5.0          1.9       2
147           6.5          3.0           5.2          2.0       2
148           6.2          3.4           5.4          2.3       2
149           5.9          3.0           5.1          1.8       2

[150 rows x 5 columns]
[2026-01-16T07:54:26.013+0000] {logging_mixin.py:188} INFO - Train Accuracy : 0.9833333333333333
[2026-01-16T07:54:26.013+0000] {logging_mixin.py:188} INFO - Valid Accuracy : 0.9333333333333333
[2026-01-16T07:54:26.022+0000] {logging_mixin.py:188} INFO - SC1
[2026-01-16T07:54:26.028+0000] {logging_mixin.py:188} INFO -      sepal_length  sepal_width  petal_length  petal_width
16            5.4          3.9           1.3          0.4
140           6.7          3.1           5.6          2.4
104           6.5          3.0           5.8          2.2
124           6.7          3.3           5.7          2.1
89            5.5          2.5           4.0          1.3
72            6.3          2.5           4.9          1.5
6             4.6          3.4           1.4          0.3
58            6.6          2.9           4.6          1.3
129           7.2          3.0           5.8          1.6
44            5.1          3.8           1.9          0.4
[2026-01-16T07:54:26.028+0000] {logging_mixin.py:188} INFO - SC2
[2026-01-16T07:54:26.112+0000] {logging_mixin.py:188} WARNING - 2026/01/16 07:54:26 WARNING mlflow.utils.git_utils: Failed to import Git (the Git executable is probably not on your PATH), so Git SHA is not available. Error: Failed to initialize: Bad git executable.
The git executable must be specified in one of the following ways:
    - be included in your $PATH
    - be set via $GIT_PYTHON_GIT_EXECUTABLE
    - explicitly set via git.refresh(<full-path-to-git-executable>)

All git commands will error until this is rectified.

This initial message can be silenced or aggravated in the future by setting the
$GIT_PYTHON_REFRESH environment variable. Use one of the following values:
    - quiet|q|silence|s|silent|none|n|0: for no message or exception
    - warn|w|warning|log|l|1: for a warning message (logging level CRITICAL, displayed by default)
    - error|e|exception|raise|r|2: for a raised exception

Example:
    export GIT_PYTHON_REFRESH=quiet
[2026-01-16T07:54:29.082+0000] {warnings.py:109} WARNING - /home/***/.local/lib/python3.9/site-packages/_distutils_hack/__init__.py:33: UserWarning: Setuptools is replacing distutils.
  warnings.warn("Setuptools is replacing distutils.")

[2026-01-16T07:54:29.134+0000] {logging_mixin.py:188} INFO - ****Success Message*******
[2026-01-16T07:54:29.134+0000] {python.py:202} INFO - Done. Returned value was: None
[2026-01-16T07:54:29.142+0000] {taskinstance.py:1149} INFO - Marking task as SUCCESS. dag_id=ModelDevelop, task_id=train_fit, execution_date=20260104T100000, start_date=20260116T075425, end_date=20260116T075429
[2026-01-16T07:54:29.176+0000] {local_task_job_runner.py:234} INFO - Task exited with return code 0
[2026-01-16T07:54:29.190+0000] {taskinstance.py:3312} INFO - 0 downstream tasks scheduled from follow-on schedule check
[2026-01-17T13:18:04.078+0000] {taskinstance.py:1979} INFO - Dependencies all met for dep_context=non-requeueable deps ti=<TaskInstance: ModelDevelop.train_fit scheduled__2026-01-04T10:00:00+00:00 [queued]>
[2026-01-17T13:18:04.084+0000] {taskinstance.py:1979} INFO - Dependencies all met for dep_context=requeueable deps ti=<TaskInstance: ModelDevelop.train_fit scheduled__2026-01-04T10:00:00+00:00 [queued]>
[2026-01-17T13:18:04.084+0000] {taskinstance.py:2193} INFO - Starting attempt 1 of 2
[2026-01-17T13:18:04.091+0000] {taskinstance.py:2217} INFO - Executing <Task(PythonOperator): train_fit> on 2026-01-04 10:00:00+00:00
[2026-01-17T13:18:04.097+0000] {standard_task_runner.py:60} INFO - Started process 8058 to run task
[2026-01-17T13:18:04.099+0000] {standard_task_runner.py:87} INFO - Running: ['***', 'tasks', 'run', 'ModelDevelop', 'train_fit', 'scheduled__2026-01-04T10:00:00+00:00', '--job-id', '127', '--raw', '--subdir', 'DAGS_FOLDER/example.py', '--cfg-path', '/tmp/tmpt7bzy3f3']
[2026-01-17T13:18:04.100+0000] {standard_task_runner.py:88} INFO - Job 127: Subtask train_fit
[2026-01-17T13:18:04.111+0000] {warnings.py:109} WARNING - /home/***/.local/lib/python3.9/site-packages/***/settings.py:194: DeprecationWarning: The sql_alchemy_conn option in [core] has been moved to the sql_alchemy_conn option in [database] - the old setting has been used, but please update your config.
  SQL_ALCHEMY_CONN = conf.get("database", "SQL_ALCHEMY_CONN")

[2026-01-17T13:18:04.168+0000] {task_command.py:423} INFO - Running <TaskInstance: ModelDevelop.train_fit scheduled__2026-01-04T10:00:00+00:00 [running]> on host ed3184b6b543
[2026-01-17T13:18:04.247+0000] {taskinstance.py:2513} INFO - Exporting env vars: AIRFLOW_CTX_DAG_OWNER='***' AIRFLOW_CTX_DAG_ID='ModelDevelop' AIRFLOW_CTX_TASK_ID='train_fit' AIRFLOW_CTX_EXECUTION_DATE='2026-01-04T10:00:00+00:00' AIRFLOW_CTX_TRY_NUMBER='1' AIRFLOW_CTX_DAG_RUN_ID='scheduled__2026-01-04T10:00:00+00:00'
[2026-01-17T13:18:04.269+0000] {logging_mixin.py:188} INFO -      sepal_length  sepal_width  petal_length  petal_width  target
0             5.1          3.5           1.4          0.2       0
1             4.9          3.0           1.4          0.2       0
2             4.7          3.2           1.3          0.2       0
3             4.6          3.1           1.5          0.2       0
4             5.0          3.6           1.4          0.2       0
..            ...          ...           ...          ...     ...
145           6.7          3.0           5.2          2.3       2
146           6.3          2.5           5.0          1.9       2
147           6.5          3.0           5.2          2.0       2
148           6.2          3.4           5.4          2.3       2
149           5.9          3.0           5.1          1.8       2

[150 rows x 5 columns]
[2026-01-17T13:18:04.279+0000] {logging_mixin.py:188} INFO - Train Accuracy : 0.9833333333333333
[2026-01-17T13:18:04.279+0000] {logging_mixin.py:188} INFO - Valid Accuracy : 0.9333333333333333
[2026-01-17T13:18:04.286+0000] {logging_mixin.py:188} INFO - SC1
[2026-01-17T13:18:04.292+0000] {logging_mixin.py:188} INFO -      sepal_length  sepal_width  petal_length  petal_width
16            5.4          3.9           1.3          0.4
140           6.7          3.1           5.6          2.4
104           6.5          3.0           5.8          2.2
124           6.7          3.3           5.7          2.1
89            5.5          2.5           4.0          1.3
72            6.3          2.5           4.9          1.5
6             4.6          3.4           1.4          0.3
58            6.6          2.9           4.6          1.3
129           7.2          3.0           5.8          1.6
44            5.1          3.8           1.9          0.4
[2026-01-17T13:18:04.292+0000] {logging_mixin.py:188} INFO - SC2
[2026-01-17T13:18:04.336+0000] {logging_mixin.py:188} WARNING - 2026/01/17 13:18:04 WARNING mlflow.utils.git_utils: Failed to import Git (the Git executable is probably not on your PATH), so Git SHA is not available. Error: Failed to initialize: Bad git executable.
The git executable must be specified in one of the following ways:
    - be included in your $PATH
    - be set via $GIT_PYTHON_GIT_EXECUTABLE
    - explicitly set via git.refresh(<full-path-to-git-executable>)

All git commands will error until this is rectified.

This initial message can be silenced or aggravated in the future by setting the
$GIT_PYTHON_REFRESH environment variable. Use one of the following values:
    - quiet|q|silence|s|silent|none|n|0: for no message or exception
    - warn|w|warning|log|l|1: for a warning message (logging level CRITICAL, displayed by default)
    - error|e|exception|raise|r|2: for a raised exception

Example:
    export GIT_PYTHON_REFRESH=quiet
[2026-01-17T13:18:06.775+0000] {warnings.py:109} WARNING - /home/***/.local/lib/python3.9/site-packages/_distutils_hack/__init__.py:33: UserWarning: Setuptools is replacing distutils.
  warnings.warn("Setuptools is replacing distutils.")

[2026-01-17T13:18:06.818+0000] {logging_mixin.py:188} INFO - ****Success Message*******
[2026-01-17T13:18:06.819+0000] {python.py:202} INFO - Done. Returned value was: None
[2026-01-17T13:18:06.826+0000] {taskinstance.py:1149} INFO - Marking task as SUCCESS. dag_id=ModelDevelop, task_id=train_fit, execution_date=20260104T100000, start_date=20260117T131804, end_date=20260117T131806
[2026-01-17T13:18:06.876+0000] {local_task_job_runner.py:234} INFO - Task exited with return code 0
[2026-01-17T13:18:06.888+0000] {taskinstance.py:3312} INFO - 0 downstream tasks scheduled from follow-on schedule check
[2026-01-17T13:39:24.603+0000] {taskinstance.py:1979} INFO - Dependencies all met for dep_context=non-requeueable deps ti=<TaskInstance: ModelDevelop.train_fit scheduled__2026-01-04T10:00:00+00:00 [queued]>
[2026-01-17T13:39:24.608+0000] {taskinstance.py:1979} INFO - Dependencies all met for dep_context=requeueable deps ti=<TaskInstance: ModelDevelop.train_fit scheduled__2026-01-04T10:00:00+00:00 [queued]>
[2026-01-17T13:39:24.608+0000] {taskinstance.py:2193} INFO - Starting attempt 1 of 2
[2026-01-17T13:39:24.615+0000] {taskinstance.py:2217} INFO - Executing <Task(PythonOperator): train_fit> on 2026-01-04 10:00:00+00:00
[2026-01-17T13:39:24.621+0000] {standard_task_runner.py:60} INFO - Started process 7599 to run task
[2026-01-17T13:39:24.624+0000] {standard_task_runner.py:87} INFO - Running: ['***', 'tasks', 'run', 'ModelDevelop', 'train_fit', 'scheduled__2026-01-04T10:00:00+00:00', '--job-id', '124', '--raw', '--subdir', 'DAGS_FOLDER/example.py', '--cfg-path', '/tmp/tmp7bo04y5w']
[2026-01-17T13:39:24.624+0000] {standard_task_runner.py:88} INFO - Job 124: Subtask train_fit
[2026-01-17T13:39:24.632+0000] {warnings.py:109} WARNING - /home/***/.local/lib/python3.9/site-packages/***/settings.py:194: DeprecationWarning: The sql_alchemy_conn option in [core] has been moved to the sql_alchemy_conn option in [database] - the old setting has been used, but please update your config.
  SQL_ALCHEMY_CONN = conf.get("database", "SQL_ALCHEMY_CONN")

[2026-01-17T13:39:24.659+0000] {task_command.py:423} INFO - Running <TaskInstance: ModelDevelop.train_fit scheduled__2026-01-04T10:00:00+00:00 [running]> on host 5330652dc216
[2026-01-17T13:39:24.737+0000] {taskinstance.py:2513} INFO - Exporting env vars: AIRFLOW_CTX_DAG_OWNER='***' AIRFLOW_CTX_DAG_ID='ModelDevelop' AIRFLOW_CTX_TASK_ID='train_fit' AIRFLOW_CTX_EXECUTION_DATE='2026-01-04T10:00:00+00:00' AIRFLOW_CTX_TRY_NUMBER='1' AIRFLOW_CTX_DAG_RUN_ID='scheduled__2026-01-04T10:00:00+00:00'
[2026-01-17T13:39:24.759+0000] {logging_mixin.py:188} INFO -      sepal_length  sepal_width  petal_length  petal_width  target
0             5.1          3.5           1.4          0.2       0
1             4.9          3.0           1.4          0.2       0
2             4.7          3.2           1.3          0.2       0
3             4.6          3.1           1.5          0.2       0
4             5.0          3.6           1.4          0.2       0
..            ...          ...           ...          ...     ...
145           6.7          3.0           5.2          2.3       2
146           6.3          2.5           5.0          1.9       2
147           6.5          3.0           5.2          2.0       2
148           6.2          3.4           5.4          2.3       2
149           5.9          3.0           5.1          1.8       2

[150 rows x 5 columns]
[2026-01-17T13:39:24.769+0000] {logging_mixin.py:188} INFO - Train Accuracy : 0.9833333333333333
[2026-01-17T13:39:24.769+0000] {logging_mixin.py:188} INFO - Valid Accuracy : 0.9333333333333333
[2026-01-17T13:39:24.778+0000] {logging_mixin.py:188} INFO - SC1
[2026-01-17T13:39:24.785+0000] {logging_mixin.py:188} INFO -      sepal_length  sepal_width  petal_length  petal_width
16            5.4          3.9           1.3          0.4
140           6.7          3.1           5.6          2.4
104           6.5          3.0           5.8          2.2
124           6.7          3.3           5.7          2.1
89            5.5          2.5           4.0          1.3
72            6.3          2.5           4.9          1.5
6             4.6          3.4           1.4          0.3
58            6.6          2.9           4.6          1.3
129           7.2          3.0           5.8          1.6
44            5.1          3.8           1.9          0.4
[2026-01-17T13:39:24.785+0000] {logging_mixin.py:188} INFO - SC2
[2026-01-17T13:39:24.839+0000] {logging_mixin.py:188} WARNING - 2026/01/17 13:39:24 WARNING mlflow.utils.git_utils: Failed to import Git (the Git executable is probably not on your PATH), so Git SHA is not available. Error: Failed to initialize: Bad git executable.
The git executable must be specified in one of the following ways:
    - be included in your $PATH
    - be set via $GIT_PYTHON_GIT_EXECUTABLE
    - explicitly set via git.refresh(<full-path-to-git-executable>)

All git commands will error until this is rectified.

This initial message can be silenced or aggravated in the future by setting the
$GIT_PYTHON_REFRESH environment variable. Use one of the following values:
    - quiet|q|silence|s|silent|none|n|0: for no message or exception
    - warn|w|warning|log|l|1: for a warning message (logging level CRITICAL, displayed by default)
    - error|e|exception|raise|r|2: for a raised exception

Example:
    export GIT_PYTHON_REFRESH=quiet
[2026-01-17T13:39:27.935+0000] {warnings.py:109} WARNING - /home/***/.local/lib/python3.9/site-packages/_distutils_hack/__init__.py:33: UserWarning: Setuptools is replacing distutils.
  warnings.warn("Setuptools is replacing distutils.")

[2026-01-17T13:39:27.976+0000] {logging_mixin.py:188} INFO - ****Success Message*******
[2026-01-17T13:39:27.976+0000] {python.py:202} INFO - Done. Returned value was: None
[2026-01-17T13:39:27.983+0000] {taskinstance.py:1149} INFO - Marking task as SUCCESS. dag_id=ModelDevelop, task_id=train_fit, execution_date=20260104T100000, start_date=20260117T133924, end_date=20260117T133927
[2026-01-17T13:39:28.045+0000] {local_task_job_runner.py:234} INFO - Task exited with return code 0
[2026-01-17T13:39:28.058+0000] {taskinstance.py:3312} INFO - 0 downstream tasks scheduled from follow-on schedule check
