[2026-04-08T01:49:08.354+0000] {processor.py:161} INFO - Started process (PID=54) to work on /opt/airflow/dags/DataDriftRetrainDAG.py
[2026-04-08T01:49:08.354+0000] {processor.py:830} INFO - Processing file /opt/airflow/dags/DataDriftRetrainDAG.py for tasks to queue
[2026-04-08T01:49:08.355+0000] {logging_mixin.py:188} INFO - [2026-04-08T01:49:08.355+0000] {dagbag.py:540} INFO - Filling up the DagBag from /opt/airflow/dags/DataDriftRetrainDAG.py
[2026-04-08T01:49:09.682+0000] {logging_mixin.py:188} WARNING - 2026/04/08 01:49:09 INFO mlflow.tracking.fluent: Experiment with name 'DataDriftRetrainDAG_experiments' does not exist. Creating a new experiment.
[2026-04-08T01:49:09.705+0000] {processor.py:840} INFO - DAG(s) 'DataDriftRetrainDAG' retrieved from /opt/airflow/dags/DataDriftRetrainDAG.py
[2026-04-08T01:49:09.839+0000] {logging_mixin.py:188} INFO - [2026-04-08T01:49:09.839+0000] {override.py:1769} INFO - Created Permission View: can edit on DAG:DataDriftRetrainDAG
[2026-04-08T01:49:09.844+0000] {logging_mixin.py:188} INFO - [2026-04-08T01:49:09.844+0000] {override.py:1769} INFO - Created Permission View: can read on DAG:DataDriftRetrainDAG
[2026-04-08T01:49:09.847+0000] {logging_mixin.py:188} INFO - [2026-04-08T01:49:09.847+0000] {override.py:1769} INFO - Created Permission View: can delete on DAG:DataDriftRetrainDAG
[2026-04-08T01:49:09.848+0000] {logging_mixin.py:188} INFO - [2026-04-08T01:49:09.847+0000] {dag.py:3047} INFO - Sync 1 DAGs
[2026-04-08T01:49:09.855+0000] {logging_mixin.py:188} INFO - [2026-04-08T01:49:09.854+0000] {dag.py:3069} INFO - Creating ORM DAG for DataDriftRetrainDAG
[2026-04-08T01:49:09.862+0000] {logging_mixin.py:188} INFO - [2026-04-08T01:49:09.862+0000] {dag.py:3834} INFO - Setting next_dagrun for DataDriftRetrainDAG to 2026-04-08 01:46:00+00:00, run_after=2026-04-08 01:48:00+00:00
[2026-04-08T01:49:09.869+0000] {processor.py:183} INFO - Processing /opt/airflow/dags/DataDriftRetrainDAG.py took 1.517 seconds
[2026-04-08T01:49:39.985+0000] {processor.py:161} INFO - Started process (PID=120) to work on /opt/airflow/dags/DataDriftRetrainDAG.py
[2026-04-08T01:49:39.986+0000] {processor.py:830} INFO - Processing file /opt/airflow/dags/DataDriftRetrainDAG.py for tasks to queue
[2026-04-08T01:49:39.987+0000] {logging_mixin.py:188} INFO - [2026-04-08T01:49:39.987+0000] {dagbag.py:540} INFO - Filling up the DagBag from /opt/airflow/dags/DataDriftRetrainDAG.py
[2026-04-08T01:49:40.768+0000] {processor.py:840} INFO - DAG(s) 'DataDriftRetrainDAG' retrieved from /opt/airflow/dags/DataDriftRetrainDAG.py
[2026-04-08T01:49:40.782+0000] {logging_mixin.py:188} INFO - [2026-04-08T01:49:40.782+0000] {dag.py:3047} INFO - Sync 1 DAGs
[2026-04-08T01:49:40.795+0000] {logging_mixin.py:188} INFO - [2026-04-08T01:49:40.795+0000] {dag.py:3834} INFO - Setting next_dagrun for DataDriftRetrainDAG to 2026-04-08 01:46:00+00:00, run_after=2026-04-08 01:48:00+00:00
[2026-04-08T01:49:40.804+0000] {processor.py:183} INFO - Processing /opt/airflow/dags/DataDriftRetrainDAG.py took 0.821 seconds
[2026-04-08T01:50:10.921+0000] {processor.py:161} INFO - Started process (PID=194) to work on /opt/airflow/dags/DataDriftRetrainDAG.py
[2026-04-08T01:50:10.922+0000] {processor.py:830} INFO - Processing file /opt/airflow/dags/DataDriftRetrainDAG.py for tasks to queue
[2026-04-08T01:50:10.923+0000] {logging_mixin.py:188} INFO - [2026-04-08T01:50:10.923+0000] {dagbag.py:540} INFO - Filling up the DagBag from /opt/airflow/dags/DataDriftRetrainDAG.py
[2026-04-08T01:50:11.735+0000] {processor.py:840} INFO - DAG(s) 'DataDriftRetrainDAG' retrieved from /opt/airflow/dags/DataDriftRetrainDAG.py
[2026-04-08T01:50:11.748+0000] {logging_mixin.py:188} INFO - [2026-04-08T01:50:11.748+0000] {dag.py:3047} INFO - Sync 1 DAGs
[2026-04-08T01:50:11.762+0000] {logging_mixin.py:188} INFO - [2026-04-08T01:50:11.762+0000] {dag.py:3834} INFO - Setting next_dagrun for DataDriftRetrainDAG to 2026-04-08 01:50:00+00:00, run_after=2026-04-08 01:52:00+00:00
[2026-04-08T01:50:11.770+0000] {processor.py:183} INFO - Processing /opt/airflow/dags/DataDriftRetrainDAG.py took 0.851 seconds
[2026-04-08T01:50:41.893+0000] {processor.py:161} INFO - Started process (PID=260) to work on /opt/airflow/dags/DataDriftRetrainDAG.py
[2026-04-08T01:50:41.894+0000] {processor.py:830} INFO - Processing file /opt/airflow/dags/DataDriftRetrainDAG.py for tasks to queue
[2026-04-08T01:50:41.895+0000] {logging_mixin.py:188} INFO - [2026-04-08T01:50:41.895+0000] {dagbag.py:540} INFO - Filling up the DagBag from /opt/airflow/dags/DataDriftRetrainDAG.py
[2026-04-08T01:50:42.683+0000] {processor.py:840} INFO - DAG(s) 'DataDriftRetrainDAG' retrieved from /opt/airflow/dags/DataDriftRetrainDAG.py
[2026-04-08T01:50:42.697+0000] {logging_mixin.py:188} INFO - [2026-04-08T01:50:42.696+0000] {dag.py:3047} INFO - Sync 1 DAGs
[2026-04-08T01:50:42.711+0000] {logging_mixin.py:188} INFO - [2026-04-08T01:50:42.711+0000] {dag.py:3834} INFO - Setting next_dagrun for DataDriftRetrainDAG to 2026-04-08 01:50:00+00:00, run_after=2026-04-08 01:52:00+00:00
[2026-04-08T01:50:42.720+0000] {processor.py:183} INFO - Processing /opt/airflow/dags/DataDriftRetrainDAG.py took 0.829 seconds
[2026-04-08T01:51:12.812+0000] {processor.py:161} INFO - Started process (PID=326) to work on /opt/airflow/dags/DataDriftRetrainDAG.py
[2026-04-08T01:51:12.813+0000] {processor.py:830} INFO - Processing file /opt/airflow/dags/DataDriftRetrainDAG.py for tasks to queue
[2026-04-08T01:51:12.814+0000] {logging_mixin.py:188} INFO - [2026-04-08T01:51:12.814+0000] {dagbag.py:540} INFO - Filling up the DagBag from /opt/airflow/dags/DataDriftRetrainDAG.py
[2026-04-08T01:51:13.584+0000] {processor.py:840} INFO - DAG(s) 'DataDriftRetrainDAG' retrieved from /opt/airflow/dags/DataDriftRetrainDAG.py
[2026-04-08T01:51:13.597+0000] {logging_mixin.py:188} INFO - [2026-04-08T01:51:13.596+0000] {dag.py:3047} INFO - Sync 1 DAGs
[2026-04-08T01:51:13.610+0000] {logging_mixin.py:188} INFO - [2026-04-08T01:51:13.610+0000] {dag.py:3834} INFO - Setting next_dagrun for DataDriftRetrainDAG to 2026-04-08 01:50:00+00:00, run_after=2026-04-08 01:52:00+00:00
[2026-04-08T01:51:13.619+0000] {processor.py:183} INFO - Processing /opt/airflow/dags/DataDriftRetrainDAG.py took 0.809 seconds
[2026-04-08T01:51:43.762+0000] {processor.py:161} INFO - Started process (PID=392) to work on /opt/airflow/dags/DataDriftRetrainDAG.py
[2026-04-08T01:51:43.763+0000] {processor.py:830} INFO - Processing file /opt/airflow/dags/DataDriftRetrainDAG.py for tasks to queue
[2026-04-08T01:51:43.764+0000] {logging_mixin.py:188} INFO - [2026-04-08T01:51:43.764+0000] {dagbag.py:540} INFO - Filling up the DagBag from /opt/airflow/dags/DataDriftRetrainDAG.py
[2026-04-08T01:51:44.555+0000] {processor.py:840} INFO - DAG(s) 'DataDriftRetrainDAG' retrieved from /opt/airflow/dags/DataDriftRetrainDAG.py
[2026-04-08T01:51:44.568+0000] {logging_mixin.py:188} INFO - [2026-04-08T01:51:44.568+0000] {dag.py:3047} INFO - Sync 1 DAGs
[2026-04-08T01:51:44.582+0000] {logging_mixin.py:188} INFO - [2026-04-08T01:51:44.582+0000] {dag.py:3834} INFO - Setting next_dagrun for DataDriftRetrainDAG to 2026-04-08 01:50:00+00:00, run_after=2026-04-08 01:52:00+00:00
[2026-04-08T01:51:44.590+0000] {processor.py:183} INFO - Processing /opt/airflow/dags/DataDriftRetrainDAG.py took 0.830 seconds
[2026-04-08T01:51:47.589+0000] {processor.py:161} INFO - Started process (PID=458) to work on /opt/airflow/dags/DataDriftRetrainDAG.py
[2026-04-08T01:51:47.589+0000] {processor.py:830} INFO - Processing file /opt/airflow/dags/DataDriftRetrainDAG.py for tasks to queue
[2026-04-08T01:51:47.590+0000] {logging_mixin.py:188} INFO - [2026-04-08T01:51:47.590+0000] {dagbag.py:540} INFO - Filling up the DagBag from /opt/airflow/dags/DataDriftRetrainDAG.py
[2026-04-08T01:51:47.593+0000] {logging_mixin.py:188} INFO - [2026-04-08T01:51:47.593+0000] {dagbag.py:350} ERROR - Failed to import: /opt/airflow/dags/DataDriftRetrainDAG.py
Traceback (most recent call last):
  File "/home/airflow/.local/lib/python3.9/site-packages/airflow/models/dagbag.py", line 346, in parse
    loader.exec_module(new_module)
  File "<frozen importlib._bootstrap_external>", line 846, in exec_module
  File "<frozen importlib._bootstrap_external>", line 983, in get_code
  File "<frozen importlib._bootstrap_external>", line 913, in source_to_code
  File "<frozen importlib._bootstrap>", line 228, in _call_with_frames_removed
  File "/opt/airflow/dags/DataDriftRetrainDAG.py", line 144
    train_acc = accuracy_score(y_train, train_pred)..
                                                    ^
SyntaxError: invalid syntax
[2026-04-08T01:51:47.593+0000] {processor.py:842} WARNING - No viable dags retrieved from /opt/airflow/dags/DataDriftRetrainDAG.py
[2026-04-08T01:51:47.604+0000] {processor.py:183} INFO - Processing /opt/airflow/dags/DataDriftRetrainDAG.py took 0.017 seconds
[2026-04-08T01:52:17.697+0000] {processor.py:161} INFO - Started process (PID=492) to work on /opt/airflow/dags/DataDriftRetrainDAG.py
[2026-04-08T01:52:17.698+0000] {processor.py:830} INFO - Processing file /opt/airflow/dags/DataDriftRetrainDAG.py for tasks to queue
[2026-04-08T01:52:17.699+0000] {logging_mixin.py:188} INFO - [2026-04-08T01:52:17.699+0000] {dagbag.py:540} INFO - Filling up the DagBag from /opt/airflow/dags/DataDriftRetrainDAG.py
[2026-04-08T01:52:17.702+0000] {logging_mixin.py:188} INFO - [2026-04-08T01:52:17.702+0000] {dagbag.py:350} ERROR - Failed to import: /opt/airflow/dags/DataDriftRetrainDAG.py
Traceback (most recent call last):
  File "/home/airflow/.local/lib/python3.9/site-packages/airflow/models/dagbag.py", line 346, in parse
    loader.exec_module(new_module)
  File "<frozen importlib._bootstrap_external>", line 846, in exec_module
  File "<frozen importlib._bootstrap_external>", line 983, in get_code
  File "<frozen importlib._bootstrap_external>", line 913, in source_to_code
  File "<frozen importlib._bootstrap>", line 228, in _call_with_frames_removed
  File "/opt/airflow/dags/DataDriftRetrainDAG.py", line 144
    train_acc = accuracy_score(y_train, train_pred)..
                                                    ^
SyntaxError: invalid syntax
[2026-04-08T01:52:17.702+0000] {processor.py:842} WARNING - No viable dags retrieved from /opt/airflow/dags/DataDriftRetrainDAG.py
[2026-04-08T01:52:17.714+0000] {processor.py:183} INFO - Processing /opt/airflow/dags/DataDriftRetrainDAG.py took 0.019 seconds
[2026-04-08T01:52:23.719+0000] {processor.py:161} INFO - Started process (PID=493) to work on /opt/airflow/dags/DataDriftRetrainDAG.py
[2026-04-08T01:52:23.720+0000] {processor.py:830} INFO - Processing file /opt/airflow/dags/DataDriftRetrainDAG.py for tasks to queue
[2026-04-08T01:52:23.720+0000] {logging_mixin.py:188} INFO - [2026-04-08T01:52:23.720+0000] {dagbag.py:540} INFO - Filling up the DagBag from /opt/airflow/dags/DataDriftRetrainDAG.py
[2026-04-08T01:52:24.485+0000] {processor.py:840} INFO - DAG(s) 'DataDriftRetrainDAG' retrieved from /opt/airflow/dags/DataDriftRetrainDAG.py
[2026-04-08T01:52:24.498+0000] {logging_mixin.py:188} INFO - [2026-04-08T01:52:24.497+0000] {dag.py:3047} INFO - Sync 1 DAGs
[2026-04-08T01:52:24.511+0000] {logging_mixin.py:188} INFO - [2026-04-08T01:52:24.511+0000] {dag.py:3834} INFO - Setting next_dagrun for DataDriftRetrainDAG to 2026-04-08 01:50:00+00:00, run_after=2026-04-08 01:52:00+00:00
[2026-04-08T01:52:24.520+0000] {processor.py:183} INFO - Processing /opt/airflow/dags/DataDriftRetrainDAG.py took 0.803 seconds
[2026-04-08T01:52:54.805+0000] {processor.py:161} INFO - Started process (PID=563) to work on /opt/airflow/dags/DataDriftRetrainDAG.py
[2026-04-08T01:52:54.806+0000] {processor.py:830} INFO - Processing file /opt/airflow/dags/DataDriftRetrainDAG.py for tasks to queue
[2026-04-08T01:52:54.807+0000] {logging_mixin.py:188} INFO - [2026-04-08T01:52:54.807+0000] {dagbag.py:540} INFO - Filling up the DagBag from /opt/airflow/dags/DataDriftRetrainDAG.py
[2026-04-08T01:52:55.593+0000] {processor.py:840} INFO - DAG(s) 'DataDriftRetrainDAG' retrieved from /opt/airflow/dags/DataDriftRetrainDAG.py
[2026-04-08T01:52:55.606+0000] {logging_mixin.py:188} INFO - [2026-04-08T01:52:55.606+0000] {dag.py:3047} INFO - Sync 1 DAGs
[2026-04-08T01:52:55.620+0000] {logging_mixin.py:188} INFO - [2026-04-08T01:52:55.620+0000] {dag.py:3834} INFO - Setting next_dagrun for DataDriftRetrainDAG to 2026-04-08 01:52:00+00:00, run_after=2026-04-08 01:54:00+00:00
[2026-04-08T01:52:55.629+0000] {processor.py:183} INFO - Processing /opt/airflow/dags/DataDriftRetrainDAG.py took 0.825 seconds
[2026-04-08T01:53:25.711+0000] {processor.py:161} INFO - Started process (PID=629) to work on /opt/airflow/dags/DataDriftRetrainDAG.py
[2026-04-08T01:53:25.712+0000] {processor.py:830} INFO - Processing file /opt/airflow/dags/DataDriftRetrainDAG.py for tasks to queue
[2026-04-08T01:53:25.713+0000] {logging_mixin.py:188} INFO - [2026-04-08T01:53:25.712+0000] {dagbag.py:540} INFO - Filling up the DagBag from /opt/airflow/dags/DataDriftRetrainDAG.py
[2026-04-08T01:53:26.465+0000] {processor.py:840} INFO - DAG(s) 'DataDriftRetrainDAG' retrieved from /opt/airflow/dags/DataDriftRetrainDAG.py
[2026-04-08T01:53:26.478+0000] {logging_mixin.py:188} INFO - [2026-04-08T01:53:26.478+0000] {dag.py:3047} INFO - Sync 1 DAGs
[2026-04-08T01:53:26.492+0000] {logging_mixin.py:188} INFO - [2026-04-08T01:53:26.492+0000] {dag.py:3834} INFO - Setting next_dagrun for DataDriftRetrainDAG to 2026-04-08 01:52:00+00:00, run_after=2026-04-08 01:54:00+00:00
[2026-04-08T01:53:26.500+0000] {processor.py:183} INFO - Processing /opt/airflow/dags/DataDriftRetrainDAG.py took 0.792 seconds
[2026-04-08T01:53:56.583+0000] {processor.py:161} INFO - Started process (PID=695) to work on /opt/airflow/dags/DataDriftRetrainDAG.py
[2026-04-08T01:53:56.584+0000] {processor.py:830} INFO - Processing file /opt/airflow/dags/DataDriftRetrainDAG.py for tasks to queue
[2026-04-08T01:53:56.585+0000] {logging_mixin.py:188} INFO - [2026-04-08T01:53:56.585+0000] {dagbag.py:540} INFO - Filling up the DagBag from /opt/airflow/dags/DataDriftRetrainDAG.py
[2026-04-08T01:53:57.354+0000] {processor.py:840} INFO - DAG(s) 'DataDriftRetrainDAG' retrieved from /opt/airflow/dags/DataDriftRetrainDAG.py
[2026-04-08T01:53:57.368+0000] {logging_mixin.py:188} INFO - [2026-04-08T01:53:57.367+0000] {dag.py:3047} INFO - Sync 1 DAGs
[2026-04-08T01:53:57.382+0000] {logging_mixin.py:188} INFO - [2026-04-08T01:53:57.382+0000] {dag.py:3834} INFO - Setting next_dagrun for DataDriftRetrainDAG to 2026-04-08 01:52:00+00:00, run_after=2026-04-08 01:54:00+00:00
[2026-04-08T01:53:57.390+0000] {processor.py:183} INFO - Processing /opt/airflow/dags/DataDriftRetrainDAG.py took 0.809 seconds
[2026-04-08T01:54:27.498+0000] {processor.py:161} INFO - Started process (PID=761) to work on /opt/airflow/dags/DataDriftRetrainDAG.py
[2026-04-08T01:54:27.499+0000] {processor.py:830} INFO - Processing file /opt/airflow/dags/DataDriftRetrainDAG.py for tasks to queue
[2026-04-08T01:54:27.500+0000] {logging_mixin.py:188} INFO - [2026-04-08T01:54:27.499+0000] {dagbag.py:540} INFO - Filling up the DagBag from /opt/airflow/dags/DataDriftRetrainDAG.py
[2026-04-08T01:54:28.266+0000] {processor.py:840} INFO - DAG(s) 'DataDriftRetrainDAG' retrieved from /opt/airflow/dags/DataDriftRetrainDAG.py
[2026-04-08T01:54:28.279+0000] {logging_mixin.py:188} INFO - [2026-04-08T01:54:28.279+0000] {dag.py:3047} INFO - Sync 1 DAGs
[2026-04-08T01:54:28.292+0000] {logging_mixin.py:188} INFO - [2026-04-08T01:54:28.292+0000] {dag.py:3834} INFO - Setting next_dagrun for DataDriftRetrainDAG to 2026-04-08 01:54:00+00:00, run_after=2026-04-08 01:56:00+00:00
[2026-04-08T01:54:28.300+0000] {processor.py:183} INFO - Processing /opt/airflow/dags/DataDriftRetrainDAG.py took 0.805 seconds
[2026-04-08T01:54:58.379+0000] {processor.py:161} INFO - Started process (PID=827) to work on /opt/airflow/dags/DataDriftRetrainDAG.py
[2026-04-08T01:54:58.380+0000] {processor.py:830} INFO - Processing file /opt/airflow/dags/DataDriftRetrainDAG.py for tasks to queue
[2026-04-08T01:54:58.381+0000] {logging_mixin.py:188} INFO - [2026-04-08T01:54:58.381+0000] {dagbag.py:540} INFO - Filling up the DagBag from /opt/airflow/dags/DataDriftRetrainDAG.py
[2026-04-08T01:54:59.130+0000] {processor.py:840} INFO - DAG(s) 'DataDriftRetrainDAG' retrieved from /opt/airflow/dags/DataDriftRetrainDAG.py
[2026-04-08T01:54:59.143+0000] {logging_mixin.py:188} INFO - [2026-04-08T01:54:59.143+0000] {dag.py:3047} INFO - Sync 1 DAGs
[2026-04-08T01:54:59.156+0000] {logging_mixin.py:188} INFO - [2026-04-08T01:54:59.156+0000] {dag.py:3834} INFO - Setting next_dagrun for DataDriftRetrainDAG to 2026-04-08 01:54:00+00:00, run_after=2026-04-08 01:56:00+00:00
[2026-04-08T01:54:59.164+0000] {processor.py:183} INFO - Processing /opt/airflow/dags/DataDriftRetrainDAG.py took 0.787 seconds
[2026-04-08T01:55:29.244+0000] {processor.py:161} INFO - Started process (PID=893) to work on /opt/airflow/dags/DataDriftRetrainDAG.py
[2026-04-08T01:55:29.245+0000] {processor.py:830} INFO - Processing file /opt/airflow/dags/DataDriftRetrainDAG.py for tasks to queue
[2026-04-08T01:55:29.246+0000] {logging_mixin.py:188} INFO - [2026-04-08T01:55:29.246+0000] {dagbag.py:540} INFO - Filling up the DagBag from /opt/airflow/dags/DataDriftRetrainDAG.py
[2026-04-08T01:55:30.023+0000] {processor.py:840} INFO - DAG(s) 'DataDriftRetrainDAG' retrieved from /opt/airflow/dags/DataDriftRetrainDAG.py
[2026-04-08T01:55:30.036+0000] {logging_mixin.py:188} INFO - [2026-04-08T01:55:30.036+0000] {dag.py:3047} INFO - Sync 1 DAGs
[2026-04-08T01:55:30.050+0000] {logging_mixin.py:188} INFO - [2026-04-08T01:55:30.050+0000] {dag.py:3834} INFO - Setting next_dagrun for DataDriftRetrainDAG to 2026-04-08 01:54:00+00:00, run_after=2026-04-08 01:56:00+00:00
[2026-04-08T01:55:30.058+0000] {processor.py:183} INFO - Processing /opt/airflow/dags/DataDriftRetrainDAG.py took 0.816 seconds
[2026-04-08T01:56:00.162+0000] {processor.py:161} INFO - Started process (PID=959) to work on /opt/airflow/dags/DataDriftRetrainDAG.py
[2026-04-08T01:56:00.163+0000] {processor.py:830} INFO - Processing file /opt/airflow/dags/DataDriftRetrainDAG.py for tasks to queue
[2026-04-08T01:56:00.164+0000] {logging_mixin.py:188} INFO - [2026-04-08T01:56:00.163+0000] {dagbag.py:540} INFO - Filling up the DagBag from /opt/airflow/dags/DataDriftRetrainDAG.py
[2026-04-08T01:56:00.931+0000] {processor.py:840} INFO - DAG(s) 'DataDriftRetrainDAG' retrieved from /opt/airflow/dags/DataDriftRetrainDAG.py
[2026-04-08T01:56:00.944+0000] {logging_mixin.py:188} INFO - [2026-04-08T01:56:00.944+0000] {dag.py:3047} INFO - Sync 1 DAGs
[2026-04-08T01:56:00.958+0000] {logging_mixin.py:188} INFO - [2026-04-08T01:56:00.958+0000] {dag.py:3834} INFO - Setting next_dagrun for DataDriftRetrainDAG to 2026-04-08 01:56:00+00:00, run_after=2026-04-08 01:58:00+00:00
[2026-04-08T01:56:00.966+0000] {processor.py:183} INFO - Processing /opt/airflow/dags/DataDriftRetrainDAG.py took 0.807 seconds
[2026-04-08T01:56:31.074+0000] {processor.py:161} INFO - Started process (PID=1025) to work on /opt/airflow/dags/DataDriftRetrainDAG.py
[2026-04-08T01:56:31.074+0000] {processor.py:830} INFO - Processing file /opt/airflow/dags/DataDriftRetrainDAG.py for tasks to queue
[2026-04-08T01:56:31.075+0000] {logging_mixin.py:188} INFO - [2026-04-08T01:56:31.075+0000] {dagbag.py:540} INFO - Filling up the DagBag from /opt/airflow/dags/DataDriftRetrainDAG.py
[2026-04-08T01:56:31.820+0000] {processor.py:840} INFO - DAG(s) 'DataDriftRetrainDAG' retrieved from /opt/airflow/dags/DataDriftRetrainDAG.py
[2026-04-08T01:56:31.833+0000] {logging_mixin.py:188} INFO - [2026-04-08T01:56:31.832+0000] {dag.py:3047} INFO - Sync 1 DAGs
[2026-04-08T01:56:31.846+0000] {logging_mixin.py:188} INFO - [2026-04-08T01:56:31.846+0000] {dag.py:3834} INFO - Setting next_dagrun for DataDriftRetrainDAG to 2026-04-08 01:56:00+00:00, run_after=2026-04-08 01:58:00+00:00
[2026-04-08T01:56:31.854+0000] {processor.py:183} INFO - Processing /opt/airflow/dags/DataDriftRetrainDAG.py took 0.783 seconds
[2026-04-08T01:57:01.964+0000] {processor.py:161} INFO - Started process (PID=1091) to work on /opt/airflow/dags/DataDriftRetrainDAG.py
[2026-04-08T01:57:01.964+0000] {processor.py:830} INFO - Processing file /opt/airflow/dags/DataDriftRetrainDAG.py for tasks to queue
[2026-04-08T01:57:01.965+0000] {logging_mixin.py:188} INFO - [2026-04-08T01:57:01.965+0000] {dagbag.py:540} INFO - Filling up the DagBag from /opt/airflow/dags/DataDriftRetrainDAG.py
[2026-04-08T01:57:02.728+0000] {processor.py:840} INFO - DAG(s) 'DataDriftRetrainDAG' retrieved from /opt/airflow/dags/DataDriftRetrainDAG.py
[2026-04-08T01:57:02.741+0000] {logging_mixin.py:188} INFO - [2026-04-08T01:57:02.741+0000] {dag.py:3047} INFO - Sync 1 DAGs
[2026-04-08T01:57:02.756+0000] {logging_mixin.py:188} INFO - [2026-04-08T01:57:02.755+0000] {dag.py:3834} INFO - Setting next_dagrun for DataDriftRetrainDAG to 2026-04-08 01:56:00+00:00, run_after=2026-04-08 01:58:00+00:00
[2026-04-08T01:57:02.763+0000] {processor.py:183} INFO - Processing /opt/airflow/dags/DataDriftRetrainDAG.py took 0.802 seconds
[2026-04-08T01:57:32.861+0000] {processor.py:161} INFO - Started process (PID=1157) to work on /opt/airflow/dags/DataDriftRetrainDAG.py
[2026-04-08T01:57:32.862+0000] {processor.py:830} INFO - Processing file /opt/airflow/dags/DataDriftRetrainDAG.py for tasks to queue
[2026-04-08T01:57:32.863+0000] {logging_mixin.py:188} INFO - [2026-04-08T01:57:32.863+0000] {dagbag.py:540} INFO - Filling up the DagBag from /opt/airflow/dags/DataDriftRetrainDAG.py
[2026-04-08T01:57:33.633+0000] {processor.py:840} INFO - DAG(s) 'DataDriftRetrainDAG' retrieved from /opt/airflow/dags/DataDriftRetrainDAG.py
[2026-04-08T01:57:33.646+0000] {logging_mixin.py:188} INFO - [2026-04-08T01:57:33.646+0000] {dag.py:3047} INFO - Sync 1 DAGs
[2026-04-08T01:57:33.660+0000] {logging_mixin.py:188} INFO - [2026-04-08T01:57:33.660+0000] {dag.py:3834} INFO - Setting next_dagrun for DataDriftRetrainDAG to 2026-04-08 01:56:00+00:00, run_after=2026-04-08 01:58:00+00:00
[2026-04-08T01:57:33.668+0000] {processor.py:183} INFO - Processing /opt/airflow/dags/DataDriftRetrainDAG.py took 0.809 seconds
[2026-04-08T01:58:03.779+0000] {processor.py:161} INFO - Started process (PID=1223) to work on /opt/airflow/dags/DataDriftRetrainDAG.py
[2026-04-08T01:58:03.780+0000] {processor.py:830} INFO - Processing file /opt/airflow/dags/DataDriftRetrainDAG.py for tasks to queue
[2026-04-08T01:58:03.781+0000] {logging_mixin.py:188} INFO - [2026-04-08T01:58:03.781+0000] {dagbag.py:540} INFO - Filling up the DagBag from /opt/airflow/dags/DataDriftRetrainDAG.py
[2026-04-08T01:58:04.550+0000] {processor.py:840} INFO - DAG(s) 'DataDriftRetrainDAG' retrieved from /opt/airflow/dags/DataDriftRetrainDAG.py
[2026-04-08T01:58:04.562+0000] {logging_mixin.py:188} INFO - [2026-04-08T01:58:04.562+0000] {dag.py:3047} INFO - Sync 1 DAGs
[2026-04-08T01:58:04.576+0000] {logging_mixin.py:188} INFO - [2026-04-08T01:58:04.576+0000] {dag.py:3834} INFO - Setting next_dagrun for DataDriftRetrainDAG to 2026-04-08 01:58:00+00:00, run_after=2026-04-08 02:00:00+00:00
[2026-04-08T01:58:04.584+0000] {processor.py:183} INFO - Processing /opt/airflow/dags/DataDriftRetrainDAG.py took 0.807 seconds
[2026-04-08T01:58:34.697+0000] {processor.py:161} INFO - Started process (PID=1289) to work on /opt/airflow/dags/DataDriftRetrainDAG.py
[2026-04-08T01:58:34.698+0000] {processor.py:830} INFO - Processing file /opt/airflow/dags/DataDriftRetrainDAG.py for tasks to queue
[2026-04-08T01:58:34.699+0000] {logging_mixin.py:188} INFO - [2026-04-08T01:58:34.699+0000] {dagbag.py:540} INFO - Filling up the DagBag from /opt/airflow/dags/DataDriftRetrainDAG.py
[2026-04-08T01:58:35.469+0000] {processor.py:840} INFO - DAG(s) 'DataDriftRetrainDAG' retrieved from /opt/airflow/dags/DataDriftRetrainDAG.py
[2026-04-08T01:58:35.482+0000] {logging_mixin.py:188} INFO - [2026-04-08T01:58:35.482+0000] {dag.py:3047} INFO - Sync 1 DAGs
[2026-04-08T01:58:35.495+0000] {logging_mixin.py:188} INFO - [2026-04-08T01:58:35.495+0000] {dag.py:3834} INFO - Setting next_dagrun for DataDriftRetrainDAG to 2026-04-08 01:58:00+00:00, run_after=2026-04-08 02:00:00+00:00
[2026-04-08T01:58:35.503+0000] {processor.py:183} INFO - Processing /opt/airflow/dags/DataDriftRetrainDAG.py took 0.808 seconds
[2026-04-08T01:59:05.596+0000] {processor.py:161} INFO - Started process (PID=1355) to work on /opt/airflow/dags/DataDriftRetrainDAG.py
[2026-04-08T01:59:05.597+0000] {processor.py:830} INFO - Processing file /opt/airflow/dags/DataDriftRetrainDAG.py for tasks to queue
[2026-04-08T01:59:05.598+0000] {logging_mixin.py:188} INFO - [2026-04-08T01:59:05.598+0000] {dagbag.py:540} INFO - Filling up the DagBag from /opt/airflow/dags/DataDriftRetrainDAG.py
[2026-04-08T01:59:06.380+0000] {processor.py:840} INFO - DAG(s) 'DataDriftRetrainDAG' retrieved from /opt/airflow/dags/DataDriftRetrainDAG.py
[2026-04-08T01:59:06.393+0000] {logging_mixin.py:188} INFO - [2026-04-08T01:59:06.393+0000] {dag.py:3047} INFO - Sync 1 DAGs
[2026-04-08T01:59:06.408+0000] {logging_mixin.py:188} INFO - [2026-04-08T01:59:06.408+0000] {dag.py:3834} INFO - Setting next_dagrun for DataDriftRetrainDAG to 2026-04-08 01:58:00+00:00, run_after=2026-04-08 02:00:00+00:00
[2026-04-08T01:59:06.416+0000] {processor.py:183} INFO - Processing /opt/airflow/dags/DataDriftRetrainDAG.py took 0.822 seconds
[2026-04-08T01:59:36.532+0000] {processor.py:161} INFO - Started process (PID=1421) to work on /opt/airflow/dags/DataDriftRetrainDAG.py
[2026-04-08T01:59:36.533+0000] {processor.py:830} INFO - Processing file /opt/airflow/dags/DataDriftRetrainDAG.py for tasks to queue
[2026-04-08T01:59:36.534+0000] {logging_mixin.py:188} INFO - [2026-04-08T01:59:36.534+0000] {dagbag.py:540} INFO - Filling up the DagBag from /opt/airflow/dags/DataDriftRetrainDAG.py
[2026-04-08T01:59:37.289+0000] {processor.py:840} INFO - DAG(s) 'DataDriftRetrainDAG' retrieved from /opt/airflow/dags/DataDriftRetrainDAG.py
[2026-04-08T01:59:37.301+0000] {logging_mixin.py:188} INFO - [2026-04-08T01:59:37.301+0000] {dag.py:3047} INFO - Sync 1 DAGs
[2026-04-08T01:59:37.315+0000] {logging_mixin.py:188} INFO - [2026-04-08T01:59:37.315+0000] {dag.py:3834} INFO - Setting next_dagrun for DataDriftRetrainDAG to 2026-04-08 01:58:00+00:00, run_after=2026-04-08 02:00:00+00:00
[2026-04-08T01:59:37.323+0000] {processor.py:183} INFO - Processing /opt/airflow/dags/DataDriftRetrainDAG.py took 0.793 seconds
[2026-04-08T02:00:07.445+0000] {processor.py:161} INFO - Started process (PID=1487) to work on /opt/airflow/dags/DataDriftRetrainDAG.py
[2026-04-08T02:00:07.446+0000] {processor.py:830} INFO - Processing file /opt/airflow/dags/DataDriftRetrainDAG.py for tasks to queue
[2026-04-08T02:00:07.447+0000] {logging_mixin.py:188} INFO - [2026-04-08T02:00:07.446+0000] {dagbag.py:540} INFO - Filling up the DagBag from /opt/airflow/dags/DataDriftRetrainDAG.py
[2026-04-08T02:00:08.221+0000] {processor.py:840} INFO - DAG(s) 'DataDriftRetrainDAG' retrieved from /opt/airflow/dags/DataDriftRetrainDAG.py
[2026-04-08T02:00:08.234+0000] {logging_mixin.py:188} INFO - [2026-04-08T02:00:08.234+0000] {dag.py:3047} INFO - Sync 1 DAGs
[2026-04-08T02:00:08.248+0000] {logging_mixin.py:188} INFO - [2026-04-08T02:00:08.248+0000] {dag.py:3834} INFO - Setting next_dagrun for DataDriftRetrainDAG to 2026-04-08 02:00:00+00:00, run_after=2026-04-08 02:02:00+00:00
[2026-04-08T02:00:08.255+0000] {processor.py:183} INFO - Processing /opt/airflow/dags/DataDriftRetrainDAG.py took 0.813 seconds
[2026-04-08T02:00:38.333+0000] {processor.py:161} INFO - Started process (PID=1553) to work on /opt/airflow/dags/DataDriftRetrainDAG.py
[2026-04-08T02:00:38.334+0000] {processor.py:830} INFO - Processing file /opt/airflow/dags/DataDriftRetrainDAG.py for tasks to queue
[2026-04-08T02:00:38.335+0000] {logging_mixin.py:188} INFO - [2026-04-08T02:00:38.335+0000] {dagbag.py:540} INFO - Filling up the DagBag from /opt/airflow/dags/DataDriftRetrainDAG.py
[2026-04-08T02:00:39.112+0000] {processor.py:840} INFO - DAG(s) 'DataDriftRetrainDAG' retrieved from /opt/airflow/dags/DataDriftRetrainDAG.py
[2026-04-08T02:00:39.125+0000] {logging_mixin.py:188} INFO - [2026-04-08T02:00:39.125+0000] {dag.py:3047} INFO - Sync 1 DAGs
[2026-04-08T02:00:39.139+0000] {logging_mixin.py:188} INFO - [2026-04-08T02:00:39.138+0000] {dag.py:3834} INFO - Setting next_dagrun for DataDriftRetrainDAG to 2026-04-08 02:00:00+00:00, run_after=2026-04-08 02:02:00+00:00
[2026-04-08T02:00:39.146+0000] {processor.py:183} INFO - Processing /opt/airflow/dags/DataDriftRetrainDAG.py took 0.816 seconds
[2026-04-08T02:01:09.222+0000] {processor.py:161} INFO - Started process (PID=1619) to work on /opt/airflow/dags/DataDriftRetrainDAG.py
[2026-04-08T02:01:09.222+0000] {processor.py:830} INFO - Processing file /opt/airflow/dags/DataDriftRetrainDAG.py for tasks to queue
[2026-04-08T02:01:09.223+0000] {logging_mixin.py:188} INFO - [2026-04-08T02:01:09.223+0000] {dagbag.py:540} INFO - Filling up the DagBag from /opt/airflow/dags/DataDriftRetrainDAG.py
[2026-04-08T02:01:09.976+0000] {processor.py:840} INFO - DAG(s) 'DataDriftRetrainDAG' retrieved from /opt/airflow/dags/DataDriftRetrainDAG.py
[2026-04-08T02:01:09.989+0000] {logging_mixin.py:188} INFO - [2026-04-08T02:01:09.989+0000] {dag.py:3047} INFO - Sync 1 DAGs
[2026-04-08T02:01:10.003+0000] {logging_mixin.py:188} INFO - [2026-04-08T02:01:10.003+0000] {dag.py:3834} INFO - Setting next_dagrun for DataDriftRetrainDAG to 2026-04-08 02:00:00+00:00, run_after=2026-04-08 02:02:00+00:00
[2026-04-08T02:01:10.011+0000] {processor.py:183} INFO - Processing /opt/airflow/dags/DataDriftRetrainDAG.py took 0.792 seconds
[2026-04-08T02:01:40.285+0000] {processor.py:161} INFO - Started process (PID=1685) to work on /opt/airflow/dags/DataDriftRetrainDAG.py
[2026-04-08T02:01:40.286+0000] {processor.py:830} INFO - Processing file /opt/airflow/dags/DataDriftRetrainDAG.py for tasks to queue
[2026-04-08T02:01:40.287+0000] {logging_mixin.py:188} INFO - [2026-04-08T02:01:40.287+0000] {dagbag.py:540} INFO - Filling up the DagBag from /opt/airflow/dags/DataDriftRetrainDAG.py
[2026-04-08T02:01:41.049+0000] {processor.py:840} INFO - DAG(s) 'DataDriftRetrainDAG' retrieved from /opt/airflow/dags/DataDriftRetrainDAG.py
[2026-04-08T02:01:41.061+0000] {logging_mixin.py:188} INFO - [2026-04-08T02:01:41.061+0000] {dag.py:3047} INFO - Sync 1 DAGs
[2026-04-08T02:01:41.075+0000] {logging_mixin.py:188} INFO - [2026-04-08T02:01:41.074+0000] {dag.py:3834} INFO - Setting next_dagrun for DataDriftRetrainDAG to 2026-04-08 02:00:00+00:00, run_after=2026-04-08 02:02:00+00:00
[2026-04-08T02:01:41.083+0000] {processor.py:183} INFO - Processing /opt/airflow/dags/DataDriftRetrainDAG.py took 0.800 seconds
[2026-04-08T02:02:11.161+0000] {processor.py:161} INFO - Started process (PID=1751) to work on /opt/airflow/dags/DataDriftRetrainDAG.py
[2026-04-08T02:02:11.162+0000] {processor.py:830} INFO - Processing file /opt/airflow/dags/DataDriftRetrainDAG.py for tasks to queue
[2026-04-08T02:02:11.163+0000] {logging_mixin.py:188} INFO - [2026-04-08T02:02:11.163+0000] {dagbag.py:540} INFO - Filling up the DagBag from /opt/airflow/dags/DataDriftRetrainDAG.py
[2026-04-08T02:02:11.909+0000] {processor.py:840} INFO - DAG(s) 'DataDriftRetrainDAG' retrieved from /opt/airflow/dags/DataDriftRetrainDAG.py
[2026-04-08T02:02:11.922+0000] {logging_mixin.py:188} INFO - [2026-04-08T02:02:11.922+0000] {dag.py:3047} INFO - Sync 1 DAGs
[2026-04-08T02:02:11.936+0000] {logging_mixin.py:188} INFO - [2026-04-08T02:02:11.936+0000] {dag.py:3834} INFO - Setting next_dagrun for DataDriftRetrainDAG to 2026-04-08 02:02:00+00:00, run_after=2026-04-08 02:04:00+00:00
[2026-04-08T02:02:11.944+0000] {processor.py:183} INFO - Processing /opt/airflow/dags/DataDriftRetrainDAG.py took 0.785 seconds
[2026-04-08T02:02:42.056+0000] {processor.py:161} INFO - Started process (PID=1817) to work on /opt/airflow/dags/DataDriftRetrainDAG.py
[2026-04-08T02:02:42.057+0000] {processor.py:830} INFO - Processing file /opt/airflow/dags/DataDriftRetrainDAG.py for tasks to queue
[2026-04-08T02:02:42.058+0000] {logging_mixin.py:188} INFO - [2026-04-08T02:02:42.058+0000] {dagbag.py:540} INFO - Filling up the DagBag from /opt/airflow/dags/DataDriftRetrainDAG.py
[2026-04-08T02:02:42.818+0000] {processor.py:840} INFO - DAG(s) 'DataDriftRetrainDAG' retrieved from /opt/airflow/dags/DataDriftRetrainDAG.py
[2026-04-08T02:02:42.830+0000] {logging_mixin.py:188} INFO - [2026-04-08T02:02:42.830+0000] {dag.py:3047} INFO - Sync 1 DAGs
[2026-04-08T02:02:42.844+0000] {logging_mixin.py:188} INFO - [2026-04-08T02:02:42.843+0000] {dag.py:3834} INFO - Setting next_dagrun for DataDriftRetrainDAG to 2026-04-08 02:02:00+00:00, run_after=2026-04-08 02:04:00+00:00
[2026-04-08T02:02:42.851+0000] {processor.py:183} INFO - Processing /opt/airflow/dags/DataDriftRetrainDAG.py took 0.797 seconds
[2026-04-08T02:03:12.961+0000] {processor.py:161} INFO - Started process (PID=1883) to work on /opt/airflow/dags/DataDriftRetrainDAG.py
[2026-04-08T02:03:12.962+0000] {processor.py:830} INFO - Processing file /opt/airflow/dags/DataDriftRetrainDAG.py for tasks to queue
[2026-04-08T02:03:12.963+0000] {logging_mixin.py:188} INFO - [2026-04-08T02:03:12.963+0000] {dagbag.py:540} INFO - Filling up the DagBag from /opt/airflow/dags/DataDriftRetrainDAG.py
[2026-04-08T02:03:13.734+0000] {processor.py:840} INFO - DAG(s) 'DataDriftRetrainDAG' retrieved from /opt/airflow/dags/DataDriftRetrainDAG.py
[2026-04-08T02:03:13.746+0000] {logging_mixin.py:188} INFO - [2026-04-08T02:03:13.746+0000] {dag.py:3047} INFO - Sync 1 DAGs
[2026-04-08T02:03:13.760+0000] {logging_mixin.py:188} INFO - [2026-04-08T02:03:13.759+0000] {dag.py:3834} INFO - Setting next_dagrun for DataDriftRetrainDAG to 2026-04-08 02:02:00+00:00, run_after=2026-04-08 02:04:00+00:00
[2026-04-08T02:03:13.767+0000] {processor.py:183} INFO - Processing /opt/airflow/dags/DataDriftRetrainDAG.py took 0.808 seconds
[2026-04-08T02:03:43.868+0000] {processor.py:161} INFO - Started process (PID=1949) to work on /opt/airflow/dags/DataDriftRetrainDAG.py
[2026-04-08T02:03:43.869+0000] {processor.py:830} INFO - Processing file /opt/airflow/dags/DataDriftRetrainDAG.py for tasks to queue
[2026-04-08T02:03:43.870+0000] {logging_mixin.py:188} INFO - [2026-04-08T02:03:43.870+0000] {dagbag.py:540} INFO - Filling up the DagBag from /opt/airflow/dags/DataDriftRetrainDAG.py
[2026-04-08T02:03:44.692+0000] {processor.py:840} INFO - DAG(s) 'DataDriftRetrainDAG' retrieved from /opt/airflow/dags/DataDriftRetrainDAG.py
[2026-04-08T02:03:44.705+0000] {logging_mixin.py:188} INFO - [2026-04-08T02:03:44.704+0000] {dag.py:3047} INFO - Sync 1 DAGs
[2026-04-08T02:03:44.718+0000] {logging_mixin.py:188} INFO - [2026-04-08T02:03:44.718+0000] {dag.py:3834} INFO - Setting next_dagrun for DataDriftRetrainDAG to 2026-04-08 02:02:00+00:00, run_after=2026-04-08 02:04:00+00:00
[2026-04-08T02:03:44.726+0000] {processor.py:183} INFO - Processing /opt/airflow/dags/DataDriftRetrainDAG.py took 0.861 seconds
[2026-04-08T02:04:14.821+0000] {processor.py:161} INFO - Started process (PID=2015) to work on /opt/airflow/dags/DataDriftRetrainDAG.py
[2026-04-08T02:04:14.822+0000] {processor.py:830} INFO - Processing file /opt/airflow/dags/DataDriftRetrainDAG.py for tasks to queue
[2026-04-08T02:04:14.823+0000] {logging_mixin.py:188} INFO - [2026-04-08T02:04:14.823+0000] {dagbag.py:540} INFO - Filling up the DagBag from /opt/airflow/dags/DataDriftRetrainDAG.py
[2026-04-08T02:04:15.573+0000] {processor.py:840} INFO - DAG(s) 'DataDriftRetrainDAG' retrieved from /opt/airflow/dags/DataDriftRetrainDAG.py
[2026-04-08T02:04:15.587+0000] {logging_mixin.py:188} INFO - [2026-04-08T02:04:15.586+0000] {dag.py:3047} INFO - Sync 1 DAGs
[2026-04-08T02:04:15.601+0000] {logging_mixin.py:188} INFO - [2026-04-08T02:04:15.601+0000] {dag.py:3834} INFO - Setting next_dagrun for DataDriftRetrainDAG to 2026-04-08 02:04:00+00:00, run_after=2026-04-08 02:06:00+00:00
[2026-04-08T02:04:15.609+0000] {processor.py:183} INFO - Processing /opt/airflow/dags/DataDriftRetrainDAG.py took 0.790 seconds
[2026-04-08T02:04:45.692+0000] {processor.py:161} INFO - Started process (PID=2081) to work on /opt/airflow/dags/DataDriftRetrainDAG.py
[2026-04-08T02:04:45.692+0000] {processor.py:830} INFO - Processing file /opt/airflow/dags/DataDriftRetrainDAG.py for tasks to queue
[2026-04-08T02:04:45.693+0000] {logging_mixin.py:188} INFO - [2026-04-08T02:04:45.693+0000] {dagbag.py:540} INFO - Filling up the DagBag from /opt/airflow/dags/DataDriftRetrainDAG.py
[2026-04-08T02:04:46.504+0000] {processor.py:840} INFO - DAG(s) 'DataDriftRetrainDAG' retrieved from /opt/airflow/dags/DataDriftRetrainDAG.py
[2026-04-08T02:04:46.518+0000] {logging_mixin.py:188} INFO - [2026-04-08T02:04:46.518+0000] {dag.py:3047} INFO - Sync 1 DAGs
[2026-04-08T02:04:46.532+0000] {logging_mixin.py:188} INFO - [2026-04-08T02:04:46.532+0000] {dag.py:3834} INFO - Setting next_dagrun for DataDriftRetrainDAG to 2026-04-08 02:04:00+00:00, run_after=2026-04-08 02:06:00+00:00
[2026-04-08T02:04:46.540+0000] {processor.py:183} INFO - Processing /opt/airflow/dags/DataDriftRetrainDAG.py took 0.850 seconds
[2026-04-08T02:05:16.625+0000] {processor.py:161} INFO - Started process (PID=2147) to work on /opt/airflow/dags/DataDriftRetrainDAG.py
[2026-04-08T02:05:16.626+0000] {processor.py:830} INFO - Processing file /opt/airflow/dags/DataDriftRetrainDAG.py for tasks to queue
[2026-04-08T02:05:16.627+0000] {logging_mixin.py:188} INFO - [2026-04-08T02:05:16.627+0000] {dagbag.py:540} INFO - Filling up the DagBag from /opt/airflow/dags/DataDriftRetrainDAG.py
[2026-04-08T02:05:17.388+0000] {processor.py:840} INFO - DAG(s) 'DataDriftRetrainDAG' retrieved from /opt/airflow/dags/DataDriftRetrainDAG.py
[2026-04-08T02:05:17.401+0000] {logging_mixin.py:188} INFO - [2026-04-08T02:05:17.401+0000] {dag.py:3047} INFO - Sync 1 DAGs
[2026-04-08T02:05:17.414+0000] {logging_mixin.py:188} INFO - [2026-04-08T02:05:17.414+0000] {dag.py:3834} INFO - Setting next_dagrun for DataDriftRetrainDAG to 2026-04-08 02:04:00+00:00, run_after=2026-04-08 02:06:00+00:00
[2026-04-08T02:05:17.422+0000] {processor.py:183} INFO - Processing /opt/airflow/dags/DataDriftRetrainDAG.py took 0.799 seconds
[2026-04-08T02:05:47.501+0000] {processor.py:161} INFO - Started process (PID=2213) to work on /opt/airflow/dags/DataDriftRetrainDAG.py
[2026-04-08T02:05:47.502+0000] {processor.py:830} INFO - Processing file /opt/airflow/dags/DataDriftRetrainDAG.py for tasks to queue
[2026-04-08T02:05:47.503+0000] {logging_mixin.py:188} INFO - [2026-04-08T02:05:47.503+0000] {dagbag.py:540} INFO - Filling up the DagBag from /opt/airflow/dags/DataDriftRetrainDAG.py
[2026-04-08T02:05:48.262+0000] {processor.py:840} INFO - DAG(s) 'DataDriftRetrainDAG' retrieved from /opt/airflow/dags/DataDriftRetrainDAG.py
[2026-04-08T02:05:48.275+0000] {logging_mixin.py:188} INFO - [2026-04-08T02:05:48.275+0000] {dag.py:3047} INFO - Sync 1 DAGs
[2026-04-08T02:05:48.289+0000] {logging_mixin.py:188} INFO - [2026-04-08T02:05:48.289+0000] {dag.py:3834} INFO - Setting next_dagrun for DataDriftRetrainDAG to 2026-04-08 02:04:00+00:00, run_after=2026-04-08 02:06:00+00:00
[2026-04-08T02:05:48.297+0000] {processor.py:183} INFO - Processing /opt/airflow/dags/DataDriftRetrainDAG.py took 0.798 seconds
[2026-04-08T02:06:18.378+0000] {processor.py:161} INFO - Started process (PID=2279) to work on /opt/airflow/dags/DataDriftRetrainDAG.py
[2026-04-08T02:06:18.379+0000] {processor.py:830} INFO - Processing file /opt/airflow/dags/DataDriftRetrainDAG.py for tasks to queue
[2026-04-08T02:06:18.380+0000] {logging_mixin.py:188} INFO - [2026-04-08T02:06:18.380+0000] {dagbag.py:540} INFO - Filling up the DagBag from /opt/airflow/dags/DataDriftRetrainDAG.py
[2026-04-08T02:06:19.164+0000] {processor.py:840} INFO - DAG(s) 'DataDriftRetrainDAG' retrieved from /opt/airflow/dags/DataDriftRetrainDAG.py
[2026-04-08T02:06:19.179+0000] {logging_mixin.py:188} INFO - [2026-04-08T02:06:19.179+0000] {dag.py:3047} INFO - Sync 1 DAGs
[2026-04-08T02:06:19.194+0000] {logging_mixin.py:188} INFO - [2026-04-08T02:06:19.194+0000] {dag.py:3834} INFO - Setting next_dagrun for DataDriftRetrainDAG to 2026-04-08 02:06:00+00:00, run_after=2026-04-08 02:08:00+00:00
[2026-04-08T02:06:19.202+0000] {processor.py:183} INFO - Processing /opt/airflow/dags/DataDriftRetrainDAG.py took 0.827 seconds
[2026-04-08T02:06:49.283+0000] {processor.py:161} INFO - Started process (PID=2345) to work on /opt/airflow/dags/DataDriftRetrainDAG.py
[2026-04-08T02:06:49.284+0000] {processor.py:830} INFO - Processing file /opt/airflow/dags/DataDriftRetrainDAG.py for tasks to queue
[2026-04-08T02:06:49.285+0000] {logging_mixin.py:188} INFO - [2026-04-08T02:06:49.285+0000] {dagbag.py:540} INFO - Filling up the DagBag from /opt/airflow/dags/DataDriftRetrainDAG.py
[2026-04-08T02:06:50.065+0000] {processor.py:840} INFO - DAG(s) 'DataDriftRetrainDAG' retrieved from /opt/airflow/dags/DataDriftRetrainDAG.py
[2026-04-08T02:06:50.078+0000] {logging_mixin.py:188} INFO - [2026-04-08T02:06:50.078+0000] {dag.py:3047} INFO - Sync 1 DAGs
[2026-04-08T02:06:50.091+0000] {logging_mixin.py:188} INFO - [2026-04-08T02:06:50.091+0000] {dag.py:3834} INFO - Setting next_dagrun for DataDriftRetrainDAG to 2026-04-08 02:06:00+00:00, run_after=2026-04-08 02:08:00+00:00
[2026-04-08T02:06:50.099+0000] {processor.py:183} INFO - Processing /opt/airflow/dags/DataDriftRetrainDAG.py took 0.818 seconds
[2026-04-08T02:07:20.219+0000] {processor.py:161} INFO - Started process (PID=2411) to work on /opt/airflow/dags/DataDriftRetrainDAG.py
[2026-04-08T02:07:20.220+0000] {processor.py:830} INFO - Processing file /opt/airflow/dags/DataDriftRetrainDAG.py for tasks to queue
[2026-04-08T02:07:20.221+0000] {logging_mixin.py:188} INFO - [2026-04-08T02:07:20.221+0000] {dagbag.py:540} INFO - Filling up the DagBag from /opt/airflow/dags/DataDriftRetrainDAG.py
[2026-04-08T02:07:21.000+0000] {processor.py:840} INFO - DAG(s) 'DataDriftRetrainDAG' retrieved from /opt/airflow/dags/DataDriftRetrainDAG.py
[2026-04-08T02:07:21.014+0000] {logging_mixin.py:188} INFO - [2026-04-08T02:07:21.013+0000] {dag.py:3047} INFO - Sync 1 DAGs
[2026-04-08T02:07:21.027+0000] {logging_mixin.py:188} INFO - [2026-04-08T02:07:21.027+0000] {dag.py:3834} INFO - Setting next_dagrun for DataDriftRetrainDAG to 2026-04-08 02:06:00+00:00, run_after=2026-04-08 02:08:00+00:00
[2026-04-08T02:07:21.036+0000] {processor.py:183} INFO - Processing /opt/airflow/dags/DataDriftRetrainDAG.py took 0.819 seconds
[2026-04-08T02:07:51.124+0000] {processor.py:161} INFO - Started process (PID=2477) to work on /opt/airflow/dags/DataDriftRetrainDAG.py
[2026-04-08T02:07:51.125+0000] {processor.py:830} INFO - Processing file /opt/airflow/dags/DataDriftRetrainDAG.py for tasks to queue
[2026-04-08T02:07:51.126+0000] {logging_mixin.py:188} INFO - [2026-04-08T02:07:51.125+0000] {dagbag.py:540} INFO - Filling up the DagBag from /opt/airflow/dags/DataDriftRetrainDAG.py
[2026-04-08T02:07:51.905+0000] {processor.py:840} INFO - DAG(s) 'DataDriftRetrainDAG' retrieved from /opt/airflow/dags/DataDriftRetrainDAG.py
[2026-04-08T02:07:51.919+0000] {logging_mixin.py:188} INFO - [2026-04-08T02:07:51.919+0000] {dag.py:3047} INFO - Sync 1 DAGs
[2026-04-08T02:07:51.933+0000] {logging_mixin.py:188} INFO - [2026-04-08T02:07:51.933+0000] {dag.py:3834} INFO - Setting next_dagrun for DataDriftRetrainDAG to 2026-04-08 02:06:00+00:00, run_after=2026-04-08 02:08:00+00:00
[2026-04-08T02:07:51.941+0000] {processor.py:183} INFO - Processing /opt/airflow/dags/DataDriftRetrainDAG.py took 0.820 seconds
[2026-04-08T02:08:22.061+0000] {processor.py:161} INFO - Started process (PID=2543) to work on /opt/airflow/dags/DataDriftRetrainDAG.py
[2026-04-08T02:08:22.062+0000] {processor.py:830} INFO - Processing file /opt/airflow/dags/DataDriftRetrainDAG.py for tasks to queue
[2026-04-08T02:08:22.063+0000] {logging_mixin.py:188} INFO - [2026-04-08T02:08:22.063+0000] {dagbag.py:540} INFO - Filling up the DagBag from /opt/airflow/dags/DataDriftRetrainDAG.py
[2026-04-08T02:08:22.817+0000] {processor.py:840} INFO - DAG(s) 'DataDriftRetrainDAG' retrieved from /opt/airflow/dags/DataDriftRetrainDAG.py
[2026-04-08T02:08:22.831+0000] {logging_mixin.py:188} INFO - [2026-04-08T02:08:22.831+0000] {dag.py:3047} INFO - Sync 1 DAGs
[2026-04-08T02:08:22.845+0000] {logging_mixin.py:188} INFO - [2026-04-08T02:08:22.845+0000] {dag.py:3834} INFO - Setting next_dagrun for DataDriftRetrainDAG to 2026-04-08 02:08:00+00:00, run_after=2026-04-08 02:10:00+00:00
[2026-04-08T02:08:22.853+0000] {processor.py:183} INFO - Processing /opt/airflow/dags/DataDriftRetrainDAG.py took 0.794 seconds
[2026-04-08T02:08:53.156+0000] {processor.py:161} INFO - Started process (PID=2609) to work on /opt/airflow/dags/DataDriftRetrainDAG.py
[2026-04-08T02:08:53.157+0000] {processor.py:830} INFO - Processing file /opt/airflow/dags/DataDriftRetrainDAG.py for tasks to queue
[2026-04-08T02:08:53.158+0000] {logging_mixin.py:188} INFO - [2026-04-08T02:08:53.158+0000] {dagbag.py:540} INFO - Filling up the DagBag from /opt/airflow/dags/DataDriftRetrainDAG.py
[2026-04-08T02:08:53.927+0000] {processor.py:840} INFO - DAG(s) 'DataDriftRetrainDAG' retrieved from /opt/airflow/dags/DataDriftRetrainDAG.py
[2026-04-08T02:08:53.941+0000] {logging_mixin.py:188} INFO - [2026-04-08T02:08:53.940+0000] {dag.py:3047} INFO - Sync 1 DAGs
[2026-04-08T02:08:53.954+0000] {logging_mixin.py:188} INFO - [2026-04-08T02:08:53.954+0000] {dag.py:3834} INFO - Setting next_dagrun for DataDriftRetrainDAG to 2026-04-08 02:08:00+00:00, run_after=2026-04-08 02:10:00+00:00
[2026-04-08T02:08:53.962+0000] {processor.py:183} INFO - Processing /opt/airflow/dags/DataDriftRetrainDAG.py took 0.808 seconds
[2026-04-08T02:09:24.077+0000] {processor.py:161} INFO - Started process (PID=2675) to work on /opt/airflow/dags/DataDriftRetrainDAG.py
[2026-04-08T02:09:24.077+0000] {processor.py:830} INFO - Processing file /opt/airflow/dags/DataDriftRetrainDAG.py for tasks to queue
[2026-04-08T02:09:24.078+0000] {logging_mixin.py:188} INFO - [2026-04-08T02:09:24.078+0000] {dagbag.py:540} INFO - Filling up the DagBag from /opt/airflow/dags/DataDriftRetrainDAG.py
[2026-04-08T02:09:24.830+0000] {processor.py:840} INFO - DAG(s) 'DataDriftRetrainDAG' retrieved from /opt/airflow/dags/DataDriftRetrainDAG.py
[2026-04-08T02:09:24.842+0000] {logging_mixin.py:188} INFO - [2026-04-08T02:09:24.842+0000] {dag.py:3047} INFO - Sync 1 DAGs
[2026-04-08T02:09:24.856+0000] {logging_mixin.py:188} INFO - [2026-04-08T02:09:24.856+0000] {dag.py:3834} INFO - Setting next_dagrun for DataDriftRetrainDAG to 2026-04-08 02:08:00+00:00, run_after=2026-04-08 02:10:00+00:00
[2026-04-08T02:09:24.864+0000] {processor.py:183} INFO - Processing /opt/airflow/dags/DataDriftRetrainDAG.py took 0.789 seconds
[2026-04-08T02:09:54.986+0000] {processor.py:161} INFO - Started process (PID=2741) to work on /opt/airflow/dags/DataDriftRetrainDAG.py
[2026-04-08T02:09:54.986+0000] {processor.py:830} INFO - Processing file /opt/airflow/dags/DataDriftRetrainDAG.py for tasks to queue
[2026-04-08T02:09:54.987+0000] {logging_mixin.py:188} INFO - [2026-04-08T02:09:54.987+0000] {dagbag.py:540} INFO - Filling up the DagBag from /opt/airflow/dags/DataDriftRetrainDAG.py
[2026-04-08T02:09:55.733+0000] {processor.py:840} INFO - DAG(s) 'DataDriftRetrainDAG' retrieved from /opt/airflow/dags/DataDriftRetrainDAG.py
[2026-04-08T02:09:55.746+0000] {logging_mixin.py:188} INFO - [2026-04-08T02:09:55.745+0000] {dag.py:3047} INFO - Sync 1 DAGs
[2026-04-08T02:09:55.759+0000] {logging_mixin.py:188} INFO - [2026-04-08T02:09:55.759+0000] {dag.py:3834} INFO - Setting next_dagrun for DataDriftRetrainDAG to 2026-04-08 02:08:00+00:00, run_after=2026-04-08 02:10:00+00:00
[2026-04-08T02:09:55.767+0000] {processor.py:183} INFO - Processing /opt/airflow/dags/DataDriftRetrainDAG.py took 0.784 seconds
[2026-04-08T02:10:25.865+0000] {processor.py:161} INFO - Started process (PID=2807) to work on /opt/airflow/dags/DataDriftRetrainDAG.py
[2026-04-08T02:10:25.866+0000] {processor.py:830} INFO - Processing file /opt/airflow/dags/DataDriftRetrainDAG.py for tasks to queue
[2026-04-08T02:10:25.867+0000] {logging_mixin.py:188} INFO - [2026-04-08T02:10:25.867+0000] {dagbag.py:540} INFO - Filling up the DagBag from /opt/airflow/dags/DataDriftRetrainDAG.py
[2026-04-08T02:10:26.642+0000] {processor.py:840} INFO - DAG(s) 'DataDriftRetrainDAG' retrieved from /opt/airflow/dags/DataDriftRetrainDAG.py
[2026-04-08T02:10:26.654+0000] {logging_mixin.py:188} INFO - [2026-04-08T02:10:26.654+0000] {dag.py:3047} INFO - Sync 1 DAGs
[2026-04-08T02:10:26.668+0000] {logging_mixin.py:188} INFO - [2026-04-08T02:10:26.668+0000] {dag.py:3834} INFO - Setting next_dagrun for DataDriftRetrainDAG to 2026-04-08 02:10:00+00:00, run_after=2026-04-08 02:12:00+00:00
[2026-04-08T02:10:26.676+0000] {processor.py:183} INFO - Processing /opt/airflow/dags/DataDriftRetrainDAG.py took 0.813 seconds
[2026-04-08T02:10:56.750+0000] {processor.py:161} INFO - Started process (PID=2873) to work on /opt/airflow/dags/DataDriftRetrainDAG.py
[2026-04-08T02:10:56.751+0000] {processor.py:830} INFO - Processing file /opt/airflow/dags/DataDriftRetrainDAG.py for tasks to queue
[2026-04-08T02:10:56.752+0000] {logging_mixin.py:188} INFO - [2026-04-08T02:10:56.751+0000] {dagbag.py:540} INFO - Filling up the DagBag from /opt/airflow/dags/DataDriftRetrainDAG.py
[2026-04-08T02:10:57.524+0000] {processor.py:840} INFO - DAG(s) 'DataDriftRetrainDAG' retrieved from /opt/airflow/dags/DataDriftRetrainDAG.py
[2026-04-08T02:10:57.537+0000] {logging_mixin.py:188} INFO - [2026-04-08T02:10:57.537+0000] {dag.py:3047} INFO - Sync 1 DAGs
[2026-04-08T02:10:57.551+0000] {logging_mixin.py:188} INFO - [2026-04-08T02:10:57.551+0000] {dag.py:3834} INFO - Setting next_dagrun for DataDriftRetrainDAG to 2026-04-08 02:10:00+00:00, run_after=2026-04-08 02:12:00+00:00
[2026-04-08T02:10:57.559+0000] {processor.py:183} INFO - Processing /opt/airflow/dags/DataDriftRetrainDAG.py took 0.811 seconds
[2026-04-08T02:11:27.636+0000] {processor.py:161} INFO - Started process (PID=2939) to work on /opt/airflow/dags/DataDriftRetrainDAG.py
[2026-04-08T02:11:27.637+0000] {processor.py:830} INFO - Processing file /opt/airflow/dags/DataDriftRetrainDAG.py for tasks to queue
[2026-04-08T02:11:27.638+0000] {logging_mixin.py:188} INFO - [2026-04-08T02:11:27.638+0000] {dagbag.py:540} INFO - Filling up the DagBag from /opt/airflow/dags/DataDriftRetrainDAG.py
[2026-04-08T02:11:28.385+0000] {processor.py:840} INFO - DAG(s) 'DataDriftRetrainDAG' retrieved from /opt/airflow/dags/DataDriftRetrainDAG.py
[2026-04-08T02:11:28.399+0000] {logging_mixin.py:188} INFO - [2026-04-08T02:11:28.399+0000] {dag.py:3047} INFO - Sync 1 DAGs
[2026-04-08T02:11:28.413+0000] {logging_mixin.py:188} INFO - [2026-04-08T02:11:28.412+0000] {dag.py:3834} INFO - Setting next_dagrun for DataDriftRetrainDAG to 2026-04-08 02:10:00+00:00, run_after=2026-04-08 02:12:00+00:00
[2026-04-08T02:11:28.420+0000] {processor.py:183} INFO - Processing /opt/airflow/dags/DataDriftRetrainDAG.py took 0.786 seconds
[2026-04-08T02:11:58.497+0000] {processor.py:161} INFO - Started process (PID=3005) to work on /opt/airflow/dags/DataDriftRetrainDAG.py
[2026-04-08T02:11:58.497+0000] {processor.py:830} INFO - Processing file /opt/airflow/dags/DataDriftRetrainDAG.py for tasks to queue
[2026-04-08T02:11:58.499+0000] {logging_mixin.py:188} INFO - [2026-04-08T02:11:58.498+0000] {dagbag.py:540} INFO - Filling up the DagBag from /opt/airflow/dags/DataDriftRetrainDAG.py
[2026-04-08T02:11:59.268+0000] {processor.py:840} INFO - DAG(s) 'DataDriftRetrainDAG' retrieved from /opt/airflow/dags/DataDriftRetrainDAG.py
[2026-04-08T02:11:59.281+0000] {logging_mixin.py:188} INFO - [2026-04-08T02:11:59.280+0000] {dag.py:3047} INFO - Sync 1 DAGs
[2026-04-08T02:11:59.294+0000] {logging_mixin.py:188} INFO - [2026-04-08T02:11:59.294+0000] {dag.py:3834} INFO - Setting next_dagrun for DataDriftRetrainDAG to 2026-04-08 02:10:00+00:00, run_after=2026-04-08 02:12:00+00:00
[2026-04-08T02:11:59.396+0000] {processor.py:183} INFO - Processing /opt/airflow/dags/DataDriftRetrainDAG.py took 0.902 seconds
[2026-04-08T02:12:29.476+0000] {processor.py:161} INFO - Started process (PID=3071) to work on /opt/airflow/dags/DataDriftRetrainDAG.py
[2026-04-08T02:12:29.477+0000] {processor.py:830} INFO - Processing file /opt/airflow/dags/DataDriftRetrainDAG.py for tasks to queue
[2026-04-08T02:12:29.478+0000] {logging_mixin.py:188} INFO - [2026-04-08T02:12:29.478+0000] {dagbag.py:540} INFO - Filling up the DagBag from /opt/airflow/dags/DataDriftRetrainDAG.py
[2026-04-08T02:12:30.236+0000] {processor.py:840} INFO - DAG(s) 'DataDriftRetrainDAG' retrieved from /opt/airflow/dags/DataDriftRetrainDAG.py
[2026-04-08T02:12:30.248+0000] {logging_mixin.py:188} INFO - [2026-04-08T02:12:30.248+0000] {dag.py:3047} INFO - Sync 1 DAGs
[2026-04-08T02:12:30.262+0000] {logging_mixin.py:188} INFO - [2026-04-08T02:12:30.262+0000] {dag.py:3834} INFO - Setting next_dagrun for DataDriftRetrainDAG to 2026-04-08 02:12:00+00:00, run_after=2026-04-08 02:14:00+00:00
[2026-04-08T02:12:30.270+0000] {processor.py:183} INFO - Processing /opt/airflow/dags/DataDriftRetrainDAG.py took 0.796 seconds
[2026-04-08T02:13:00.353+0000] {processor.py:161} INFO - Started process (PID=3137) to work on /opt/airflow/dags/DataDriftRetrainDAG.py
[2026-04-08T02:13:00.354+0000] {processor.py:830} INFO - Processing file /opt/airflow/dags/DataDriftRetrainDAG.py for tasks to queue
[2026-04-08T02:13:00.355+0000] {logging_mixin.py:188} INFO - [2026-04-08T02:13:00.355+0000] {dagbag.py:540} INFO - Filling up the DagBag from /opt/airflow/dags/DataDriftRetrainDAG.py
[2026-04-08T02:13:01.104+0000] {processor.py:840} INFO - DAG(s) 'DataDriftRetrainDAG' retrieved from /opt/airflow/dags/DataDriftRetrainDAG.py
[2026-04-08T02:13:01.117+0000] {logging_mixin.py:188} INFO - [2026-04-08T02:13:01.117+0000] {dag.py:3047} INFO - Sync 1 DAGs
[2026-04-08T02:13:01.130+0000] {logging_mixin.py:188} INFO - [2026-04-08T02:13:01.130+0000] {dag.py:3834} INFO - Setting next_dagrun for DataDriftRetrainDAG to 2026-04-08 02:12:00+00:00, run_after=2026-04-08 02:14:00+00:00
[2026-04-08T02:13:01.138+0000] {processor.py:183} INFO - Processing /opt/airflow/dags/DataDriftRetrainDAG.py took 0.787 seconds
[2026-04-08T02:13:31.213+0000] {processor.py:161} INFO - Started process (PID=3203) to work on /opt/airflow/dags/DataDriftRetrainDAG.py
[2026-04-08T02:13:31.213+0000] {processor.py:830} INFO - Processing file /opt/airflow/dags/DataDriftRetrainDAG.py for tasks to queue
[2026-04-08T02:13:31.215+0000] {logging_mixin.py:188} INFO - [2026-04-08T02:13:31.214+0000] {dagbag.py:540} INFO - Filling up the DagBag from /opt/airflow/dags/DataDriftRetrainDAG.py
[2026-04-08T02:13:31.967+0000] {processor.py:840} INFO - DAG(s) 'DataDriftRetrainDAG' retrieved from /opt/airflow/dags/DataDriftRetrainDAG.py
[2026-04-08T02:13:31.981+0000] {logging_mixin.py:188} INFO - [2026-04-08T02:13:31.981+0000] {dag.py:3047} INFO - Sync 1 DAGs
[2026-04-08T02:13:31.995+0000] {logging_mixin.py:188} INFO - [2026-04-08T02:13:31.994+0000] {dag.py:3834} INFO - Setting next_dagrun for DataDriftRetrainDAG to 2026-04-08 02:12:00+00:00, run_after=2026-04-08 02:14:00+00:00
[2026-04-08T02:13:32.002+0000] {processor.py:183} INFO - Processing /opt/airflow/dags/DataDriftRetrainDAG.py took 0.792 seconds
[2026-04-08T02:14:02.105+0000] {processor.py:161} INFO - Started process (PID=3269) to work on /opt/airflow/dags/DataDriftRetrainDAG.py
[2026-04-08T02:14:02.106+0000] {processor.py:830} INFO - Processing file /opt/airflow/dags/DataDriftRetrainDAG.py for tasks to queue
[2026-04-08T02:14:02.107+0000] {logging_mixin.py:188} INFO - [2026-04-08T02:14:02.106+0000] {dagbag.py:540} INFO - Filling up the DagBag from /opt/airflow/dags/DataDriftRetrainDAG.py
[2026-04-08T02:14:02.873+0000] {processor.py:840} INFO - DAG(s) 'DataDriftRetrainDAG' retrieved from /opt/airflow/dags/DataDriftRetrainDAG.py
[2026-04-08T02:14:02.886+0000] {logging_mixin.py:188} INFO - [2026-04-08T02:14:02.885+0000] {dag.py:3047} INFO - Sync 1 DAGs
[2026-04-08T02:14:02.899+0000] {logging_mixin.py:188} INFO - [2026-04-08T02:14:02.899+0000] {dag.py:3834} INFO - Setting next_dagrun for DataDriftRetrainDAG to 2026-04-08 02:14:00+00:00, run_after=2026-04-08 02:16:00+00:00
[2026-04-08T02:14:03.007+0000] {processor.py:183} INFO - Processing /opt/airflow/dags/DataDriftRetrainDAG.py took 0.904 seconds
[2026-04-08T02:14:33.084+0000] {processor.py:161} INFO - Started process (PID=3335) to work on /opt/airflow/dags/DataDriftRetrainDAG.py
[2026-04-08T02:14:33.084+0000] {processor.py:830} INFO - Processing file /opt/airflow/dags/DataDriftRetrainDAG.py for tasks to queue
[2026-04-08T02:14:33.085+0000] {logging_mixin.py:188} INFO - [2026-04-08T02:14:33.085+0000] {dagbag.py:540} INFO - Filling up the DagBag from /opt/airflow/dags/DataDriftRetrainDAG.py
[2026-04-08T02:14:33.828+0000] {processor.py:840} INFO - DAG(s) 'DataDriftRetrainDAG' retrieved from /opt/airflow/dags/DataDriftRetrainDAG.py
[2026-04-08T02:14:33.840+0000] {logging_mixin.py:188} INFO - [2026-04-08T02:14:33.840+0000] {dag.py:3047} INFO - Sync 1 DAGs
[2026-04-08T02:14:33.854+0000] {logging_mixin.py:188} INFO - [2026-04-08T02:14:33.854+0000] {dag.py:3834} INFO - Setting next_dagrun for DataDriftRetrainDAG to 2026-04-08 02:14:00+00:00, run_after=2026-04-08 02:16:00+00:00
[2026-04-08T02:14:33.862+0000] {processor.py:183} INFO - Processing /opt/airflow/dags/DataDriftRetrainDAG.py took 0.781 seconds
[2026-04-08T02:15:03.946+0000] {processor.py:161} INFO - Started process (PID=3401) to work on /opt/airflow/dags/DataDriftRetrainDAG.py
[2026-04-08T02:15:03.947+0000] {processor.py:830} INFO - Processing file /opt/airflow/dags/DataDriftRetrainDAG.py for tasks to queue
[2026-04-08T02:15:03.948+0000] {logging_mixin.py:188} INFO - [2026-04-08T02:15:03.948+0000] {dagbag.py:540} INFO - Filling up the DagBag from /opt/airflow/dags/DataDriftRetrainDAG.py
[2026-04-08T02:15:04.712+0000] {processor.py:840} INFO - DAG(s) 'DataDriftRetrainDAG' retrieved from /opt/airflow/dags/DataDriftRetrainDAG.py
[2026-04-08T02:15:04.726+0000] {logging_mixin.py:188} INFO - [2026-04-08T02:15:04.726+0000] {dag.py:3047} INFO - Sync 1 DAGs
[2026-04-08T02:15:04.740+0000] {logging_mixin.py:188} INFO - [2026-04-08T02:15:04.740+0000] {dag.py:3834} INFO - Setting next_dagrun for DataDriftRetrainDAG to 2026-04-08 02:14:00+00:00, run_after=2026-04-08 02:16:00+00:00
[2026-04-08T02:15:04.748+0000] {processor.py:183} INFO - Processing /opt/airflow/dags/DataDriftRetrainDAG.py took 0.804 seconds
[2026-04-08T02:15:35.045+0000] {processor.py:161} INFO - Started process (PID=3467) to work on /opt/airflow/dags/DataDriftRetrainDAG.py
[2026-04-08T02:15:35.046+0000] {processor.py:830} INFO - Processing file /opt/airflow/dags/DataDriftRetrainDAG.py for tasks to queue
[2026-04-08T02:15:35.047+0000] {logging_mixin.py:188} INFO - [2026-04-08T02:15:35.047+0000] {dagbag.py:540} INFO - Filling up the DagBag from /opt/airflow/dags/DataDriftRetrainDAG.py
[2026-04-08T02:15:35.790+0000] {processor.py:840} INFO - DAG(s) 'DataDriftRetrainDAG' retrieved from /opt/airflow/dags/DataDriftRetrainDAG.py
[2026-04-08T02:15:35.803+0000] {logging_mixin.py:188} INFO - [2026-04-08T02:15:35.802+0000] {dag.py:3047} INFO - Sync 1 DAGs
[2026-04-08T02:15:35.816+0000] {logging_mixin.py:188} INFO - [2026-04-08T02:15:35.816+0000] {dag.py:3834} INFO - Setting next_dagrun for DataDriftRetrainDAG to 2026-04-08 02:14:00+00:00, run_after=2026-04-08 02:16:00+00:00
[2026-04-08T02:15:35.824+0000] {processor.py:183} INFO - Processing /opt/airflow/dags/DataDriftRetrainDAG.py took 0.781 seconds
[2026-04-08T02:16:05.930+0000] {processor.py:161} INFO - Started process (PID=3533) to work on /opt/airflow/dags/DataDriftRetrainDAG.py
[2026-04-08T02:16:05.931+0000] {processor.py:830} INFO - Processing file /opt/airflow/dags/DataDriftRetrainDAG.py for tasks to queue
[2026-04-08T02:16:05.932+0000] {logging_mixin.py:188} INFO - [2026-04-08T02:16:05.932+0000] {dagbag.py:540} INFO - Filling up the DagBag from /opt/airflow/dags/DataDriftRetrainDAG.py
[2026-04-08T02:16:06.683+0000] {processor.py:840} INFO - DAG(s) 'DataDriftRetrainDAG' retrieved from /opt/airflow/dags/DataDriftRetrainDAG.py
[2026-04-08T02:16:06.696+0000] {logging_mixin.py:188} INFO - [2026-04-08T02:16:06.695+0000] {dag.py:3047} INFO - Sync 1 DAGs
[2026-04-08T02:16:06.709+0000] {logging_mixin.py:188} INFO - [2026-04-08T02:16:06.709+0000] {dag.py:3834} INFO - Setting next_dagrun for DataDriftRetrainDAG to 2026-04-08 02:16:00+00:00, run_after=2026-04-08 02:18:00+00:00
[2026-04-08T02:16:06.805+0000] {processor.py:183} INFO - Processing /opt/airflow/dags/DataDriftRetrainDAG.py took 0.877 seconds
[2026-04-08T02:16:29.569+0000] {processor.py:161} INFO - Started process (PID=3599) to work on /opt/airflow/dags/DataDriftRetrainDAG.py
[2026-04-08T02:16:29.569+0000] {processor.py:830} INFO - Processing file /opt/airflow/dags/DataDriftRetrainDAG.py for tasks to queue
[2026-04-08T02:16:29.571+0000] {logging_mixin.py:188} INFO - [2026-04-08T02:16:29.570+0000] {dagbag.py:540} INFO - Filling up the DagBag from /opt/airflow/dags/DataDriftRetrainDAG.py
[2026-04-08T02:16:30.349+0000] {processor.py:840} INFO - DAG(s) 'DataDriftRetrainDAG' retrieved from /opt/airflow/dags/DataDriftRetrainDAG.py
[2026-04-08T02:16:30.363+0000] {logging_mixin.py:188} INFO - [2026-04-08T02:16:30.363+0000] {dag.py:3047} INFO - Sync 1 DAGs
[2026-04-08T02:16:30.480+0000] {logging_mixin.py:188} INFO - [2026-04-08T02:16:30.480+0000] {dag.py:3834} INFO - Setting next_dagrun for DataDriftRetrainDAG to 2026-04-08 02:16:00+00:00, run_after=2026-04-08 02:18:00+00:00
[2026-04-08T02:16:30.490+0000] {processor.py:183} INFO - Processing /opt/airflow/dags/DataDriftRetrainDAG.py took 0.924 seconds
