[2026-04-08T01:49:08.358+0000] {processor.py:161} INFO - Started process (PID=55) to work on /opt/airflow/dags/ExampleDAG.py
[2026-04-08T01:49:08.359+0000] {processor.py:830} INFO - Processing file /opt/airflow/dags/ExampleDAG.py for tasks to queue
[2026-04-08T01:49:08.360+0000] {logging_mixin.py:188} INFO - [2026-04-08T01:49:08.359+0000] {dagbag.py:540} INFO - Filling up the DagBag from /opt/airflow/dags/ExampleDAG.py
[2026-04-08T01:49:09.695+0000] {logging_mixin.py:188} WARNING - 2026/04/08 01:49:09 INFO mlflow.tracking.fluent: Experiment with name 'ExampleDAG_experiments' does not exist. Creating a new experiment.
[2026-04-08T01:49:09.707+0000] {processor.py:840} INFO - DAG(s) 'ExampleDAG' retrieved from /opt/airflow/dags/ExampleDAG.py
[2026-04-08T01:49:09.838+0000] {logging_mixin.py:188} INFO - [2026-04-08T01:49:09.837+0000] {override.py:1769} INFO - Created Permission View: can edit on DAG:ExampleDAG
[2026-04-08T01:49:09.842+0000] {logging_mixin.py:188} INFO - [2026-04-08T01:49:09.842+0000] {override.py:1769} INFO - Created Permission View: can read on DAG:ExampleDAG
[2026-04-08T01:49:09.845+0000] {logging_mixin.py:188} INFO - [2026-04-08T01:49:09.845+0000] {override.py:1769} INFO - Created Permission View: can delete on DAG:ExampleDAG
[2026-04-08T01:49:09.845+0000] {logging_mixin.py:188} INFO - [2026-04-08T01:49:09.845+0000] {dag.py:3047} INFO - Sync 1 DAGs
[2026-04-08T01:49:09.852+0000] {logging_mixin.py:188} INFO - [2026-04-08T01:49:09.852+0000] {dag.py:3069} INFO - Creating ORM DAG for ExampleDAG
[2026-04-08T01:49:09.858+0000] {logging_mixin.py:188} INFO - [2026-04-08T01:49:09.858+0000] {dag.py:3834} INFO - Setting next_dagrun for ExampleDAG to 2026-04-06 18:00:00+00:00, run_after=2026-04-07 18:00:00+00:00
[2026-04-08T01:49:09.866+0000] {processor.py:183} INFO - Processing /opt/airflow/dags/ExampleDAG.py took 1.509 seconds
[2026-04-08T01:49:39.989+0000] {processor.py:161} INFO - Started process (PID=121) to work on /opt/airflow/dags/ExampleDAG.py
[2026-04-08T01:49:39.989+0000] {processor.py:830} INFO - Processing file /opt/airflow/dags/ExampleDAG.py for tasks to queue
[2026-04-08T01:49:39.990+0000] {logging_mixin.py:188} INFO - [2026-04-08T01:49:39.990+0000] {dagbag.py:540} INFO - Filling up the DagBag from /opt/airflow/dags/ExampleDAG.py
[2026-04-08T01:49:40.801+0000] {processor.py:840} INFO - DAG(s) 'ExampleDAG' retrieved from /opt/airflow/dags/ExampleDAG.py
[2026-04-08T01:49:40.814+0000] {logging_mixin.py:188} INFO - [2026-04-08T01:49:40.813+0000] {dag.py:3047} INFO - Sync 1 DAGs
[2026-04-08T01:49:40.826+0000] {logging_mixin.py:188} INFO - [2026-04-08T01:49:40.826+0000] {dag.py:3834} INFO - Setting next_dagrun for ExampleDAG to 2026-04-06 18:00:00+00:00, run_after=2026-04-07 18:00:00+00:00
[2026-04-08T01:49:40.834+0000] {processor.py:183} INFO - Processing /opt/airflow/dags/ExampleDAG.py took 0.847 seconds
[2026-04-08T01:50:10.924+0000] {processor.py:161} INFO - Started process (PID=195) to work on /opt/airflow/dags/ExampleDAG.py
[2026-04-08T01:50:10.924+0000] {processor.py:830} INFO - Processing file /opt/airflow/dags/ExampleDAG.py for tasks to queue
[2026-04-08T01:50:10.925+0000] {logging_mixin.py:188} INFO - [2026-04-08T01:50:10.925+0000] {dagbag.py:540} INFO - Filling up the DagBag from /opt/airflow/dags/ExampleDAG.py
[2026-04-08T01:50:11.715+0000] {processor.py:840} INFO - DAG(s) 'ExampleDAG' retrieved from /opt/airflow/dags/ExampleDAG.py
[2026-04-08T01:50:11.729+0000] {logging_mixin.py:188} INFO - [2026-04-08T01:50:11.728+0000] {dag.py:3047} INFO - Sync 1 DAGs
[2026-04-08T01:50:11.741+0000] {logging_mixin.py:188} INFO - [2026-04-08T01:50:11.741+0000] {dag.py:3834} INFO - Setting next_dagrun for ExampleDAG to 2026-04-06 18:00:00+00:00, run_after=2026-04-07 18:00:00+00:00
[2026-04-08T01:50:11.749+0000] {processor.py:183} INFO - Processing /opt/airflow/dags/ExampleDAG.py took 0.827 seconds
[2026-04-08T01:50:41.902+0000] {processor.py:161} INFO - Started process (PID=261) to work on /opt/airflow/dags/ExampleDAG.py
[2026-04-08T01:50:41.902+0000] {processor.py:830} INFO - Processing file /opt/airflow/dags/ExampleDAG.py for tasks to queue
[2026-04-08T01:50:41.903+0000] {logging_mixin.py:188} INFO - [2026-04-08T01:50:41.903+0000] {dagbag.py:540} INFO - Filling up the DagBag from /opt/airflow/dags/ExampleDAG.py
[2026-04-08T01:50:42.651+0000] {processor.py:840} INFO - DAG(s) 'ExampleDAG' retrieved from /opt/airflow/dags/ExampleDAG.py
[2026-04-08T01:50:42.664+0000] {logging_mixin.py:188} INFO - [2026-04-08T01:50:42.664+0000] {dag.py:3047} INFO - Sync 1 DAGs
[2026-04-08T01:50:42.676+0000] {logging_mixin.py:188} INFO - [2026-04-08T01:50:42.676+0000] {dag.py:3834} INFO - Setting next_dagrun for ExampleDAG to 2026-04-06 18:00:00+00:00, run_after=2026-04-07 18:00:00+00:00
[2026-04-08T01:50:42.684+0000] {processor.py:183} INFO - Processing /opt/airflow/dags/ExampleDAG.py took 0.784 seconds
[2026-04-08T01:51:12.818+0000] {processor.py:161} INFO - Started process (PID=327) to work on /opt/airflow/dags/ExampleDAG.py
[2026-04-08T01:51:12.818+0000] {processor.py:830} INFO - Processing file /opt/airflow/dags/ExampleDAG.py for tasks to queue
[2026-04-08T01:51:12.819+0000] {logging_mixin.py:188} INFO - [2026-04-08T01:51:12.819+0000] {dagbag.py:540} INFO - Filling up the DagBag from /opt/airflow/dags/ExampleDAG.py
[2026-04-08T01:51:13.609+0000] {processor.py:840} INFO - DAG(s) 'ExampleDAG' retrieved from /opt/airflow/dags/ExampleDAG.py
[2026-04-08T01:51:13.623+0000] {logging_mixin.py:188} INFO - [2026-04-08T01:51:13.622+0000] {dag.py:3047} INFO - Sync 1 DAGs
[2026-04-08T01:51:13.636+0000] {logging_mixin.py:188} INFO - [2026-04-08T01:51:13.636+0000] {dag.py:3834} INFO - Setting next_dagrun for ExampleDAG to 2026-04-06 18:00:00+00:00, run_after=2026-04-07 18:00:00+00:00
[2026-04-08T01:51:13.644+0000] {processor.py:183} INFO - Processing /opt/airflow/dags/ExampleDAG.py took 0.829 seconds
[2026-04-08T01:51:43.768+0000] {processor.py:161} INFO - Started process (PID=393) to work on /opt/airflow/dags/ExampleDAG.py
[2026-04-08T01:51:43.768+0000] {processor.py:830} INFO - Processing file /opt/airflow/dags/ExampleDAG.py for tasks to queue
[2026-04-08T01:51:43.769+0000] {logging_mixin.py:188} INFO - [2026-04-08T01:51:43.769+0000] {dagbag.py:540} INFO - Filling up the DagBag from /opt/airflow/dags/ExampleDAG.py
[2026-04-08T01:51:44.517+0000] {processor.py:840} INFO - DAG(s) 'ExampleDAG' retrieved from /opt/airflow/dags/ExampleDAG.py
[2026-04-08T01:51:44.531+0000] {logging_mixin.py:188} INFO - [2026-04-08T01:51:44.530+0000] {dag.py:3047} INFO - Sync 1 DAGs
[2026-04-08T01:51:44.543+0000] {logging_mixin.py:188} INFO - [2026-04-08T01:51:44.543+0000] {dag.py:3834} INFO - Setting next_dagrun for ExampleDAG to 2026-04-06 18:00:00+00:00, run_after=2026-04-07 18:00:00+00:00
[2026-04-08T01:51:44.551+0000] {processor.py:183} INFO - Processing /opt/airflow/dags/ExampleDAG.py took 0.785 seconds
[2026-04-08T01:52:14.683+0000] {processor.py:161} INFO - Started process (PID=459) to work on /opt/airflow/dags/ExampleDAG.py
[2026-04-08T01:52:14.683+0000] {processor.py:830} INFO - Processing file /opt/airflow/dags/ExampleDAG.py for tasks to queue
[2026-04-08T01:52:14.684+0000] {logging_mixin.py:188} INFO - [2026-04-08T01:52:14.684+0000] {dagbag.py:540} INFO - Filling up the DagBag from /opt/airflow/dags/ExampleDAG.py
[2026-04-08T01:52:15.430+0000] {processor.py:840} INFO - DAG(s) 'ExampleDAG' retrieved from /opt/airflow/dags/ExampleDAG.py
[2026-04-08T01:52:15.444+0000] {logging_mixin.py:188} INFO - [2026-04-08T01:52:15.444+0000] {dag.py:3047} INFO - Sync 1 DAGs
[2026-04-08T01:52:15.456+0000] {logging_mixin.py:188} INFO - [2026-04-08T01:52:15.456+0000] {dag.py:3834} INFO - Setting next_dagrun for ExampleDAG to 2026-04-06 18:00:00+00:00, run_after=2026-04-07 18:00:00+00:00
[2026-04-08T01:52:15.464+0000] {processor.py:183} INFO - Processing /opt/airflow/dags/ExampleDAG.py took 0.783 seconds
[2026-04-08T01:52:45.602+0000] {processor.py:161} INFO - Started process (PID=530) to work on /opt/airflow/dags/ExampleDAG.py
[2026-04-08T01:52:45.603+0000] {processor.py:830} INFO - Processing file /opt/airflow/dags/ExampleDAG.py for tasks to queue
[2026-04-08T01:52:45.604+0000] {logging_mixin.py:188} INFO - [2026-04-08T01:52:45.604+0000] {dagbag.py:540} INFO - Filling up the DagBag from /opt/airflow/dags/ExampleDAG.py
[2026-04-08T01:52:46.356+0000] {processor.py:840} INFO - DAG(s) 'ExampleDAG' retrieved from /opt/airflow/dags/ExampleDAG.py
[2026-04-08T01:52:46.369+0000] {logging_mixin.py:188} INFO - [2026-04-08T01:52:46.368+0000] {dag.py:3047} INFO - Sync 1 DAGs
[2026-04-08T01:52:46.380+0000] {logging_mixin.py:188} INFO - [2026-04-08T01:52:46.380+0000] {dag.py:3834} INFO - Setting next_dagrun for ExampleDAG to 2026-04-06 18:00:00+00:00, run_after=2026-04-07 18:00:00+00:00
[2026-04-08T01:52:46.388+0000] {processor.py:183} INFO - Processing /opt/airflow/dags/ExampleDAG.py took 0.788 seconds
[2026-04-08T01:53:16.489+0000] {processor.py:161} INFO - Started process (PID=596) to work on /opt/airflow/dags/ExampleDAG.py
[2026-04-08T01:53:16.490+0000] {processor.py:830} INFO - Processing file /opt/airflow/dags/ExampleDAG.py for tasks to queue
[2026-04-08T01:53:16.491+0000] {logging_mixin.py:188} INFO - [2026-04-08T01:53:16.491+0000] {dagbag.py:540} INFO - Filling up the DagBag from /opt/airflow/dags/ExampleDAG.py
[2026-04-08T01:53:17.244+0000] {processor.py:840} INFO - DAG(s) 'ExampleDAG' retrieved from /opt/airflow/dags/ExampleDAG.py
[2026-04-08T01:53:17.257+0000] {logging_mixin.py:188} INFO - [2026-04-08T01:53:17.256+0000] {dag.py:3047} INFO - Sync 1 DAGs
[2026-04-08T01:53:17.269+0000] {logging_mixin.py:188} INFO - [2026-04-08T01:53:17.268+0000] {dag.py:3834} INFO - Setting next_dagrun for ExampleDAG to 2026-04-06 18:00:00+00:00, run_after=2026-04-07 18:00:00+00:00
[2026-04-08T01:53:17.277+0000] {processor.py:183} INFO - Processing /opt/airflow/dags/ExampleDAG.py took 0.790 seconds
[2026-04-08T01:53:47.381+0000] {processor.py:161} INFO - Started process (PID=662) to work on /opt/airflow/dags/ExampleDAG.py
[2026-04-08T01:53:47.382+0000] {processor.py:830} INFO - Processing file /opt/airflow/dags/ExampleDAG.py for tasks to queue
[2026-04-08T01:53:47.383+0000] {logging_mixin.py:188} INFO - [2026-04-08T01:53:47.383+0000] {dagbag.py:540} INFO - Filling up the DagBag from /opt/airflow/dags/ExampleDAG.py
[2026-04-08T01:53:48.133+0000] {processor.py:840} INFO - DAG(s) 'ExampleDAG' retrieved from /opt/airflow/dags/ExampleDAG.py
[2026-04-08T01:53:48.145+0000] {logging_mixin.py:188} INFO - [2026-04-08T01:53:48.145+0000] {dag.py:3047} INFO - Sync 1 DAGs
[2026-04-08T01:53:48.158+0000] {logging_mixin.py:188} INFO - [2026-04-08T01:53:48.157+0000] {dag.py:3834} INFO - Setting next_dagrun for ExampleDAG to 2026-04-06 18:00:00+00:00, run_after=2026-04-07 18:00:00+00:00
[2026-04-08T01:53:48.165+0000] {processor.py:183} INFO - Processing /opt/airflow/dags/ExampleDAG.py took 0.787 seconds
[2026-04-08T01:54:18.293+0000] {processor.py:161} INFO - Started process (PID=728) to work on /opt/airflow/dags/ExampleDAG.py
[2026-04-08T01:54:18.294+0000] {processor.py:830} INFO - Processing file /opt/airflow/dags/ExampleDAG.py for tasks to queue
[2026-04-08T01:54:18.295+0000] {logging_mixin.py:188} INFO - [2026-04-08T01:54:18.295+0000] {dagbag.py:540} INFO - Filling up the DagBag from /opt/airflow/dags/ExampleDAG.py
[2026-04-08T01:54:19.048+0000] {processor.py:840} INFO - DAG(s) 'ExampleDAG' retrieved from /opt/airflow/dags/ExampleDAG.py
[2026-04-08T01:54:19.060+0000] {logging_mixin.py:188} INFO - [2026-04-08T01:54:19.060+0000] {dag.py:3047} INFO - Sync 1 DAGs
[2026-04-08T01:54:19.072+0000] {logging_mixin.py:188} INFO - [2026-04-08T01:54:19.072+0000] {dag.py:3834} INFO - Setting next_dagrun for ExampleDAG to 2026-04-06 18:00:00+00:00, run_after=2026-04-07 18:00:00+00:00
[2026-04-08T01:54:19.080+0000] {processor.py:183} INFO - Processing /opt/airflow/dags/ExampleDAG.py took 0.789 seconds
[2026-04-08T01:54:49.182+0000] {processor.py:161} INFO - Started process (PID=794) to work on /opt/airflow/dags/ExampleDAG.py
[2026-04-08T01:54:49.183+0000] {processor.py:830} INFO - Processing file /opt/airflow/dags/ExampleDAG.py for tasks to queue
[2026-04-08T01:54:49.184+0000] {logging_mixin.py:188} INFO - [2026-04-08T01:54:49.184+0000] {dagbag.py:540} INFO - Filling up the DagBag from /opt/airflow/dags/ExampleDAG.py
[2026-04-08T01:54:49.960+0000] {processor.py:840} INFO - DAG(s) 'ExampleDAG' retrieved from /opt/airflow/dags/ExampleDAG.py
[2026-04-08T01:54:49.972+0000] {logging_mixin.py:188} INFO - [2026-04-08T01:54:49.972+0000] {dag.py:3047} INFO - Sync 1 DAGs
[2026-04-08T01:54:49.984+0000] {logging_mixin.py:188} INFO - [2026-04-08T01:54:49.984+0000] {dag.py:3834} INFO - Setting next_dagrun for ExampleDAG to 2026-04-06 18:00:00+00:00, run_after=2026-04-07 18:00:00+00:00
[2026-04-08T01:54:49.992+0000] {processor.py:183} INFO - Processing /opt/airflow/dags/ExampleDAG.py took 0.812 seconds
[2026-04-08T01:55:20.095+0000] {processor.py:161} INFO - Started process (PID=860) to work on /opt/airflow/dags/ExampleDAG.py
[2026-04-08T01:55:20.095+0000] {processor.py:830} INFO - Processing file /opt/airflow/dags/ExampleDAG.py for tasks to queue
[2026-04-08T01:55:20.096+0000] {logging_mixin.py:188} INFO - [2026-04-08T01:55:20.096+0000] {dagbag.py:540} INFO - Filling up the DagBag from /opt/airflow/dags/ExampleDAG.py
[2026-04-08T01:55:20.846+0000] {processor.py:840} INFO - DAG(s) 'ExampleDAG' retrieved from /opt/airflow/dags/ExampleDAG.py
[2026-04-08T01:55:20.859+0000] {logging_mixin.py:188} INFO - [2026-04-08T01:55:20.859+0000] {dag.py:3047} INFO - Sync 1 DAGs
[2026-04-08T01:55:20.871+0000] {logging_mixin.py:188} INFO - [2026-04-08T01:55:20.871+0000] {dag.py:3834} INFO - Setting next_dagrun for ExampleDAG to 2026-04-06 18:00:00+00:00, run_after=2026-04-07 18:00:00+00:00
[2026-04-08T01:55:20.879+0000] {processor.py:183} INFO - Processing /opt/airflow/dags/ExampleDAG.py took 0.787 seconds
[2026-04-08T01:55:51.000+0000] {processor.py:161} INFO - Started process (PID=926) to work on /opt/airflow/dags/ExampleDAG.py
[2026-04-08T01:55:51.001+0000] {processor.py:830} INFO - Processing file /opt/airflow/dags/ExampleDAG.py for tasks to queue
[2026-04-08T01:55:51.002+0000] {logging_mixin.py:188} INFO - [2026-04-08T01:55:51.002+0000] {dagbag.py:540} INFO - Filling up the DagBag from /opt/airflow/dags/ExampleDAG.py
[2026-04-08T01:55:51.775+0000] {processor.py:840} INFO - DAG(s) 'ExampleDAG' retrieved from /opt/airflow/dags/ExampleDAG.py
[2026-04-08T01:55:51.787+0000] {logging_mixin.py:188} INFO - [2026-04-08T01:55:51.787+0000] {dag.py:3047} INFO - Sync 1 DAGs
[2026-04-08T01:55:51.799+0000] {logging_mixin.py:188} INFO - [2026-04-08T01:55:51.799+0000] {dag.py:3834} INFO - Setting next_dagrun for ExampleDAG to 2026-04-06 18:00:00+00:00, run_after=2026-04-07 18:00:00+00:00
[2026-04-08T01:55:51.807+0000] {processor.py:183} INFO - Processing /opt/airflow/dags/ExampleDAG.py took 0.809 seconds
[2026-04-08T01:56:21.946+0000] {processor.py:161} INFO - Started process (PID=992) to work on /opt/airflow/dags/ExampleDAG.py
[2026-04-08T01:56:21.947+0000] {processor.py:830} INFO - Processing file /opt/airflow/dags/ExampleDAG.py for tasks to queue
[2026-04-08T01:56:21.948+0000] {logging_mixin.py:188} INFO - [2026-04-08T01:56:21.948+0000] {dagbag.py:540} INFO - Filling up the DagBag from /opt/airflow/dags/ExampleDAG.py
[2026-04-08T01:56:22.718+0000] {processor.py:840} INFO - DAG(s) 'ExampleDAG' retrieved from /opt/airflow/dags/ExampleDAG.py
[2026-04-08T01:56:22.732+0000] {logging_mixin.py:188} INFO - [2026-04-08T01:56:22.732+0000] {dag.py:3047} INFO - Sync 1 DAGs
[2026-04-08T01:56:22.744+0000] {logging_mixin.py:188} INFO - [2026-04-08T01:56:22.744+0000] {dag.py:3834} INFO - Setting next_dagrun for ExampleDAG to 2026-04-06 18:00:00+00:00, run_after=2026-04-07 18:00:00+00:00
[2026-04-08T01:56:22.752+0000] {processor.py:183} INFO - Processing /opt/airflow/dags/ExampleDAG.py took 0.808 seconds
[2026-04-08T01:56:52.894+0000] {processor.py:161} INFO - Started process (PID=1058) to work on /opt/airflow/dags/ExampleDAG.py
[2026-04-08T01:56:52.895+0000] {processor.py:830} INFO - Processing file /opt/airflow/dags/ExampleDAG.py for tasks to queue
[2026-04-08T01:56:52.896+0000] {logging_mixin.py:188} INFO - [2026-04-08T01:56:52.895+0000] {dagbag.py:540} INFO - Filling up the DagBag from /opt/airflow/dags/ExampleDAG.py
[2026-04-08T01:56:53.661+0000] {processor.py:840} INFO - DAG(s) 'ExampleDAG' retrieved from /opt/airflow/dags/ExampleDAG.py
[2026-04-08T01:56:53.673+0000] {logging_mixin.py:188} INFO - [2026-04-08T01:56:53.673+0000] {dag.py:3047} INFO - Sync 1 DAGs
[2026-04-08T01:56:53.685+0000] {logging_mixin.py:188} INFO - [2026-04-08T01:56:53.685+0000] {dag.py:3834} INFO - Setting next_dagrun for ExampleDAG to 2026-04-06 18:00:00+00:00, run_after=2026-04-07 18:00:00+00:00
[2026-04-08T01:56:53.693+0000] {processor.py:183} INFO - Processing /opt/airflow/dags/ExampleDAG.py took 0.801 seconds
[2026-04-08T01:57:23.834+0000] {processor.py:161} INFO - Started process (PID=1124) to work on /opt/airflow/dags/ExampleDAG.py
[2026-04-08T01:57:23.834+0000] {processor.py:830} INFO - Processing file /opt/airflow/dags/ExampleDAG.py for tasks to queue
[2026-04-08T01:57:23.835+0000] {logging_mixin.py:188} INFO - [2026-04-08T01:57:23.835+0000] {dagbag.py:540} INFO - Filling up the DagBag from /opt/airflow/dags/ExampleDAG.py
[2026-04-08T01:57:24.586+0000] {processor.py:840} INFO - DAG(s) 'ExampleDAG' retrieved from /opt/airflow/dags/ExampleDAG.py
[2026-04-08T01:57:24.599+0000] {logging_mixin.py:188} INFO - [2026-04-08T01:57:24.598+0000] {dag.py:3047} INFO - Sync 1 DAGs
[2026-04-08T01:57:24.610+0000] {logging_mixin.py:188} INFO - [2026-04-08T01:57:24.610+0000] {dag.py:3834} INFO - Setting next_dagrun for ExampleDAG to 2026-04-06 18:00:00+00:00, run_after=2026-04-07 18:00:00+00:00
[2026-04-08T01:57:24.619+0000] {processor.py:183} INFO - Processing /opt/airflow/dags/ExampleDAG.py took 0.787 seconds
[2026-04-08T01:57:54.748+0000] {processor.py:161} INFO - Started process (PID=1190) to work on /opt/airflow/dags/ExampleDAG.py
[2026-04-08T01:57:54.748+0000] {processor.py:830} INFO - Processing file /opt/airflow/dags/ExampleDAG.py for tasks to queue
[2026-04-08T01:57:54.749+0000] {logging_mixin.py:188} INFO - [2026-04-08T01:57:54.749+0000] {dagbag.py:540} INFO - Filling up the DagBag from /opt/airflow/dags/ExampleDAG.py
[2026-04-08T01:57:55.518+0000] {processor.py:840} INFO - DAG(s) 'ExampleDAG' retrieved from /opt/airflow/dags/ExampleDAG.py
[2026-04-08T01:57:55.531+0000] {logging_mixin.py:188} INFO - [2026-04-08T01:57:55.530+0000] {dag.py:3047} INFO - Sync 1 DAGs
[2026-04-08T01:57:55.543+0000] {logging_mixin.py:188} INFO - [2026-04-08T01:57:55.543+0000] {dag.py:3834} INFO - Setting next_dagrun for ExampleDAG to 2026-04-06 18:00:00+00:00, run_after=2026-04-07 18:00:00+00:00
[2026-04-08T01:57:55.551+0000] {processor.py:183} INFO - Processing /opt/airflow/dags/ExampleDAG.py took 0.805 seconds
[2026-04-08T01:58:25.673+0000] {processor.py:161} INFO - Started process (PID=1256) to work on /opt/airflow/dags/ExampleDAG.py
[2026-04-08T01:58:25.674+0000] {processor.py:830} INFO - Processing file /opt/airflow/dags/ExampleDAG.py for tasks to queue
[2026-04-08T01:58:25.675+0000] {logging_mixin.py:188} INFO - [2026-04-08T01:58:25.675+0000] {dagbag.py:540} INFO - Filling up the DagBag from /opt/airflow/dags/ExampleDAG.py
[2026-04-08T01:58:26.429+0000] {processor.py:840} INFO - DAG(s) 'ExampleDAG' retrieved from /opt/airflow/dags/ExampleDAG.py
[2026-04-08T01:58:26.442+0000] {logging_mixin.py:188} INFO - [2026-04-08T01:58:26.441+0000] {dag.py:3047} INFO - Sync 1 DAGs
[2026-04-08T01:58:26.454+0000] {logging_mixin.py:188} INFO - [2026-04-08T01:58:26.453+0000] {dag.py:3834} INFO - Setting next_dagrun for ExampleDAG to 2026-04-06 18:00:00+00:00, run_after=2026-04-07 18:00:00+00:00
[2026-04-08T01:58:26.461+0000] {processor.py:183} INFO - Processing /opt/airflow/dags/ExampleDAG.py took 0.790 seconds
[2026-04-08T01:58:56.574+0000] {processor.py:161} INFO - Started process (PID=1322) to work on /opt/airflow/dags/ExampleDAG.py
[2026-04-08T01:58:56.575+0000] {processor.py:830} INFO - Processing file /opt/airflow/dags/ExampleDAG.py for tasks to queue
[2026-04-08T01:58:56.576+0000] {logging_mixin.py:188} INFO - [2026-04-08T01:58:56.576+0000] {dagbag.py:540} INFO - Filling up the DagBag from /opt/airflow/dags/ExampleDAG.py
[2026-04-08T01:58:57.327+0000] {processor.py:840} INFO - DAG(s) 'ExampleDAG' retrieved from /opt/airflow/dags/ExampleDAG.py
[2026-04-08T01:58:57.340+0000] {logging_mixin.py:188} INFO - [2026-04-08T01:58:57.340+0000] {dag.py:3047} INFO - Sync 1 DAGs
[2026-04-08T01:58:57.352+0000] {logging_mixin.py:188} INFO - [2026-04-08T01:58:57.352+0000] {dag.py:3834} INFO - Setting next_dagrun for ExampleDAG to 2026-04-06 18:00:00+00:00, run_after=2026-04-07 18:00:00+00:00
[2026-04-08T01:58:57.360+0000] {processor.py:183} INFO - Processing /opt/airflow/dags/ExampleDAG.py took 0.788 seconds
[2026-04-08T01:59:27.496+0000] {processor.py:161} INFO - Started process (PID=1388) to work on /opt/airflow/dags/ExampleDAG.py
[2026-04-08T01:59:27.497+0000] {processor.py:830} INFO - Processing file /opt/airflow/dags/ExampleDAG.py for tasks to queue
[2026-04-08T01:59:27.498+0000] {logging_mixin.py:188} INFO - [2026-04-08T01:59:27.498+0000] {dagbag.py:540} INFO - Filling up the DagBag from /opt/airflow/dags/ExampleDAG.py
[2026-04-08T01:59:28.251+0000] {processor.py:840} INFO - DAG(s) 'ExampleDAG' retrieved from /opt/airflow/dags/ExampleDAG.py
[2026-04-08T01:59:28.263+0000] {logging_mixin.py:188} INFO - [2026-04-08T01:59:28.263+0000] {dag.py:3047} INFO - Sync 1 DAGs
[2026-04-08T01:59:28.275+0000] {logging_mixin.py:188} INFO - [2026-04-08T01:59:28.275+0000] {dag.py:3834} INFO - Setting next_dagrun for ExampleDAG to 2026-04-06 18:00:00+00:00, run_after=2026-04-07 18:00:00+00:00
[2026-04-08T01:59:28.283+0000] {processor.py:183} INFO - Processing /opt/airflow/dags/ExampleDAG.py took 0.789 seconds
[2026-04-08T01:59:58.417+0000] {processor.py:161} INFO - Started process (PID=1454) to work on /opt/airflow/dags/ExampleDAG.py
[2026-04-08T01:59:58.417+0000] {processor.py:830} INFO - Processing file /opt/airflow/dags/ExampleDAG.py for tasks to queue
[2026-04-08T01:59:58.418+0000] {logging_mixin.py:188} INFO - [2026-04-08T01:59:58.418+0000] {dagbag.py:540} INFO - Filling up the DagBag from /opt/airflow/dags/ExampleDAG.py
[2026-04-08T01:59:59.163+0000] {processor.py:840} INFO - DAG(s) 'ExampleDAG' retrieved from /opt/airflow/dags/ExampleDAG.py
[2026-04-08T01:59:59.175+0000] {logging_mixin.py:188} INFO - [2026-04-08T01:59:59.175+0000] {dag.py:3047} INFO - Sync 1 DAGs
[2026-04-08T01:59:59.188+0000] {logging_mixin.py:188} INFO - [2026-04-08T01:59:59.187+0000] {dag.py:3834} INFO - Setting next_dagrun for ExampleDAG to 2026-04-06 18:00:00+00:00, run_after=2026-04-07 18:00:00+00:00
[2026-04-08T01:59:59.195+0000] {processor.py:183} INFO - Processing /opt/airflow/dags/ExampleDAG.py took 0.780 seconds
[2026-04-08T02:00:29.301+0000] {processor.py:161} INFO - Started process (PID=1520) to work on /opt/airflow/dags/ExampleDAG.py
[2026-04-08T02:00:29.302+0000] {processor.py:830} INFO - Processing file /opt/airflow/dags/ExampleDAG.py for tasks to queue
[2026-04-08T02:00:29.303+0000] {logging_mixin.py:188} INFO - [2026-04-08T02:00:29.302+0000] {dagbag.py:540} INFO - Filling up the DagBag from /opt/airflow/dags/ExampleDAG.py
[2026-04-08T02:00:30.061+0000] {processor.py:840} INFO - DAG(s) 'ExampleDAG' retrieved from /opt/airflow/dags/ExampleDAG.py
[2026-04-08T02:00:30.074+0000] {logging_mixin.py:188} INFO - [2026-04-08T02:00:30.074+0000] {dag.py:3047} INFO - Sync 1 DAGs
[2026-04-08T02:00:30.086+0000] {logging_mixin.py:188} INFO - [2026-04-08T02:00:30.086+0000] {dag.py:3834} INFO - Setting next_dagrun for ExampleDAG to 2026-04-06 18:00:00+00:00, run_after=2026-04-07 18:00:00+00:00
[2026-04-08T02:00:30.094+0000] {processor.py:183} INFO - Processing /opt/airflow/dags/ExampleDAG.py took 0.796 seconds
[2026-04-08T02:01:00.197+0000] {processor.py:161} INFO - Started process (PID=1586) to work on /opt/airflow/dags/ExampleDAG.py
[2026-04-08T02:01:00.197+0000] {processor.py:830} INFO - Processing file /opt/airflow/dags/ExampleDAG.py for tasks to queue
[2026-04-08T02:01:00.198+0000] {logging_mixin.py:188} INFO - [2026-04-08T02:01:00.198+0000] {dagbag.py:540} INFO - Filling up the DagBag from /opt/airflow/dags/ExampleDAG.py
[2026-04-08T02:01:00.961+0000] {processor.py:840} INFO - DAG(s) 'ExampleDAG' retrieved from /opt/airflow/dags/ExampleDAG.py
[2026-04-08T02:01:00.974+0000] {logging_mixin.py:188} INFO - [2026-04-08T02:01:00.973+0000] {dag.py:3047} INFO - Sync 1 DAGs
[2026-04-08T02:01:00.985+0000] {logging_mixin.py:188} INFO - [2026-04-08T02:01:00.985+0000] {dag.py:3834} INFO - Setting next_dagrun for ExampleDAG to 2026-04-06 18:00:00+00:00, run_after=2026-04-07 18:00:00+00:00
[2026-04-08T02:01:00.993+0000] {processor.py:183} INFO - Processing /opt/airflow/dags/ExampleDAG.py took 0.799 seconds
[2026-04-08T02:01:31.092+0000] {processor.py:161} INFO - Started process (PID=1652) to work on /opt/airflow/dags/ExampleDAG.py
[2026-04-08T02:01:31.093+0000] {processor.py:830} INFO - Processing file /opt/airflow/dags/ExampleDAG.py for tasks to queue
[2026-04-08T02:01:31.094+0000] {logging_mixin.py:188} INFO - [2026-04-08T02:01:31.094+0000] {dagbag.py:540} INFO - Filling up the DagBag from /opt/airflow/dags/ExampleDAG.py
[2026-04-08T02:01:31.860+0000] {processor.py:840} INFO - DAG(s) 'ExampleDAG' retrieved from /opt/airflow/dags/ExampleDAG.py
[2026-04-08T02:01:31.873+0000] {logging_mixin.py:188} INFO - [2026-04-08T02:01:31.873+0000] {dag.py:3047} INFO - Sync 1 DAGs
[2026-04-08T02:01:31.885+0000] {logging_mixin.py:188} INFO - [2026-04-08T02:01:31.885+0000] {dag.py:3834} INFO - Setting next_dagrun for ExampleDAG to 2026-04-06 18:00:00+00:00, run_after=2026-04-07 18:00:00+00:00
[2026-04-08T02:01:31.893+0000] {processor.py:183} INFO - Processing /opt/airflow/dags/ExampleDAG.py took 0.803 seconds
[2026-04-08T02:02:01.994+0000] {processor.py:161} INFO - Started process (PID=1718) to work on /opt/airflow/dags/ExampleDAG.py
[2026-04-08T02:02:01.994+0000] {processor.py:830} INFO - Processing file /opt/airflow/dags/ExampleDAG.py for tasks to queue
[2026-04-08T02:02:01.995+0000] {logging_mixin.py:188} INFO - [2026-04-08T02:02:01.995+0000] {dagbag.py:540} INFO - Filling up the DagBag from /opt/airflow/dags/ExampleDAG.py
[2026-04-08T02:02:02.755+0000] {processor.py:840} INFO - DAG(s) 'ExampleDAG' retrieved from /opt/airflow/dags/ExampleDAG.py
[2026-04-08T02:02:02.773+0000] {logging_mixin.py:188} INFO - [2026-04-08T02:02:02.773+0000] {dag.py:3047} INFO - Sync 1 DAGs
[2026-04-08T02:02:02.787+0000] {logging_mixin.py:188} INFO - [2026-04-08T02:02:02.787+0000] {dag.py:3834} INFO - Setting next_dagrun for ExampleDAG to 2026-04-06 18:00:00+00:00, run_after=2026-04-07 18:00:00+00:00
[2026-04-08T02:02:02.794+0000] {processor.py:183} INFO - Processing /opt/airflow/dags/ExampleDAG.py took 0.803 seconds
[2026-04-08T02:02:32.941+0000] {processor.py:161} INFO - Started process (PID=1784) to work on /opt/airflow/dags/ExampleDAG.py
[2026-04-08T02:02:32.942+0000] {processor.py:830} INFO - Processing file /opt/airflow/dags/ExampleDAG.py for tasks to queue
[2026-04-08T02:02:32.943+0000] {logging_mixin.py:188} INFO - [2026-04-08T02:02:32.943+0000] {dagbag.py:540} INFO - Filling up the DagBag from /opt/airflow/dags/ExampleDAG.py
[2026-04-08T02:02:33.687+0000] {processor.py:840} INFO - DAG(s) 'ExampleDAG' retrieved from /opt/airflow/dags/ExampleDAG.py
[2026-04-08T02:02:33.699+0000] {logging_mixin.py:188} INFO - [2026-04-08T02:02:33.699+0000] {dag.py:3047} INFO - Sync 1 DAGs
[2026-04-08T02:02:33.711+0000] {logging_mixin.py:188} INFO - [2026-04-08T02:02:33.711+0000] {dag.py:3834} INFO - Setting next_dagrun for ExampleDAG to 2026-04-06 18:00:00+00:00, run_after=2026-04-07 18:00:00+00:00
[2026-04-08T02:02:33.719+0000] {processor.py:183} INFO - Processing /opt/airflow/dags/ExampleDAG.py took 0.780 seconds
[2026-04-08T02:03:03.864+0000] {processor.py:161} INFO - Started process (PID=1850) to work on /opt/airflow/dags/ExampleDAG.py
[2026-04-08T02:03:03.865+0000] {processor.py:830} INFO - Processing file /opt/airflow/dags/ExampleDAG.py for tasks to queue
[2026-04-08T02:03:03.866+0000] {logging_mixin.py:188} INFO - [2026-04-08T02:03:03.866+0000] {dagbag.py:540} INFO - Filling up the DagBag from /opt/airflow/dags/ExampleDAG.py
[2026-04-08T02:03:04.624+0000] {processor.py:840} INFO - DAG(s) 'ExampleDAG' retrieved from /opt/airflow/dags/ExampleDAG.py
[2026-04-08T02:03:04.637+0000] {logging_mixin.py:188} INFO - [2026-04-08T02:03:04.637+0000] {dag.py:3047} INFO - Sync 1 DAGs
[2026-04-08T02:03:04.649+0000] {logging_mixin.py:188} INFO - [2026-04-08T02:03:04.649+0000] {dag.py:3834} INFO - Setting next_dagrun for ExampleDAG to 2026-04-06 18:00:00+00:00, run_after=2026-04-07 18:00:00+00:00
[2026-04-08T02:03:04.657+0000] {processor.py:183} INFO - Processing /opt/airflow/dags/ExampleDAG.py took 0.794 seconds
[2026-04-08T02:03:34.785+0000] {processor.py:161} INFO - Started process (PID=1916) to work on /opt/airflow/dags/ExampleDAG.py
[2026-04-08T02:03:34.786+0000] {processor.py:830} INFO - Processing file /opt/airflow/dags/ExampleDAG.py for tasks to queue
[2026-04-08T02:03:34.787+0000] {logging_mixin.py:188} INFO - [2026-04-08T02:03:34.787+0000] {dagbag.py:540} INFO - Filling up the DagBag from /opt/airflow/dags/ExampleDAG.py
[2026-04-08T02:03:35.539+0000] {processor.py:840} INFO - DAG(s) 'ExampleDAG' retrieved from /opt/airflow/dags/ExampleDAG.py
[2026-04-08T02:03:35.552+0000] {logging_mixin.py:188} INFO - [2026-04-08T02:03:35.552+0000] {dag.py:3047} INFO - Sync 1 DAGs
[2026-04-08T02:03:35.564+0000] {logging_mixin.py:188} INFO - [2026-04-08T02:03:35.564+0000] {dag.py:3834} INFO - Setting next_dagrun for ExampleDAG to 2026-04-06 18:00:00+00:00, run_after=2026-04-07 18:00:00+00:00
[2026-04-08T02:03:35.572+0000] {processor.py:183} INFO - Processing /opt/airflow/dags/ExampleDAG.py took 0.789 seconds
[2026-04-08T02:04:05.701+0000] {processor.py:161} INFO - Started process (PID=1982) to work on /opt/airflow/dags/ExampleDAG.py
[2026-04-08T02:04:05.701+0000] {processor.py:830} INFO - Processing file /opt/airflow/dags/ExampleDAG.py for tasks to queue
[2026-04-08T02:04:05.702+0000] {logging_mixin.py:188} INFO - [2026-04-08T02:04:05.702+0000] {dagbag.py:540} INFO - Filling up the DagBag from /opt/airflow/dags/ExampleDAG.py
[2026-04-08T02:04:06.470+0000] {processor.py:840} INFO - DAG(s) 'ExampleDAG' retrieved from /opt/airflow/dags/ExampleDAG.py
[2026-04-08T02:04:06.482+0000] {logging_mixin.py:188} INFO - [2026-04-08T02:04:06.482+0000] {dag.py:3047} INFO - Sync 1 DAGs
[2026-04-08T02:04:06.494+0000] {logging_mixin.py:188} INFO - [2026-04-08T02:04:06.494+0000] {dag.py:3834} INFO - Setting next_dagrun for ExampleDAG to 2026-04-06 18:00:00+00:00, run_after=2026-04-07 18:00:00+00:00
[2026-04-08T02:04:06.502+0000] {processor.py:183} INFO - Processing /opt/airflow/dags/ExampleDAG.py took 0.804 seconds
[2026-04-08T02:04:36.617+0000] {processor.py:161} INFO - Started process (PID=2048) to work on /opt/airflow/dags/ExampleDAG.py
[2026-04-08T02:04:36.618+0000] {processor.py:830} INFO - Processing file /opt/airflow/dags/ExampleDAG.py for tasks to queue
[2026-04-08T02:04:36.619+0000] {logging_mixin.py:188} INFO - [2026-04-08T02:04:36.618+0000] {dagbag.py:540} INFO - Filling up the DagBag from /opt/airflow/dags/ExampleDAG.py
[2026-04-08T02:04:37.390+0000] {processor.py:840} INFO - DAG(s) 'ExampleDAG' retrieved from /opt/airflow/dags/ExampleDAG.py
[2026-04-08T02:04:37.404+0000] {logging_mixin.py:188} INFO - [2026-04-08T02:04:37.404+0000] {dag.py:3047} INFO - Sync 1 DAGs
[2026-04-08T02:04:37.416+0000] {logging_mixin.py:188} INFO - [2026-04-08T02:04:37.416+0000] {dag.py:3834} INFO - Setting next_dagrun for ExampleDAG to 2026-04-06 18:00:00+00:00, run_after=2026-04-07 18:00:00+00:00
[2026-04-08T02:04:37.424+0000] {processor.py:183} INFO - Processing /opt/airflow/dags/ExampleDAG.py took 0.809 seconds
[2026-04-08T02:05:07.540+0000] {processor.py:161} INFO - Started process (PID=2114) to work on /opt/airflow/dags/ExampleDAG.py
[2026-04-08T02:05:07.541+0000] {processor.py:830} INFO - Processing file /opt/airflow/dags/ExampleDAG.py for tasks to queue
[2026-04-08T02:05:07.542+0000] {logging_mixin.py:188} INFO - [2026-04-08T02:05:07.542+0000] {dagbag.py:540} INFO - Filling up the DagBag from /opt/airflow/dags/ExampleDAG.py
[2026-04-08T02:05:08.307+0000] {processor.py:840} INFO - DAG(s) 'ExampleDAG' retrieved from /opt/airflow/dags/ExampleDAG.py
[2026-04-08T02:05:08.319+0000] {logging_mixin.py:188} INFO - [2026-04-08T02:05:08.319+0000] {dag.py:3047} INFO - Sync 1 DAGs
[2026-04-08T02:05:08.331+0000] {logging_mixin.py:188} INFO - [2026-04-08T02:05:08.331+0000] {dag.py:3834} INFO - Setting next_dagrun for ExampleDAG to 2026-04-06 18:00:00+00:00, run_after=2026-04-07 18:00:00+00:00
[2026-04-08T02:05:08.339+0000] {processor.py:183} INFO - Processing /opt/airflow/dags/ExampleDAG.py took 0.801 seconds
[2026-04-08T02:05:38.449+0000] {processor.py:161} INFO - Started process (PID=2180) to work on /opt/airflow/dags/ExampleDAG.py
[2026-04-08T02:05:38.450+0000] {processor.py:830} INFO - Processing file /opt/airflow/dags/ExampleDAG.py for tasks to queue
[2026-04-08T02:05:38.451+0000] {logging_mixin.py:188} INFO - [2026-04-08T02:05:38.451+0000] {dagbag.py:540} INFO - Filling up the DagBag from /opt/airflow/dags/ExampleDAG.py
[2026-04-08T02:05:39.203+0000] {processor.py:840} INFO - DAG(s) 'ExampleDAG' retrieved from /opt/airflow/dags/ExampleDAG.py
[2026-04-08T02:05:39.215+0000] {logging_mixin.py:188} INFO - [2026-04-08T02:05:39.215+0000] {dag.py:3047} INFO - Sync 1 DAGs
[2026-04-08T02:05:39.227+0000] {logging_mixin.py:188} INFO - [2026-04-08T02:05:39.227+0000] {dag.py:3834} INFO - Setting next_dagrun for ExampleDAG to 2026-04-06 18:00:00+00:00, run_after=2026-04-07 18:00:00+00:00
[2026-04-08T02:05:39.235+0000] {processor.py:183} INFO - Processing /opt/airflow/dags/ExampleDAG.py took 0.788 seconds
[2026-04-08T02:06:09.344+0000] {processor.py:161} INFO - Started process (PID=2246) to work on /opt/airflow/dags/ExampleDAG.py
[2026-04-08T02:06:09.345+0000] {processor.py:830} INFO - Processing file /opt/airflow/dags/ExampleDAG.py for tasks to queue
[2026-04-08T02:06:09.346+0000] {logging_mixin.py:188} INFO - [2026-04-08T02:06:09.346+0000] {dagbag.py:540} INFO - Filling up the DagBag from /opt/airflow/dags/ExampleDAG.py
[2026-04-08T02:06:10.103+0000] {processor.py:840} INFO - DAG(s) 'ExampleDAG' retrieved from /opt/airflow/dags/ExampleDAG.py
[2026-04-08T02:06:10.115+0000] {logging_mixin.py:188} INFO - [2026-04-08T02:06:10.114+0000] {dag.py:3047} INFO - Sync 1 DAGs
[2026-04-08T02:06:10.127+0000] {logging_mixin.py:188} INFO - [2026-04-08T02:06:10.127+0000] {dag.py:3834} INFO - Setting next_dagrun for ExampleDAG to 2026-04-06 18:00:00+00:00, run_after=2026-04-07 18:00:00+00:00
[2026-04-08T02:06:10.135+0000] {processor.py:183} INFO - Processing /opt/airflow/dags/ExampleDAG.py took 0.793 seconds
[2026-04-08T02:06:40.260+0000] {processor.py:161} INFO - Started process (PID=2312) to work on /opt/airflow/dags/ExampleDAG.py
[2026-04-08T02:06:40.261+0000] {processor.py:830} INFO - Processing file /opt/airflow/dags/ExampleDAG.py for tasks to queue
[2026-04-08T02:06:40.262+0000] {logging_mixin.py:188} INFO - [2026-04-08T02:06:40.262+0000] {dagbag.py:540} INFO - Filling up the DagBag from /opt/airflow/dags/ExampleDAG.py
[2026-04-08T02:06:41.034+0000] {processor.py:840} INFO - DAG(s) 'ExampleDAG' retrieved from /opt/airflow/dags/ExampleDAG.py
[2026-04-08T02:06:41.048+0000] {logging_mixin.py:188} INFO - [2026-04-08T02:06:41.047+0000] {dag.py:3047} INFO - Sync 1 DAGs
[2026-04-08T02:06:41.060+0000] {logging_mixin.py:188} INFO - [2026-04-08T02:06:41.059+0000] {dag.py:3834} INFO - Setting next_dagrun for ExampleDAG to 2026-04-06 18:00:00+00:00, run_after=2026-04-07 18:00:00+00:00
[2026-04-08T02:06:41.068+0000] {processor.py:183} INFO - Processing /opt/airflow/dags/ExampleDAG.py took 0.809 seconds
[2026-04-08T02:07:11.190+0000] {processor.py:161} INFO - Started process (PID=2378) to work on /opt/airflow/dags/ExampleDAG.py
[2026-04-08T02:07:11.191+0000] {processor.py:830} INFO - Processing file /opt/airflow/dags/ExampleDAG.py for tasks to queue
[2026-04-08T02:07:11.192+0000] {logging_mixin.py:188} INFO - [2026-04-08T02:07:11.192+0000] {dagbag.py:540} INFO - Filling up the DagBag from /opt/airflow/dags/ExampleDAG.py
[2026-04-08T02:07:11.948+0000] {processor.py:840} INFO - DAG(s) 'ExampleDAG' retrieved from /opt/airflow/dags/ExampleDAG.py
[2026-04-08T02:07:11.961+0000] {logging_mixin.py:188} INFO - [2026-04-08T02:07:11.960+0000] {dag.py:3047} INFO - Sync 1 DAGs
[2026-04-08T02:07:11.972+0000] {logging_mixin.py:188} INFO - [2026-04-08T02:07:11.972+0000] {dag.py:3834} INFO - Setting next_dagrun for ExampleDAG to 2026-04-06 18:00:00+00:00, run_after=2026-04-07 18:00:00+00:00
[2026-04-08T02:07:11.980+0000] {processor.py:183} INFO - Processing /opt/airflow/dags/ExampleDAG.py took 0.792 seconds
[2026-04-08T02:07:42.099+0000] {processor.py:161} INFO - Started process (PID=2444) to work on /opt/airflow/dags/ExampleDAG.py
[2026-04-08T02:07:42.100+0000] {processor.py:830} INFO - Processing file /opt/airflow/dags/ExampleDAG.py for tasks to queue
[2026-04-08T02:07:42.101+0000] {logging_mixin.py:188} INFO - [2026-04-08T02:07:42.101+0000] {dagbag.py:540} INFO - Filling up the DagBag from /opt/airflow/dags/ExampleDAG.py
[2026-04-08T02:07:42.882+0000] {processor.py:840} INFO - DAG(s) 'ExampleDAG' retrieved from /opt/airflow/dags/ExampleDAG.py
[2026-04-08T02:07:42.894+0000] {logging_mixin.py:188} INFO - [2026-04-08T02:07:42.894+0000] {dag.py:3047} INFO - Sync 1 DAGs
[2026-04-08T02:07:42.906+0000] {logging_mixin.py:188} INFO - [2026-04-08T02:07:42.906+0000] {dag.py:3834} INFO - Setting next_dagrun for ExampleDAG to 2026-04-06 18:00:00+00:00, run_after=2026-04-07 18:00:00+00:00
[2026-04-08T02:07:42.914+0000] {processor.py:183} INFO - Processing /opt/airflow/dags/ExampleDAG.py took 0.817 seconds
[2026-04-08T02:08:13.032+0000] {processor.py:161} INFO - Started process (PID=2510) to work on /opt/airflow/dags/ExampleDAG.py
[2026-04-08T02:08:13.033+0000] {processor.py:830} INFO - Processing file /opt/airflow/dags/ExampleDAG.py for tasks to queue
[2026-04-08T02:08:13.034+0000] {logging_mixin.py:188} INFO - [2026-04-08T02:08:13.033+0000] {dagbag.py:540} INFO - Filling up the DagBag from /opt/airflow/dags/ExampleDAG.py
[2026-04-08T02:08:13.811+0000] {processor.py:840} INFO - DAG(s) 'ExampleDAG' retrieved from /opt/airflow/dags/ExampleDAG.py
[2026-04-08T02:08:13.824+0000] {logging_mixin.py:188} INFO - [2026-04-08T02:08:13.824+0000] {dag.py:3047} INFO - Sync 1 DAGs
[2026-04-08T02:08:13.837+0000] {logging_mixin.py:188} INFO - [2026-04-08T02:08:13.837+0000] {dag.py:3834} INFO - Setting next_dagrun for ExampleDAG to 2026-04-06 18:00:00+00:00, run_after=2026-04-07 18:00:00+00:00
[2026-04-08T02:08:13.845+0000] {processor.py:183} INFO - Processing /opt/airflow/dags/ExampleDAG.py took 0.815 seconds
[2026-04-08T02:08:43.950+0000] {processor.py:161} INFO - Started process (PID=2576) to work on /opt/airflow/dags/ExampleDAG.py
[2026-04-08T02:08:43.951+0000] {processor.py:830} INFO - Processing file /opt/airflow/dags/ExampleDAG.py for tasks to queue
[2026-04-08T02:08:43.952+0000] {logging_mixin.py:188} INFO - [2026-04-08T02:08:43.951+0000] {dagbag.py:540} INFO - Filling up the DagBag from /opt/airflow/dags/ExampleDAG.py
[2026-04-08T02:08:44.715+0000] {processor.py:840} INFO - DAG(s) 'ExampleDAG' retrieved from /opt/airflow/dags/ExampleDAG.py
[2026-04-08T02:08:44.729+0000] {logging_mixin.py:188} INFO - [2026-04-08T02:08:44.729+0000] {dag.py:3047} INFO - Sync 1 DAGs
[2026-04-08T02:08:44.741+0000] {logging_mixin.py:188} INFO - [2026-04-08T02:08:44.741+0000] {dag.py:3834} INFO - Setting next_dagrun for ExampleDAG to 2026-04-06 18:00:00+00:00, run_after=2026-04-07 18:00:00+00:00
[2026-04-08T02:08:44.748+0000] {processor.py:183} INFO - Processing /opt/airflow/dags/ExampleDAG.py took 0.801 seconds
[2026-04-08T02:09:14.902+0000] {processor.py:161} INFO - Started process (PID=2642) to work on /opt/airflow/dags/ExampleDAG.py
[2026-04-08T02:09:14.903+0000] {processor.py:830} INFO - Processing file /opt/airflow/dags/ExampleDAG.py for tasks to queue
[2026-04-08T02:09:14.904+0000] {logging_mixin.py:188} INFO - [2026-04-08T02:09:14.904+0000] {dagbag.py:540} INFO - Filling up the DagBag from /opt/airflow/dags/ExampleDAG.py
[2026-04-08T02:09:15.661+0000] {processor.py:840} INFO - DAG(s) 'ExampleDAG' retrieved from /opt/airflow/dags/ExampleDAG.py
[2026-04-08T02:09:15.673+0000] {logging_mixin.py:188} INFO - [2026-04-08T02:09:15.673+0000] {dag.py:3047} INFO - Sync 1 DAGs
[2026-04-08T02:09:15.685+0000] {logging_mixin.py:188} INFO - [2026-04-08T02:09:15.685+0000] {dag.py:3834} INFO - Setting next_dagrun for ExampleDAG to 2026-04-06 18:00:00+00:00, run_after=2026-04-07 18:00:00+00:00
[2026-04-08T02:09:15.692+0000] {processor.py:183} INFO - Processing /opt/airflow/dags/ExampleDAG.py took 0.793 seconds
[2026-04-08T02:09:45.816+0000] {processor.py:161} INFO - Started process (PID=2708) to work on /opt/airflow/dags/ExampleDAG.py
[2026-04-08T02:09:45.817+0000] {processor.py:830} INFO - Processing file /opt/airflow/dags/ExampleDAG.py for tasks to queue
[2026-04-08T02:09:45.818+0000] {logging_mixin.py:188} INFO - [2026-04-08T02:09:45.818+0000] {dagbag.py:540} INFO - Filling up the DagBag from /opt/airflow/dags/ExampleDAG.py
[2026-04-08T02:09:46.588+0000] {processor.py:840} INFO - DAG(s) 'ExampleDAG' retrieved from /opt/airflow/dags/ExampleDAG.py
[2026-04-08T02:09:46.600+0000] {logging_mixin.py:188} INFO - [2026-04-08T02:09:46.600+0000] {dag.py:3047} INFO - Sync 1 DAGs
[2026-04-08T02:09:46.612+0000] {logging_mixin.py:188} INFO - [2026-04-08T02:09:46.612+0000] {dag.py:3834} INFO - Setting next_dagrun for ExampleDAG to 2026-04-06 18:00:00+00:00, run_after=2026-04-07 18:00:00+00:00
[2026-04-08T02:09:46.620+0000] {processor.py:183} INFO - Processing /opt/airflow/dags/ExampleDAG.py took 0.806 seconds
[2026-04-08T02:10:16.744+0000] {processor.py:161} INFO - Started process (PID=2774) to work on /opt/airflow/dags/ExampleDAG.py
[2026-04-08T02:10:16.745+0000] {processor.py:830} INFO - Processing file /opt/airflow/dags/ExampleDAG.py for tasks to queue
[2026-04-08T02:10:16.746+0000] {logging_mixin.py:188} INFO - [2026-04-08T02:10:16.746+0000] {dagbag.py:540} INFO - Filling up the DagBag from /opt/airflow/dags/ExampleDAG.py
[2026-04-08T02:10:17.521+0000] {processor.py:840} INFO - DAG(s) 'ExampleDAG' retrieved from /opt/airflow/dags/ExampleDAG.py
[2026-04-08T02:10:17.533+0000] {logging_mixin.py:188} INFO - [2026-04-08T02:10:17.532+0000] {dag.py:3047} INFO - Sync 1 DAGs
[2026-04-08T02:10:17.545+0000] {logging_mixin.py:188} INFO - [2026-04-08T02:10:17.545+0000] {dag.py:3834} INFO - Setting next_dagrun for ExampleDAG to 2026-04-06 18:00:00+00:00, run_after=2026-04-07 18:00:00+00:00
[2026-04-08T02:10:17.552+0000] {processor.py:183} INFO - Processing /opt/airflow/dags/ExampleDAG.py took 0.811 seconds
[2026-04-08T02:10:47.668+0000] {processor.py:161} INFO - Started process (PID=2840) to work on /opt/airflow/dags/ExampleDAG.py
[2026-04-08T02:10:47.669+0000] {processor.py:830} INFO - Processing file /opt/airflow/dags/ExampleDAG.py for tasks to queue
[2026-04-08T02:10:47.670+0000] {logging_mixin.py:188} INFO - [2026-04-08T02:10:47.670+0000] {dagbag.py:540} INFO - Filling up the DagBag from /opt/airflow/dags/ExampleDAG.py
[2026-04-08T02:10:48.443+0000] {processor.py:840} INFO - DAG(s) 'ExampleDAG' retrieved from /opt/airflow/dags/ExampleDAG.py
[2026-04-08T02:10:48.457+0000] {logging_mixin.py:188} INFO - [2026-04-08T02:10:48.457+0000] {dag.py:3047} INFO - Sync 1 DAGs
[2026-04-08T02:10:48.470+0000] {logging_mixin.py:188} INFO - [2026-04-08T02:10:48.469+0000] {dag.py:3834} INFO - Setting next_dagrun for ExampleDAG to 2026-04-06 18:00:00+00:00, run_after=2026-04-07 18:00:00+00:00
[2026-04-08T02:10:48.477+0000] {processor.py:183} INFO - Processing /opt/airflow/dags/ExampleDAG.py took 0.811 seconds
[2026-04-08T02:11:18.582+0000] {processor.py:161} INFO - Started process (PID=2906) to work on /opt/airflow/dags/ExampleDAG.py
[2026-04-08T02:11:18.582+0000] {processor.py:830} INFO - Processing file /opt/airflow/dags/ExampleDAG.py for tasks to queue
[2026-04-08T02:11:18.583+0000] {logging_mixin.py:188} INFO - [2026-04-08T02:11:18.583+0000] {dagbag.py:540} INFO - Filling up the DagBag from /opt/airflow/dags/ExampleDAG.py
[2026-04-08T02:11:19.325+0000] {processor.py:840} INFO - DAG(s) 'ExampleDAG' retrieved from /opt/airflow/dags/ExampleDAG.py
[2026-04-08T02:11:19.337+0000] {logging_mixin.py:188} INFO - [2026-04-08T02:11:19.337+0000] {dag.py:3047} INFO - Sync 1 DAGs
[2026-04-08T02:11:19.349+0000] {logging_mixin.py:188} INFO - [2026-04-08T02:11:19.349+0000] {dag.py:3834} INFO - Setting next_dagrun for ExampleDAG to 2026-04-06 18:00:00+00:00, run_after=2026-04-07 18:00:00+00:00
[2026-04-08T02:11:19.356+0000] {processor.py:183} INFO - Processing /opt/airflow/dags/ExampleDAG.py took 0.777 seconds
[2026-04-08T02:11:49.462+0000] {processor.py:161} INFO - Started process (PID=2972) to work on /opt/airflow/dags/ExampleDAG.py
[2026-04-08T02:11:49.462+0000] {processor.py:830} INFO - Processing file /opt/airflow/dags/ExampleDAG.py for tasks to queue
[2026-04-08T02:11:49.463+0000] {logging_mixin.py:188} INFO - [2026-04-08T02:11:49.463+0000] {dagbag.py:540} INFO - Filling up the DagBag from /opt/airflow/dags/ExampleDAG.py
[2026-04-08T02:11:50.215+0000] {processor.py:840} INFO - DAG(s) 'ExampleDAG' retrieved from /opt/airflow/dags/ExampleDAG.py
[2026-04-08T02:11:50.227+0000] {logging_mixin.py:188} INFO - [2026-04-08T02:11:50.227+0000] {dag.py:3047} INFO - Sync 1 DAGs
[2026-04-08T02:11:50.239+0000] {logging_mixin.py:188} INFO - [2026-04-08T02:11:50.239+0000] {dag.py:3834} INFO - Setting next_dagrun for ExampleDAG to 2026-04-06 18:00:00+00:00, run_after=2026-04-07 18:00:00+00:00
[2026-04-08T02:11:50.246+0000] {processor.py:183} INFO - Processing /opt/airflow/dags/ExampleDAG.py took 0.787 seconds
[2026-04-08T02:12:20.349+0000] {processor.py:161} INFO - Started process (PID=3038) to work on /opt/airflow/dags/ExampleDAG.py
[2026-04-08T02:12:20.349+0000] {processor.py:830} INFO - Processing file /opt/airflow/dags/ExampleDAG.py for tasks to queue
[2026-04-08T02:12:20.350+0000] {logging_mixin.py:188} INFO - [2026-04-08T02:12:20.350+0000] {dagbag.py:540} INFO - Filling up the DagBag from /opt/airflow/dags/ExampleDAG.py
[2026-04-08T02:12:21.118+0000] {processor.py:840} INFO - DAG(s) 'ExampleDAG' retrieved from /opt/airflow/dags/ExampleDAG.py
[2026-04-08T02:12:21.130+0000] {logging_mixin.py:188} INFO - [2026-04-08T02:12:21.130+0000] {dag.py:3047} INFO - Sync 1 DAGs
[2026-04-08T02:12:21.142+0000] {logging_mixin.py:188} INFO - [2026-04-08T02:12:21.142+0000] {dag.py:3834} INFO - Setting next_dagrun for ExampleDAG to 2026-04-06 18:00:00+00:00, run_after=2026-04-07 18:00:00+00:00
[2026-04-08T02:12:21.150+0000] {processor.py:183} INFO - Processing /opt/airflow/dags/ExampleDAG.py took 0.804 seconds
[2026-04-08T02:12:51.257+0000] {processor.py:161} INFO - Started process (PID=3104) to work on /opt/airflow/dags/ExampleDAG.py
[2026-04-08T02:12:51.257+0000] {processor.py:830} INFO - Processing file /opt/airflow/dags/ExampleDAG.py for tasks to queue
[2026-04-08T02:12:51.258+0000] {logging_mixin.py:188} INFO - [2026-04-08T02:12:51.258+0000] {dagbag.py:540} INFO - Filling up the DagBag from /opt/airflow/dags/ExampleDAG.py
[2026-04-08T02:12:52.013+0000] {processor.py:840} INFO - DAG(s) 'ExampleDAG' retrieved from /opt/airflow/dags/ExampleDAG.py
[2026-04-08T02:12:52.026+0000] {logging_mixin.py:188} INFO - [2026-04-08T02:12:52.026+0000] {dag.py:3047} INFO - Sync 1 DAGs
[2026-04-08T02:12:52.038+0000] {logging_mixin.py:188} INFO - [2026-04-08T02:12:52.038+0000] {dag.py:3834} INFO - Setting next_dagrun for ExampleDAG to 2026-04-06 18:00:00+00:00, run_after=2026-04-07 18:00:00+00:00
[2026-04-08T02:12:52.046+0000] {processor.py:183} INFO - Processing /opt/airflow/dags/ExampleDAG.py took 0.791 seconds
[2026-04-08T02:13:22.150+0000] {processor.py:161} INFO - Started process (PID=3170) to work on /opt/airflow/dags/ExampleDAG.py
[2026-04-08T02:13:22.151+0000] {processor.py:830} INFO - Processing file /opt/airflow/dags/ExampleDAG.py for tasks to queue
[2026-04-08T02:13:22.152+0000] {logging_mixin.py:188} INFO - [2026-04-08T02:13:22.152+0000] {dagbag.py:540} INFO - Filling up the DagBag from /opt/airflow/dags/ExampleDAG.py
[2026-04-08T02:13:22.900+0000] {processor.py:840} INFO - DAG(s) 'ExampleDAG' retrieved from /opt/airflow/dags/ExampleDAG.py
[2026-04-08T02:13:22.912+0000] {logging_mixin.py:188} INFO - [2026-04-08T02:13:22.912+0000] {dag.py:3047} INFO - Sync 1 DAGs
[2026-04-08T02:13:22.924+0000] {logging_mixin.py:188} INFO - [2026-04-08T02:13:22.924+0000] {dag.py:3834} INFO - Setting next_dagrun for ExampleDAG to 2026-04-06 18:00:00+00:00, run_after=2026-04-07 18:00:00+00:00
[2026-04-08T02:13:22.932+0000] {processor.py:183} INFO - Processing /opt/airflow/dags/ExampleDAG.py took 0.784 seconds
[2026-04-08T02:13:53.053+0000] {processor.py:161} INFO - Started process (PID=3236) to work on /opt/airflow/dags/ExampleDAG.py
[2026-04-08T02:13:53.054+0000] {processor.py:830} INFO - Processing file /opt/airflow/dags/ExampleDAG.py for tasks to queue
[2026-04-08T02:13:53.055+0000] {logging_mixin.py:188} INFO - [2026-04-08T02:13:53.055+0000] {dagbag.py:540} INFO - Filling up the DagBag from /opt/airflow/dags/ExampleDAG.py
[2026-04-08T02:13:53.798+0000] {processor.py:840} INFO - DAG(s) 'ExampleDAG' retrieved from /opt/airflow/dags/ExampleDAG.py
[2026-04-08T02:13:53.811+0000] {logging_mixin.py:188} INFO - [2026-04-08T02:13:53.811+0000] {dag.py:3047} INFO - Sync 1 DAGs
[2026-04-08T02:13:53.824+0000] {logging_mixin.py:188} INFO - [2026-04-08T02:13:53.824+0000] {dag.py:3834} INFO - Setting next_dagrun for ExampleDAG to 2026-04-06 18:00:00+00:00, run_after=2026-04-07 18:00:00+00:00
[2026-04-08T02:13:53.833+0000] {processor.py:183} INFO - Processing /opt/airflow/dags/ExampleDAG.py took 0.782 seconds
[2026-04-08T02:14:23.948+0000] {processor.py:161} INFO - Started process (PID=3302) to work on /opt/airflow/dags/ExampleDAG.py
[2026-04-08T02:14:23.949+0000] {processor.py:830} INFO - Processing file /opt/airflow/dags/ExampleDAG.py for tasks to queue
[2026-04-08T02:14:23.950+0000] {logging_mixin.py:188} INFO - [2026-04-08T02:14:23.950+0000] {dagbag.py:540} INFO - Filling up the DagBag from /opt/airflow/dags/ExampleDAG.py
[2026-04-08T02:14:24.694+0000] {processor.py:840} INFO - DAG(s) 'ExampleDAG' retrieved from /opt/airflow/dags/ExampleDAG.py
[2026-04-08T02:14:24.705+0000] {logging_mixin.py:188} INFO - [2026-04-08T02:14:24.705+0000] {dag.py:3047} INFO - Sync 1 DAGs
[2026-04-08T02:14:24.810+0000] {logging_mixin.py:188} INFO - [2026-04-08T02:14:24.810+0000] {dag.py:3834} INFO - Setting next_dagrun for ExampleDAG to 2026-04-06 18:00:00+00:00, run_after=2026-04-07 18:00:00+00:00
[2026-04-08T02:14:24.819+0000] {processor.py:183} INFO - Processing /opt/airflow/dags/ExampleDAG.py took 0.873 seconds
[2026-04-08T02:14:54.927+0000] {processor.py:161} INFO - Started process (PID=3368) to work on /opt/airflow/dags/ExampleDAG.py
[2026-04-08T02:14:54.928+0000] {processor.py:830} INFO - Processing file /opt/airflow/dags/ExampleDAG.py for tasks to queue
[2026-04-08T02:14:54.929+0000] {logging_mixin.py:188} INFO - [2026-04-08T02:14:54.929+0000] {dagbag.py:540} INFO - Filling up the DagBag from /opt/airflow/dags/ExampleDAG.py
[2026-04-08T02:14:55.705+0000] {processor.py:840} INFO - DAG(s) 'ExampleDAG' retrieved from /opt/airflow/dags/ExampleDAG.py
[2026-04-08T02:14:55.718+0000] {logging_mixin.py:188} INFO - [2026-04-08T02:14:55.718+0000] {dag.py:3047} INFO - Sync 1 DAGs
[2026-04-08T02:14:55.730+0000] {logging_mixin.py:188} INFO - [2026-04-08T02:14:55.730+0000] {dag.py:3834} INFO - Setting next_dagrun for ExampleDAG to 2026-04-06 18:00:00+00:00, run_after=2026-04-07 18:00:00+00:00
[2026-04-08T02:14:55.738+0000] {processor.py:183} INFO - Processing /opt/airflow/dags/ExampleDAG.py took 0.813 seconds
[2026-04-08T02:15:25.844+0000] {processor.py:161} INFO - Started process (PID=3434) to work on /opt/airflow/dags/ExampleDAG.py
[2026-04-08T02:15:25.844+0000] {processor.py:830} INFO - Processing file /opt/airflow/dags/ExampleDAG.py for tasks to queue
[2026-04-08T02:15:25.845+0000] {logging_mixin.py:188} INFO - [2026-04-08T02:15:25.845+0000] {dagbag.py:540} INFO - Filling up the DagBag from /opt/airflow/dags/ExampleDAG.py
[2026-04-08T02:15:26.601+0000] {processor.py:840} INFO - DAG(s) 'ExampleDAG' retrieved from /opt/airflow/dags/ExampleDAG.py
[2026-04-08T02:15:26.613+0000] {logging_mixin.py:188} INFO - [2026-04-08T02:15:26.613+0000] {dag.py:3047} INFO - Sync 1 DAGs
[2026-04-08T02:15:26.625+0000] {logging_mixin.py:188} INFO - [2026-04-08T02:15:26.625+0000] {dag.py:3834} INFO - Setting next_dagrun for ExampleDAG to 2026-04-06 18:00:00+00:00, run_after=2026-04-07 18:00:00+00:00
[2026-04-08T02:15:26.632+0000] {processor.py:183} INFO - Processing /opt/airflow/dags/ExampleDAG.py took 0.791 seconds
[2026-04-08T02:15:56.769+0000] {processor.py:161} INFO - Started process (PID=3500) to work on /opt/airflow/dags/ExampleDAG.py
[2026-04-08T02:15:56.770+0000] {processor.py:830} INFO - Processing file /opt/airflow/dags/ExampleDAG.py for tasks to queue
[2026-04-08T02:15:56.771+0000] {logging_mixin.py:188} INFO - [2026-04-08T02:15:56.771+0000] {dagbag.py:540} INFO - Filling up the DagBag from /opt/airflow/dags/ExampleDAG.py
[2026-04-08T02:15:57.517+0000] {processor.py:840} INFO - DAG(s) 'ExampleDAG' retrieved from /opt/airflow/dags/ExampleDAG.py
[2026-04-08T02:15:57.528+0000] {logging_mixin.py:188} INFO - [2026-04-08T02:15:57.528+0000] {dag.py:3047} INFO - Sync 1 DAGs
[2026-04-08T02:15:57.540+0000] {logging_mixin.py:188} INFO - [2026-04-08T02:15:57.540+0000] {dag.py:3834} INFO - Setting next_dagrun for ExampleDAG to 2026-04-06 18:00:00+00:00, run_after=2026-04-07 18:00:00+00:00
[2026-04-08T02:15:57.548+0000] {processor.py:183} INFO - Processing /opt/airflow/dags/ExampleDAG.py took 0.781 seconds
[2026-04-08T02:16:27.650+0000] {processor.py:161} INFO - Started process (PID=3566) to work on /opt/airflow/dags/ExampleDAG.py
[2026-04-08T02:16:27.651+0000] {processor.py:830} INFO - Processing file /opt/airflow/dags/ExampleDAG.py for tasks to queue
[2026-04-08T02:16:27.652+0000] {logging_mixin.py:188} INFO - [2026-04-08T02:16:27.652+0000] {dagbag.py:540} INFO - Filling up the DagBag from /opt/airflow/dags/ExampleDAG.py
[2026-04-08T02:16:28.411+0000] {processor.py:840} INFO - DAG(s) 'ExampleDAG' retrieved from /opt/airflow/dags/ExampleDAG.py
[2026-04-08T02:16:28.423+0000] {logging_mixin.py:188} INFO - [2026-04-08T02:16:28.423+0000] {dag.py:3047} INFO - Sync 1 DAGs
[2026-04-08T02:16:28.529+0000] {logging_mixin.py:188} INFO - [2026-04-08T02:16:28.528+0000] {dag.py:3834} INFO - Setting next_dagrun for ExampleDAG to 2026-04-06 18:00:00+00:00, run_after=2026-04-07 18:00:00+00:00
[2026-04-08T02:16:28.538+0000] {processor.py:183} INFO - Processing /opt/airflow/dags/ExampleDAG.py took 0.890 seconds
