[2026-01-16T07:57:00.299+0000] {taskinstance.py:1979} INFO - Dependencies all met for dep_context=non-requeueable deps ti=<TaskInstance: ModelDevelop.get_data scheduled__2026-01-14T12:00:00+00:00 [queued]>
[2026-01-16T07:57:00.305+0000] {taskinstance.py:1979} INFO - Dependencies all met for dep_context=requeueable deps ti=<TaskInstance: ModelDevelop.get_data scheduled__2026-01-14T12:00:00+00:00 [queued]>
[2026-01-16T07:57:00.305+0000] {taskinstance.py:2193} INFO - Starting attempt 1 of 2
[2026-01-16T07:57:00.313+0000] {taskinstance.py:2217} INFO - Executing <Task(PythonOperator): get_data> on 2026-01-14 12:00:00+00:00
[2026-01-16T07:57:00.320+0000] {standard_task_runner.py:60} INFO - Started process 39376 to run task
[2026-01-16T07:57:00.322+0000] {standard_task_runner.py:87} INFO - Running: ['***', 'tasks', 'run', 'ModelDevelop', 'get_data', 'scheduled__2026-01-14T12:00:00+00:00', '--job-id', '590', '--raw', '--subdir', 'DAGS_FOLDER/example.py', '--cfg-path', '/tmp/tmpwce_chgu']
[2026-01-16T07:57:00.323+0000] {standard_task_runner.py:88} INFO - Job 590: Subtask get_data
[2026-01-16T07:57:00.330+0000] {warnings.py:109} WARNING - /home/***/.local/lib/python3.9/site-packages/***/settings.py:194: DeprecationWarning: The sql_alchemy_conn option in [core] has been moved to the sql_alchemy_conn option in [database] - the old setting has been used, but please update your config.
  SQL_ALCHEMY_CONN = conf.get("database", "SQL_ALCHEMY_CONN")

[2026-01-16T07:57:00.368+0000] {task_command.py:423} INFO - Running <TaskInstance: ModelDevelop.get_data scheduled__2026-01-14T12:00:00+00:00 [running]> on host 8a4f043652f0
[2026-01-16T07:57:00.466+0000] {taskinstance.py:2513} INFO - Exporting env vars: AIRFLOW_CTX_DAG_OWNER='***' AIRFLOW_CTX_DAG_ID='ModelDevelop' AIRFLOW_CTX_TASK_ID='get_data' AIRFLOW_CTX_EXECUTION_DATE='2026-01-14T12:00:00+00:00' AIRFLOW_CTX_TRY_NUMBER='1' AIRFLOW_CTX_DAG_RUN_ID='scheduled__2026-01-14T12:00:00+00:00'
[2026-01-16T07:57:00.478+0000] {python.py:202} INFO - Done. Returned value was: ./iris.csv
[2026-01-16T07:57:00.500+0000] {taskinstance.py:1149} INFO - Marking task as SUCCESS. dag_id=ModelDevelop, task_id=get_data, execution_date=20260114T120000, start_date=20260116T075700, end_date=20260116T075700
[2026-01-16T07:57:00.534+0000] {local_task_job_runner.py:234} INFO - Task exited with return code 0
[2026-01-16T07:57:00.552+0000] {taskinstance.py:3312} INFO - 1 downstream tasks scheduled from follow-on schedule check
[2026-01-17T13:20:41.332+0000] {taskinstance.py:1979} INFO - Dependencies all met for dep_context=non-requeueable deps ti=<TaskInstance: ModelDevelop.get_data scheduled__2026-01-14T12:00:00+00:00 [queued]>
[2026-01-17T13:20:41.352+0000] {taskinstance.py:1979} INFO - Dependencies all met for dep_context=requeueable deps ti=<TaskInstance: ModelDevelop.get_data scheduled__2026-01-14T12:00:00+00:00 [queued]>
[2026-01-17T13:20:41.352+0000] {taskinstance.py:2193} INFO - Starting attempt 1 of 2
[2026-01-17T13:20:41.384+0000] {taskinstance.py:2217} INFO - Executing <Task(PythonOperator): get_data> on 2026-01-14 12:00:00+00:00
[2026-01-17T13:20:41.394+0000] {standard_task_runner.py:60} INFO - Started process 39509 to run task
[2026-01-17T13:20:41.414+0000] {standard_task_runner.py:87} INFO - Running: ['***', 'tasks', 'run', 'ModelDevelop', 'get_data', 'scheduled__2026-01-14T12:00:00+00:00', '--job-id', '591', '--raw', '--subdir', 'DAGS_FOLDER/example.py', '--cfg-path', '/tmp/tmp_5d69xrk']
[2026-01-17T13:20:41.415+0000] {standard_task_runner.py:88} INFO - Job 591: Subtask get_data
[2026-01-17T13:20:41.429+0000] {warnings.py:109} WARNING - /home/***/.local/lib/python3.9/site-packages/***/settings.py:194: DeprecationWarning: The sql_alchemy_conn option in [core] has been moved to the sql_alchemy_conn option in [database] - the old setting has been used, but please update your config.
  SQL_ALCHEMY_CONN = conf.get("database", "SQL_ALCHEMY_CONN")

[2026-01-17T13:20:41.467+0000] {task_command.py:423} INFO - Running <TaskInstance: ModelDevelop.get_data scheduled__2026-01-14T12:00:00+00:00 [running]> on host ed3184b6b543
[2026-01-17T13:20:41.573+0000] {taskinstance.py:2513} INFO - Exporting env vars: AIRFLOW_CTX_DAG_OWNER='***' AIRFLOW_CTX_DAG_ID='ModelDevelop' AIRFLOW_CTX_TASK_ID='get_data' AIRFLOW_CTX_EXECUTION_DATE='2026-01-14T12:00:00+00:00' AIRFLOW_CTX_TRY_NUMBER='1' AIRFLOW_CTX_DAG_RUN_ID='scheduled__2026-01-14T12:00:00+00:00'
[2026-01-17T13:20:41.583+0000] {python.py:202} INFO - Done. Returned value was: ./iris.csv
[2026-01-17T13:20:41.599+0000] {taskinstance.py:1149} INFO - Marking task as SUCCESS. dag_id=ModelDevelop, task_id=get_data, execution_date=20260114T120000, start_date=20260117T132041, end_date=20260117T132041
[2026-01-17T13:20:41.621+0000] {local_task_job_runner.py:234} INFO - Task exited with return code 0
[2026-01-17T13:20:41.640+0000] {taskinstance.py:3312} INFO - 1 downstream tasks scheduled from follow-on schedule check
[2026-01-17T13:42:17.892+0000] {taskinstance.py:1979} INFO - Dependencies all met for dep_context=non-requeueable deps ti=<TaskInstance: ModelDevelop.get_data scheduled__2026-01-14T12:00:00+00:00 [queued]>
[2026-01-17T13:42:17.896+0000] {taskinstance.py:1979} INFO - Dependencies all met for dep_context=requeueable deps ti=<TaskInstance: ModelDevelop.get_data scheduled__2026-01-14T12:00:00+00:00 [queued]>
[2026-01-17T13:42:17.896+0000] {taskinstance.py:2193} INFO - Starting attempt 1 of 2
[2026-01-17T13:42:17.903+0000] {taskinstance.py:2217} INFO - Executing <Task(PythonOperator): get_data> on 2026-01-14 12:00:00+00:00
[2026-01-17T13:42:17.910+0000] {standard_task_runner.py:60} INFO - Started process 40010 to run task
[2026-01-17T13:42:17.912+0000] {standard_task_runner.py:87} INFO - Running: ['***', 'tasks', 'run', 'ModelDevelop', 'get_data', 'scheduled__2026-01-14T12:00:00+00:00', '--job-id', '596', '--raw', '--subdir', 'DAGS_FOLDER/example.py', '--cfg-path', '/tmp/tmp2mnvj5gt']
[2026-01-17T13:42:17.913+0000] {standard_task_runner.py:88} INFO - Job 596: Subtask get_data
[2026-01-17T13:42:17.921+0000] {warnings.py:109} WARNING - /home/***/.local/lib/python3.9/site-packages/***/settings.py:194: DeprecationWarning: The sql_alchemy_conn option in [core] has been moved to the sql_alchemy_conn option in [database] - the old setting has been used, but please update your config.
  SQL_ALCHEMY_CONN = conf.get("database", "SQL_ALCHEMY_CONN")

[2026-01-17T13:42:17.947+0000] {task_command.py:423} INFO - Running <TaskInstance: ModelDevelop.get_data scheduled__2026-01-14T12:00:00+00:00 [running]> on host 5330652dc216
[2026-01-17T13:42:18.000+0000] {taskinstance.py:2513} INFO - Exporting env vars: AIRFLOW_CTX_DAG_OWNER='***' AIRFLOW_CTX_DAG_ID='ModelDevelop' AIRFLOW_CTX_TASK_ID='get_data' AIRFLOW_CTX_EXECUTION_DATE='2026-01-14T12:00:00+00:00' AIRFLOW_CTX_TRY_NUMBER='1' AIRFLOW_CTX_DAG_RUN_ID='scheduled__2026-01-14T12:00:00+00:00'
[2026-01-17T13:42:18.011+0000] {python.py:202} INFO - Done. Returned value was: ./iris.csv
[2026-01-17T13:42:18.054+0000] {taskinstance.py:1149} INFO - Marking task as SUCCESS. dag_id=ModelDevelop, task_id=get_data, execution_date=20260114T120000, start_date=20260117T134217, end_date=20260117T134218
[2026-01-17T13:42:18.125+0000] {local_task_job_runner.py:234} INFO - Task exited with return code 0
[2026-01-17T13:42:18.144+0000] {taskinstance.py:3312} INFO - 1 downstream tasks scheduled from follow-on schedule check
