[2026-01-17T12:00:02.013+0000] {taskinstance.py:1979} INFO - Dependencies all met for dep_context=non-requeueable deps ti=<TaskInstance: ModelDevelop.get_data scheduled__2026-01-17T11:00:00+00:00 [queued]>
[2026-01-17T12:00:02.017+0000] {taskinstance.py:1979} INFO - Dependencies all met for dep_context=requeueable deps ti=<TaskInstance: ModelDevelop.get_data scheduled__2026-01-17T11:00:00+00:00 [queued]>
[2026-01-17T12:00:02.017+0000] {taskinstance.py:2193} INFO - Starting attempt 1 of 2
[2026-01-17T12:00:02.023+0000] {taskinstance.py:2217} INFO - Executing <Task(PythonOperator): get_data> on 2026-01-17 11:00:00+00:00
[2026-01-17T12:00:02.029+0000] {standard_task_runner.py:60} INFO - Started process 49820 to run task
[2026-01-17T12:00:02.031+0000] {standard_task_runner.py:87} INFO - Running: ['***', 'tasks', 'run', 'ModelDevelop', 'get_data', 'scheduled__2026-01-17T11:00:00+00:00', '--job-id', '744', '--raw', '--subdir', 'DAGS_FOLDER/example.py', '--cfg-path', '/tmp/tmpspbidyyb']
[2026-01-17T12:00:02.032+0000] {standard_task_runner.py:88} INFO - Job 744: Subtask get_data
[2026-01-17T12:00:02.041+0000] {warnings.py:109} WARNING - /home/***/.local/lib/python3.9/site-packages/***/settings.py:194: DeprecationWarning: The sql_alchemy_conn option in [core] has been moved to the sql_alchemy_conn option in [database] - the old setting has been used, but please update your config.
  SQL_ALCHEMY_CONN = conf.get("database", "SQL_ALCHEMY_CONN")

[2026-01-17T12:00:02.063+0000] {task_command.py:423} INFO - Running <TaskInstance: ModelDevelop.get_data scheduled__2026-01-17T11:00:00+00:00 [running]> on host 8a4f043652f0
[2026-01-17T12:00:02.107+0000] {taskinstance.py:2513} INFO - Exporting env vars: AIRFLOW_CTX_DAG_OWNER='***' AIRFLOW_CTX_DAG_ID='ModelDevelop' AIRFLOW_CTX_TASK_ID='get_data' AIRFLOW_CTX_EXECUTION_DATE='2026-01-17T11:00:00+00:00' AIRFLOW_CTX_TRY_NUMBER='1' AIRFLOW_CTX_DAG_RUN_ID='scheduled__2026-01-17T11:00:00+00:00'
[2026-01-17T12:00:02.115+0000] {python.py:202} INFO - Done. Returned value was: ./iris.csv
[2026-01-17T12:00:02.126+0000] {taskinstance.py:1149} INFO - Marking task as SUCCESS. dag_id=ModelDevelop, task_id=get_data, execution_date=20260117T110000, start_date=20260117T120002, end_date=20260117T120002
[2026-01-17T12:00:02.162+0000] {local_task_job_runner.py:234} INFO - Task exited with return code 0
[2026-01-17T12:00:02.176+0000] {taskinstance.py:3312} INFO - 1 downstream tasks scheduled from follow-on schedule check
[2026-01-17T13:21:28.776+0000] {taskinstance.py:1979} INFO - Dependencies all met for dep_context=non-requeueable deps ti=<TaskInstance: ModelDevelop.get_data scheduled__2026-01-17T11:00:00+00:00 [queued]>
[2026-01-17T13:21:28.781+0000] {taskinstance.py:1979} INFO - Dependencies all met for dep_context=requeueable deps ti=<TaskInstance: ModelDevelop.get_data scheduled__2026-01-17T11:00:00+00:00 [queued]>
[2026-01-17T13:21:28.781+0000] {taskinstance.py:2193} INFO - Starting attempt 1 of 2
[2026-01-17T13:21:28.788+0000] {taskinstance.py:2217} INFO - Executing <Task(PythonOperator): get_data> on 2026-01-17 11:00:00+00:00
[2026-01-17T13:21:28.794+0000] {standard_task_runner.py:60} INFO - Started process 49653 to run task
[2026-01-17T13:21:28.796+0000] {standard_task_runner.py:87} INFO - Running: ['***', 'tasks', 'run', 'ModelDevelop', 'get_data', 'scheduled__2026-01-17T11:00:00+00:00', '--job-id', '742', '--raw', '--subdir', 'DAGS_FOLDER/example.py', '--cfg-path', '/tmp/tmp7y0m8d31']
[2026-01-17T13:21:28.797+0000] {standard_task_runner.py:88} INFO - Job 742: Subtask get_data
[2026-01-17T13:21:28.805+0000] {warnings.py:109} WARNING - /home/***/.local/lib/python3.9/site-packages/***/settings.py:194: DeprecationWarning: The sql_alchemy_conn option in [core] has been moved to the sql_alchemy_conn option in [database] - the old setting has been used, but please update your config.
  SQL_ALCHEMY_CONN = conf.get("database", "SQL_ALCHEMY_CONN")

[2026-01-17T13:21:28.826+0000] {task_command.py:423} INFO - Running <TaskInstance: ModelDevelop.get_data scheduled__2026-01-17T11:00:00+00:00 [running]> on host ed3184b6b543
[2026-01-17T13:21:28.873+0000] {taskinstance.py:2513} INFO - Exporting env vars: AIRFLOW_CTX_DAG_OWNER='***' AIRFLOW_CTX_DAG_ID='ModelDevelop' AIRFLOW_CTX_TASK_ID='get_data' AIRFLOW_CTX_EXECUTION_DATE='2026-01-17T11:00:00+00:00' AIRFLOW_CTX_TRY_NUMBER='1' AIRFLOW_CTX_DAG_RUN_ID='scheduled__2026-01-17T11:00:00+00:00'
[2026-01-17T13:21:28.882+0000] {python.py:202} INFO - Done. Returned value was: ./iris.csv
[2026-01-17T13:21:28.894+0000] {taskinstance.py:1149} INFO - Marking task as SUCCESS. dag_id=ModelDevelop, task_id=get_data, execution_date=20260117T110000, start_date=20260117T132128, end_date=20260117T132128
[2026-01-17T13:21:28.928+0000] {local_task_job_runner.py:234} INFO - Task exited with return code 0
[2026-01-17T13:21:28.940+0000] {taskinstance.py:3312} INFO - 0 downstream tasks scheduled from follow-on schedule check
[2026-01-17T13:42:56.979+0000] {taskinstance.py:1979} INFO - Dependencies all met for dep_context=non-requeueable deps ti=<TaskInstance: ModelDevelop.get_data scheduled__2026-01-17T11:00:00+00:00 [queued]>
[2026-01-17T13:42:56.984+0000] {taskinstance.py:1979} INFO - Dependencies all met for dep_context=requeueable deps ti=<TaskInstance: ModelDevelop.get_data scheduled__2026-01-17T11:00:00+00:00 [queued]>
[2026-01-17T13:42:56.984+0000] {taskinstance.py:2193} INFO - Starting attempt 1 of 2
[2026-01-17T13:42:56.991+0000] {taskinstance.py:2217} INFO - Executing <Task(PythonOperator): get_data> on 2026-01-17 11:00:00+00:00
[2026-01-17T13:42:56.997+0000] {standard_task_runner.py:60} INFO - Started process 48686 to run task
[2026-01-17T13:42:56.999+0000] {standard_task_runner.py:87} INFO - Running: ['***', 'tasks', 'run', 'ModelDevelop', 'get_data', 'scheduled__2026-01-17T11:00:00+00:00', '--job-id', '732', '--raw', '--subdir', 'DAGS_FOLDER/example.py', '--cfg-path', '/tmp/tmpruekdrnm']
[2026-01-17T13:42:57.000+0000] {standard_task_runner.py:88} INFO - Job 732: Subtask get_data
[2026-01-17T13:42:57.007+0000] {warnings.py:109} WARNING - /home/***/.local/lib/python3.9/site-packages/***/settings.py:194: DeprecationWarning: The sql_alchemy_conn option in [core] has been moved to the sql_alchemy_conn option in [database] - the old setting has been used, but please update your config.
  SQL_ALCHEMY_CONN = conf.get("database", "SQL_ALCHEMY_CONN")

[2026-01-17T13:42:57.029+0000] {task_command.py:423} INFO - Running <TaskInstance: ModelDevelop.get_data scheduled__2026-01-17T11:00:00+00:00 [running]> on host 5330652dc216
[2026-01-17T13:42:57.072+0000] {taskinstance.py:2513} INFO - Exporting env vars: AIRFLOW_CTX_DAG_OWNER='***' AIRFLOW_CTX_DAG_ID='ModelDevelop' AIRFLOW_CTX_TASK_ID='get_data' AIRFLOW_CTX_EXECUTION_DATE='2026-01-17T11:00:00+00:00' AIRFLOW_CTX_TRY_NUMBER='1' AIRFLOW_CTX_DAG_RUN_ID='scheduled__2026-01-17T11:00:00+00:00'
[2026-01-17T13:42:57.080+0000] {python.py:202} INFO - Done. Returned value was: ./iris.csv
[2026-01-17T13:42:57.094+0000] {taskinstance.py:1149} INFO - Marking task as SUCCESS. dag_id=ModelDevelop, task_id=get_data, execution_date=20260117T110000, start_date=20260117T134256, end_date=20260117T134257
[2026-01-17T13:42:57.131+0000] {local_task_job_runner.py:234} INFO - Task exited with return code 0
[2026-01-17T13:42:57.159+0000] {taskinstance.py:3312} INFO - 0 downstream tasks scheduled from follow-on schedule check
