[2026-01-16T07:55:18.859+0000] {taskinstance.py:1979} INFO - Dependencies all met for dep_context=non-requeueable deps ti=<TaskInstance: ModelDevelop.get_data scheduled__2026-01-07T22:00:00+00:00 [queued]>
[2026-01-16T07:55:18.866+0000] {taskinstance.py:1979} INFO - Dependencies all met for dep_context=requeueable deps ti=<TaskInstance: ModelDevelop.get_data scheduled__2026-01-07T22:00:00+00:00 [queued]>
[2026-01-16T07:55:18.866+0000] {taskinstance.py:2193} INFO - Starting attempt 1 of 2
[2026-01-16T07:55:18.876+0000] {taskinstance.py:2217} INFO - Executing <Task(PythonOperator): get_data> on 2026-01-07 22:00:00+00:00
[2026-01-16T07:55:18.883+0000] {standard_task_runner.py:60} INFO - Started process 18006 to run task
[2026-01-16T07:55:18.885+0000] {standard_task_runner.py:87} INFO - Running: ['***', 'tasks', 'run', 'ModelDevelop', 'get_data', 'scheduled__2026-01-07T22:00:00+00:00', '--job-id', '272', '--raw', '--subdir', 'DAGS_FOLDER/example.py', '--cfg-path', '/tmp/tmprx0xyqji']
[2026-01-16T07:55:18.886+0000] {standard_task_runner.py:88} INFO - Job 272: Subtask get_data
[2026-01-16T07:55:18.895+0000] {warnings.py:109} WARNING - /home/***/.local/lib/python3.9/site-packages/***/settings.py:194: DeprecationWarning: The sql_alchemy_conn option in [core] has been moved to the sql_alchemy_conn option in [database] - the old setting has been used, but please update your config.
  SQL_ALCHEMY_CONN = conf.get("database", "SQL_ALCHEMY_CONN")

[2026-01-16T07:55:18.939+0000] {task_command.py:423} INFO - Running <TaskInstance: ModelDevelop.get_data scheduled__2026-01-07T22:00:00+00:00 [running]> on host 8a4f043652f0
[2026-01-16T07:55:19.044+0000] {taskinstance.py:2513} INFO - Exporting env vars: AIRFLOW_CTX_DAG_OWNER='***' AIRFLOW_CTX_DAG_ID='ModelDevelop' AIRFLOW_CTX_TASK_ID='get_data' AIRFLOW_CTX_EXECUTION_DATE='2026-01-07T22:00:00+00:00' AIRFLOW_CTX_TRY_NUMBER='1' AIRFLOW_CTX_DAG_RUN_ID='scheduled__2026-01-07T22:00:00+00:00'
[2026-01-16T07:55:19.055+0000] {python.py:202} INFO - Done. Returned value was: ./iris.csv
[2026-01-16T07:55:19.073+0000] {taskinstance.py:1149} INFO - Marking task as SUCCESS. dag_id=ModelDevelop, task_id=get_data, execution_date=20260107T220000, start_date=20260116T075518, end_date=20260116T075519
[2026-01-16T07:55:19.097+0000] {local_task_job_runner.py:234} INFO - Task exited with return code 0
[2026-01-16T07:55:19.140+0000] {taskinstance.py:3312} INFO - 1 downstream tasks scheduled from follow-on schedule check
[2026-01-17T13:18:52.580+0000] {taskinstance.py:1979} INFO - Dependencies all met for dep_context=non-requeueable deps ti=<TaskInstance: ModelDevelop.get_data scheduled__2026-01-07T22:00:00+00:00 [queued]>
[2026-01-17T13:18:52.585+0000] {taskinstance.py:1979} INFO - Dependencies all met for dep_context=requeueable deps ti=<TaskInstance: ModelDevelop.get_data scheduled__2026-01-07T22:00:00+00:00 [queued]>
[2026-01-17T13:18:52.585+0000] {taskinstance.py:2193} INFO - Starting attempt 1 of 2
[2026-01-17T13:18:52.656+0000] {taskinstance.py:2217} INFO - Executing <Task(PythonOperator): get_data> on 2026-01-07 22:00:00+00:00
[2026-01-17T13:18:52.664+0000] {standard_task_runner.py:60} INFO - Started process 18069 to run task
[2026-01-17T13:18:52.667+0000] {standard_task_runner.py:87} INFO - Running: ['***', 'tasks', 'run', 'ModelDevelop', 'get_data', 'scheduled__2026-01-07T22:00:00+00:00', '--job-id', '272', '--raw', '--subdir', 'DAGS_FOLDER/example.py', '--cfg-path', '/tmp/tmpnxb809md']
[2026-01-17T13:18:52.668+0000] {standard_task_runner.py:88} INFO - Job 272: Subtask get_data
[2026-01-17T13:18:52.679+0000] {warnings.py:109} WARNING - /home/***/.local/lib/python3.9/site-packages/***/settings.py:194: DeprecationWarning: The sql_alchemy_conn option in [core] has been moved to the sql_alchemy_conn option in [database] - the old setting has been used, but please update your config.
  SQL_ALCHEMY_CONN = conf.get("database", "SQL_ALCHEMY_CONN")

[2026-01-17T13:18:52.710+0000] {task_command.py:423} INFO - Running <TaskInstance: ModelDevelop.get_data scheduled__2026-01-07T22:00:00+00:00 [running]> on host ed3184b6b543
[2026-01-17T13:18:52.820+0000] {taskinstance.py:2513} INFO - Exporting env vars: AIRFLOW_CTX_DAG_OWNER='***' AIRFLOW_CTX_DAG_ID='ModelDevelop' AIRFLOW_CTX_TASK_ID='get_data' AIRFLOW_CTX_EXECUTION_DATE='2026-01-07T22:00:00+00:00' AIRFLOW_CTX_TRY_NUMBER='1' AIRFLOW_CTX_DAG_RUN_ID='scheduled__2026-01-07T22:00:00+00:00'
[2026-01-17T13:18:52.831+0000] {python.py:202} INFO - Done. Returned value was: ./iris.csv
[2026-01-17T13:18:52.852+0000] {taskinstance.py:1149} INFO - Marking task as SUCCESS. dag_id=ModelDevelop, task_id=get_data, execution_date=20260107T220000, start_date=20260117T131852, end_date=20260117T131852
[2026-01-17T13:18:52.880+0000] {local_task_job_runner.py:234} INFO - Task exited with return code 0
[2026-01-17T13:18:52.942+0000] {taskinstance.py:3312} INFO - 0 downstream tasks scheduled from follow-on schedule check
[2026-01-17T13:40:25.348+0000] {taskinstance.py:1979} INFO - Dependencies all met for dep_context=non-requeueable deps ti=<TaskInstance: ModelDevelop.get_data scheduled__2026-01-07T22:00:00+00:00 [queued]>
[2026-01-17T13:40:25.353+0000] {taskinstance.py:1979} INFO - Dependencies all met for dep_context=requeueable deps ti=<TaskInstance: ModelDevelop.get_data scheduled__2026-01-07T22:00:00+00:00 [queued]>
[2026-01-17T13:40:25.353+0000] {taskinstance.py:2193} INFO - Starting attempt 1 of 2
[2026-01-17T13:40:25.362+0000] {taskinstance.py:2217} INFO - Executing <Task(PythonOperator): get_data> on 2026-01-07 22:00:00+00:00
[2026-01-17T13:40:25.370+0000] {standard_task_runner.py:60} INFO - Started process 18538 to run task
[2026-01-17T13:40:25.372+0000] {standard_task_runner.py:87} INFO - Running: ['***', 'tasks', 'run', 'ModelDevelop', 'get_data', 'scheduled__2026-01-07T22:00:00+00:00', '--job-id', '278', '--raw', '--subdir', 'DAGS_FOLDER/example.py', '--cfg-path', '/tmp/tmpekk9irwj']
[2026-01-17T13:40:25.373+0000] {standard_task_runner.py:88} INFO - Job 278: Subtask get_data
[2026-01-17T13:40:25.382+0000] {warnings.py:109} WARNING - /home/***/.local/lib/python3.9/site-packages/***/settings.py:194: DeprecationWarning: The sql_alchemy_conn option in [core] has been moved to the sql_alchemy_conn option in [database] - the old setting has been used, but please update your config.
  SQL_ALCHEMY_CONN = conf.get("database", "SQL_ALCHEMY_CONN")

[2026-01-17T13:40:25.413+0000] {task_command.py:423} INFO - Running <TaskInstance: ModelDevelop.get_data scheduled__2026-01-07T22:00:00+00:00 [running]> on host 5330652dc216
[2026-01-17T13:40:25.512+0000] {taskinstance.py:2513} INFO - Exporting env vars: AIRFLOW_CTX_DAG_OWNER='***' AIRFLOW_CTX_DAG_ID='ModelDevelop' AIRFLOW_CTX_TASK_ID='get_data' AIRFLOW_CTX_EXECUTION_DATE='2026-01-07T22:00:00+00:00' AIRFLOW_CTX_TRY_NUMBER='1' AIRFLOW_CTX_DAG_RUN_ID='scheduled__2026-01-07T22:00:00+00:00'
[2026-01-17T13:40:25.521+0000] {python.py:202} INFO - Done. Returned value was: ./iris.csv
[2026-01-17T13:40:25.537+0000] {taskinstance.py:1149} INFO - Marking task as SUCCESS. dag_id=ModelDevelop, task_id=get_data, execution_date=20260107T220000, start_date=20260117T134025, end_date=20260117T134025
[2026-01-17T13:40:25.585+0000] {local_task_job_runner.py:234} INFO - Task exited with return code 0
[2026-01-17T13:40:25.610+0000] {taskinstance.py:3312} INFO - 1 downstream tasks scheduled from follow-on schedule check
