[2026-01-16T07:56:17.621+0000] {taskinstance.py:1979} INFO - Dependencies all met for dep_context=non-requeueable deps ti=<TaskInstance: ModelDevelop.get_data scheduled__2026-01-11T09:00:00+00:00 [queued]>
[2026-01-16T07:56:17.626+0000] {taskinstance.py:1979} INFO - Dependencies all met for dep_context=requeueable deps ti=<TaskInstance: ModelDevelop.get_data scheduled__2026-01-11T09:00:00+00:00 [queued]>
[2026-01-16T07:56:17.626+0000] {taskinstance.py:2193} INFO - Starting attempt 1 of 2
[2026-01-16T07:56:17.634+0000] {taskinstance.py:2217} INFO - Executing <Task(PythonOperator): get_data> on 2026-01-11 09:00:00+00:00
[2026-01-16T07:56:17.641+0000] {standard_task_runner.py:60} INFO - Started process 30426 to run task
[2026-01-16T07:56:17.643+0000] {standard_task_runner.py:87} INFO - Running: ['***', 'tasks', 'run', 'ModelDevelop', 'get_data', 'scheduled__2026-01-11T09:00:00+00:00', '--job-id', '451', '--raw', '--subdir', 'DAGS_FOLDER/example.py', '--cfg-path', '/tmp/tmpcv24xpj1']
[2026-01-16T07:56:17.644+0000] {standard_task_runner.py:88} INFO - Job 451: Subtask get_data
[2026-01-16T07:56:17.652+0000] {warnings.py:109} WARNING - /home/***/.local/lib/python3.9/site-packages/***/settings.py:194: DeprecationWarning: The sql_alchemy_conn option in [core] has been moved to the sql_alchemy_conn option in [database] - the old setting has been used, but please update your config.
  SQL_ALCHEMY_CONN = conf.get("database", "SQL_ALCHEMY_CONN")

[2026-01-16T07:56:17.685+0000] {task_command.py:423} INFO - Running <TaskInstance: ModelDevelop.get_data scheduled__2026-01-11T09:00:00+00:00 [running]> on host 8a4f043652f0
[2026-01-16T07:56:17.780+0000] {taskinstance.py:2513} INFO - Exporting env vars: AIRFLOW_CTX_DAG_OWNER='***' AIRFLOW_CTX_DAG_ID='ModelDevelop' AIRFLOW_CTX_TASK_ID='get_data' AIRFLOW_CTX_EXECUTION_DATE='2026-01-11T09:00:00+00:00' AIRFLOW_CTX_TRY_NUMBER='1' AIRFLOW_CTX_DAG_RUN_ID='scheduled__2026-01-11T09:00:00+00:00'
[2026-01-16T07:56:17.791+0000] {python.py:202} INFO - Done. Returned value was: ./iris.csv
[2026-01-16T07:56:17.845+0000] {taskinstance.py:1149} INFO - Marking task as SUCCESS. dag_id=ModelDevelop, task_id=get_data, execution_date=20260111T090000, start_date=20260116T075617, end_date=20260116T075617
[2026-01-16T07:56:17.896+0000] {local_task_job_runner.py:234} INFO - Task exited with return code 0
[2026-01-16T07:56:17.915+0000] {taskinstance.py:3312} INFO - 1 downstream tasks scheduled from follow-on schedule check
[2026-01-17T13:20:00.419+0000] {taskinstance.py:1979} INFO - Dependencies all met for dep_context=non-requeueable deps ti=<TaskInstance: ModelDevelop.get_data scheduled__2026-01-11T09:00:00+00:00 [queued]>
[2026-01-17T13:20:00.425+0000] {taskinstance.py:1979} INFO - Dependencies all met for dep_context=requeueable deps ti=<TaskInstance: ModelDevelop.get_data scheduled__2026-01-11T09:00:00+00:00 [queued]>
[2026-01-17T13:20:00.426+0000] {taskinstance.py:2193} INFO - Starting attempt 1 of 2
[2026-01-17T13:20:00.435+0000] {taskinstance.py:2217} INFO - Executing <Task(PythonOperator): get_data> on 2026-01-11 09:00:00+00:00
[2026-01-17T13:20:00.446+0000] {standard_task_runner.py:60} INFO - Started process 30592 to run task
[2026-01-17T13:20:00.462+0000] {standard_task_runner.py:87} INFO - Running: ['***', 'tasks', 'run', 'ModelDevelop', 'get_data', 'scheduled__2026-01-11T09:00:00+00:00', '--job-id', '454', '--raw', '--subdir', 'DAGS_FOLDER/example.py', '--cfg-path', '/tmp/tmpsv5jg8y9']
[2026-01-17T13:20:00.463+0000] {standard_task_runner.py:88} INFO - Job 454: Subtask get_data
[2026-01-17T13:20:00.493+0000] {warnings.py:109} WARNING - /home/***/.local/lib/python3.9/site-packages/***/settings.py:194: DeprecationWarning: The sql_alchemy_conn option in [core] has been moved to the sql_alchemy_conn option in [database] - the old setting has been used, but please update your config.
  SQL_ALCHEMY_CONN = conf.get("database", "SQL_ALCHEMY_CONN")

[2026-01-17T13:20:00.523+0000] {task_command.py:423} INFO - Running <TaskInstance: ModelDevelop.get_data scheduled__2026-01-11T09:00:00+00:00 [running]> on host ed3184b6b543
[2026-01-17T13:20:00.579+0000] {taskinstance.py:2513} INFO - Exporting env vars: AIRFLOW_CTX_DAG_OWNER='***' AIRFLOW_CTX_DAG_ID='ModelDevelop' AIRFLOW_CTX_TASK_ID='get_data' AIRFLOW_CTX_EXECUTION_DATE='2026-01-11T09:00:00+00:00' AIRFLOW_CTX_TRY_NUMBER='1' AIRFLOW_CTX_DAG_RUN_ID='scheduled__2026-01-11T09:00:00+00:00'
[2026-01-17T13:20:00.587+0000] {python.py:202} INFO - Done. Returned value was: ./iris.csv
[2026-01-17T13:20:00.645+0000] {taskinstance.py:1149} INFO - Marking task as SUCCESS. dag_id=ModelDevelop, task_id=get_data, execution_date=20260111T090000, start_date=20260117T132000, end_date=20260117T132000
[2026-01-17T13:20:00.704+0000] {local_task_job_runner.py:234} INFO - Task exited with return code 0
[2026-01-17T13:20:00.724+0000] {taskinstance.py:3312} INFO - 1 downstream tasks scheduled from follow-on schedule check
[2026-01-17T13:41:21.935+0000] {taskinstance.py:1979} INFO - Dependencies all met for dep_context=non-requeueable deps ti=<TaskInstance: ModelDevelop.get_data scheduled__2026-01-11T09:00:00+00:00 [queued]>
[2026-01-17T13:41:21.952+0000] {taskinstance.py:1979} INFO - Dependencies all met for dep_context=requeueable deps ti=<TaskInstance: ModelDevelop.get_data scheduled__2026-01-11T09:00:00+00:00 [queued]>
[2026-01-17T13:41:21.952+0000] {taskinstance.py:2193} INFO - Starting attempt 1 of 2
[2026-01-17T13:41:22.025+0000] {taskinstance.py:2217} INFO - Executing <Task(PythonOperator): get_data> on 2026-01-11 09:00:00+00:00
[2026-01-17T13:41:22.033+0000] {standard_task_runner.py:60} INFO - Started process 29525 to run task
[2026-01-17T13:41:22.035+0000] {standard_task_runner.py:87} INFO - Running: ['***', 'tasks', 'run', 'ModelDevelop', 'get_data', 'scheduled__2026-01-11T09:00:00+00:00', '--job-id', '442', '--raw', '--subdir', 'DAGS_FOLDER/example.py', '--cfg-path', '/tmp/tmp2c3b9cdm']
[2026-01-17T13:41:22.036+0000] {standard_task_runner.py:88} INFO - Job 442: Subtask get_data
[2026-01-17T13:41:22.046+0000] {warnings.py:109} WARNING - /home/***/.local/lib/python3.9/site-packages/***/settings.py:194: DeprecationWarning: The sql_alchemy_conn option in [core] has been moved to the sql_alchemy_conn option in [database] - the old setting has been used, but please update your config.
  SQL_ALCHEMY_CONN = conf.get("database", "SQL_ALCHEMY_CONN")

[2026-01-17T13:41:22.095+0000] {task_command.py:423} INFO - Running <TaskInstance: ModelDevelop.get_data scheduled__2026-01-11T09:00:00+00:00 [running]> on host 5330652dc216
[2026-01-17T13:41:22.180+0000] {taskinstance.py:2513} INFO - Exporting env vars: AIRFLOW_CTX_DAG_OWNER='***' AIRFLOW_CTX_DAG_ID='ModelDevelop' AIRFLOW_CTX_TASK_ID='get_data' AIRFLOW_CTX_EXECUTION_DATE='2026-01-11T09:00:00+00:00' AIRFLOW_CTX_TRY_NUMBER='1' AIRFLOW_CTX_DAG_RUN_ID='scheduled__2026-01-11T09:00:00+00:00'
[2026-01-17T13:41:22.191+0000] {python.py:202} INFO - Done. Returned value was: ./iris.csv
[2026-01-17T13:41:22.210+0000] {taskinstance.py:1149} INFO - Marking task as SUCCESS. dag_id=ModelDevelop, task_id=get_data, execution_date=20260111T090000, start_date=20260117T134121, end_date=20260117T134122
[2026-01-17T13:41:22.259+0000] {local_task_job_runner.py:234} INFO - Task exited with return code 0
[2026-01-17T13:41:22.280+0000] {taskinstance.py:3312} INFO - 1 downstream tasks scheduled from follow-on schedule check
