[2026-01-16T07:56:48.005+0000] {taskinstance.py:1979} INFO - Dependencies all met for dep_context=non-requeueable deps ti=<TaskInstance: ModelDevelop.get_data scheduled__2026-01-13T17:00:00+00:00 [queued]>
[2026-01-16T07:56:48.012+0000] {taskinstance.py:1979} INFO - Dependencies all met for dep_context=requeueable deps ti=<TaskInstance: ModelDevelop.get_data scheduled__2026-01-13T17:00:00+00:00 [queued]>
[2026-01-16T07:56:48.012+0000] {taskinstance.py:2193} INFO - Starting attempt 1 of 2
[2026-01-16T07:56:48.023+0000] {taskinstance.py:2217} INFO - Executing <Task(PythonOperator): get_data> on 2026-01-13 17:00:00+00:00
[2026-01-16T07:56:48.033+0000] {standard_task_runner.py:60} INFO - Started process 37001 to run task
[2026-01-16T07:56:48.035+0000] {standard_task_runner.py:87} INFO - Running: ['***', 'tasks', 'run', 'ModelDevelop', 'get_data', 'scheduled__2026-01-13T17:00:00+00:00', '--job-id', '555', '--raw', '--subdir', 'DAGS_FOLDER/example.py', '--cfg-path', '/tmp/tmp0t0jtd6u']
[2026-01-16T07:56:48.036+0000] {standard_task_runner.py:88} INFO - Job 555: Subtask get_data
[2026-01-16T07:56:48.074+0000] {warnings.py:109} WARNING - /home/***/.local/lib/python3.9/site-packages/***/settings.py:194: DeprecationWarning: The sql_alchemy_conn option in [core] has been moved to the sql_alchemy_conn option in [database] - the old setting has been used, but please update your config.
  SQL_ALCHEMY_CONN = conf.get("database", "SQL_ALCHEMY_CONN")

[2026-01-16T07:56:48.130+0000] {task_command.py:423} INFO - Running <TaskInstance: ModelDevelop.get_data scheduled__2026-01-13T17:00:00+00:00 [running]> on host 8a4f043652f0
[2026-01-16T07:56:48.187+0000] {taskinstance.py:2513} INFO - Exporting env vars: AIRFLOW_CTX_DAG_OWNER='***' AIRFLOW_CTX_DAG_ID='ModelDevelop' AIRFLOW_CTX_TASK_ID='get_data' AIRFLOW_CTX_EXECUTION_DATE='2026-01-13T17:00:00+00:00' AIRFLOW_CTX_TRY_NUMBER='1' AIRFLOW_CTX_DAG_RUN_ID='scheduled__2026-01-13T17:00:00+00:00'
[2026-01-16T07:56:48.200+0000] {python.py:202} INFO - Done. Returned value was: ./iris.csv
[2026-01-16T07:56:48.217+0000] {taskinstance.py:1149} INFO - Marking task as SUCCESS. dag_id=ModelDevelop, task_id=get_data, execution_date=20260113T170000, start_date=20260116T075648, end_date=20260116T075648
[2026-01-16T07:56:48.251+0000] {local_task_job_runner.py:234} INFO - Task exited with return code 0
[2026-01-16T07:56:48.271+0000] {taskinstance.py:3312} INFO - 1 downstream tasks scheduled from follow-on schedule check
[2026-01-17T13:20:31.646+0000] {taskinstance.py:1979} INFO - Dependencies all met for dep_context=non-requeueable deps ti=<TaskInstance: ModelDevelop.get_data scheduled__2026-01-13T17:00:00+00:00 [queued]>
[2026-01-17T13:20:31.652+0000] {taskinstance.py:1979} INFO - Dependencies all met for dep_context=requeueable deps ti=<TaskInstance: ModelDevelop.get_data scheduled__2026-01-13T17:00:00+00:00 [queued]>
[2026-01-17T13:20:31.653+0000] {taskinstance.py:2193} INFO - Starting attempt 1 of 2
[2026-01-17T13:20:31.668+0000] {taskinstance.py:2217} INFO - Executing <Task(PythonOperator): get_data> on 2026-01-13 17:00:00+00:00
[2026-01-17T13:20:31.676+0000] {standard_task_runner.py:60} INFO - Started process 37164 to run task
[2026-01-17T13:20:31.690+0000] {standard_task_runner.py:87} INFO - Running: ['***', 'tasks', 'run', 'ModelDevelop', 'get_data', 'scheduled__2026-01-13T17:00:00+00:00', '--job-id', '556', '--raw', '--subdir', 'DAGS_FOLDER/example.py', '--cfg-path', '/tmp/tmpnwsvvtre']
[2026-01-17T13:20:31.691+0000] {standard_task_runner.py:88} INFO - Job 556: Subtask get_data
[2026-01-17T13:20:31.742+0000] {warnings.py:109} WARNING - /home/***/.local/lib/python3.9/site-packages/***/settings.py:194: DeprecationWarning: The sql_alchemy_conn option in [core] has been moved to the sql_alchemy_conn option in [database] - the old setting has been used, but please update your config.
  SQL_ALCHEMY_CONN = conf.get("database", "SQL_ALCHEMY_CONN")

[2026-01-17T13:20:31.782+0000] {task_command.py:423} INFO - Running <TaskInstance: ModelDevelop.get_data scheduled__2026-01-13T17:00:00+00:00 [running]> on host ed3184b6b543
[2026-01-17T13:20:31.838+0000] {taskinstance.py:2513} INFO - Exporting env vars: AIRFLOW_CTX_DAG_OWNER='***' AIRFLOW_CTX_DAG_ID='ModelDevelop' AIRFLOW_CTX_TASK_ID='get_data' AIRFLOW_CTX_EXECUTION_DATE='2026-01-13T17:00:00+00:00' AIRFLOW_CTX_TRY_NUMBER='1' AIRFLOW_CTX_DAG_RUN_ID='scheduled__2026-01-13T17:00:00+00:00'
[2026-01-17T13:20:31.847+0000] {python.py:202} INFO - Done. Returned value was: ./iris.csv
[2026-01-17T13:20:31.914+0000] {taskinstance.py:1149} INFO - Marking task as SUCCESS. dag_id=ModelDevelop, task_id=get_data, execution_date=20260113T170000, start_date=20260117T132031, end_date=20260117T132031
[2026-01-17T13:20:31.943+0000] {local_task_job_runner.py:234} INFO - Task exited with return code 0
[2026-01-17T13:20:31.966+0000] {taskinstance.py:3312} INFO - 0 downstream tasks scheduled from follow-on schedule check
[2026-01-17T13:42:06.613+0000] {taskinstance.py:1979} INFO - Dependencies all met for dep_context=non-requeueable deps ti=<TaskInstance: ModelDevelop.get_data scheduled__2026-01-13T17:00:00+00:00 [queued]>
[2026-01-17T13:42:06.621+0000] {taskinstance.py:1979} INFO - Dependencies all met for dep_context=requeueable deps ti=<TaskInstance: ModelDevelop.get_data scheduled__2026-01-13T17:00:00+00:00 [queued]>
[2026-01-17T13:42:06.621+0000] {taskinstance.py:2193} INFO - Starting attempt 1 of 2
[2026-01-17T13:42:06.633+0000] {taskinstance.py:2217} INFO - Executing <Task(PythonOperator): get_data> on 2026-01-13 17:00:00+00:00
[2026-01-17T13:42:06.643+0000] {standard_task_runner.py:60} INFO - Started process 37732 to run task
[2026-01-17T13:42:06.645+0000] {standard_task_runner.py:87} INFO - Running: ['***', 'tasks', 'run', 'ModelDevelop', 'get_data', 'scheduled__2026-01-13T17:00:00+00:00', '--job-id', '562', '--raw', '--subdir', 'DAGS_FOLDER/example.py', '--cfg-path', '/tmp/tmpepfi79o5']
[2026-01-17T13:42:06.646+0000] {standard_task_runner.py:88} INFO - Job 562: Subtask get_data
[2026-01-17T13:42:06.655+0000] {warnings.py:109} WARNING - /home/***/.local/lib/python3.9/site-packages/***/settings.py:194: DeprecationWarning: The sql_alchemy_conn option in [core] has been moved to the sql_alchemy_conn option in [database] - the old setting has been used, but please update your config.
  SQL_ALCHEMY_CONN = conf.get("database", "SQL_ALCHEMY_CONN")

[2026-01-17T13:42:06.708+0000] {task_command.py:423} INFO - Running <TaskInstance: ModelDevelop.get_data scheduled__2026-01-13T17:00:00+00:00 [running]> on host 5330652dc216
[2026-01-17T13:42:06.813+0000] {taskinstance.py:2513} INFO - Exporting env vars: AIRFLOW_CTX_DAG_OWNER='***' AIRFLOW_CTX_DAG_ID='ModelDevelop' AIRFLOW_CTX_TASK_ID='get_data' AIRFLOW_CTX_EXECUTION_DATE='2026-01-13T17:00:00+00:00' AIRFLOW_CTX_TRY_NUMBER='1' AIRFLOW_CTX_DAG_RUN_ID='scheduled__2026-01-13T17:00:00+00:00'
[2026-01-17T13:42:06.843+0000] {python.py:202} INFO - Done. Returned value was: ./iris.csv
[2026-01-17T13:42:06.891+0000] {taskinstance.py:1149} INFO - Marking task as SUCCESS. dag_id=ModelDevelop, task_id=get_data, execution_date=20260113T170000, start_date=20260117T134206, end_date=20260117T134206
[2026-01-17T13:42:06.937+0000] {local_task_job_runner.py:234} INFO - Task exited with return code 0
[2026-01-17T13:42:06.956+0000] {taskinstance.py:3312} INFO - 1 downstream tasks scheduled from follow-on schedule check
