[2026-01-16T07:54:45.879+0000] {taskinstance.py:1979} INFO - Dependencies all met for dep_context=non-requeueable deps ti=<TaskInstance: ModelDevelop.get_data scheduled__2026-01-05T12:00:00+00:00 [queued]>
[2026-01-16T07:54:45.885+0000] {taskinstance.py:1979} INFO - Dependencies all met for dep_context=requeueable deps ti=<TaskInstance: ModelDevelop.get_data scheduled__2026-01-05T12:00:00+00:00 [queued]>
[2026-01-16T07:54:45.885+0000] {taskinstance.py:2193} INFO - Starting attempt 1 of 2
[2026-01-16T07:54:45.894+0000] {taskinstance.py:2217} INFO - Executing <Task(PythonOperator): get_data> on 2026-01-05 12:00:00+00:00
[2026-01-16T07:54:45.909+0000] {standard_task_runner.py:60} INFO - Started process 11198 to run task
[2026-01-16T07:54:45.912+0000] {standard_task_runner.py:87} INFO - Running: ['***', 'tasks', 'run', 'ModelDevelop', 'get_data', 'scheduled__2026-01-05T12:00:00+00:00', '--job-id', '166', '--raw', '--subdir', 'DAGS_FOLDER/example.py', '--cfg-path', '/tmp/tmpjiu38gku']
[2026-01-16T07:54:45.913+0000] {standard_task_runner.py:88} INFO - Job 166: Subtask get_data
[2026-01-16T07:54:45.926+0000] {warnings.py:109} WARNING - /home/***/.local/lib/python3.9/site-packages/***/settings.py:194: DeprecationWarning: The sql_alchemy_conn option in [core] has been moved to the sql_alchemy_conn option in [database] - the old setting has been used, but please update your config.
  SQL_ALCHEMY_CONN = conf.get("database", "SQL_ALCHEMY_CONN")

[2026-01-16T07:54:45.957+0000] {task_command.py:423} INFO - Running <TaskInstance: ModelDevelop.get_data scheduled__2026-01-05T12:00:00+00:00 [running]> on host 8a4f043652f0
[2026-01-16T07:54:46.036+0000] {taskinstance.py:2513} INFO - Exporting env vars: AIRFLOW_CTX_DAG_OWNER='***' AIRFLOW_CTX_DAG_ID='ModelDevelop' AIRFLOW_CTX_TASK_ID='get_data' AIRFLOW_CTX_EXECUTION_DATE='2026-01-05T12:00:00+00:00' AIRFLOW_CTX_TRY_NUMBER='1' AIRFLOW_CTX_DAG_RUN_ID='scheduled__2026-01-05T12:00:00+00:00'
[2026-01-16T07:54:46.050+0000] {python.py:202} INFO - Done. Returned value was: ./iris.csv
[2026-01-16T07:54:46.071+0000] {taskinstance.py:1149} INFO - Marking task as SUCCESS. dag_id=ModelDevelop, task_id=get_data, execution_date=20260105T120000, start_date=20260116T075445, end_date=20260116T075446
[2026-01-16T07:54:46.126+0000] {local_task_job_runner.py:234} INFO - Task exited with return code 0
[2026-01-16T07:54:46.149+0000] {taskinstance.py:3312} INFO - 1 downstream tasks scheduled from follow-on schedule check
[2026-01-17T13:18:20.701+0000] {taskinstance.py:1979} INFO - Dependencies all met for dep_context=non-requeueable deps ti=<TaskInstance: ModelDevelop.get_data scheduled__2026-01-05T12:00:00+00:00 [queued]>
[2026-01-17T13:18:20.707+0000] {taskinstance.py:1979} INFO - Dependencies all met for dep_context=requeueable deps ti=<TaskInstance: ModelDevelop.get_data scheduled__2026-01-05T12:00:00+00:00 [queued]>
[2026-01-17T13:18:20.708+0000] {taskinstance.py:2193} INFO - Starting attempt 1 of 2
[2026-01-17T13:18:20.717+0000] {taskinstance.py:2217} INFO - Executing <Task(PythonOperator): get_data> on 2026-01-05 12:00:00+00:00
[2026-01-17T13:18:20.727+0000] {standard_task_runner.py:60} INFO - Started process 11198 to run task
[2026-01-17T13:18:20.729+0000] {standard_task_runner.py:87} INFO - Running: ['***', 'tasks', 'run', 'ModelDevelop', 'get_data', 'scheduled__2026-01-05T12:00:00+00:00', '--job-id', '166', '--raw', '--subdir', 'DAGS_FOLDER/example.py', '--cfg-path', '/tmp/tmpie83zejv']
[2026-01-17T13:18:20.730+0000] {standard_task_runner.py:88} INFO - Job 166: Subtask get_data
[2026-01-17T13:18:20.739+0000] {warnings.py:109} WARNING - /home/***/.local/lib/python3.9/site-packages/***/settings.py:194: DeprecationWarning: The sql_alchemy_conn option in [core] has been moved to the sql_alchemy_conn option in [database] - the old setting has been used, but please update your config.
  SQL_ALCHEMY_CONN = conf.get("database", "SQL_ALCHEMY_CONN")

[2026-01-17T13:18:20.780+0000] {task_command.py:423} INFO - Running <TaskInstance: ModelDevelop.get_data scheduled__2026-01-05T12:00:00+00:00 [running]> on host ed3184b6b543
[2026-01-17T13:18:20.859+0000] {taskinstance.py:2513} INFO - Exporting env vars: AIRFLOW_CTX_DAG_OWNER='***' AIRFLOW_CTX_DAG_ID='ModelDevelop' AIRFLOW_CTX_TASK_ID='get_data' AIRFLOW_CTX_EXECUTION_DATE='2026-01-05T12:00:00+00:00' AIRFLOW_CTX_TRY_NUMBER='1' AIRFLOW_CTX_DAG_RUN_ID='scheduled__2026-01-05T12:00:00+00:00'
[2026-01-17T13:18:20.868+0000] {python.py:202} INFO - Done. Returned value was: ./iris.csv
[2026-01-17T13:18:20.885+0000] {taskinstance.py:1149} INFO - Marking task as SUCCESS. dag_id=ModelDevelop, task_id=get_data, execution_date=20260105T120000, start_date=20260117T131820, end_date=20260117T131820
[2026-01-17T13:18:20.941+0000] {local_task_job_runner.py:234} INFO - Task exited with return code 0
[2026-01-17T13:18:20.963+0000] {taskinstance.py:3312} INFO - 0 downstream tasks scheduled from follow-on schedule check
[2026-01-17T13:39:42.323+0000] {taskinstance.py:1979} INFO - Dependencies all met for dep_context=non-requeueable deps ti=<TaskInstance: ModelDevelop.get_data scheduled__2026-01-05T12:00:00+00:00 [queued]>
[2026-01-17T13:39:42.344+0000] {taskinstance.py:1979} INFO - Dependencies all met for dep_context=requeueable deps ti=<TaskInstance: ModelDevelop.get_data scheduled__2026-01-05T12:00:00+00:00 [queued]>
[2026-01-17T13:39:42.344+0000] {taskinstance.py:2193} INFO - Starting attempt 1 of 2
[2026-01-17T13:39:42.357+0000] {taskinstance.py:2217} INFO - Executing <Task(PythonOperator): get_data> on 2026-01-05 12:00:00+00:00
[2026-01-17T13:39:42.366+0000] {standard_task_runner.py:60} INFO - Started process 11164 to run task
[2026-01-17T13:39:42.369+0000] {standard_task_runner.py:87} INFO - Running: ['***', 'tasks', 'run', 'ModelDevelop', 'get_data', 'scheduled__2026-01-05T12:00:00+00:00', '--job-id', '165', '--raw', '--subdir', 'DAGS_FOLDER/example.py', '--cfg-path', '/tmp/tmpj56pgjyi']
[2026-01-17T13:39:42.370+0000] {standard_task_runner.py:88} INFO - Job 165: Subtask get_data
[2026-01-17T13:39:42.381+0000] {warnings.py:109} WARNING - /home/***/.local/lib/python3.9/site-packages/***/settings.py:194: DeprecationWarning: The sql_alchemy_conn option in [core] has been moved to the sql_alchemy_conn option in [database] - the old setting has been used, but please update your config.
  SQL_ALCHEMY_CONN = conf.get("database", "SQL_ALCHEMY_CONN")

[2026-01-17T13:39:42.407+0000] {task_command.py:423} INFO - Running <TaskInstance: ModelDevelop.get_data scheduled__2026-01-05T12:00:00+00:00 [running]> on host 5330652dc216
[2026-01-17T13:39:42.497+0000] {taskinstance.py:2513} INFO - Exporting env vars: AIRFLOW_CTX_DAG_OWNER='***' AIRFLOW_CTX_DAG_ID='ModelDevelop' AIRFLOW_CTX_TASK_ID='get_data' AIRFLOW_CTX_EXECUTION_DATE='2026-01-05T12:00:00+00:00' AIRFLOW_CTX_TRY_NUMBER='1' AIRFLOW_CTX_DAG_RUN_ID='scheduled__2026-01-05T12:00:00+00:00'
[2026-01-17T13:39:42.509+0000] {python.py:202} INFO - Done. Returned value was: ./iris.csv
[2026-01-17T13:39:42.544+0000] {taskinstance.py:1149} INFO - Marking task as SUCCESS. dag_id=ModelDevelop, task_id=get_data, execution_date=20260105T120000, start_date=20260117T133942, end_date=20260117T133942
[2026-01-17T13:39:42.581+0000] {local_task_job_runner.py:234} INFO - Task exited with return code 0
[2026-01-17T13:39:42.601+0000] {taskinstance.py:3312} INFO - 1 downstream tasks scheduled from follow-on schedule check
