[2026-01-16T07:57:19.134+0000] {taskinstance.py:1979} INFO - Dependencies all met for dep_context=non-requeueable deps ti=<TaskInstance: ModelDevelop.get_data scheduled__2026-01-15T10:00:00+00:00 [queued]>
[2026-01-16T07:57:19.140+0000] {taskinstance.py:1979} INFO - Dependencies all met for dep_context=requeueable deps ti=<TaskInstance: ModelDevelop.get_data scheduled__2026-01-15T10:00:00+00:00 [queued]>
[2026-01-16T07:57:19.140+0000] {taskinstance.py:2193} INFO - Starting attempt 1 of 2
[2026-01-16T07:57:19.149+0000] {taskinstance.py:2217} INFO - Executing <Task(PythonOperator): get_data> on 2026-01-15 10:00:00+00:00
[2026-01-16T07:57:19.157+0000] {standard_task_runner.py:60} INFO - Started process 43324 to run task
[2026-01-16T07:57:19.159+0000] {standard_task_runner.py:87} INFO - Running: ['***', 'tasks', 'run', 'ModelDevelop', 'get_data', 'scheduled__2026-01-15T10:00:00+00:00', '--job-id', '644', '--raw', '--subdir', 'DAGS_FOLDER/example.py', '--cfg-path', '/tmp/tmpdga7c50p']
[2026-01-16T07:57:19.160+0000] {standard_task_runner.py:88} INFO - Job 644: Subtask get_data
[2026-01-16T07:57:19.169+0000] {warnings.py:109} WARNING - /home/***/.local/lib/python3.9/site-packages/***/settings.py:194: DeprecationWarning: The sql_alchemy_conn option in [core] has been moved to the sql_alchemy_conn option in [database] - the old setting has been used, but please update your config.
  SQL_ALCHEMY_CONN = conf.get("database", "SQL_ALCHEMY_CONN")

[2026-01-16T07:57:19.194+0000] {task_command.py:423} INFO - Running <TaskInstance: ModelDevelop.get_data scheduled__2026-01-15T10:00:00+00:00 [running]> on host 8a4f043652f0
[2026-01-16T07:57:19.311+0000] {taskinstance.py:2513} INFO - Exporting env vars: AIRFLOW_CTX_DAG_OWNER='***' AIRFLOW_CTX_DAG_ID='ModelDevelop' AIRFLOW_CTX_TASK_ID='get_data' AIRFLOW_CTX_EXECUTION_DATE='2026-01-15T10:00:00+00:00' AIRFLOW_CTX_TRY_NUMBER='1' AIRFLOW_CTX_DAG_RUN_ID='scheduled__2026-01-15T10:00:00+00:00'
[2026-01-16T07:57:19.319+0000] {python.py:202} INFO - Done. Returned value was: ./iris.csv
[2026-01-16T07:57:19.334+0000] {taskinstance.py:1149} INFO - Marking task as SUCCESS. dag_id=ModelDevelop, task_id=get_data, execution_date=20260115T100000, start_date=20260116T075719, end_date=20260116T075719
[2026-01-16T07:57:19.456+0000] {local_task_job_runner.py:234} INFO - Task exited with return code 0
[2026-01-16T07:57:19.496+0000] {taskinstance.py:3312} INFO - 1 downstream tasks scheduled from follow-on schedule check
[2026-01-17T13:21:00.677+0000] {taskinstance.py:1979} INFO - Dependencies all met for dep_context=non-requeueable deps ti=<TaskInstance: ModelDevelop.get_data scheduled__2026-01-15T10:00:00+00:00 [queued]>
[2026-01-17T13:21:00.683+0000] {taskinstance.py:1979} INFO - Dependencies all met for dep_context=requeueable deps ti=<TaskInstance: ModelDevelop.get_data scheduled__2026-01-15T10:00:00+00:00 [queued]>
[2026-01-17T13:21:00.684+0000] {taskinstance.py:2193} INFO - Starting attempt 1 of 2
[2026-01-17T13:21:00.693+0000] {taskinstance.py:2217} INFO - Executing <Task(PythonOperator): get_data> on 2026-01-15 10:00:00+00:00
[2026-01-17T13:21:00.701+0000] {standard_task_runner.py:60} INFO - Started process 43458 to run task
[2026-01-17T13:21:00.703+0000] {standard_task_runner.py:87} INFO - Running: ['***', 'tasks', 'run', 'ModelDevelop', 'get_data', 'scheduled__2026-01-15T10:00:00+00:00', '--job-id', '646', '--raw', '--subdir', 'DAGS_FOLDER/example.py', '--cfg-path', '/tmp/tmp0421hxu5']
[2026-01-17T13:21:00.704+0000] {standard_task_runner.py:88} INFO - Job 646: Subtask get_data
[2026-01-17T13:21:00.713+0000] {warnings.py:109} WARNING - /home/***/.local/lib/python3.9/site-packages/***/settings.py:194: DeprecationWarning: The sql_alchemy_conn option in [core] has been moved to the sql_alchemy_conn option in [database] - the old setting has been used, but please update your config.
  SQL_ALCHEMY_CONN = conf.get("database", "SQL_ALCHEMY_CONN")

[2026-01-17T13:21:00.740+0000] {task_command.py:423} INFO - Running <TaskInstance: ModelDevelop.get_data scheduled__2026-01-15T10:00:00+00:00 [running]> on host ed3184b6b543
[2026-01-17T13:21:00.836+0000] {taskinstance.py:2513} INFO - Exporting env vars: AIRFLOW_CTX_DAG_OWNER='***' AIRFLOW_CTX_DAG_ID='ModelDevelop' AIRFLOW_CTX_TASK_ID='get_data' AIRFLOW_CTX_EXECUTION_DATE='2026-01-15T10:00:00+00:00' AIRFLOW_CTX_TRY_NUMBER='1' AIRFLOW_CTX_DAG_RUN_ID='scheduled__2026-01-15T10:00:00+00:00'
[2026-01-17T13:21:00.848+0000] {python.py:202} INFO - Done. Returned value was: ./iris.csv
[2026-01-17T13:21:00.866+0000] {taskinstance.py:1149} INFO - Marking task as SUCCESS. dag_id=ModelDevelop, task_id=get_data, execution_date=20260115T100000, start_date=20260117T132100, end_date=20260117T132100
[2026-01-17T13:21:00.915+0000] {local_task_job_runner.py:234} INFO - Task exited with return code 0
[2026-01-17T13:21:00.990+0000] {taskinstance.py:3312} INFO - 0 downstream tasks scheduled from follow-on schedule check
[2026-01-17T13:42:28.061+0000] {taskinstance.py:1979} INFO - Dependencies all met for dep_context=non-requeueable deps ti=<TaskInstance: ModelDevelop.get_data scheduled__2026-01-15T10:00:00+00:00 [queued]>
[2026-01-17T13:42:28.071+0000] {taskinstance.py:1979} INFO - Dependencies all met for dep_context=requeueable deps ti=<TaskInstance: ModelDevelop.get_data scheduled__2026-01-15T10:00:00+00:00 [queued]>
[2026-01-17T13:42:28.071+0000] {taskinstance.py:2193} INFO - Starting attempt 1 of 2
[2026-01-17T13:42:28.085+0000] {taskinstance.py:2217} INFO - Executing <Task(PythonOperator): get_data> on 2026-01-15 10:00:00+00:00
[2026-01-17T13:42:28.094+0000] {standard_task_runner.py:60} INFO - Started process 42357 to run task
[2026-01-17T13:42:28.096+0000] {standard_task_runner.py:87} INFO - Running: ['***', 'tasks', 'run', 'ModelDevelop', 'get_data', 'scheduled__2026-01-15T10:00:00+00:00', '--job-id', '634', '--raw', '--subdir', 'DAGS_FOLDER/example.py', '--cfg-path', '/tmp/tmpglscmyi1']
[2026-01-17T13:42:28.097+0000] {standard_task_runner.py:88} INFO - Job 634: Subtask get_data
[2026-01-17T13:42:28.106+0000] {warnings.py:109} WARNING - /home/***/.local/lib/python3.9/site-packages/***/settings.py:194: DeprecationWarning: The sql_alchemy_conn option in [core] has been moved to the sql_alchemy_conn option in [database] - the old setting has been used, but please update your config.
  SQL_ALCHEMY_CONN = conf.get("database", "SQL_ALCHEMY_CONN")

[2026-01-17T13:42:28.134+0000] {task_command.py:423} INFO - Running <TaskInstance: ModelDevelop.get_data scheduled__2026-01-15T10:00:00+00:00 [running]> on host 5330652dc216
[2026-01-17T13:42:28.196+0000] {taskinstance.py:2513} INFO - Exporting env vars: AIRFLOW_CTX_DAG_OWNER='***' AIRFLOW_CTX_DAG_ID='ModelDevelop' AIRFLOW_CTX_TASK_ID='get_data' AIRFLOW_CTX_EXECUTION_DATE='2026-01-15T10:00:00+00:00' AIRFLOW_CTX_TRY_NUMBER='1' AIRFLOW_CTX_DAG_RUN_ID='scheduled__2026-01-15T10:00:00+00:00'
[2026-01-17T13:42:28.206+0000] {python.py:202} INFO - Done. Returned value was: ./iris.csv
[2026-01-17T13:42:28.221+0000] {taskinstance.py:1149} INFO - Marking task as SUCCESS. dag_id=ModelDevelop, task_id=get_data, execution_date=20260115T100000, start_date=20260117T134228, end_date=20260117T134228
[2026-01-17T13:42:28.270+0000] {local_task_job_runner.py:234} INFO - Task exited with return code 0
[2026-01-17T13:42:28.304+0000] {taskinstance.py:3312} INFO - 1 downstream tasks scheduled from follow-on schedule check
