[2026-01-16T07:56:59.752+0000] {taskinstance.py:1979} INFO - Dependencies all met for dep_context=non-requeueable deps ti=<TaskInstance: ModelDevelop.get_data scheduled__2026-01-14T09:00:00+00:00 [queued]>
[2026-01-16T07:56:59.756+0000] {taskinstance.py:1979} INFO - Dependencies all met for dep_context=requeueable deps ti=<TaskInstance: ModelDevelop.get_data scheduled__2026-01-14T09:00:00+00:00 [queued]>
[2026-01-16T07:56:59.757+0000] {taskinstance.py:2193} INFO - Starting attempt 1 of 2
[2026-01-16T07:56:59.765+0000] {taskinstance.py:2217} INFO - Executing <Task(PythonOperator): get_data> on 2026-01-14 09:00:00+00:00
[2026-01-16T07:56:59.772+0000] {standard_task_runner.py:60} INFO - Started process 39177 to run task
[2026-01-16T07:56:59.774+0000] {standard_task_runner.py:87} INFO - Running: ['***', 'tasks', 'run', 'ModelDevelop', 'get_data', 'scheduled__2026-01-14T09:00:00+00:00', '--job-id', '586', '--raw', '--subdir', 'DAGS_FOLDER/example.py', '--cfg-path', '/tmp/tmpmquo2evl']
[2026-01-16T07:56:59.775+0000] {standard_task_runner.py:88} INFO - Job 586: Subtask get_data
[2026-01-16T07:56:59.784+0000] {warnings.py:109} WARNING - /home/***/.local/lib/python3.9/site-packages/***/settings.py:194: DeprecationWarning: The sql_alchemy_conn option in [core] has been moved to the sql_alchemy_conn option in [database] - the old setting has been used, but please update your config.
  SQL_ALCHEMY_CONN = conf.get("database", "SQL_ALCHEMY_CONN")

[2026-01-16T07:56:59.815+0000] {task_command.py:423} INFO - Running <TaskInstance: ModelDevelop.get_data scheduled__2026-01-14T09:00:00+00:00 [running]> on host 8a4f043652f0
[2026-01-16T07:56:59.908+0000] {taskinstance.py:2513} INFO - Exporting env vars: AIRFLOW_CTX_DAG_OWNER='***' AIRFLOW_CTX_DAG_ID='ModelDevelop' AIRFLOW_CTX_TASK_ID='get_data' AIRFLOW_CTX_EXECUTION_DATE='2026-01-14T09:00:00+00:00' AIRFLOW_CTX_TRY_NUMBER='1' AIRFLOW_CTX_DAG_RUN_ID='scheduled__2026-01-14T09:00:00+00:00'
[2026-01-16T07:56:59.917+0000] {python.py:202} INFO - Done. Returned value was: ./iris.csv
[2026-01-16T07:56:59.938+0000] {taskinstance.py:1149} INFO - Marking task as SUCCESS. dag_id=ModelDevelop, task_id=get_data, execution_date=20260114T090000, start_date=20260116T075659, end_date=20260116T075659
[2026-01-16T07:57:00.034+0000] {local_task_job_runner.py:234} INFO - Task exited with return code 0
[2026-01-16T07:57:00.082+0000] {taskinstance.py:3312} INFO - 1 downstream tasks scheduled from follow-on schedule check
[2026-01-17T13:20:40.838+0000] {taskinstance.py:1979} INFO - Dependencies all met for dep_context=non-requeueable deps ti=<TaskInstance: ModelDevelop.get_data scheduled__2026-01-14T09:00:00+00:00 [queued]>
[2026-01-17T13:20:40.852+0000] {taskinstance.py:1979} INFO - Dependencies all met for dep_context=requeueable deps ti=<TaskInstance: ModelDevelop.get_data scheduled__2026-01-14T09:00:00+00:00 [queued]>
[2026-01-17T13:20:40.852+0000] {taskinstance.py:2193} INFO - Starting attempt 1 of 2
[2026-01-17T13:20:40.868+0000] {taskinstance.py:2217} INFO - Executing <Task(PythonOperator): get_data> on 2026-01-14 09:00:00+00:00
[2026-01-17T13:20:40.875+0000] {standard_task_runner.py:60} INFO - Started process 39310 to run task
[2026-01-17T13:20:40.878+0000] {standard_task_runner.py:87} INFO - Running: ['***', 'tasks', 'run', 'ModelDevelop', 'get_data', 'scheduled__2026-01-14T09:00:00+00:00', '--job-id', '588', '--raw', '--subdir', 'DAGS_FOLDER/example.py', '--cfg-path', '/tmp/tmp11ua1v4h']
[2026-01-17T13:20:40.878+0000] {standard_task_runner.py:88} INFO - Job 588: Subtask get_data
[2026-01-17T13:20:40.888+0000] {warnings.py:109} WARNING - /home/***/.local/lib/python3.9/site-packages/***/settings.py:194: DeprecationWarning: The sql_alchemy_conn option in [core] has been moved to the sql_alchemy_conn option in [database] - the old setting has been used, but please update your config.
  SQL_ALCHEMY_CONN = conf.get("database", "SQL_ALCHEMY_CONN")

[2026-01-17T13:20:40.918+0000] {task_command.py:423} INFO - Running <TaskInstance: ModelDevelop.get_data scheduled__2026-01-14T09:00:00+00:00 [running]> on host ed3184b6b543
[2026-01-17T13:20:40.966+0000] {taskinstance.py:2513} INFO - Exporting env vars: AIRFLOW_CTX_DAG_OWNER='***' AIRFLOW_CTX_DAG_ID='ModelDevelop' AIRFLOW_CTX_TASK_ID='get_data' AIRFLOW_CTX_EXECUTION_DATE='2026-01-14T09:00:00+00:00' AIRFLOW_CTX_TRY_NUMBER='1' AIRFLOW_CTX_DAG_RUN_ID='scheduled__2026-01-14T09:00:00+00:00'
[2026-01-17T13:20:40.974+0000] {python.py:202} INFO - Done. Returned value was: ./iris.csv
[2026-01-17T13:20:40.993+0000] {taskinstance.py:1149} INFO - Marking task as SUCCESS. dag_id=ModelDevelop, task_id=get_data, execution_date=20260114T090000, start_date=20260117T132040, end_date=20260117T132040
[2026-01-17T13:20:41.050+0000] {local_task_job_runner.py:234} INFO - Task exited with return code 0
[2026-01-17T13:20:41.126+0000] {taskinstance.py:3312} INFO - 0 downstream tasks scheduled from follow-on schedule check
[2026-01-17T13:42:17.711+0000] {taskinstance.py:1979} INFO - Dependencies all met for dep_context=non-requeueable deps ti=<TaskInstance: ModelDevelop.get_data scheduled__2026-01-14T09:00:00+00:00 [queued]>
[2026-01-17T13:42:17.734+0000] {taskinstance.py:1979} INFO - Dependencies all met for dep_context=requeueable deps ti=<TaskInstance: ModelDevelop.get_data scheduled__2026-01-14T09:00:00+00:00 [queued]>
[2026-01-17T13:42:17.734+0000] {taskinstance.py:2193} INFO - Starting attempt 1 of 2
[2026-01-17T13:42:17.744+0000] {taskinstance.py:2217} INFO - Executing <Task(PythonOperator): get_data> on 2026-01-14 09:00:00+00:00
[2026-01-17T13:42:17.768+0000] {standard_task_runner.py:60} INFO - Started process 39976 to run task
[2026-01-17T13:42:17.773+0000] {standard_task_runner.py:87} INFO - Running: ['***', 'tasks', 'run', 'ModelDevelop', 'get_data', 'scheduled__2026-01-14T09:00:00+00:00', '--job-id', '595', '--raw', '--subdir', 'DAGS_FOLDER/example.py', '--cfg-path', '/tmp/tmpo_ij_luk']
[2026-01-17T13:42:17.774+0000] {standard_task_runner.py:88} INFO - Job 595: Subtask get_data
[2026-01-17T13:42:17.788+0000] {warnings.py:109} WARNING - /home/***/.local/lib/python3.9/site-packages/***/settings.py:194: DeprecationWarning: The sql_alchemy_conn option in [core] has been moved to the sql_alchemy_conn option in [database] - the old setting has been used, but please update your config.
  SQL_ALCHEMY_CONN = conf.get("database", "SQL_ALCHEMY_CONN")

[2026-01-17T13:42:17.819+0000] {task_command.py:423} INFO - Running <TaskInstance: ModelDevelop.get_data scheduled__2026-01-14T09:00:00+00:00 [running]> on host 5330652dc216
[2026-01-17T13:42:17.895+0000] {taskinstance.py:2513} INFO - Exporting env vars: AIRFLOW_CTX_DAG_OWNER='***' AIRFLOW_CTX_DAG_ID='ModelDevelop' AIRFLOW_CTX_TASK_ID='get_data' AIRFLOW_CTX_EXECUTION_DATE='2026-01-14T09:00:00+00:00' AIRFLOW_CTX_TRY_NUMBER='1' AIRFLOW_CTX_DAG_RUN_ID='scheduled__2026-01-14T09:00:00+00:00'
[2026-01-17T13:42:17.906+0000] {python.py:202} INFO - Done. Returned value was: ./iris.csv
[2026-01-17T13:42:17.922+0000] {taskinstance.py:1149} INFO - Marking task as SUCCESS. dag_id=ModelDevelop, task_id=get_data, execution_date=20260114T090000, start_date=20260117T134217, end_date=20260117T134217
[2026-01-17T13:42:17.943+0000] {local_task_job_runner.py:234} INFO - Task exited with return code 0
[2026-01-17T13:42:17.959+0000] {taskinstance.py:3312} INFO - 1 downstream tasks scheduled from follow-on schedule check
