[2026-01-28T07:01:53.105+0000] {taskinstance.py:1979} INFO - Dependencies all met for dep_context=non-requeueable deps ti=<TaskInstance: ExampleDAG.train_fit manual__2026-01-28T07:01:49.860404+00:00 [queued]>
[2026-01-28T07:01:53.109+0000] {taskinstance.py:1979} INFO - Dependencies all met for dep_context=requeueable deps ti=<TaskInstance: ExampleDAG.train_fit manual__2026-01-28T07:01:49.860404+00:00 [queued]>
[2026-01-28T07:01:53.109+0000] {taskinstance.py:2193} INFO - Starting attempt 1 of 2
[2026-01-28T07:01:53.115+0000] {taskinstance.py:2217} INFO - Executing <Task(PythonOperator): train_fit> on 2026-01-28 07:01:49.860404+00:00
[2026-01-28T07:01:53.121+0000] {standard_task_runner.py:60} INFO - Started process 207 to run task
[2026-01-28T07:01:53.122+0000] {standard_task_runner.py:87} INFO - Running: ['***', 'tasks', 'run', 'ExampleDAG', 'train_fit', 'manual__2026-01-28T07:01:49.860404+00:00', '--job-id', '4', '--raw', '--subdir', 'DAGS_FOLDER/exercise_QAs.py', '--cfg-path', '/tmp/tmpkq99aan9']
[2026-01-28T07:01:53.123+0000] {standard_task_runner.py:88} INFO - Job 4: Subtask train_fit
[2026-01-28T07:01:53.130+0000] {warnings.py:109} WARNING - /home/***/.local/lib/python3.9/site-packages/***/settings.py:194: DeprecationWarning: The sql_alchemy_conn option in [core] has been moved to the sql_alchemy_conn option in [database] - the old setting has been used, but please update your config.
  SQL_ALCHEMY_CONN = conf.get("database", "SQL_ALCHEMY_CONN")

[2026-01-28T07:01:53.149+0000] {task_command.py:423} INFO - Running <TaskInstance: ExampleDAG.train_fit manual__2026-01-28T07:01:49.860404+00:00 [running]> on host b84c69687d0c
[2026-01-28T07:01:53.186+0000] {taskinstance.py:2513} INFO - Exporting env vars: AIRFLOW_CTX_DAG_OWNER='***' AIRFLOW_CTX_DAG_ID='ExampleDAG' AIRFLOW_CTX_TASK_ID='train_fit' AIRFLOW_CTX_EXECUTION_DATE='2026-01-28T07:01:49.860404+00:00' AIRFLOW_CTX_TRY_NUMBER='1' AIRFLOW_CTX_DAG_RUN_ID='manual__2026-01-28T07:01:49.860404+00:00'
[2026-01-28T07:01:53.204+0000] {logging_mixin.py:188} INFO -      sepal_length  sepal_width  petal_length  petal_width  target
0             5.1          3.5           1.4          0.2       0
1             4.9          3.0           1.4          0.2       0
2             4.7          3.2           1.3          0.2       0
3             4.6          3.1           1.5          0.2       0
4             5.0          3.6           1.4          0.2       0
..            ...          ...           ...          ...     ...
145           6.7          3.0           5.2          2.3       2
146           6.3          2.5           5.0          1.9       2
147           6.5          3.0           5.2          2.0       2
148           6.2          3.4           5.4          2.3       2
149           5.9          3.0           5.1          1.8       2

[150 rows x 5 columns]
[2026-01-28T07:01:53.212+0000] {logging_mixin.py:188} INFO - Train Accuracy : 0.9833333333333333
[2026-01-28T07:01:53.212+0000] {logging_mixin.py:188} INFO - Valid Accuracy : 0.9333333333333333
[2026-01-28T07:01:53.219+0000] {logging_mixin.py:188} WARNING - 2026/01/28 07:01:53 INFO mlflow.tracking.fluent: Experiment with name 'new_exp' does not exist. Creating a new experiment.
[2026-01-28T07:01:53.272+0000] {logging_mixin.py:188} WARNING - 2026/01/28 07:01:53 WARNING mlflow.utils.git_utils: Failed to import Git (the Git executable is probably not on your PATH), so Git SHA is not available. Error: Failed to initialize: Bad git executable.
The git executable must be specified in one of the following ways:
    - be included in your $PATH
    - be set via $GIT_PYTHON_GIT_EXECUTABLE
    - explicitly set via git.refresh(<full-path-to-git-executable>)

All git commands will error until this is rectified.

This initial message can be silenced or aggravated in the future by setting the
$GIT_PYTHON_REFRESH environment variable. Use one of the following values:
    - quiet|q|silence|s|silent|none|n|0: for no message or exception
    - warn|w|warning|log|l|1: for a warning message (logging level CRITICAL, displayed by default)
    - error|e|exception|raise|r|2: for a raised exception

Example:
    export GIT_PYTHON_REFRESH=quiet
[2026-01-28T07:01:55.197+0000] {warnings.py:109} WARNING - /home/***/.local/lib/python3.9/site-packages/_distutils_hack/__init__.py:33: UserWarning: Setuptools is replacing distutils.
  warnings.warn("Setuptools is replacing distutils.")

[2026-01-28T07:01:55.238+0000] {logging_mixin.py:188} INFO - ****Success Message*******
[2026-01-28T07:01:55.239+0000] {python.py:202} INFO - Done. Returned value was: None
[2026-01-28T07:01:55.246+0000] {taskinstance.py:1149} INFO - Marking task as SUCCESS. dag_id=ExampleDAG, task_id=train_fit, execution_date=20260128T070149, start_date=20260128T070153, end_date=20260128T070155
[2026-01-28T07:01:55.299+0000] {local_task_job_runner.py:234} INFO - Task exited with return code 0
[2026-01-28T07:01:55.315+0000] {taskinstance.py:3312} INFO - 0 downstream tasks scheduled from follow-on schedule check
