[2026-01-16T07:57:18.973+0000] {taskinstance.py:1979} INFO - Dependencies all met for dep_context=non-requeueable deps ti=<TaskInstance: ModelDevelop.get_data scheduled__2026-01-15T08:00:00+00:00 [queued]>
[2026-01-16T07:57:18.979+0000] {taskinstance.py:1979} INFO - Dependencies all met for dep_context=requeueable deps ti=<TaskInstance: ModelDevelop.get_data scheduled__2026-01-15T08:00:00+00:00 [queued]>
[2026-01-16T07:57:18.980+0000] {taskinstance.py:2193} INFO - Starting attempt 1 of 2
[2026-01-16T07:57:18.990+0000] {taskinstance.py:2217} INFO - Executing <Task(PythonOperator): get_data> on 2026-01-15 08:00:00+00:00
[2026-01-16T07:57:18.999+0000] {standard_task_runner.py:60} INFO - Started process 43288 to run task
[2026-01-16T07:57:19.001+0000] {standard_task_runner.py:87} INFO - Running: ['***', 'tasks', 'run', 'ModelDevelop', 'get_data', 'scheduled__2026-01-15T08:00:00+00:00', '--job-id', '642', '--raw', '--subdir', 'DAGS_FOLDER/example.py', '--cfg-path', '/tmp/tmpkujteogx']
[2026-01-16T07:57:19.002+0000] {standard_task_runner.py:88} INFO - Job 642: Subtask get_data
[2026-01-16T07:57:19.016+0000] {warnings.py:109} WARNING - /home/***/.local/lib/python3.9/site-packages/***/settings.py:194: DeprecationWarning: The sql_alchemy_conn option in [core] has been moved to the sql_alchemy_conn option in [database] - the old setting has been used, but please update your config.
  SQL_ALCHEMY_CONN = conf.get("database", "SQL_ALCHEMY_CONN")

[2026-01-16T07:57:19.044+0000] {task_command.py:423} INFO - Running <TaskInstance: ModelDevelop.get_data scheduled__2026-01-15T08:00:00+00:00 [running]> on host 8a4f043652f0
[2026-01-16T07:57:19.163+0000] {taskinstance.py:2513} INFO - Exporting env vars: AIRFLOW_CTX_DAG_OWNER='***' AIRFLOW_CTX_DAG_ID='ModelDevelop' AIRFLOW_CTX_TASK_ID='get_data' AIRFLOW_CTX_EXECUTION_DATE='2026-01-15T08:00:00+00:00' AIRFLOW_CTX_TRY_NUMBER='1' AIRFLOW_CTX_DAG_RUN_ID='scheduled__2026-01-15T08:00:00+00:00'
[2026-01-16T07:57:19.175+0000] {python.py:202} INFO - Done. Returned value was: ./iris.csv
[2026-01-16T07:57:19.191+0000] {taskinstance.py:1149} INFO - Marking task as SUCCESS. dag_id=ModelDevelop, task_id=get_data, execution_date=20260115T080000, start_date=20260116T075718, end_date=20260116T075719
[2026-01-16T07:57:19.334+0000] {local_task_job_runner.py:234} INFO - Task exited with return code 0
[2026-01-16T07:57:19.402+0000] {taskinstance.py:3312} INFO - 0 downstream tasks scheduled from follow-on schedule check
[2026-01-17T13:20:51.785+0000] {taskinstance.py:1979} INFO - Dependencies all met for dep_context=non-requeueable deps ti=<TaskInstance: ModelDevelop.get_data scheduled__2026-01-15T08:00:00+00:00 [queued]>
[2026-01-17T13:20:51.792+0000] {taskinstance.py:1979} INFO - Dependencies all met for dep_context=requeueable deps ti=<TaskInstance: ModelDevelop.get_data scheduled__2026-01-15T08:00:00+00:00 [queued]>
[2026-01-17T13:20:51.792+0000] {taskinstance.py:2193} INFO - Starting attempt 1 of 2
[2026-01-17T13:20:51.800+0000] {taskinstance.py:2217} INFO - Executing <Task(PythonOperator): get_data> on 2026-01-15 08:00:00+00:00
[2026-01-17T13:20:51.806+0000] {standard_task_runner.py:60} INFO - Started process 41792 to run task
[2026-01-17T13:20:51.809+0000] {standard_task_runner.py:87} INFO - Running: ['***', 'tasks', 'run', 'ModelDevelop', 'get_data', 'scheduled__2026-01-15T08:00:00+00:00', '--job-id', '628', '--raw', '--subdir', 'DAGS_FOLDER/example.py', '--cfg-path', '/tmp/tmpvvn9dfk1']
[2026-01-17T13:20:51.810+0000] {standard_task_runner.py:88} INFO - Job 628: Subtask get_data
[2026-01-17T13:20:51.819+0000] {warnings.py:109} WARNING - /home/***/.local/lib/python3.9/site-packages/***/settings.py:194: DeprecationWarning: The sql_alchemy_conn option in [core] has been moved to the sql_alchemy_conn option in [database] - the old setting has been used, but please update your config.
  SQL_ALCHEMY_CONN = conf.get("database", "SQL_ALCHEMY_CONN")

[2026-01-17T13:20:51.897+0000] {task_command.py:423} INFO - Running <TaskInstance: ModelDevelop.get_data scheduled__2026-01-15T08:00:00+00:00 [running]> on host ed3184b6b543
[2026-01-17T13:20:51.955+0000] {taskinstance.py:2513} INFO - Exporting env vars: AIRFLOW_CTX_DAG_OWNER='***' AIRFLOW_CTX_DAG_ID='ModelDevelop' AIRFLOW_CTX_TASK_ID='get_data' AIRFLOW_CTX_EXECUTION_DATE='2026-01-15T08:00:00+00:00' AIRFLOW_CTX_TRY_NUMBER='1' AIRFLOW_CTX_DAG_RUN_ID='scheduled__2026-01-15T08:00:00+00:00'
[2026-01-17T13:20:51.966+0000] {python.py:202} INFO - Done. Returned value was: ./iris.csv
[2026-01-17T13:20:51.983+0000] {taskinstance.py:1149} INFO - Marking task as SUCCESS. dag_id=ModelDevelop, task_id=get_data, execution_date=20260115T080000, start_date=20260117T132051, end_date=20260117T132051
[2026-01-17T13:20:52.061+0000] {local_task_job_runner.py:234} INFO - Task exited with return code 0
[2026-01-17T13:20:52.086+0000] {taskinstance.py:3312} INFO - 1 downstream tasks scheduled from follow-on schedule check
[2026-01-17T13:42:27.706+0000] {taskinstance.py:1979} INFO - Dependencies all met for dep_context=non-requeueable deps ti=<TaskInstance: ModelDevelop.get_data scheduled__2026-01-15T08:00:00+00:00 [queued]>
[2026-01-17T13:42:27.714+0000] {taskinstance.py:1979} INFO - Dependencies all met for dep_context=requeueable deps ti=<TaskInstance: ModelDevelop.get_data scheduled__2026-01-15T08:00:00+00:00 [queued]>
[2026-01-17T13:42:27.715+0000] {taskinstance.py:2193} INFO - Starting attempt 1 of 2
[2026-01-17T13:42:27.727+0000] {taskinstance.py:2217} INFO - Executing <Task(PythonOperator): get_data> on 2026-01-15 08:00:00+00:00
[2026-01-17T13:42:27.736+0000] {standard_task_runner.py:60} INFO - Started process 42256 to run task
[2026-01-17T13:42:27.754+0000] {standard_task_runner.py:87} INFO - Running: ['***', 'tasks', 'run', 'ModelDevelop', 'get_data', 'scheduled__2026-01-15T08:00:00+00:00', '--job-id', '632', '--raw', '--subdir', 'DAGS_FOLDER/example.py', '--cfg-path', '/tmp/tmp3op_m9og']
[2026-01-17T13:42:27.759+0000] {standard_task_runner.py:88} INFO - Job 632: Subtask get_data
[2026-01-17T13:42:27.775+0000] {warnings.py:109} WARNING - /home/***/.local/lib/python3.9/site-packages/***/settings.py:194: DeprecationWarning: The sql_alchemy_conn option in [core] has been moved to the sql_alchemy_conn option in [database] - the old setting has been used, but please update your config.
  SQL_ALCHEMY_CONN = conf.get("database", "SQL_ALCHEMY_CONN")

[2026-01-17T13:42:27.808+0000] {task_command.py:423} INFO - Running <TaskInstance: ModelDevelop.get_data scheduled__2026-01-15T08:00:00+00:00 [running]> on host 5330652dc216
[2026-01-17T13:42:27.865+0000] {taskinstance.py:2513} INFO - Exporting env vars: AIRFLOW_CTX_DAG_OWNER='***' AIRFLOW_CTX_DAG_ID='ModelDevelop' AIRFLOW_CTX_TASK_ID='get_data' AIRFLOW_CTX_EXECUTION_DATE='2026-01-15T08:00:00+00:00' AIRFLOW_CTX_TRY_NUMBER='1' AIRFLOW_CTX_DAG_RUN_ID='scheduled__2026-01-15T08:00:00+00:00'
[2026-01-17T13:42:27.875+0000] {python.py:202} INFO - Done. Returned value was: ./iris.csv
[2026-01-17T13:42:27.942+0000] {taskinstance.py:1149} INFO - Marking task as SUCCESS. dag_id=ModelDevelop, task_id=get_data, execution_date=20260115T080000, start_date=20260117T134227, end_date=20260117T134227
[2026-01-17T13:42:27.965+0000] {local_task_job_runner.py:234} INFO - Task exited with return code 0
[2026-01-17T13:42:28.000+0000] {taskinstance.py:3312} INFO - 1 downstream tasks scheduled from follow-on schedule check
