[2026-01-16T07:54:23.694+0000] {taskinstance.py:1979} INFO - Dependencies all met for dep_context=non-requeueable deps ti=<TaskInstance: ModelDevelop.get_data scheduled__2026-01-04T06:00:00+00:00 [queued]>
[2026-01-16T07:54:23.699+0000] {taskinstance.py:1979} INFO - Dependencies all met for dep_context=requeueable deps ti=<TaskInstance: ModelDevelop.get_data scheduled__2026-01-04T06:00:00+00:00 [queued]>
[2026-01-16T07:54:23.700+0000] {taskinstance.py:2193} INFO - Starting attempt 1 of 2
[2026-01-16T07:54:23.710+0000] {taskinstance.py:2217} INFO - Executing <Task(PythonOperator): get_data> on 2026-01-04 06:00:00+00:00
[2026-01-16T07:54:23.728+0000] {standard_task_runner.py:60} INFO - Started process 6979 to run task
[2026-01-16T07:54:23.731+0000] {standard_task_runner.py:87} INFO - Running: ['***', 'tasks', 'run', 'ModelDevelop', 'get_data', 'scheduled__2026-01-04T06:00:00+00:00', '--job-id', '104', '--raw', '--subdir', 'DAGS_FOLDER/example.py', '--cfg-path', '/tmp/tmpj0hs6wbt']
[2026-01-16T07:54:23.732+0000] {standard_task_runner.py:88} INFO - Job 104: Subtask get_data
[2026-01-16T07:54:23.743+0000] {warnings.py:109} WARNING - /home/***/.local/lib/python3.9/site-packages/***/settings.py:194: DeprecationWarning: The sql_alchemy_conn option in [core] has been moved to the sql_alchemy_conn option in [database] - the old setting has been used, but please update your config.
  SQL_ALCHEMY_CONN = conf.get("database", "SQL_ALCHEMY_CONN")

[2026-01-16T07:54:23.791+0000] {task_command.py:423} INFO - Running <TaskInstance: ModelDevelop.get_data scheduled__2026-01-04T06:00:00+00:00 [running]> on host 8a4f043652f0
[2026-01-16T07:54:23.863+0000] {taskinstance.py:2513} INFO - Exporting env vars: AIRFLOW_CTX_DAG_OWNER='***' AIRFLOW_CTX_DAG_ID='ModelDevelop' AIRFLOW_CTX_TASK_ID='get_data' AIRFLOW_CTX_EXECUTION_DATE='2026-01-04T06:00:00+00:00' AIRFLOW_CTX_TRY_NUMBER='1' AIRFLOW_CTX_DAG_RUN_ID='scheduled__2026-01-04T06:00:00+00:00'
[2026-01-16T07:54:23.874+0000] {python.py:202} INFO - Done. Returned value was: ./iris.csv
[2026-01-16T07:54:23.890+0000] {taskinstance.py:1149} INFO - Marking task as SUCCESS. dag_id=ModelDevelop, task_id=get_data, execution_date=20260104T060000, start_date=20260116T075423, end_date=20260116T075423
[2026-01-16T07:54:23.946+0000] {local_task_job_runner.py:234} INFO - Task exited with return code 0
[2026-01-16T07:54:24.038+0000] {taskinstance.py:3312} INFO - 0 downstream tasks scheduled from follow-on schedule check
[2026-01-17T13:18:00.529+0000] {taskinstance.py:1979} INFO - Dependencies all met for dep_context=non-requeueable deps ti=<TaskInstance: ModelDevelop.get_data scheduled__2026-01-04T06:00:00+00:00 [queued]>
[2026-01-17T13:18:00.544+0000] {taskinstance.py:1979} INFO - Dependencies all met for dep_context=requeueable deps ti=<TaskInstance: ModelDevelop.get_data scheduled__2026-01-04T06:00:00+00:00 [queued]>
[2026-01-17T13:18:00.544+0000] {taskinstance.py:2193} INFO - Starting attempt 1 of 2
[2026-01-17T13:18:00.584+0000] {taskinstance.py:2217} INFO - Executing <Task(PythonOperator): get_data> on 2026-01-04 06:00:00+00:00
[2026-01-17T13:18:00.600+0000] {standard_task_runner.py:60} INFO - Started process 6977 to run task
[2026-01-17T13:18:00.602+0000] {standard_task_runner.py:87} INFO - Running: ['***', 'tasks', 'run', 'ModelDevelop', 'get_data', 'scheduled__2026-01-04T06:00:00+00:00', '--job-id', '104', '--raw', '--subdir', 'DAGS_FOLDER/example.py', '--cfg-path', '/tmp/tmpq7p8ufuo']
[2026-01-17T13:18:00.603+0000] {standard_task_runner.py:88} INFO - Job 104: Subtask get_data
[2026-01-17T13:18:00.614+0000] {warnings.py:109} WARNING - /home/***/.local/lib/python3.9/site-packages/***/settings.py:194: DeprecationWarning: The sql_alchemy_conn option in [core] has been moved to the sql_alchemy_conn option in [database] - the old setting has been used, but please update your config.
  SQL_ALCHEMY_CONN = conf.get("database", "SQL_ALCHEMY_CONN")

[2026-01-17T13:18:00.642+0000] {task_command.py:423} INFO - Running <TaskInstance: ModelDevelop.get_data scheduled__2026-01-04T06:00:00+00:00 [running]> on host ed3184b6b543
[2026-01-17T13:18:00.738+0000] {taskinstance.py:2513} INFO - Exporting env vars: AIRFLOW_CTX_DAG_OWNER='***' AIRFLOW_CTX_DAG_ID='ModelDevelop' AIRFLOW_CTX_TASK_ID='get_data' AIRFLOW_CTX_EXECUTION_DATE='2026-01-04T06:00:00+00:00' AIRFLOW_CTX_TRY_NUMBER='1' AIRFLOW_CTX_DAG_RUN_ID='scheduled__2026-01-04T06:00:00+00:00'
[2026-01-17T13:18:00.747+0000] {python.py:202} INFO - Done. Returned value was: ./iris.csv
[2026-01-17T13:18:00.762+0000] {taskinstance.py:1149} INFO - Marking task as SUCCESS. dag_id=ModelDevelop, task_id=get_data, execution_date=20260104T060000, start_date=20260117T131800, end_date=20260117T131800
[2026-01-17T13:18:00.815+0000] {local_task_job_runner.py:234} INFO - Task exited with return code 0
[2026-01-17T13:18:00.833+0000] {taskinstance.py:3312} INFO - 1 downstream tasks scheduled from follow-on schedule check
[2026-01-17T13:39:22.216+0000] {taskinstance.py:1979} INFO - Dependencies all met for dep_context=non-requeueable deps ti=<TaskInstance: ModelDevelop.get_data scheduled__2026-01-04T06:00:00+00:00 [queued]>
[2026-01-17T13:39:22.221+0000] {taskinstance.py:1979} INFO - Dependencies all met for dep_context=requeueable deps ti=<TaskInstance: ModelDevelop.get_data scheduled__2026-01-04T06:00:00+00:00 [queued]>
[2026-01-17T13:39:22.221+0000] {taskinstance.py:2193} INFO - Starting attempt 1 of 2
[2026-01-17T13:39:22.236+0000] {taskinstance.py:2217} INFO - Executing <Task(PythonOperator): get_data> on 2026-01-04 06:00:00+00:00
[2026-01-17T13:39:22.245+0000] {standard_task_runner.py:60} INFO - Started process 6978 to run task
[2026-01-17T13:39:22.258+0000] {standard_task_runner.py:87} INFO - Running: ['***', 'tasks', 'run', 'ModelDevelop', 'get_data', 'scheduled__2026-01-04T06:00:00+00:00', '--job-id', '104', '--raw', '--subdir', 'DAGS_FOLDER/example.py', '--cfg-path', '/tmp/tmpexrgl73t']
[2026-01-17T13:39:22.259+0000] {standard_task_runner.py:88} INFO - Job 104: Subtask get_data
[2026-01-17T13:39:22.298+0000] {warnings.py:109} WARNING - /home/***/.local/lib/python3.9/site-packages/***/settings.py:194: DeprecationWarning: The sql_alchemy_conn option in [core] has been moved to the sql_alchemy_conn option in [database] - the old setting has been used, but please update your config.
  SQL_ALCHEMY_CONN = conf.get("database", "SQL_ALCHEMY_CONN")

[2026-01-17T13:39:22.326+0000] {task_command.py:423} INFO - Running <TaskInstance: ModelDevelop.get_data scheduled__2026-01-04T06:00:00+00:00 [running]> on host 5330652dc216
[2026-01-17T13:39:22.437+0000] {taskinstance.py:2513} INFO - Exporting env vars: AIRFLOW_CTX_DAG_OWNER='***' AIRFLOW_CTX_DAG_ID='ModelDevelop' AIRFLOW_CTX_TASK_ID='get_data' AIRFLOW_CTX_EXECUTION_DATE='2026-01-04T06:00:00+00:00' AIRFLOW_CTX_TRY_NUMBER='1' AIRFLOW_CTX_DAG_RUN_ID='scheduled__2026-01-04T06:00:00+00:00'
[2026-01-17T13:39:22.447+0000] {python.py:202} INFO - Done. Returned value was: ./iris.csv
[2026-01-17T13:39:22.467+0000] {taskinstance.py:1149} INFO - Marking task as SUCCESS. dag_id=ModelDevelop, task_id=get_data, execution_date=20260104T060000, start_date=20260117T133922, end_date=20260117T133922
[2026-01-17T13:39:22.511+0000] {local_task_job_runner.py:234} INFO - Task exited with return code 0
[2026-01-17T13:39:22.583+0000] {taskinstance.py:3312} INFO - 0 downstream tasks scheduled from follow-on schedule check
