[2026-01-16T07:54:00.429+0000] {taskinstance.py:1979} INFO - Dependencies all met for dep_context=non-requeueable deps ti=<TaskInstance: ModelDevelop.get_data scheduled__2026-01-03T00:00:00+00:00 [queued]>
[2026-01-16T07:54:00.440+0000] {taskinstance.py:1979} INFO - Dependencies all met for dep_context=requeueable deps ti=<TaskInstance: ModelDevelop.get_data scheduled__2026-01-03T00:00:00+00:00 [queued]>
[2026-01-16T07:54:00.440+0000] {taskinstance.py:2193} INFO - Starting attempt 1 of 2
[2026-01-16T07:54:00.452+0000] {taskinstance.py:2217} INFO - Executing <Task(PythonOperator): get_data> on 2026-01-03 00:00:00+00:00
[2026-01-16T07:54:00.460+0000] {standard_task_runner.py:60} INFO - Started process 2697 to run task
[2026-01-16T07:54:00.463+0000] {standard_task_runner.py:87} INFO - Running: ['***', 'tasks', 'run', 'ModelDevelop', 'get_data', 'scheduled__2026-01-03T00:00:00+00:00', '--job-id', '42', '--raw', '--subdir', 'DAGS_FOLDER/example.py', '--cfg-path', '/tmp/tmpquxau9sf']
[2026-01-16T07:54:00.464+0000] {standard_task_runner.py:88} INFO - Job 42: Subtask get_data
[2026-01-16T07:54:00.473+0000] {warnings.py:109} WARNING - /home/***/.local/lib/python3.9/site-packages/***/settings.py:194: DeprecationWarning: The sql_alchemy_conn option in [core] has been moved to the sql_alchemy_conn option in [database] - the old setting has been used, but please update your config.
  SQL_ALCHEMY_CONN = conf.get("database", "SQL_ALCHEMY_CONN")

[2026-01-16T07:54:00.499+0000] {task_command.py:423} INFO - Running <TaskInstance: ModelDevelop.get_data scheduled__2026-01-03T00:00:00+00:00 [running]> on host 8a4f043652f0
[2026-01-16T07:54:00.582+0000] {taskinstance.py:2513} INFO - Exporting env vars: AIRFLOW_CTX_DAG_OWNER='***' AIRFLOW_CTX_DAG_ID='ModelDevelop' AIRFLOW_CTX_TASK_ID='get_data' AIRFLOW_CTX_EXECUTION_DATE='2026-01-03T00:00:00+00:00' AIRFLOW_CTX_TRY_NUMBER='1' AIRFLOW_CTX_DAG_RUN_ID='scheduled__2026-01-03T00:00:00+00:00'
[2026-01-16T07:54:00.591+0000] {python.py:202} INFO - Done. Returned value was: ./iris.csv
[2026-01-16T07:54:00.641+0000] {taskinstance.py:1149} INFO - Marking task as SUCCESS. dag_id=ModelDevelop, task_id=get_data, execution_date=20260103T000000, start_date=20260116T075400, end_date=20260116T075400
[2026-01-16T07:54:00.675+0000] {local_task_job_runner.py:234} INFO - Task exited with return code 0
[2026-01-16T07:54:00.705+0000] {taskinstance.py:3312} INFO - 1 downstream tasks scheduled from follow-on schedule check
[2026-01-17T13:17:40.414+0000] {taskinstance.py:1979} INFO - Dependencies all met for dep_context=non-requeueable deps ti=<TaskInstance: ModelDevelop.get_data scheduled__2026-01-03T00:00:00+00:00 [queued]>
[2026-01-17T13:17:40.420+0000] {taskinstance.py:1979} INFO - Dependencies all met for dep_context=requeueable deps ti=<TaskInstance: ModelDevelop.get_data scheduled__2026-01-03T00:00:00+00:00 [queued]>
[2026-01-17T13:17:40.420+0000] {taskinstance.py:2193} INFO - Starting attempt 1 of 2
[2026-01-17T13:17:40.430+0000] {taskinstance.py:2217} INFO - Executing <Task(PythonOperator): get_data> on 2026-01-03 00:00:00+00:00
[2026-01-17T13:17:40.454+0000] {standard_task_runner.py:60} INFO - Started process 2761 to run task
[2026-01-17T13:17:40.457+0000] {standard_task_runner.py:87} INFO - Running: ['***', 'tasks', 'run', 'ModelDevelop', 'get_data', 'scheduled__2026-01-03T00:00:00+00:00', '--job-id', '42', '--raw', '--subdir', 'DAGS_FOLDER/example.py', '--cfg-path', '/tmp/tmpsr6cu18i']
[2026-01-17T13:17:40.459+0000] {standard_task_runner.py:88} INFO - Job 42: Subtask get_data
[2026-01-17T13:17:40.469+0000] {warnings.py:109} WARNING - /home/***/.local/lib/python3.9/site-packages/***/settings.py:194: DeprecationWarning: The sql_alchemy_conn option in [core] has been moved to the sql_alchemy_conn option in [database] - the old setting has been used, but please update your config.
  SQL_ALCHEMY_CONN = conf.get("database", "SQL_ALCHEMY_CONN")

[2026-01-17T13:17:40.497+0000] {task_command.py:423} INFO - Running <TaskInstance: ModelDevelop.get_data scheduled__2026-01-03T00:00:00+00:00 [running]> on host ed3184b6b543
[2026-01-17T13:17:40.594+0000] {taskinstance.py:2513} INFO - Exporting env vars: AIRFLOW_CTX_DAG_OWNER='***' AIRFLOW_CTX_DAG_ID='ModelDevelop' AIRFLOW_CTX_TASK_ID='get_data' AIRFLOW_CTX_EXECUTION_DATE='2026-01-03T00:00:00+00:00' AIRFLOW_CTX_TRY_NUMBER='1' AIRFLOW_CTX_DAG_RUN_ID='scheduled__2026-01-03T00:00:00+00:00'
[2026-01-17T13:17:40.606+0000] {python.py:202} INFO - Done. Returned value was: ./iris.csv
[2026-01-17T13:17:40.622+0000] {taskinstance.py:1149} INFO - Marking task as SUCCESS. dag_id=ModelDevelop, task_id=get_data, execution_date=20260103T000000, start_date=20260117T131740, end_date=20260117T131740
[2026-01-17T13:17:40.675+0000] {local_task_job_runner.py:234} INFO - Task exited with return code 0
[2026-01-17T13:17:40.712+0000] {taskinstance.py:3312} INFO - 1 downstream tasks scheduled from follow-on schedule check
[2026-01-17T13:38:59.254+0000] {taskinstance.py:1979} INFO - Dependencies all met for dep_context=non-requeueable deps ti=<TaskInstance: ModelDevelop.get_data scheduled__2026-01-03T00:00:00+00:00 [queued]>
[2026-01-17T13:38:59.259+0000] {taskinstance.py:1979} INFO - Dependencies all met for dep_context=requeueable deps ti=<TaskInstance: ModelDevelop.get_data scheduled__2026-01-03T00:00:00+00:00 [queued]>
[2026-01-17T13:38:59.259+0000] {taskinstance.py:2193} INFO - Starting attempt 1 of 2
[2026-01-17T13:38:59.269+0000] {taskinstance.py:2217} INFO - Executing <Task(PythonOperator): get_data> on 2026-01-03 00:00:00+00:00
[2026-01-17T13:38:59.276+0000] {standard_task_runner.py:60} INFO - Started process 2732 to run task
[2026-01-17T13:38:59.278+0000] {standard_task_runner.py:87} INFO - Running: ['***', 'tasks', 'run', 'ModelDevelop', 'get_data', 'scheduled__2026-01-03T00:00:00+00:00', '--job-id', '42', '--raw', '--subdir', 'DAGS_FOLDER/example.py', '--cfg-path', '/tmp/tmp00s09yky']
[2026-01-17T13:38:59.279+0000] {standard_task_runner.py:88} INFO - Job 42: Subtask get_data
[2026-01-17T13:38:59.290+0000] {warnings.py:109} WARNING - /home/***/.local/lib/python3.9/site-packages/***/settings.py:194: DeprecationWarning: The sql_alchemy_conn option in [core] has been moved to the sql_alchemy_conn option in [database] - the old setting has been used, but please update your config.
  SQL_ALCHEMY_CONN = conf.get("database", "SQL_ALCHEMY_CONN")

[2026-01-17T13:38:59.320+0000] {task_command.py:423} INFO - Running <TaskInstance: ModelDevelop.get_data scheduled__2026-01-03T00:00:00+00:00 [running]> on host 5330652dc216
[2026-01-17T13:38:59.431+0000] {taskinstance.py:2513} INFO - Exporting env vars: AIRFLOW_CTX_DAG_OWNER='***' AIRFLOW_CTX_DAG_ID='ModelDevelop' AIRFLOW_CTX_TASK_ID='get_data' AIRFLOW_CTX_EXECUTION_DATE='2026-01-03T00:00:00+00:00' AIRFLOW_CTX_TRY_NUMBER='1' AIRFLOW_CTX_DAG_RUN_ID='scheduled__2026-01-03T00:00:00+00:00'
[2026-01-17T13:38:59.441+0000] {python.py:202} INFO - Done. Returned value was: ./iris.csv
[2026-01-17T13:38:59.465+0000] {taskinstance.py:1149} INFO - Marking task as SUCCESS. dag_id=ModelDevelop, task_id=get_data, execution_date=20260103T000000, start_date=20260117T133859, end_date=20260117T133859
[2026-01-17T13:38:59.530+0000] {local_task_job_runner.py:234} INFO - Task exited with return code 0
[2026-01-17T13:38:59.546+0000] {taskinstance.py:3312} INFO - 1 downstream tasks scheduled from follow-on schedule check
