[2026-01-16T07:55:48.394+0000] {taskinstance.py:1979} INFO - Dependencies all met for dep_context=non-requeueable deps ti=<TaskInstance: ModelDevelop.get_data scheduled__2026-01-09T11:00:00+00:00 [queued]>
[2026-01-16T07:55:48.400+0000] {taskinstance.py:1979} INFO - Dependencies all met for dep_context=requeueable deps ti=<TaskInstance: ModelDevelop.get_data scheduled__2026-01-09T11:00:00+00:00 [queued]>
[2026-01-16T07:55:48.401+0000] {taskinstance.py:2193} INFO - Starting attempt 1 of 2
[2026-01-16T07:55:48.409+0000] {taskinstance.py:2217} INFO - Executing <Task(PythonOperator): get_data> on 2026-01-09 11:00:00+00:00
[2026-01-16T07:55:48.419+0000] {standard_task_runner.py:60} INFO - Started process 24028 to run task
[2026-01-16T07:55:48.433+0000] {standard_task_runner.py:87} INFO - Running: ['***', 'tasks', 'run', 'ModelDevelop', 'get_data', 'scheduled__2026-01-09T11:00:00+00:00', '--job-id', '358', '--raw', '--subdir', 'DAGS_FOLDER/example.py', '--cfg-path', '/tmp/tmpzqvxh3cq']
[2026-01-16T07:55:48.434+0000] {standard_task_runner.py:88} INFO - Job 358: Subtask get_data
[2026-01-16T07:55:48.444+0000] {warnings.py:109} WARNING - /home/***/.local/lib/python3.9/site-packages/***/settings.py:194: DeprecationWarning: The sql_alchemy_conn option in [core] has been moved to the sql_alchemy_conn option in [database] - the old setting has been used, but please update your config.
  SQL_ALCHEMY_CONN = conf.get("database", "SQL_ALCHEMY_CONN")

[2026-01-16T07:55:48.473+0000] {task_command.py:423} INFO - Running <TaskInstance: ModelDevelop.get_data scheduled__2026-01-09T11:00:00+00:00 [running]> on host 8a4f043652f0
[2026-01-16T07:55:48.543+0000] {taskinstance.py:2513} INFO - Exporting env vars: AIRFLOW_CTX_DAG_OWNER='***' AIRFLOW_CTX_DAG_ID='ModelDevelop' AIRFLOW_CTX_TASK_ID='get_data' AIRFLOW_CTX_EXECUTION_DATE='2026-01-09T11:00:00+00:00' AIRFLOW_CTX_TRY_NUMBER='1' AIRFLOW_CTX_DAG_RUN_ID='scheduled__2026-01-09T11:00:00+00:00'
[2026-01-16T07:55:48.552+0000] {python.py:202} INFO - Done. Returned value was: ./iris.csv
[2026-01-16T07:55:48.568+0000] {taskinstance.py:1149} INFO - Marking task as SUCCESS. dag_id=ModelDevelop, task_id=get_data, execution_date=20260109T110000, start_date=20260116T075548, end_date=20260116T075548
[2026-01-16T07:55:48.597+0000] {local_task_job_runner.py:234} INFO - Task exited with return code 0
[2026-01-16T07:55:48.628+0000] {taskinstance.py:3312} INFO - 1 downstream tasks scheduled from follow-on schedule check
[2026-01-17T13:19:29.801+0000] {taskinstance.py:1979} INFO - Dependencies all met for dep_context=non-requeueable deps ti=<TaskInstance: ModelDevelop.get_data scheduled__2026-01-09T11:00:00+00:00 [queued]>
[2026-01-17T13:19:29.806+0000] {taskinstance.py:1979} INFO - Dependencies all met for dep_context=requeueable deps ti=<TaskInstance: ModelDevelop.get_data scheduled__2026-01-09T11:00:00+00:00 [queued]>
[2026-01-17T13:19:29.806+0000] {taskinstance.py:2193} INFO - Starting attempt 1 of 2
[2026-01-17T13:19:29.814+0000] {taskinstance.py:2217} INFO - Executing <Task(PythonOperator): get_data> on 2026-01-09 11:00:00+00:00
[2026-01-17T13:19:29.821+0000] {standard_task_runner.py:60} INFO - Started process 24128 to run task
[2026-01-17T13:19:29.823+0000] {standard_task_runner.py:87} INFO - Running: ['***', 'tasks', 'run', 'ModelDevelop', 'get_data', 'scheduled__2026-01-09T11:00:00+00:00', '--job-id', '358', '--raw', '--subdir', 'DAGS_FOLDER/example.py', '--cfg-path', '/tmp/tmp2g65koda']
[2026-01-17T13:19:29.824+0000] {standard_task_runner.py:88} INFO - Job 358: Subtask get_data
[2026-01-17T13:19:29.833+0000] {warnings.py:109} WARNING - /home/***/.local/lib/python3.9/site-packages/***/settings.py:194: DeprecationWarning: The sql_alchemy_conn option in [core] has been moved to the sql_alchemy_conn option in [database] - the old setting has been used, but please update your config.
  SQL_ALCHEMY_CONN = conf.get("database", "SQL_ALCHEMY_CONN")

[2026-01-17T13:19:29.861+0000] {task_command.py:423} INFO - Running <TaskInstance: ModelDevelop.get_data scheduled__2026-01-09T11:00:00+00:00 [running]> on host ed3184b6b543
[2026-01-17T13:19:29.963+0000] {taskinstance.py:2513} INFO - Exporting env vars: AIRFLOW_CTX_DAG_OWNER='***' AIRFLOW_CTX_DAG_ID='ModelDevelop' AIRFLOW_CTX_TASK_ID='get_data' AIRFLOW_CTX_EXECUTION_DATE='2026-01-09T11:00:00+00:00' AIRFLOW_CTX_TRY_NUMBER='1' AIRFLOW_CTX_DAG_RUN_ID='scheduled__2026-01-09T11:00:00+00:00'
[2026-01-17T13:19:29.975+0000] {python.py:202} INFO - Done. Returned value was: ./iris.csv
[2026-01-17T13:19:29.992+0000] {taskinstance.py:1149} INFO - Marking task as SUCCESS. dag_id=ModelDevelop, task_id=get_data, execution_date=20260109T110000, start_date=20260117T131929, end_date=20260117T131929
[2026-01-17T13:19:30.035+0000] {local_task_job_runner.py:234} INFO - Task exited with return code 0
[2026-01-17T13:19:30.059+0000] {taskinstance.py:3312} INFO - 1 downstream tasks scheduled from follow-on schedule check
[2026-01-17T13:40:46.328+0000] {taskinstance.py:1979} INFO - Dependencies all met for dep_context=non-requeueable deps ti=<TaskInstance: ModelDevelop.get_data scheduled__2026-01-09T11:00:00+00:00 [queued]>
[2026-01-17T13:40:46.334+0000] {taskinstance.py:1979} INFO - Dependencies all met for dep_context=requeueable deps ti=<TaskInstance: ModelDevelop.get_data scheduled__2026-01-09T11:00:00+00:00 [queued]>
[2026-01-17T13:40:46.334+0000] {taskinstance.py:2193} INFO - Starting attempt 1 of 2
[2026-01-17T13:40:46.343+0000] {taskinstance.py:2217} INFO - Executing <Task(PythonOperator): get_data> on 2026-01-09 11:00:00+00:00
[2026-01-17T13:40:46.350+0000] {standard_task_runner.py:60} INFO - Started process 23029 to run task
[2026-01-17T13:40:46.353+0000] {standard_task_runner.py:87} INFO - Running: ['***', 'tasks', 'run', 'ModelDevelop', 'get_data', 'scheduled__2026-01-09T11:00:00+00:00', '--job-id', '347', '--raw', '--subdir', 'DAGS_FOLDER/example.py', '--cfg-path', '/tmp/tmpayu4f1q6']
[2026-01-17T13:40:46.353+0000] {standard_task_runner.py:88} INFO - Job 347: Subtask get_data
[2026-01-17T13:40:46.362+0000] {warnings.py:109} WARNING - /home/***/.local/lib/python3.9/site-packages/***/settings.py:194: DeprecationWarning: The sql_alchemy_conn option in [core] has been moved to the sql_alchemy_conn option in [database] - the old setting has been used, but please update your config.
  SQL_ALCHEMY_CONN = conf.get("database", "SQL_ALCHEMY_CONN")

[2026-01-17T13:40:46.387+0000] {task_command.py:423} INFO - Running <TaskInstance: ModelDevelop.get_data scheduled__2026-01-09T11:00:00+00:00 [running]> on host 5330652dc216
[2026-01-17T13:40:46.504+0000] {taskinstance.py:2513} INFO - Exporting env vars: AIRFLOW_CTX_DAG_OWNER='***' AIRFLOW_CTX_DAG_ID='ModelDevelop' AIRFLOW_CTX_TASK_ID='get_data' AIRFLOW_CTX_EXECUTION_DATE='2026-01-09T11:00:00+00:00' AIRFLOW_CTX_TRY_NUMBER='1' AIRFLOW_CTX_DAG_RUN_ID='scheduled__2026-01-09T11:00:00+00:00'
[2026-01-17T13:40:46.515+0000] {python.py:202} INFO - Done. Returned value was: ./iris.csv
[2026-01-17T13:40:46.542+0000] {taskinstance.py:1149} INFO - Marking task as SUCCESS. dag_id=ModelDevelop, task_id=get_data, execution_date=20260109T110000, start_date=20260117T134046, end_date=20260117T134046
[2026-01-17T13:40:46.565+0000] {local_task_job_runner.py:234} INFO - Task exited with return code 0
[2026-01-17T13:40:46.582+0000] {taskinstance.py:3312} INFO - 1 downstream tasks scheduled from follow-on schedule check
