[2026-01-16T07:56:08.486+0000] {taskinstance.py:1979} INFO - Dependencies all met for dep_context=non-requeueable deps ti=<TaskInstance: ModelDevelop.get_data scheduled__2026-01-10T16:00:00+00:00 [queued]>
[2026-01-16T07:56:08.491+0000] {taskinstance.py:1979} INFO - Dependencies all met for dep_context=requeueable deps ti=<TaskInstance: ModelDevelop.get_data scheduled__2026-01-10T16:00:00+00:00 [queued]>
[2026-01-16T07:56:08.491+0000] {taskinstance.py:2193} INFO - Starting attempt 1 of 2
[2026-01-16T07:56:08.547+0000] {taskinstance.py:2217} INFO - Executing <Task(PythonOperator): get_data> on 2026-01-10 16:00:00+00:00
[2026-01-16T07:56:08.557+0000] {standard_task_runner.py:60} INFO - Started process 28314 to run task
[2026-01-16T07:56:08.570+0000] {standard_task_runner.py:87} INFO - Running: ['***', 'tasks', 'run', 'ModelDevelop', 'get_data', 'scheduled__2026-01-10T16:00:00+00:00', '--job-id', '418', '--raw', '--subdir', 'DAGS_FOLDER/example.py', '--cfg-path', '/tmp/tmp7pr2mmk3']
[2026-01-16T07:56:08.571+0000] {standard_task_runner.py:88} INFO - Job 418: Subtask get_data
[2026-01-16T07:56:08.591+0000] {warnings.py:109} WARNING - /home/***/.local/lib/python3.9/site-packages/***/settings.py:194: DeprecationWarning: The sql_alchemy_conn option in [core] has been moved to the sql_alchemy_conn option in [database] - the old setting has been used, but please update your config.
  SQL_ALCHEMY_CONN = conf.get("database", "SQL_ALCHEMY_CONN")

[2026-01-16T07:56:08.648+0000] {task_command.py:423} INFO - Running <TaskInstance: ModelDevelop.get_data scheduled__2026-01-10T16:00:00+00:00 [running]> on host 8a4f043652f0
[2026-01-16T07:56:08.731+0000] {taskinstance.py:2513} INFO - Exporting env vars: AIRFLOW_CTX_DAG_OWNER='***' AIRFLOW_CTX_DAG_ID='ModelDevelop' AIRFLOW_CTX_TASK_ID='get_data' AIRFLOW_CTX_EXECUTION_DATE='2026-01-10T16:00:00+00:00' AIRFLOW_CTX_TRY_NUMBER='1' AIRFLOW_CTX_DAG_RUN_ID='scheduled__2026-01-10T16:00:00+00:00'
[2026-01-16T07:56:08.740+0000] {python.py:202} INFO - Done. Returned value was: ./iris.csv
[2026-01-16T07:56:08.809+0000] {taskinstance.py:1149} INFO - Marking task as SUCCESS. dag_id=ModelDevelop, task_id=get_data, execution_date=20260110T160000, start_date=20260116T075608, end_date=20260116T075608
[2026-01-16T07:56:08.864+0000] {local_task_job_runner.py:234} INFO - Task exited with return code 0
[2026-01-16T07:56:08.884+0000] {taskinstance.py:3312} INFO - 1 downstream tasks scheduled from follow-on schedule check
[2026-01-17T13:19:42.794+0000] {taskinstance.py:1979} INFO - Dependencies all met for dep_context=non-requeueable deps ti=<TaskInstance: ModelDevelop.get_data scheduled__2026-01-10T16:00:00+00:00 [queued]>
[2026-01-17T13:19:42.799+0000] {taskinstance.py:1979} INFO - Dependencies all met for dep_context=requeueable deps ti=<TaskInstance: ModelDevelop.get_data scheduled__2026-01-10T16:00:00+00:00 [queued]>
[2026-01-17T13:19:42.799+0000] {taskinstance.py:2193} INFO - Starting attempt 1 of 2
[2026-01-17T13:19:42.841+0000] {taskinstance.py:2217} INFO - Executing <Task(PythonOperator): get_data> on 2026-01-10 16:00:00+00:00
[2026-01-17T13:19:42.848+0000] {standard_task_runner.py:60} INFO - Started process 26781 to run task
[2026-01-17T13:19:42.854+0000] {standard_task_runner.py:87} INFO - Running: ['***', 'tasks', 'run', 'ModelDevelop', 'get_data', 'scheduled__2026-01-10T16:00:00+00:00', '--job-id', '403', '--raw', '--subdir', 'DAGS_FOLDER/example.py', '--cfg-path', '/tmp/tmp89ftsdty']
[2026-01-17T13:19:42.855+0000] {standard_task_runner.py:88} INFO - Job 403: Subtask get_data
[2026-01-17T13:19:42.902+0000] {warnings.py:109} WARNING - /home/***/.local/lib/python3.9/site-packages/***/settings.py:194: DeprecationWarning: The sql_alchemy_conn option in [core] has been moved to the sql_alchemy_conn option in [database] - the old setting has been used, but please update your config.
  SQL_ALCHEMY_CONN = conf.get("database", "SQL_ALCHEMY_CONN")

[2026-01-17T13:19:42.958+0000] {task_command.py:423} INFO - Running <TaskInstance: ModelDevelop.get_data scheduled__2026-01-10T16:00:00+00:00 [running]> on host ed3184b6b543
[2026-01-17T13:19:43.057+0000] {taskinstance.py:2513} INFO - Exporting env vars: AIRFLOW_CTX_DAG_OWNER='***' AIRFLOW_CTX_DAG_ID='ModelDevelop' AIRFLOW_CTX_TASK_ID='get_data' AIRFLOW_CTX_EXECUTION_DATE='2026-01-10T16:00:00+00:00' AIRFLOW_CTX_TRY_NUMBER='1' AIRFLOW_CTX_DAG_RUN_ID='scheduled__2026-01-10T16:00:00+00:00'
[2026-01-17T13:19:43.066+0000] {python.py:202} INFO - Done. Returned value was: ./iris.csv
[2026-01-17T13:19:43.083+0000] {taskinstance.py:1149} INFO - Marking task as SUCCESS. dag_id=ModelDevelop, task_id=get_data, execution_date=20260110T160000, start_date=20260117T131942, end_date=20260117T131943
[2026-01-17T13:19:43.143+0000] {local_task_job_runner.py:234} INFO - Task exited with return code 0
[2026-01-17T13:19:43.161+0000] {taskinstance.py:3312} INFO - 0 downstream tasks scheduled from follow-on schedule check
[2026-01-17T13:41:10.298+0000] {taskinstance.py:1979} INFO - Dependencies all met for dep_context=non-requeueable deps ti=<TaskInstance: ModelDevelop.get_data scheduled__2026-01-10T16:00:00+00:00 [queued]>
[2026-01-17T13:41:10.305+0000] {taskinstance.py:1979} INFO - Dependencies all met for dep_context=requeueable deps ti=<TaskInstance: ModelDevelop.get_data scheduled__2026-01-10T16:00:00+00:00 [queued]>
[2026-01-17T13:41:10.305+0000] {taskinstance.py:2193} INFO - Starting attempt 1 of 2
[2026-01-17T13:41:10.315+0000] {taskinstance.py:2217} INFO - Executing <Task(PythonOperator): get_data> on 2026-01-10 16:00:00+00:00
[2026-01-17T13:41:10.324+0000] {standard_task_runner.py:60} INFO - Started process 27156 to run task
[2026-01-17T13:41:10.327+0000] {standard_task_runner.py:87} INFO - Running: ['***', 'tasks', 'run', 'ModelDevelop', 'get_data', 'scheduled__2026-01-10T16:00:00+00:00', '--job-id', '408', '--raw', '--subdir', 'DAGS_FOLDER/example.py', '--cfg-path', '/tmp/tmp2lplg7h7']
[2026-01-17T13:41:10.328+0000] {standard_task_runner.py:88} INFO - Job 408: Subtask get_data
[2026-01-17T13:41:10.338+0000] {warnings.py:109} WARNING - /home/***/.local/lib/python3.9/site-packages/***/settings.py:194: DeprecationWarning: The sql_alchemy_conn option in [core] has been moved to the sql_alchemy_conn option in [database] - the old setting has been used, but please update your config.
  SQL_ALCHEMY_CONN = conf.get("database", "SQL_ALCHEMY_CONN")

[2026-01-17T13:41:10.410+0000] {task_command.py:423} INFO - Running <TaskInstance: ModelDevelop.get_data scheduled__2026-01-10T16:00:00+00:00 [running]> on host 5330652dc216
[2026-01-17T13:41:10.511+0000] {taskinstance.py:2513} INFO - Exporting env vars: AIRFLOW_CTX_DAG_OWNER='***' AIRFLOW_CTX_DAG_ID='ModelDevelop' AIRFLOW_CTX_TASK_ID='get_data' AIRFLOW_CTX_EXECUTION_DATE='2026-01-10T16:00:00+00:00' AIRFLOW_CTX_TRY_NUMBER='1' AIRFLOW_CTX_DAG_RUN_ID='scheduled__2026-01-10T16:00:00+00:00'
[2026-01-17T13:41:10.521+0000] {python.py:202} INFO - Done. Returned value was: ./iris.csv
[2026-01-17T13:41:10.540+0000] {taskinstance.py:1149} INFO - Marking task as SUCCESS. dag_id=ModelDevelop, task_id=get_data, execution_date=20260110T160000, start_date=20260117T134110, end_date=20260117T134110
[2026-01-17T13:41:10.579+0000] {local_task_job_runner.py:234} INFO - Task exited with return code 0
[2026-01-17T13:41:10.615+0000] {taskinstance.py:3312} INFO - 1 downstream tasks scheduled from follow-on schedule check
