[2026-01-02T01:27:24.821+0000] {taskinstance.py:1165} INFO - Dependencies all met for <TaskInstance: ModelDevelop.get_data scheduled__2026-01-02T01:14:00+00:00 [queued]>
[2026-01-02T01:27:24.827+0000] {taskinstance.py:1165} INFO - Dependencies all met for <TaskInstance: ModelDevelop.get_data scheduled__2026-01-02T01:14:00+00:00 [queued]>
[2026-01-02T01:27:24.827+0000] {taskinstance.py:1362} INFO - 
--------------------------------------------------------------------------------
[2026-01-02T01:27:24.827+0000] {taskinstance.py:1363} INFO - Starting attempt 1 of 2
[2026-01-02T01:27:24.827+0000] {taskinstance.py:1364} INFO - 
--------------------------------------------------------------------------------
[2026-01-02T01:27:24.834+0000] {taskinstance.py:1383} INFO - Executing <Task(PythonOperator): get_data> on 2026-01-02 01:14:00+00:00
[2026-01-02T01:27:24.837+0000] {standard_task_runner.py:54} INFO - Started process 172 to run task
[2026-01-02T01:27:24.840+0000] {standard_task_runner.py:82} INFO - Running: ['***', 'tasks', 'run', 'ModelDevelop', 'get_data', 'scheduled__2026-01-02T01:14:00+00:00', '--job-id', '33', '--raw', '--subdir', 'DAGS_FOLDER/psjung_dag.py', '--cfg-path', '/tmp/tmposde5rc6']
[2026-01-02T01:27:24.840+0000] {standard_task_runner.py:83} INFO - Job 33: Subtask get_data
[2026-01-02T01:27:24.840+0000] {dagbag.py:525} INFO - Filling up the DagBag from /opt/***/dags/psjung_dag.py
[2026-01-02T01:27:25.492+0000] {warnings.py:110} WARNING - /home/***/.local/lib/python3.7/site-packages/***/configuration.py:545: DeprecationWarning: The sql_alchemy_conn option in [core] has been moved to the sql_alchemy_conn option in [database] - the old setting has been used, but please update your config.
  option = self._get_environment_variables(deprecated_key, deprecated_section, key, section)

[2026-01-02T01:27:25.520+0000] {task_command.py:384} INFO - Running <TaskInstance: ModelDevelop.get_data scheduled__2026-01-02T01:14:00+00:00 [running]> on host da0f76555d1e
[2026-01-02T01:27:25.558+0000] {taskinstance.py:1592} INFO - Exporting the following env vars:
AIRFLOW_CTX_DAG_OWNER=***
AIRFLOW_CTX_DAG_ID=ModelDevelop
AIRFLOW_CTX_TASK_ID=get_data
AIRFLOW_CTX_EXECUTION_DATE=2026-01-02T01:14:00+00:00
AIRFLOW_CTX_TRY_NUMBER=1
AIRFLOW_CTX_DAG_RUN_ID=scheduled__2026-01-02T01:14:00+00:00
[2026-01-02T01:27:25.561+0000] {taskinstance.py:1851} ERROR - Task failed with exception
Traceback (most recent call last):
  File "/home/airflow/.local/lib/python3.7/site-packages/pandas/io/sql.py", line 2056, in execute
    cur.execute(*args, **kwargs)
psycopg2.errors.UndefinedTable: relation "iris_data" does not exist
LINE 1: SELECT * FROM iris_data ORDER BY id DESC LIMIT 10
                      ^


The above exception was the direct cause of the following exception:

Traceback (most recent call last):
  File "/home/airflow/.local/lib/python3.7/site-packages/airflow/operators/python.py", line 175, in execute
    return_value = self.execute_callable()
  File "/home/airflow/.local/lib/python3.7/site-packages/airflow/operators/python.py", line 193, in execute_callable
    return self.python_callable(*self.op_args, **self.op_kwargs)
  File "/opt/airflow/dags/psjung_dag.py", line 42, in get_data
    df = pd.read_sql("SELECT * FROM iris_data ORDER BY id DESC LIMIT 10", db_connect)
  File "/home/airflow/.local/lib/python3.7/site-packages/pandas/io/sql.py", line 608, in read_sql
    chunksize=chunksize,
  File "/home/airflow/.local/lib/python3.7/site-packages/pandas/io/sql.py", line 2116, in read_query
    cursor = self.execute(*args)
  File "/home/airflow/.local/lib/python3.7/site-packages/pandas/io/sql.py", line 2068, in execute
    raise ex from exc
pandas.io.sql.DatabaseError: Execution failed on sql 'SELECT * FROM iris_data ORDER BY id DESC LIMIT 10': relation "iris_data" does not exist
LINE 1: SELECT * FROM iris_data ORDER BY id DESC LIMIT 10
                      ^

[2026-01-02T01:27:25.566+0000] {taskinstance.py:1406} INFO - Marking task as UP_FOR_RETRY. dag_id=ModelDevelop, task_id=get_data, execution_date=20260102T011400, start_date=20260102T012724, end_date=20260102T012725
[2026-01-02T01:27:25.572+0000] {standard_task_runner.py:107} ERROR - Failed to execute job 33 for task get_data (Execution failed on sql 'SELECT * FROM iris_data ORDER BY id DESC LIMIT 10': relation "iris_data" does not exist
LINE 1: SELECT * FROM iris_data ORDER BY id DESC LIMIT 10
                      ^
; 172)
[2026-01-02T01:27:25.612+0000] {local_task_job.py:164} INFO - Task exited with return code 1
[2026-01-02T01:27:25.630+0000] {local_task_job.py:273} INFO - 0 downstream tasks scheduled from follow-on schedule check
[2026-01-02T02:09:53.175+0000] {taskinstance.py:1165} INFO - Dependencies all met for <TaskInstance: ModelDevelop.get_data scheduled__2026-01-02T01:14:00+00:00 [queued]>
[2026-01-02T02:09:53.182+0000] {taskinstance.py:1165} INFO - Dependencies all met for <TaskInstance: ModelDevelop.get_data scheduled__2026-01-02T01:14:00+00:00 [queued]>
[2026-01-02T02:09:53.182+0000] {taskinstance.py:1362} INFO - 
--------------------------------------------------------------------------------
[2026-01-02T02:09:53.182+0000] {taskinstance.py:1363} INFO - Starting attempt 1 of 2
[2026-01-02T02:09:53.182+0000] {taskinstance.py:1364} INFO - 
--------------------------------------------------------------------------------
[2026-01-02T02:09:53.191+0000] {taskinstance.py:1383} INFO - Executing <Task(PythonOperator): get_data> on 2026-01-02 01:14:00+00:00
[2026-01-02T02:09:53.195+0000] {standard_task_runner.py:54} INFO - Started process 123 to run task
[2026-01-02T02:09:53.197+0000] {standard_task_runner.py:82} INFO - Running: ['***', 'tasks', 'run', 'ModelDevelop', 'get_data', 'scheduled__2026-01-02T01:14:00+00:00', '--job-id', '16', '--raw', '--subdir', 'DAGS_FOLDER/psjung_dag.py', '--cfg-path', '/tmp/tmp2b4qmagx']
[2026-01-02T02:09:53.197+0000] {standard_task_runner.py:83} INFO - Job 16: Subtask get_data
[2026-01-02T02:09:53.198+0000] {dagbag.py:525} INFO - Filling up the DagBag from /opt/***/dags/psjung_dag.py
[2026-01-02T02:09:53.854+0000] {warnings.py:110} WARNING - /home/***/.local/lib/python3.7/site-packages/***/configuration.py:545: DeprecationWarning: The sql_alchemy_conn option in [core] has been moved to the sql_alchemy_conn option in [database] - the old setting has been used, but please update your config.
  option = self._get_environment_variables(deprecated_key, deprecated_section, key, section)

[2026-01-02T02:09:53.879+0000] {task_command.py:384} INFO - Running <TaskInstance: ModelDevelop.get_data scheduled__2026-01-02T01:14:00+00:00 [running]> on host 81eec80a5533
[2026-01-02T02:09:53.918+0000] {taskinstance.py:1592} INFO - Exporting the following env vars:
AIRFLOW_CTX_DAG_OWNER=***
AIRFLOW_CTX_DAG_ID=ModelDevelop
AIRFLOW_CTX_TASK_ID=get_data
AIRFLOW_CTX_EXECUTION_DATE=2026-01-02T01:14:00+00:00
AIRFLOW_CTX_TRY_NUMBER=1
AIRFLOW_CTX_DAG_RUN_ID=scheduled__2026-01-02T01:14:00+00:00
[2026-01-02T02:09:53.925+0000] {logging_mixin.py:117} INFO -    sepal_length  sepal_width  petal_length  petal_width  target
6           4.6          3.4           1.4          0.3       0
[2026-01-02T02:09:53.926+0000] {python.py:177} INFO - Done. Returned value was:    sepal_length  sepal_width  petal_length  petal_width  target
6           4.6          3.4           1.4          0.3       0
[2026-01-02T02:09:53.934+0000] {xcom.py:600} ERROR - Could not serialize the XCom value into JSON. If you are using pickle instead of JSON for XCom, then you need to enable pickle support for XCom in your *** config.
[2026-01-02T02:09:53.934+0000] {taskinstance.py:1851} ERROR - Task failed with exception
Traceback (most recent call last):
  File "/home/airflow/.local/lib/python3.7/site-packages/airflow/utils/session.py", line 72, in wrapper
    return func(*args, **kwargs)
  File "/home/airflow/.local/lib/python3.7/site-packages/airflow/models/taskinstance.py", line 2385, in xcom_push
    session=session,
  File "/home/airflow/.local/lib/python3.7/site-packages/airflow/utils/session.py", line 72, in wrapper
    return func(*args, **kwargs)
  File "/home/airflow/.local/lib/python3.7/site-packages/airflow/models/xcom.py", line 212, in set
    map_index=map_index,
  File "/home/airflow/.local/lib/python3.7/site-packages/airflow/models/xcom.py", line 597, in serialize_value
    return json.dumps(value).encode('UTF-8')
  File "/usr/local/lib/python3.7/json/__init__.py", line 231, in dumps
    return _default_encoder.encode(obj)
  File "/usr/local/lib/python3.7/json/encoder.py", line 199, in encode
    chunks = self.iterencode(o, _one_shot=True)
  File "/usr/local/lib/python3.7/json/encoder.py", line 257, in iterencode
    return _iterencode(o, 0)
  File "/usr/local/lib/python3.7/json/encoder.py", line 179, in default
    raise TypeError(f'Object of type {o.__class__.__name__} '
TypeError: Object of type DataFrame is not JSON serializable
[2026-01-02T02:09:53.939+0000] {taskinstance.py:1406} INFO - Marking task as UP_FOR_RETRY. dag_id=ModelDevelop, task_id=get_data, execution_date=20260102T011400, start_date=20260102T020953, end_date=20260102T020953
[2026-01-02T02:09:53.944+0000] {standard_task_runner.py:107} ERROR - Failed to execute job 16 for task get_data (Object of type DataFrame is not JSON serializable; 123)
[2026-01-02T02:09:53.970+0000] {local_task_job.py:164} INFO - Task exited with return code 1
[2026-01-02T02:09:53.986+0000] {local_task_job.py:273} INFO - 0 downstream tasks scheduled from follow-on schedule check
[2026-01-02T02:12:34.668+0000] {taskinstance.py:1165} INFO - Dependencies all met for <TaskInstance: ModelDevelop.get_data scheduled__2026-01-02T01:14:00+00:00 [queued]>
[2026-01-02T02:12:34.673+0000] {taskinstance.py:1165} INFO - Dependencies all met for <TaskInstance: ModelDevelop.get_data scheduled__2026-01-02T01:14:00+00:00 [queued]>
[2026-01-02T02:12:34.673+0000] {taskinstance.py:1362} INFO - 
--------------------------------------------------------------------------------
[2026-01-02T02:12:34.673+0000] {taskinstance.py:1363} INFO - Starting attempt 1 of 2
[2026-01-02T02:12:34.673+0000] {taskinstance.py:1364} INFO - 
--------------------------------------------------------------------------------
[2026-01-02T02:12:34.680+0000] {taskinstance.py:1383} INFO - Executing <Task(PythonOperator): get_data> on 2026-01-02 01:14:00+00:00
[2026-01-02T02:12:34.684+0000] {standard_task_runner.py:54} INFO - Started process 173 to run task
[2026-01-02T02:12:34.687+0000] {standard_task_runner.py:82} INFO - Running: ['***', 'tasks', 'run', 'ModelDevelop', 'get_data', 'scheduled__2026-01-02T01:14:00+00:00', '--job-id', '33', '--raw', '--subdir', 'DAGS_FOLDER/psjung_dag.py', '--cfg-path', '/tmp/tmpm0fy2wxs']
[2026-01-02T02:12:34.687+0000] {standard_task_runner.py:83} INFO - Job 33: Subtask get_data
[2026-01-02T02:12:34.688+0000] {dagbag.py:525} INFO - Filling up the DagBag from /opt/***/dags/psjung_dag.py
[2026-01-02T02:12:35.327+0000] {warnings.py:110} WARNING - /home/***/.local/lib/python3.7/site-packages/***/configuration.py:545: DeprecationWarning: The sql_alchemy_conn option in [core] has been moved to the sql_alchemy_conn option in [database] - the old setting has been used, but please update your config.
  option = self._get_environment_variables(deprecated_key, deprecated_section, key, section)

[2026-01-02T02:12:35.355+0000] {task_command.py:384} INFO - Running <TaskInstance: ModelDevelop.get_data scheduled__2026-01-02T01:14:00+00:00 [running]> on host 81eec80a5533
[2026-01-02T02:12:35.394+0000] {taskinstance.py:1592} INFO - Exporting the following env vars:
AIRFLOW_CTX_DAG_OWNER=***
AIRFLOW_CTX_DAG_ID=ModelDevelop
AIRFLOW_CTX_TASK_ID=get_data
AIRFLOW_CTX_EXECUTION_DATE=2026-01-02T01:14:00+00:00
AIRFLOW_CTX_TRY_NUMBER=1
AIRFLOW_CTX_DAG_RUN_ID=scheduled__2026-01-02T01:14:00+00:00
[2026-01-02T02:12:35.402+0000] {logging_mixin.py:117} INFO -     sepal_length  sepal_width  petal_length  petal_width  target
88           5.6          3.0           4.1          1.3       1
[2026-01-02T02:12:35.402+0000] {python.py:177} INFO - Done. Returned value was:     sepal_length  sepal_width  petal_length  petal_width  target
88           5.6          3.0           4.1          1.3       1
[2026-01-02T02:12:35.410+0000] {xcom.py:600} ERROR - Could not serialize the XCom value into JSON. If you are using pickle instead of JSON for XCom, then you need to enable pickle support for XCom in your *** config.
[2026-01-02T02:12:35.410+0000] {taskinstance.py:1851} ERROR - Task failed with exception
Traceback (most recent call last):
  File "/home/airflow/.local/lib/python3.7/site-packages/airflow/utils/session.py", line 72, in wrapper
    return func(*args, **kwargs)
  File "/home/airflow/.local/lib/python3.7/site-packages/airflow/models/taskinstance.py", line 2385, in xcom_push
    session=session,
  File "/home/airflow/.local/lib/python3.7/site-packages/airflow/utils/session.py", line 72, in wrapper
    return func(*args, **kwargs)
  File "/home/airflow/.local/lib/python3.7/site-packages/airflow/models/xcom.py", line 212, in set
    map_index=map_index,
  File "/home/airflow/.local/lib/python3.7/site-packages/airflow/models/xcom.py", line 597, in serialize_value
    return json.dumps(value).encode('UTF-8')
  File "/usr/local/lib/python3.7/json/__init__.py", line 231, in dumps
    return _default_encoder.encode(obj)
  File "/usr/local/lib/python3.7/json/encoder.py", line 199, in encode
    chunks = self.iterencode(o, _one_shot=True)
  File "/usr/local/lib/python3.7/json/encoder.py", line 257, in iterencode
    return _iterencode(o, 0)
  File "/usr/local/lib/python3.7/json/encoder.py", line 179, in default
    raise TypeError(f'Object of type {o.__class__.__name__} '
TypeError: Object of type DataFrame is not JSON serializable
[2026-01-02T02:12:35.415+0000] {taskinstance.py:1406} INFO - Marking task as UP_FOR_RETRY. dag_id=ModelDevelop, task_id=get_data, execution_date=20260102T011400, start_date=20260102T021234, end_date=20260102T021235
[2026-01-02T02:12:35.421+0000] {standard_task_runner.py:107} ERROR - Failed to execute job 33 for task get_data (Object of type DataFrame is not JSON serializable; 173)
[2026-01-02T02:12:35.459+0000] {local_task_job.py:164} INFO - Task exited with return code 1
[2026-01-02T02:12:35.481+0000] {local_task_job.py:273} INFO - 0 downstream tasks scheduled from follow-on schedule check
[2026-01-02T02:14:06.763+0000] {taskinstance.py:1165} INFO - Dependencies all met for <TaskInstance: ModelDevelop.get_data scheduled__2026-01-02T01:14:00+00:00 [queued]>
[2026-01-02T02:14:06.769+0000] {taskinstance.py:1165} INFO - Dependencies all met for <TaskInstance: ModelDevelop.get_data scheduled__2026-01-02T01:14:00+00:00 [queued]>
[2026-01-02T02:14:06.769+0000] {taskinstance.py:1362} INFO - 
--------------------------------------------------------------------------------
[2026-01-02T02:14:06.769+0000] {taskinstance.py:1363} INFO - Starting attempt 1 of 2
[2026-01-02T02:14:06.769+0000] {taskinstance.py:1364} INFO - 
--------------------------------------------------------------------------------
[2026-01-02T02:14:06.776+0000] {taskinstance.py:1383} INFO - Executing <Task(PythonOperator): get_data> on 2026-01-02 01:14:00+00:00
[2026-01-02T02:14:06.780+0000] {standard_task_runner.py:54} INFO - Started process 218 to run task
[2026-01-02T02:14:06.782+0000] {standard_task_runner.py:82} INFO - Running: ['***', 'tasks', 'run', 'ModelDevelop', 'get_data', 'scheduled__2026-01-02T01:14:00+00:00', '--job-id', '48', '--raw', '--subdir', 'DAGS_FOLDER/psjung_dag.py', '--cfg-path', '/tmp/tmpwjv4ldh2']
[2026-01-02T02:14:06.782+0000] {standard_task_runner.py:83} INFO - Job 48: Subtask get_data
[2026-01-02T02:14:06.782+0000] {dagbag.py:525} INFO - Filling up the DagBag from /opt/***/dags/psjung_dag.py
[2026-01-02T02:14:07.419+0000] {warnings.py:110} WARNING - /home/***/.local/lib/python3.7/site-packages/***/configuration.py:545: DeprecationWarning: The sql_alchemy_conn option in [core] has been moved to the sql_alchemy_conn option in [database] - the old setting has been used, but please update your config.
  option = self._get_environment_variables(deprecated_key, deprecated_section, key, section)

[2026-01-02T02:14:07.447+0000] {task_command.py:384} INFO - Running <TaskInstance: ModelDevelop.get_data scheduled__2026-01-02T01:14:00+00:00 [running]> on host 81eec80a5533
[2026-01-02T02:14:07.487+0000] {taskinstance.py:1592} INFO - Exporting the following env vars:
AIRFLOW_CTX_DAG_OWNER=***
AIRFLOW_CTX_DAG_ID=ModelDevelop
AIRFLOW_CTX_TASK_ID=get_data
AIRFLOW_CTX_EXECUTION_DATE=2026-01-02T01:14:00+00:00
AIRFLOW_CTX_TRY_NUMBER=1
AIRFLOW_CTX_DAG_RUN_ID=scheduled__2026-01-02T01:14:00+00:00
[2026-01-02T02:14:07.494+0000] {logging_mixin.py:117} INFO -     sepal_length  sepal_width  petal_length  petal_width  target
33           5.5          4.2           1.4          0.2       0
[2026-01-02T02:14:07.494+0000] {python.py:177} INFO - Done. Returned value was:     sepal_length  sepal_width  petal_length  petal_width  target
33           5.5          4.2           1.4          0.2       0
[2026-01-02T02:14:07.502+0000] {xcom.py:600} ERROR - Could not serialize the XCom value into JSON. If you are using pickle instead of JSON for XCom, then you need to enable pickle support for XCom in your *** config.
[2026-01-02T02:14:07.502+0000] {taskinstance.py:1851} ERROR - Task failed with exception
Traceback (most recent call last):
  File "/home/airflow/.local/lib/python3.7/site-packages/airflow/utils/session.py", line 72, in wrapper
    return func(*args, **kwargs)
  File "/home/airflow/.local/lib/python3.7/site-packages/airflow/models/taskinstance.py", line 2385, in xcom_push
    session=session,
  File "/home/airflow/.local/lib/python3.7/site-packages/airflow/utils/session.py", line 72, in wrapper
    return func(*args, **kwargs)
  File "/home/airflow/.local/lib/python3.7/site-packages/airflow/models/xcom.py", line 212, in set
    map_index=map_index,
  File "/home/airflow/.local/lib/python3.7/site-packages/airflow/models/xcom.py", line 597, in serialize_value
    return json.dumps(value).encode('UTF-8')
  File "/usr/local/lib/python3.7/json/__init__.py", line 231, in dumps
    return _default_encoder.encode(obj)
  File "/usr/local/lib/python3.7/json/encoder.py", line 199, in encode
    chunks = self.iterencode(o, _one_shot=True)
  File "/usr/local/lib/python3.7/json/encoder.py", line 257, in iterencode
    return _iterencode(o, 0)
  File "/usr/local/lib/python3.7/json/encoder.py", line 179, in default
    raise TypeError(f'Object of type {o.__class__.__name__} '
TypeError: Object of type DataFrame is not JSON serializable
[2026-01-02T02:14:07.508+0000] {taskinstance.py:1406} INFO - Marking task as UP_FOR_RETRY. dag_id=ModelDevelop, task_id=get_data, execution_date=20260102T011400, start_date=20260102T021406, end_date=20260102T021407
[2026-01-02T02:14:07.513+0000] {standard_task_runner.py:107} ERROR - Failed to execute job 48 for task get_data (Object of type DataFrame is not JSON serializable; 218)
[2026-01-02T02:14:07.554+0000] {local_task_job.py:164} INFO - Task exited with return code 1
[2026-01-02T02:14:07.584+0000] {local_task_job.py:273} INFO - 0 downstream tasks scheduled from follow-on schedule check
