[2026-01-16T07:56:19.052+0000] {taskinstance.py:1979} INFO - Dependencies all met for dep_context=non-requeueable deps ti=<TaskInstance: ModelDevelop.get_data scheduled__2026-01-11T21:00:00+00:00 [queued]>
[2026-01-16T07:56:19.058+0000] {taskinstance.py:1979} INFO - Dependencies all met for dep_context=requeueable deps ti=<TaskInstance: ModelDevelop.get_data scheduled__2026-01-11T21:00:00+00:00 [queued]>
[2026-01-16T07:56:19.058+0000] {taskinstance.py:2193} INFO - Starting attempt 1 of 2
[2026-01-16T07:56:19.070+0000] {taskinstance.py:2217} INFO - Executing <Task(PythonOperator): get_data> on 2026-01-11 21:00:00+00:00
[2026-01-16T07:56:19.083+0000] {standard_task_runner.py:60} INFO - Started process 30868 to run task
[2026-01-16T07:56:19.086+0000] {standard_task_runner.py:87} INFO - Running: ['***', 'tasks', 'run', 'ModelDevelop', 'get_data', 'scheduled__2026-01-11T21:00:00+00:00', '--job-id', '463', '--raw', '--subdir', 'DAGS_FOLDER/example.py', '--cfg-path', '/tmp/tmp_qkcfwqm']
[2026-01-16T07:56:19.087+0000] {standard_task_runner.py:88} INFO - Job 463: Subtask get_data
[2026-01-16T07:56:19.122+0000] {warnings.py:109} WARNING - /home/***/.local/lib/python3.9/site-packages/***/settings.py:194: DeprecationWarning: The sql_alchemy_conn option in [core] has been moved to the sql_alchemy_conn option in [database] - the old setting has been used, but please update your config.
  SQL_ALCHEMY_CONN = conf.get("database", "SQL_ALCHEMY_CONN")

[2026-01-16T07:56:19.160+0000] {task_command.py:423} INFO - Running <TaskInstance: ModelDevelop.get_data scheduled__2026-01-11T21:00:00+00:00 [running]> on host 8a4f043652f0
[2026-01-16T07:56:19.214+0000] {taskinstance.py:2513} INFO - Exporting env vars: AIRFLOW_CTX_DAG_OWNER='***' AIRFLOW_CTX_DAG_ID='ModelDevelop' AIRFLOW_CTX_TASK_ID='get_data' AIRFLOW_CTX_EXECUTION_DATE='2026-01-11T21:00:00+00:00' AIRFLOW_CTX_TRY_NUMBER='1' AIRFLOW_CTX_DAG_RUN_ID='scheduled__2026-01-11T21:00:00+00:00'
[2026-01-16T07:56:19.222+0000] {python.py:202} INFO - Done. Returned value was: ./iris.csv
[2026-01-16T07:56:19.239+0000] {taskinstance.py:1149} INFO - Marking task as SUCCESS. dag_id=ModelDevelop, task_id=get_data, execution_date=20260111T210000, start_date=20260116T075619, end_date=20260116T075619
[2026-01-16T07:56:19.312+0000] {local_task_job_runner.py:234} INFO - Task exited with return code 0
[2026-01-16T07:56:19.339+0000] {taskinstance.py:3312} INFO - 1 downstream tasks scheduled from follow-on schedule check
[2026-01-17T13:20:01.494+0000] {taskinstance.py:1979} INFO - Dependencies all met for dep_context=non-requeueable deps ti=<TaskInstance: ModelDevelop.get_data scheduled__2026-01-11T21:00:00+00:00 [queued]>
[2026-01-17T13:20:01.501+0000] {taskinstance.py:1979} INFO - Dependencies all met for dep_context=requeueable deps ti=<TaskInstance: ModelDevelop.get_data scheduled__2026-01-11T21:00:00+00:00 [queued]>
[2026-01-17T13:20:01.501+0000] {taskinstance.py:2193} INFO - Starting attempt 1 of 2
[2026-01-17T13:20:01.514+0000] {taskinstance.py:2217} INFO - Executing <Task(PythonOperator): get_data> on 2026-01-11 21:00:00+00:00
[2026-01-17T13:20:01.523+0000] {standard_task_runner.py:60} INFO - Started process 30934 to run task
[2026-01-17T13:20:01.525+0000] {standard_task_runner.py:87} INFO - Running: ['***', 'tasks', 'run', 'ModelDevelop', 'get_data', 'scheduled__2026-01-11T21:00:00+00:00', '--job-id', '463', '--raw', '--subdir', 'DAGS_FOLDER/example.py', '--cfg-path', '/tmp/tmpjhorphqy']
[2026-01-17T13:20:01.526+0000] {standard_task_runner.py:88} INFO - Job 463: Subtask get_data
[2026-01-17T13:20:01.535+0000] {warnings.py:109} WARNING - /home/***/.local/lib/python3.9/site-packages/***/settings.py:194: DeprecationWarning: The sql_alchemy_conn option in [core] has been moved to the sql_alchemy_conn option in [database] - the old setting has been used, but please update your config.
  SQL_ALCHEMY_CONN = conf.get("database", "SQL_ALCHEMY_CONN")

[2026-01-17T13:20:01.560+0000] {task_command.py:423} INFO - Running <TaskInstance: ModelDevelop.get_data scheduled__2026-01-11T21:00:00+00:00 [running]> on host ed3184b6b543
[2026-01-17T13:20:01.612+0000] {taskinstance.py:2513} INFO - Exporting env vars: AIRFLOW_CTX_DAG_OWNER='***' AIRFLOW_CTX_DAG_ID='ModelDevelop' AIRFLOW_CTX_TASK_ID='get_data' AIRFLOW_CTX_EXECUTION_DATE='2026-01-11T21:00:00+00:00' AIRFLOW_CTX_TRY_NUMBER='1' AIRFLOW_CTX_DAG_RUN_ID='scheduled__2026-01-11T21:00:00+00:00'
[2026-01-17T13:20:01.622+0000] {python.py:202} INFO - Done. Returned value was: ./iris.csv
[2026-01-17T13:20:01.636+0000] {taskinstance.py:1149} INFO - Marking task as SUCCESS. dag_id=ModelDevelop, task_id=get_data, execution_date=20260111T210000, start_date=20260117T132001, end_date=20260117T132001
[2026-01-17T13:20:01.658+0000] {local_task_job_runner.py:234} INFO - Task exited with return code 0
[2026-01-17T13:20:01.677+0000] {taskinstance.py:3312} INFO - 1 downstream tasks scheduled from follow-on schedule check
[2026-01-17T13:41:32.534+0000] {taskinstance.py:1979} INFO - Dependencies all met for dep_context=non-requeueable deps ti=<TaskInstance: ModelDevelop.get_data scheduled__2026-01-11T21:00:00+00:00 [queued]>
[2026-01-17T13:41:32.543+0000] {taskinstance.py:1979} INFO - Dependencies all met for dep_context=requeueable deps ti=<TaskInstance: ModelDevelop.get_data scheduled__2026-01-11T21:00:00+00:00 [queued]>
[2026-01-17T13:41:32.543+0000] {taskinstance.py:2193} INFO - Starting attempt 1 of 2
[2026-01-17T13:41:32.554+0000] {taskinstance.py:2217} INFO - Executing <Task(PythonOperator): get_data> on 2026-01-11 21:00:00+00:00
[2026-01-17T13:41:32.563+0000] {standard_task_runner.py:60} INFO - Started process 31437 to run task
[2026-01-17T13:41:32.566+0000] {standard_task_runner.py:87} INFO - Running: ['***', 'tasks', 'run', 'ModelDevelop', 'get_data', 'scheduled__2026-01-11T21:00:00+00:00', '--job-id', '470', '--raw', '--subdir', 'DAGS_FOLDER/example.py', '--cfg-path', '/tmp/tmp1dzr2460']
[2026-01-17T13:41:32.567+0000] {standard_task_runner.py:88} INFO - Job 470: Subtask get_data
[2026-01-17T13:41:32.575+0000] {warnings.py:109} WARNING - /home/***/.local/lib/python3.9/site-packages/***/settings.py:194: DeprecationWarning: The sql_alchemy_conn option in [core] has been moved to the sql_alchemy_conn option in [database] - the old setting has been used, but please update your config.
  SQL_ALCHEMY_CONN = conf.get("database", "SQL_ALCHEMY_CONN")

[2026-01-17T13:41:32.604+0000] {task_command.py:423} INFO - Running <TaskInstance: ModelDevelop.get_data scheduled__2026-01-11T21:00:00+00:00 [running]> on host 5330652dc216
[2026-01-17T13:41:32.662+0000] {taskinstance.py:2513} INFO - Exporting env vars: AIRFLOW_CTX_DAG_OWNER='***' AIRFLOW_CTX_DAG_ID='ModelDevelop' AIRFLOW_CTX_TASK_ID='get_data' AIRFLOW_CTX_EXECUTION_DATE='2026-01-11T21:00:00+00:00' AIRFLOW_CTX_TRY_NUMBER='1' AIRFLOW_CTX_DAG_RUN_ID='scheduled__2026-01-11T21:00:00+00:00'
[2026-01-17T13:41:32.670+0000] {python.py:202} INFO - Done. Returned value was: ./iris.csv
[2026-01-17T13:41:32.686+0000] {taskinstance.py:1149} INFO - Marking task as SUCCESS. dag_id=ModelDevelop, task_id=get_data, execution_date=20260111T210000, start_date=20260117T134132, end_date=20260117T134132
[2026-01-17T13:41:32.737+0000] {local_task_job_runner.py:234} INFO - Task exited with return code 0
[2026-01-17T13:41:32.755+0000] {taskinstance.py:3312} INFO - 1 downstream tasks scheduled from follow-on schedule check
