[2026-01-02T00:59:54.266+0000] {processor.py:156} INFO - Started process (PID=62) to work on /opt/airflow/dags/steps_example_dag/psjung_dag.py
[2026-01-02T00:59:54.266+0000] {processor.py:758} INFO - Processing file /opt/airflow/dags/steps_example_dag/psjung_dag.py for tasks to queue
[2026-01-02T00:59:54.267+0000] {logging_mixin.py:117} INFO - [2026-01-02T00:59:54.267+0000] {dagbag.py:525} INFO - Filling up the DagBag from /opt/airflow/dags/steps_example_dag/psjung_dag.py
[2026-01-02T00:59:54.269+0000] {logging_mixin.py:117} INFO - [2026-01-02T00:59:54.268+0000] {dagbag.py:330} ERROR - Failed to import: /opt/airflow/dags/steps_example_dag/psjung_dag.py
Traceback (most recent call last):
  File "/home/airflow/.local/lib/python3.7/site-packages/airflow/models/dagbag.py", line 326, in parse
    loader.exec_module(new_module)
  File "<frozen importlib._bootstrap_external>", line 728, in exec_module
  File "<frozen importlib._bootstrap>", line 219, in _call_with_frames_removed
  File "/opt/airflow/dags/steps_example_dag/psjung_dag.py", line 3, in <module>
    import mlflow
ModuleNotFoundError: No module named 'mlflow'
[2026-01-02T00:59:54.269+0000] {processor.py:770} WARNING - No viable dags retrieved from /opt/airflow/dags/steps_example_dag/psjung_dag.py
[2026-01-02T00:59:54.285+0000] {processor.py:178} INFO - Processing /opt/airflow/dags/steps_example_dag/psjung_dag.py took 0.021 seconds
[2026-01-02T01:00:24.441+0000] {processor.py:156} INFO - Started process (PID=65) to work on /opt/airflow/dags/steps_example_dag/psjung_dag.py
[2026-01-02T01:00:24.442+0000] {processor.py:758} INFO - Processing file /opt/airflow/dags/steps_example_dag/psjung_dag.py for tasks to queue
[2026-01-02T01:00:24.442+0000] {logging_mixin.py:117} INFO - [2026-01-02T01:00:24.442+0000] {dagbag.py:525} INFO - Filling up the DagBag from /opt/airflow/dags/steps_example_dag/psjung_dag.py
[2026-01-02T01:00:24.444+0000] {logging_mixin.py:117} INFO - [2026-01-02T01:00:24.444+0000] {dagbag.py:330} ERROR - Failed to import: /opt/airflow/dags/steps_example_dag/psjung_dag.py
Traceback (most recent call last):
  File "/home/airflow/.local/lib/python3.7/site-packages/airflow/models/dagbag.py", line 326, in parse
    loader.exec_module(new_module)
  File "<frozen importlib._bootstrap_external>", line 728, in exec_module
  File "<frozen importlib._bootstrap>", line 219, in _call_with_frames_removed
  File "/opt/airflow/dags/steps_example_dag/psjung_dag.py", line 3, in <module>
    import mlflow
ModuleNotFoundError: No module named 'mlflow'
[2026-01-02T01:00:24.444+0000] {processor.py:770} WARNING - No viable dags retrieved from /opt/airflow/dags/steps_example_dag/psjung_dag.py
[2026-01-02T01:00:24.456+0000] {processor.py:178} INFO - Processing /opt/airflow/dags/steps_example_dag/psjung_dag.py took 0.017 seconds
[2026-01-02T01:00:54.620+0000] {processor.py:156} INFO - Started process (PID=68) to work on /opt/airflow/dags/steps_example_dag/psjung_dag.py
[2026-01-02T01:00:54.621+0000] {processor.py:758} INFO - Processing file /opt/airflow/dags/steps_example_dag/psjung_dag.py for tasks to queue
[2026-01-02T01:00:54.621+0000] {logging_mixin.py:117} INFO - [2026-01-02T01:00:54.621+0000] {dagbag.py:525} INFO - Filling up the DagBag from /opt/airflow/dags/steps_example_dag/psjung_dag.py
[2026-01-02T01:00:54.623+0000] {logging_mixin.py:117} INFO - [2026-01-02T01:00:54.623+0000] {dagbag.py:330} ERROR - Failed to import: /opt/airflow/dags/steps_example_dag/psjung_dag.py
Traceback (most recent call last):
  File "/home/airflow/.local/lib/python3.7/site-packages/airflow/models/dagbag.py", line 326, in parse
    loader.exec_module(new_module)
  File "<frozen importlib._bootstrap_external>", line 728, in exec_module
  File "<frozen importlib._bootstrap>", line 219, in _call_with_frames_removed
  File "/opt/airflow/dags/steps_example_dag/psjung_dag.py", line 3, in <module>
    import mlflow
ModuleNotFoundError: No module named 'mlflow'
[2026-01-02T01:00:54.623+0000] {processor.py:770} WARNING - No viable dags retrieved from /opt/airflow/dags/steps_example_dag/psjung_dag.py
[2026-01-02T01:00:54.635+0000] {processor.py:178} INFO - Processing /opt/airflow/dags/steps_example_dag/psjung_dag.py took 0.017 seconds
[2026-01-02T01:01:24.790+0000] {processor.py:156} INFO - Started process (PID=71) to work on /opt/airflow/dags/steps_example_dag/psjung_dag.py
[2026-01-02T01:01:24.791+0000] {processor.py:758} INFO - Processing file /opt/airflow/dags/steps_example_dag/psjung_dag.py for tasks to queue
[2026-01-02T01:01:24.791+0000] {logging_mixin.py:117} INFO - [2026-01-02T01:01:24.791+0000] {dagbag.py:525} INFO - Filling up the DagBag from /opt/airflow/dags/steps_example_dag/psjung_dag.py
[2026-01-02T01:01:24.793+0000] {logging_mixin.py:117} INFO - [2026-01-02T01:01:24.793+0000] {dagbag.py:330} ERROR - Failed to import: /opt/airflow/dags/steps_example_dag/psjung_dag.py
Traceback (most recent call last):
  File "/home/airflow/.local/lib/python3.7/site-packages/airflow/models/dagbag.py", line 326, in parse
    loader.exec_module(new_module)
  File "<frozen importlib._bootstrap_external>", line 728, in exec_module
  File "<frozen importlib._bootstrap>", line 219, in _call_with_frames_removed
  File "/opt/airflow/dags/steps_example_dag/psjung_dag.py", line 3, in <module>
    import mlflow
ModuleNotFoundError: No module named 'mlflow'
[2026-01-02T01:01:24.793+0000] {processor.py:770} WARNING - No viable dags retrieved from /opt/airflow/dags/steps_example_dag/psjung_dag.py
[2026-01-02T01:01:24.805+0000] {processor.py:178} INFO - Processing /opt/airflow/dags/steps_example_dag/psjung_dag.py took 0.017 seconds
[2026-01-02T01:01:54.941+0000] {processor.py:156} INFO - Started process (PID=74) to work on /opt/airflow/dags/steps_example_dag/psjung_dag.py
[2026-01-02T01:01:54.942+0000] {processor.py:758} INFO - Processing file /opt/airflow/dags/steps_example_dag/psjung_dag.py for tasks to queue
[2026-01-02T01:01:54.942+0000] {logging_mixin.py:117} INFO - [2026-01-02T01:01:54.942+0000] {dagbag.py:525} INFO - Filling up the DagBag from /opt/airflow/dags/steps_example_dag/psjung_dag.py
[2026-01-02T01:01:54.944+0000] {logging_mixin.py:117} INFO - [2026-01-02T01:01:54.943+0000] {dagbag.py:330} ERROR - Failed to import: /opt/airflow/dags/steps_example_dag/psjung_dag.py
Traceback (most recent call last):
  File "/home/airflow/.local/lib/python3.7/site-packages/airflow/models/dagbag.py", line 326, in parse
    loader.exec_module(new_module)
  File "<frozen importlib._bootstrap_external>", line 728, in exec_module
  File "<frozen importlib._bootstrap>", line 219, in _call_with_frames_removed
  File "/opt/airflow/dags/steps_example_dag/psjung_dag.py", line 3, in <module>
    import mlflow
ModuleNotFoundError: No module named 'mlflow'
[2026-01-02T01:01:54.945+0000] {processor.py:770} WARNING - No viable dags retrieved from /opt/airflow/dags/steps_example_dag/psjung_dag.py
[2026-01-02T01:01:54.956+0000] {processor.py:178} INFO - Processing /opt/airflow/dags/steps_example_dag/psjung_dag.py took 0.018 seconds
[2026-01-02T01:02:22.637+0000] {processor.py:156} INFO - Started process (PID=62) to work on /opt/airflow/dags/steps_example_dag/psjung_dag.py
[2026-01-02T01:02:22.637+0000] {processor.py:758} INFO - Processing file /opt/airflow/dags/steps_example_dag/psjung_dag.py for tasks to queue
[2026-01-02T01:02:22.638+0000] {logging_mixin.py:117} INFO - [2026-01-02T01:02:22.638+0000] {dagbag.py:525} INFO - Filling up the DagBag from /opt/airflow/dags/steps_example_dag/psjung_dag.py
[2026-01-02T01:02:22.639+0000] {logging_mixin.py:117} INFO - [2026-01-02T01:02:22.639+0000] {dagbag.py:330} ERROR - Failed to import: /opt/airflow/dags/steps_example_dag/psjung_dag.py
Traceback (most recent call last):
  File "/home/airflow/.local/lib/python3.7/site-packages/airflow/models/dagbag.py", line 326, in parse
    loader.exec_module(new_module)
  File "<frozen importlib._bootstrap_external>", line 728, in exec_module
  File "<frozen importlib._bootstrap>", line 219, in _call_with_frames_removed
  File "/opt/airflow/dags/steps_example_dag/psjung_dag.py", line 3, in <module>
    import mlflow
ModuleNotFoundError: No module named 'mlflow'
[2026-01-02T01:02:22.640+0000] {processor.py:770} WARNING - No viable dags retrieved from /opt/airflow/dags/steps_example_dag/psjung_dag.py
[2026-01-02T01:02:22.653+0000] {processor.py:178} INFO - Processing /opt/airflow/dags/steps_example_dag/psjung_dag.py took 0.018 seconds
[2026-01-02T01:02:52.799+0000] {processor.py:156} INFO - Started process (PID=65) to work on /opt/airflow/dags/steps_example_dag/psjung_dag.py
[2026-01-02T01:02:52.800+0000] {processor.py:758} INFO - Processing file /opt/airflow/dags/steps_example_dag/psjung_dag.py for tasks to queue
[2026-01-02T01:02:52.800+0000] {logging_mixin.py:117} INFO - [2026-01-02T01:02:52.800+0000] {dagbag.py:525} INFO - Filling up the DagBag from /opt/airflow/dags/steps_example_dag/psjung_dag.py
[2026-01-02T01:02:52.802+0000] {logging_mixin.py:117} INFO - [2026-01-02T01:02:52.802+0000] {dagbag.py:330} ERROR - Failed to import: /opt/airflow/dags/steps_example_dag/psjung_dag.py
Traceback (most recent call last):
  File "/home/airflow/.local/lib/python3.7/site-packages/airflow/models/dagbag.py", line 326, in parse
    loader.exec_module(new_module)
  File "<frozen importlib._bootstrap_external>", line 728, in exec_module
  File "<frozen importlib._bootstrap>", line 219, in _call_with_frames_removed
  File "/opt/airflow/dags/steps_example_dag/psjung_dag.py", line 3, in <module>
    import mlflow
ModuleNotFoundError: No module named 'mlflow'
[2026-01-02T01:02:52.802+0000] {processor.py:770} WARNING - No viable dags retrieved from /opt/airflow/dags/steps_example_dag/psjung_dag.py
[2026-01-02T01:02:52.814+0000] {processor.py:178} INFO - Processing /opt/airflow/dags/steps_example_dag/psjung_dag.py took 0.016 seconds
[2026-01-02T01:03:22.975+0000] {processor.py:156} INFO - Started process (PID=68) to work on /opt/airflow/dags/steps_example_dag/psjung_dag.py
[2026-01-02T01:03:22.975+0000] {processor.py:758} INFO - Processing file /opt/airflow/dags/steps_example_dag/psjung_dag.py for tasks to queue
[2026-01-02T01:03:22.976+0000] {logging_mixin.py:117} INFO - [2026-01-02T01:03:22.976+0000] {dagbag.py:525} INFO - Filling up the DagBag from /opt/airflow/dags/steps_example_dag/psjung_dag.py
[2026-01-02T01:03:22.978+0000] {logging_mixin.py:117} INFO - [2026-01-02T01:03:22.977+0000] {dagbag.py:330} ERROR - Failed to import: /opt/airflow/dags/steps_example_dag/psjung_dag.py
Traceback (most recent call last):
  File "/home/airflow/.local/lib/python3.7/site-packages/airflow/models/dagbag.py", line 326, in parse
    loader.exec_module(new_module)
  File "<frozen importlib._bootstrap_external>", line 728, in exec_module
  File "<frozen importlib._bootstrap>", line 219, in _call_with_frames_removed
  File "/opt/airflow/dags/steps_example_dag/psjung_dag.py", line 3, in <module>
    import mlflow
ModuleNotFoundError: No module named 'mlflow'
[2026-01-02T01:03:22.978+0000] {processor.py:770} WARNING - No viable dags retrieved from /opt/airflow/dags/steps_example_dag/psjung_dag.py
[2026-01-02T01:03:22.989+0000] {processor.py:178} INFO - Processing /opt/airflow/dags/steps_example_dag/psjung_dag.py took 0.016 seconds
[2026-01-02T01:03:53.151+0000] {processor.py:156} INFO - Started process (PID=71) to work on /opt/airflow/dags/steps_example_dag/psjung_dag.py
[2026-01-02T01:03:53.152+0000] {processor.py:758} INFO - Processing file /opt/airflow/dags/steps_example_dag/psjung_dag.py for tasks to queue
[2026-01-02T01:03:53.152+0000] {logging_mixin.py:117} INFO - [2026-01-02T01:03:53.152+0000] {dagbag.py:525} INFO - Filling up the DagBag from /opt/airflow/dags/steps_example_dag/psjung_dag.py
[2026-01-02T01:03:53.154+0000] {logging_mixin.py:117} INFO - [2026-01-02T01:03:53.153+0000] {dagbag.py:330} ERROR - Failed to import: /opt/airflow/dags/steps_example_dag/psjung_dag.py
Traceback (most recent call last):
  File "/home/airflow/.local/lib/python3.7/site-packages/airflow/models/dagbag.py", line 326, in parse
    loader.exec_module(new_module)
  File "<frozen importlib._bootstrap_external>", line 728, in exec_module
  File "<frozen importlib._bootstrap>", line 219, in _call_with_frames_removed
  File "/opt/airflow/dags/steps_example_dag/psjung_dag.py", line 3, in <module>
    import mlflow
ModuleNotFoundError: No module named 'mlflow'
[2026-01-02T01:03:53.154+0000] {processor.py:770} WARNING - No viable dags retrieved from /opt/airflow/dags/steps_example_dag/psjung_dag.py
[2026-01-02T01:03:53.166+0000] {processor.py:178} INFO - Processing /opt/airflow/dags/steps_example_dag/psjung_dag.py took 0.017 seconds
[2026-01-02T01:04:23.323+0000] {processor.py:156} INFO - Started process (PID=74) to work on /opt/airflow/dags/steps_example_dag/psjung_dag.py
[2026-01-02T01:04:23.323+0000] {processor.py:758} INFO - Processing file /opt/airflow/dags/steps_example_dag/psjung_dag.py for tasks to queue
[2026-01-02T01:04:23.324+0000] {logging_mixin.py:117} INFO - [2026-01-02T01:04:23.324+0000] {dagbag.py:525} INFO - Filling up the DagBag from /opt/airflow/dags/steps_example_dag/psjung_dag.py
[2026-01-02T01:04:23.326+0000] {logging_mixin.py:117} INFO - [2026-01-02T01:04:23.325+0000] {dagbag.py:330} ERROR - Failed to import: /opt/airflow/dags/steps_example_dag/psjung_dag.py
Traceback (most recent call last):
  File "/home/airflow/.local/lib/python3.7/site-packages/airflow/models/dagbag.py", line 326, in parse
    loader.exec_module(new_module)
  File "<frozen importlib._bootstrap_external>", line 728, in exec_module
  File "<frozen importlib._bootstrap>", line 219, in _call_with_frames_removed
  File "/opt/airflow/dags/steps_example_dag/psjung_dag.py", line 3, in <module>
    import mlflow
ModuleNotFoundError: No module named 'mlflow'
[2026-01-02T01:04:23.326+0000] {processor.py:770} WARNING - No viable dags retrieved from /opt/airflow/dags/steps_example_dag/psjung_dag.py
[2026-01-02T01:04:23.337+0000] {processor.py:178} INFO - Processing /opt/airflow/dags/steps_example_dag/psjung_dag.py took 0.016 seconds
[2026-01-02T01:04:53.510+0000] {processor.py:156} INFO - Started process (PID=77) to work on /opt/airflow/dags/steps_example_dag/psjung_dag.py
[2026-01-02T01:04:53.511+0000] {processor.py:758} INFO - Processing file /opt/airflow/dags/steps_example_dag/psjung_dag.py for tasks to queue
[2026-01-02T01:04:53.512+0000] {logging_mixin.py:117} INFO - [2026-01-02T01:04:53.511+0000] {dagbag.py:525} INFO - Filling up the DagBag from /opt/airflow/dags/steps_example_dag/psjung_dag.py
[2026-01-02T01:04:53.513+0000] {logging_mixin.py:117} INFO - [2026-01-02T01:04:53.513+0000] {dagbag.py:330} ERROR - Failed to import: /opt/airflow/dags/steps_example_dag/psjung_dag.py
Traceback (most recent call last):
  File "/home/airflow/.local/lib/python3.7/site-packages/airflow/models/dagbag.py", line 326, in parse
    loader.exec_module(new_module)
  File "<frozen importlib._bootstrap_external>", line 728, in exec_module
  File "<frozen importlib._bootstrap>", line 219, in _call_with_frames_removed
  File "/opt/airflow/dags/steps_example_dag/psjung_dag.py", line 3, in <module>
    import mlflow
ModuleNotFoundError: No module named 'mlflow'
[2026-01-02T01:04:53.513+0000] {processor.py:770} WARNING - No viable dags retrieved from /opt/airflow/dags/steps_example_dag/psjung_dag.py
[2026-01-02T01:04:53.526+0000] {processor.py:178} INFO - Processing /opt/airflow/dags/steps_example_dag/psjung_dag.py took 0.017 seconds
[2026-01-02T01:05:23.692+0000] {processor.py:156} INFO - Started process (PID=80) to work on /opt/airflow/dags/steps_example_dag/psjung_dag.py
[2026-01-02T01:05:23.692+0000] {processor.py:758} INFO - Processing file /opt/airflow/dags/steps_example_dag/psjung_dag.py for tasks to queue
[2026-01-02T01:05:23.693+0000] {logging_mixin.py:117} INFO - [2026-01-02T01:05:23.693+0000] {dagbag.py:525} INFO - Filling up the DagBag from /opt/airflow/dags/steps_example_dag/psjung_dag.py
[2026-01-02T01:05:23.695+0000] {logging_mixin.py:117} INFO - [2026-01-02T01:05:23.694+0000] {dagbag.py:330} ERROR - Failed to import: /opt/airflow/dags/steps_example_dag/psjung_dag.py
Traceback (most recent call last):
  File "/home/airflow/.local/lib/python3.7/site-packages/airflow/models/dagbag.py", line 326, in parse
    loader.exec_module(new_module)
  File "<frozen importlib._bootstrap_external>", line 728, in exec_module
  File "<frozen importlib._bootstrap>", line 219, in _call_with_frames_removed
  File "/opt/airflow/dags/steps_example_dag/psjung_dag.py", line 3, in <module>
    import mlflow
ModuleNotFoundError: No module named 'mlflow'
[2026-01-02T01:05:23.695+0000] {processor.py:770} WARNING - No viable dags retrieved from /opt/airflow/dags/steps_example_dag/psjung_dag.py
[2026-01-02T01:05:23.707+0000] {processor.py:178} INFO - Processing /opt/airflow/dags/steps_example_dag/psjung_dag.py took 0.018 seconds
[2026-01-02T01:05:53.875+0000] {processor.py:156} INFO - Started process (PID=83) to work on /opt/airflow/dags/steps_example_dag/psjung_dag.py
[2026-01-02T01:05:53.875+0000] {processor.py:758} INFO - Processing file /opt/airflow/dags/steps_example_dag/psjung_dag.py for tasks to queue
[2026-01-02T01:05:53.876+0000] {logging_mixin.py:117} INFO - [2026-01-02T01:05:53.876+0000] {dagbag.py:525} INFO - Filling up the DagBag from /opt/airflow/dags/steps_example_dag/psjung_dag.py
[2026-01-02T01:05:53.877+0000] {logging_mixin.py:117} INFO - [2026-01-02T01:05:53.877+0000] {dagbag.py:330} ERROR - Failed to import: /opt/airflow/dags/steps_example_dag/psjung_dag.py
Traceback (most recent call last):
  File "/home/airflow/.local/lib/python3.7/site-packages/airflow/models/dagbag.py", line 326, in parse
    loader.exec_module(new_module)
  File "<frozen importlib._bootstrap_external>", line 728, in exec_module
  File "<frozen importlib._bootstrap>", line 219, in _call_with_frames_removed
  File "/opt/airflow/dags/steps_example_dag/psjung_dag.py", line 3, in <module>
    import mlflow
ModuleNotFoundError: No module named 'mlflow'
[2026-01-02T01:05:53.878+0000] {processor.py:770} WARNING - No viable dags retrieved from /opt/airflow/dags/steps_example_dag/psjung_dag.py
[2026-01-02T01:05:53.889+0000] {processor.py:178} INFO - Processing /opt/airflow/dags/steps_example_dag/psjung_dag.py took 0.016 seconds
[2026-01-02T01:06:24.059+0000] {processor.py:156} INFO - Started process (PID=86) to work on /opt/airflow/dags/steps_example_dag/psjung_dag.py
[2026-01-02T01:06:24.060+0000] {processor.py:758} INFO - Processing file /opt/airflow/dags/steps_example_dag/psjung_dag.py for tasks to queue
[2026-01-02T01:06:24.060+0000] {logging_mixin.py:117} INFO - [2026-01-02T01:06:24.060+0000] {dagbag.py:525} INFO - Filling up the DagBag from /opt/airflow/dags/steps_example_dag/psjung_dag.py
[2026-01-02T01:06:24.062+0000] {logging_mixin.py:117} INFO - [2026-01-02T01:06:24.061+0000] {dagbag.py:330} ERROR - Failed to import: /opt/airflow/dags/steps_example_dag/psjung_dag.py
Traceback (most recent call last):
  File "/home/airflow/.local/lib/python3.7/site-packages/airflow/models/dagbag.py", line 326, in parse
    loader.exec_module(new_module)
  File "<frozen importlib._bootstrap_external>", line 728, in exec_module
  File "<frozen importlib._bootstrap>", line 219, in _call_with_frames_removed
  File "/opt/airflow/dags/steps_example_dag/psjung_dag.py", line 3, in <module>
    import mlflow
ModuleNotFoundError: No module named 'mlflow'
[2026-01-02T01:06:24.062+0000] {processor.py:770} WARNING - No viable dags retrieved from /opt/airflow/dags/steps_example_dag/psjung_dag.py
[2026-01-02T01:06:24.074+0000] {processor.py:178} INFO - Processing /opt/airflow/dags/steps_example_dag/psjung_dag.py took 0.017 seconds
[2026-01-02T01:06:54.235+0000] {processor.py:156} INFO - Started process (PID=89) to work on /opt/airflow/dags/steps_example_dag/psjung_dag.py
[2026-01-02T01:06:54.236+0000] {processor.py:758} INFO - Processing file /opt/airflow/dags/steps_example_dag/psjung_dag.py for tasks to queue
[2026-01-02T01:06:54.236+0000] {logging_mixin.py:117} INFO - [2026-01-02T01:06:54.236+0000] {dagbag.py:525} INFO - Filling up the DagBag from /opt/airflow/dags/steps_example_dag/psjung_dag.py
[2026-01-02T01:06:54.238+0000] {logging_mixin.py:117} INFO - [2026-01-02T01:06:54.238+0000] {dagbag.py:330} ERROR - Failed to import: /opt/airflow/dags/steps_example_dag/psjung_dag.py
Traceback (most recent call last):
  File "/home/airflow/.local/lib/python3.7/site-packages/airflow/models/dagbag.py", line 326, in parse
    loader.exec_module(new_module)
  File "<frozen importlib._bootstrap_external>", line 728, in exec_module
  File "<frozen importlib._bootstrap>", line 219, in _call_with_frames_removed
  File "/opt/airflow/dags/steps_example_dag/psjung_dag.py", line 3, in <module>
    import mlflow
ModuleNotFoundError: No module named 'mlflow'
[2026-01-02T01:06:54.238+0000] {processor.py:770} WARNING - No viable dags retrieved from /opt/airflow/dags/steps_example_dag/psjung_dag.py
[2026-01-02T01:06:54.249+0000] {processor.py:178} INFO - Processing /opt/airflow/dags/steps_example_dag/psjung_dag.py took 0.016 seconds
[2026-01-02T01:07:24.423+0000] {processor.py:156} INFO - Started process (PID=92) to work on /opt/airflow/dags/steps_example_dag/psjung_dag.py
[2026-01-02T01:07:24.424+0000] {processor.py:758} INFO - Processing file /opt/airflow/dags/steps_example_dag/psjung_dag.py for tasks to queue
[2026-01-02T01:07:24.424+0000] {logging_mixin.py:117} INFO - [2026-01-02T01:07:24.424+0000] {dagbag.py:525} INFO - Filling up the DagBag from /opt/airflow/dags/steps_example_dag/psjung_dag.py
[2026-01-02T01:07:24.426+0000] {logging_mixin.py:117} INFO - [2026-01-02T01:07:24.425+0000] {dagbag.py:330} ERROR - Failed to import: /opt/airflow/dags/steps_example_dag/psjung_dag.py
Traceback (most recent call last):
  File "/home/airflow/.local/lib/python3.7/site-packages/airflow/models/dagbag.py", line 326, in parse
    loader.exec_module(new_module)
  File "<frozen importlib._bootstrap_external>", line 728, in exec_module
  File "<frozen importlib._bootstrap>", line 219, in _call_with_frames_removed
  File "/opt/airflow/dags/steps_example_dag/psjung_dag.py", line 3, in <module>
    import mlflow
ModuleNotFoundError: No module named 'mlflow'
[2026-01-02T01:07:24.426+0000] {processor.py:770} WARNING - No viable dags retrieved from /opt/airflow/dags/steps_example_dag/psjung_dag.py
[2026-01-02T01:07:24.437+0000] {processor.py:178} INFO - Processing /opt/airflow/dags/steps_example_dag/psjung_dag.py took 0.016 seconds
[2026-01-02T01:14:26.019+0000] {processor.py:156} INFO - Started process (PID=62) to work on /opt/airflow/dags/steps_example_dag/psjung_dag.py
[2026-01-02T01:14:26.019+0000] {processor.py:758} INFO - Processing file /opt/airflow/dags/steps_example_dag/psjung_dag.py for tasks to queue
[2026-01-02T01:14:26.019+0000] {logging_mixin.py:117} INFO - [2026-01-02T01:14:26.019+0000] {dagbag.py:525} INFO - Filling up the DagBag from /opt/airflow/dags/steps_example_dag/psjung_dag.py
[2026-01-02T01:14:26.873+0000] {logging_mixin.py:117} INFO - [2026-01-02T01:14:26.872+0000] {dagbag.py:330} ERROR - Failed to import: /opt/airflow/dags/steps_example_dag/psjung_dag.py
Traceback (most recent call last):
  File "/home/airflow/.local/lib/python3.7/site-packages/airflow/models/dagbag.py", line 326, in parse
    loader.exec_module(new_module)
  File "<frozen importlib._bootstrap_external>", line 728, in exec_module
  File "<frozen importlib._bootstrap>", line 219, in _call_with_frames_removed
  File "/opt/airflow/dags/steps_example_dag/psjung_dag.py", line 10, in <module>
    from sklearn.datasets import load_iris
ModuleNotFoundError: No module named 'sklearn'
[2026-01-02T01:14:26.873+0000] {processor.py:770} WARNING - No viable dags retrieved from /opt/airflow/dags/steps_example_dag/psjung_dag.py
[2026-01-02T01:14:26.882+0000] {processor.py:178} INFO - Processing /opt/airflow/dags/steps_example_dag/psjung_dag.py took 0.865 seconds
[2026-01-02T01:14:56.942+0000] {processor.py:156} INFO - Started process (PID=68) to work on /opt/airflow/dags/steps_example_dag/psjung_dag.py
[2026-01-02T01:14:56.943+0000] {processor.py:758} INFO - Processing file /opt/airflow/dags/steps_example_dag/psjung_dag.py for tasks to queue
[2026-01-02T01:14:56.943+0000] {logging_mixin.py:117} INFO - [2026-01-02T01:14:56.943+0000] {dagbag.py:525} INFO - Filling up the DagBag from /opt/airflow/dags/steps_example_dag/psjung_dag.py
[2026-01-02T01:14:57.372+0000] {logging_mixin.py:117} INFO - [2026-01-02T01:14:57.372+0000] {dagbag.py:330} ERROR - Failed to import: /opt/airflow/dags/steps_example_dag/psjung_dag.py
Traceback (most recent call last):
  File "/home/airflow/.local/lib/python3.7/site-packages/airflow/models/dagbag.py", line 326, in parse
    loader.exec_module(new_module)
  File "<frozen importlib._bootstrap_external>", line 728, in exec_module
  File "<frozen importlib._bootstrap>", line 219, in _call_with_frames_removed
  File "/opt/airflow/dags/steps_example_dag/psjung_dag.py", line 10, in <module>
    from sklearn.datasets import load_iris
ModuleNotFoundError: No module named 'sklearn'
[2026-01-02T01:14:57.373+0000] {processor.py:770} WARNING - No viable dags retrieved from /opt/airflow/dags/steps_example_dag/psjung_dag.py
[2026-01-02T01:14:57.382+0000] {processor.py:178} INFO - Processing /opt/airflow/dags/steps_example_dag/psjung_dag.py took 0.442 seconds
[2026-01-02T01:15:30.024+0000] {processor.py:156} INFO - Started process (PID=61) to work on /opt/airflow/dags/steps_example_dag/psjung_dag.py
[2026-01-02T01:15:30.024+0000] {processor.py:758} INFO - Processing file /opt/airflow/dags/steps_example_dag/psjung_dag.py for tasks to queue
[2026-01-02T01:15:30.025+0000] {logging_mixin.py:117} INFO - [2026-01-02T01:15:30.025+0000] {dagbag.py:525} INFO - Filling up the DagBag from /opt/airflow/dags/steps_example_dag/psjung_dag.py
[2026-01-02T01:15:30.464+0000] {logging_mixin.py:117} INFO - [2026-01-02T01:15:30.463+0000] {dagbag.py:330} ERROR - Failed to import: /opt/airflow/dags/steps_example_dag/psjung_dag.py
Traceback (most recent call last):
  File "/home/airflow/.local/lib/python3.7/site-packages/airflow/models/dagbag.py", line 326, in parse
    loader.exec_module(new_module)
  File "<frozen importlib._bootstrap_external>", line 728, in exec_module
  File "<frozen importlib._bootstrap>", line 219, in _call_with_frames_removed
  File "/opt/airflow/dags/steps_example_dag/psjung_dag.py", line 10, in <module>
    from sklearn.datasets import load_iris
ModuleNotFoundError: No module named 'sklearn'
[2026-01-02T01:15:30.464+0000] {processor.py:770} WARNING - No viable dags retrieved from /opt/airflow/dags/steps_example_dag/psjung_dag.py
[2026-01-02T01:15:30.473+0000] {processor.py:178} INFO - Processing /opt/airflow/dags/steps_example_dag/psjung_dag.py took 0.451 seconds
[2026-01-02T01:16:00.523+0000] {processor.py:156} INFO - Started process (PID=67) to work on /opt/airflow/dags/steps_example_dag/psjung_dag.py
[2026-01-02T01:16:00.524+0000] {processor.py:758} INFO - Processing file /opt/airflow/dags/steps_example_dag/psjung_dag.py for tasks to queue
[2026-01-02T01:16:00.524+0000] {logging_mixin.py:117} INFO - [2026-01-02T01:16:00.524+0000] {dagbag.py:525} INFO - Filling up the DagBag from /opt/airflow/dags/steps_example_dag/psjung_dag.py
[2026-01-02T01:16:00.929+0000] {logging_mixin.py:117} INFO - [2026-01-02T01:16:00.928+0000] {dagbag.py:330} ERROR - Failed to import: /opt/airflow/dags/steps_example_dag/psjung_dag.py
Traceback (most recent call last):
  File "/home/airflow/.local/lib/python3.7/site-packages/airflow/models/dagbag.py", line 326, in parse
    loader.exec_module(new_module)
  File "<frozen importlib._bootstrap_external>", line 728, in exec_module
  File "<frozen importlib._bootstrap>", line 219, in _call_with_frames_removed
  File "/opt/airflow/dags/steps_example_dag/psjung_dag.py", line 10, in <module>
    from sklearn.datasets import load_iris
ModuleNotFoundError: No module named 'sklearn'
[2026-01-02T01:16:00.929+0000] {processor.py:770} WARNING - No viable dags retrieved from /opt/airflow/dags/steps_example_dag/psjung_dag.py
[2026-01-02T01:16:00.938+0000] {processor.py:178} INFO - Processing /opt/airflow/dags/steps_example_dag/psjung_dag.py took 0.417 seconds
[2026-01-02T01:16:31.091+0000] {processor.py:156} INFO - Started process (PID=71) to work on /opt/airflow/dags/steps_example_dag/psjung_dag.py
[2026-01-02T01:16:31.092+0000] {processor.py:758} INFO - Processing file /opt/airflow/dags/steps_example_dag/psjung_dag.py for tasks to queue
[2026-01-02T01:16:31.092+0000] {logging_mixin.py:117} INFO - [2026-01-02T01:16:31.092+0000] {dagbag.py:525} INFO - Filling up the DagBag from /opt/airflow/dags/steps_example_dag/psjung_dag.py
[2026-01-02T01:16:31.506+0000] {logging_mixin.py:117} INFO - [2026-01-02T01:16:31.506+0000] {dagbag.py:330} ERROR - Failed to import: /opt/airflow/dags/steps_example_dag/psjung_dag.py
Traceback (most recent call last):
  File "/home/airflow/.local/lib/python3.7/site-packages/airflow/models/dagbag.py", line 326, in parse
    loader.exec_module(new_module)
  File "<frozen importlib._bootstrap_external>", line 728, in exec_module
  File "<frozen importlib._bootstrap>", line 219, in _call_with_frames_removed
  File "/opt/airflow/dags/steps_example_dag/psjung_dag.py", line 10, in <module>
    from sklearn.datasets import load_iris
ModuleNotFoundError: No module named 'sklearn'
[2026-01-02T01:16:31.507+0000] {processor.py:770} WARNING - No viable dags retrieved from /opt/airflow/dags/steps_example_dag/psjung_dag.py
[2026-01-02T01:16:31.515+0000] {processor.py:178} INFO - Processing /opt/airflow/dags/steps_example_dag/psjung_dag.py took 0.426 seconds
[2026-01-02T01:17:01.567+0000] {processor.py:156} INFO - Started process (PID=77) to work on /opt/airflow/dags/steps_example_dag/psjung_dag.py
[2026-01-02T01:17:01.567+0000] {processor.py:758} INFO - Processing file /opt/airflow/dags/steps_example_dag/psjung_dag.py for tasks to queue
[2026-01-02T01:17:01.567+0000] {logging_mixin.py:117} INFO - [2026-01-02T01:17:01.567+0000] {dagbag.py:525} INFO - Filling up the DagBag from /opt/airflow/dags/steps_example_dag/psjung_dag.py
[2026-01-02T01:17:01.982+0000] {logging_mixin.py:117} INFO - [2026-01-02T01:17:01.982+0000] {dagbag.py:330} ERROR - Failed to import: /opt/airflow/dags/steps_example_dag/psjung_dag.py
Traceback (most recent call last):
  File "/home/airflow/.local/lib/python3.7/site-packages/airflow/models/dagbag.py", line 326, in parse
    loader.exec_module(new_module)
  File "<frozen importlib._bootstrap_external>", line 728, in exec_module
  File "<frozen importlib._bootstrap>", line 219, in _call_with_frames_removed
  File "/opt/airflow/dags/steps_example_dag/psjung_dag.py", line 10, in <module>
    from sklearn.datasets import load_iris
ModuleNotFoundError: No module named 'sklearn'
[2026-01-02T01:17:01.983+0000] {processor.py:770} WARNING - No viable dags retrieved from /opt/airflow/dags/steps_example_dag/psjung_dag.py
[2026-01-02T01:17:01.992+0000] {processor.py:178} INFO - Processing /opt/airflow/dags/steps_example_dag/psjung_dag.py took 0.428 seconds
[2026-01-02T01:17:32.146+0000] {processor.py:156} INFO - Started process (PID=81) to work on /opt/airflow/dags/steps_example_dag/psjung_dag.py
[2026-01-02T01:17:32.147+0000] {processor.py:758} INFO - Processing file /opt/airflow/dags/steps_example_dag/psjung_dag.py for tasks to queue
[2026-01-02T01:17:32.147+0000] {logging_mixin.py:117} INFO - [2026-01-02T01:17:32.147+0000] {dagbag.py:525} INFO - Filling up the DagBag from /opt/airflow/dags/steps_example_dag/psjung_dag.py
[2026-01-02T01:17:32.538+0000] {logging_mixin.py:117} INFO - [2026-01-02T01:17:32.537+0000] {dagbag.py:330} ERROR - Failed to import: /opt/airflow/dags/steps_example_dag/psjung_dag.py
Traceback (most recent call last):
  File "/home/airflow/.local/lib/python3.7/site-packages/airflow/models/dagbag.py", line 326, in parse
    loader.exec_module(new_module)
  File "<frozen importlib._bootstrap_external>", line 728, in exec_module
  File "<frozen importlib._bootstrap>", line 219, in _call_with_frames_removed
  File "/opt/airflow/dags/steps_example_dag/psjung_dag.py", line 10, in <module>
    from sklearn.datasets import load_iris
ModuleNotFoundError: No module named 'sklearn'
[2026-01-02T01:17:32.538+0000] {processor.py:770} WARNING - No viable dags retrieved from /opt/airflow/dags/steps_example_dag/psjung_dag.py
[2026-01-02T01:17:32.624+0000] {processor.py:178} INFO - Processing /opt/airflow/dags/steps_example_dag/psjung_dag.py took 0.480 seconds
[2026-01-02T01:18:02.685+0000] {processor.py:156} INFO - Started process (PID=87) to work on /opt/airflow/dags/steps_example_dag/psjung_dag.py
[2026-01-02T01:18:02.685+0000] {processor.py:758} INFO - Processing file /opt/airflow/dags/steps_example_dag/psjung_dag.py for tasks to queue
[2026-01-02T01:18:02.686+0000] {logging_mixin.py:117} INFO - [2026-01-02T01:18:02.685+0000] {dagbag.py:525} INFO - Filling up the DagBag from /opt/airflow/dags/steps_example_dag/psjung_dag.py
[2026-01-02T01:18:03.012+0000] {logging_mixin.py:117} INFO - [2026-01-02T01:18:03.011+0000] {dagbag.py:330} ERROR - Failed to import: /opt/airflow/dags/steps_example_dag/psjung_dag.py
Traceback (most recent call last):
  File "/home/airflow/.local/lib/python3.7/site-packages/airflow/models/dagbag.py", line 326, in parse
    loader.exec_module(new_module)
  File "<frozen importlib._bootstrap_external>", line 728, in exec_module
  File "<frozen importlib._bootstrap>", line 219, in _call_with_frames_removed
  File "/opt/airflow/dags/steps_example_dag/psjung_dag.py", line 10, in <module>
    from sklearn.datasets import load_iris
ModuleNotFoundError: No module named 'sklearn'
[2026-01-02T01:18:03.012+0000] {processor.py:770} WARNING - No viable dags retrieved from /opt/airflow/dags/steps_example_dag/psjung_dag.py
[2026-01-02T01:18:03.022+0000] {processor.py:178} INFO - Processing /opt/airflow/dags/steps_example_dag/psjung_dag.py took 0.340 seconds
[2026-01-02T01:18:52.738+0000] {processor.py:156} INFO - Started process (PID=62) to work on /opt/airflow/dags/steps_example_dag/psjung_dag.py
[2026-01-02T01:18:52.739+0000] {processor.py:758} INFO - Processing file /opt/airflow/dags/steps_example_dag/psjung_dag.py for tasks to queue
[2026-01-02T01:18:52.739+0000] {logging_mixin.py:117} INFO - [2026-01-02T01:18:52.739+0000] {dagbag.py:525} INFO - Filling up the DagBag from /opt/airflow/dags/steps_example_dag/psjung_dag.py
[2026-01-02T01:18:53.806+0000] {processor.py:768} INFO - DAG(s) dict_keys(['ModelDevelop']) retrieved from /opt/airflow/dags/steps_example_dag/psjung_dag.py
[2026-01-02T01:18:53.914+0000] {logging_mixin.py:117} INFO - [2026-01-02T01:18:53.914+0000] {manager.py:419} ERROR - Add View Menu Error: (psycopg2.errors.UniqueViolation) duplicate key value violates unique constraint "serialized_dag_pkey"
DETAIL:  Key (dag_id)=(ModelDevelop) already exists.

[SQL: INSERT INTO serialized_dag (dag_id, fileloc, fileloc_hash, data, data_compressed, last_updated, dag_hash, processor_subdir) VALUES (%(dag_id)s, %(fileloc)s, %(fileloc_hash)s, %(data)s, %(data_compressed)s, %(last_updated)s, %(dag_hash)s, %(processor_subdir)s)]
[parameters: {'dag_id': 'ModelDevelop', 'fileloc': '/opt/airflow/dags/steps_example_dag/psjung_dag.py', 'fileloc_hash': 809191146982932, 'data': '{"__version": 1, "dag": {"dataset_triggers": [], "timetable": {"__type": "airflow.timetables.interval.CronDataIntervalTimetable", "__var": {"expressi ... (1637 characters truncated) ... onOperator", "_task_module": "airflow.operators.python", "_is_empty": false, "op_args": [], "op_kwargs": {}}], "dag_dependencies": [], "params": {}}}', 'data_compressed': None, 'last_updated': datetime.datetime(2026, 1, 2, 1, 18, 53, 819314, tzinfo=Timezone('UTC')), 'dag_hash': 'fcba327b2bb2acaf8f0bea92660bb7b8', 'processor_subdir': None}]
(Background on this error at: https://sqlalche.me/e/14/gkpj)
[2026-01-02T01:18:53.916+0000] {logging_mixin.py:117} INFO - [2026-01-02T01:18:53.916+0000] {manager.py:507} INFO - Created Permission View: can edit on None
[2026-01-02T01:18:53.920+0000] {logging_mixin.py:117} INFO - [2026-01-02T01:18:53.920+0000] {manager.py:510} ERROR - Creation of Permission View Error: (psycopg2.errors.UniqueViolation) duplicate key value violates unique constraint "ab_permission_view_permission_id_view_menu_id_uq"
DETAIL:  Key (permission_id, view_menu_id)=(2, 36) already exists.

[SQL: INSERT INTO ab_permission_view (permission_id, view_menu_id) VALUES (%(permission_id)s, %(view_menu_id)s) RETURNING ab_permission_view.id]
[parameters: {'permission_id': 2, 'view_menu_id': 36}]
(Background on this error at: https://sqlalche.me/e/14/gkpj)
[2026-01-02T01:18:53.923+0000] {logging_mixin.py:117} INFO - [2026-01-02T01:18:53.923+0000] {manager.py:510} ERROR - Creation of Permission View Error: (psycopg2.errors.UniqueViolation) duplicate key value violates unique constraint "ab_permission_view_permission_id_view_menu_id_uq"
DETAIL:  Key (permission_id, view_menu_id)=(4, 36) already exists.

[SQL: INSERT INTO ab_permission_view (permission_id, view_menu_id) VALUES (%(permission_id)s, %(view_menu_id)s) RETURNING ab_permission_view.id]
[parameters: {'permission_id': 4, 'view_menu_id': 36}]
(Background on this error at: https://sqlalche.me/e/14/gkpj)
[2026-01-02T01:18:53.923+0000] {logging_mixin.py:117} INFO - [2026-01-02T01:18:53.923+0000] {dag.py:2573} INFO - Sync 1 DAGs
[2026-01-02T01:18:53.930+0000] {logging_mixin.py:117} INFO - [2026-01-02T01:18:53.930+0000] {dag.py:2594} INFO - Creating ORM DAG for ModelDevelop
[2026-01-02T01:18:53.937+0000] {logging_mixin.py:117} INFO - [2026-01-02T01:18:53.937+0000] {dag.py:3328} INFO - Setting next_dagrun for ModelDevelop to 2024-03-26T04:00:00+00:00, run_after=2024-03-26T05:00:00+00:00
[2026-01-02T01:18:54.356+0000] {logging_mixin.py:117} WARNING - /home/airflow/.local/lib/python3.7/site-packages/airflow/models/dagbag.py:626 RemovedInAirflow3Warning: DAG.full_filepath is deprecated in favour of fileloc
[2026-01-02T01:18:54.357+0000] {logging_mixin.py:117} INFO - [2026-01-02T01:18:54.356+0000] {dagbag.py:626} ERROR - Failed to write serialized DAG: /opt/airflow/dags/steps_example_dag/psjung_dag.py
Traceback (most recent call last):
  File "/home/airflow/.local/lib/python3.7/site-packages/airflow/models/dagbag.py", line 618, in _serialize_dag_capturing_errors
    session=session,
  File "/home/airflow/.local/lib/python3.7/site-packages/airflow/utils/session.py", line 72, in wrapper
    return func(*args, **kwargs)
  File "/home/airflow/.local/lib/python3.7/site-packages/airflow/models/serialized_dag.py", line 150, in write_dag
    (timezone.utcnow() - timedelta(seconds=min_update_interval)) < cls.last_updated,
  File "/home/airflow/.local/lib/python3.7/site-packages/sqlalchemy/orm/query.py", line 2810, in first
    return self.limit(1)._iter().first()
  File "/home/airflow/.local/lib/python3.7/site-packages/sqlalchemy/orm/query.py", line 2897, in _iter
    execution_options={"_sa_orm_load_options": self.load_options},
  File "/home/airflow/.local/lib/python3.7/site-packages/sqlalchemy/orm/session.py", line 1688, in execute
    conn = self._connection_for_bind(bind)
  File "/home/airflow/.local/lib/python3.7/site-packages/sqlalchemy/orm/session.py", line 1530, in _connection_for_bind
    engine, execution_options
  File "/home/airflow/.local/lib/python3.7/site-packages/sqlalchemy/orm/session.py", line 721, in _connection_for_bind
    self._assert_active()
  File "/home/airflow/.local/lib/python3.7/site-packages/sqlalchemy/orm/session.py", line 608, in _assert_active
    code="7s2a",
sqlalchemy.exc.PendingRollbackError: This Session's transaction has been rolled back due to a previous exception during flush. To begin a new transaction with this Session, first issue Session.rollback(). Original exception was: (psycopg2.errors.UniqueViolation) duplicate key value violates unique constraint "dag_pkey"
DETAIL:  Key (dag_id)=(ModelDevelop) already exists.

[SQL: INSERT INTO dag (dag_id, root_dag_id, is_paused, is_subdag, is_active, last_parsed_time, last_pickled, last_expired, scheduler_lock, pickle_id, fileloc, processor_subdir, owners, description, default_view, schedule_interval, timetable_description, max_active_tasks, max_active_runs, has_task_concurrency_limits, has_import_errors, next_dagrun, next_dagrun_data_interval_start, next_dagrun_data_interval_end, next_dagrun_create_after) VALUES (%(dag_id)s, %(root_dag_id)s, %(is_paused)s, %(is_subdag)s, %(is_active)s, %(last_parsed_time)s, %(last_pickled)s, %(last_expired)s, %(scheduler_lock)s, %(pickle_id)s, %(fileloc)s, %(processor_subdir)s, %(owners)s, %(description)s, %(default_view)s, %(schedule_interval)s, %(timetable_description)s, %(max_active_tasks)s, %(max_active_runs)s, %(has_task_concurrency_limits)s, %(has_import_errors)s, %(next_dagrun)s, %(next_dagrun_data_interval_start)s, %(next_dagrun_data_interval_end)s, %(next_dagrun_create_after)s)]
[parameters: {'dag_id': 'ModelDevelop', 'root_dag_id': None, 'is_paused': True, 'is_subdag': False, 'is_active': True, 'last_parsed_time': datetime.datetime(2026, 1, 2, 1, 18, 53, 936294, tzinfo=Timezone('UTC')), 'last_pickled': None, 'last_expired': None, 'scheduler_lock': None, 'pickle_id': None, 'fileloc': '/opt/airflow/dags/steps_example_dag/psjung_dag.py', 'processor_subdir': '/opt/airflow/dags', 'owners': 'airflow', 'description': None, 'default_view': 'grid', 'schedule_interval': '"*/60 * * * *"', 'timetable_description': 'Every 60 minutes', 'max_active_tasks': 16, 'max_active_runs': 16, 'has_task_concurrency_limits': False, 'has_import_errors': False, 'next_dagrun': DateTime(2024, 3, 26, 4, 0, 0, tzinfo=Timezone('UTC')), 'next_dagrun_data_interval_start': DateTime(2024, 3, 26, 4, 0, 0, tzinfo=Timezone('UTC')), 'next_dagrun_data_interval_end': DateTime(2024, 3, 26, 5, 0, 0, tzinfo=Timezone('UTC')), 'next_dagrun_create_after': DateTime(2024, 3, 26, 5, 0, 0, tzinfo=Timezone('UTC'))}]
(Background on this error at: https://sqlalche.me/e/14/gkpj) (Background on this error at: https://sqlalche.me/e/14/7s2a)
[2026-01-02T01:18:54.357+0000] {logging_mixin.py:117} INFO - [2026-01-02T01:18:54.357+0000] {dag.py:2573} INFO - Sync 1 DAGs
[2026-01-02T01:18:54.358+0000] {processor.py:181} ERROR - Got an exception! Propagating...
Traceback (most recent call last):
  File "/home/airflow/.local/lib/python3.7/site-packages/airflow/dag_processing/processor.py", line 177, in _run_file_processor
    _handle_dag_file_processing()
  File "/home/airflow/.local/lib/python3.7/site-packages/airflow/dag_processing/processor.py", line 161, in _handle_dag_file_processing
    callback_requests=callback_requests,
  File "/home/airflow/.local/lib/python3.7/site-packages/airflow/utils/session.py", line 75, in wrapper
    return func(*args, session=session, **kwargs)
  File "/home/airflow/.local/lib/python3.7/site-packages/airflow/dag_processing/processor.py", line 783, in process_file
    dagbag.sync_to_db(processor_subdir=self._dag_directory, session=session)
  File "/home/airflow/.local/lib/python3.7/site-packages/airflow/utils/session.py", line 72, in wrapper
    return func(*args, **kwargs)
  File "/home/airflow/.local/lib/python3.7/site-packages/airflow/models/dagbag.py", line 632, in sync_to_db
    for attempt in run_with_db_retries(logger=self.log):
  File "/home/airflow/.local/lib/python3.7/site-packages/tenacity/__init__.py", line 384, in __iter__
    do = self.iter(retry_state=retry_state)
  File "/home/airflow/.local/lib/python3.7/site-packages/tenacity/__init__.py", line 351, in iter
    return fut.result()
  File "/usr/local/lib/python3.7/concurrent/futures/_base.py", line 428, in result
    return self.__get_result()
  File "/usr/local/lib/python3.7/concurrent/futures/_base.py", line 384, in __get_result
    raise self._exception
  File "/home/airflow/.local/lib/python3.7/site-packages/airflow/models/dagbag.py", line 647, in sync_to_db
    self.dags.values(), processor_subdir=processor_subdir, session=session
  File "/home/airflow/.local/lib/python3.7/site-packages/airflow/utils/session.py", line 72, in wrapper
    return func(*args, **kwargs)
  File "/home/airflow/.local/lib/python3.7/site-packages/airflow/models/dag.py", line 2584, in bulk_write_to_db
    orm_dags: list[DagModel] = with_row_locks(query, of=DagModel, session=session).all()
  File "/home/airflow/.local/lib/python3.7/site-packages/sqlalchemy/orm/query.py", line 2759, in all
    return self._iter().all()
  File "/home/airflow/.local/lib/python3.7/site-packages/sqlalchemy/orm/query.py", line 2897, in _iter
    execution_options={"_sa_orm_load_options": self.load_options},
  File "/home/airflow/.local/lib/python3.7/site-packages/sqlalchemy/orm/session.py", line 1688, in execute
    conn = self._connection_for_bind(bind)
  File "/home/airflow/.local/lib/python3.7/site-packages/sqlalchemy/orm/session.py", line 1530, in _connection_for_bind
    engine, execution_options
  File "/home/airflow/.local/lib/python3.7/site-packages/sqlalchemy/orm/session.py", line 721, in _connection_for_bind
    self._assert_active()
  File "/home/airflow/.local/lib/python3.7/site-packages/sqlalchemy/orm/session.py", line 608, in _assert_active
    code="7s2a",
sqlalchemy.exc.PendingRollbackError: This Session's transaction has been rolled back due to a previous exception during flush. To begin a new transaction with this Session, first issue Session.rollback(). Original exception was: (psycopg2.errors.UniqueViolation) duplicate key value violates unique constraint "dag_pkey"
DETAIL:  Key (dag_id)=(ModelDevelop) already exists.

[SQL: INSERT INTO dag (dag_id, root_dag_id, is_paused, is_subdag, is_active, last_parsed_time, last_pickled, last_expired, scheduler_lock, pickle_id, fileloc, processor_subdir, owners, description, default_view, schedule_interval, timetable_description, max_active_tasks, max_active_runs, has_task_concurrency_limits, has_import_errors, next_dagrun, next_dagrun_data_interval_start, next_dagrun_data_interval_end, next_dagrun_create_after) VALUES (%(dag_id)s, %(root_dag_id)s, %(is_paused)s, %(is_subdag)s, %(is_active)s, %(last_parsed_time)s, %(last_pickled)s, %(last_expired)s, %(scheduler_lock)s, %(pickle_id)s, %(fileloc)s, %(processor_subdir)s, %(owners)s, %(description)s, %(default_view)s, %(schedule_interval)s, %(timetable_description)s, %(max_active_tasks)s, %(max_active_runs)s, %(has_task_concurrency_limits)s, %(has_import_errors)s, %(next_dagrun)s, %(next_dagrun_data_interval_start)s, %(next_dagrun_data_interval_end)s, %(next_dagrun_create_after)s)]
[parameters: {'dag_id': 'ModelDevelop', 'root_dag_id': None, 'is_paused': True, 'is_subdag': False, 'is_active': True, 'last_parsed_time': datetime.datetime(2026, 1, 2, 1, 18, 53, 936294, tzinfo=Timezone('UTC')), 'last_pickled': None, 'last_expired': None, 'scheduler_lock': None, 'pickle_id': None, 'fileloc': '/opt/airflow/dags/steps_example_dag/psjung_dag.py', 'processor_subdir': '/opt/airflow/dags', 'owners': 'airflow', 'description': None, 'default_view': 'grid', 'schedule_interval': '"*/60 * * * *"', 'timetable_description': 'Every 60 minutes', 'max_active_tasks': 16, 'max_active_runs': 16, 'has_task_concurrency_limits': False, 'has_import_errors': False, 'next_dagrun': DateTime(2024, 3, 26, 4, 0, 0, tzinfo=Timezone('UTC')), 'next_dagrun_data_interval_start': DateTime(2024, 3, 26, 4, 0, 0, tzinfo=Timezone('UTC')), 'next_dagrun_data_interval_end': DateTime(2024, 3, 26, 5, 0, 0, tzinfo=Timezone('UTC')), 'next_dagrun_create_after': DateTime(2024, 3, 26, 5, 0, 0, tzinfo=Timezone('UTC'))}]
(Background on this error at: https://sqlalche.me/e/14/gkpj) (Background on this error at: https://sqlalche.me/e/14/7s2a)
[2026-01-02T01:19:24.508+0000] {processor.py:156} INFO - Started process (PID=70) to work on /opt/airflow/dags/steps_example_dag/psjung_dag.py
[2026-01-02T01:19:24.508+0000] {processor.py:758} INFO - Processing file /opt/airflow/dags/steps_example_dag/psjung_dag.py for tasks to queue
[2026-01-02T01:19:24.509+0000] {logging_mixin.py:117} INFO - [2026-01-02T01:19:24.509+0000] {dagbag.py:525} INFO - Filling up the DagBag from /opt/airflow/dags/steps_example_dag/psjung_dag.py
[2026-01-02T01:19:25.105+0000] {processor.py:768} INFO - DAG(s) dict_keys(['ModelDevelop']) retrieved from /opt/airflow/dags/steps_example_dag/psjung_dag.py
[2026-01-02T01:19:25.147+0000] {logging_mixin.py:117} INFO - [2026-01-02T01:19:25.147+0000] {dag.py:2573} INFO - Sync 1 DAGs
[2026-01-02T01:19:25.160+0000] {logging_mixin.py:117} INFO - [2026-01-02T01:19:25.160+0000] {dag.py:3328} INFO - Setting next_dagrun for ModelDevelop to 2024-03-26T04:00:00+00:00, run_after=2024-03-26T05:00:00+00:00
[2026-01-02T01:19:25.170+0000] {processor.py:178} INFO - Processing /opt/airflow/dags/steps_example_dag/psjung_dag.py took 0.664 seconds
[2026-01-02T01:19:55.484+0000] {processor.py:156} INFO - Started process (PID=76) to work on /opt/airflow/dags/steps_example_dag/psjung_dag.py
[2026-01-02T01:19:55.485+0000] {processor.py:758} INFO - Processing file /opt/airflow/dags/steps_example_dag/psjung_dag.py for tasks to queue
[2026-01-02T01:19:55.486+0000] {logging_mixin.py:117} INFO - [2026-01-02T01:19:55.485+0000] {dagbag.py:525} INFO - Filling up the DagBag from /opt/airflow/dags/steps_example_dag/psjung_dag.py
[2026-01-02T01:19:56.060+0000] {processor.py:768} INFO - DAG(s) dict_keys(['ModelDevelop']) retrieved from /opt/airflow/dags/steps_example_dag/psjung_dag.py
[2026-01-02T01:19:56.074+0000] {logging_mixin.py:117} INFO - [2026-01-02T01:19:56.074+0000] {dag.py:2573} INFO - Sync 1 DAGs
[2026-01-02T01:19:56.089+0000] {logging_mixin.py:117} INFO - [2026-01-02T01:19:56.088+0000] {dag.py:3328} INFO - Setting next_dagrun for ModelDevelop to 2024-03-26T04:00:00+00:00, run_after=2024-03-26T05:00:00+00:00
[2026-01-02T01:19:56.097+0000] {processor.py:178} INFO - Processing /opt/airflow/dags/steps_example_dag/psjung_dag.py took 0.615 seconds
[2026-01-02T01:20:26.254+0000] {processor.py:156} INFO - Started process (PID=78) to work on /opt/airflow/dags/steps_example_dag/psjung_dag.py
[2026-01-02T01:20:26.255+0000] {processor.py:758} INFO - Processing file /opt/airflow/dags/steps_example_dag/psjung_dag.py for tasks to queue
[2026-01-02T01:20:26.256+0000] {logging_mixin.py:117} INFO - [2026-01-02T01:20:26.256+0000] {dagbag.py:525} INFO - Filling up the DagBag from /opt/airflow/dags/steps_example_dag/psjung_dag.py
[2026-01-02T01:20:26.849+0000] {processor.py:768} INFO - DAG(s) dict_keys(['ModelDevelop']) retrieved from /opt/airflow/dags/steps_example_dag/psjung_dag.py
[2026-01-02T01:20:26.889+0000] {logging_mixin.py:117} INFO - [2026-01-02T01:20:26.889+0000] {dag.py:2573} INFO - Sync 1 DAGs
[2026-01-02T01:20:26.903+0000] {logging_mixin.py:117} INFO - [2026-01-02T01:20:26.902+0000] {dag.py:3328} INFO - Setting next_dagrun for ModelDevelop to 2024-03-26T04:00:00+00:00, run_after=2024-03-26T05:00:00+00:00
[2026-01-02T01:20:26.912+0000] {processor.py:178} INFO - Processing /opt/airflow/dags/steps_example_dag/psjung_dag.py took 0.659 seconds
[2026-01-02T01:20:57.052+0000] {processor.py:156} INFO - Started process (PID=84) to work on /opt/airflow/dags/steps_example_dag/psjung_dag.py
[2026-01-02T01:20:57.053+0000] {processor.py:758} INFO - Processing file /opt/airflow/dags/steps_example_dag/psjung_dag.py for tasks to queue
[2026-01-02T01:20:57.053+0000] {logging_mixin.py:117} INFO - [2026-01-02T01:20:57.053+0000] {dagbag.py:525} INFO - Filling up the DagBag from /opt/airflow/dags/steps_example_dag/psjung_dag.py
[2026-01-02T01:20:57.649+0000] {processor.py:768} INFO - DAG(s) dict_keys(['ModelDevelop']) retrieved from /opt/airflow/dags/steps_example_dag/psjung_dag.py
[2026-01-02T01:20:57.669+0000] {logging_mixin.py:117} INFO - [2026-01-02T01:20:57.669+0000] {dag.py:2573} INFO - Sync 1 DAGs
[2026-01-02T01:20:57.683+0000] {logging_mixin.py:117} INFO - [2026-01-02T01:20:57.683+0000] {dag.py:3328} INFO - Setting next_dagrun for ModelDevelop to 2024-03-26T04:00:00+00:00, run_after=2024-03-26T05:00:00+00:00
[2026-01-02T01:20:57.691+0000] {processor.py:178} INFO - Processing /opt/airflow/dags/steps_example_dag/psjung_dag.py took 0.641 seconds
[2026-01-02T01:21:28.089+0000] {processor.py:156} INFO - Started process (PID=88) to work on /opt/airflow/dags/steps_example_dag/psjung_dag.py
[2026-01-02T01:21:28.090+0000] {processor.py:758} INFO - Processing file /opt/airflow/dags/steps_example_dag/psjung_dag.py for tasks to queue
[2026-01-02T01:21:28.090+0000] {logging_mixin.py:117} INFO - [2026-01-02T01:21:28.090+0000] {dagbag.py:525} INFO - Filling up the DagBag from /opt/airflow/dags/steps_example_dag/psjung_dag.py
[2026-01-02T01:21:28.683+0000] {processor.py:768} INFO - DAG(s) dict_keys(['ModelDevelop']) retrieved from /opt/airflow/dags/steps_example_dag/psjung_dag.py
[2026-01-02T01:21:28.723+0000] {logging_mixin.py:117} INFO - [2026-01-02T01:21:28.723+0000] {dag.py:2573} INFO - Sync 1 DAGs
[2026-01-02T01:21:28.737+0000] {logging_mixin.py:117} INFO - [2026-01-02T01:21:28.737+0000] {dag.py:3328} INFO - Setting next_dagrun for ModelDevelop to 2024-03-26T04:00:00+00:00, run_after=2024-03-26T05:00:00+00:00
[2026-01-02T01:21:28.746+0000] {processor.py:178} INFO - Processing /opt/airflow/dags/steps_example_dag/psjung_dag.py took 0.659 seconds
[2026-01-02T01:21:58.907+0000] {processor.py:156} INFO - Started process (PID=94) to work on /opt/airflow/dags/steps_example_dag/psjung_dag.py
[2026-01-02T01:21:58.908+0000] {processor.py:758} INFO - Processing file /opt/airflow/dags/steps_example_dag/psjung_dag.py for tasks to queue
[2026-01-02T01:21:58.908+0000] {logging_mixin.py:117} INFO - [2026-01-02T01:21:58.908+0000] {dagbag.py:525} INFO - Filling up the DagBag from /opt/airflow/dags/steps_example_dag/psjung_dag.py
[2026-01-02T01:21:59.498+0000] {processor.py:768} INFO - DAG(s) dict_keys(['ModelDevelop']) retrieved from /opt/airflow/dags/steps_example_dag/psjung_dag.py
[2026-01-02T01:21:59.518+0000] {logging_mixin.py:117} INFO - [2026-01-02T01:21:59.518+0000] {dag.py:2573} INFO - Sync 1 DAGs
[2026-01-02T01:21:59.531+0000] {logging_mixin.py:117} INFO - [2026-01-02T01:21:59.531+0000] {dag.py:3328} INFO - Setting next_dagrun for ModelDevelop to 2024-03-26T04:00:00+00:00, run_after=2024-03-26T05:00:00+00:00
[2026-01-02T01:21:59.540+0000] {processor.py:178} INFO - Processing /opt/airflow/dags/steps_example_dag/psjung_dag.py took 0.635 seconds
[2026-01-02T01:22:29.691+0000] {processor.py:156} INFO - Started process (PID=98) to work on /opt/airflow/dags/steps_example_dag/psjung_dag.py
[2026-01-02T01:22:29.692+0000] {processor.py:758} INFO - Processing file /opt/airflow/dags/steps_example_dag/psjung_dag.py for tasks to queue
[2026-01-02T01:22:29.692+0000] {logging_mixin.py:117} INFO - [2026-01-02T01:22:29.692+0000] {dagbag.py:525} INFO - Filling up the DagBag from /opt/airflow/dags/steps_example_dag/psjung_dag.py
[2026-01-02T01:22:30.284+0000] {processor.py:768} INFO - DAG(s) dict_keys(['ModelDevelop']) retrieved from /opt/airflow/dags/steps_example_dag/psjung_dag.py
[2026-01-02T01:22:30.324+0000] {logging_mixin.py:117} INFO - [2026-01-02T01:22:30.324+0000] {dag.py:2573} INFO - Sync 1 DAGs
[2026-01-02T01:22:30.337+0000] {logging_mixin.py:117} INFO - [2026-01-02T01:22:30.337+0000] {dag.py:3328} INFO - Setting next_dagrun for ModelDevelop to 2024-03-26T04:00:00+00:00, run_after=2024-03-26T05:00:00+00:00
[2026-01-02T01:22:30.346+0000] {processor.py:178} INFO - Processing /opt/airflow/dags/steps_example_dag/psjung_dag.py took 0.657 seconds
[2026-01-02T01:23:00.507+0000] {processor.py:156} INFO - Started process (PID=104) to work on /opt/airflow/dags/steps_example_dag/psjung_dag.py
[2026-01-02T01:23:00.508+0000] {processor.py:758} INFO - Processing file /opt/airflow/dags/steps_example_dag/psjung_dag.py for tasks to queue
[2026-01-02T01:23:00.508+0000] {logging_mixin.py:117} INFO - [2026-01-02T01:23:00.508+0000] {dagbag.py:525} INFO - Filling up the DagBag from /opt/airflow/dags/steps_example_dag/psjung_dag.py
[2026-01-02T01:23:01.102+0000] {processor.py:768} INFO - DAG(s) dict_keys(['ModelDevelop']) retrieved from /opt/airflow/dags/steps_example_dag/psjung_dag.py
[2026-01-02T01:23:01.121+0000] {logging_mixin.py:117} INFO - [2026-01-02T01:23:01.121+0000] {dag.py:2573} INFO - Sync 1 DAGs
[2026-01-02T01:23:01.135+0000] {logging_mixin.py:117} INFO - [2026-01-02T01:23:01.135+0000] {dag.py:3328} INFO - Setting next_dagrun for ModelDevelop to 2024-03-26T04:00:00+00:00, run_after=2024-03-26T05:00:00+00:00
[2026-01-02T01:23:01.143+0000] {processor.py:178} INFO - Processing /opt/airflow/dags/steps_example_dag/psjung_dag.py took 0.638 seconds
[2026-01-02T01:23:31.296+0000] {processor.py:156} INFO - Started process (PID=108) to work on /opt/airflow/dags/steps_example_dag/psjung_dag.py
[2026-01-02T01:23:31.297+0000] {processor.py:758} INFO - Processing file /opt/airflow/dags/steps_example_dag/psjung_dag.py for tasks to queue
[2026-01-02T01:23:31.297+0000] {logging_mixin.py:117} INFO - [2026-01-02T01:23:31.297+0000] {dagbag.py:525} INFO - Filling up the DagBag from /opt/airflow/dags/steps_example_dag/psjung_dag.py
[2026-01-02T01:23:31.890+0000] {processor.py:768} INFO - DAG(s) dict_keys(['ModelDevelop']) retrieved from /opt/airflow/dags/steps_example_dag/psjung_dag.py
[2026-01-02T01:23:31.932+0000] {logging_mixin.py:117} INFO - [2026-01-02T01:23:31.932+0000] {dag.py:2573} INFO - Sync 1 DAGs
[2026-01-02T01:23:31.945+0000] {logging_mixin.py:117} INFO - [2026-01-02T01:23:31.945+0000] {dag.py:3328} INFO - Setting next_dagrun for ModelDevelop to 2024-03-26T04:00:00+00:00, run_after=2024-03-26T05:00:00+00:00
[2026-01-02T01:23:31.955+0000] {processor.py:178} INFO - Processing /opt/airflow/dags/steps_example_dag/psjung_dag.py took 0.661 seconds
[2026-01-02T01:24:02.710+0000] {processor.py:156} INFO - Started process (PID=114) to work on /opt/airflow/dags/steps_example_dag/psjung_dag.py
[2026-01-02T01:24:02.711+0000] {processor.py:758} INFO - Processing file /opt/airflow/dags/steps_example_dag/psjung_dag.py for tasks to queue
[2026-01-02T01:24:02.711+0000] {logging_mixin.py:117} INFO - [2026-01-02T01:24:02.711+0000] {dagbag.py:525} INFO - Filling up the DagBag from /opt/airflow/dags/steps_example_dag/psjung_dag.py
[2026-01-02T01:24:03.305+0000] {processor.py:768} INFO - DAG(s) dict_keys(['ModelDevelop']) retrieved from /opt/airflow/dags/steps_example_dag/psjung_dag.py
[2026-01-02T01:24:03.327+0000] {logging_mixin.py:117} INFO - [2026-01-02T01:24:03.326+0000] {dag.py:2573} INFO - Sync 1 DAGs
[2026-01-02T01:24:03.340+0000] {logging_mixin.py:117} INFO - [2026-01-02T01:24:03.340+0000] {dag.py:3328} INFO - Setting next_dagrun for ModelDevelop to 2024-03-26T04:00:00+00:00, run_after=2024-03-26T05:00:00+00:00
[2026-01-02T01:24:03.348+0000] {processor.py:178} INFO - Processing /opt/airflow/dags/steps_example_dag/psjung_dag.py took 0.640 seconds
[2026-01-02T01:24:33.747+0000] {processor.py:156} INFO - Started process (PID=118) to work on /opt/airflow/dags/steps_example_dag/psjung_dag.py
[2026-01-02T01:24:33.748+0000] {processor.py:758} INFO - Processing file /opt/airflow/dags/steps_example_dag/psjung_dag.py for tasks to queue
[2026-01-02T01:24:33.748+0000] {logging_mixin.py:117} INFO - [2026-01-02T01:24:33.748+0000] {dagbag.py:525} INFO - Filling up the DagBag from /opt/airflow/dags/steps_example_dag/psjung_dag.py
[2026-01-02T01:24:34.344+0000] {processor.py:768} INFO - DAG(s) dict_keys(['ModelDevelop']) retrieved from /opt/airflow/dags/steps_example_dag/psjung_dag.py
[2026-01-02T01:24:34.384+0000] {logging_mixin.py:117} INFO - [2026-01-02T01:24:34.384+0000] {dag.py:2573} INFO - Sync 1 DAGs
[2026-01-02T01:24:34.398+0000] {logging_mixin.py:117} INFO - [2026-01-02T01:24:34.398+0000] {dag.py:3328} INFO - Setting next_dagrun for ModelDevelop to 2024-03-26T04:00:00+00:00, run_after=2024-03-26T05:00:00+00:00
[2026-01-02T01:24:34.407+0000] {processor.py:178} INFO - Processing /opt/airflow/dags/steps_example_dag/psjung_dag.py took 0.662 seconds
[2026-01-02T01:25:04.565+0000] {processor.py:156} INFO - Started process (PID=124) to work on /opt/airflow/dags/steps_example_dag/psjung_dag.py
[2026-01-02T01:25:04.566+0000] {processor.py:758} INFO - Processing file /opt/airflow/dags/steps_example_dag/psjung_dag.py for tasks to queue
[2026-01-02T01:25:04.566+0000] {logging_mixin.py:117} INFO - [2026-01-02T01:25:04.566+0000] {dagbag.py:525} INFO - Filling up the DagBag from /opt/airflow/dags/steps_example_dag/psjung_dag.py
[2026-01-02T01:25:05.157+0000] {processor.py:768} INFO - DAG(s) dict_keys(['ModelDevelop']) retrieved from /opt/airflow/dags/steps_example_dag/psjung_dag.py
[2026-01-02T01:25:05.178+0000] {logging_mixin.py:117} INFO - [2026-01-02T01:25:05.178+0000] {dag.py:2573} INFO - Sync 1 DAGs
[2026-01-02T01:25:05.200+0000] {processor.py:178} INFO - Processing /opt/airflow/dags/steps_example_dag/psjung_dag.py took 0.637 seconds
[2026-01-02T01:25:35.352+0000] {processor.py:156} INFO - Started process (PID=128) to work on /opt/airflow/dags/steps_example_dag/psjung_dag.py
[2026-01-02T01:25:35.353+0000] {processor.py:758} INFO - Processing file /opt/airflow/dags/steps_example_dag/psjung_dag.py for tasks to queue
[2026-01-02T01:25:35.353+0000] {logging_mixin.py:117} INFO - [2026-01-02T01:25:35.353+0000] {dagbag.py:525} INFO - Filling up the DagBag from /opt/airflow/dags/steps_example_dag/psjung_dag.py
[2026-01-02T01:25:35.950+0000] {processor.py:768} INFO - DAG(s) dict_keys(['ModelDevelop']) retrieved from /opt/airflow/dags/steps_example_dag/psjung_dag.py
[2026-01-02T01:25:35.992+0000] {logging_mixin.py:117} INFO - [2026-01-02T01:25:35.992+0000] {dag.py:2573} INFO - Sync 1 DAGs
[2026-01-02T01:25:36.013+0000] {processor.py:178} INFO - Processing /opt/airflow/dags/steps_example_dag/psjung_dag.py took 0.663 seconds
[2026-01-02T01:26:06.175+0000] {processor.py:156} INFO - Started process (PID=134) to work on /opt/airflow/dags/steps_example_dag/psjung_dag.py
[2026-01-02T01:26:06.175+0000] {processor.py:758} INFO - Processing file /opt/airflow/dags/steps_example_dag/psjung_dag.py for tasks to queue
[2026-01-02T01:26:06.176+0000] {logging_mixin.py:117} INFO - [2026-01-02T01:26:06.176+0000] {dagbag.py:525} INFO - Filling up the DagBag from /opt/airflow/dags/steps_example_dag/psjung_dag.py
[2026-01-02T01:26:06.769+0000] {processor.py:768} INFO - DAG(s) dict_keys(['ModelDevelop']) retrieved from /opt/airflow/dags/steps_example_dag/psjung_dag.py
[2026-01-02T01:26:06.789+0000] {logging_mixin.py:117} INFO - [2026-01-02T01:26:06.789+0000] {dag.py:2573} INFO - Sync 1 DAGs
[2026-01-02T01:26:06.810+0000] {processor.py:178} INFO - Processing /opt/airflow/dags/steps_example_dag/psjung_dag.py took 0.638 seconds
[2026-01-02T01:26:36.975+0000] {processor.py:156} INFO - Started process (PID=138) to work on /opt/airflow/dags/steps_example_dag/psjung_dag.py
[2026-01-02T01:26:36.975+0000] {processor.py:758} INFO - Processing file /opt/airflow/dags/steps_example_dag/psjung_dag.py for tasks to queue
[2026-01-02T01:26:36.976+0000] {logging_mixin.py:117} INFO - [2026-01-02T01:26:36.976+0000] {dagbag.py:525} INFO - Filling up the DagBag from /opt/airflow/dags/steps_example_dag/psjung_dag.py
[2026-01-02T01:26:37.566+0000] {processor.py:768} INFO - DAG(s) dict_keys(['ModelDevelop']) retrieved from /opt/airflow/dags/steps_example_dag/psjung_dag.py
[2026-01-02T01:26:37.608+0000] {logging_mixin.py:117} INFO - [2026-01-02T01:26:37.608+0000] {dag.py:2573} INFO - Sync 1 DAGs
[2026-01-02T01:26:37.629+0000] {processor.py:178} INFO - Processing /opt/airflow/dags/steps_example_dag/psjung_dag.py took 0.657 seconds
[2026-01-02T01:27:07.992+0000] {processor.py:156} INFO - Started process (PID=146) to work on /opt/airflow/dags/steps_example_dag/psjung_dag.py
[2026-01-02T01:27:07.993+0000] {processor.py:758} INFO - Processing file /opt/airflow/dags/steps_example_dag/psjung_dag.py for tasks to queue
[2026-01-02T01:27:07.993+0000] {logging_mixin.py:117} INFO - [2026-01-02T01:27:07.993+0000] {dagbag.py:525} INFO - Filling up the DagBag from /opt/airflow/dags/steps_example_dag/psjung_dag.py
[2026-01-02T01:27:08.596+0000] {processor.py:768} INFO - DAG(s) dict_keys(['ModelDevelop']) retrieved from /opt/airflow/dags/steps_example_dag/psjung_dag.py
[2026-01-02T01:27:08.617+0000] {logging_mixin.py:117} INFO - [2026-01-02T01:27:08.617+0000] {dag.py:2573} INFO - Sync 1 DAGs
[2026-01-02T01:27:08.638+0000] {processor.py:178} INFO - Processing /opt/airflow/dags/steps_example_dag/psjung_dag.py took 0.649 seconds
[2026-01-02T01:27:39.263+0000] {processor.py:156} INFO - Started process (PID=150) to work on /opt/airflow/dags/steps_example_dag/psjung_dag.py
[2026-01-02T01:27:39.264+0000] {processor.py:758} INFO - Processing file /opt/airflow/dags/steps_example_dag/psjung_dag.py for tasks to queue
[2026-01-02T01:27:39.264+0000] {logging_mixin.py:117} INFO - [2026-01-02T01:27:39.264+0000] {dagbag.py:525} INFO - Filling up the DagBag from /opt/airflow/dags/steps_example_dag/psjung_dag.py
[2026-01-02T01:27:39.851+0000] {processor.py:768} INFO - DAG(s) dict_keys(['ModelDevelop']) retrieved from /opt/airflow/dags/steps_example_dag/psjung_dag.py
[2026-01-02T01:27:39.865+0000] {logging_mixin.py:117} INFO - [2026-01-02T01:27:39.865+0000] {dag.py:2573} INFO - Sync 1 DAGs
[2026-01-02T01:27:39.887+0000] {processor.py:178} INFO - Processing /opt/airflow/dags/steps_example_dag/psjung_dag.py took 0.626 seconds
[2026-01-02T01:28:10.054+0000] {processor.py:156} INFO - Started process (PID=156) to work on /opt/airflow/dags/steps_example_dag/psjung_dag.py
[2026-01-02T01:28:10.055+0000] {processor.py:758} INFO - Processing file /opt/airflow/dags/steps_example_dag/psjung_dag.py for tasks to queue
[2026-01-02T01:28:10.055+0000] {logging_mixin.py:117} INFO - [2026-01-02T01:28:10.055+0000] {dagbag.py:525} INFO - Filling up the DagBag from /opt/airflow/dags/steps_example_dag/psjung_dag.py
[2026-01-02T01:28:10.648+0000] {processor.py:768} INFO - DAG(s) dict_keys(['ModelDevelop']) retrieved from /opt/airflow/dags/steps_example_dag/psjung_dag.py
[2026-01-02T01:28:10.689+0000] {logging_mixin.py:117} INFO - [2026-01-02T01:28:10.689+0000] {dag.py:2573} INFO - Sync 1 DAGs
[2026-01-02T01:28:10.712+0000] {processor.py:178} INFO - Processing /opt/airflow/dags/steps_example_dag/psjung_dag.py took 0.660 seconds
[2026-01-02T01:28:41.062+0000] {processor.py:156} INFO - Started process (PID=160) to work on /opt/airflow/dags/steps_example_dag/psjung_dag.py
[2026-01-02T01:28:41.063+0000] {processor.py:758} INFO - Processing file /opt/airflow/dags/steps_example_dag/psjung_dag.py for tasks to queue
[2026-01-02T01:28:41.063+0000] {logging_mixin.py:117} INFO - [2026-01-02T01:28:41.063+0000] {dagbag.py:525} INFO - Filling up the DagBag from /opt/airflow/dags/steps_example_dag/psjung_dag.py
[2026-01-02T01:28:41.651+0000] {processor.py:768} INFO - DAG(s) dict_keys(['ModelDevelop']) retrieved from /opt/airflow/dags/steps_example_dag/psjung_dag.py
[2026-01-02T01:28:41.670+0000] {logging_mixin.py:117} INFO - [2026-01-02T01:28:41.670+0000] {dag.py:2573} INFO - Sync 1 DAGs
[2026-01-02T01:28:41.692+0000] {processor.py:178} INFO - Processing /opt/airflow/dags/steps_example_dag/psjung_dag.py took 0.632 seconds
