[2026-01-16T07:53:59.676+0000] {taskinstance.py:1979} INFO - Dependencies all met for dep_context=non-requeueable deps ti=<TaskInstance: ModelDevelop.get_data scheduled__2026-01-02T17:00:00+00:00 [queued]>
[2026-01-16T07:53:59.681+0000] {taskinstance.py:1979} INFO - Dependencies all met for dep_context=requeueable deps ti=<TaskInstance: ModelDevelop.get_data scheduled__2026-01-02T17:00:00+00:00 [queued]>
[2026-01-16T07:53:59.681+0000] {taskinstance.py:2193} INFO - Starting attempt 1 of 2
[2026-01-16T07:53:59.739+0000] {taskinstance.py:2217} INFO - Executing <Task(PythonOperator): get_data> on 2026-01-02 17:00:00+00:00
[2026-01-16T07:53:59.746+0000] {standard_task_runner.py:60} INFO - Started process 2520 to run task
[2026-01-16T07:53:59.749+0000] {standard_task_runner.py:87} INFO - Running: ['***', 'tasks', 'run', 'ModelDevelop', 'get_data', 'scheduled__2026-01-02T17:00:00+00:00', '--job-id', '35', '--raw', '--subdir', 'DAGS_FOLDER/example.py', '--cfg-path', '/tmp/tmpz3b03ohi']
[2026-01-16T07:53:59.750+0000] {standard_task_runner.py:88} INFO - Job 35: Subtask get_data
[2026-01-16T07:53:59.760+0000] {warnings.py:109} WARNING - /home/***/.local/lib/python3.9/site-packages/***/settings.py:194: DeprecationWarning: The sql_alchemy_conn option in [core] has been moved to the sql_alchemy_conn option in [database] - the old setting has been used, but please update your config.
  SQL_ALCHEMY_CONN = conf.get("database", "SQL_ALCHEMY_CONN")

[2026-01-16T07:53:59.789+0000] {task_command.py:423} INFO - Running <TaskInstance: ModelDevelop.get_data scheduled__2026-01-02T17:00:00+00:00 [running]> on host 8a4f043652f0
[2026-01-16T07:53:59.864+0000] {taskinstance.py:2513} INFO - Exporting env vars: AIRFLOW_CTX_DAG_OWNER='***' AIRFLOW_CTX_DAG_ID='ModelDevelop' AIRFLOW_CTX_TASK_ID='get_data' AIRFLOW_CTX_EXECUTION_DATE='2026-01-02T17:00:00+00:00' AIRFLOW_CTX_TRY_NUMBER='1' AIRFLOW_CTX_DAG_RUN_ID='scheduled__2026-01-02T17:00:00+00:00'
[2026-01-16T07:53:59.877+0000] {python.py:202} INFO - Done. Returned value was: ./iris.csv
[2026-01-16T07:53:59.916+0000] {taskinstance.py:1149} INFO - Marking task as SUCCESS. dag_id=ModelDevelop, task_id=get_data, execution_date=20260102T170000, start_date=20260116T075359, end_date=20260116T075359
[2026-01-16T07:53:59.960+0000] {local_task_job_runner.py:234} INFO - Task exited with return code 0
[2026-01-16T07:54:00.021+0000] {taskinstance.py:3312} INFO - 0 downstream tasks scheduled from follow-on schedule check
[2026-01-17T13:17:39.774+0000] {taskinstance.py:1979} INFO - Dependencies all met for dep_context=non-requeueable deps ti=<TaskInstance: ModelDevelop.get_data scheduled__2026-01-02T17:00:00+00:00 [queued]>
[2026-01-17T13:17:39.780+0000] {taskinstance.py:1979} INFO - Dependencies all met for dep_context=requeueable deps ti=<TaskInstance: ModelDevelop.get_data scheduled__2026-01-02T17:00:00+00:00 [queued]>
[2026-01-17T13:17:39.780+0000] {taskinstance.py:2193} INFO - Starting attempt 1 of 2
[2026-01-17T13:17:39.788+0000] {taskinstance.py:2217} INFO - Executing <Task(PythonOperator): get_data> on 2026-01-02 17:00:00+00:00
[2026-01-17T13:17:39.795+0000] {standard_task_runner.py:60} INFO - Started process 2587 to run task
[2026-01-17T13:17:39.798+0000] {standard_task_runner.py:87} INFO - Running: ['***', 'tasks', 'run', 'ModelDevelop', 'get_data', 'scheduled__2026-01-02T17:00:00+00:00', '--job-id', '35', '--raw', '--subdir', 'DAGS_FOLDER/example.py', '--cfg-path', '/tmp/tmp67k5hcey']
[2026-01-17T13:17:39.798+0000] {standard_task_runner.py:88} INFO - Job 35: Subtask get_data
[2026-01-17T13:17:39.810+0000] {warnings.py:109} WARNING - /home/***/.local/lib/python3.9/site-packages/***/settings.py:194: DeprecationWarning: The sql_alchemy_conn option in [core] has been moved to the sql_alchemy_conn option in [database] - the old setting has been used, but please update your config.
  SQL_ALCHEMY_CONN = conf.get("database", "SQL_ALCHEMY_CONN")

[2026-01-17T13:17:39.838+0000] {task_command.py:423} INFO - Running <TaskInstance: ModelDevelop.get_data scheduled__2026-01-02T17:00:00+00:00 [running]> on host ed3184b6b543
[2026-01-17T13:17:39.932+0000] {taskinstance.py:2513} INFO - Exporting env vars: AIRFLOW_CTX_DAG_OWNER='***' AIRFLOW_CTX_DAG_ID='ModelDevelop' AIRFLOW_CTX_TASK_ID='get_data' AIRFLOW_CTX_EXECUTION_DATE='2026-01-02T17:00:00+00:00' AIRFLOW_CTX_TRY_NUMBER='1' AIRFLOW_CTX_DAG_RUN_ID='scheduled__2026-01-02T17:00:00+00:00'
[2026-01-17T13:17:39.947+0000] {python.py:202} INFO - Done. Returned value was: ./iris.csv
[2026-01-17T13:17:39.998+0000] {taskinstance.py:1149} INFO - Marking task as SUCCESS. dag_id=ModelDevelop, task_id=get_data, execution_date=20260102T170000, start_date=20260117T131739, end_date=20260117T131739
[2026-01-17T13:17:40.049+0000] {local_task_job_runner.py:234} INFO - Task exited with return code 0
[2026-01-17T13:17:40.064+0000] {taskinstance.py:3312} INFO - 1 downstream tasks scheduled from follow-on schedule check
[2026-01-17T13:38:58.526+0000] {taskinstance.py:1979} INFO - Dependencies all met for dep_context=non-requeueable deps ti=<TaskInstance: ModelDevelop.get_data scheduled__2026-01-02T17:00:00+00:00 [queued]>
[2026-01-17T13:38:58.532+0000] {taskinstance.py:1979} INFO - Dependencies all met for dep_context=requeueable deps ti=<TaskInstance: ModelDevelop.get_data scheduled__2026-01-02T17:00:00+00:00 [queued]>
[2026-01-17T13:38:58.533+0000] {taskinstance.py:2193} INFO - Starting attempt 1 of 2
[2026-01-17T13:38:58.543+0000] {taskinstance.py:2217} INFO - Executing <Task(PythonOperator): get_data> on 2026-01-02 17:00:00+00:00
[2026-01-17T13:38:58.551+0000] {standard_task_runner.py:60} INFO - Started process 2554 to run task
[2026-01-17T13:38:58.554+0000] {standard_task_runner.py:87} INFO - Running: ['***', 'tasks', 'run', 'ModelDevelop', 'get_data', 'scheduled__2026-01-02T17:00:00+00:00', '--job-id', '35', '--raw', '--subdir', 'DAGS_FOLDER/example.py', '--cfg-path', '/tmp/tmpkqok0x2q']
[2026-01-17T13:38:58.554+0000] {standard_task_runner.py:88} INFO - Job 35: Subtask get_data
[2026-01-17T13:38:58.566+0000] {warnings.py:109} WARNING - /home/***/.local/lib/python3.9/site-packages/***/settings.py:194: DeprecationWarning: The sql_alchemy_conn option in [core] has been moved to the sql_alchemy_conn option in [database] - the old setting has been used, but please update your config.
  SQL_ALCHEMY_CONN = conf.get("database", "SQL_ALCHEMY_CONN")

[2026-01-17T13:38:58.592+0000] {task_command.py:423} INFO - Running <TaskInstance: ModelDevelop.get_data scheduled__2026-01-02T17:00:00+00:00 [running]> on host 5330652dc216
[2026-01-17T13:38:58.713+0000] {taskinstance.py:2513} INFO - Exporting env vars: AIRFLOW_CTX_DAG_OWNER='***' AIRFLOW_CTX_DAG_ID='ModelDevelop' AIRFLOW_CTX_TASK_ID='get_data' AIRFLOW_CTX_EXECUTION_DATE='2026-01-02T17:00:00+00:00' AIRFLOW_CTX_TRY_NUMBER='1' AIRFLOW_CTX_DAG_RUN_ID='scheduled__2026-01-02T17:00:00+00:00'
[2026-01-17T13:38:58.726+0000] {python.py:202} INFO - Done. Returned value was: ./iris.csv
[2026-01-17T13:38:58.745+0000] {taskinstance.py:1149} INFO - Marking task as SUCCESS. dag_id=ModelDevelop, task_id=get_data, execution_date=20260102T170000, start_date=20260117T133858, end_date=20260117T133858
[2026-01-17T13:38:58.766+0000] {local_task_job_runner.py:234} INFO - Task exited with return code 0
[2026-01-17T13:38:58.835+0000] {taskinstance.py:3312} INFO - 0 downstream tasks scheduled from follow-on schedule check
