[2026-01-16T07:54:47.079+0000] {taskinstance.py:1979} INFO - Dependencies all met for dep_context=non-requeueable deps ti=<TaskInstance: ModelDevelop.get_data scheduled__2026-01-05T21:00:00+00:00 [queued]>
[2026-01-16T07:54:47.085+0000] {taskinstance.py:1979} INFO - Dependencies all met for dep_context=requeueable deps ti=<TaskInstance: ModelDevelop.get_data scheduled__2026-01-05T21:00:00+00:00 [queued]>
[2026-01-16T07:54:47.085+0000] {taskinstance.py:2193} INFO - Starting attempt 1 of 2
[2026-01-16T07:54:47.095+0000] {taskinstance.py:2217} INFO - Executing <Task(PythonOperator): get_data> on 2026-01-05 21:00:00+00:00
[2026-01-16T07:54:47.101+0000] {standard_task_runner.py:60} INFO - Started process 11540 to run task
[2026-01-16T07:54:47.103+0000] {standard_task_runner.py:87} INFO - Running: ['***', 'tasks', 'run', 'ModelDevelop', 'get_data', 'scheduled__2026-01-05T21:00:00+00:00', '--job-id', '175', '--raw', '--subdir', 'DAGS_FOLDER/example.py', '--cfg-path', '/tmp/tmpezptjnao']
[2026-01-16T07:54:47.104+0000] {standard_task_runner.py:88} INFO - Job 175: Subtask get_data
[2026-01-16T07:54:47.143+0000] {warnings.py:109} WARNING - /home/***/.local/lib/python3.9/site-packages/***/settings.py:194: DeprecationWarning: The sql_alchemy_conn option in [core] has been moved to the sql_alchemy_conn option in [database] - the old setting has been used, but please update your config.
  SQL_ALCHEMY_CONN = conf.get("database", "SQL_ALCHEMY_CONN")

[2026-01-16T07:54:47.202+0000] {task_command.py:423} INFO - Running <TaskInstance: ModelDevelop.get_data scheduled__2026-01-05T21:00:00+00:00 [running]> on host 8a4f043652f0
[2026-01-16T07:54:47.316+0000] {taskinstance.py:2513} INFO - Exporting env vars: AIRFLOW_CTX_DAG_OWNER='***' AIRFLOW_CTX_DAG_ID='ModelDevelop' AIRFLOW_CTX_TASK_ID='get_data' AIRFLOW_CTX_EXECUTION_DATE='2026-01-05T21:00:00+00:00' AIRFLOW_CTX_TRY_NUMBER='1' AIRFLOW_CTX_DAG_RUN_ID='scheduled__2026-01-05T21:00:00+00:00'
[2026-01-16T07:54:47.326+0000] {python.py:202} INFO - Done. Returned value was: ./iris.csv
[2026-01-16T07:54:47.379+0000] {taskinstance.py:1149} INFO - Marking task as SUCCESS. dag_id=ModelDevelop, task_id=get_data, execution_date=20260105T210000, start_date=20260116T075447, end_date=20260116T075447
[2026-01-16T07:54:47.436+0000] {local_task_job_runner.py:234} INFO - Task exited with return code 0
[2026-01-16T07:54:47.618+0000] {taskinstance.py:3312} INFO - 0 downstream tasks scheduled from follow-on schedule check
[2026-01-17T13:18:21.845+0000] {taskinstance.py:1979} INFO - Dependencies all met for dep_context=non-requeueable deps ti=<TaskInstance: ModelDevelop.get_data scheduled__2026-01-05T21:00:00+00:00 [queued]>
[2026-01-17T13:18:21.864+0000] {taskinstance.py:1979} INFO - Dependencies all met for dep_context=requeueable deps ti=<TaskInstance: ModelDevelop.get_data scheduled__2026-01-05T21:00:00+00:00 [queued]>
[2026-01-17T13:18:21.864+0000] {taskinstance.py:2193} INFO - Starting attempt 1 of 2
[2026-01-17T13:18:21.892+0000] {taskinstance.py:2217} INFO - Executing <Task(PythonOperator): get_data> on 2026-01-05 21:00:00+00:00
[2026-01-17T13:18:21.901+0000] {standard_task_runner.py:60} INFO - Started process 11572 to run task
[2026-01-17T13:18:21.906+0000] {standard_task_runner.py:87} INFO - Running: ['***', 'tasks', 'run', 'ModelDevelop', 'get_data', 'scheduled__2026-01-05T21:00:00+00:00', '--job-id', '175', '--raw', '--subdir', 'DAGS_FOLDER/example.py', '--cfg-path', '/tmp/tmp7plsrz2b']
[2026-01-17T13:18:21.908+0000] {standard_task_runner.py:88} INFO - Job 175: Subtask get_data
[2026-01-17T13:18:21.945+0000] {warnings.py:109} WARNING - /home/***/.local/lib/python3.9/site-packages/***/settings.py:194: DeprecationWarning: The sql_alchemy_conn option in [core] has been moved to the sql_alchemy_conn option in [database] - the old setting has been used, but please update your config.
  SQL_ALCHEMY_CONN = conf.get("database", "SQL_ALCHEMY_CONN")

[2026-01-17T13:18:21.990+0000] {task_command.py:423} INFO - Running <TaskInstance: ModelDevelop.get_data scheduled__2026-01-05T21:00:00+00:00 [running]> on host ed3184b6b543
[2026-01-17T13:18:22.048+0000] {taskinstance.py:2513} INFO - Exporting env vars: AIRFLOW_CTX_DAG_OWNER='***' AIRFLOW_CTX_DAG_ID='ModelDevelop' AIRFLOW_CTX_TASK_ID='get_data' AIRFLOW_CTX_EXECUTION_DATE='2026-01-05T21:00:00+00:00' AIRFLOW_CTX_TRY_NUMBER='1' AIRFLOW_CTX_DAG_RUN_ID='scheduled__2026-01-05T21:00:00+00:00'
[2026-01-17T13:18:22.059+0000] {python.py:202} INFO - Done. Returned value was: ./iris.csv
[2026-01-17T13:18:22.077+0000] {taskinstance.py:1149} INFO - Marking task as SUCCESS. dag_id=ModelDevelop, task_id=get_data, execution_date=20260105T210000, start_date=20260117T131821, end_date=20260117T131822
[2026-01-17T13:18:22.205+0000] {local_task_job_runner.py:234} INFO - Task exited with return code 0
[2026-01-17T13:18:22.233+0000] {taskinstance.py:3312} INFO - 1 downstream tasks scheduled from follow-on schedule check
[2026-01-17T13:39:43.694+0000] {taskinstance.py:1979} INFO - Dependencies all met for dep_context=non-requeueable deps ti=<TaskInstance: ModelDevelop.get_data scheduled__2026-01-05T21:00:00+00:00 [queued]>
[2026-01-17T13:39:43.716+0000] {taskinstance.py:1979} INFO - Dependencies all met for dep_context=requeueable deps ti=<TaskInstance: ModelDevelop.get_data scheduled__2026-01-05T21:00:00+00:00 [queued]>
[2026-01-17T13:39:43.716+0000] {taskinstance.py:2193} INFO - Starting attempt 1 of 2
[2026-01-17T13:39:43.739+0000] {taskinstance.py:2217} INFO - Executing <Task(PythonOperator): get_data> on 2026-01-05 21:00:00+00:00
[2026-01-17T13:39:43.748+0000] {standard_task_runner.py:60} INFO - Started process 11634 to run task
[2026-01-17T13:39:43.752+0000] {standard_task_runner.py:87} INFO - Running: ['***', 'tasks', 'run', 'ModelDevelop', 'get_data', 'scheduled__2026-01-05T21:00:00+00:00', '--job-id', '176', '--raw', '--subdir', 'DAGS_FOLDER/example.py', '--cfg-path', '/tmp/tmpbfje9nih']
[2026-01-17T13:39:43.753+0000] {standard_task_runner.py:88} INFO - Job 176: Subtask get_data
[2026-01-17T13:39:43.763+0000] {warnings.py:109} WARNING - /home/***/.local/lib/python3.9/site-packages/***/settings.py:194: DeprecationWarning: The sql_alchemy_conn option in [core] has been moved to the sql_alchemy_conn option in [database] - the old setting has been used, but please update your config.
  SQL_ALCHEMY_CONN = conf.get("database", "SQL_ALCHEMY_CONN")

[2026-01-17T13:39:43.793+0000] {task_command.py:423} INFO - Running <TaskInstance: ModelDevelop.get_data scheduled__2026-01-05T21:00:00+00:00 [running]> on host 5330652dc216
[2026-01-17T13:39:43.850+0000] {taskinstance.py:2513} INFO - Exporting env vars: AIRFLOW_CTX_DAG_OWNER='***' AIRFLOW_CTX_DAG_ID='ModelDevelop' AIRFLOW_CTX_TASK_ID='get_data' AIRFLOW_CTX_EXECUTION_DATE='2026-01-05T21:00:00+00:00' AIRFLOW_CTX_TRY_NUMBER='1' AIRFLOW_CTX_DAG_RUN_ID='scheduled__2026-01-05T21:00:00+00:00'
[2026-01-17T13:39:43.859+0000] {python.py:202} INFO - Done. Returned value was: ./iris.csv
[2026-01-17T13:39:43.873+0000] {taskinstance.py:1149} INFO - Marking task as SUCCESS. dag_id=ModelDevelop, task_id=get_data, execution_date=20260105T210000, start_date=20260117T133943, end_date=20260117T133943
[2026-01-17T13:39:43.929+0000] {local_task_job_runner.py:234} INFO - Task exited with return code 0
[2026-01-17T13:39:43.981+0000] {taskinstance.py:3312} INFO - 0 downstream tasks scheduled from follow-on schedule check
