[2026-01-16T07:55:27.258+0000] {taskinstance.py:1979} INFO - Dependencies all met for dep_context=non-requeueable deps ti=<TaskInstance: ModelDevelop.get_data scheduled__2026-01-08T07:00:00+00:00 [queued]>
[2026-01-16T07:55:27.264+0000] {taskinstance.py:1979} INFO - Dependencies all met for dep_context=requeueable deps ti=<TaskInstance: ModelDevelop.get_data scheduled__2026-01-08T07:00:00+00:00 [queued]>
[2026-01-16T07:55:27.264+0000] {taskinstance.py:2193} INFO - Starting attempt 1 of 2
[2026-01-16T07:55:27.273+0000] {taskinstance.py:2217} INFO - Executing <Task(PythonOperator): get_data> on 2026-01-08 07:00:00+00:00
[2026-01-16T07:55:27.280+0000] {standard_task_runner.py:60} INFO - Started process 19845 to run task
[2026-01-16T07:55:27.282+0000] {standard_task_runner.py:87} INFO - Running: ['***', 'tasks', 'run', 'ModelDevelop', 'get_data', 'scheduled__2026-01-08T07:00:00+00:00', '--job-id', '297', '--raw', '--subdir', 'DAGS_FOLDER/example.py', '--cfg-path', '/tmp/tmpgly5r3b0']
[2026-01-16T07:55:27.283+0000] {standard_task_runner.py:88} INFO - Job 297: Subtask get_data
[2026-01-16T07:55:27.294+0000] {warnings.py:109} WARNING - /home/***/.local/lib/python3.9/site-packages/***/settings.py:194: DeprecationWarning: The sql_alchemy_conn option in [core] has been moved to the sql_alchemy_conn option in [database] - the old setting has been used, but please update your config.
  SQL_ALCHEMY_CONN = conf.get("database", "SQL_ALCHEMY_CONN")

[2026-01-16T07:55:27.324+0000] {task_command.py:423} INFO - Running <TaskInstance: ModelDevelop.get_data scheduled__2026-01-08T07:00:00+00:00 [running]> on host 8a4f043652f0
[2026-01-16T07:55:27.429+0000] {taskinstance.py:2513} INFO - Exporting env vars: AIRFLOW_CTX_DAG_OWNER='***' AIRFLOW_CTX_DAG_ID='ModelDevelop' AIRFLOW_CTX_TASK_ID='get_data' AIRFLOW_CTX_EXECUTION_DATE='2026-01-08T07:00:00+00:00' AIRFLOW_CTX_TRY_NUMBER='1' AIRFLOW_CTX_DAG_RUN_ID='scheduled__2026-01-08T07:00:00+00:00'
[2026-01-16T07:55:27.440+0000] {python.py:202} INFO - Done. Returned value was: ./iris.csv
[2026-01-16T07:55:27.457+0000] {taskinstance.py:1149} INFO - Marking task as SUCCESS. dag_id=ModelDevelop, task_id=get_data, execution_date=20260108T070000, start_date=20260116T075527, end_date=20260116T075527
[2026-01-16T07:55:27.494+0000] {local_task_job_runner.py:234} INFO - Task exited with return code 0
[2026-01-16T07:55:27.515+0000] {taskinstance.py:3312} INFO - 1 downstream tasks scheduled from follow-on schedule check
[2026-01-17T13:19:05.604+0000] {taskinstance.py:1979} INFO - Dependencies all met for dep_context=non-requeueable deps ti=<TaskInstance: ModelDevelop.get_data scheduled__2026-01-08T07:00:00+00:00 [queued]>
[2026-01-17T13:19:05.610+0000] {taskinstance.py:1979} INFO - Dependencies all met for dep_context=requeueable deps ti=<TaskInstance: ModelDevelop.get_data scheduled__2026-01-08T07:00:00+00:00 [queued]>
[2026-01-17T13:19:05.611+0000] {taskinstance.py:2193} INFO - Starting attempt 1 of 2
[2026-01-17T13:19:05.619+0000] {taskinstance.py:2217} INFO - Executing <Task(PythonOperator): get_data> on 2026-01-08 07:00:00+00:00
[2026-01-17T13:19:05.626+0000] {standard_task_runner.py:60} INFO - Started process 19846 to run task
[2026-01-17T13:19:05.642+0000] {standard_task_runner.py:87} INFO - Running: ['***', 'tasks', 'run', 'ModelDevelop', 'get_data', 'scheduled__2026-01-08T07:00:00+00:00', '--job-id', '297', '--raw', '--subdir', 'DAGS_FOLDER/example.py', '--cfg-path', '/tmp/tmp2x5a8oq1']
[2026-01-17T13:19:05.643+0000] {standard_task_runner.py:88} INFO - Job 297: Subtask get_data
[2026-01-17T13:19:05.691+0000] {warnings.py:109} WARNING - /home/***/.local/lib/python3.9/site-packages/***/settings.py:194: DeprecationWarning: The sql_alchemy_conn option in [core] has been moved to the sql_alchemy_conn option in [database] - the old setting has been used, but please update your config.
  SQL_ALCHEMY_CONN = conf.get("database", "SQL_ALCHEMY_CONN")

[2026-01-17T13:19:05.724+0000] {task_command.py:423} INFO - Running <TaskInstance: ModelDevelop.get_data scheduled__2026-01-08T07:00:00+00:00 [running]> on host ed3184b6b543
[2026-01-17T13:19:05.774+0000] {taskinstance.py:2513} INFO - Exporting env vars: AIRFLOW_CTX_DAG_OWNER='***' AIRFLOW_CTX_DAG_ID='ModelDevelop' AIRFLOW_CTX_TASK_ID='get_data' AIRFLOW_CTX_EXECUTION_DATE='2026-01-08T07:00:00+00:00' AIRFLOW_CTX_TRY_NUMBER='1' AIRFLOW_CTX_DAG_RUN_ID='scheduled__2026-01-08T07:00:00+00:00'
[2026-01-17T13:19:05.784+0000] {python.py:202} INFO - Done. Returned value was: ./iris.csv
[2026-01-17T13:19:05.802+0000] {taskinstance.py:1149} INFO - Marking task as SUCCESS. dag_id=ModelDevelop, task_id=get_data, execution_date=20260108T070000, start_date=20260117T131905, end_date=20260117T131905
[2026-01-17T13:19:05.849+0000] {local_task_job_runner.py:234} INFO - Task exited with return code 0
[2026-01-17T13:19:05.866+0000] {taskinstance.py:3312} INFO - 1 downstream tasks scheduled from follow-on schedule check
[2026-01-17T13:40:34.942+0000] {taskinstance.py:1979} INFO - Dependencies all met for dep_context=non-requeueable deps ti=<TaskInstance: ModelDevelop.get_data scheduled__2026-01-08T07:00:00+00:00 [queued]>
[2026-01-17T13:40:34.948+0000] {taskinstance.py:1979} INFO - Dependencies all met for dep_context=requeueable deps ti=<TaskInstance: ModelDevelop.get_data scheduled__2026-01-08T07:00:00+00:00 [queued]>
[2026-01-17T13:40:34.948+0000] {taskinstance.py:2193} INFO - Starting attempt 1 of 2
[2026-01-17T13:40:35.004+0000] {taskinstance.py:2217} INFO - Executing <Task(PythonOperator): get_data> on 2026-01-08 07:00:00+00:00
[2026-01-17T13:40:35.010+0000] {standard_task_runner.py:60} INFO - Started process 20543 to run task
[2026-01-17T13:40:35.012+0000] {standard_task_runner.py:87} INFO - Running: ['***', 'tasks', 'run', 'ModelDevelop', 'get_data', 'scheduled__2026-01-08T07:00:00+00:00', '--job-id', '303', '--raw', '--subdir', 'DAGS_FOLDER/example.py', '--cfg-path', '/tmp/tmpxl5ngub7']
[2026-01-17T13:40:35.013+0000] {standard_task_runner.py:88} INFO - Job 303: Subtask get_data
[2026-01-17T13:40:35.025+0000] {warnings.py:109} WARNING - /home/***/.local/lib/python3.9/site-packages/***/settings.py:194: DeprecationWarning: The sql_alchemy_conn option in [core] has been moved to the sql_alchemy_conn option in [database] - the old setting has been used, but please update your config.
  SQL_ALCHEMY_CONN = conf.get("database", "SQL_ALCHEMY_CONN")

[2026-01-17T13:40:35.054+0000] {task_command.py:423} INFO - Running <TaskInstance: ModelDevelop.get_data scheduled__2026-01-08T07:00:00+00:00 [running]> on host 5330652dc216
[2026-01-17T13:40:35.137+0000] {taskinstance.py:2513} INFO - Exporting env vars: AIRFLOW_CTX_DAG_OWNER='***' AIRFLOW_CTX_DAG_ID='ModelDevelop' AIRFLOW_CTX_TASK_ID='get_data' AIRFLOW_CTX_EXECUTION_DATE='2026-01-08T07:00:00+00:00' AIRFLOW_CTX_TRY_NUMBER='1' AIRFLOW_CTX_DAG_RUN_ID='scheduled__2026-01-08T07:00:00+00:00'
[2026-01-17T13:40:35.145+0000] {python.py:202} INFO - Done. Returned value was: ./iris.csv
[2026-01-17T13:40:35.158+0000] {taskinstance.py:1149} INFO - Marking task as SUCCESS. dag_id=ModelDevelop, task_id=get_data, execution_date=20260108T070000, start_date=20260117T134034, end_date=20260117T134035
[2026-01-17T13:40:35.184+0000] {local_task_job_runner.py:234} INFO - Task exited with return code 0
[2026-01-17T13:40:35.201+0000] {taskinstance.py:3312} INFO - 1 downstream tasks scheduled from follow-on schedule check
