[2026-01-16T07:55:58.873+0000] {taskinstance.py:1979} INFO - Dependencies all met for dep_context=non-requeueable deps ti=<TaskInstance: ModelDevelop.get_data scheduled__2026-01-10T12:00:00+00:00 [queued]>
[2026-01-16T07:55:58.880+0000] {taskinstance.py:1979} INFO - Dependencies all met for dep_context=requeueable deps ti=<TaskInstance: ModelDevelop.get_data scheduled__2026-01-10T12:00:00+00:00 [queued]>
[2026-01-16T07:55:58.880+0000] {taskinstance.py:2193} INFO - Starting attempt 1 of 2
[2026-01-16T07:55:58.934+0000] {taskinstance.py:2217} INFO - Executing <Task(PythonOperator): get_data> on 2026-01-10 12:00:00+00:00
[2026-01-16T07:55:58.944+0000] {standard_task_runner.py:60} INFO - Started process 26548 to run task
[2026-01-16T07:55:58.946+0000] {standard_task_runner.py:87} INFO - Running: ['***', 'tasks', 'run', 'ModelDevelop', 'get_data', 'scheduled__2026-01-10T12:00:00+00:00', '--job-id', '398', '--raw', '--subdir', 'DAGS_FOLDER/example.py', '--cfg-path', '/tmp/tmpcj52i5my']
[2026-01-16T07:55:58.947+0000] {standard_task_runner.py:88} INFO - Job 398: Subtask get_data
[2026-01-16T07:55:58.965+0000] {warnings.py:109} WARNING - /home/***/.local/lib/python3.9/site-packages/***/settings.py:194: DeprecationWarning: The sql_alchemy_conn option in [core] has been moved to the sql_alchemy_conn option in [database] - the old setting has been used, but please update your config.
  SQL_ALCHEMY_CONN = conf.get("database", "SQL_ALCHEMY_CONN")

[2026-01-16T07:55:59.002+0000] {task_command.py:423} INFO - Running <TaskInstance: ModelDevelop.get_data scheduled__2026-01-10T12:00:00+00:00 [running]> on host 8a4f043652f0
[2026-01-16T07:55:59.112+0000] {taskinstance.py:2513} INFO - Exporting env vars: AIRFLOW_CTX_DAG_OWNER='***' AIRFLOW_CTX_DAG_ID='ModelDevelop' AIRFLOW_CTX_TASK_ID='get_data' AIRFLOW_CTX_EXECUTION_DATE='2026-01-10T12:00:00+00:00' AIRFLOW_CTX_TRY_NUMBER='1' AIRFLOW_CTX_DAG_RUN_ID='scheduled__2026-01-10T12:00:00+00:00'
[2026-01-16T07:55:59.122+0000] {python.py:202} INFO - Done. Returned value was: ./iris.csv
[2026-01-16T07:55:59.137+0000] {taskinstance.py:1149} INFO - Marking task as SUCCESS. dag_id=ModelDevelop, task_id=get_data, execution_date=20260110T120000, start_date=20260116T075558, end_date=20260116T075559
[2026-01-16T07:55:59.165+0000] {local_task_job_runner.py:234} INFO - Task exited with return code 0
[2026-01-16T07:55:59.184+0000] {taskinstance.py:3312} INFO - 1 downstream tasks scheduled from follow-on schedule check
[2026-01-17T13:19:42.147+0000] {taskinstance.py:1979} INFO - Dependencies all met for dep_context=non-requeueable deps ti=<TaskInstance: ModelDevelop.get_data scheduled__2026-01-10T12:00:00+00:00 [queued]>
[2026-01-17T13:19:42.153+0000] {taskinstance.py:1979} INFO - Dependencies all met for dep_context=requeueable deps ti=<TaskInstance: ModelDevelop.get_data scheduled__2026-01-10T12:00:00+00:00 [queued]>
[2026-01-17T13:19:42.153+0000] {taskinstance.py:2193} INFO - Starting attempt 1 of 2
[2026-01-17T13:19:42.173+0000] {taskinstance.py:2217} INFO - Executing <Task(PythonOperator): get_data> on 2026-01-10 12:00:00+00:00
[2026-01-17T13:19:42.182+0000] {standard_task_runner.py:60} INFO - Started process 26581 to run task
[2026-01-17T13:19:42.214+0000] {standard_task_runner.py:87} INFO - Running: ['***', 'tasks', 'run', 'ModelDevelop', 'get_data', 'scheduled__2026-01-10T12:00:00+00:00', '--job-id', '399', '--raw', '--subdir', 'DAGS_FOLDER/example.py', '--cfg-path', '/tmp/tmp30shcp8q']
[2026-01-17T13:19:42.215+0000] {standard_task_runner.py:88} INFO - Job 399: Subtask get_data
[2026-01-17T13:19:42.263+0000] {warnings.py:109} WARNING - /home/***/.local/lib/python3.9/site-packages/***/settings.py:194: DeprecationWarning: The sql_alchemy_conn option in [core] has been moved to the sql_alchemy_conn option in [database] - the old setting has been used, but please update your config.
  SQL_ALCHEMY_CONN = conf.get("database", "SQL_ALCHEMY_CONN")

[2026-01-17T13:19:42.292+0000] {task_command.py:423} INFO - Running <TaskInstance: ModelDevelop.get_data scheduled__2026-01-10T12:00:00+00:00 [running]> on host ed3184b6b543
[2026-01-17T13:19:42.356+0000] {taskinstance.py:2513} INFO - Exporting env vars: AIRFLOW_CTX_DAG_OWNER='***' AIRFLOW_CTX_DAG_ID='ModelDevelop' AIRFLOW_CTX_TASK_ID='get_data' AIRFLOW_CTX_EXECUTION_DATE='2026-01-10T12:00:00+00:00' AIRFLOW_CTX_TRY_NUMBER='1' AIRFLOW_CTX_DAG_RUN_ID='scheduled__2026-01-10T12:00:00+00:00'
[2026-01-17T13:19:42.368+0000] {python.py:202} INFO - Done. Returned value was: ./iris.csv
[2026-01-17T13:19:42.410+0000] {taskinstance.py:1149} INFO - Marking task as SUCCESS. dag_id=ModelDevelop, task_id=get_data, execution_date=20260110T120000, start_date=20260117T131942, end_date=20260117T131942
[2026-01-17T13:19:42.485+0000] {local_task_job_runner.py:234} INFO - Task exited with return code 0
[2026-01-17T13:19:42.506+0000] {taskinstance.py:3312} INFO - 1 downstream tasks scheduled from follow-on schedule check
[2026-01-17T13:41:10.021+0000] {taskinstance.py:1979} INFO - Dependencies all met for dep_context=non-requeueable deps ti=<TaskInstance: ModelDevelop.get_data scheduled__2026-01-10T12:00:00+00:00 [queued]>
[2026-01-17T13:41:10.026+0000] {taskinstance.py:1979} INFO - Dependencies all met for dep_context=requeueable deps ti=<TaskInstance: ModelDevelop.get_data scheduled__2026-01-10T12:00:00+00:00 [queued]>
[2026-01-17T13:41:10.026+0000] {taskinstance.py:2193} INFO - Starting attempt 1 of 2
[2026-01-17T13:41:10.033+0000] {taskinstance.py:2217} INFO - Executing <Task(PythonOperator): get_data> on 2026-01-10 12:00:00+00:00
[2026-01-17T13:41:10.039+0000] {standard_task_runner.py:60} INFO - Started process 27112 to run task
[2026-01-17T13:41:10.041+0000] {standard_task_runner.py:87} INFO - Running: ['***', 'tasks', 'run', 'ModelDevelop', 'get_data', 'scheduled__2026-01-10T12:00:00+00:00', '--job-id', '404', '--raw', '--subdir', 'DAGS_FOLDER/example.py', '--cfg-path', '/tmp/tmpixelz4od']
[2026-01-17T13:41:10.042+0000] {standard_task_runner.py:88} INFO - Job 404: Subtask get_data
[2026-01-17T13:41:10.050+0000] {warnings.py:109} WARNING - /home/***/.local/lib/python3.9/site-packages/***/settings.py:194: DeprecationWarning: The sql_alchemy_conn option in [core] has been moved to the sql_alchemy_conn option in [database] - the old setting has been used, but please update your config.
  SQL_ALCHEMY_CONN = conf.get("database", "SQL_ALCHEMY_CONN")

[2026-01-17T13:41:10.076+0000] {task_command.py:423} INFO - Running <TaskInstance: ModelDevelop.get_data scheduled__2026-01-10T12:00:00+00:00 [running]> on host 5330652dc216
[2026-01-17T13:41:10.139+0000] {taskinstance.py:2513} INFO - Exporting env vars: AIRFLOW_CTX_DAG_OWNER='***' AIRFLOW_CTX_DAG_ID='ModelDevelop' AIRFLOW_CTX_TASK_ID='get_data' AIRFLOW_CTX_EXECUTION_DATE='2026-01-10T12:00:00+00:00' AIRFLOW_CTX_TRY_NUMBER='1' AIRFLOW_CTX_DAG_RUN_ID='scheduled__2026-01-10T12:00:00+00:00'
[2026-01-17T13:41:10.149+0000] {python.py:202} INFO - Done. Returned value was: ./iris.csv
[2026-01-17T13:41:10.210+0000] {taskinstance.py:1149} INFO - Marking task as SUCCESS. dag_id=ModelDevelop, task_id=get_data, execution_date=20260110T120000, start_date=20260117T134110, end_date=20260117T134110
[2026-01-17T13:41:10.253+0000] {local_task_job_runner.py:234} INFO - Task exited with return code 0
[2026-01-17T13:41:10.267+0000] {taskinstance.py:3312} INFO - 0 downstream tasks scheduled from follow-on schedule check
