[2026-01-16T07:57:08.832+0000] {taskinstance.py:1979} INFO - Dependencies all met for dep_context=non-requeueable deps ti=<TaskInstance: ModelDevelop.get_data scheduled__2026-01-14T16:00:00+00:00 [queued]>
[2026-01-16T07:57:08.838+0000] {taskinstance.py:1979} INFO - Dependencies all met for dep_context=requeueable deps ti=<TaskInstance: ModelDevelop.get_data scheduled__2026-01-14T16:00:00+00:00 [queued]>
[2026-01-16T07:57:08.838+0000] {taskinstance.py:2193} INFO - Starting attempt 1 of 2
[2026-01-16T07:57:08.850+0000] {taskinstance.py:2217} INFO - Executing <Task(PythonOperator): get_data> on 2026-01-14 16:00:00+00:00
[2026-01-16T07:57:08.857+0000] {standard_task_runner.py:60} INFO - Started process 41079 to run task
[2026-01-16T07:57:08.860+0000] {standard_task_runner.py:87} INFO - Running: ['***', 'tasks', 'run', 'ModelDevelop', 'get_data', 'scheduled__2026-01-14T16:00:00+00:00', '--job-id', '610', '--raw', '--subdir', 'DAGS_FOLDER/example.py', '--cfg-path', '/tmp/tmp16z1ajyp']
[2026-01-16T07:57:08.861+0000] {standard_task_runner.py:88} INFO - Job 610: Subtask get_data
[2026-01-16T07:57:08.873+0000] {warnings.py:109} WARNING - /home/***/.local/lib/python3.9/site-packages/***/settings.py:194: DeprecationWarning: The sql_alchemy_conn option in [core] has been moved to the sql_alchemy_conn option in [database] - the old setting has been used, but please update your config.
  SQL_ALCHEMY_CONN = conf.get("database", "SQL_ALCHEMY_CONN")

[2026-01-16T07:57:08.899+0000] {task_command.py:423} INFO - Running <TaskInstance: ModelDevelop.get_data scheduled__2026-01-14T16:00:00+00:00 [running]> on host 8a4f043652f0
[2026-01-16T07:57:08.962+0000] {taskinstance.py:2513} INFO - Exporting env vars: AIRFLOW_CTX_DAG_OWNER='***' AIRFLOW_CTX_DAG_ID='ModelDevelop' AIRFLOW_CTX_TASK_ID='get_data' AIRFLOW_CTX_EXECUTION_DATE='2026-01-14T16:00:00+00:00' AIRFLOW_CTX_TRY_NUMBER='1' AIRFLOW_CTX_DAG_RUN_ID='scheduled__2026-01-14T16:00:00+00:00'
[2026-01-16T07:57:08.973+0000] {python.py:202} INFO - Done. Returned value was: ./iris.csv
[2026-01-16T07:57:09.010+0000] {taskinstance.py:1149} INFO - Marking task as SUCCESS. dag_id=ModelDevelop, task_id=get_data, execution_date=20260114T160000, start_date=20260116T075708, end_date=20260116T075709
[2026-01-16T07:57:09.072+0000] {local_task_job_runner.py:234} INFO - Task exited with return code 0
[2026-01-16T07:57:09.165+0000] {taskinstance.py:3312} INFO - 0 downstream tasks scheduled from follow-on schedule check
[2026-01-17T13:20:41.937+0000] {taskinstance.py:1979} INFO - Dependencies all met for dep_context=non-requeueable deps ti=<TaskInstance: ModelDevelop.get_data scheduled__2026-01-14T16:00:00+00:00 [queued]>
[2026-01-17T13:20:41.944+0000] {taskinstance.py:1979} INFO - Dependencies all met for dep_context=requeueable deps ti=<TaskInstance: ModelDevelop.get_data scheduled__2026-01-14T16:00:00+00:00 [queued]>
[2026-01-17T13:20:41.944+0000] {taskinstance.py:2193} INFO - Starting attempt 1 of 2
[2026-01-17T13:20:41.951+0000] {taskinstance.py:2217} INFO - Executing <Task(PythonOperator): get_data> on 2026-01-14 16:00:00+00:00
[2026-01-17T13:20:41.958+0000] {standard_task_runner.py:60} INFO - Started process 39644 to run task
[2026-01-17T13:20:41.960+0000] {standard_task_runner.py:87} INFO - Running: ['***', 'tasks', 'run', 'ModelDevelop', 'get_data', 'scheduled__2026-01-14T16:00:00+00:00', '--job-id', '595', '--raw', '--subdir', 'DAGS_FOLDER/example.py', '--cfg-path', '/tmp/tmpyda8i95p']
[2026-01-17T13:20:41.961+0000] {standard_task_runner.py:88} INFO - Job 595: Subtask get_data
[2026-01-17T13:20:41.971+0000] {warnings.py:109} WARNING - /home/***/.local/lib/python3.9/site-packages/***/settings.py:194: DeprecationWarning: The sql_alchemy_conn option in [core] has been moved to the sql_alchemy_conn option in [database] - the old setting has been used, but please update your config.
  SQL_ALCHEMY_CONN = conf.get("database", "SQL_ALCHEMY_CONN")

[2026-01-17T13:20:42.001+0000] {task_command.py:423} INFO - Running <TaskInstance: ModelDevelop.get_data scheduled__2026-01-14T16:00:00+00:00 [running]> on host ed3184b6b543
[2026-01-17T13:20:42.060+0000] {taskinstance.py:2513} INFO - Exporting env vars: AIRFLOW_CTX_DAG_OWNER='***' AIRFLOW_CTX_DAG_ID='ModelDevelop' AIRFLOW_CTX_TASK_ID='get_data' AIRFLOW_CTX_EXECUTION_DATE='2026-01-14T16:00:00+00:00' AIRFLOW_CTX_TRY_NUMBER='1' AIRFLOW_CTX_DAG_RUN_ID='scheduled__2026-01-14T16:00:00+00:00'
[2026-01-17T13:20:42.069+0000] {python.py:202} INFO - Done. Returned value was: ./iris.csv
[2026-01-17T13:20:42.085+0000] {taskinstance.py:1149} INFO - Marking task as SUCCESS. dag_id=ModelDevelop, task_id=get_data, execution_date=20260114T160000, start_date=20260117T132041, end_date=20260117T132042
[2026-01-17T13:20:42.132+0000] {local_task_job_runner.py:234} INFO - Task exited with return code 0
[2026-01-17T13:20:42.153+0000] {taskinstance.py:3312} INFO - 1 downstream tasks scheduled from follow-on schedule check
[2026-01-17T13:42:18.229+0000] {taskinstance.py:1979} INFO - Dependencies all met for dep_context=non-requeueable deps ti=<TaskInstance: ModelDevelop.get_data scheduled__2026-01-14T16:00:00+00:00 [queued]>
[2026-01-17T13:42:18.234+0000] {taskinstance.py:1979} INFO - Dependencies all met for dep_context=requeueable deps ti=<TaskInstance: ModelDevelop.get_data scheduled__2026-01-14T16:00:00+00:00 [queued]>
[2026-01-17T13:42:18.234+0000] {taskinstance.py:2193} INFO - Starting attempt 1 of 2
[2026-01-17T13:42:18.241+0000] {taskinstance.py:2217} INFO - Executing <Task(PythonOperator): get_data> on 2026-01-14 16:00:00+00:00
[2026-01-17T13:42:18.247+0000] {standard_task_runner.py:60} INFO - Started process 40107 to run task
[2026-01-17T13:42:18.249+0000] {standard_task_runner.py:87} INFO - Running: ['***', 'tasks', 'run', 'ModelDevelop', 'get_data', 'scheduled__2026-01-14T16:00:00+00:00', '--job-id', '601', '--raw', '--subdir', 'DAGS_FOLDER/example.py', '--cfg-path', '/tmp/tmp9l2oaah2']
[2026-01-17T13:42:18.250+0000] {standard_task_runner.py:88} INFO - Job 601: Subtask get_data
[2026-01-17T13:42:18.259+0000] {warnings.py:109} WARNING - /home/***/.local/lib/python3.9/site-packages/***/settings.py:194: DeprecationWarning: The sql_alchemy_conn option in [core] has been moved to the sql_alchemy_conn option in [database] - the old setting has been used, but please update your config.
  SQL_ALCHEMY_CONN = conf.get("database", "SQL_ALCHEMY_CONN")

[2026-01-17T13:42:18.286+0000] {task_command.py:423} INFO - Running <TaskInstance: ModelDevelop.get_data scheduled__2026-01-14T16:00:00+00:00 [running]> on host 5330652dc216
[2026-01-17T13:42:18.333+0000] {taskinstance.py:2513} INFO - Exporting env vars: AIRFLOW_CTX_DAG_OWNER='***' AIRFLOW_CTX_DAG_ID='ModelDevelop' AIRFLOW_CTX_TASK_ID='get_data' AIRFLOW_CTX_EXECUTION_DATE='2026-01-14T16:00:00+00:00' AIRFLOW_CTX_TRY_NUMBER='1' AIRFLOW_CTX_DAG_RUN_ID='scheduled__2026-01-14T16:00:00+00:00'
[2026-01-17T13:42:18.341+0000] {python.py:202} INFO - Done. Returned value was: ./iris.csv
[2026-01-17T13:42:18.355+0000] {taskinstance.py:1149} INFO - Marking task as SUCCESS. dag_id=ModelDevelop, task_id=get_data, execution_date=20260114T160000, start_date=20260117T134218, end_date=20260117T134218
[2026-01-17T13:42:18.381+0000] {local_task_job_runner.py:234} INFO - Task exited with return code 0
[2026-01-17T13:42:18.397+0000] {taskinstance.py:3312} INFO - 1 downstream tasks scheduled from follow-on schedule check
