[2026-01-16T07:56:18.050+0000] {taskinstance.py:1979} INFO - Dependencies all met for dep_context=non-requeueable deps ti=<TaskInstance: ModelDevelop.get_data scheduled__2026-01-11T14:00:00+00:00 [queued]>
[2026-01-16T07:56:18.057+0000] {taskinstance.py:1979} INFO - Dependencies all met for dep_context=requeueable deps ti=<TaskInstance: ModelDevelop.get_data scheduled__2026-01-11T14:00:00+00:00 [queued]>
[2026-01-16T07:56:18.057+0000] {taskinstance.py:2193} INFO - Starting attempt 1 of 2
[2026-01-16T07:56:18.066+0000] {taskinstance.py:2217} INFO - Executing <Task(PythonOperator): get_data> on 2026-01-11 14:00:00+00:00
[2026-01-16T07:56:18.074+0000] {standard_task_runner.py:60} INFO - Started process 30530 to run task
[2026-01-16T07:56:18.076+0000] {standard_task_runner.py:87} INFO - Running: ['***', 'tasks', 'run', 'ModelDevelop', 'get_data', 'scheduled__2026-01-11T14:00:00+00:00', '--job-id', '456', '--raw', '--subdir', 'DAGS_FOLDER/example.py', '--cfg-path', '/tmp/tmp3laz840c']
[2026-01-16T07:56:18.077+0000] {standard_task_runner.py:88} INFO - Job 456: Subtask get_data
[2026-01-16T07:56:18.086+0000] {warnings.py:109} WARNING - /home/***/.local/lib/python3.9/site-packages/***/settings.py:194: DeprecationWarning: The sql_alchemy_conn option in [core] has been moved to the sql_alchemy_conn option in [database] - the old setting has been used, but please update your config.
  SQL_ALCHEMY_CONN = conf.get("database", "SQL_ALCHEMY_CONN")

[2026-01-16T07:56:18.123+0000] {task_command.py:423} INFO - Running <TaskInstance: ModelDevelop.get_data scheduled__2026-01-11T14:00:00+00:00 [running]> on host 8a4f043652f0
[2026-01-16T07:56:18.251+0000] {taskinstance.py:2513} INFO - Exporting env vars: AIRFLOW_CTX_DAG_OWNER='***' AIRFLOW_CTX_DAG_ID='ModelDevelop' AIRFLOW_CTX_TASK_ID='get_data' AIRFLOW_CTX_EXECUTION_DATE='2026-01-11T14:00:00+00:00' AIRFLOW_CTX_TRY_NUMBER='1' AIRFLOW_CTX_DAG_RUN_ID='scheduled__2026-01-11T14:00:00+00:00'
[2026-01-16T07:56:18.261+0000] {python.py:202} INFO - Done. Returned value was: ./iris.csv
[2026-01-16T07:56:18.279+0000] {taskinstance.py:1149} INFO - Marking task as SUCCESS. dag_id=ModelDevelop, task_id=get_data, execution_date=20260111T140000, start_date=20260116T075618, end_date=20260116T075618
[2026-01-16T07:56:18.329+0000] {local_task_job_runner.py:234} INFO - Task exited with return code 0
[2026-01-16T07:56:18.377+0000] {taskinstance.py:3312} INFO - 0 downstream tasks scheduled from follow-on schedule check
[2026-01-17T13:20:00.670+0000] {taskinstance.py:1979} INFO - Dependencies all met for dep_context=non-requeueable deps ti=<TaskInstance: ModelDevelop.get_data scheduled__2026-01-11T14:00:00+00:00 [queued]>
[2026-01-17T13:20:00.677+0000] {taskinstance.py:1979} INFO - Dependencies all met for dep_context=requeueable deps ti=<TaskInstance: ModelDevelop.get_data scheduled__2026-01-11T14:00:00+00:00 [queued]>
[2026-01-17T13:20:00.677+0000] {taskinstance.py:2193} INFO - Starting attempt 1 of 2
[2026-01-17T13:20:00.686+0000] {taskinstance.py:2217} INFO - Executing <Task(PythonOperator): get_data> on 2026-01-11 14:00:00+00:00
[2026-01-17T13:20:00.696+0000] {standard_task_runner.py:60} INFO - Started process 30661 to run task
[2026-01-17T13:20:00.702+0000] {standard_task_runner.py:87} INFO - Running: ['***', 'tasks', 'run', 'ModelDevelop', 'get_data', 'scheduled__2026-01-11T14:00:00+00:00', '--job-id', '457', '--raw', '--subdir', 'DAGS_FOLDER/example.py', '--cfg-path', '/tmp/tmpi2hgznr7']
[2026-01-17T13:20:00.703+0000] {standard_task_runner.py:88} INFO - Job 457: Subtask get_data
[2026-01-17T13:20:00.714+0000] {warnings.py:109} WARNING - /home/***/.local/lib/python3.9/site-packages/***/settings.py:194: DeprecationWarning: The sql_alchemy_conn option in [core] has been moved to the sql_alchemy_conn option in [database] - the old setting has been used, but please update your config.
  SQL_ALCHEMY_CONN = conf.get("database", "SQL_ALCHEMY_CONN")

[2026-01-17T13:20:00.747+0000] {task_command.py:423} INFO - Running <TaskInstance: ModelDevelop.get_data scheduled__2026-01-11T14:00:00+00:00 [running]> on host ed3184b6b543
[2026-01-17T13:20:00.811+0000] {taskinstance.py:2513} INFO - Exporting env vars: AIRFLOW_CTX_DAG_OWNER='***' AIRFLOW_CTX_DAG_ID='ModelDevelop' AIRFLOW_CTX_TASK_ID='get_data' AIRFLOW_CTX_EXECUTION_DATE='2026-01-11T14:00:00+00:00' AIRFLOW_CTX_TRY_NUMBER='1' AIRFLOW_CTX_DAG_RUN_ID='scheduled__2026-01-11T14:00:00+00:00'
[2026-01-17T13:20:00.822+0000] {python.py:202} INFO - Done. Returned value was: ./iris.csv
[2026-01-17T13:20:00.884+0000] {taskinstance.py:1149} INFO - Marking task as SUCCESS. dag_id=ModelDevelop, task_id=get_data, execution_date=20260111T140000, start_date=20260117T132000, end_date=20260117T132000
[2026-01-17T13:20:00.912+0000] {local_task_job_runner.py:234} INFO - Task exited with return code 0
[2026-01-17T13:20:00.929+0000] {taskinstance.py:3312} INFO - 1 downstream tasks scheduled from follow-on schedule check
[2026-01-17T13:41:31.753+0000] {taskinstance.py:1979} INFO - Dependencies all met for dep_context=non-requeueable deps ti=<TaskInstance: ModelDevelop.get_data scheduled__2026-01-11T14:00:00+00:00 [queued]>
[2026-01-17T13:41:31.759+0000] {taskinstance.py:1979} INFO - Dependencies all met for dep_context=requeueable deps ti=<TaskInstance: ModelDevelop.get_data scheduled__2026-01-11T14:00:00+00:00 [queued]>
[2026-01-17T13:41:31.759+0000] {taskinstance.py:2193} INFO - Starting attempt 1 of 2
[2026-01-17T13:41:31.769+0000] {taskinstance.py:2217} INFO - Executing <Task(PythonOperator): get_data> on 2026-01-11 14:00:00+00:00
[2026-01-17T13:41:31.777+0000] {standard_task_runner.py:60} INFO - Started process 31197 to run task
[2026-01-17T13:41:31.780+0000] {standard_task_runner.py:87} INFO - Running: ['***', 'tasks', 'run', 'ModelDevelop', 'get_data', 'scheduled__2026-01-11T14:00:00+00:00', '--job-id', '463', '--raw', '--subdir', 'DAGS_FOLDER/example.py', '--cfg-path', '/tmp/tmpy3ebfhxy']
[2026-01-17T13:41:31.781+0000] {standard_task_runner.py:88} INFO - Job 463: Subtask get_data
[2026-01-17T13:41:31.792+0000] {warnings.py:109} WARNING - /home/***/.local/lib/python3.9/site-packages/***/settings.py:194: DeprecationWarning: The sql_alchemy_conn option in [core] has been moved to the sql_alchemy_conn option in [database] - the old setting has been used, but please update your config.
  SQL_ALCHEMY_CONN = conf.get("database", "SQL_ALCHEMY_CONN")

[2026-01-17T13:41:31.858+0000] {task_command.py:423} INFO - Running <TaskInstance: ModelDevelop.get_data scheduled__2026-01-11T14:00:00+00:00 [running]> on host 5330652dc216
[2026-01-17T13:41:31.916+0000] {taskinstance.py:2513} INFO - Exporting env vars: AIRFLOW_CTX_DAG_OWNER='***' AIRFLOW_CTX_DAG_ID='ModelDevelop' AIRFLOW_CTX_TASK_ID='get_data' AIRFLOW_CTX_EXECUTION_DATE='2026-01-11T14:00:00+00:00' AIRFLOW_CTX_TRY_NUMBER='1' AIRFLOW_CTX_DAG_RUN_ID='scheduled__2026-01-11T14:00:00+00:00'
[2026-01-17T13:41:31.926+0000] {python.py:202} INFO - Done. Returned value was: ./iris.csv
[2026-01-17T13:41:31.941+0000] {taskinstance.py:1149} INFO - Marking task as SUCCESS. dag_id=ModelDevelop, task_id=get_data, execution_date=20260111T140000, start_date=20260117T134131, end_date=20260117T134131
[2026-01-17T13:41:31.992+0000] {local_task_job_runner.py:234} INFO - Task exited with return code 0
[2026-01-17T13:41:32.026+0000] {taskinstance.py:3312} INFO - 1 downstream tasks scheduled from follow-on schedule check
