[2026-01-16T07:55:38.048+0000] {taskinstance.py:1979} INFO - Dependencies all met for dep_context=non-requeueable deps ti=<TaskInstance: ModelDevelop.get_data scheduled__2026-01-09T00:00:00+00:00 [queued]>
[2026-01-16T07:55:38.055+0000] {taskinstance.py:1979} INFO - Dependencies all met for dep_context=requeueable deps ti=<TaskInstance: ModelDevelop.get_data scheduled__2026-01-09T00:00:00+00:00 [queued]>
[2026-01-16T07:55:38.055+0000] {taskinstance.py:2193} INFO - Starting attempt 1 of 2
[2026-01-16T07:55:38.065+0000] {taskinstance.py:2217} INFO - Executing <Task(PythonOperator): get_data> on 2026-01-09 00:00:00+00:00
[2026-01-16T07:55:38.072+0000] {standard_task_runner.py:60} INFO - Started process 21994 to run task
[2026-01-16T07:55:38.075+0000] {standard_task_runner.py:87} INFO - Running: ['***', 'tasks', 'run', 'ModelDevelop', 'get_data', 'scheduled__2026-01-09T00:00:00+00:00', '--job-id', '330', '--raw', '--subdir', 'DAGS_FOLDER/example.py', '--cfg-path', '/tmp/tmprenviaah']
[2026-01-16T07:55:38.076+0000] {standard_task_runner.py:88} INFO - Job 330: Subtask get_data
[2026-01-16T07:55:38.086+0000] {warnings.py:109} WARNING - /home/***/.local/lib/python3.9/site-packages/***/settings.py:194: DeprecationWarning: The sql_alchemy_conn option in [core] has been moved to the sql_alchemy_conn option in [database] - the old setting has been used, but please update your config.
  SQL_ALCHEMY_CONN = conf.get("database", "SQL_ALCHEMY_CONN")

[2026-01-16T07:55:38.141+0000] {task_command.py:423} INFO - Running <TaskInstance: ModelDevelop.get_data scheduled__2026-01-09T00:00:00+00:00 [running]> on host 8a4f043652f0
[2026-01-16T07:55:38.213+0000] {taskinstance.py:2513} INFO - Exporting env vars: AIRFLOW_CTX_DAG_OWNER='***' AIRFLOW_CTX_DAG_ID='ModelDevelop' AIRFLOW_CTX_TASK_ID='get_data' AIRFLOW_CTX_EXECUTION_DATE='2026-01-09T00:00:00+00:00' AIRFLOW_CTX_TRY_NUMBER='1' AIRFLOW_CTX_DAG_RUN_ID='scheduled__2026-01-09T00:00:00+00:00'
[2026-01-16T07:55:38.222+0000] {python.py:202} INFO - Done. Returned value was: ./iris.csv
[2026-01-16T07:55:38.236+0000] {taskinstance.py:1149} INFO - Marking task as SUCCESS. dag_id=ModelDevelop, task_id=get_data, execution_date=20260109T000000, start_date=20260116T075538, end_date=20260116T075538
[2026-01-16T07:55:38.287+0000] {local_task_job_runner.py:234} INFO - Task exited with return code 0
[2026-01-16T07:55:38.305+0000] {taskinstance.py:3312} INFO - 1 downstream tasks scheduled from follow-on schedule check
[2026-01-17T13:19:20.042+0000] {taskinstance.py:1979} INFO - Dependencies all met for dep_context=non-requeueable deps ti=<TaskInstance: ModelDevelop.get_data scheduled__2026-01-09T00:00:00+00:00 [queued]>
[2026-01-17T13:19:20.049+0000] {taskinstance.py:1979} INFO - Dependencies all met for dep_context=requeueable deps ti=<TaskInstance: ModelDevelop.get_data scheduled__2026-01-09T00:00:00+00:00 [queued]>
[2026-01-17T13:19:20.049+0000] {taskinstance.py:2193} INFO - Starting attempt 1 of 2
[2026-01-17T13:19:20.059+0000] {taskinstance.py:2217} INFO - Executing <Task(PythonOperator): get_data> on 2026-01-09 00:00:00+00:00
[2026-01-17T13:19:20.073+0000] {standard_task_runner.py:60} INFO - Started process 22187 to run task
[2026-01-17T13:19:20.102+0000] {standard_task_runner.py:87} INFO - Running: ['***', 'tasks', 'run', 'ModelDevelop', 'get_data', 'scheduled__2026-01-09T00:00:00+00:00', '--job-id', '332', '--raw', '--subdir', 'DAGS_FOLDER/example.py', '--cfg-path', '/tmp/tmpx8i4ybts']
[2026-01-17T13:19:20.103+0000] {standard_task_runner.py:88} INFO - Job 332: Subtask get_data
[2026-01-17T13:19:20.120+0000] {warnings.py:109} WARNING - /home/***/.local/lib/python3.9/site-packages/***/settings.py:194: DeprecationWarning: The sql_alchemy_conn option in [core] has been moved to the sql_alchemy_conn option in [database] - the old setting has been used, but please update your config.
  SQL_ALCHEMY_CONN = conf.get("database", "SQL_ALCHEMY_CONN")

[2026-01-17T13:19:20.152+0000] {task_command.py:423} INFO - Running <TaskInstance: ModelDevelop.get_data scheduled__2026-01-09T00:00:00+00:00 [running]> on host ed3184b6b543
[2026-01-17T13:19:20.207+0000] {taskinstance.py:2513} INFO - Exporting env vars: AIRFLOW_CTX_DAG_OWNER='***' AIRFLOW_CTX_DAG_ID='ModelDevelop' AIRFLOW_CTX_TASK_ID='get_data' AIRFLOW_CTX_EXECUTION_DATE='2026-01-09T00:00:00+00:00' AIRFLOW_CTX_TRY_NUMBER='1' AIRFLOW_CTX_DAG_RUN_ID='scheduled__2026-01-09T00:00:00+00:00'
[2026-01-17T13:19:20.217+0000] {python.py:202} INFO - Done. Returned value was: ./iris.csv
[2026-01-17T13:19:20.232+0000] {taskinstance.py:1149} INFO - Marking task as SUCCESS. dag_id=ModelDevelop, task_id=get_data, execution_date=20260109T000000, start_date=20260117T131920, end_date=20260117T131920
[2026-01-17T13:19:20.263+0000] {local_task_job_runner.py:234} INFO - Task exited with return code 0
[2026-01-17T13:19:20.284+0000] {taskinstance.py:3312} INFO - 1 downstream tasks scheduled from follow-on schedule check
[2026-01-17T13:40:45.142+0000] {taskinstance.py:1979} INFO - Dependencies all met for dep_context=non-requeueable deps ti=<TaskInstance: ModelDevelop.get_data scheduled__2026-01-09T00:00:00+00:00 [queued]>
[2026-01-17T13:40:45.160+0000] {taskinstance.py:1979} INFO - Dependencies all met for dep_context=requeueable deps ti=<TaskInstance: ModelDevelop.get_data scheduled__2026-01-09T00:00:00+00:00 [queued]>
[2026-01-17T13:40:45.160+0000] {taskinstance.py:2193} INFO - Starting attempt 1 of 2
[2026-01-17T13:40:45.176+0000] {taskinstance.py:2217} INFO - Executing <Task(PythonOperator): get_data> on 2026-01-09 00:00:00+00:00
[2026-01-17T13:40:45.183+0000] {standard_task_runner.py:60} INFO - Started process 22720 to run task
[2026-01-17T13:40:45.186+0000] {standard_task_runner.py:87} INFO - Running: ['***', 'tasks', 'run', 'ModelDevelop', 'get_data', 'scheduled__2026-01-09T00:00:00+00:00', '--job-id', '337', '--raw', '--subdir', 'DAGS_FOLDER/example.py', '--cfg-path', '/tmp/tmpknz51e23']
[2026-01-17T13:40:45.187+0000] {standard_task_runner.py:88} INFO - Job 337: Subtask get_data
[2026-01-17T13:40:45.195+0000] {warnings.py:109} WARNING - /home/***/.local/lib/python3.9/site-packages/***/settings.py:194: DeprecationWarning: The sql_alchemy_conn option in [core] has been moved to the sql_alchemy_conn option in [database] - the old setting has been used, but please update your config.
  SQL_ALCHEMY_CONN = conf.get("database", "SQL_ALCHEMY_CONN")

[2026-01-17T13:40:45.218+0000] {task_command.py:423} INFO - Running <TaskInstance: ModelDevelop.get_data scheduled__2026-01-09T00:00:00+00:00 [running]> on host 5330652dc216
[2026-01-17T13:40:45.312+0000] {taskinstance.py:2513} INFO - Exporting env vars: AIRFLOW_CTX_DAG_OWNER='***' AIRFLOW_CTX_DAG_ID='ModelDevelop' AIRFLOW_CTX_TASK_ID='get_data' AIRFLOW_CTX_EXECUTION_DATE='2026-01-09T00:00:00+00:00' AIRFLOW_CTX_TRY_NUMBER='1' AIRFLOW_CTX_DAG_RUN_ID='scheduled__2026-01-09T00:00:00+00:00'
[2026-01-17T13:40:45.321+0000] {python.py:202} INFO - Done. Returned value was: ./iris.csv
[2026-01-17T13:40:45.339+0000] {taskinstance.py:1149} INFO - Marking task as SUCCESS. dag_id=ModelDevelop, task_id=get_data, execution_date=20260109T000000, start_date=20260117T134045, end_date=20260117T134045
[2026-01-17T13:40:45.358+0000] {local_task_job_runner.py:234} INFO - Task exited with return code 0
[2026-01-17T13:40:45.424+0000] {taskinstance.py:3312} INFO - 0 downstream tasks scheduled from follow-on schedule check
