[2026-01-16T07:56:59.757+0000] {taskinstance.py:1979} INFO - Dependencies all met for dep_context=non-requeueable deps ti=<TaskInstance: ModelDevelop.get_data scheduled__2026-01-14T08:00:00+00:00 [queued]>
[2026-01-16T07:56:59.762+0000] {taskinstance.py:1979} INFO - Dependencies all met for dep_context=requeueable deps ti=<TaskInstance: ModelDevelop.get_data scheduled__2026-01-14T08:00:00+00:00 [queued]>
[2026-01-16T07:56:59.762+0000] {taskinstance.py:2193} INFO - Starting attempt 1 of 2
[2026-01-16T07:56:59.770+0000] {taskinstance.py:2217} INFO - Executing <Task(PythonOperator): get_data> on 2026-01-14 08:00:00+00:00
[2026-01-16T07:56:59.776+0000] {standard_task_runner.py:60} INFO - Started process 39178 to run task
[2026-01-16T07:56:59.778+0000] {standard_task_runner.py:87} INFO - Running: ['***', 'tasks', 'run', 'ModelDevelop', 'get_data', 'scheduled__2026-01-14T08:00:00+00:00', '--job-id', '587', '--raw', '--subdir', 'DAGS_FOLDER/example.py', '--cfg-path', '/tmp/tmpmz1_26ny']
[2026-01-16T07:56:59.779+0000] {standard_task_runner.py:88} INFO - Job 587: Subtask get_data
[2026-01-16T07:56:59.788+0000] {warnings.py:109} WARNING - /home/***/.local/lib/python3.9/site-packages/***/settings.py:194: DeprecationWarning: The sql_alchemy_conn option in [core] has been moved to the sql_alchemy_conn option in [database] - the old setting has been used, but please update your config.
  SQL_ALCHEMY_CONN = conf.get("database", "SQL_ALCHEMY_CONN")

[2026-01-16T07:56:59.844+0000] {task_command.py:423} INFO - Running <TaskInstance: ModelDevelop.get_data scheduled__2026-01-14T08:00:00+00:00 [running]> on host 8a4f043652f0
[2026-01-16T07:56:59.948+0000] {taskinstance.py:2513} INFO - Exporting env vars: AIRFLOW_CTX_DAG_OWNER='***' AIRFLOW_CTX_DAG_ID='ModelDevelop' AIRFLOW_CTX_TASK_ID='get_data' AIRFLOW_CTX_EXECUTION_DATE='2026-01-14T08:00:00+00:00' AIRFLOW_CTX_TRY_NUMBER='1' AIRFLOW_CTX_DAG_RUN_ID='scheduled__2026-01-14T08:00:00+00:00'
[2026-01-16T07:56:59.959+0000] {python.py:202} INFO - Done. Returned value was: ./iris.csv
[2026-01-16T07:56:59.994+0000] {taskinstance.py:1149} INFO - Marking task as SUCCESS. dag_id=ModelDevelop, task_id=get_data, execution_date=20260114T080000, start_date=20260116T075659, end_date=20260116T075659
[2026-01-16T07:57:00.031+0000] {local_task_job_runner.py:234} INFO - Task exited with return code 0
[2026-01-16T07:57:00.064+0000] {taskinstance.py:3312} INFO - 1 downstream tasks scheduled from follow-on schedule check
[2026-01-17T13:20:40.698+0000] {taskinstance.py:1979} INFO - Dependencies all met for dep_context=non-requeueable deps ti=<TaskInstance: ModelDevelop.get_data scheduled__2026-01-14T08:00:00+00:00 [queued]>
[2026-01-17T13:20:40.716+0000] {taskinstance.py:1979} INFO - Dependencies all met for dep_context=requeueable deps ti=<TaskInstance: ModelDevelop.get_data scheduled__2026-01-14T08:00:00+00:00 [queued]>
[2026-01-17T13:20:40.720+0000] {taskinstance.py:2193} INFO - Starting attempt 1 of 2
[2026-01-17T13:20:40.734+0000] {taskinstance.py:2217} INFO - Executing <Task(PythonOperator): get_data> on 2026-01-14 08:00:00+00:00
[2026-01-17T13:20:40.745+0000] {standard_task_runner.py:60} INFO - Started process 39274 to run task
[2026-01-17T13:20:40.750+0000] {standard_task_runner.py:87} INFO - Running: ['***', 'tasks', 'run', 'ModelDevelop', 'get_data', 'scheduled__2026-01-14T08:00:00+00:00', '--job-id', '587', '--raw', '--subdir', 'DAGS_FOLDER/example.py', '--cfg-path', '/tmp/tmpl70se2jm']
[2026-01-17T13:20:40.751+0000] {standard_task_runner.py:88} INFO - Job 587: Subtask get_data
[2026-01-17T13:20:40.760+0000] {warnings.py:109} WARNING - /home/***/.local/lib/python3.9/site-packages/***/settings.py:194: DeprecationWarning: The sql_alchemy_conn option in [core] has been moved to the sql_alchemy_conn option in [database] - the old setting has been used, but please update your config.
  SQL_ALCHEMY_CONN = conf.get("database", "SQL_ALCHEMY_CONN")

[2026-01-17T13:20:40.787+0000] {task_command.py:423} INFO - Running <TaskInstance: ModelDevelop.get_data scheduled__2026-01-14T08:00:00+00:00 [running]> on host ed3184b6b543
[2026-01-17T13:20:40.894+0000] {taskinstance.py:2513} INFO - Exporting env vars: AIRFLOW_CTX_DAG_OWNER='***' AIRFLOW_CTX_DAG_ID='ModelDevelop' AIRFLOW_CTX_TASK_ID='get_data' AIRFLOW_CTX_EXECUTION_DATE='2026-01-14T08:00:00+00:00' AIRFLOW_CTX_TRY_NUMBER='1' AIRFLOW_CTX_DAG_RUN_ID='scheduled__2026-01-14T08:00:00+00:00'
[2026-01-17T13:20:40.905+0000] {python.py:202} INFO - Done. Returned value was: ./iris.csv
[2026-01-17T13:20:40.919+0000] {taskinstance.py:1149} INFO - Marking task as SUCCESS. dag_id=ModelDevelop, task_id=get_data, execution_date=20260114T080000, start_date=20260117T132040, end_date=20260117T132040
[2026-01-17T13:20:40.960+0000] {local_task_job_runner.py:234} INFO - Task exited with return code 0
[2026-01-17T13:20:40.979+0000] {taskinstance.py:3312} INFO - 1 downstream tasks scheduled from follow-on schedule check
[2026-01-17T13:42:17.501+0000] {taskinstance.py:1979} INFO - Dependencies all met for dep_context=non-requeueable deps ti=<TaskInstance: ModelDevelop.get_data scheduled__2026-01-14T08:00:00+00:00 [queued]>
[2026-01-17T13:42:17.510+0000] {taskinstance.py:1979} INFO - Dependencies all met for dep_context=requeueable deps ti=<TaskInstance: ModelDevelop.get_data scheduled__2026-01-14T08:00:00+00:00 [queued]>
[2026-01-17T13:42:17.510+0000] {taskinstance.py:2193} INFO - Starting attempt 1 of 2
[2026-01-17T13:42:17.521+0000] {taskinstance.py:2217} INFO - Executing <Task(PythonOperator): get_data> on 2026-01-14 08:00:00+00:00
[2026-01-17T13:42:17.530+0000] {standard_task_runner.py:60} INFO - Started process 39908 to run task
[2026-01-17T13:42:17.543+0000] {standard_task_runner.py:87} INFO - Running: ['***', 'tasks', 'run', 'ModelDevelop', 'get_data', 'scheduled__2026-01-14T08:00:00+00:00', '--job-id', '593', '--raw', '--subdir', 'DAGS_FOLDER/example.py', '--cfg-path', '/tmp/tmptr9_xrxm']
[2026-01-17T13:42:17.544+0000] {standard_task_runner.py:88} INFO - Job 593: Subtask get_data
[2026-01-17T13:42:17.595+0000] {warnings.py:109} WARNING - /home/***/.local/lib/python3.9/site-packages/***/settings.py:194: DeprecationWarning: The sql_alchemy_conn option in [core] has been moved to the sql_alchemy_conn option in [database] - the old setting has been used, but please update your config.
  SQL_ALCHEMY_CONN = conf.get("database", "SQL_ALCHEMY_CONN")

[2026-01-17T13:42:17.637+0000] {task_command.py:423} INFO - Running <TaskInstance: ModelDevelop.get_data scheduled__2026-01-14T08:00:00+00:00 [running]> on host 5330652dc216
[2026-01-17T13:42:17.700+0000] {taskinstance.py:2513} INFO - Exporting env vars: AIRFLOW_CTX_DAG_OWNER='***' AIRFLOW_CTX_DAG_ID='ModelDevelop' AIRFLOW_CTX_TASK_ID='get_data' AIRFLOW_CTX_EXECUTION_DATE='2026-01-14T08:00:00+00:00' AIRFLOW_CTX_TRY_NUMBER='1' AIRFLOW_CTX_DAG_RUN_ID='scheduled__2026-01-14T08:00:00+00:00'
[2026-01-17T13:42:17.711+0000] {python.py:202} INFO - Done. Returned value was: ./iris.csv
[2026-01-17T13:42:17.752+0000] {taskinstance.py:1149} INFO - Marking task as SUCCESS. dag_id=ModelDevelop, task_id=get_data, execution_date=20260114T080000, start_date=20260117T134217, end_date=20260117T134217
[2026-01-17T13:42:17.789+0000] {local_task_job_runner.py:234} INFO - Task exited with return code 0
[2026-01-17T13:42:17.804+0000] {taskinstance.py:3312} INFO - 1 downstream tasks scheduled from follow-on schedule check
