[2026-01-16T07:54:35.597+0000] {taskinstance.py:1979} INFO - Dependencies all met for dep_context=non-requeueable deps ti=<TaskInstance: ModelDevelop.get_data scheduled__2026-01-04T19:00:00+00:00 [queued]>
[2026-01-16T07:54:35.604+0000] {taskinstance.py:1979} INFO - Dependencies all met for dep_context=requeueable deps ti=<TaskInstance: ModelDevelop.get_data scheduled__2026-01-04T19:00:00+00:00 [queued]>
[2026-01-16T07:54:35.604+0000] {taskinstance.py:2193} INFO - Starting attempt 1 of 2
[2026-01-16T07:54:35.624+0000] {taskinstance.py:2217} INFO - Executing <Task(PythonOperator): get_data> on 2026-01-04 19:00:00+00:00
[2026-01-16T07:54:35.637+0000] {standard_task_runner.py:60} INFO - Started process 9087 to run task
[2026-01-16T07:54:35.642+0000] {standard_task_runner.py:87} INFO - Running: ['***', 'tasks', 'run', 'ModelDevelop', 'get_data', 'scheduled__2026-01-04T19:00:00+00:00', '--job-id', '133', '--raw', '--subdir', 'DAGS_FOLDER/example.py', '--cfg-path', '/tmp/tmpkqx0lle1']
[2026-01-16T07:54:35.643+0000] {standard_task_runner.py:88} INFO - Job 133: Subtask get_data
[2026-01-16T07:54:35.694+0000] {warnings.py:109} WARNING - /home/***/.local/lib/python3.9/site-packages/***/settings.py:194: DeprecationWarning: The sql_alchemy_conn option in [core] has been moved to the sql_alchemy_conn option in [database] - the old setting has been used, but please update your config.
  SQL_ALCHEMY_CONN = conf.get("database", "SQL_ALCHEMY_CONN")

[2026-01-16T07:54:35.726+0000] {task_command.py:423} INFO - Running <TaskInstance: ModelDevelop.get_data scheduled__2026-01-04T19:00:00+00:00 [running]> on host 8a4f043652f0
[2026-01-16T07:54:35.782+0000] {taskinstance.py:2513} INFO - Exporting env vars: AIRFLOW_CTX_DAG_OWNER='***' AIRFLOW_CTX_DAG_ID='ModelDevelop' AIRFLOW_CTX_TASK_ID='get_data' AIRFLOW_CTX_EXECUTION_DATE='2026-01-04T19:00:00+00:00' AIRFLOW_CTX_TRY_NUMBER='1' AIRFLOW_CTX_DAG_RUN_ID='scheduled__2026-01-04T19:00:00+00:00'
[2026-01-16T07:54:35.791+0000] {python.py:202} INFO - Done. Returned value was: ./iris.csv
[2026-01-16T07:54:35.806+0000] {taskinstance.py:1149} INFO - Marking task as SUCCESS. dag_id=ModelDevelop, task_id=get_data, execution_date=20260104T190000, start_date=20260116T075435, end_date=20260116T075435
[2026-01-16T07:54:35.860+0000] {local_task_job_runner.py:234} INFO - Task exited with return code 0
[2026-01-16T07:54:35.934+0000] {taskinstance.py:3312} INFO - 0 downstream tasks scheduled from follow-on schedule check
[2026-01-17T13:18:10.373+0000] {taskinstance.py:1979} INFO - Dependencies all met for dep_context=non-requeueable deps ti=<TaskInstance: ModelDevelop.get_data scheduled__2026-01-04T19:00:00+00:00 [queued]>
[2026-01-17T13:18:10.392+0000] {taskinstance.py:1979} INFO - Dependencies all met for dep_context=requeueable deps ti=<TaskInstance: ModelDevelop.get_data scheduled__2026-01-04T19:00:00+00:00 [queued]>
[2026-01-17T13:18:10.392+0000] {taskinstance.py:2193} INFO - Starting attempt 1 of 2
[2026-01-17T13:18:10.495+0000] {taskinstance.py:2217} INFO - Executing <Task(PythonOperator): get_data> on 2026-01-04 19:00:00+00:00
[2026-01-17T13:18:10.504+0000] {standard_task_runner.py:60} INFO - Started process 9053 to run task
[2026-01-17T13:18:10.506+0000] {standard_task_runner.py:87} INFO - Running: ['***', 'tasks', 'run', 'ModelDevelop', 'get_data', 'scheduled__2026-01-04T19:00:00+00:00', '--job-id', '132', '--raw', '--subdir', 'DAGS_FOLDER/example.py', '--cfg-path', '/tmp/tmprchtvpgl']
[2026-01-17T13:18:10.507+0000] {standard_task_runner.py:88} INFO - Job 132: Subtask get_data
[2026-01-17T13:18:10.517+0000] {warnings.py:109} WARNING - /home/***/.local/lib/python3.9/site-packages/***/settings.py:194: DeprecationWarning: The sql_alchemy_conn option in [core] has been moved to the sql_alchemy_conn option in [database] - the old setting has been used, but please update your config.
  SQL_ALCHEMY_CONN = conf.get("database", "SQL_ALCHEMY_CONN")

[2026-01-17T13:18:10.586+0000] {task_command.py:423} INFO - Running <TaskInstance: ModelDevelop.get_data scheduled__2026-01-04T19:00:00+00:00 [running]> on host ed3184b6b543
[2026-01-17T13:18:10.643+0000] {taskinstance.py:2513} INFO - Exporting env vars: AIRFLOW_CTX_DAG_OWNER='***' AIRFLOW_CTX_DAG_ID='ModelDevelop' AIRFLOW_CTX_TASK_ID='get_data' AIRFLOW_CTX_EXECUTION_DATE='2026-01-04T19:00:00+00:00' AIRFLOW_CTX_TRY_NUMBER='1' AIRFLOW_CTX_DAG_RUN_ID='scheduled__2026-01-04T19:00:00+00:00'
[2026-01-17T13:18:10.653+0000] {python.py:202} INFO - Done. Returned value was: ./iris.csv
[2026-01-17T13:18:10.717+0000] {taskinstance.py:1149} INFO - Marking task as SUCCESS. dag_id=ModelDevelop, task_id=get_data, execution_date=20260104T190000, start_date=20260117T131810, end_date=20260117T131810
[2026-01-17T13:18:10.758+0000] {local_task_job_runner.py:234} INFO - Task exited with return code 0
[2026-01-17T13:18:10.781+0000] {taskinstance.py:3312} INFO - 1 downstream tasks scheduled from follow-on schedule check
[2026-01-17T13:39:32.222+0000] {taskinstance.py:1979} INFO - Dependencies all met for dep_context=non-requeueable deps ti=<TaskInstance: ModelDevelop.get_data scheduled__2026-01-04T19:00:00+00:00 [queued]>
[2026-01-17T13:39:32.228+0000] {taskinstance.py:1979} INFO - Dependencies all met for dep_context=requeueable deps ti=<TaskInstance: ModelDevelop.get_data scheduled__2026-01-04T19:00:00+00:00 [queued]>
[2026-01-17T13:39:32.228+0000] {taskinstance.py:2193} INFO - Starting attempt 1 of 2
[2026-01-17T13:39:32.237+0000] {taskinstance.py:2217} INFO - Executing <Task(PythonOperator): get_data> on 2026-01-04 19:00:00+00:00
[2026-01-17T13:39:32.244+0000] {standard_task_runner.py:60} INFO - Started process 9061 to run task
[2026-01-17T13:39:32.247+0000] {standard_task_runner.py:87} INFO - Running: ['***', 'tasks', 'run', 'ModelDevelop', 'get_data', 'scheduled__2026-01-04T19:00:00+00:00', '--job-id', '134', '--raw', '--subdir', 'DAGS_FOLDER/example.py', '--cfg-path', '/tmp/tmpy4bfwi6f']
[2026-01-17T13:39:32.248+0000] {standard_task_runner.py:88} INFO - Job 134: Subtask get_data
[2026-01-17T13:39:32.286+0000] {warnings.py:109} WARNING - /home/***/.local/lib/python3.9/site-packages/***/settings.py:194: DeprecationWarning: The sql_alchemy_conn option in [core] has been moved to the sql_alchemy_conn option in [database] - the old setting has been used, but please update your config.
  SQL_ALCHEMY_CONN = conf.get("database", "SQL_ALCHEMY_CONN")

[2026-01-17T13:39:32.326+0000] {task_command.py:423} INFO - Running <TaskInstance: ModelDevelop.get_data scheduled__2026-01-04T19:00:00+00:00 [running]> on host 5330652dc216
[2026-01-17T13:39:32.416+0000] {taskinstance.py:2513} INFO - Exporting env vars: AIRFLOW_CTX_DAG_OWNER='***' AIRFLOW_CTX_DAG_ID='ModelDevelop' AIRFLOW_CTX_TASK_ID='get_data' AIRFLOW_CTX_EXECUTION_DATE='2026-01-04T19:00:00+00:00' AIRFLOW_CTX_TRY_NUMBER='1' AIRFLOW_CTX_DAG_RUN_ID='scheduled__2026-01-04T19:00:00+00:00'
[2026-01-17T13:39:32.427+0000] {python.py:202} INFO - Done. Returned value was: ./iris.csv
[2026-01-17T13:39:32.454+0000] {taskinstance.py:1149} INFO - Marking task as SUCCESS. dag_id=ModelDevelop, task_id=get_data, execution_date=20260104T190000, start_date=20260117T133932, end_date=20260117T133932
[2026-01-17T13:39:32.499+0000] {local_task_job_runner.py:234} INFO - Task exited with return code 0
[2026-01-17T13:39:32.517+0000] {taskinstance.py:3312} INFO - 1 downstream tasks scheduled from follow-on schedule check
