[2026-01-16T07:54:00.994+0000] {taskinstance.py:1979} INFO - Dependencies all met for dep_context=non-requeueable deps ti=<TaskInstance: ModelDevelop.get_data scheduled__2026-01-03T03:00:00+00:00 [queued]>
[2026-01-16T07:54:00.999+0000] {taskinstance.py:1979} INFO - Dependencies all met for dep_context=requeueable deps ti=<TaskInstance: ModelDevelop.get_data scheduled__2026-01-03T03:00:00+00:00 [queued]>
[2026-01-16T07:54:00.999+0000] {taskinstance.py:2193} INFO - Starting attempt 1 of 2
[2026-01-16T07:54:01.010+0000] {taskinstance.py:2217} INFO - Executing <Task(PythonOperator): get_data> on 2026-01-03 03:00:00+00:00
[2026-01-16T07:54:01.018+0000] {standard_task_runner.py:60} INFO - Started process 2927 to run task
[2026-01-16T07:54:01.021+0000] {standard_task_runner.py:87} INFO - Running: ['***', 'tasks', 'run', 'ModelDevelop', 'get_data', 'scheduled__2026-01-03T03:00:00+00:00', '--job-id', '45', '--raw', '--subdir', 'DAGS_FOLDER/example.py', '--cfg-path', '/tmp/tmpo__ikc81']
[2026-01-16T07:54:01.022+0000] {standard_task_runner.py:88} INFO - Job 45: Subtask get_data
[2026-01-16T07:54:01.033+0000] {warnings.py:109} WARNING - /home/***/.local/lib/python3.9/site-packages/***/settings.py:194: DeprecationWarning: The sql_alchemy_conn option in [core] has been moved to the sql_alchemy_conn option in [database] - the old setting has been used, but please update your config.
  SQL_ALCHEMY_CONN = conf.get("database", "SQL_ALCHEMY_CONN")

[2026-01-16T07:54:01.063+0000] {task_command.py:423} INFO - Running <TaskInstance: ModelDevelop.get_data scheduled__2026-01-03T03:00:00+00:00 [running]> on host 8a4f043652f0
[2026-01-16T07:54:01.123+0000] {taskinstance.py:2513} INFO - Exporting env vars: AIRFLOW_CTX_DAG_OWNER='***' AIRFLOW_CTX_DAG_ID='ModelDevelop' AIRFLOW_CTX_TASK_ID='get_data' AIRFLOW_CTX_EXECUTION_DATE='2026-01-03T03:00:00+00:00' AIRFLOW_CTX_TRY_NUMBER='1' AIRFLOW_CTX_DAG_RUN_ID='scheduled__2026-01-03T03:00:00+00:00'
[2026-01-16T07:54:01.133+0000] {python.py:202} INFO - Done. Returned value was: ./iris.csv
[2026-01-16T07:54:01.147+0000] {taskinstance.py:1149} INFO - Marking task as SUCCESS. dag_id=ModelDevelop, task_id=get_data, execution_date=20260103T030000, start_date=20260116T075400, end_date=20260116T075401
[2026-01-16T07:54:01.192+0000] {local_task_job_runner.py:234} INFO - Task exited with return code 0
[2026-01-16T07:54:01.216+0000] {taskinstance.py:3312} INFO - 1 downstream tasks scheduled from follow-on schedule check
[2026-01-17T13:17:40.781+0000] {taskinstance.py:1979} INFO - Dependencies all met for dep_context=non-requeueable deps ti=<TaskInstance: ModelDevelop.get_data scheduled__2026-01-03T03:00:00+00:00 [queued]>
[2026-01-17T13:17:40.802+0000] {taskinstance.py:1979} INFO - Dependencies all met for dep_context=requeueable deps ti=<TaskInstance: ModelDevelop.get_data scheduled__2026-01-03T03:00:00+00:00 [queued]>
[2026-01-17T13:17:40.802+0000] {taskinstance.py:2193} INFO - Starting attempt 1 of 2
[2026-01-17T13:17:40.815+0000] {taskinstance.py:2217} INFO - Executing <Task(PythonOperator): get_data> on 2026-01-03 03:00:00+00:00
[2026-01-17T13:17:40.827+0000] {standard_task_runner.py:60} INFO - Started process 2892 to run task
[2026-01-17T13:17:40.829+0000] {standard_task_runner.py:87} INFO - Running: ['***', 'tasks', 'run', 'ModelDevelop', 'get_data', 'scheduled__2026-01-03T03:00:00+00:00', '--job-id', '45', '--raw', '--subdir', 'DAGS_FOLDER/example.py', '--cfg-path', '/tmp/tmpidsuxj4c']
[2026-01-17T13:17:40.830+0000] {standard_task_runner.py:88} INFO - Job 45: Subtask get_data
[2026-01-17T13:17:40.841+0000] {warnings.py:109} WARNING - /home/***/.local/lib/python3.9/site-packages/***/settings.py:194: DeprecationWarning: The sql_alchemy_conn option in [core] has been moved to the sql_alchemy_conn option in [database] - the old setting has been used, but please update your config.
  SQL_ALCHEMY_CONN = conf.get("database", "SQL_ALCHEMY_CONN")

[2026-01-17T13:17:40.867+0000] {task_command.py:423} INFO - Running <TaskInstance: ModelDevelop.get_data scheduled__2026-01-03T03:00:00+00:00 [running]> on host ed3184b6b543
[2026-01-17T13:17:40.967+0000] {taskinstance.py:2513} INFO - Exporting env vars: AIRFLOW_CTX_DAG_OWNER='***' AIRFLOW_CTX_DAG_ID='ModelDevelop' AIRFLOW_CTX_TASK_ID='get_data' AIRFLOW_CTX_EXECUTION_DATE='2026-01-03T03:00:00+00:00' AIRFLOW_CTX_TRY_NUMBER='1' AIRFLOW_CTX_DAG_RUN_ID='scheduled__2026-01-03T03:00:00+00:00'
[2026-01-17T13:17:40.978+0000] {python.py:202} INFO - Done. Returned value was: ./iris.csv
[2026-01-17T13:17:40.994+0000] {taskinstance.py:1149} INFO - Marking task as SUCCESS. dag_id=ModelDevelop, task_id=get_data, execution_date=20260103T030000, start_date=20260117T131740, end_date=20260117T131740
[2026-01-17T13:17:41.046+0000] {local_task_job_runner.py:234} INFO - Task exited with return code 0
[2026-01-17T13:17:41.062+0000] {taskinstance.py:3312} INFO - 0 downstream tasks scheduled from follow-on schedule check
[2026-01-17T13:38:59.537+0000] {taskinstance.py:1979} INFO - Dependencies all met for dep_context=non-requeueable deps ti=<TaskInstance: ModelDevelop.get_data scheduled__2026-01-03T03:00:00+00:00 [queued]>
[2026-01-17T13:38:59.542+0000] {taskinstance.py:1979} INFO - Dependencies all met for dep_context=requeueable deps ti=<TaskInstance: ModelDevelop.get_data scheduled__2026-01-03T03:00:00+00:00 [queued]>
[2026-01-17T13:38:59.543+0000] {taskinstance.py:2193} INFO - Starting attempt 1 of 2
[2026-01-17T13:38:59.555+0000] {taskinstance.py:2217} INFO - Executing <Task(PythonOperator): get_data> on 2026-01-03 03:00:00+00:00
[2026-01-17T13:38:59.562+0000] {standard_task_runner.py:60} INFO - Started process 2864 to run task
[2026-01-17T13:38:59.566+0000] {standard_task_runner.py:87} INFO - Running: ['***', 'tasks', 'run', 'ModelDevelop', 'get_data', 'scheduled__2026-01-03T03:00:00+00:00', '--job-id', '45', '--raw', '--subdir', 'DAGS_FOLDER/example.py', '--cfg-path', '/tmp/tmp3o506vho']
[2026-01-17T13:38:59.566+0000] {standard_task_runner.py:88} INFO - Job 45: Subtask get_data
[2026-01-17T13:38:59.610+0000] {warnings.py:109} WARNING - /home/***/.local/lib/python3.9/site-packages/***/settings.py:194: DeprecationWarning: The sql_alchemy_conn option in [core] has been moved to the sql_alchemy_conn option in [database] - the old setting has been used, but please update your config.
  SQL_ALCHEMY_CONN = conf.get("database", "SQL_ALCHEMY_CONN")

[2026-01-17T13:38:59.664+0000] {task_command.py:423} INFO - Running <TaskInstance: ModelDevelop.get_data scheduled__2026-01-03T03:00:00+00:00 [running]> on host 5330652dc216
[2026-01-17T13:38:59.728+0000] {taskinstance.py:2513} INFO - Exporting env vars: AIRFLOW_CTX_DAG_OWNER='***' AIRFLOW_CTX_DAG_ID='ModelDevelop' AIRFLOW_CTX_TASK_ID='get_data' AIRFLOW_CTX_EXECUTION_DATE='2026-01-03T03:00:00+00:00' AIRFLOW_CTX_TRY_NUMBER='1' AIRFLOW_CTX_DAG_RUN_ID='scheduled__2026-01-03T03:00:00+00:00'
[2026-01-17T13:38:59.738+0000] {python.py:202} INFO - Done. Returned value was: ./iris.csv
[2026-01-17T13:38:59.814+0000] {taskinstance.py:1149} INFO - Marking task as SUCCESS. dag_id=ModelDevelop, task_id=get_data, execution_date=20260103T030000, start_date=20260117T133859, end_date=20260117T133859
[2026-01-17T13:38:59.882+0000] {local_task_job_runner.py:234} INFO - Task exited with return code 0
[2026-01-17T13:38:59.900+0000] {taskinstance.py:3312} INFO - 1 downstream tasks scheduled from follow-on schedule check
