[2026-01-16T07:55:17.557+0000] {taskinstance.py:1979} INFO - Dependencies all met for dep_context=non-requeueable deps ti=<TaskInstance: ModelDevelop.get_data scheduled__2026-01-07T12:00:00+00:00 [queued]>
[2026-01-16T07:55:17.563+0000] {taskinstance.py:1979} INFO - Dependencies all met for dep_context=requeueable deps ti=<TaskInstance: ModelDevelop.get_data scheduled__2026-01-07T12:00:00+00:00 [queued]>
[2026-01-16T07:55:17.563+0000] {taskinstance.py:2193} INFO - Starting attempt 1 of 2
[2026-01-16T07:55:17.639+0000] {taskinstance.py:2217} INFO - Executing <Task(PythonOperator): get_data> on 2026-01-07 12:00:00+00:00
[2026-01-16T07:55:17.646+0000] {standard_task_runner.py:60} INFO - Started process 17630 to run task
[2026-01-16T07:55:17.648+0000] {standard_task_runner.py:87} INFO - Running: ['***', 'tasks', 'run', 'ModelDevelop', 'get_data', 'scheduled__2026-01-07T12:00:00+00:00', '--job-id', '262', '--raw', '--subdir', 'DAGS_FOLDER/example.py', '--cfg-path', '/tmp/tmp6bpur0ti']
[2026-01-16T07:55:17.649+0000] {standard_task_runner.py:88} INFO - Job 262: Subtask get_data
[2026-01-16T07:55:17.658+0000] {warnings.py:109} WARNING - /home/***/.local/lib/python3.9/site-packages/***/settings.py:194: DeprecationWarning: The sql_alchemy_conn option in [core] has been moved to the sql_alchemy_conn option in [database] - the old setting has been used, but please update your config.
  SQL_ALCHEMY_CONN = conf.get("database", "SQL_ALCHEMY_CONN")

[2026-01-16T07:55:17.716+0000] {task_command.py:423} INFO - Running <TaskInstance: ModelDevelop.get_data scheduled__2026-01-07T12:00:00+00:00 [running]> on host 8a4f043652f0
[2026-01-16T07:55:17.793+0000] {taskinstance.py:2513} INFO - Exporting env vars: AIRFLOW_CTX_DAG_OWNER='***' AIRFLOW_CTX_DAG_ID='ModelDevelop' AIRFLOW_CTX_TASK_ID='get_data' AIRFLOW_CTX_EXECUTION_DATE='2026-01-07T12:00:00+00:00' AIRFLOW_CTX_TRY_NUMBER='1' AIRFLOW_CTX_DAG_RUN_ID='scheduled__2026-01-07T12:00:00+00:00'
[2026-01-16T07:55:17.805+0000] {python.py:202} INFO - Done. Returned value was: ./iris.csv
[2026-01-16T07:55:17.822+0000] {taskinstance.py:1149} INFO - Marking task as SUCCESS. dag_id=ModelDevelop, task_id=get_data, execution_date=20260107T120000, start_date=20260116T075517, end_date=20260116T075517
[2026-01-16T07:55:17.860+0000] {local_task_job_runner.py:234} INFO - Task exited with return code 0
[2026-01-16T07:55:17.908+0000] {taskinstance.py:3312} INFO - 1 downstream tasks scheduled from follow-on schedule check
[2026-01-17T13:18:51.279+0000] {taskinstance.py:1979} INFO - Dependencies all met for dep_context=non-requeueable deps ti=<TaskInstance: ModelDevelop.get_data scheduled__2026-01-07T12:00:00+00:00 [queued]>
[2026-01-17T13:18:51.284+0000] {taskinstance.py:1979} INFO - Dependencies all met for dep_context=requeueable deps ti=<TaskInstance: ModelDevelop.get_data scheduled__2026-01-07T12:00:00+00:00 [queued]>
[2026-01-17T13:18:51.284+0000] {taskinstance.py:2193} INFO - Starting attempt 1 of 2
[2026-01-17T13:18:51.292+0000] {taskinstance.py:2217} INFO - Executing <Task(PythonOperator): get_data> on 2026-01-07 12:00:00+00:00
[2026-01-17T13:18:51.299+0000] {standard_task_runner.py:60} INFO - Started process 17631 to run task
[2026-01-17T13:18:51.301+0000] {standard_task_runner.py:87} INFO - Running: ['***', 'tasks', 'run', 'ModelDevelop', 'get_data', 'scheduled__2026-01-07T12:00:00+00:00', '--job-id', '262', '--raw', '--subdir', 'DAGS_FOLDER/example.py', '--cfg-path', '/tmp/tmpozpqo_fk']
[2026-01-17T13:18:51.302+0000] {standard_task_runner.py:88} INFO - Job 262: Subtask get_data
[2026-01-17T13:18:51.311+0000] {warnings.py:109} WARNING - /home/***/.local/lib/python3.9/site-packages/***/settings.py:194: DeprecationWarning: The sql_alchemy_conn option in [core] has been moved to the sql_alchemy_conn option in [database] - the old setting has been used, but please update your config.
  SQL_ALCHEMY_CONN = conf.get("database", "SQL_ALCHEMY_CONN")

[2026-01-17T13:18:51.355+0000] {task_command.py:423} INFO - Running <TaskInstance: ModelDevelop.get_data scheduled__2026-01-07T12:00:00+00:00 [running]> on host ed3184b6b543
[2026-01-17T13:18:51.492+0000] {taskinstance.py:2513} INFO - Exporting env vars: AIRFLOW_CTX_DAG_OWNER='***' AIRFLOW_CTX_DAG_ID='ModelDevelop' AIRFLOW_CTX_TASK_ID='get_data' AIRFLOW_CTX_EXECUTION_DATE='2026-01-07T12:00:00+00:00' AIRFLOW_CTX_TRY_NUMBER='1' AIRFLOW_CTX_DAG_RUN_ID='scheduled__2026-01-07T12:00:00+00:00'
[2026-01-17T13:18:51.504+0000] {python.py:202} INFO - Done. Returned value was: ./iris.csv
[2026-01-17T13:18:51.519+0000] {taskinstance.py:1149} INFO - Marking task as SUCCESS. dag_id=ModelDevelop, task_id=get_data, execution_date=20260107T120000, start_date=20260117T131851, end_date=20260117T131851
[2026-01-17T13:18:51.553+0000] {local_task_job_runner.py:234} INFO - Task exited with return code 0
[2026-01-17T13:18:51.569+0000] {taskinstance.py:3312} INFO - 1 downstream tasks scheduled from follow-on schedule check
[2026-01-17T13:40:12.798+0000] {taskinstance.py:1979} INFO - Dependencies all met for dep_context=non-requeueable deps ti=<TaskInstance: ModelDevelop.get_data scheduled__2026-01-07T12:00:00+00:00 [queued]>
[2026-01-17T13:40:12.804+0000] {taskinstance.py:1979} INFO - Dependencies all met for dep_context=requeueable deps ti=<TaskInstance: ModelDevelop.get_data scheduled__2026-01-07T12:00:00+00:00 [queued]>
[2026-01-17T13:40:12.804+0000] {taskinstance.py:2193} INFO - Starting attempt 1 of 2
[2026-01-17T13:40:12.811+0000] {taskinstance.py:2217} INFO - Executing <Task(PythonOperator): get_data> on 2026-01-07 12:00:00+00:00
[2026-01-17T13:40:12.817+0000] {standard_task_runner.py:60} INFO - Started process 16625 to run task
[2026-01-17T13:40:12.819+0000] {standard_task_runner.py:87} INFO - Running: ['***', 'tasks', 'run', 'ModelDevelop', 'get_data', 'scheduled__2026-01-07T12:00:00+00:00', '--job-id', '252', '--raw', '--subdir', 'DAGS_FOLDER/example.py', '--cfg-path', '/tmp/tmpjfsb30ne']
[2026-01-17T13:40:12.819+0000] {standard_task_runner.py:88} INFO - Job 252: Subtask get_data
[2026-01-17T13:40:12.827+0000] {warnings.py:109} WARNING - /home/***/.local/lib/python3.9/site-packages/***/settings.py:194: DeprecationWarning: The sql_alchemy_conn option in [core] has been moved to the sql_alchemy_conn option in [database] - the old setting has been used, but please update your config.
  SQL_ALCHEMY_CONN = conf.get("database", "SQL_ALCHEMY_CONN")

[2026-01-17T13:40:12.851+0000] {task_command.py:423} INFO - Running <TaskInstance: ModelDevelop.get_data scheduled__2026-01-07T12:00:00+00:00 [running]> on host 5330652dc216
[2026-01-17T13:40:12.899+0000] {taskinstance.py:2513} INFO - Exporting env vars: AIRFLOW_CTX_DAG_OWNER='***' AIRFLOW_CTX_DAG_ID='ModelDevelop' AIRFLOW_CTX_TASK_ID='get_data' AIRFLOW_CTX_EXECUTION_DATE='2026-01-07T12:00:00+00:00' AIRFLOW_CTX_TRY_NUMBER='1' AIRFLOW_CTX_DAG_RUN_ID='scheduled__2026-01-07T12:00:00+00:00'
[2026-01-17T13:40:12.907+0000] {python.py:202} INFO - Done. Returned value was: ./iris.csv
[2026-01-17T13:40:12.919+0000] {taskinstance.py:1149} INFO - Marking task as SUCCESS. dag_id=ModelDevelop, task_id=get_data, execution_date=20260107T120000, start_date=20260117T134012, end_date=20260117T134012
[2026-01-17T13:40:12.950+0000] {local_task_job_runner.py:234} INFO - Task exited with return code 0
[2026-01-17T13:40:12.965+0000] {taskinstance.py:3312} INFO - 1 downstream tasks scheduled from follow-on schedule check
