[2026-01-16T07:55:58.091+0000] {taskinstance.py:1979} INFO - Dependencies all met for dep_context=non-requeueable deps ti=<TaskInstance: ModelDevelop.get_data scheduled__2026-01-10T07:00:00+00:00 [queued]>
[2026-01-16T07:55:58.098+0000] {taskinstance.py:1979} INFO - Dependencies all met for dep_context=requeueable deps ti=<TaskInstance: ModelDevelop.get_data scheduled__2026-01-10T07:00:00+00:00 [queued]>
[2026-01-16T07:55:58.098+0000] {taskinstance.py:2193} INFO - Starting attempt 1 of 2
[2026-01-16T07:55:58.106+0000] {taskinstance.py:2217} INFO - Executing <Task(PythonOperator): get_data> on 2026-01-10 07:00:00+00:00
[2026-01-16T07:55:58.113+0000] {standard_task_runner.py:60} INFO - Started process 26277 to run task
[2026-01-16T07:55:58.116+0000] {standard_task_runner.py:87} INFO - Running: ['***', 'tasks', 'run', 'ModelDevelop', 'get_data', 'scheduled__2026-01-10T07:00:00+00:00', '--job-id', '393', '--raw', '--subdir', 'DAGS_FOLDER/example.py', '--cfg-path', '/tmp/tmpo28s259s']
[2026-01-16T07:55:58.117+0000] {standard_task_runner.py:88} INFO - Job 393: Subtask get_data
[2026-01-16T07:55:58.126+0000] {warnings.py:109} WARNING - /home/***/.local/lib/python3.9/site-packages/***/settings.py:194: DeprecationWarning: The sql_alchemy_conn option in [core] has been moved to the sql_alchemy_conn option in [database] - the old setting has been used, but please update your config.
  SQL_ALCHEMY_CONN = conf.get("database", "SQL_ALCHEMY_CONN")

[2026-01-16T07:55:58.154+0000] {task_command.py:423} INFO - Running <TaskInstance: ModelDevelop.get_data scheduled__2026-01-10T07:00:00+00:00 [running]> on host 8a4f043652f0
[2026-01-16T07:55:58.250+0000] {taskinstance.py:2513} INFO - Exporting env vars: AIRFLOW_CTX_DAG_OWNER='***' AIRFLOW_CTX_DAG_ID='ModelDevelop' AIRFLOW_CTX_TASK_ID='get_data' AIRFLOW_CTX_EXECUTION_DATE='2026-01-10T07:00:00+00:00' AIRFLOW_CTX_TRY_NUMBER='1' AIRFLOW_CTX_DAG_RUN_ID='scheduled__2026-01-10T07:00:00+00:00'
[2026-01-16T07:55:58.261+0000] {python.py:202} INFO - Done. Returned value was: ./iris.csv
[2026-01-16T07:55:58.294+0000] {taskinstance.py:1149} INFO - Marking task as SUCCESS. dag_id=ModelDevelop, task_id=get_data, execution_date=20260110T070000, start_date=20260116T075558, end_date=20260116T075558
[2026-01-16T07:55:58.328+0000] {local_task_job_runner.py:234} INFO - Task exited with return code 0
[2026-01-16T07:55:58.343+0000] {taskinstance.py:3312} INFO - 1 downstream tasks scheduled from follow-on schedule check
[2026-01-17T13:19:41.663+0000] {taskinstance.py:1979} INFO - Dependencies all met for dep_context=non-requeueable deps ti=<TaskInstance: ModelDevelop.get_data scheduled__2026-01-10T07:00:00+00:00 [queued]>
[2026-01-17T13:19:41.668+0000] {taskinstance.py:1979} INFO - Dependencies all met for dep_context=requeueable deps ti=<TaskInstance: ModelDevelop.get_data scheduled__2026-01-10T07:00:00+00:00 [queued]>
[2026-01-17T13:19:41.669+0000] {taskinstance.py:2193} INFO - Starting attempt 1 of 2
[2026-01-17T13:19:41.676+0000] {taskinstance.py:2217} INFO - Executing <Task(PythonOperator): get_data> on 2026-01-10 07:00:00+00:00
[2026-01-17T13:19:41.683+0000] {standard_task_runner.py:60} INFO - Started process 26412 to run task
[2026-01-17T13:19:41.685+0000] {standard_task_runner.py:87} INFO - Running: ['***', 'tasks', 'run', 'ModelDevelop', 'get_data', 'scheduled__2026-01-10T07:00:00+00:00', '--job-id', '395', '--raw', '--subdir', 'DAGS_FOLDER/example.py', '--cfg-path', '/tmp/tmpueacr0fs']
[2026-01-17T13:19:41.686+0000] {standard_task_runner.py:88} INFO - Job 395: Subtask get_data
[2026-01-17T13:19:41.695+0000] {warnings.py:109} WARNING - /home/***/.local/lib/python3.9/site-packages/***/settings.py:194: DeprecationWarning: The sql_alchemy_conn option in [core] has been moved to the sql_alchemy_conn option in [database] - the old setting has been used, but please update your config.
  SQL_ALCHEMY_CONN = conf.get("database", "SQL_ALCHEMY_CONN")

[2026-01-17T13:19:41.727+0000] {task_command.py:423} INFO - Running <TaskInstance: ModelDevelop.get_data scheduled__2026-01-10T07:00:00+00:00 [running]> on host ed3184b6b543
[2026-01-17T13:19:41.856+0000] {taskinstance.py:2513} INFO - Exporting env vars: AIRFLOW_CTX_DAG_OWNER='***' AIRFLOW_CTX_DAG_ID='ModelDevelop' AIRFLOW_CTX_TASK_ID='get_data' AIRFLOW_CTX_EXECUTION_DATE='2026-01-10T07:00:00+00:00' AIRFLOW_CTX_TRY_NUMBER='1' AIRFLOW_CTX_DAG_RUN_ID='scheduled__2026-01-10T07:00:00+00:00'
[2026-01-17T13:19:41.876+0000] {python.py:202} INFO - Done. Returned value was: ./iris.csv
[2026-01-17T13:19:41.894+0000] {taskinstance.py:1149} INFO - Marking task as SUCCESS. dag_id=ModelDevelop, task_id=get_data, execution_date=20260110T070000, start_date=20260117T131941, end_date=20260117T131941
[2026-01-17T13:19:41.947+0000] {local_task_job_runner.py:234} INFO - Task exited with return code 0
[2026-01-17T13:19:42.064+0000] {taskinstance.py:3312} INFO - 0 downstream tasks scheduled from follow-on schedule check
[2026-01-17T13:41:09.405+0000] {taskinstance.py:1979} INFO - Dependencies all met for dep_context=non-requeueable deps ti=<TaskInstance: ModelDevelop.get_data scheduled__2026-01-10T07:00:00+00:00 [queued]>
[2026-01-17T13:41:09.410+0000] {taskinstance.py:1979} INFO - Dependencies all met for dep_context=requeueable deps ti=<TaskInstance: ModelDevelop.get_data scheduled__2026-01-10T07:00:00+00:00 [queued]>
[2026-01-17T13:41:09.411+0000] {taskinstance.py:2193} INFO - Starting attempt 1 of 2
[2026-01-17T13:41:09.418+0000] {taskinstance.py:2217} INFO - Executing <Task(PythonOperator): get_data> on 2026-01-10 07:00:00+00:00
[2026-01-17T13:41:09.424+0000] {standard_task_runner.py:60} INFO - Started process 26941 to run task
[2026-01-17T13:41:09.427+0000] {standard_task_runner.py:87} INFO - Running: ['***', 'tasks', 'run', 'ModelDevelop', 'get_data', 'scheduled__2026-01-10T07:00:00+00:00', '--job-id', '399', '--raw', '--subdir', 'DAGS_FOLDER/example.py', '--cfg-path', '/tmp/tmpshol2ays']
[2026-01-17T13:41:09.428+0000] {standard_task_runner.py:88} INFO - Job 399: Subtask get_data
[2026-01-17T13:41:09.440+0000] {warnings.py:109} WARNING - /home/***/.local/lib/python3.9/site-packages/***/settings.py:194: DeprecationWarning: The sql_alchemy_conn option in [core] has been moved to the sql_alchemy_conn option in [database] - the old setting has been used, but please update your config.
  SQL_ALCHEMY_CONN = conf.get("database", "SQL_ALCHEMY_CONN")

[2026-01-17T13:41:09.509+0000] {task_command.py:423} INFO - Running <TaskInstance: ModelDevelop.get_data scheduled__2026-01-10T07:00:00+00:00 [running]> on host 5330652dc216
[2026-01-17T13:41:09.566+0000] {taskinstance.py:2513} INFO - Exporting env vars: AIRFLOW_CTX_DAG_OWNER='***' AIRFLOW_CTX_DAG_ID='ModelDevelop' AIRFLOW_CTX_TASK_ID='get_data' AIRFLOW_CTX_EXECUTION_DATE='2026-01-10T07:00:00+00:00' AIRFLOW_CTX_TRY_NUMBER='1' AIRFLOW_CTX_DAG_RUN_ID='scheduled__2026-01-10T07:00:00+00:00'
[2026-01-17T13:41:09.574+0000] {python.py:202} INFO - Done. Returned value was: ./iris.csv
[2026-01-17T13:41:09.590+0000] {taskinstance.py:1149} INFO - Marking task as SUCCESS. dag_id=ModelDevelop, task_id=get_data, execution_date=20260110T070000, start_date=20260117T134109, end_date=20260117T134109
[2026-01-17T13:41:09.617+0000] {local_task_job_runner.py:234} INFO - Task exited with return code 0
[2026-01-17T13:41:09.660+0000] {taskinstance.py:3312} INFO - 1 downstream tasks scheduled from follow-on schedule check
