[2026-03-06T06:40:04.608+0000] {taskinstance.py:1979} INFO - Dependencies all met for dep_context=non-requeueable deps ti=<TaskInstance: DataDriftRetrainDAG2.detect_drift scheduled__2026-03-06T06:38:00+00:00 [queued]>
[2026-03-06T06:40:04.613+0000] {taskinstance.py:1979} INFO - Dependencies all met for dep_context=requeueable deps ti=<TaskInstance: DataDriftRetrainDAG2.detect_drift scheduled__2026-03-06T06:38:00+00:00 [queued]>
[2026-03-06T06:40:04.613+0000] {taskinstance.py:2193} INFO - Starting attempt 1 of 2
[2026-03-06T06:40:04.620+0000] {taskinstance.py:2217} INFO - Executing <Task(BranchPythonOperator): detect_drift> on 2026-03-06 06:38:00+00:00
[2026-03-06T06:40:04.626+0000] {standard_task_runner.py:60} INFO - Started process 1888 to run task
[2026-03-06T06:40:04.628+0000] {standard_task_runner.py:87} INFO - Running: ['***', 'tasks', 'run', 'DataDriftRetrainDAG2', 'detect_drift', 'scheduled__2026-03-06T06:38:00+00:00', '--job-id', '35', '--raw', '--subdir', 'DAGS_FOLDER/exercise_drift_second.py', '--cfg-path', '/tmp/tmpd7tqjy9t']
[2026-03-06T06:40:04.629+0000] {standard_task_runner.py:88} INFO - Job 35: Subtask detect_drift
[2026-03-06T06:40:04.638+0000] {warnings.py:109} WARNING - /home/***/.local/lib/python3.9/site-packages/***/settings.py:194: DeprecationWarning: The sql_alchemy_conn option in [core] has been moved to the sql_alchemy_conn option in [database] - the old setting has been used, but please update your config.
  SQL_ALCHEMY_CONN = conf.get("database", "SQL_ALCHEMY_CONN")

[2026-03-06T06:40:04.665+0000] {task_command.py:423} INFO - Running <TaskInstance: DataDriftRetrainDAG2.detect_drift scheduled__2026-03-06T06:38:00+00:00 [running]> on host 660f7647fa3b
[2026-03-06T06:40:04.717+0000] {taskinstance.py:2513} INFO - Exporting env vars: AIRFLOW_CTX_DAG_OWNER='***' AIRFLOW_CTX_DAG_ID='DataDriftRetrainDAG2' AIRFLOW_CTX_TASK_ID='detect_drift' AIRFLOW_CTX_EXECUTION_DATE='2026-03-06T06:38:00+00:00' AIRFLOW_CTX_TRY_NUMBER='1' AIRFLOW_CTX_DAG_RUN_ID='scheduled__2026-03-06T06:38:00+00:00'
[2026-03-06T06:40:04.732+0000] {logging_mixin.py:188} INFO - PSI scores: {'sepal length (cm)': 11.648020183795397, 'sepal width (cm)': 5.020501735585199, 'petal length (cm)': 11.850159872658976, 'petal width (cm)': 4.209195445201093}
[2026-03-06T06:40:04.732+0000] {logging_mixin.py:188} INFO - AVG PSI: 8.181969309310166
[2026-03-06T06:40:04.732+0000] {python.py:202} INFO - Done. Returned value was: train_fit
[2026-03-06T06:40:04.732+0000] {branch.py:35} INFO - Branch into train_fit
[2026-03-06T06:40:04.732+0000] {skipmixin.py:178} INFO - Following branch train_fit
[2026-03-06T06:40:04.741+0000] {skipmixin.py:244} INFO - Skipping tasks [('no_drift', -1)]
[2026-03-06T06:40:04.775+0000] {taskinstance.py:1149} INFO - Marking task as SUCCESS. dag_id=DataDriftRetrainDAG2, task_id=detect_drift, execution_date=20260306T063800, start_date=20260306T064004, end_date=20260306T064004
[2026-03-06T06:40:04.800+0000] {local_task_job_runner.py:234} INFO - Task exited with return code 0
[2026-03-06T06:40:04.828+0000] {taskinstance.py:3312} INFO - 1 downstream tasks scheduled from follow-on schedule check
