[2026-01-16T07:56:47.389+0000] {taskinstance.py:1979} INFO - Dependencies all met for dep_context=non-requeueable deps ti=<TaskInstance: ModelDevelop.get_data scheduled__2026-01-13T10:00:00+00:00 [queued]>
[2026-01-16T07:56:47.404+0000] {taskinstance.py:1979} INFO - Dependencies all met for dep_context=requeueable deps ti=<TaskInstance: ModelDevelop.get_data scheduled__2026-01-13T10:00:00+00:00 [queued]>
[2026-01-16T07:56:47.404+0000] {taskinstance.py:2193} INFO - Starting attempt 1 of 2
[2026-01-16T07:56:47.416+0000] {taskinstance.py:2217} INFO - Executing <Task(PythonOperator): get_data> on 2026-01-13 10:00:00+00:00
[2026-01-16T07:56:47.425+0000] {standard_task_runner.py:60} INFO - Started process 36891 to run task
[2026-01-16T07:56:47.428+0000] {standard_task_runner.py:87} INFO - Running: ['***', 'tasks', 'run', 'ModelDevelop', 'get_data', 'scheduled__2026-01-13T10:00:00+00:00', '--job-id', '548', '--raw', '--subdir', 'DAGS_FOLDER/example.py', '--cfg-path', '/tmp/tmp9en_vnf6']
[2026-01-16T07:56:47.428+0000] {standard_task_runner.py:88} INFO - Job 548: Subtask get_data
[2026-01-16T07:56:47.436+0000] {warnings.py:109} WARNING - /home/***/.local/lib/python3.9/site-packages/***/settings.py:194: DeprecationWarning: The sql_alchemy_conn option in [core] has been moved to the sql_alchemy_conn option in [database] - the old setting has been used, but please update your config.
  SQL_ALCHEMY_CONN = conf.get("database", "SQL_ALCHEMY_CONN")

[2026-01-16T07:56:47.463+0000] {task_command.py:423} INFO - Running <TaskInstance: ModelDevelop.get_data scheduled__2026-01-13T10:00:00+00:00 [running]> on host 8a4f043652f0
[2026-01-16T07:56:47.609+0000] {taskinstance.py:2513} INFO - Exporting env vars: AIRFLOW_CTX_DAG_OWNER='***' AIRFLOW_CTX_DAG_ID='ModelDevelop' AIRFLOW_CTX_TASK_ID='get_data' AIRFLOW_CTX_EXECUTION_DATE='2026-01-13T10:00:00+00:00' AIRFLOW_CTX_TRY_NUMBER='1' AIRFLOW_CTX_DAG_RUN_ID='scheduled__2026-01-13T10:00:00+00:00'
[2026-01-16T07:56:47.620+0000] {python.py:202} INFO - Done. Returned value was: ./iris.csv
[2026-01-16T07:56:47.636+0000] {taskinstance.py:1149} INFO - Marking task as SUCCESS. dag_id=ModelDevelop, task_id=get_data, execution_date=20260113T100000, start_date=20260116T075647, end_date=20260116T075647
[2026-01-16T07:56:47.680+0000] {local_task_job_runner.py:234} INFO - Task exited with return code 0
[2026-01-16T07:56:47.765+0000] {taskinstance.py:3312} INFO - 0 downstream tasks scheduled from follow-on schedule check
[2026-01-17T13:20:31.120+0000] {taskinstance.py:1979} INFO - Dependencies all met for dep_context=non-requeueable deps ti=<TaskInstance: ModelDevelop.get_data scheduled__2026-01-13T10:00:00+00:00 [queued]>
[2026-01-17T13:20:31.127+0000] {taskinstance.py:1979} INFO - Dependencies all met for dep_context=requeueable deps ti=<TaskInstance: ModelDevelop.get_data scheduled__2026-01-13T10:00:00+00:00 [queued]>
[2026-01-17T13:20:31.127+0000] {taskinstance.py:2193} INFO - Starting attempt 1 of 2
[2026-01-17T13:20:31.136+0000] {taskinstance.py:2217} INFO - Executing <Task(PythonOperator): get_data> on 2026-01-13 10:00:00+00:00
[2026-01-17T13:20:31.144+0000] {standard_task_runner.py:60} INFO - Started process 37056 to run task
[2026-01-17T13:20:31.147+0000] {standard_task_runner.py:87} INFO - Running: ['***', 'tasks', 'run', 'ModelDevelop', 'get_data', 'scheduled__2026-01-13T10:00:00+00:00', '--job-id', '549', '--raw', '--subdir', 'DAGS_FOLDER/example.py', '--cfg-path', '/tmp/tmpqeos_pca']
[2026-01-17T13:20:31.147+0000] {standard_task_runner.py:88} INFO - Job 549: Subtask get_data
[2026-01-17T13:20:31.205+0000] {warnings.py:109} WARNING - /home/***/.local/lib/python3.9/site-packages/***/settings.py:194: DeprecationWarning: The sql_alchemy_conn option in [core] has been moved to the sql_alchemy_conn option in [database] - the old setting has been used, but please update your config.
  SQL_ALCHEMY_CONN = conf.get("database", "SQL_ALCHEMY_CONN")

[2026-01-17T13:20:31.229+0000] {task_command.py:423} INFO - Running <TaskInstance: ModelDevelop.get_data scheduled__2026-01-13T10:00:00+00:00 [running]> on host ed3184b6b543
[2026-01-17T13:20:31.287+0000] {taskinstance.py:2513} INFO - Exporting env vars: AIRFLOW_CTX_DAG_OWNER='***' AIRFLOW_CTX_DAG_ID='ModelDevelop' AIRFLOW_CTX_TASK_ID='get_data' AIRFLOW_CTX_EXECUTION_DATE='2026-01-13T10:00:00+00:00' AIRFLOW_CTX_TRY_NUMBER='1' AIRFLOW_CTX_DAG_RUN_ID='scheduled__2026-01-13T10:00:00+00:00'
[2026-01-17T13:20:31.297+0000] {python.py:202} INFO - Done. Returned value was: ./iris.csv
[2026-01-17T13:20:31.313+0000] {taskinstance.py:1149} INFO - Marking task as SUCCESS. dag_id=ModelDevelop, task_id=get_data, execution_date=20260113T100000, start_date=20260117T132031, end_date=20260117T132031
[2026-01-17T13:20:31.421+0000] {local_task_job_runner.py:234} INFO - Task exited with return code 0
[2026-01-17T13:20:31.437+0000] {taskinstance.py:3312} INFO - 1 downstream tasks scheduled from follow-on schedule check
[2026-01-17T13:41:56.304+0000] {taskinstance.py:1979} INFO - Dependencies all met for dep_context=non-requeueable deps ti=<TaskInstance: ModelDevelop.get_data scheduled__2026-01-13T10:00:00+00:00 [queued]>
[2026-01-17T13:41:56.310+0000] {taskinstance.py:1979} INFO - Dependencies all met for dep_context=requeueable deps ti=<TaskInstance: ModelDevelop.get_data scheduled__2026-01-13T10:00:00+00:00 [queued]>
[2026-01-17T13:41:56.310+0000] {taskinstance.py:2193} INFO - Starting attempt 1 of 2
[2026-01-17T13:41:56.320+0000] {taskinstance.py:2217} INFO - Executing <Task(PythonOperator): get_data> on 2026-01-13 10:00:00+00:00
[2026-01-17T13:41:56.329+0000] {standard_task_runner.py:60} INFO - Started process 35829 to run task
[2026-01-17T13:41:56.331+0000] {standard_task_runner.py:87} INFO - Running: ['***', 'tasks', 'run', 'ModelDevelop', 'get_data', 'scheduled__2026-01-13T10:00:00+00:00', '--job-id', '538', '--raw', '--subdir', 'DAGS_FOLDER/example.py', '--cfg-path', '/tmp/tmpco7mi9vu']
[2026-01-17T13:41:56.332+0000] {standard_task_runner.py:88} INFO - Job 538: Subtask get_data
[2026-01-17T13:41:56.342+0000] {warnings.py:109} WARNING - /home/***/.local/lib/python3.9/site-packages/***/settings.py:194: DeprecationWarning: The sql_alchemy_conn option in [core] has been moved to the sql_alchemy_conn option in [database] - the old setting has been used, but please update your config.
  SQL_ALCHEMY_CONN = conf.get("database", "SQL_ALCHEMY_CONN")

[2026-01-17T13:41:56.373+0000] {task_command.py:423} INFO - Running <TaskInstance: ModelDevelop.get_data scheduled__2026-01-13T10:00:00+00:00 [running]> on host 5330652dc216
[2026-01-17T13:41:56.523+0000] {taskinstance.py:2513} INFO - Exporting env vars: AIRFLOW_CTX_DAG_OWNER='***' AIRFLOW_CTX_DAG_ID='ModelDevelop' AIRFLOW_CTX_TASK_ID='get_data' AIRFLOW_CTX_EXECUTION_DATE='2026-01-13T10:00:00+00:00' AIRFLOW_CTX_TRY_NUMBER='1' AIRFLOW_CTX_DAG_RUN_ID='scheduled__2026-01-13T10:00:00+00:00'
[2026-01-17T13:41:56.534+0000] {python.py:202} INFO - Done. Returned value was: ./iris.csv
[2026-01-17T13:41:56.551+0000] {taskinstance.py:1149} INFO - Marking task as SUCCESS. dag_id=ModelDevelop, task_id=get_data, execution_date=20260113T100000, start_date=20260117T134156, end_date=20260117T134156
[2026-01-17T13:41:56.584+0000] {local_task_job_runner.py:234} INFO - Task exited with return code 0
[2026-01-17T13:41:56.605+0000] {taskinstance.py:3312} INFO - 1 downstream tasks scheduled from follow-on schedule check
