[2026-01-16T07:50:15.806+0000] {processor.py:161} INFO - Started process (PID=54) to work on /opt/airflow/dags/example.py
[2026-01-16T07:50:15.807+0000] {processor.py:830} INFO - Processing file /opt/airflow/dags/example.py for tasks to queue
[2026-01-16T07:50:15.808+0000] {logging_mixin.py:188} INFO - [2026-01-16T07:50:15.807+0000] {dagbag.py:540} INFO - Filling up the DagBag from /opt/airflow/dags/example.py
[2026-01-16T07:50:17.217+0000] {logging_mixin.py:188} INFO - [2026-01-16T07:50:17.217+0000] {connectionpool.py:824} WARNING - Retrying (JitteredRetry(total=4, connect=4, read=5, redirect=5, status=5)) after connection broken by 'NewConnectionError('<urllib3.connection.HTTPConnection object at 0x7fdcb6a1bac0>: Failed to establish a new connection: [Errno 111] Connection refused')': /api/2.0/mlflow/experiments/get-by-name?experiment_name=new_exp
[2026-01-16T07:50:21.222+0000] {logging_mixin.py:188} INFO - [2026-01-16T07:50:21.222+0000] {connectionpool.py:824} WARNING - Retrying (JitteredRetry(total=3, connect=3, read=5, redirect=5, status=5)) after connection broken by 'NewConnectionError('<urllib3.connection.HTTPConnection object at 0x7fdcb69c4610>: Failed to establish a new connection: [Errno 111] Connection refused')': /api/2.0/mlflow/experiments/get-by-name?experiment_name=new_exp
[2026-01-16T07:50:29.233+0000] {logging_mixin.py:188} INFO - [2026-01-16T07:50:29.231+0000] {connectionpool.py:824} WARNING - Retrying (JitteredRetry(total=2, connect=2, read=5, redirect=5, status=5)) after connection broken by 'NewConnectionError('<urllib3.connection.HTTPConnection object at 0x7fdcb69c4310>: Failed to establish a new connection: [Errno 111] Connection refused')': /api/2.0/mlflow/experiments/get-by-name?experiment_name=new_exp
[2026-01-16T07:50:45.237+0000] {logging_mixin.py:188} INFO - [2026-01-16T07:50:45.237+0000] {connectionpool.py:824} WARNING - Retrying (JitteredRetry(total=1, connect=1, read=5, redirect=5, status=5)) after connection broken by 'NewConnectionError('<urllib3.connection.HTTPConnection object at 0x7fdcb6a260d0>: Failed to establish a new connection: [Errno 111] Connection refused')': /api/2.0/mlflow/experiments/get-by-name?experiment_name=new_exp
[2026-01-16T07:50:45.809+0000] {logging_mixin.py:188} INFO - [2026-01-16T07:50:45.809+0000] {timeout.py:68} ERROR - Process timed out, PID: 54
[2026-01-16T07:50:58.886+0000] {processor.py:161} INFO - Started process (PID=87) to work on /opt/airflow/dags/example.py
[2026-01-16T07:50:58.887+0000] {processor.py:830} INFO - Processing file /opt/airflow/dags/example.py for tasks to queue
[2026-01-16T07:50:58.887+0000] {logging_mixin.py:188} INFO - [2026-01-16T07:50:58.887+0000] {dagbag.py:540} INFO - Filling up the DagBag from /opt/airflow/dags/example.py
[2026-01-16T07:50:59.635+0000] {logging_mixin.py:188} WARNING - 2026/01/16 07:50:59 INFO mlflow.tracking.fluent: Experiment with name 'new_exp' does not exist. Creating a new experiment.
[2026-01-16T07:50:59.651+0000] {processor.py:840} INFO - DAG(s) 'ModelDevelop' retrieved from /opt/airflow/dags/example.py
[2026-01-16T07:50:59.771+0000] {logging_mixin.py:188} INFO - [2026-01-16T07:50:59.770+0000] {override.py:1769} INFO - Created Permission View: can delete on DAG:ModelDevelop
[2026-01-16T07:50:59.775+0000] {logging_mixin.py:188} INFO - [2026-01-16T07:50:59.775+0000] {override.py:1769} INFO - Created Permission View: can read on DAG:ModelDevelop
[2026-01-16T07:50:59.778+0000] {logging_mixin.py:188} INFO - [2026-01-16T07:50:59.778+0000] {override.py:1769} INFO - Created Permission View: can edit on DAG:ModelDevelop
[2026-01-16T07:50:59.778+0000] {logging_mixin.py:188} INFO - [2026-01-16T07:50:59.778+0000] {dag.py:3047} INFO - Sync 1 DAGs
[2026-01-16T07:50:59.784+0000] {logging_mixin.py:188} INFO - [2026-01-16T07:50:59.784+0000] {dag.py:3069} INFO - Creating ORM DAG for ModelDevelop
[2026-01-16T07:50:59.790+0000] {logging_mixin.py:188} INFO - [2026-01-16T07:50:59.790+0000] {dag.py:3834} INFO - Setting next_dagrun for ModelDevelop to 2026-01-02 01:00:00+00:00, run_after=2026-01-02 02:00:00+00:00
[2026-01-16T07:50:59.797+0000] {processor.py:183} INFO - Processing /opt/airflow/dags/example.py took 0.913 seconds
[2026-01-16T07:51:29.926+0000] {processor.py:161} INFO - Started process (PID=120) to work on /opt/airflow/dags/example.py
[2026-01-16T07:51:29.927+0000] {processor.py:830} INFO - Processing file /opt/airflow/dags/example.py for tasks to queue
[2026-01-16T07:51:29.928+0000] {logging_mixin.py:188} INFO - [2026-01-16T07:51:29.928+0000] {dagbag.py:540} INFO - Filling up the DagBag from /opt/airflow/dags/example.py
[2026-01-16T07:51:30.694+0000] {processor.py:840} INFO - DAG(s) 'ModelDevelop' retrieved from /opt/airflow/dags/example.py
[2026-01-16T07:51:30.707+0000] {logging_mixin.py:188} INFO - [2026-01-16T07:51:30.707+0000] {dag.py:3047} INFO - Sync 1 DAGs
[2026-01-16T07:51:30.720+0000] {logging_mixin.py:188} INFO - [2026-01-16T07:51:30.720+0000] {dag.py:3834} INFO - Setting next_dagrun for ModelDevelop to 2026-01-02 01:00:00+00:00, run_after=2026-01-02 02:00:00+00:00
[2026-01-16T07:51:30.728+0000] {processor.py:183} INFO - Processing /opt/airflow/dags/example.py took 0.804 seconds
[2026-01-16T07:52:00.867+0000] {processor.py:161} INFO - Started process (PID=153) to work on /opt/airflow/dags/example.py
[2026-01-16T07:52:00.868+0000] {processor.py:830} INFO - Processing file /opt/airflow/dags/example.py for tasks to queue
[2026-01-16T07:52:00.869+0000] {logging_mixin.py:188} INFO - [2026-01-16T07:52:00.869+0000] {dagbag.py:540} INFO - Filling up the DagBag from /opt/airflow/dags/example.py
[2026-01-16T07:52:01.616+0000] {processor.py:840} INFO - DAG(s) 'ModelDevelop' retrieved from /opt/airflow/dags/example.py
[2026-01-16T07:52:01.628+0000] {logging_mixin.py:188} INFO - [2026-01-16T07:52:01.628+0000] {dag.py:3047} INFO - Sync 1 DAGs
[2026-01-16T07:52:01.640+0000] {logging_mixin.py:188} INFO - [2026-01-16T07:52:01.640+0000] {dag.py:3834} INFO - Setting next_dagrun for ModelDevelop to 2026-01-02 01:00:00+00:00, run_after=2026-01-02 02:00:00+00:00
[2026-01-16T07:52:01.648+0000] {processor.py:183} INFO - Processing /opt/airflow/dags/example.py took 0.783 seconds
[2026-01-16T07:52:31.782+0000] {processor.py:161} INFO - Started process (PID=186) to work on /opt/airflow/dags/example.py
[2026-01-16T07:52:31.783+0000] {processor.py:830} INFO - Processing file /opt/airflow/dags/example.py for tasks to queue
[2026-01-16T07:52:31.783+0000] {logging_mixin.py:188} INFO - [2026-01-16T07:52:31.783+0000] {dagbag.py:540} INFO - Filling up the DagBag from /opt/airflow/dags/example.py
[2026-01-16T07:52:32.530+0000] {processor.py:840} INFO - DAG(s) 'ModelDevelop' retrieved from /opt/airflow/dags/example.py
[2026-01-16T07:52:32.544+0000] {logging_mixin.py:188} INFO - [2026-01-16T07:52:32.544+0000] {dag.py:3047} INFO - Sync 1 DAGs
[2026-01-16T07:52:32.556+0000] {logging_mixin.py:188} INFO - [2026-01-16T07:52:32.556+0000] {dag.py:3834} INFO - Setting next_dagrun for ModelDevelop to 2026-01-02 01:00:00+00:00, run_after=2026-01-02 02:00:00+00:00
[2026-01-16T07:52:32.564+0000] {processor.py:183} INFO - Processing /opt/airflow/dags/example.py took 0.784 seconds
