[2026-01-16T07:56:47.742+0000] {taskinstance.py:1979} INFO - Dependencies all met for dep_context=non-requeueable deps ti=<TaskInstance: ModelDevelop.get_data scheduled__2026-01-13T14:00:00+00:00 [queued]>
[2026-01-16T07:56:47.748+0000] {taskinstance.py:1979} INFO - Dependencies all met for dep_context=requeueable deps ti=<TaskInstance: ModelDevelop.get_data scheduled__2026-01-13T14:00:00+00:00 [queued]>
[2026-01-16T07:56:47.749+0000] {taskinstance.py:2193} INFO - Starting attempt 1 of 2
[2026-01-16T07:56:47.757+0000] {taskinstance.py:2217} INFO - Executing <Task(PythonOperator): get_data> on 2026-01-13 14:00:00+00:00
[2026-01-16T07:56:47.765+0000] {standard_task_runner.py:60} INFO - Started process 36960 to run task
[2026-01-16T07:56:47.767+0000] {standard_task_runner.py:87} INFO - Running: ['***', 'tasks', 'run', 'ModelDevelop', 'get_data', 'scheduled__2026-01-13T14:00:00+00:00', '--job-id', '552', '--raw', '--subdir', 'DAGS_FOLDER/example.py', '--cfg-path', '/tmp/tmp5mfzx_ff']
[2026-01-16T07:56:47.768+0000] {standard_task_runner.py:88} INFO - Job 552: Subtask get_data
[2026-01-16T07:56:47.776+0000] {warnings.py:109} WARNING - /home/***/.local/lib/python3.9/site-packages/***/settings.py:194: DeprecationWarning: The sql_alchemy_conn option in [core] has been moved to the sql_alchemy_conn option in [database] - the old setting has been used, but please update your config.
  SQL_ALCHEMY_CONN = conf.get("database", "SQL_ALCHEMY_CONN")

[2026-01-16T07:56:47.807+0000] {task_command.py:423} INFO - Running <TaskInstance: ModelDevelop.get_data scheduled__2026-01-13T14:00:00+00:00 [running]> on host 8a4f043652f0
[2026-01-16T07:56:47.920+0000] {taskinstance.py:2513} INFO - Exporting env vars: AIRFLOW_CTX_DAG_OWNER='***' AIRFLOW_CTX_DAG_ID='ModelDevelop' AIRFLOW_CTX_TASK_ID='get_data' AIRFLOW_CTX_EXECUTION_DATE='2026-01-13T14:00:00+00:00' AIRFLOW_CTX_TRY_NUMBER='1' AIRFLOW_CTX_DAG_RUN_ID='scheduled__2026-01-13T14:00:00+00:00'
[2026-01-16T07:56:47.931+0000] {python.py:202} INFO - Done. Returned value was: ./iris.csv
[2026-01-16T07:56:47.948+0000] {taskinstance.py:1149} INFO - Marking task as SUCCESS. dag_id=ModelDevelop, task_id=get_data, execution_date=20260113T140000, start_date=20260116T075647, end_date=20260116T075647
[2026-01-16T07:56:47.980+0000] {local_task_job_runner.py:234} INFO - Task exited with return code 0
[2026-01-16T07:56:48.008+0000] {taskinstance.py:3312} INFO - 0 downstream tasks scheduled from follow-on schedule check
[2026-01-17T13:20:31.322+0000] {taskinstance.py:1979} INFO - Dependencies all met for dep_context=non-requeueable deps ti=<TaskInstance: ModelDevelop.get_data scheduled__2026-01-13T14:00:00+00:00 [queued]>
[2026-01-17T13:20:31.330+0000] {taskinstance.py:1979} INFO - Dependencies all met for dep_context=requeueable deps ti=<TaskInstance: ModelDevelop.get_data scheduled__2026-01-13T14:00:00+00:00 [queued]>
[2026-01-17T13:20:31.330+0000] {taskinstance.py:2193} INFO - Starting attempt 1 of 2
[2026-01-17T13:20:31.386+0000] {taskinstance.py:2217} INFO - Executing <Task(PythonOperator): get_data> on 2026-01-13 14:00:00+00:00
[2026-01-17T13:20:31.396+0000] {standard_task_runner.py:60} INFO - Started process 37093 to run task
[2026-01-17T13:20:31.398+0000] {standard_task_runner.py:87} INFO - Running: ['***', 'tasks', 'run', 'ModelDevelop', 'get_data', 'scheduled__2026-01-13T14:00:00+00:00', '--job-id', '553', '--raw', '--subdir', 'DAGS_FOLDER/example.py', '--cfg-path', '/tmp/tmpu_ekp3os']
[2026-01-17T13:20:31.399+0000] {standard_task_runner.py:88} INFO - Job 553: Subtask get_data
[2026-01-17T13:20:31.408+0000] {warnings.py:109} WARNING - /home/***/.local/lib/python3.9/site-packages/***/settings.py:194: DeprecationWarning: The sql_alchemy_conn option in [core] has been moved to the sql_alchemy_conn option in [database] - the old setting has been used, but please update your config.
  SQL_ALCHEMY_CONN = conf.get("database", "SQL_ALCHEMY_CONN")

[2026-01-17T13:20:31.438+0000] {task_command.py:423} INFO - Running <TaskInstance: ModelDevelop.get_data scheduled__2026-01-13T14:00:00+00:00 [running]> on host ed3184b6b543
[2026-01-17T13:20:31.532+0000] {taskinstance.py:2513} INFO - Exporting env vars: AIRFLOW_CTX_DAG_OWNER='***' AIRFLOW_CTX_DAG_ID='ModelDevelop' AIRFLOW_CTX_TASK_ID='get_data' AIRFLOW_CTX_EXECUTION_DATE='2026-01-13T14:00:00+00:00' AIRFLOW_CTX_TRY_NUMBER='1' AIRFLOW_CTX_DAG_RUN_ID='scheduled__2026-01-13T14:00:00+00:00'
[2026-01-17T13:20:31.543+0000] {python.py:202} INFO - Done. Returned value was: ./iris.csv
[2026-01-17T13:20:31.569+0000] {taskinstance.py:1149} INFO - Marking task as SUCCESS. dag_id=ModelDevelop, task_id=get_data, execution_date=20260113T140000, start_date=20260117T132031, end_date=20260117T132031
[2026-01-17T13:20:31.611+0000] {local_task_job_runner.py:234} INFO - Task exited with return code 0
[2026-01-17T13:20:31.628+0000] {taskinstance.py:3312} INFO - 1 downstream tasks scheduled from follow-on schedule check
[2026-01-17T13:42:04.052+0000] {taskinstance.py:1979} INFO - Dependencies all met for dep_context=non-requeueable deps ti=<TaskInstance: ModelDevelop.get_data scheduled__2026-01-13T14:00:00+00:00 [queued]>
[2026-01-17T13:42:04.056+0000] {taskinstance.py:1979} INFO - Dependencies all met for dep_context=requeueable deps ti=<TaskInstance: ModelDevelop.get_data scheduled__2026-01-13T14:00:00+00:00 [queued]>
[2026-01-17T13:42:04.057+0000] {taskinstance.py:2193} INFO - Starting attempt 1 of 2
[2026-01-17T13:42:04.063+0000] {taskinstance.py:2217} INFO - Executing <Task(PythonOperator): get_data> on 2026-01-13 14:00:00+00:00
[2026-01-17T13:42:04.068+0000] {standard_task_runner.py:60} INFO - Started process 37358 to run task
[2026-01-17T13:42:04.070+0000] {standard_task_runner.py:87} INFO - Running: ['***', 'tasks', 'run', 'ModelDevelop', 'get_data', 'scheduled__2026-01-13T14:00:00+00:00', '--job-id', '558', '--raw', '--subdir', 'DAGS_FOLDER/example.py', '--cfg-path', '/tmp/tmpb_026t1b']
[2026-01-17T13:42:04.071+0000] {standard_task_runner.py:88} INFO - Job 558: Subtask get_data
[2026-01-17T13:42:04.080+0000] {warnings.py:109} WARNING - /home/***/.local/lib/python3.9/site-packages/***/settings.py:194: DeprecationWarning: The sql_alchemy_conn option in [core] has been moved to the sql_alchemy_conn option in [database] - the old setting has been used, but please update your config.
  SQL_ALCHEMY_CONN = conf.get("database", "SQL_ALCHEMY_CONN")

[2026-01-17T13:42:04.101+0000] {task_command.py:423} INFO - Running <TaskInstance: ModelDevelop.get_data scheduled__2026-01-13T14:00:00+00:00 [running]> on host 5330652dc216
[2026-01-17T13:42:04.145+0000] {taskinstance.py:2513} INFO - Exporting env vars: AIRFLOW_CTX_DAG_OWNER='***' AIRFLOW_CTX_DAG_ID='ModelDevelop' AIRFLOW_CTX_TASK_ID='get_data' AIRFLOW_CTX_EXECUTION_DATE='2026-01-13T14:00:00+00:00' AIRFLOW_CTX_TRY_NUMBER='1' AIRFLOW_CTX_DAG_RUN_ID='scheduled__2026-01-13T14:00:00+00:00'
[2026-01-17T13:42:04.153+0000] {python.py:202} INFO - Done. Returned value was: ./iris.csv
[2026-01-17T13:42:04.166+0000] {taskinstance.py:1149} INFO - Marking task as SUCCESS. dag_id=ModelDevelop, task_id=get_data, execution_date=20260113T140000, start_date=20260117T134204, end_date=20260117T134204
[2026-01-17T13:42:04.202+0000] {local_task_job_runner.py:234} INFO - Task exited with return code 0
[2026-01-17T13:42:04.215+0000] {taskinstance.py:3312} INFO - 0 downstream tasks scheduled from follow-on schedule check
