[2026-01-16T16:00:01.217+0000] {taskinstance.py:1979} INFO - Dependencies all met for dep_context=non-requeueable deps ti=<TaskInstance: ModelDevelop.get_data scheduled__2026-01-16T15:00:00+00:00 [queued]>
[2026-01-16T16:00:01.221+0000] {taskinstance.py:1979} INFO - Dependencies all met for dep_context=requeueable deps ti=<TaskInstance: ModelDevelop.get_data scheduled__2026-01-16T15:00:00+00:00 [queued]>
[2026-01-16T16:00:01.221+0000] {taskinstance.py:2193} INFO - Starting attempt 1 of 2
[2026-01-16T16:00:01.227+0000] {taskinstance.py:2217} INFO - Executing <Task(PythonOperator): get_data> on 2026-01-16 15:00:00+00:00
[2026-01-16T16:00:01.233+0000] {standard_task_runner.py:60} INFO - Started process 47140 to run task
[2026-01-16T16:00:01.235+0000] {standard_task_runner.py:87} INFO - Running: ['***', 'tasks', 'run', 'ModelDevelop', 'get_data', 'scheduled__2026-01-16T15:00:00+00:00', '--job-id', '704', '--raw', '--subdir', 'DAGS_FOLDER/example.py', '--cfg-path', '/tmp/tmp1_591ugs']
[2026-01-16T16:00:01.236+0000] {standard_task_runner.py:88} INFO - Job 704: Subtask get_data
[2026-01-16T16:00:01.245+0000] {warnings.py:109} WARNING - /home/***/.local/lib/python3.9/site-packages/***/settings.py:194: DeprecationWarning: The sql_alchemy_conn option in [core] has been moved to the sql_alchemy_conn option in [database] - the old setting has been used, but please update your config.
  SQL_ALCHEMY_CONN = conf.get("database", "SQL_ALCHEMY_CONN")

[2026-01-16T16:00:01.267+0000] {task_command.py:423} INFO - Running <TaskInstance: ModelDevelop.get_data scheduled__2026-01-16T15:00:00+00:00 [running]> on host 8a4f043652f0
[2026-01-16T16:00:01.311+0000] {taskinstance.py:2513} INFO - Exporting env vars: AIRFLOW_CTX_DAG_OWNER='***' AIRFLOW_CTX_DAG_ID='ModelDevelop' AIRFLOW_CTX_TASK_ID='get_data' AIRFLOW_CTX_EXECUTION_DATE='2026-01-16T15:00:00+00:00' AIRFLOW_CTX_TRY_NUMBER='1' AIRFLOW_CTX_DAG_RUN_ID='scheduled__2026-01-16T15:00:00+00:00'
[2026-01-16T16:00:01.319+0000] {python.py:202} INFO - Done. Returned value was: ./iris.csv
[2026-01-16T16:00:01.332+0000] {taskinstance.py:1149} INFO - Marking task as SUCCESS. dag_id=ModelDevelop, task_id=get_data, execution_date=20260116T150000, start_date=20260116T160001, end_date=20260116T160001
[2026-01-16T16:00:01.367+0000] {local_task_job_runner.py:234} INFO - Task exited with return code 0
[2026-01-16T16:00:01.379+0000] {taskinstance.py:3312} INFO - 0 downstream tasks scheduled from follow-on schedule check
[2026-01-17T13:21:12.279+0000] {taskinstance.py:1979} INFO - Dependencies all met for dep_context=non-requeueable deps ti=<TaskInstance: ModelDevelop.get_data scheduled__2026-01-16T15:00:00+00:00 [queued]>
[2026-01-17T13:21:12.284+0000] {taskinstance.py:1979} INFO - Dependencies all met for dep_context=requeueable deps ti=<TaskInstance: ModelDevelop.get_data scheduled__2026-01-16T15:00:00+00:00 [queued]>
[2026-01-17T13:21:12.285+0000] {taskinstance.py:2193} INFO - Starting attempt 1 of 2
[2026-01-17T13:21:12.332+0000] {taskinstance.py:2217} INFO - Executing <Task(PythonOperator): get_data> on 2026-01-16 15:00:00+00:00
[2026-01-17T13:21:12.342+0000] {standard_task_runner.py:60} INFO - Started process 46076 to run task
[2026-01-17T13:21:12.344+0000] {standard_task_runner.py:87} INFO - Running: ['***', 'tasks', 'run', 'ModelDevelop', 'get_data', 'scheduled__2026-01-16T15:00:00+00:00', '--job-id', '690', '--raw', '--subdir', 'DAGS_FOLDER/example.py', '--cfg-path', '/tmp/tmpptk3sg_k']
[2026-01-17T13:21:12.345+0000] {standard_task_runner.py:88} INFO - Job 690: Subtask get_data
[2026-01-17T13:21:12.354+0000] {warnings.py:109} WARNING - /home/***/.local/lib/python3.9/site-packages/***/settings.py:194: DeprecationWarning: The sql_alchemy_conn option in [core] has been moved to the sql_alchemy_conn option in [database] - the old setting has been used, but please update your config.
  SQL_ALCHEMY_CONN = conf.get("database", "SQL_ALCHEMY_CONN")

[2026-01-17T13:21:12.384+0000] {task_command.py:423} INFO - Running <TaskInstance: ModelDevelop.get_data scheduled__2026-01-16T15:00:00+00:00 [running]> on host ed3184b6b543
[2026-01-17T13:21:12.450+0000] {taskinstance.py:2513} INFO - Exporting env vars: AIRFLOW_CTX_DAG_OWNER='***' AIRFLOW_CTX_DAG_ID='ModelDevelop' AIRFLOW_CTX_TASK_ID='get_data' AIRFLOW_CTX_EXECUTION_DATE='2026-01-16T15:00:00+00:00' AIRFLOW_CTX_TRY_NUMBER='1' AIRFLOW_CTX_DAG_RUN_ID='scheduled__2026-01-16T15:00:00+00:00'
[2026-01-17T13:21:12.461+0000] {python.py:202} INFO - Done. Returned value was: ./iris.csv
[2026-01-17T13:21:12.481+0000] {taskinstance.py:1149} INFO - Marking task as SUCCESS. dag_id=ModelDevelop, task_id=get_data, execution_date=20260116T150000, start_date=20260117T132112, end_date=20260117T132112
[2026-01-17T13:21:12.516+0000] {local_task_job_runner.py:234} INFO - Task exited with return code 0
[2026-01-17T13:21:12.546+0000] {taskinstance.py:3312} INFO - 1 downstream tasks scheduled from follow-on schedule check
[2026-01-17T13:42:46.532+0000] {taskinstance.py:1979} INFO - Dependencies all met for dep_context=non-requeueable deps ti=<TaskInstance: ModelDevelop.get_data scheduled__2026-01-16T15:00:00+00:00 [queued]>
[2026-01-17T13:42:46.538+0000] {taskinstance.py:1979} INFO - Dependencies all met for dep_context=requeueable deps ti=<TaskInstance: ModelDevelop.get_data scheduled__2026-01-16T15:00:00+00:00 [queued]>
[2026-01-17T13:42:46.539+0000] {taskinstance.py:2193} INFO - Starting attempt 1 of 2
[2026-01-17T13:42:46.548+0000] {taskinstance.py:2217} INFO - Executing <Task(PythonOperator): get_data> on 2026-01-16 15:00:00+00:00
[2026-01-17T13:42:46.556+0000] {standard_task_runner.py:60} INFO - Started process 46413 to run task
[2026-01-17T13:42:46.561+0000] {standard_task_runner.py:87} INFO - Running: ['***', 'tasks', 'run', 'ModelDevelop', 'get_data', 'scheduled__2026-01-16T15:00:00+00:00', '--job-id', '694', '--raw', '--subdir', 'DAGS_FOLDER/example.py', '--cfg-path', '/tmp/tmpw9qhbt3m']
[2026-01-17T13:42:46.562+0000] {standard_task_runner.py:88} INFO - Job 694: Subtask get_data
[2026-01-17T13:42:46.571+0000] {warnings.py:109} WARNING - /home/***/.local/lib/python3.9/site-packages/***/settings.py:194: DeprecationWarning: The sql_alchemy_conn option in [core] has been moved to the sql_alchemy_conn option in [database] - the old setting has been used, but please update your config.
  SQL_ALCHEMY_CONN = conf.get("database", "SQL_ALCHEMY_CONN")

[2026-01-17T13:42:46.602+0000] {task_command.py:423} INFO - Running <TaskInstance: ModelDevelop.get_data scheduled__2026-01-16T15:00:00+00:00 [running]> on host 5330652dc216
[2026-01-17T13:42:46.715+0000] {taskinstance.py:2513} INFO - Exporting env vars: AIRFLOW_CTX_DAG_OWNER='***' AIRFLOW_CTX_DAG_ID='ModelDevelop' AIRFLOW_CTX_TASK_ID='get_data' AIRFLOW_CTX_EXECUTION_DATE='2026-01-16T15:00:00+00:00' AIRFLOW_CTX_TRY_NUMBER='1' AIRFLOW_CTX_DAG_RUN_ID='scheduled__2026-01-16T15:00:00+00:00'
[2026-01-17T13:42:46.723+0000] {python.py:202} INFO - Done. Returned value was: ./iris.csv
[2026-01-17T13:42:46.740+0000] {taskinstance.py:1149} INFO - Marking task as SUCCESS. dag_id=ModelDevelop, task_id=get_data, execution_date=20260116T150000, start_date=20260117T134246, end_date=20260117T134246
[2026-01-17T13:42:46.786+0000] {local_task_job_runner.py:234} INFO - Task exited with return code 0
[2026-01-17T13:42:46.811+0000] {taskinstance.py:3312} INFO - 1 downstream tasks scheduled from follow-on schedule check
