[2026-01-16T20:00:01.332+0000] {taskinstance.py:1979} INFO - Dependencies all met for dep_context=non-requeueable deps ti=<TaskInstance: ModelDevelop.get_data scheduled__2026-01-16T19:00:00+00:00 [queued]>
[2026-01-16T20:00:01.336+0000] {taskinstance.py:1979} INFO - Dependencies all met for dep_context=requeueable deps ti=<TaskInstance: ModelDevelop.get_data scheduled__2026-01-16T19:00:00+00:00 [queued]>
[2026-01-16T20:00:01.337+0000] {taskinstance.py:2193} INFO - Starting attempt 1 of 2
[2026-01-16T20:00:01.342+0000] {taskinstance.py:2217} INFO - Executing <Task(PythonOperator): get_data> on 2026-01-16 19:00:00+00:00
[2026-01-16T20:00:01.348+0000] {standard_task_runner.py:60} INFO - Started process 47676 to run task
[2026-01-16T20:00:01.351+0000] {standard_task_runner.py:87} INFO - Running: ['***', 'tasks', 'run', 'ModelDevelop', 'get_data', 'scheduled__2026-01-16T19:00:00+00:00', '--job-id', '712', '--raw', '--subdir', 'DAGS_FOLDER/example.py', '--cfg-path', '/tmp/tmp640s94zz']
[2026-01-16T20:00:01.352+0000] {standard_task_runner.py:88} INFO - Job 712: Subtask get_data
[2026-01-16T20:00:01.361+0000] {warnings.py:109} WARNING - /home/***/.local/lib/python3.9/site-packages/***/settings.py:194: DeprecationWarning: The sql_alchemy_conn option in [core] has been moved to the sql_alchemy_conn option in [database] - the old setting has been used, but please update your config.
  SQL_ALCHEMY_CONN = conf.get("database", "SQL_ALCHEMY_CONN")

[2026-01-16T20:00:01.384+0000] {task_command.py:423} INFO - Running <TaskInstance: ModelDevelop.get_data scheduled__2026-01-16T19:00:00+00:00 [running]> on host 8a4f043652f0
[2026-01-16T20:00:01.429+0000] {taskinstance.py:2513} INFO - Exporting env vars: AIRFLOW_CTX_DAG_OWNER='***' AIRFLOW_CTX_DAG_ID='ModelDevelop' AIRFLOW_CTX_TASK_ID='get_data' AIRFLOW_CTX_EXECUTION_DATE='2026-01-16T19:00:00+00:00' AIRFLOW_CTX_TRY_NUMBER='1' AIRFLOW_CTX_DAG_RUN_ID='scheduled__2026-01-16T19:00:00+00:00'
[2026-01-16T20:00:01.437+0000] {python.py:202} INFO - Done. Returned value was: ./iris.csv
[2026-01-16T20:00:01.450+0000] {taskinstance.py:1149} INFO - Marking task as SUCCESS. dag_id=ModelDevelop, task_id=get_data, execution_date=20260116T190000, start_date=20260116T200001, end_date=20260116T200001
[2026-01-16T20:00:01.483+0000] {local_task_job_runner.py:234} INFO - Task exited with return code 0
[2026-01-16T20:00:01.504+0000] {taskinstance.py:3312} INFO - 1 downstream tasks scheduled from follow-on schedule check
[2026-01-17T13:21:20.198+0000] {taskinstance.py:1979} INFO - Dependencies all met for dep_context=non-requeueable deps ti=<TaskInstance: ModelDevelop.get_data scheduled__2026-01-16T19:00:00+00:00 [queued]>
[2026-01-17T13:21:20.218+0000] {taskinstance.py:1979} INFO - Dependencies all met for dep_context=requeueable deps ti=<TaskInstance: ModelDevelop.get_data scheduled__2026-01-16T19:00:00+00:00 [queued]>
[2026-01-17T13:21:20.218+0000] {taskinstance.py:2193} INFO - Starting attempt 1 of 2
[2026-01-17T13:21:20.233+0000] {taskinstance.py:2217} INFO - Executing <Task(PythonOperator): get_data> on 2026-01-16 19:00:00+00:00
[2026-01-17T13:21:20.242+0000] {standard_task_runner.py:60} INFO - Started process 47781 to run task
[2026-01-17T13:21:20.244+0000] {standard_task_runner.py:87} INFO - Running: ['***', 'tasks', 'run', 'ModelDevelop', 'get_data', 'scheduled__2026-01-16T19:00:00+00:00', '--job-id', '711', '--raw', '--subdir', 'DAGS_FOLDER/example.py', '--cfg-path', '/tmp/tmppuxi0cnt']
[2026-01-17T13:21:20.245+0000] {standard_task_runner.py:88} INFO - Job 711: Subtask get_data
[2026-01-17T13:21:20.270+0000] {warnings.py:109} WARNING - /home/***/.local/lib/python3.9/site-packages/***/settings.py:194: DeprecationWarning: The sql_alchemy_conn option in [core] has been moved to the sql_alchemy_conn option in [database] - the old setting has been used, but please update your config.
  SQL_ALCHEMY_CONN = conf.get("database", "SQL_ALCHEMY_CONN")

[2026-01-17T13:21:20.329+0000] {task_command.py:423} INFO - Running <TaskInstance: ModelDevelop.get_data scheduled__2026-01-16T19:00:00+00:00 [running]> on host ed3184b6b543
[2026-01-17T13:21:20.398+0000] {taskinstance.py:2513} INFO - Exporting env vars: AIRFLOW_CTX_DAG_OWNER='***' AIRFLOW_CTX_DAG_ID='ModelDevelop' AIRFLOW_CTX_TASK_ID='get_data' AIRFLOW_CTX_EXECUTION_DATE='2026-01-16T19:00:00+00:00' AIRFLOW_CTX_TRY_NUMBER='1' AIRFLOW_CTX_DAG_RUN_ID='scheduled__2026-01-16T19:00:00+00:00'
[2026-01-17T13:21:20.407+0000] {python.py:202} INFO - Done. Returned value was: ./iris.csv
[2026-01-17T13:21:20.422+0000] {taskinstance.py:1149} INFO - Marking task as SUCCESS. dag_id=ModelDevelop, task_id=get_data, execution_date=20260116T190000, start_date=20260117T132120, end_date=20260117T132120
[2026-01-17T13:21:20.618+0000] {local_task_job_runner.py:234} INFO - Task exited with return code 0
[2026-01-17T13:21:20.702+0000] {taskinstance.py:3312} INFO - 0 downstream tasks scheduled from follow-on schedule check
[2026-01-17T13:42:47.208+0000] {taskinstance.py:1979} INFO - Dependencies all met for dep_context=non-requeueable deps ti=<TaskInstance: ModelDevelop.get_data scheduled__2026-01-16T19:00:00+00:00 [queued]>
[2026-01-17T13:42:47.213+0000] {taskinstance.py:1979} INFO - Dependencies all met for dep_context=requeueable deps ti=<TaskInstance: ModelDevelop.get_data scheduled__2026-01-16T19:00:00+00:00 [queued]>
[2026-01-17T13:42:47.213+0000] {taskinstance.py:2193} INFO - Starting attempt 1 of 2
[2026-01-17T13:42:47.220+0000] {taskinstance.py:2217} INFO - Executing <Task(PythonOperator): get_data> on 2026-01-16 19:00:00+00:00
[2026-01-17T13:42:47.228+0000] {standard_task_runner.py:60} INFO - Started process 46679 to run task
[2026-01-17T13:42:47.244+0000] {standard_task_runner.py:87} INFO - Running: ['***', 'tasks', 'run', 'ModelDevelop', 'get_data', 'scheduled__2026-01-16T19:00:00+00:00', '--job-id', '699', '--raw', '--subdir', 'DAGS_FOLDER/example.py', '--cfg-path', '/tmp/tmpgu8nfdff']
[2026-01-17T13:42:47.245+0000] {standard_task_runner.py:88} INFO - Job 699: Subtask get_data
[2026-01-17T13:42:47.274+0000] {warnings.py:109} WARNING - /home/***/.local/lib/python3.9/site-packages/***/settings.py:194: DeprecationWarning: The sql_alchemy_conn option in [core] has been moved to the sql_alchemy_conn option in [database] - the old setting has been used, but please update your config.
  SQL_ALCHEMY_CONN = conf.get("database", "SQL_ALCHEMY_CONN")

[2026-01-17T13:42:47.321+0000] {task_command.py:423} INFO - Running <TaskInstance: ModelDevelop.get_data scheduled__2026-01-16T19:00:00+00:00 [running]> on host 5330652dc216
[2026-01-17T13:42:47.382+0000] {taskinstance.py:2513} INFO - Exporting env vars: AIRFLOW_CTX_DAG_OWNER='***' AIRFLOW_CTX_DAG_ID='ModelDevelop' AIRFLOW_CTX_TASK_ID='get_data' AIRFLOW_CTX_EXECUTION_DATE='2026-01-16T19:00:00+00:00' AIRFLOW_CTX_TRY_NUMBER='1' AIRFLOW_CTX_DAG_RUN_ID='scheduled__2026-01-16T19:00:00+00:00'
[2026-01-17T13:42:47.391+0000] {python.py:202} INFO - Done. Returned value was: ./iris.csv
[2026-01-17T13:42:47.405+0000] {taskinstance.py:1149} INFO - Marking task as SUCCESS. dag_id=ModelDevelop, task_id=get_data, execution_date=20260116T190000, start_date=20260117T134247, end_date=20260117T134247
[2026-01-17T13:42:47.454+0000] {local_task_job_runner.py:234} INFO - Task exited with return code 0
[2026-01-17T13:42:47.492+0000] {taskinstance.py:3312} INFO - 1 downstream tasks scheduled from follow-on schedule check
