[2026-01-02T04:01:22.349+0000] {taskinstance.py:1165} INFO - Dependencies all met for <TaskInstance: ModelDevelop.train_fit manual__2026-01-02T04:01:20.604872+00:00 [queued]>
[2026-01-02T04:01:22.354+0000] {taskinstance.py:1165} INFO - Dependencies all met for <TaskInstance: ModelDevelop.train_fit manual__2026-01-02T04:01:20.604872+00:00 [queued]>
[2026-01-02T04:01:22.354+0000] {taskinstance.py:1362} INFO - 
--------------------------------------------------------------------------------
[2026-01-02T04:01:22.354+0000] {taskinstance.py:1363} INFO - Starting attempt 1 of 2
[2026-01-02T04:01:22.354+0000] {taskinstance.py:1364} INFO - 
--------------------------------------------------------------------------------
[2026-01-02T04:01:22.361+0000] {taskinstance.py:1383} INFO - Executing <Task(PythonOperator): train_fit> on 2026-01-02 04:01:20.604872+00:00
[2026-01-02T04:01:22.365+0000] {standard_task_runner.py:54} INFO - Started process 816 to run task
[2026-01-02T04:01:22.367+0000] {standard_task_runner.py:82} INFO - Running: ['***', 'tasks', 'run', 'ModelDevelop', 'train_fit', 'manual__2026-01-02T04:01:20.604872+00:00', '--job-id', '91', '--raw', '--subdir', 'DAGS_FOLDER/psjung_dag.py', '--cfg-path', '/tmp/tmpfariy364']
[2026-01-02T04:01:22.368+0000] {standard_task_runner.py:83} INFO - Job 91: Subtask train_fit
[2026-01-02T04:01:22.368+0000] {dagbag.py:525} INFO - Filling up the DagBag from /opt/***/dags/psjung_dag.py
[2026-01-02T04:01:22.995+0000] {warnings.py:110} WARNING - /home/***/.local/lib/python3.7/site-packages/***/configuration.py:545: DeprecationWarning: The sql_alchemy_conn option in [core] has been moved to the sql_alchemy_conn option in [database] - the old setting has been used, but please update your config.
  option = self._get_environment_variables(deprecated_key, deprecated_section, key, section)

[2026-01-02T04:01:23.023+0000] {task_command.py:384} INFO - Running <TaskInstance: ModelDevelop.train_fit manual__2026-01-02T04:01:20.604872+00:00 [running]> on host 81eec80a5533
[2026-01-02T04:01:23.061+0000] {taskinstance.py:1592} INFO - Exporting the following env vars:
AIRFLOW_CTX_DAG_OWNER=***
AIRFLOW_CTX_DAG_ID=ModelDevelop
AIRFLOW_CTX_TASK_ID=train_fit
AIRFLOW_CTX_EXECUTION_DATE=2026-01-02T04:01:20.604872+00:00
AIRFLOW_CTX_TRY_NUMBER=1
AIRFLOW_CTX_DAG_RUN_ID=manual__2026-01-02T04:01:20.604872+00:00
[2026-01-02T04:01:23.074+0000] {logging_mixin.py:117} INFO -      sepal_length  sepal_width  petal_length  petal_width  target
0             5.1          3.5           1.4          0.2       0
1             4.9          3.0           1.4          0.2       0
2             4.7          3.2           1.3          0.2       0
3             4.6          3.1           1.5          0.2       0
4             5.0          3.6           1.4          0.2       0
..            ...          ...           ...          ...     ...
145           6.7          3.0           5.2          2.3       2
146           6.3          2.5           5.0          1.9       2
147           6.5          3.0           5.2          2.0       2
148           6.2          3.4           5.4          2.3       2
149           5.9          3.0           5.1          1.8       2

[150 rows x 5 columns]
[2026-01-02T04:01:23.079+0000] {logging_mixin.py:117} INFO - Train Accuracy : 0.9833333333333333
[2026-01-02T04:01:23.079+0000] {logging_mixin.py:117} INFO - Valid Accuracy : 0.9333333333333333
[2026-01-02T04:01:23.084+0000] {logging_mixin.py:117} INFO - SC1
[2026-01-02T04:01:23.089+0000] {logging_mixin.py:117} INFO -      sepal_length  sepal_width  petal_length  petal_width
16            5.4          3.9           1.3          0.4
140           6.7          3.1           5.6          2.4
104           6.5          3.0           5.8          2.2
124           6.7          3.3           5.7          2.1
89            5.5          2.5           4.0          1.3
72            6.3          2.5           4.9          1.5
6             4.6          3.4           1.4          0.3
58            6.6          2.9           4.6          1.3
129           7.2          3.0           5.8          1.6
44            5.1          3.8           1.9          0.4
[2026-01-02T04:01:23.089+0000] {logging_mixin.py:117} INFO - SC2
[2026-01-02T04:01:23.121+0000] {logging_mixin.py:117} WARNING - 2026/01/02 04:01:23 WARNING mlflow.utils.git_utils: Failed to import Git (the Git executable is probably not on your PATH), so Git SHA is not available. Error: Failed to initialize: Bad git executable.
The git executable must be specified in one of the following ways:
    - be included in your $PATH
    - be set via $GIT_PYTHON_GIT_EXECUTABLE
    - explicitly set via git.refresh(<full-path-to-git-executable>)

All git commands will error until this is rectified.

This initial message can be silenced or aggravated in the future by setting the
$GIT_PYTHON_REFRESH environment variable. Use one of the following values:
    - quiet|q|silence|s|silent|none|n|0: for no message or exception
    - warn|w|warning|log|l|1: for a warning message (logging level CRITICAL, displayed by default)
    - error|e|exception|raise|r|2: for a raised exception

Example:
    export GIT_PYTHON_REFRESH=quiet
[2026-01-02T04:01:24.726+0000] {logging_mixin.py:117} INFO - ****Success Message*******
[2026-01-02T04:01:24.727+0000] {python.py:177} INFO - Done. Returned value was: None
[2026-01-02T04:01:24.735+0000] {taskinstance.py:1406} INFO - Marking task as SUCCESS. dag_id=ModelDevelop, task_id=train_fit, execution_date=20260102T040120, start_date=20260102T040122, end_date=20260102T040124
[2026-01-02T04:01:24.783+0000] {local_task_job.py:164} INFO - Task exited with return code 0
[2026-01-02T04:01:24.796+0000] {local_task_job.py:273} INFO - 0 downstream tasks scheduled from follow-on schedule check
