[2026-01-16T07:54:35.263+0000] {taskinstance.py:1979} INFO - Dependencies all met for dep_context=non-requeueable deps ti=<TaskInstance: ModelDevelop.get_data scheduled__2026-01-04T17:00:00+00:00 [queued]>
[2026-01-16T07:54:35.268+0000] {taskinstance.py:1979} INFO - Dependencies all met for dep_context=requeueable deps ti=<TaskInstance: ModelDevelop.get_data scheduled__2026-01-04T17:00:00+00:00 [queued]>
[2026-01-16T07:54:35.268+0000] {taskinstance.py:2193} INFO - Starting attempt 1 of 2
[2026-01-16T07:54:35.287+0000] {taskinstance.py:2217} INFO - Executing <Task(PythonOperator): get_data> on 2026-01-04 17:00:00+00:00
[2026-01-16T07:54:35.294+0000] {standard_task_runner.py:60} INFO - Started process 8983 to run task
[2026-01-16T07:54:35.310+0000] {standard_task_runner.py:87} INFO - Running: ['***', 'tasks', 'run', 'ModelDevelop', 'get_data', 'scheduled__2026-01-04T17:00:00+00:00', '--job-id', '131', '--raw', '--subdir', 'DAGS_FOLDER/example.py', '--cfg-path', '/tmp/tmpal1jl8ru']
[2026-01-16T07:54:35.311+0000] {standard_task_runner.py:88} INFO - Job 131: Subtask get_data
[2026-01-16T07:54:35.340+0000] {warnings.py:109} WARNING - /home/***/.local/lib/python3.9/site-packages/***/settings.py:194: DeprecationWarning: The sql_alchemy_conn option in [core] has been moved to the sql_alchemy_conn option in [database] - the old setting has been used, but please update your config.
  SQL_ALCHEMY_CONN = conf.get("database", "SQL_ALCHEMY_CONN")

[2026-01-16T07:54:35.366+0000] {task_command.py:423} INFO - Running <TaskInstance: ModelDevelop.get_data scheduled__2026-01-04T17:00:00+00:00 [running]> on host 8a4f043652f0
[2026-01-16T07:54:35.421+0000] {taskinstance.py:2513} INFO - Exporting env vars: AIRFLOW_CTX_DAG_OWNER='***' AIRFLOW_CTX_DAG_ID='ModelDevelop' AIRFLOW_CTX_TASK_ID='get_data' AIRFLOW_CTX_EXECUTION_DATE='2026-01-04T17:00:00+00:00' AIRFLOW_CTX_TRY_NUMBER='1' AIRFLOW_CTX_DAG_RUN_ID='scheduled__2026-01-04T17:00:00+00:00'
[2026-01-16T07:54:35.429+0000] {python.py:202} INFO - Done. Returned value was: ./iris.csv
[2026-01-16T07:54:35.445+0000] {taskinstance.py:1149} INFO - Marking task as SUCCESS. dag_id=ModelDevelop, task_id=get_data, execution_date=20260104T170000, start_date=20260116T075435, end_date=20260116T075435
[2026-01-16T07:54:35.470+0000] {local_task_job_runner.py:234} INFO - Task exited with return code 0
[2026-01-16T07:54:35.488+0000] {taskinstance.py:3312} INFO - 1 downstream tasks scheduled from follow-on schedule check
[2026-01-17T13:18:10.226+0000] {taskinstance.py:1979} INFO - Dependencies all met for dep_context=non-requeueable deps ti=<TaskInstance: ModelDevelop.get_data scheduled__2026-01-04T17:00:00+00:00 [queued]>
[2026-01-17T13:18:10.233+0000] {taskinstance.py:1979} INFO - Dependencies all met for dep_context=requeueable deps ti=<TaskInstance: ModelDevelop.get_data scheduled__2026-01-04T17:00:00+00:00 [queued]>
[2026-01-17T13:18:10.233+0000] {taskinstance.py:2193} INFO - Starting attempt 1 of 2
[2026-01-17T13:18:10.243+0000] {taskinstance.py:2217} INFO - Executing <Task(PythonOperator): get_data> on 2026-01-04 17:00:00+00:00
[2026-01-17T13:18:10.251+0000] {standard_task_runner.py:60} INFO - Started process 8955 to run task
[2026-01-17T13:18:10.254+0000] {standard_task_runner.py:87} INFO - Running: ['***', 'tasks', 'run', 'ModelDevelop', 'get_data', 'scheduled__2026-01-04T17:00:00+00:00', '--job-id', '130', '--raw', '--subdir', 'DAGS_FOLDER/example.py', '--cfg-path', '/tmp/tmp19rxael_']
[2026-01-17T13:18:10.255+0000] {standard_task_runner.py:88} INFO - Job 130: Subtask get_data
[2026-01-17T13:18:10.294+0000] {warnings.py:109} WARNING - /home/***/.local/lib/python3.9/site-packages/***/settings.py:194: DeprecationWarning: The sql_alchemy_conn option in [core] has been moved to the sql_alchemy_conn option in [database] - the old setting has been used, but please update your config.
  SQL_ALCHEMY_CONN = conf.get("database", "SQL_ALCHEMY_CONN")

[2026-01-17T13:18:10.351+0000] {task_command.py:423} INFO - Running <TaskInstance: ModelDevelop.get_data scheduled__2026-01-04T17:00:00+00:00 [running]> on host ed3184b6b543
[2026-01-17T13:18:10.431+0000] {taskinstance.py:2513} INFO - Exporting env vars: AIRFLOW_CTX_DAG_OWNER='***' AIRFLOW_CTX_DAG_ID='ModelDevelop' AIRFLOW_CTX_TASK_ID='get_data' AIRFLOW_CTX_EXECUTION_DATE='2026-01-04T17:00:00+00:00' AIRFLOW_CTX_TRY_NUMBER='1' AIRFLOW_CTX_DAG_RUN_ID='scheduled__2026-01-04T17:00:00+00:00'
[2026-01-17T13:18:10.442+0000] {python.py:202} INFO - Done. Returned value was: ./iris.csv
[2026-01-17T13:18:10.459+0000] {taskinstance.py:1149} INFO - Marking task as SUCCESS. dag_id=ModelDevelop, task_id=get_data, execution_date=20260104T170000, start_date=20260117T131810, end_date=20260117T131810
[2026-01-17T13:18:10.507+0000] {local_task_job_runner.py:234} INFO - Task exited with return code 0
[2026-01-17T13:18:10.526+0000] {taskinstance.py:3312} INFO - 0 downstream tasks scheduled from follow-on schedule check
[2026-01-17T13:39:31.837+0000] {taskinstance.py:1979} INFO - Dependencies all met for dep_context=non-requeueable deps ti=<TaskInstance: ModelDevelop.get_data scheduled__2026-01-04T17:00:00+00:00 [queued]>
[2026-01-17T13:39:31.849+0000] {taskinstance.py:1979} INFO - Dependencies all met for dep_context=requeueable deps ti=<TaskInstance: ModelDevelop.get_data scheduled__2026-01-04T17:00:00+00:00 [queued]>
[2026-01-17T13:39:31.849+0000] {taskinstance.py:2193} INFO - Starting attempt 1 of 2
[2026-01-17T13:39:31.858+0000] {taskinstance.py:2217} INFO - Executing <Task(PythonOperator): get_data> on 2026-01-04 17:00:00+00:00
[2026-01-17T13:39:31.868+0000] {standard_task_runner.py:60} INFO - Started process 8953 to run task
[2026-01-17T13:39:31.870+0000] {standard_task_runner.py:87} INFO - Running: ['***', 'tasks', 'run', 'ModelDevelop', 'get_data', 'scheduled__2026-01-04T17:00:00+00:00', '--job-id', '131', '--raw', '--subdir', 'DAGS_FOLDER/example.py', '--cfg-path', '/tmp/tmps8c_68ek']
[2026-01-17T13:39:31.871+0000] {standard_task_runner.py:88} INFO - Job 131: Subtask get_data
[2026-01-17T13:39:31.883+0000] {warnings.py:109} WARNING - /home/***/.local/lib/python3.9/site-packages/***/settings.py:194: DeprecationWarning: The sql_alchemy_conn option in [core] has been moved to the sql_alchemy_conn option in [database] - the old setting has been used, but please update your config.
  SQL_ALCHEMY_CONN = conf.get("database", "SQL_ALCHEMY_CONN")

[2026-01-17T13:39:31.907+0000] {task_command.py:423} INFO - Running <TaskInstance: ModelDevelop.get_data scheduled__2026-01-04T17:00:00+00:00 [running]> on host 5330652dc216
[2026-01-17T13:39:32.014+0000] {taskinstance.py:2513} INFO - Exporting env vars: AIRFLOW_CTX_DAG_OWNER='***' AIRFLOW_CTX_DAG_ID='ModelDevelop' AIRFLOW_CTX_TASK_ID='get_data' AIRFLOW_CTX_EXECUTION_DATE='2026-01-04T17:00:00+00:00' AIRFLOW_CTX_TRY_NUMBER='1' AIRFLOW_CTX_DAG_RUN_ID='scheduled__2026-01-04T17:00:00+00:00'
[2026-01-17T13:39:32.024+0000] {python.py:202} INFO - Done. Returned value was: ./iris.csv
[2026-01-17T13:39:32.050+0000] {taskinstance.py:1149} INFO - Marking task as SUCCESS. dag_id=ModelDevelop, task_id=get_data, execution_date=20260104T170000, start_date=20260117T133931, end_date=20260117T133932
[2026-01-17T13:39:32.123+0000] {local_task_job_runner.py:234} INFO - Task exited with return code 0
[2026-01-17T13:39:32.146+0000] {taskinstance.py:3312} INFO - 1 downstream tasks scheduled from follow-on schedule check
