[2026-01-16T07:56:28.536+0000] {taskinstance.py:1979} INFO - Dependencies all met for dep_context=non-requeueable deps ti=<TaskInstance: ModelDevelop.get_data scheduled__2026-01-12T14:00:00+00:00 [queued]>
[2026-01-16T07:56:28.542+0000] {taskinstance.py:1979} INFO - Dependencies all met for dep_context=requeueable deps ti=<TaskInstance: ModelDevelop.get_data scheduled__2026-01-12T14:00:00+00:00 [queued]>
[2026-01-16T07:56:28.542+0000] {taskinstance.py:2193} INFO - Starting attempt 1 of 2
[2026-01-16T07:56:28.551+0000] {taskinstance.py:2217} INFO - Executing <Task(PythonOperator): get_data> on 2026-01-12 14:00:00+00:00
[2026-01-16T07:56:28.559+0000] {standard_task_runner.py:60} INFO - Started process 33011 to run task
[2026-01-16T07:56:28.562+0000] {standard_task_runner.py:87} INFO - Running: ['***', 'tasks', 'run', 'ModelDevelop', 'get_data', 'scheduled__2026-01-12T14:00:00+00:00', '--job-id', '496', '--raw', '--subdir', 'DAGS_FOLDER/example.py', '--cfg-path', '/tmp/tmpa9iorxkm']
[2026-01-16T07:56:28.562+0000] {standard_task_runner.py:88} INFO - Job 496: Subtask get_data
[2026-01-16T07:56:28.572+0000] {warnings.py:109} WARNING - /home/***/.local/lib/python3.9/site-packages/***/settings.py:194: DeprecationWarning: The sql_alchemy_conn option in [core] has been moved to the sql_alchemy_conn option in [database] - the old setting has been used, but please update your config.
  SQL_ALCHEMY_CONN = conf.get("database", "SQL_ALCHEMY_CONN")

[2026-01-16T07:56:28.597+0000] {task_command.py:423} INFO - Running <TaskInstance: ModelDevelop.get_data scheduled__2026-01-12T14:00:00+00:00 [running]> on host 8a4f043652f0
[2026-01-16T07:56:28.647+0000] {taskinstance.py:2513} INFO - Exporting env vars: AIRFLOW_CTX_DAG_OWNER='***' AIRFLOW_CTX_DAG_ID='ModelDevelop' AIRFLOW_CTX_TASK_ID='get_data' AIRFLOW_CTX_EXECUTION_DATE='2026-01-12T14:00:00+00:00' AIRFLOW_CTX_TRY_NUMBER='1' AIRFLOW_CTX_DAG_RUN_ID='scheduled__2026-01-12T14:00:00+00:00'
[2026-01-16T07:56:28.657+0000] {python.py:202} INFO - Done. Returned value was: ./iris.csv
[2026-01-16T07:56:28.670+0000] {taskinstance.py:1149} INFO - Marking task as SUCCESS. dag_id=ModelDevelop, task_id=get_data, execution_date=20260112T140000, start_date=20260116T075628, end_date=20260116T075628
[2026-01-16T07:56:28.734+0000] {local_task_job_runner.py:234} INFO - Task exited with return code 0
[2026-01-16T07:56:28.759+0000] {taskinstance.py:3312} INFO - 1 downstream tasks scheduled from follow-on schedule check
[2026-01-17T13:20:13.208+0000] {taskinstance.py:1979} INFO - Dependencies all met for dep_context=non-requeueable deps ti=<TaskInstance: ModelDevelop.get_data scheduled__2026-01-12T14:00:00+00:00 [queued]>
[2026-01-17T13:20:13.215+0000] {taskinstance.py:1979} INFO - Dependencies all met for dep_context=requeueable deps ti=<TaskInstance: ModelDevelop.get_data scheduled__2026-01-12T14:00:00+00:00 [queued]>
[2026-01-17T13:20:13.215+0000] {taskinstance.py:2193} INFO - Starting attempt 1 of 2
[2026-01-17T13:20:13.277+0000] {taskinstance.py:2217} INFO - Executing <Task(PythonOperator): get_data> on 2026-01-12 14:00:00+00:00
[2026-01-17T13:20:13.284+0000] {standard_task_runner.py:60} INFO - Started process 33147 to run task
[2026-01-17T13:20:13.287+0000] {standard_task_runner.py:87} INFO - Running: ['***', 'tasks', 'run', 'ModelDevelop', 'get_data', 'scheduled__2026-01-12T14:00:00+00:00', '--job-id', '497', '--raw', '--subdir', 'DAGS_FOLDER/example.py', '--cfg-path', '/tmp/tmp9geer54m']
[2026-01-17T13:20:13.288+0000] {standard_task_runner.py:88} INFO - Job 497: Subtask get_data
[2026-01-17T13:20:13.298+0000] {warnings.py:109} WARNING - /home/***/.local/lib/python3.9/site-packages/***/settings.py:194: DeprecationWarning: The sql_alchemy_conn option in [core] has been moved to the sql_alchemy_conn option in [database] - the old setting has been used, but please update your config.
  SQL_ALCHEMY_CONN = conf.get("database", "SQL_ALCHEMY_CONN")

[2026-01-17T13:20:13.332+0000] {task_command.py:423} INFO - Running <TaskInstance: ModelDevelop.get_data scheduled__2026-01-12T14:00:00+00:00 [running]> on host ed3184b6b543
[2026-01-17T13:20:13.428+0000] {taskinstance.py:2513} INFO - Exporting env vars: AIRFLOW_CTX_DAG_OWNER='***' AIRFLOW_CTX_DAG_ID='ModelDevelop' AIRFLOW_CTX_TASK_ID='get_data' AIRFLOW_CTX_EXECUTION_DATE='2026-01-12T14:00:00+00:00' AIRFLOW_CTX_TRY_NUMBER='1' AIRFLOW_CTX_DAG_RUN_ID='scheduled__2026-01-12T14:00:00+00:00'
[2026-01-17T13:20:13.438+0000] {python.py:202} INFO - Done. Returned value was: ./iris.csv
[2026-01-17T13:20:13.456+0000] {taskinstance.py:1149} INFO - Marking task as SUCCESS. dag_id=ModelDevelop, task_id=get_data, execution_date=20260112T140000, start_date=20260117T132013, end_date=20260117T132013
[2026-01-17T13:20:13.499+0000] {local_task_job_runner.py:234} INFO - Task exited with return code 0
[2026-01-17T13:20:13.532+0000] {taskinstance.py:3312} INFO - 1 downstream tasks scheduled from follow-on schedule check
[2026-01-17T13:41:46.140+0000] {taskinstance.py:1979} INFO - Dependencies all met for dep_context=non-requeueable deps ti=<TaskInstance: ModelDevelop.get_data scheduled__2026-01-12T14:00:00+00:00 [queued]>
[2026-01-17T13:41:46.147+0000] {taskinstance.py:1979} INFO - Dependencies all met for dep_context=requeueable deps ti=<TaskInstance: ModelDevelop.get_data scheduled__2026-01-12T14:00:00+00:00 [queued]>
[2026-01-17T13:41:46.148+0000] {taskinstance.py:2193} INFO - Starting attempt 1 of 2
[2026-01-17T13:41:46.156+0000] {taskinstance.py:2217} INFO - Executing <Task(PythonOperator): get_data> on 2026-01-12 14:00:00+00:00
[2026-01-17T13:41:46.162+0000] {standard_task_runner.py:60} INFO - Started process 33552 to run task
[2026-01-17T13:41:46.164+0000] {standard_task_runner.py:87} INFO - Running: ['***', 'tasks', 'run', 'ModelDevelop', 'get_data', 'scheduled__2026-01-12T14:00:00+00:00', '--job-id', '502', '--raw', '--subdir', 'DAGS_FOLDER/example.py', '--cfg-path', '/tmp/tmpyezp8qfe']
[2026-01-17T13:41:46.165+0000] {standard_task_runner.py:88} INFO - Job 502: Subtask get_data
[2026-01-17T13:41:46.175+0000] {warnings.py:109} WARNING - /home/***/.local/lib/python3.9/site-packages/***/settings.py:194: DeprecationWarning: The sql_alchemy_conn option in [core] has been moved to the sql_alchemy_conn option in [database] - the old setting has been used, but please update your config.
  SQL_ALCHEMY_CONN = conf.get("database", "SQL_ALCHEMY_CONN")

[2026-01-17T13:41:46.240+0000] {task_command.py:423} INFO - Running <TaskInstance: ModelDevelop.get_data scheduled__2026-01-12T14:00:00+00:00 [running]> on host 5330652dc216
[2026-01-17T13:41:46.326+0000] {taskinstance.py:2513} INFO - Exporting env vars: AIRFLOW_CTX_DAG_OWNER='***' AIRFLOW_CTX_DAG_ID='ModelDevelop' AIRFLOW_CTX_TASK_ID='get_data' AIRFLOW_CTX_EXECUTION_DATE='2026-01-12T14:00:00+00:00' AIRFLOW_CTX_TRY_NUMBER='1' AIRFLOW_CTX_DAG_RUN_ID='scheduled__2026-01-12T14:00:00+00:00'
[2026-01-17T13:41:46.335+0000] {python.py:202} INFO - Done. Returned value was: ./iris.csv
[2026-01-17T13:41:46.352+0000] {taskinstance.py:1149} INFO - Marking task as SUCCESS. dag_id=ModelDevelop, task_id=get_data, execution_date=20260112T140000, start_date=20260117T134146, end_date=20260117T134146
[2026-01-17T13:41:46.376+0000] {local_task_job_runner.py:234} INFO - Task exited with return code 0
[2026-01-17T13:41:46.408+0000] {taskinstance.py:3312} INFO - 1 downstream tasks scheduled from follow-on schedule check
