[2026-01-16T07:55:57.527+0000] {taskinstance.py:1979} INFO - Dependencies all met for dep_context=non-requeueable deps ti=<TaskInstance: ModelDevelop.get_data scheduled__2026-01-10T02:00:00+00:00 [queued]>
[2026-01-16T07:55:57.532+0000] {taskinstance.py:1979} INFO - Dependencies all met for dep_context=requeueable deps ti=<TaskInstance: ModelDevelop.get_data scheduled__2026-01-10T02:00:00+00:00 [queued]>
[2026-01-16T07:55:57.532+0000] {taskinstance.py:2193} INFO - Starting attempt 1 of 2
[2026-01-16T07:55:57.540+0000] {taskinstance.py:2217} INFO - Executing <Task(PythonOperator): get_data> on 2026-01-10 02:00:00+00:00
[2026-01-16T07:55:57.546+0000] {standard_task_runner.py:60} INFO - Started process 26137 to run task
[2026-01-16T07:55:57.548+0000] {standard_task_runner.py:87} INFO - Running: ['***', 'tasks', 'run', 'ModelDevelop', 'get_data', 'scheduled__2026-01-10T02:00:00+00:00', '--job-id', '388', '--raw', '--subdir', 'DAGS_FOLDER/example.py', '--cfg-path', '/tmp/tmppgg74k07']
[2026-01-16T07:55:57.549+0000] {standard_task_runner.py:88} INFO - Job 388: Subtask get_data
[2026-01-16T07:55:57.558+0000] {warnings.py:109} WARNING - /home/***/.local/lib/python3.9/site-packages/***/settings.py:194: DeprecationWarning: The sql_alchemy_conn option in [core] has been moved to the sql_alchemy_conn option in [database] - the old setting has been used, but please update your config.
  SQL_ALCHEMY_CONN = conf.get("database", "SQL_ALCHEMY_CONN")

[2026-01-16T07:55:57.585+0000] {task_command.py:423} INFO - Running <TaskInstance: ModelDevelop.get_data scheduled__2026-01-10T02:00:00+00:00 [running]> on host 8a4f043652f0
[2026-01-16T07:55:57.679+0000] {taskinstance.py:2513} INFO - Exporting env vars: AIRFLOW_CTX_DAG_OWNER='***' AIRFLOW_CTX_DAG_ID='ModelDevelop' AIRFLOW_CTX_TASK_ID='get_data' AIRFLOW_CTX_EXECUTION_DATE='2026-01-10T02:00:00+00:00' AIRFLOW_CTX_TRY_NUMBER='1' AIRFLOW_CTX_DAG_RUN_ID='scheduled__2026-01-10T02:00:00+00:00'
[2026-01-16T07:55:57.689+0000] {python.py:202} INFO - Done. Returned value was: ./iris.csv
[2026-01-16T07:55:57.706+0000] {taskinstance.py:1149} INFO - Marking task as SUCCESS. dag_id=ModelDevelop, task_id=get_data, execution_date=20260110T020000, start_date=20260116T075557, end_date=20260116T075557
[2026-01-16T07:55:57.765+0000] {local_task_job_runner.py:234} INFO - Task exited with return code 0
[2026-01-16T07:55:57.796+0000] {taskinstance.py:3312} INFO - 1 downstream tasks scheduled from follow-on schedule check
[2026-01-17T13:19:41.155+0000] {taskinstance.py:1979} INFO - Dependencies all met for dep_context=non-requeueable deps ti=<TaskInstance: ModelDevelop.get_data scheduled__2026-01-10T02:00:00+00:00 [queued]>
[2026-01-17T13:19:41.161+0000] {taskinstance.py:1979} INFO - Dependencies all met for dep_context=requeueable deps ti=<TaskInstance: ModelDevelop.get_data scheduled__2026-01-10T02:00:00+00:00 [queued]>
[2026-01-17T13:19:41.161+0000] {taskinstance.py:2193} INFO - Starting attempt 1 of 2
[2026-01-17T13:19:41.171+0000] {taskinstance.py:2217} INFO - Executing <Task(PythonOperator): get_data> on 2026-01-10 02:00:00+00:00
[2026-01-17T13:19:41.181+0000] {standard_task_runner.py:60} INFO - Started process 26304 to run task
[2026-01-17T13:19:41.184+0000] {standard_task_runner.py:87} INFO - Running: ['***', 'tasks', 'run', 'ModelDevelop', 'get_data', 'scheduled__2026-01-10T02:00:00+00:00', '--job-id', '389', '--raw', '--subdir', 'DAGS_FOLDER/example.py', '--cfg-path', '/tmp/tmpdu8iy_i9']
[2026-01-17T13:19:41.185+0000] {standard_task_runner.py:88} INFO - Job 389: Subtask get_data
[2026-01-17T13:19:41.195+0000] {warnings.py:109} WARNING - /home/***/.local/lib/python3.9/site-packages/***/settings.py:194: DeprecationWarning: The sql_alchemy_conn option in [core] has been moved to the sql_alchemy_conn option in [database] - the old setting has been used, but please update your config.
  SQL_ALCHEMY_CONN = conf.get("database", "SQL_ALCHEMY_CONN")

[2026-01-17T13:19:41.224+0000] {task_command.py:423} INFO - Running <TaskInstance: ModelDevelop.get_data scheduled__2026-01-10T02:00:00+00:00 [running]> on host ed3184b6b543
[2026-01-17T13:19:41.345+0000] {taskinstance.py:2513} INFO - Exporting env vars: AIRFLOW_CTX_DAG_OWNER='***' AIRFLOW_CTX_DAG_ID='ModelDevelop' AIRFLOW_CTX_TASK_ID='get_data' AIRFLOW_CTX_EXECUTION_DATE='2026-01-10T02:00:00+00:00' AIRFLOW_CTX_TRY_NUMBER='1' AIRFLOW_CTX_DAG_RUN_ID='scheduled__2026-01-10T02:00:00+00:00'
[2026-01-17T13:19:41.356+0000] {python.py:202} INFO - Done. Returned value was: ./iris.csv
[2026-01-17T13:19:41.390+0000] {taskinstance.py:1149} INFO - Marking task as SUCCESS. dag_id=ModelDevelop, task_id=get_data, execution_date=20260110T020000, start_date=20260117T131941, end_date=20260117T131941
[2026-01-17T13:19:41.436+0000] {local_task_job_runner.py:234} INFO - Task exited with return code 0
[2026-01-17T13:19:41.454+0000] {taskinstance.py:3312} INFO - 1 downstream tasks scheduled from follow-on schedule check
[2026-01-17T13:40:58.536+0000] {taskinstance.py:1979} INFO - Dependencies all met for dep_context=non-requeueable deps ti=<TaskInstance: ModelDevelop.get_data scheduled__2026-01-10T02:00:00+00:00 [queued]>
[2026-01-17T13:40:58.542+0000] {taskinstance.py:1979} INFO - Dependencies all met for dep_context=requeueable deps ti=<TaskInstance: ModelDevelop.get_data scheduled__2026-01-10T02:00:00+00:00 [queued]>
[2026-01-17T13:40:58.542+0000] {taskinstance.py:2193} INFO - Starting attempt 1 of 2
[2026-01-17T13:40:58.550+0000] {taskinstance.py:2217} INFO - Executing <Task(PythonOperator): get_data> on 2026-01-10 02:00:00+00:00
[2026-01-17T13:40:58.556+0000] {standard_task_runner.py:60} INFO - Started process 25207 to run task
[2026-01-17T13:40:58.558+0000] {standard_task_runner.py:87} INFO - Running: ['***', 'tasks', 'run', 'ModelDevelop', 'get_data', 'scheduled__2026-01-10T02:00:00+00:00', '--job-id', '378', '--raw', '--subdir', 'DAGS_FOLDER/example.py', '--cfg-path', '/tmp/tmp_jwfhi26']
[2026-01-17T13:40:58.559+0000] {standard_task_runner.py:88} INFO - Job 378: Subtask get_data
[2026-01-17T13:40:58.582+0000] {warnings.py:109} WARNING - /home/***/.local/lib/python3.9/site-packages/***/settings.py:194: DeprecationWarning: The sql_alchemy_conn option in [core] has been moved to the sql_alchemy_conn option in [database] - the old setting has been used, but please update your config.
  SQL_ALCHEMY_CONN = conf.get("database", "SQL_ALCHEMY_CONN")

[2026-01-17T13:40:58.640+0000] {task_command.py:423} INFO - Running <TaskInstance: ModelDevelop.get_data scheduled__2026-01-10T02:00:00+00:00 [running]> on host 5330652dc216
[2026-01-17T13:40:58.698+0000] {taskinstance.py:2513} INFO - Exporting env vars: AIRFLOW_CTX_DAG_OWNER='***' AIRFLOW_CTX_DAG_ID='ModelDevelop' AIRFLOW_CTX_TASK_ID='get_data' AIRFLOW_CTX_EXECUTION_DATE='2026-01-10T02:00:00+00:00' AIRFLOW_CTX_TRY_NUMBER='1' AIRFLOW_CTX_DAG_RUN_ID='scheduled__2026-01-10T02:00:00+00:00'
[2026-01-17T13:40:58.707+0000] {python.py:202} INFO - Done. Returned value was: ./iris.csv
[2026-01-17T13:40:58.721+0000] {taskinstance.py:1149} INFO - Marking task as SUCCESS. dag_id=ModelDevelop, task_id=get_data, execution_date=20260110T020000, start_date=20260117T134058, end_date=20260117T134058
[2026-01-17T13:40:58.771+0000] {local_task_job_runner.py:234} INFO - Task exited with return code 0
[2026-01-17T13:40:58.789+0000] {taskinstance.py:3312} INFO - 1 downstream tasks scheduled from follow-on schedule check
