[2026-01-16T07:56:18.243+0000] {taskinstance.py:1979} INFO - Dependencies all met for dep_context=non-requeueable deps ti=<TaskInstance: ModelDevelop.get_data scheduled__2026-01-11T15:00:00+00:00 [queued]>
[2026-01-16T07:56:18.250+0000] {taskinstance.py:1979} INFO - Dependencies all met for dep_context=requeueable deps ti=<TaskInstance: ModelDevelop.get_data scheduled__2026-01-11T15:00:00+00:00 [queued]>
[2026-01-16T07:56:18.250+0000] {taskinstance.py:2193} INFO - Starting attempt 1 of 2
[2026-01-16T07:56:18.263+0000] {taskinstance.py:2217} INFO - Executing <Task(PythonOperator): get_data> on 2026-01-11 15:00:00+00:00
[2026-01-16T07:56:18.273+0000] {standard_task_runner.py:60} INFO - Started process 30598 to run task
[2026-01-16T07:56:18.275+0000] {standard_task_runner.py:87} INFO - Running: ['***', 'tasks', 'run', 'ModelDevelop', 'get_data', 'scheduled__2026-01-11T15:00:00+00:00', '--job-id', '457', '--raw', '--subdir', 'DAGS_FOLDER/example.py', '--cfg-path', '/tmp/tmpxcb065ow']
[2026-01-16T07:56:18.276+0000] {standard_task_runner.py:88} INFO - Job 457: Subtask get_data
[2026-01-16T07:56:18.286+0000] {warnings.py:109} WARNING - /home/***/.local/lib/python3.9/site-packages/***/settings.py:194: DeprecationWarning: The sql_alchemy_conn option in [core] has been moved to the sql_alchemy_conn option in [database] - the old setting has been used, but please update your config.
  SQL_ALCHEMY_CONN = conf.get("database", "SQL_ALCHEMY_CONN")

[2026-01-16T07:56:18.313+0000] {task_command.py:423} INFO - Running <TaskInstance: ModelDevelop.get_data scheduled__2026-01-11T15:00:00+00:00 [running]> on host 8a4f043652f0
[2026-01-16T07:56:18.368+0000] {taskinstance.py:2513} INFO - Exporting env vars: AIRFLOW_CTX_DAG_OWNER='***' AIRFLOW_CTX_DAG_ID='ModelDevelop' AIRFLOW_CTX_TASK_ID='get_data' AIRFLOW_CTX_EXECUTION_DATE='2026-01-11T15:00:00+00:00' AIRFLOW_CTX_TRY_NUMBER='1' AIRFLOW_CTX_DAG_RUN_ID='scheduled__2026-01-11T15:00:00+00:00'
[2026-01-16T07:56:18.378+0000] {python.py:202} INFO - Done. Returned value was: ./iris.csv
[2026-01-16T07:56:18.440+0000] {taskinstance.py:1149} INFO - Marking task as SUCCESS. dag_id=ModelDevelop, task_id=get_data, execution_date=20260111T150000, start_date=20260116T075618, end_date=20260116T075618
[2026-01-16T07:56:18.488+0000] {local_task_job_runner.py:234} INFO - Task exited with return code 0
[2026-01-16T07:56:18.532+0000] {taskinstance.py:3312} INFO - 1 downstream tasks scheduled from follow-on schedule check
[2026-01-17T13:20:00.771+0000] {taskinstance.py:1979} INFO - Dependencies all met for dep_context=non-requeueable deps ti=<TaskInstance: ModelDevelop.get_data scheduled__2026-01-11T15:00:00+00:00 [queued]>
[2026-01-17T13:20:00.775+0000] {taskinstance.py:1979} INFO - Dependencies all met for dep_context=requeueable deps ti=<TaskInstance: ModelDevelop.get_data scheduled__2026-01-11T15:00:00+00:00 [queued]>
[2026-01-17T13:20:00.776+0000] {taskinstance.py:2193} INFO - Starting attempt 1 of 2
[2026-01-17T13:20:00.783+0000] {taskinstance.py:2217} INFO - Executing <Task(PythonOperator): get_data> on 2026-01-11 15:00:00+00:00
[2026-01-17T13:20:00.790+0000] {standard_task_runner.py:60} INFO - Started process 30663 to run task
[2026-01-17T13:20:00.793+0000] {standard_task_runner.py:87} INFO - Running: ['***', 'tasks', 'run', 'ModelDevelop', 'get_data', 'scheduled__2026-01-11T15:00:00+00:00', '--job-id', '458', '--raw', '--subdir', 'DAGS_FOLDER/example.py', '--cfg-path', '/tmp/tmpt4mlg1gs']
[2026-01-17T13:20:00.793+0000] {standard_task_runner.py:88} INFO - Job 458: Subtask get_data
[2026-01-17T13:20:00.803+0000] {warnings.py:109} WARNING - /home/***/.local/lib/python3.9/site-packages/***/settings.py:194: DeprecationWarning: The sql_alchemy_conn option in [core] has been moved to the sql_alchemy_conn option in [database] - the old setting has been used, but please update your config.
  SQL_ALCHEMY_CONN = conf.get("database", "SQL_ALCHEMY_CONN")

[2026-01-17T13:20:00.849+0000] {task_command.py:423} INFO - Running <TaskInstance: ModelDevelop.get_data scheduled__2026-01-11T15:00:00+00:00 [running]> on host ed3184b6b543
[2026-01-17T13:20:00.916+0000] {taskinstance.py:2513} INFO - Exporting env vars: AIRFLOW_CTX_DAG_OWNER='***' AIRFLOW_CTX_DAG_ID='ModelDevelop' AIRFLOW_CTX_TASK_ID='get_data' AIRFLOW_CTX_EXECUTION_DATE='2026-01-11T15:00:00+00:00' AIRFLOW_CTX_TRY_NUMBER='1' AIRFLOW_CTX_DAG_RUN_ID='scheduled__2026-01-11T15:00:00+00:00'
[2026-01-17T13:20:00.925+0000] {python.py:202} INFO - Done. Returned value was: ./iris.csv
[2026-01-17T13:20:00.969+0000] {taskinstance.py:1149} INFO - Marking task as SUCCESS. dag_id=ModelDevelop, task_id=get_data, execution_date=20260111T150000, start_date=20260117T132000, end_date=20260117T132000
[2026-01-17T13:20:01.055+0000] {local_task_job_runner.py:234} INFO - Task exited with return code 0
[2026-01-17T13:20:01.075+0000] {taskinstance.py:3312} INFO - 1 downstream tasks scheduled from follow-on schedule check
[2026-01-17T13:41:31.751+0000] {taskinstance.py:1979} INFO - Dependencies all met for dep_context=non-requeueable deps ti=<TaskInstance: ModelDevelop.get_data scheduled__2026-01-11T15:00:00+00:00 [queued]>
[2026-01-17T13:41:31.758+0000] {taskinstance.py:1979} INFO - Dependencies all met for dep_context=requeueable deps ti=<TaskInstance: ModelDevelop.get_data scheduled__2026-01-11T15:00:00+00:00 [queued]>
[2026-01-17T13:41:31.759+0000] {taskinstance.py:2193} INFO - Starting attempt 1 of 2
[2026-01-17T13:41:31.770+0000] {taskinstance.py:2217} INFO - Executing <Task(PythonOperator): get_data> on 2026-01-11 15:00:00+00:00
[2026-01-17T13:41:31.776+0000] {standard_task_runner.py:60} INFO - Started process 31196 to run task
[2026-01-17T13:41:31.779+0000] {standard_task_runner.py:87} INFO - Running: ['***', 'tasks', 'run', 'ModelDevelop', 'get_data', 'scheduled__2026-01-11T15:00:00+00:00', '--job-id', '462', '--raw', '--subdir', 'DAGS_FOLDER/example.py', '--cfg-path', '/tmp/tmp1d5i7ep4']
[2026-01-17T13:41:31.780+0000] {standard_task_runner.py:88} INFO - Job 462: Subtask get_data
[2026-01-17T13:41:31.789+0000] {warnings.py:109} WARNING - /home/***/.local/lib/python3.9/site-packages/***/settings.py:194: DeprecationWarning: The sql_alchemy_conn option in [core] has been moved to the sql_alchemy_conn option in [database] - the old setting has been used, but please update your config.
  SQL_ALCHEMY_CONN = conf.get("database", "SQL_ALCHEMY_CONN")

[2026-01-17T13:41:31.840+0000] {task_command.py:423} INFO - Running <TaskInstance: ModelDevelop.get_data scheduled__2026-01-11T15:00:00+00:00 [running]> on host 5330652dc216
[2026-01-17T13:41:31.901+0000] {taskinstance.py:2513} INFO - Exporting env vars: AIRFLOW_CTX_DAG_OWNER='***' AIRFLOW_CTX_DAG_ID='ModelDevelop' AIRFLOW_CTX_TASK_ID='get_data' AIRFLOW_CTX_EXECUTION_DATE='2026-01-11T15:00:00+00:00' AIRFLOW_CTX_TRY_NUMBER='1' AIRFLOW_CTX_DAG_RUN_ID='scheduled__2026-01-11T15:00:00+00:00'
[2026-01-17T13:41:31.910+0000] {python.py:202} INFO - Done. Returned value was: ./iris.csv
[2026-01-17T13:41:31.925+0000] {taskinstance.py:1149} INFO - Marking task as SUCCESS. dag_id=ModelDevelop, task_id=get_data, execution_date=20260111T150000, start_date=20260117T134131, end_date=20260117T134131
[2026-01-17T13:41:31.950+0000] {local_task_job_runner.py:234} INFO - Task exited with return code 0
[2026-01-17T13:41:31.988+0000] {taskinstance.py:3312} INFO - 1 downstream tasks scheduled from follow-on schedule check
