[2026-01-16T07:55:17.640+0000] {taskinstance.py:1979} INFO - Dependencies all met for dep_context=non-requeueable deps ti=<TaskInstance: ModelDevelop.get_data scheduled__2026-01-07T13:00:00+00:00 [queued]>
[2026-01-16T07:55:17.645+0000] {taskinstance.py:1979} INFO - Dependencies all met for dep_context=requeueable deps ti=<TaskInstance: ModelDevelop.get_data scheduled__2026-01-07T13:00:00+00:00 [queued]>
[2026-01-16T07:55:17.645+0000] {taskinstance.py:2193} INFO - Starting attempt 1 of 2
[2026-01-16T07:55:17.654+0000] {taskinstance.py:2217} INFO - Executing <Task(PythonOperator): get_data> on 2026-01-07 13:00:00+00:00
[2026-01-16T07:55:17.660+0000] {standard_task_runner.py:60} INFO - Started process 17631 to run task
[2026-01-16T07:55:17.663+0000] {standard_task_runner.py:87} INFO - Running: ['***', 'tasks', 'run', 'ModelDevelop', 'get_data', 'scheduled__2026-01-07T13:00:00+00:00', '--job-id', '263', '--raw', '--subdir', 'DAGS_FOLDER/example.py', '--cfg-path', '/tmp/tmp7ca54yma']
[2026-01-16T07:55:17.663+0000] {standard_task_runner.py:88} INFO - Job 263: Subtask get_data
[2026-01-16T07:55:17.686+0000] {warnings.py:109} WARNING - /home/***/.local/lib/python3.9/site-packages/***/settings.py:194: DeprecationWarning: The sql_alchemy_conn option in [core] has been moved to the sql_alchemy_conn option in [database] - the old setting has been used, but please update your config.
  SQL_ALCHEMY_CONN = conf.get("database", "SQL_ALCHEMY_CONN")

[2026-01-16T07:55:17.750+0000] {task_command.py:423} INFO - Running <TaskInstance: ModelDevelop.get_data scheduled__2026-01-07T13:00:00+00:00 [running]> on host 8a4f043652f0
[2026-01-16T07:55:17.815+0000] {taskinstance.py:2513} INFO - Exporting env vars: AIRFLOW_CTX_DAG_OWNER='***' AIRFLOW_CTX_DAG_ID='ModelDevelop' AIRFLOW_CTX_TASK_ID='get_data' AIRFLOW_CTX_EXECUTION_DATE='2026-01-07T13:00:00+00:00' AIRFLOW_CTX_TRY_NUMBER='1' AIRFLOW_CTX_DAG_RUN_ID='scheduled__2026-01-07T13:00:00+00:00'
[2026-01-16T07:55:17.823+0000] {python.py:202} INFO - Done. Returned value was: ./iris.csv
[2026-01-16T07:55:17.838+0000] {taskinstance.py:1149} INFO - Marking task as SUCCESS. dag_id=ModelDevelop, task_id=get_data, execution_date=20260107T130000, start_date=20260116T075517, end_date=20260116T075517
[2026-01-16T07:55:17.915+0000] {local_task_job_runner.py:234} INFO - Task exited with return code 0
[2026-01-16T07:55:17.937+0000] {taskinstance.py:3312} INFO - 1 downstream tasks scheduled from follow-on schedule check
[2026-01-17T13:18:51.307+0000] {taskinstance.py:1979} INFO - Dependencies all met for dep_context=non-requeueable deps ti=<TaskInstance: ModelDevelop.get_data scheduled__2026-01-07T13:00:00+00:00 [queued]>
[2026-01-17T13:18:51.314+0000] {taskinstance.py:1979} INFO - Dependencies all met for dep_context=requeueable deps ti=<TaskInstance: ModelDevelop.get_data scheduled__2026-01-07T13:00:00+00:00 [queued]>
[2026-01-17T13:18:51.315+0000] {taskinstance.py:2193} INFO - Starting attempt 1 of 2
[2026-01-17T13:18:51.326+0000] {taskinstance.py:2217} INFO - Executing <Task(PythonOperator): get_data> on 2026-01-07 13:00:00+00:00
[2026-01-17T13:18:51.336+0000] {standard_task_runner.py:60} INFO - Started process 17664 to run task
[2026-01-17T13:18:51.354+0000] {standard_task_runner.py:87} INFO - Running: ['***', 'tasks', 'run', 'ModelDevelop', 'get_data', 'scheduled__2026-01-07T13:00:00+00:00', '--job-id', '263', '--raw', '--subdir', 'DAGS_FOLDER/example.py', '--cfg-path', '/tmp/tmpf9j_v_ll']
[2026-01-17T13:18:51.355+0000] {standard_task_runner.py:88} INFO - Job 263: Subtask get_data
[2026-01-17T13:18:51.369+0000] {warnings.py:109} WARNING - /home/***/.local/lib/python3.9/site-packages/***/settings.py:194: DeprecationWarning: The sql_alchemy_conn option in [core] has been moved to the sql_alchemy_conn option in [database] - the old setting has been used, but please update your config.
  SQL_ALCHEMY_CONN = conf.get("database", "SQL_ALCHEMY_CONN")

[2026-01-17T13:18:51.407+0000] {task_command.py:423} INFO - Running <TaskInstance: ModelDevelop.get_data scheduled__2026-01-07T13:00:00+00:00 [running]> on host ed3184b6b543
[2026-01-17T13:18:51.495+0000] {taskinstance.py:2513} INFO - Exporting env vars: AIRFLOW_CTX_DAG_OWNER='***' AIRFLOW_CTX_DAG_ID='ModelDevelop' AIRFLOW_CTX_TASK_ID='get_data' AIRFLOW_CTX_EXECUTION_DATE='2026-01-07T13:00:00+00:00' AIRFLOW_CTX_TRY_NUMBER='1' AIRFLOW_CTX_DAG_RUN_ID='scheduled__2026-01-07T13:00:00+00:00'
[2026-01-17T13:18:51.507+0000] {python.py:202} INFO - Done. Returned value was: ./iris.csv
[2026-01-17T13:18:51.524+0000] {taskinstance.py:1149} INFO - Marking task as SUCCESS. dag_id=ModelDevelop, task_id=get_data, execution_date=20260107T130000, start_date=20260117T131851, end_date=20260117T131851
[2026-01-17T13:18:51.566+0000] {local_task_job_runner.py:234} INFO - Task exited with return code 0
[2026-01-17T13:18:51.679+0000] {taskinstance.py:3312} INFO - 0 downstream tasks scheduled from follow-on schedule check
[2026-01-17T13:40:12.992+0000] {taskinstance.py:1979} INFO - Dependencies all met for dep_context=non-requeueable deps ti=<TaskInstance: ModelDevelop.get_data scheduled__2026-01-07T13:00:00+00:00 [queued]>
[2026-01-17T13:40:12.997+0000] {taskinstance.py:1979} INFO - Dependencies all met for dep_context=requeueable deps ti=<TaskInstance: ModelDevelop.get_data scheduled__2026-01-07T13:00:00+00:00 [queued]>
[2026-01-17T13:40:12.997+0000] {taskinstance.py:2193} INFO - Starting attempt 1 of 2
[2026-01-17T13:40:13.004+0000] {taskinstance.py:2217} INFO - Executing <Task(PythonOperator): get_data> on 2026-01-07 13:00:00+00:00
[2026-01-17T13:40:13.010+0000] {standard_task_runner.py:60} INFO - Started process 16627 to run task
[2026-01-17T13:40:13.012+0000] {standard_task_runner.py:87} INFO - Running: ['***', 'tasks', 'run', 'ModelDevelop', 'get_data', 'scheduled__2026-01-07T13:00:00+00:00', '--job-id', '254', '--raw', '--subdir', 'DAGS_FOLDER/example.py', '--cfg-path', '/tmp/tmpdwk7jpw8']
[2026-01-17T13:40:13.013+0000] {standard_task_runner.py:88} INFO - Job 254: Subtask get_data
[2026-01-17T13:40:13.021+0000] {warnings.py:109} WARNING - /home/***/.local/lib/python3.9/site-packages/***/settings.py:194: DeprecationWarning: The sql_alchemy_conn option in [core] has been moved to the sql_alchemy_conn option in [database] - the old setting has been used, but please update your config.
  SQL_ALCHEMY_CONN = conf.get("database", "SQL_ALCHEMY_CONN")

[2026-01-17T13:40:13.044+0000] {task_command.py:423} INFO - Running <TaskInstance: ModelDevelop.get_data scheduled__2026-01-07T13:00:00+00:00 [running]> on host 5330652dc216
[2026-01-17T13:40:13.097+0000] {taskinstance.py:2513} INFO - Exporting env vars: AIRFLOW_CTX_DAG_OWNER='***' AIRFLOW_CTX_DAG_ID='ModelDevelop' AIRFLOW_CTX_TASK_ID='get_data' AIRFLOW_CTX_EXECUTION_DATE='2026-01-07T13:00:00+00:00' AIRFLOW_CTX_TRY_NUMBER='1' AIRFLOW_CTX_DAG_RUN_ID='scheduled__2026-01-07T13:00:00+00:00'
[2026-01-17T13:40:13.105+0000] {python.py:202} INFO - Done. Returned value was: ./iris.csv
[2026-01-17T13:40:13.118+0000] {taskinstance.py:1149} INFO - Marking task as SUCCESS. dag_id=ModelDevelop, task_id=get_data, execution_date=20260107T130000, start_date=20260117T134012, end_date=20260117T134013
[2026-01-17T13:40:13.144+0000] {local_task_job_runner.py:234} INFO - Task exited with return code 0
[2026-01-17T13:40:13.159+0000] {taskinstance.py:3312} INFO - 1 downstream tasks scheduled from follow-on schedule check
