[2026-01-16T07:55:37.779+0000] {taskinstance.py:1979} INFO - Dependencies all met for dep_context=non-requeueable deps ti=<TaskInstance: ModelDevelop.get_data scheduled__2026-01-08T22:00:00+00:00 [queued]>
[2026-01-16T07:55:37.785+0000] {taskinstance.py:1979} INFO - Dependencies all met for dep_context=requeueable deps ti=<TaskInstance: ModelDevelop.get_data scheduled__2026-01-08T22:00:00+00:00 [queued]>
[2026-01-16T07:55:37.785+0000] {taskinstance.py:2193} INFO - Starting attempt 1 of 2
[2026-01-16T07:55:37.804+0000] {taskinstance.py:2217} INFO - Executing <Task(PythonOperator): get_data> on 2026-01-08 22:00:00+00:00
[2026-01-16T07:55:37.816+0000] {standard_task_runner.py:60} INFO - Started process 21952 to run task
[2026-01-16T07:55:37.822+0000] {standard_task_runner.py:87} INFO - Running: ['***', 'tasks', 'run', 'ModelDevelop', 'get_data', 'scheduled__2026-01-08T22:00:00+00:00', '--job-id', '328', '--raw', '--subdir', 'DAGS_FOLDER/example.py', '--cfg-path', '/tmp/tmpb6sjkl8y']
[2026-01-16T07:55:37.823+0000] {standard_task_runner.py:88} INFO - Job 328: Subtask get_data
[2026-01-16T07:55:37.846+0000] {warnings.py:109} WARNING - /home/***/.local/lib/python3.9/site-packages/***/settings.py:194: DeprecationWarning: The sql_alchemy_conn option in [core] has been moved to the sql_alchemy_conn option in [database] - the old setting has been used, but please update your config.
  SQL_ALCHEMY_CONN = conf.get("database", "SQL_ALCHEMY_CONN")

[2026-01-16T07:55:37.876+0000] {task_command.py:423} INFO - Running <TaskInstance: ModelDevelop.get_data scheduled__2026-01-08T22:00:00+00:00 [running]> on host 8a4f043652f0
[2026-01-16T07:55:37.928+0000] {taskinstance.py:2513} INFO - Exporting env vars: AIRFLOW_CTX_DAG_OWNER='***' AIRFLOW_CTX_DAG_ID='ModelDevelop' AIRFLOW_CTX_TASK_ID='get_data' AIRFLOW_CTX_EXECUTION_DATE='2026-01-08T22:00:00+00:00' AIRFLOW_CTX_TRY_NUMBER='1' AIRFLOW_CTX_DAG_RUN_ID='scheduled__2026-01-08T22:00:00+00:00'
[2026-01-16T07:55:37.937+0000] {python.py:202} INFO - Done. Returned value was: ./iris.csv
[2026-01-16T07:55:37.953+0000] {taskinstance.py:1149} INFO - Marking task as SUCCESS. dag_id=ModelDevelop, task_id=get_data, execution_date=20260108T220000, start_date=20260116T075537, end_date=20260116T075537
[2026-01-16T07:55:38.034+0000] {local_task_job_runner.py:234} INFO - Task exited with return code 0
[2026-01-16T07:55:38.053+0000] {taskinstance.py:3312} INFO - 0 downstream tasks scheduled from follow-on schedule check
[2026-01-17T13:19:19.851+0000] {taskinstance.py:1979} INFO - Dependencies all met for dep_context=non-requeueable deps ti=<TaskInstance: ModelDevelop.get_data scheduled__2026-01-08T22:00:00+00:00 [queued]>
[2026-01-17T13:19:19.858+0000] {taskinstance.py:1979} INFO - Dependencies all met for dep_context=requeueable deps ti=<TaskInstance: ModelDevelop.get_data scheduled__2026-01-08T22:00:00+00:00 [queued]>
[2026-01-17T13:19:19.858+0000] {taskinstance.py:2193} INFO - Starting attempt 1 of 2
[2026-01-17T13:19:19.868+0000] {taskinstance.py:2217} INFO - Executing <Task(PythonOperator): get_data> on 2026-01-08 22:00:00+00:00
[2026-01-17T13:19:19.876+0000] {standard_task_runner.py:60} INFO - Started process 22121 to run task
[2026-01-17T13:19:19.878+0000] {standard_task_runner.py:87} INFO - Running: ['***', 'tasks', 'run', 'ModelDevelop', 'get_data', 'scheduled__2026-01-08T22:00:00+00:00', '--job-id', '330', '--raw', '--subdir', 'DAGS_FOLDER/example.py', '--cfg-path', '/tmp/tmpqzlo9rno']
[2026-01-17T13:19:19.879+0000] {standard_task_runner.py:88} INFO - Job 330: Subtask get_data
[2026-01-17T13:19:19.889+0000] {warnings.py:109} WARNING - /home/***/.local/lib/python3.9/site-packages/***/settings.py:194: DeprecationWarning: The sql_alchemy_conn option in [core] has been moved to the sql_alchemy_conn option in [database] - the old setting has been used, but please update your config.
  SQL_ALCHEMY_CONN = conf.get("database", "SQL_ALCHEMY_CONN")

[2026-01-17T13:19:19.951+0000] {task_command.py:423} INFO - Running <TaskInstance: ModelDevelop.get_data scheduled__2026-01-08T22:00:00+00:00 [running]> on host ed3184b6b543
[2026-01-17T13:19:20.005+0000] {taskinstance.py:2513} INFO - Exporting env vars: AIRFLOW_CTX_DAG_OWNER='***' AIRFLOW_CTX_DAG_ID='ModelDevelop' AIRFLOW_CTX_TASK_ID='get_data' AIRFLOW_CTX_EXECUTION_DATE='2026-01-08T22:00:00+00:00' AIRFLOW_CTX_TRY_NUMBER='1' AIRFLOW_CTX_DAG_RUN_ID='scheduled__2026-01-08T22:00:00+00:00'
[2026-01-17T13:19:20.014+0000] {python.py:202} INFO - Done. Returned value was: ./iris.csv
[2026-01-17T13:19:20.028+0000] {taskinstance.py:1149} INFO - Marking task as SUCCESS. dag_id=ModelDevelop, task_id=get_data, execution_date=20260108T220000, start_date=20260117T131919, end_date=20260117T131920
[2026-01-17T13:19:20.051+0000] {local_task_job_runner.py:234} INFO - Task exited with return code 0
[2026-01-17T13:19:20.090+0000] {taskinstance.py:3312} INFO - 1 downstream tasks scheduled from follow-on schedule check
[2026-01-17T13:40:44.959+0000] {taskinstance.py:1979} INFO - Dependencies all met for dep_context=non-requeueable deps ti=<TaskInstance: ModelDevelop.get_data scheduled__2026-01-08T22:00:00+00:00 [queued]>
[2026-01-17T13:40:44.969+0000] {taskinstance.py:1979} INFO - Dependencies all met for dep_context=requeueable deps ti=<TaskInstance: ModelDevelop.get_data scheduled__2026-01-08T22:00:00+00:00 [queued]>
[2026-01-17T13:40:44.969+0000] {taskinstance.py:2193} INFO - Starting attempt 1 of 2
[2026-01-17T13:40:44.984+0000] {taskinstance.py:2217} INFO - Executing <Task(PythonOperator): get_data> on 2026-01-08 22:00:00+00:00
[2026-01-17T13:40:44.995+0000] {standard_task_runner.py:60} INFO - Started process 22684 to run task
[2026-01-17T13:40:45.010+0000] {standard_task_runner.py:87} INFO - Running: ['***', 'tasks', 'run', 'ModelDevelop', 'get_data', 'scheduled__2026-01-08T22:00:00+00:00', '--job-id', '334', '--raw', '--subdir', 'DAGS_FOLDER/example.py', '--cfg-path', '/tmp/tmpxskf6ip0']
[2026-01-17T13:40:45.011+0000] {standard_task_runner.py:88} INFO - Job 334: Subtask get_data
[2026-01-17T13:40:45.037+0000] {warnings.py:109} WARNING - /home/***/.local/lib/python3.9/site-packages/***/settings.py:194: DeprecationWarning: The sql_alchemy_conn option in [core] has been moved to the sql_alchemy_conn option in [database] - the old setting has been used, but please update your config.
  SQL_ALCHEMY_CONN = conf.get("database", "SQL_ALCHEMY_CONN")

[2026-01-17T13:40:45.066+0000] {task_command.py:423} INFO - Running <TaskInstance: ModelDevelop.get_data scheduled__2026-01-08T22:00:00+00:00 [running]> on host 5330652dc216
[2026-01-17T13:40:45.131+0000] {taskinstance.py:2513} INFO - Exporting env vars: AIRFLOW_CTX_DAG_OWNER='***' AIRFLOW_CTX_DAG_ID='ModelDevelop' AIRFLOW_CTX_TASK_ID='get_data' AIRFLOW_CTX_EXECUTION_DATE='2026-01-08T22:00:00+00:00' AIRFLOW_CTX_TRY_NUMBER='1' AIRFLOW_CTX_DAG_RUN_ID='scheduled__2026-01-08T22:00:00+00:00'
[2026-01-17T13:40:45.143+0000] {python.py:202} INFO - Done. Returned value was: ./iris.csv
[2026-01-17T13:40:45.186+0000] {taskinstance.py:1149} INFO - Marking task as SUCCESS. dag_id=ModelDevelop, task_id=get_data, execution_date=20260108T220000, start_date=20260117T134044, end_date=20260117T134045
[2026-01-17T13:40:45.300+0000] {local_task_job_runner.py:234} INFO - Task exited with return code 0
[2026-01-17T13:40:45.323+0000] {taskinstance.py:3312} INFO - 1 downstream tasks scheduled from follow-on schedule check
