[2026-01-16T07:54:35.460+0000] {taskinstance.py:1979} INFO - Dependencies all met for dep_context=non-requeueable deps ti=<TaskInstance: ModelDevelop.get_data scheduled__2026-01-04T18:00:00+00:00 [queued]>
[2026-01-16T07:54:35.467+0000] {taskinstance.py:1979} INFO - Dependencies all met for dep_context=requeueable deps ti=<TaskInstance: ModelDevelop.get_data scheduled__2026-01-04T18:00:00+00:00 [queued]>
[2026-01-16T07:54:35.467+0000] {taskinstance.py:2193} INFO - Starting attempt 1 of 2
[2026-01-16T07:54:35.476+0000] {taskinstance.py:2217} INFO - Executing <Task(PythonOperator): get_data> on 2026-01-04 18:00:00+00:00
[2026-01-16T07:54:35.482+0000] {standard_task_runner.py:60} INFO - Started process 8989 to run task
[2026-01-16T07:54:35.485+0000] {standard_task_runner.py:87} INFO - Running: ['***', 'tasks', 'run', 'ModelDevelop', 'get_data', 'scheduled__2026-01-04T18:00:00+00:00', '--job-id', '132', '--raw', '--subdir', 'DAGS_FOLDER/example.py', '--cfg-path', '/tmp/tmppk6_l_82']
[2026-01-16T07:54:35.485+0000] {standard_task_runner.py:88} INFO - Job 132: Subtask get_data
[2026-01-16T07:54:35.496+0000] {warnings.py:109} WARNING - /home/***/.local/lib/python3.9/site-packages/***/settings.py:194: DeprecationWarning: The sql_alchemy_conn option in [core] has been moved to the sql_alchemy_conn option in [database] - the old setting has been used, but please update your config.
  SQL_ALCHEMY_CONN = conf.get("database", "SQL_ALCHEMY_CONN")

[2026-01-16T07:54:35.534+0000] {task_command.py:423} INFO - Running <TaskInstance: ModelDevelop.get_data scheduled__2026-01-04T18:00:00+00:00 [running]> on host 8a4f043652f0
[2026-01-16T07:54:35.624+0000] {taskinstance.py:2513} INFO - Exporting env vars: AIRFLOW_CTX_DAG_OWNER='***' AIRFLOW_CTX_DAG_ID='ModelDevelop' AIRFLOW_CTX_TASK_ID='get_data' AIRFLOW_CTX_EXECUTION_DATE='2026-01-04T18:00:00+00:00' AIRFLOW_CTX_TRY_NUMBER='1' AIRFLOW_CTX_DAG_RUN_ID='scheduled__2026-01-04T18:00:00+00:00'
[2026-01-16T07:54:35.633+0000] {python.py:202} INFO - Done. Returned value was: ./iris.csv
[2026-01-16T07:54:35.651+0000] {taskinstance.py:1149} INFO - Marking task as SUCCESS. dag_id=ModelDevelop, task_id=get_data, execution_date=20260104T180000, start_date=20260116T075435, end_date=20260116T075435
[2026-01-16T07:54:35.698+0000] {local_task_job_runner.py:234} INFO - Task exited with return code 0
[2026-01-16T07:54:35.718+0000] {taskinstance.py:3312} INFO - 1 downstream tasks scheduled from follow-on schedule check
[2026-01-17T13:18:10.470+0000] {taskinstance.py:1979} INFO - Dependencies all met for dep_context=non-requeueable deps ti=<TaskInstance: ModelDevelop.get_data scheduled__2026-01-04T18:00:00+00:00 [queued]>
[2026-01-17T13:18:10.475+0000] {taskinstance.py:1979} INFO - Dependencies all met for dep_context=requeueable deps ti=<TaskInstance: ModelDevelop.get_data scheduled__2026-01-04T18:00:00+00:00 [queued]>
[2026-01-17T13:18:10.475+0000] {taskinstance.py:2193} INFO - Starting attempt 1 of 2
[2026-01-17T13:18:10.484+0000] {taskinstance.py:2217} INFO - Executing <Task(PythonOperator): get_data> on 2026-01-04 18:00:00+00:00
[2026-01-17T13:18:10.492+0000] {standard_task_runner.py:60} INFO - Started process 9052 to run task
[2026-01-17T13:18:10.494+0000] {standard_task_runner.py:87} INFO - Running: ['***', 'tasks', 'run', 'ModelDevelop', 'get_data', 'scheduled__2026-01-04T18:00:00+00:00', '--job-id', '133', '--raw', '--subdir', 'DAGS_FOLDER/example.py', '--cfg-path', '/tmp/tmphjq9jcth']
[2026-01-17T13:18:10.495+0000] {standard_task_runner.py:88} INFO - Job 133: Subtask get_data
[2026-01-17T13:18:10.505+0000] {warnings.py:109} WARNING - /home/***/.local/lib/python3.9/site-packages/***/settings.py:194: DeprecationWarning: The sql_alchemy_conn option in [core] has been moved to the sql_alchemy_conn option in [database] - the old setting has been used, but please update your config.
  SQL_ALCHEMY_CONN = conf.get("database", "SQL_ALCHEMY_CONN")

[2026-01-17T13:18:10.584+0000] {task_command.py:423} INFO - Running <TaskInstance: ModelDevelop.get_data scheduled__2026-01-04T18:00:00+00:00 [running]> on host ed3184b6b543
[2026-01-17T13:18:10.650+0000] {taskinstance.py:2513} INFO - Exporting env vars: AIRFLOW_CTX_DAG_OWNER='***' AIRFLOW_CTX_DAG_ID='ModelDevelop' AIRFLOW_CTX_TASK_ID='get_data' AIRFLOW_CTX_EXECUTION_DATE='2026-01-04T18:00:00+00:00' AIRFLOW_CTX_TRY_NUMBER='1' AIRFLOW_CTX_DAG_RUN_ID='scheduled__2026-01-04T18:00:00+00:00'
[2026-01-17T13:18:10.663+0000] {python.py:202} INFO - Done. Returned value was: ./iris.csv
[2026-01-17T13:18:10.722+0000] {taskinstance.py:1149} INFO - Marking task as SUCCESS. dag_id=ModelDevelop, task_id=get_data, execution_date=20260104T180000, start_date=20260117T131810, end_date=20260117T131810
[2026-01-17T13:18:10.746+0000] {local_task_job_runner.py:234} INFO - Task exited with return code 0
[2026-01-17T13:18:10.764+0000] {taskinstance.py:3312} INFO - 1 downstream tasks scheduled from follow-on schedule check
[2026-01-17T13:39:32.191+0000] {taskinstance.py:1979} INFO - Dependencies all met for dep_context=non-requeueable deps ti=<TaskInstance: ModelDevelop.get_data scheduled__2026-01-04T18:00:00+00:00 [queued]>
[2026-01-17T13:39:32.196+0000] {taskinstance.py:1979} INFO - Dependencies all met for dep_context=requeueable deps ti=<TaskInstance: ModelDevelop.get_data scheduled__2026-01-04T18:00:00+00:00 [queued]>
[2026-01-17T13:39:32.197+0000] {taskinstance.py:2193} INFO - Starting attempt 1 of 2
[2026-01-17T13:39:32.206+0000] {taskinstance.py:2217} INFO - Executing <Task(PythonOperator): get_data> on 2026-01-04 18:00:00+00:00
[2026-01-17T13:39:32.213+0000] {standard_task_runner.py:60} INFO - Started process 9052 to run task
[2026-01-17T13:39:32.215+0000] {standard_task_runner.py:87} INFO - Running: ['***', 'tasks', 'run', 'ModelDevelop', 'get_data', 'scheduled__2026-01-04T18:00:00+00:00', '--job-id', '132', '--raw', '--subdir', 'DAGS_FOLDER/example.py', '--cfg-path', '/tmp/tmpzzgkhkrb']
[2026-01-17T13:39:32.216+0000] {standard_task_runner.py:88} INFO - Job 132: Subtask get_data
[2026-01-17T13:39:32.225+0000] {warnings.py:109} WARNING - /home/***/.local/lib/python3.9/site-packages/***/settings.py:194: DeprecationWarning: The sql_alchemy_conn option in [core] has been moved to the sql_alchemy_conn option in [database] - the old setting has been used, but please update your config.
  SQL_ALCHEMY_CONN = conf.get("database", "SQL_ALCHEMY_CONN")

[2026-01-17T13:39:32.260+0000] {task_command.py:423} INFO - Running <TaskInstance: ModelDevelop.get_data scheduled__2026-01-04T18:00:00+00:00 [running]> on host 5330652dc216
[2026-01-17T13:39:32.350+0000] {taskinstance.py:2513} INFO - Exporting env vars: AIRFLOW_CTX_DAG_OWNER='***' AIRFLOW_CTX_DAG_ID='ModelDevelop' AIRFLOW_CTX_TASK_ID='get_data' AIRFLOW_CTX_EXECUTION_DATE='2026-01-04T18:00:00+00:00' AIRFLOW_CTX_TRY_NUMBER='1' AIRFLOW_CTX_DAG_RUN_ID='scheduled__2026-01-04T18:00:00+00:00'
[2026-01-17T13:39:32.358+0000] {python.py:202} INFO - Done. Returned value was: ./iris.csv
[2026-01-17T13:39:32.393+0000] {taskinstance.py:1149} INFO - Marking task as SUCCESS. dag_id=ModelDevelop, task_id=get_data, execution_date=20260104T180000, start_date=20260117T133932, end_date=20260117T133932
[2026-01-17T13:39:32.468+0000] {local_task_job_runner.py:234} INFO - Task exited with return code 0
[2026-01-17T13:39:32.497+0000] {taskinstance.py:3312} INFO - 1 downstream tasks scheduled from follow-on schedule check
