[2026-04-09T06:16:15.923+0000] {taskinstance.py:1979} INFO - Dependencies all met for dep_context=non-requeueable deps ti=<TaskInstance: ExampleDAG.train_fit manual__2026-04-09T06:16:12.283065+00:00 [queued]>
[2026-04-09T06:16:15.928+0000] {taskinstance.py:1979} INFO - Dependencies all met for dep_context=requeueable deps ti=<TaskInstance: ExampleDAG.train_fit manual__2026-04-09T06:16:12.283065+00:00 [queued]>
[2026-04-09T06:16:15.928+0000] {taskinstance.py:2193} INFO - Starting attempt 1 of 2
[2026-04-09T06:16:15.934+0000] {taskinstance.py:2217} INFO - Executing <Task(PythonOperator): train_fit> on 2026-04-09 06:16:12.283065+00:00
[2026-04-09T06:16:15.939+0000] {standard_task_runner.py:60} INFO - Started process 208 to run task
[2026-04-09T06:16:15.942+0000] {standard_task_runner.py:87} INFO - Running: ['***', 'tasks', 'run', 'ExampleDAG', 'train_fit', 'manual__2026-04-09T06:16:12.283065+00:00', '--job-id', '5', '--raw', '--subdir', 'DAGS_FOLDER/ExampleDAG.py', '--cfg-path', '/tmp/tmp5fl424rx']
[2026-04-09T06:16:15.942+0000] {standard_task_runner.py:88} INFO - Job 5: Subtask train_fit
[2026-04-09T06:16:15.949+0000] {warnings.py:109} WARNING - /home/***/.local/lib/python3.9/site-packages/***/settings.py:194: DeprecationWarning: The sql_alchemy_conn option in [core] has been moved to the sql_alchemy_conn option in [database] - the old setting has been used, but please update your config.
  SQL_ALCHEMY_CONN = conf.get("database", "SQL_ALCHEMY_CONN")

[2026-04-09T06:16:15.971+0000] {task_command.py:423} INFO - Running <TaskInstance: ExampleDAG.train_fit manual__2026-04-09T06:16:12.283065+00:00 [running]> on host 460b107d1c2c
[2026-04-09T06:16:16.011+0000] {taskinstance.py:2513} INFO - Exporting env vars: AIRFLOW_CTX_DAG_OWNER='***' AIRFLOW_CTX_DAG_ID='ExampleDAG' AIRFLOW_CTX_TASK_ID='train_fit' AIRFLOW_CTX_EXECUTION_DATE='2026-04-09T06:16:12.283065+00:00' AIRFLOW_CTX_TRY_NUMBER='1' AIRFLOW_CTX_DAG_RUN_ID='manual__2026-04-09T06:16:12.283065+00:00'
[2026-04-09T06:16:16.021+0000] {warnings.py:109} WARNING - /home/***/.local/lib/python3.9/site-packages/mlflow/data/dataset_source_registry.py:143: UserWarning: The specified dataset source can be interpreted in multiple ways: LocalArtifactDatasetSource, LocalArtifactDatasetSource. MLflow will assume that this is a LocalArtifactDatasetSource source.
  return _dataset_source_registry.resolve(

[2026-04-09T06:16:16.021+0000] {warnings.py:109} WARNING - /home/***/.local/lib/python3.9/site-packages/mlflow/data/digest_utils.py:26: FutureWarning: DataFrame.applymap has been deprecated. Use DataFrame.map instead.
  string_columns = trimmed_df.columns[(df.applymap(type) == str).all(0)]

[2026-04-09T06:16:16.067+0000] {logging_mixin.py:188} WARNING - 2026/04/09 06:16:16 WARNING mlflow.utils.git_utils: Failed to import Git (the Git executable is probably not on your PATH), so Git SHA is not available. Error: Failed to initialize: Bad git executable.
The git executable must be specified in one of the following ways:
    - be included in your $PATH
    - be set via $GIT_PYTHON_GIT_EXECUTABLE
    - explicitly set via git.refresh(<full-path-to-git-executable>)

All git commands will error until this is rectified.

This initial message can be silenced or aggravated in the future by setting the
$GIT_PYTHON_REFRESH environment variable. Use one of the following values:
    - quiet|q|silence|s|silent|none|n|0: for no message or exception
    - warn|w|warning|log|l|1: for a warning message (logging level CRITICAL, displayed by default)
    - error|e|exception|raise|r|2: for a raised exception

Example:
    export GIT_PYTHON_REFRESH=quiet
[2026-04-09T06:16:16.089+0000] {warnings.py:109} WARNING - /home/***/.local/lib/python3.9/site-packages/mlflow/data/pandas_dataset.py:134: UserWarning: Hint: Inferred schema contains integer column(s). Integer columns in Python cannot represent missing values. If your input data contains missing values at inference time, it will be encoded as floats and will cause a schema enforcement error. The best way to avoid this problem is to infer the model schema based on a realistic data sample (training dataset) that includes missing values. Alternatively, you can declare integer columns as doubles (float64) whenever these columns may have missing values. See `Handling Integers With Missing Values <https://www.mlflow.org/docs/latest/models.html#handling-integers-with-missing-values>`_ for more details.
  return _infer_schema(self._df)

[2026-04-09T06:16:16.105+0000] {logging_mixin.py:188} INFO - Train Accuracy : 0.9833333333333333
[2026-04-09T06:16:16.105+0000] {logging_mixin.py:188} INFO - Valid Accuracy : 0.9333333333333333
[2026-04-09T06:16:18.093+0000] {warnings.py:109} WARNING - /home/***/.local/lib/python3.9/site-packages/_distutils_hack/__init__.py:33: UserWarning: Setuptools is replacing distutils.
  warnings.warn("Setuptools is replacing distutils.")

[2026-04-09T06:16:18.129+0000] {logging_mixin.py:188} INFO - ****Success Message*******
[2026-04-09T06:16:18.130+0000] {python.py:202} INFO - Done. Returned value was: None
[2026-04-09T06:16:18.136+0000] {taskinstance.py:1149} INFO - Marking task as SUCCESS. dag_id=ExampleDAG, task_id=train_fit, execution_date=20260409T061612, start_date=20260409T061615, end_date=20260409T061618
[2026-04-09T06:16:18.197+0000] {local_task_job_runner.py:234} INFO - Task exited with return code 0
[2026-04-09T06:16:18.208+0000] {taskinstance.py:3312} INFO - 0 downstream tasks scheduled from follow-on schedule check
