[2026-01-02T04:00:00.402+0000] {taskinstance.py:1165} INFO - Dependencies all met for <TaskInstance: ModelDevelop.get_data scheduled__2026-01-02T03:00:00+00:00 [queued]>
[2026-01-02T04:00:00.407+0000] {taskinstance.py:1165} INFO - Dependencies all met for <TaskInstance: ModelDevelop.get_data scheduled__2026-01-02T03:00:00+00:00 [queued]>
[2026-01-02T04:00:00.407+0000] {taskinstance.py:1362} INFO - 
--------------------------------------------------------------------------------
[2026-01-02T04:00:00.407+0000] {taskinstance.py:1363} INFO - Starting attempt 1 of 2
[2026-01-02T04:00:00.407+0000] {taskinstance.py:1364} INFO - 
--------------------------------------------------------------------------------
[2026-01-02T04:00:00.414+0000] {taskinstance.py:1383} INFO - Executing <Task(PythonOperator): get_data> on 2026-01-02 03:00:00+00:00
[2026-01-02T04:00:00.417+0000] {standard_task_runner.py:54} INFO - Started process 771 to run task
[2026-01-02T04:00:00.420+0000] {standard_task_runner.py:82} INFO - Running: ['***', 'tasks', 'run', 'ModelDevelop', 'get_data', 'scheduled__2026-01-02T03:00:00+00:00', '--job-id', '88', '--raw', '--subdir', 'DAGS_FOLDER/psjung_dag.py', '--cfg-path', '/tmp/tmpowly1dce']
[2026-01-02T04:00:00.420+0000] {standard_task_runner.py:83} INFO - Job 88: Subtask get_data
[2026-01-02T04:00:00.420+0000] {dagbag.py:525} INFO - Filling up the DagBag from /opt/***/dags/psjung_dag.py
[2026-01-02T04:00:01.052+0000] {warnings.py:110} WARNING - /home/***/.local/lib/python3.7/site-packages/***/configuration.py:545: DeprecationWarning: The sql_alchemy_conn option in [core] has been moved to the sql_alchemy_conn option in [database] - the old setting has been used, but please update your config.
  option = self._get_environment_variables(deprecated_key, deprecated_section, key, section)

[2026-01-02T04:00:01.079+0000] {task_command.py:384} INFO - Running <TaskInstance: ModelDevelop.get_data scheduled__2026-01-02T03:00:00+00:00 [running]> on host 81eec80a5533
[2026-01-02T04:00:01.114+0000] {taskinstance.py:1592} INFO - Exporting the following env vars:
AIRFLOW_CTX_DAG_OWNER=***
AIRFLOW_CTX_DAG_ID=ModelDevelop
AIRFLOW_CTX_TASK_ID=get_data
AIRFLOW_CTX_EXECUTION_DATE=2026-01-02T03:00:00+00:00
AIRFLOW_CTX_TRY_NUMBER=1
AIRFLOW_CTX_DAG_RUN_ID=scheduled__2026-01-02T03:00:00+00:00
[2026-01-02T04:00:01.118+0000] {python.py:177} INFO - Done. Returned value was: ./iris.csv
[2026-01-02T04:00:01.131+0000] {taskinstance.py:1406} INFO - Marking task as SUCCESS. dag_id=ModelDevelop, task_id=get_data, execution_date=20260102T030000, start_date=20260102T040000, end_date=20260102T040001
[2026-01-02T04:00:01.152+0000] {local_task_job.py:164} INFO - Task exited with return code 0
[2026-01-02T04:00:01.167+0000] {local_task_job.py:273} INFO - 1 downstream tasks scheduled from follow-on schedule check
[2026-01-02T04:01:54.569+0000] {taskinstance.py:1165} INFO - Dependencies all met for <TaskInstance: ModelDevelop.get_data scheduled__2026-01-02T03:00:00+00:00 [queued]>
[2026-01-02T04:01:54.574+0000] {taskinstance.py:1165} INFO - Dependencies all met for <TaskInstance: ModelDevelop.get_data scheduled__2026-01-02T03:00:00+00:00 [queued]>
[2026-01-02T04:01:54.574+0000] {taskinstance.py:1362} INFO - 
--------------------------------------------------------------------------------
[2026-01-02T04:01:54.574+0000] {taskinstance.py:1363} INFO - Starting attempt 1 of 2
[2026-01-02T04:01:54.574+0000] {taskinstance.py:1364} INFO - 
--------------------------------------------------------------------------------
[2026-01-02T04:01:54.581+0000] {taskinstance.py:1383} INFO - Executing <Task(PythonOperator): get_data> on 2026-01-02 03:00:00+00:00
[2026-01-02T04:01:54.584+0000] {standard_task_runner.py:54} INFO - Started process 859 to run task
[2026-01-02T04:01:54.587+0000] {standard_task_runner.py:82} INFO - Running: ['***', 'tasks', 'run', 'ModelDevelop', 'get_data', 'scheduled__2026-01-02T03:00:00+00:00', '--job-id', '94', '--raw', '--subdir', 'DAGS_FOLDER/psjung_dag.py', '--cfg-path', '/tmp/tmpkouqkuz0']
[2026-01-02T04:01:54.587+0000] {standard_task_runner.py:83} INFO - Job 94: Subtask get_data
[2026-01-02T04:01:54.588+0000] {dagbag.py:525} INFO - Filling up the DagBag from /opt/***/dags/psjung_dag.py
[2026-01-02T04:01:55.231+0000] {warnings.py:110} WARNING - /home/***/.local/lib/python3.7/site-packages/***/configuration.py:545: DeprecationWarning: The sql_alchemy_conn option in [core] has been moved to the sql_alchemy_conn option in [database] - the old setting has been used, but please update your config.
  option = self._get_environment_variables(deprecated_key, deprecated_section, key, section)

[2026-01-02T04:01:55.257+0000] {task_command.py:384} INFO - Running <TaskInstance: ModelDevelop.get_data scheduled__2026-01-02T03:00:00+00:00 [running]> on host 81eec80a5533
[2026-01-02T04:01:55.295+0000] {taskinstance.py:1592} INFO - Exporting the following env vars:
AIRFLOW_CTX_DAG_OWNER=***
AIRFLOW_CTX_DAG_ID=ModelDevelop
AIRFLOW_CTX_TASK_ID=get_data
AIRFLOW_CTX_EXECUTION_DATE=2026-01-02T03:00:00+00:00
AIRFLOW_CTX_TRY_NUMBER=1
AIRFLOW_CTX_DAG_RUN_ID=scheduled__2026-01-02T03:00:00+00:00
[2026-01-02T04:01:55.300+0000] {python.py:177} INFO - Done. Returned value was: ./iris.csv
[2026-01-02T04:01:55.313+0000] {taskinstance.py:1406} INFO - Marking task as SUCCESS. dag_id=ModelDevelop, task_id=get_data, execution_date=20260102T030000, start_date=20260102T040154, end_date=20260102T040155
[2026-01-02T04:01:55.359+0000] {local_task_job.py:164} INFO - Task exited with return code 0
[2026-01-02T04:01:55.385+0000] {local_task_job.py:273} INFO - 1 downstream tasks scheduled from follow-on schedule check
[2026-01-02T06:05:07.046+0000] {taskinstance.py:1979} INFO - Dependencies all met for dep_context=non-requeueable deps ti=<TaskInstance: ModelDevelop.get_data scheduled__2026-01-02T03:00:00+00:00 [queued]>
[2026-01-02T06:05:07.051+0000] {taskinstance.py:1979} INFO - Dependencies all met for dep_context=requeueable deps ti=<TaskInstance: ModelDevelop.get_data scheduled__2026-01-02T03:00:00+00:00 [queued]>
[2026-01-02T06:05:07.051+0000] {taskinstance.py:2193} INFO - Starting attempt 1 of 2
[2026-01-02T06:05:07.057+0000] {taskinstance.py:2217} INFO - Executing <Task(PythonOperator): get_data> on 2026-01-02 03:00:00+00:00
[2026-01-02T06:05:07.062+0000] {standard_task_runner.py:60} INFO - Started process 274 to run task
[2026-01-02T06:05:07.064+0000] {standard_task_runner.py:87} INFO - Running: ['***', 'tasks', 'run', 'ModelDevelop', 'get_data', 'scheduled__2026-01-02T03:00:00+00:00', '--job-id', '6', '--raw', '--subdir', 'DAGS_FOLDER/psjung_dag.py', '--cfg-path', '/tmp/tmpo6_u_4pl']
[2026-01-02T06:05:07.065+0000] {standard_task_runner.py:88} INFO - Job 6: Subtask get_data
[2026-01-02T06:05:07.072+0000] {warnings.py:109} WARNING - /home/***/.local/lib/python3.9/site-packages/***/settings.py:194: DeprecationWarning: The sql_alchemy_conn option in [core] has been moved to the sql_alchemy_conn option in [database] - the old setting has been used, but please update your config.
  SQL_ALCHEMY_CONN = conf.get("database", "SQL_ALCHEMY_CONN")

[2026-01-02T06:05:07.094+0000] {task_command.py:423} INFO - Running <TaskInstance: ModelDevelop.get_data scheduled__2026-01-02T03:00:00+00:00 [running]> on host a7950a218152
[2026-01-02T06:05:07.134+0000] {taskinstance.py:2513} INFO - Exporting env vars: AIRFLOW_CTX_DAG_OWNER='***' AIRFLOW_CTX_DAG_ID='ModelDevelop' AIRFLOW_CTX_TASK_ID='get_data' AIRFLOW_CTX_EXECUTION_DATE='2026-01-02T03:00:00+00:00' AIRFLOW_CTX_TRY_NUMBER='1' AIRFLOW_CTX_DAG_RUN_ID='scheduled__2026-01-02T03:00:00+00:00'
[2026-01-02T06:05:07.143+0000] {python.py:202} INFO - Done. Returned value was: ./iris.csv
[2026-01-02T06:05:07.156+0000] {taskinstance.py:1149} INFO - Marking task as SUCCESS. dag_id=ModelDevelop, task_id=get_data, execution_date=20260102T030000, start_date=20260102T060507, end_date=20260102T060507
[2026-01-02T06:05:07.196+0000] {local_task_job_runner.py:234} INFO - Task exited with return code 0
[2026-01-02T06:05:07.208+0000] {taskinstance.py:3312} INFO - 1 downstream tasks scheduled from follow-on schedule check
