[2026-03-06T06:26:03.985+0000] {taskinstance.py:1979} INFO - Dependencies all met for dep_context=non-requeueable deps ti=<TaskInstance: DataDriftRetrainDAG_student_2_2.detect_drift scheduled__2026-03-06T06:24:00+00:00 [queued]>
[2026-03-06T06:26:03.989+0000] {taskinstance.py:1979} INFO - Dependencies all met for dep_context=requeueable deps ti=<TaskInstance: DataDriftRetrainDAG_student_2_2.detect_drift scheduled__2026-03-06T06:24:00+00:00 [queued]>
[2026-03-06T06:26:03.990+0000] {taskinstance.py:2193} INFO - Starting attempt 1 of 2
[2026-03-06T06:26:03.996+0000] {taskinstance.py:2217} INFO - Executing <Task(BranchPythonOperator): detect_drift> on 2026-03-06 06:24:00+00:00
[2026-03-06T06:26:04.002+0000] {standard_task_runner.py:60} INFO - Started process 956 to run task
[2026-03-06T06:26:04.004+0000] {standard_task_runner.py:87} INFO - Running: ['***', 'tasks', 'run', 'DataDriftRetrainDAG_student_2_2', 'detect_drift', 'scheduled__2026-03-06T06:24:00+00:00', '--job-id', '32', '--raw', '--subdir', 'DAGS_FOLDER/exercise_drift_student_2_2.py', '--cfg-path', '/tmp/tmprl5bmp9z']
[2026-03-06T06:26:04.004+0000] {standard_task_runner.py:88} INFO - Job 32: Subtask detect_drift
[2026-03-06T06:26:04.013+0000] {warnings.py:109} WARNING - /home/***/.local/lib/python3.9/site-packages/***/settings.py:194: DeprecationWarning: The sql_alchemy_conn option in [core] has been moved to the sql_alchemy_conn option in [database] - the old setting has been used, but please update your config.
  SQL_ALCHEMY_CONN = conf.get("database", "SQL_ALCHEMY_CONN")

[2026-03-06T06:26:04.034+0000] {task_command.py:423} INFO - Running <TaskInstance: DataDriftRetrainDAG_student_2_2.detect_drift scheduled__2026-03-06T06:24:00+00:00 [running]> on host 7d97343e2d4a
[2026-03-06T06:26:04.078+0000] {taskinstance.py:2513} INFO - Exporting env vars: AIRFLOW_CTX_DAG_OWNER='***' AIRFLOW_CTX_DAG_ID='DataDriftRetrainDAG_student_2_2' AIRFLOW_CTX_TASK_ID='detect_drift' AIRFLOW_CTX_EXECUTION_DATE='2026-03-06T06:24:00+00:00' AIRFLOW_CTX_TRY_NUMBER='1' AIRFLOW_CTX_DAG_RUN_ID='scheduled__2026-03-06T06:24:00+00:00'
[2026-03-06T06:26:04.090+0000] {taskinstance.py:2731} ERROR - Task failed with exception
Traceback (most recent call last):
  File "/home/airflow/.local/lib/python3.9/site-packages/airflow/models/taskinstance.py", line 444, in _execute_task
    result = _execute_callable(context=context, **execute_callable_kwargs)
  File "/home/airflow/.local/lib/python3.9/site-packages/airflow/models/taskinstance.py", line 414, in _execute_callable
    return execute_callable(context=context, **execute_callable_kwargs)
  File "/home/airflow/.local/lib/python3.9/site-packages/airflow/operators/python.py", line 234, in execute
    return self.do_branch(context, super().execute(context))
  File "/home/airflow/.local/lib/python3.9/site-packages/airflow/operators/python.py", line 200, in execute
    return_value = self.execute_callable()
  File "/home/airflow/.local/lib/python3.9/site-packages/airflow/operators/python.py", line 217, in execute_callable
    return self.python_callable(*self.op_args, **self.op_kwargs)
  File "/opt/airflow/dags/exercise_drift_student_2_2.py", line 77, in detect_drift
    psi_scores[col] = calculate_psi(reference[col], X[col])
NameError: name 'calculate_psi' is not defined
[2026-03-06T06:26:04.095+0000] {taskinstance.py:1149} INFO - Marking task as UP_FOR_RETRY. dag_id=DataDriftRetrainDAG_student_2_2, task_id=detect_drift, execution_date=20260306T062400, start_date=20260306T062603, end_date=20260306T062604
[2026-03-06T06:26:04.100+0000] {standard_task_runner.py:107} ERROR - Failed to execute job 32 for task detect_drift (name 'calculate_psi' is not defined; 956)
[2026-03-06T06:26:04.135+0000] {local_task_job_runner.py:234} INFO - Task exited with return code 1
[2026-03-06T06:26:04.153+0000] {taskinstance.py:3312} INFO - 0 downstream tasks scheduled from follow-on schedule check
