[2026-01-16T07:57:00.467+0000] {taskinstance.py:1979} INFO - Dependencies all met for dep_context=non-requeueable deps ti=<TaskInstance: ModelDevelop.get_data scheduled__2026-01-14T13:00:00+00:00 [queued]>
[2026-01-16T07:57:00.473+0000] {taskinstance.py:1979} INFO - Dependencies all met for dep_context=requeueable deps ti=<TaskInstance: ModelDevelop.get_data scheduled__2026-01-14T13:00:00+00:00 [queued]>
[2026-01-16T07:57:00.473+0000] {taskinstance.py:2193} INFO - Starting attempt 1 of 2
[2026-01-16T07:57:00.494+0000] {taskinstance.py:2217} INFO - Executing <Task(PythonOperator): get_data> on 2026-01-14 13:00:00+00:00
[2026-01-16T07:57:00.502+0000] {standard_task_runner.py:60} INFO - Started process 39411 to run task
[2026-01-16T07:57:00.505+0000] {standard_task_runner.py:87} INFO - Running: ['***', 'tasks', 'run', 'ModelDevelop', 'get_data', 'scheduled__2026-01-14T13:00:00+00:00', '--job-id', '591', '--raw', '--subdir', 'DAGS_FOLDER/example.py', '--cfg-path', '/tmp/tmpl92otxne']
[2026-01-16T07:57:00.506+0000] {standard_task_runner.py:88} INFO - Job 591: Subtask get_data
[2026-01-16T07:57:00.516+0000] {warnings.py:109} WARNING - /home/***/.local/lib/python3.9/site-packages/***/settings.py:194: DeprecationWarning: The sql_alchemy_conn option in [core] has been moved to the sql_alchemy_conn option in [database] - the old setting has been used, but please update your config.
  SQL_ALCHEMY_CONN = conf.get("database", "SQL_ALCHEMY_CONN")

[2026-01-16T07:57:00.545+0000] {task_command.py:423} INFO - Running <TaskInstance: ModelDevelop.get_data scheduled__2026-01-14T13:00:00+00:00 [running]> on host 8a4f043652f0
[2026-01-16T07:57:00.664+0000] {taskinstance.py:2513} INFO - Exporting env vars: AIRFLOW_CTX_DAG_OWNER='***' AIRFLOW_CTX_DAG_ID='ModelDevelop' AIRFLOW_CTX_TASK_ID='get_data' AIRFLOW_CTX_EXECUTION_DATE='2026-01-14T13:00:00+00:00' AIRFLOW_CTX_TRY_NUMBER='1' AIRFLOW_CTX_DAG_RUN_ID='scheduled__2026-01-14T13:00:00+00:00'
[2026-01-16T07:57:00.675+0000] {python.py:202} INFO - Done. Returned value was: ./iris.csv
[2026-01-16T07:57:00.708+0000] {taskinstance.py:1149} INFO - Marking task as SUCCESS. dag_id=ModelDevelop, task_id=get_data, execution_date=20260114T130000, start_date=20260116T075700, end_date=20260116T075700
[2026-01-16T07:57:00.758+0000] {local_task_job_runner.py:234} INFO - Task exited with return code 0
[2026-01-16T07:57:00.817+0000] {taskinstance.py:3312} INFO - 0 downstream tasks scheduled from follow-on schedule check
[2026-01-17T13:20:41.331+0000] {taskinstance.py:1979} INFO - Dependencies all met for dep_context=non-requeueable deps ti=<TaskInstance: ModelDevelop.get_data scheduled__2026-01-14T13:00:00+00:00 [queued]>
[2026-01-17T13:20:41.364+0000] {taskinstance.py:1979} INFO - Dependencies all met for dep_context=requeueable deps ti=<TaskInstance: ModelDevelop.get_data scheduled__2026-01-14T13:00:00+00:00 [queued]>
[2026-01-17T13:20:41.364+0000] {taskinstance.py:2193} INFO - Starting attempt 1 of 2
[2026-01-17T13:20:41.396+0000] {taskinstance.py:2217} INFO - Executing <Task(PythonOperator): get_data> on 2026-01-14 13:00:00+00:00
[2026-01-17T13:20:41.406+0000] {standard_task_runner.py:60} INFO - Started process 39510 to run task
[2026-01-17T13:20:41.414+0000] {standard_task_runner.py:87} INFO - Running: ['***', 'tasks', 'run', 'ModelDevelop', 'get_data', 'scheduled__2026-01-14T13:00:00+00:00', '--job-id', '592', '--raw', '--subdir', 'DAGS_FOLDER/example.py', '--cfg-path', '/tmp/tmpj6uxjhsl']
[2026-01-17T13:20:41.415+0000] {standard_task_runner.py:88} INFO - Job 592: Subtask get_data
[2026-01-17T13:20:41.448+0000] {warnings.py:109} WARNING - /home/***/.local/lib/python3.9/site-packages/***/settings.py:194: DeprecationWarning: The sql_alchemy_conn option in [core] has been moved to the sql_alchemy_conn option in [database] - the old setting has been used, but please update your config.
  SQL_ALCHEMY_CONN = conf.get("database", "SQL_ALCHEMY_CONN")

[2026-01-17T13:20:41.480+0000] {task_command.py:423} INFO - Running <TaskInstance: ModelDevelop.get_data scheduled__2026-01-14T13:00:00+00:00 [running]> on host ed3184b6b543
[2026-01-17T13:20:41.580+0000] {taskinstance.py:2513} INFO - Exporting env vars: AIRFLOW_CTX_DAG_OWNER='***' AIRFLOW_CTX_DAG_ID='ModelDevelop' AIRFLOW_CTX_TASK_ID='get_data' AIRFLOW_CTX_EXECUTION_DATE='2026-01-14T13:00:00+00:00' AIRFLOW_CTX_TRY_NUMBER='1' AIRFLOW_CTX_DAG_RUN_ID='scheduled__2026-01-14T13:00:00+00:00'
[2026-01-17T13:20:41.590+0000] {python.py:202} INFO - Done. Returned value was: ./iris.csv
[2026-01-17T13:20:41.605+0000] {taskinstance.py:1149} INFO - Marking task as SUCCESS. dag_id=ModelDevelop, task_id=get_data, execution_date=20260114T130000, start_date=20260117T132041, end_date=20260117T132041
[2026-01-17T13:20:41.626+0000] {local_task_job_runner.py:234} INFO - Task exited with return code 0
[2026-01-17T13:20:41.644+0000] {taskinstance.py:3312} INFO - 1 downstream tasks scheduled from follow-on schedule check
[2026-01-17T13:42:17.995+0000] {taskinstance.py:1979} INFO - Dependencies all met for dep_context=non-requeueable deps ti=<TaskInstance: ModelDevelop.get_data scheduled__2026-01-14T13:00:00+00:00 [queued]>
[2026-01-17T13:42:18.004+0000] {taskinstance.py:1979} INFO - Dependencies all met for dep_context=requeueable deps ti=<TaskInstance: ModelDevelop.get_data scheduled__2026-01-14T13:00:00+00:00 [queued]>
[2026-01-17T13:42:18.004+0000] {taskinstance.py:2193} INFO - Starting attempt 1 of 2
[2026-01-17T13:42:18.022+0000] {taskinstance.py:2217} INFO - Executing <Task(PythonOperator): get_data> on 2026-01-14 13:00:00+00:00
[2026-01-17T13:42:18.032+0000] {standard_task_runner.py:60} INFO - Started process 40042 to run task
[2026-01-17T13:42:18.040+0000] {standard_task_runner.py:87} INFO - Running: ['***', 'tasks', 'run', 'ModelDevelop', 'get_data', 'scheduled__2026-01-14T13:00:00+00:00', '--job-id', '598', '--raw', '--subdir', 'DAGS_FOLDER/example.py', '--cfg-path', '/tmp/tmp1kds4td7']
[2026-01-17T13:42:18.041+0000] {standard_task_runner.py:88} INFO - Job 598: Subtask get_data
[2026-01-17T13:42:18.079+0000] {warnings.py:109} WARNING - /home/***/.local/lib/python3.9/site-packages/***/settings.py:194: DeprecationWarning: The sql_alchemy_conn option in [core] has been moved to the sql_alchemy_conn option in [database] - the old setting has been used, but please update your config.
  SQL_ALCHEMY_CONN = conf.get("database", "SQL_ALCHEMY_CONN")

[2026-01-17T13:42:18.128+0000] {task_command.py:423} INFO - Running <TaskInstance: ModelDevelop.get_data scheduled__2026-01-14T13:00:00+00:00 [running]> on host 5330652dc216
[2026-01-17T13:42:18.197+0000] {taskinstance.py:2513} INFO - Exporting env vars: AIRFLOW_CTX_DAG_OWNER='***' AIRFLOW_CTX_DAG_ID='ModelDevelop' AIRFLOW_CTX_TASK_ID='get_data' AIRFLOW_CTX_EXECUTION_DATE='2026-01-14T13:00:00+00:00' AIRFLOW_CTX_TRY_NUMBER='1' AIRFLOW_CTX_DAG_RUN_ID='scheduled__2026-01-14T13:00:00+00:00'
[2026-01-17T13:42:18.208+0000] {python.py:202} INFO - Done. Returned value was: ./iris.csv
[2026-01-17T13:42:18.226+0000] {taskinstance.py:1149} INFO - Marking task as SUCCESS. dag_id=ModelDevelop, task_id=get_data, execution_date=20260114T130000, start_date=20260117T134217, end_date=20260117T134218
[2026-01-17T13:42:18.258+0000] {local_task_job_runner.py:234} INFO - Task exited with return code 0
[2026-01-17T13:42:18.274+0000] {taskinstance.py:3312} INFO - 1 downstream tasks scheduled from follow-on schedule check
