[2026-03-06T07:06:04.370+0000] {taskinstance.py:1979} INFO - Dependencies all met for dep_context=non-requeueable deps ti=<TaskInstance: DataDriftRetrainDAG_student_2_2.detect_drift scheduled__2026-03-06T07:04:00+00:00 [queued]>
[2026-03-06T07:06:04.374+0000] {taskinstance.py:1979} INFO - Dependencies all met for dep_context=requeueable deps ti=<TaskInstance: DataDriftRetrainDAG_student_2_2.detect_drift scheduled__2026-03-06T07:04:00+00:00 [queued]>
[2026-03-06T07:06:04.375+0000] {taskinstance.py:2193} INFO - Starting attempt 1 of 2
[2026-03-06T07:06:04.381+0000] {taskinstance.py:2217} INFO - Executing <Task(BranchPythonOperator): detect_drift> on 2026-03-06 07:04:00+00:00
[2026-03-06T07:06:04.388+0000] {standard_task_runner.py:60} INFO - Started process 6726 to run task
[2026-03-06T07:06:04.390+0000] {standard_task_runner.py:87} INFO - Running: ['***', 'tasks', 'run', 'DataDriftRetrainDAG_student_2_2', 'detect_drift', 'scheduled__2026-03-06T07:04:00+00:00', '--job-id', '159', '--raw', '--subdir', 'DAGS_FOLDER/exercise_drift_student_2_2.py', '--cfg-path', '/tmp/tmpng9xd46m']
[2026-03-06T07:06:04.391+0000] {standard_task_runner.py:88} INFO - Job 159: Subtask detect_drift
[2026-03-06T07:06:04.400+0000] {warnings.py:109} WARNING - /home/***/.local/lib/python3.9/site-packages/***/settings.py:194: DeprecationWarning: The sql_alchemy_conn option in [core] has been moved to the sql_alchemy_conn option in [database] - the old setting has been used, but please update your config.
  SQL_ALCHEMY_CONN = conf.get("database", "SQL_ALCHEMY_CONN")

[2026-03-06T07:06:04.431+0000] {task_command.py:423} INFO - Running <TaskInstance: DataDriftRetrainDAG_student_2_2.detect_drift scheduled__2026-03-06T07:04:00+00:00 [running]> on host 7d97343e2d4a
[2026-03-06T07:06:04.490+0000] {taskinstance.py:2513} INFO - Exporting env vars: AIRFLOW_CTX_DAG_OWNER='***' AIRFLOW_CTX_DAG_ID='DataDriftRetrainDAG_student_2_2' AIRFLOW_CTX_TASK_ID='detect_drift' AIRFLOW_CTX_EXECUTION_DATE='2026-03-06T07:04:00+00:00' AIRFLOW_CTX_TRY_NUMBER='1' AIRFLOW_CTX_DAG_RUN_ID='scheduled__2026-03-06T07:04:00+00:00'
[2026-03-06T07:06:04.505+0000] {logging_mixin.py:188} INFO - PSI scores: {'sepal length (cm)': 11.729498379509511, 'sepal width (cm)': 12.101117801959129, 'petal length (cm)': 11.7115179469381, 'petal width (cm)': 0.297060813639801}
[2026-03-06T07:06:04.505+0000] {logging_mixin.py:188} INFO - AVG PSI: 8.959798735511637
[2026-03-06T07:06:04.506+0000] {python.py:202} INFO - Done. Returned value was: train_fit
[2026-03-06T07:06:04.506+0000] {branch.py:35} INFO - Branch into train_fit
[2026-03-06T07:06:04.506+0000] {skipmixin.py:178} INFO - Following branch train_fit
[2026-03-06T07:06:04.516+0000] {skipmixin.py:244} INFO - Skipping tasks [('no_drift', -1)]
[2026-03-06T07:06:04.544+0000] {taskinstance.py:1149} INFO - Marking task as SUCCESS. dag_id=DataDriftRetrainDAG_student_2_2, task_id=detect_drift, execution_date=20260306T070400, start_date=20260306T070604, end_date=20260306T070604
[2026-03-06T07:06:04.568+0000] {local_task_job_runner.py:234} INFO - Task exited with return code 0
[2026-03-06T07:06:04.588+0000] {taskinstance.py:3312} INFO - 1 downstream tasks scheduled from follow-on schedule check
