[2026-01-16T07:55:17.965+0000] {taskinstance.py:1979} INFO - Dependencies all met for dep_context=non-requeueable deps ti=<TaskInstance: ModelDevelop.get_data scheduled__2026-01-07T15:00:00+00:00 [queued]>
[2026-01-16T07:55:17.972+0000] {taskinstance.py:1979} INFO - Dependencies all met for dep_context=requeueable deps ti=<TaskInstance: ModelDevelop.get_data scheduled__2026-01-07T15:00:00+00:00 [queued]>
[2026-01-16T07:55:17.973+0000] {taskinstance.py:2193} INFO - Starting attempt 1 of 2
[2026-01-16T07:55:17.993+0000] {taskinstance.py:2217} INFO - Executing <Task(PythonOperator): get_data> on 2026-01-07 15:00:00+00:00
[2026-01-16T07:55:18.005+0000] {standard_task_runner.py:60} INFO - Started process 17736 to run task
[2026-01-16T07:55:18.008+0000] {standard_task_runner.py:87} INFO - Running: ['***', 'tasks', 'run', 'ModelDevelop', 'get_data', 'scheduled__2026-01-07T15:00:00+00:00', '--job-id', '266', '--raw', '--subdir', 'DAGS_FOLDER/example.py', '--cfg-path', '/tmp/tmpqqtla928']
[2026-01-16T07:55:18.009+0000] {standard_task_runner.py:88} INFO - Job 266: Subtask get_data
[2026-01-16T07:55:18.018+0000] {warnings.py:109} WARNING - /home/***/.local/lib/python3.9/site-packages/***/settings.py:194: DeprecationWarning: The sql_alchemy_conn option in [core] has been moved to the sql_alchemy_conn option in [database] - the old setting has been used, but please update your config.
  SQL_ALCHEMY_CONN = conf.get("database", "SQL_ALCHEMY_CONN")

[2026-01-16T07:55:18.045+0000] {task_command.py:423} INFO - Running <TaskInstance: ModelDevelop.get_data scheduled__2026-01-07T15:00:00+00:00 [running]> on host 8a4f043652f0
[2026-01-16T07:55:18.108+0000] {taskinstance.py:2513} INFO - Exporting env vars: AIRFLOW_CTX_DAG_OWNER='***' AIRFLOW_CTX_DAG_ID='ModelDevelop' AIRFLOW_CTX_TASK_ID='get_data' AIRFLOW_CTX_EXECUTION_DATE='2026-01-07T15:00:00+00:00' AIRFLOW_CTX_TRY_NUMBER='1' AIRFLOW_CTX_DAG_RUN_ID='scheduled__2026-01-07T15:00:00+00:00'
[2026-01-16T07:55:18.118+0000] {python.py:202} INFO - Done. Returned value was: ./iris.csv
[2026-01-16T07:55:18.135+0000] {taskinstance.py:1149} INFO - Marking task as SUCCESS. dag_id=ModelDevelop, task_id=get_data, execution_date=20260107T150000, start_date=20260116T075517, end_date=20260116T075518
[2026-01-16T07:55:18.180+0000] {local_task_job_runner.py:234} INFO - Task exited with return code 0
[2026-01-16T07:55:18.220+0000] {taskinstance.py:3312} INFO - 1 downstream tasks scheduled from follow-on schedule check
[2026-01-17T13:18:51.571+0000] {taskinstance.py:1979} INFO - Dependencies all met for dep_context=non-requeueable deps ti=<TaskInstance: ModelDevelop.get_data scheduled__2026-01-07T15:00:00+00:00 [queued]>
[2026-01-17T13:18:51.577+0000] {taskinstance.py:1979} INFO - Dependencies all met for dep_context=requeueable deps ti=<TaskInstance: ModelDevelop.get_data scheduled__2026-01-07T15:00:00+00:00 [queued]>
[2026-01-17T13:18:51.577+0000] {taskinstance.py:2193} INFO - Starting attempt 1 of 2
[2026-01-17T13:18:51.585+0000] {taskinstance.py:2217} INFO - Executing <Task(PythonOperator): get_data> on 2026-01-07 15:00:00+00:00
[2026-01-17T13:18:51.592+0000] {standard_task_runner.py:60} INFO - Started process 17704 to run task
[2026-01-17T13:18:51.594+0000] {standard_task_runner.py:87} INFO - Running: ['***', 'tasks', 'run', 'ModelDevelop', 'get_data', 'scheduled__2026-01-07T15:00:00+00:00', '--job-id', '266', '--raw', '--subdir', 'DAGS_FOLDER/example.py', '--cfg-path', '/tmp/tmpl6iv8eej']
[2026-01-17T13:18:51.595+0000] {standard_task_runner.py:88} INFO - Job 266: Subtask get_data
[2026-01-17T13:18:51.604+0000] {warnings.py:109} WARNING - /home/***/.local/lib/python3.9/site-packages/***/settings.py:194: DeprecationWarning: The sql_alchemy_conn option in [core] has been moved to the sql_alchemy_conn option in [database] - the old setting has been used, but please update your config.
  SQL_ALCHEMY_CONN = conf.get("database", "SQL_ALCHEMY_CONN")

[2026-01-17T13:18:51.631+0000] {task_command.py:423} INFO - Running <TaskInstance: ModelDevelop.get_data scheduled__2026-01-07T15:00:00+00:00 [running]> on host ed3184b6b543
[2026-01-17T13:18:51.772+0000] {taskinstance.py:2513} INFO - Exporting env vars: AIRFLOW_CTX_DAG_OWNER='***' AIRFLOW_CTX_DAG_ID='ModelDevelop' AIRFLOW_CTX_TASK_ID='get_data' AIRFLOW_CTX_EXECUTION_DATE='2026-01-07T15:00:00+00:00' AIRFLOW_CTX_TRY_NUMBER='1' AIRFLOW_CTX_DAG_RUN_ID='scheduled__2026-01-07T15:00:00+00:00'
[2026-01-17T13:18:51.784+0000] {python.py:202} INFO - Done. Returned value was: ./iris.csv
[2026-01-17T13:18:51.826+0000] {taskinstance.py:1149} INFO - Marking task as SUCCESS. dag_id=ModelDevelop, task_id=get_data, execution_date=20260107T150000, start_date=20260117T131851, end_date=20260117T131851
[2026-01-17T13:18:51.886+0000] {local_task_job_runner.py:234} INFO - Task exited with return code 0
[2026-01-17T13:18:51.925+0000] {taskinstance.py:3312} INFO - 0 downstream tasks scheduled from follow-on schedule check
[2026-01-17T13:40:24.733+0000] {taskinstance.py:1979} INFO - Dependencies all met for dep_context=non-requeueable deps ti=<TaskInstance: ModelDevelop.get_data scheduled__2026-01-07T15:00:00+00:00 [queued]>
[2026-01-17T13:40:24.752+0000] {taskinstance.py:1979} INFO - Dependencies all met for dep_context=requeueable deps ti=<TaskInstance: ModelDevelop.get_data scheduled__2026-01-07T15:00:00+00:00 [queued]>
[2026-01-17T13:40:24.752+0000] {taskinstance.py:2193} INFO - Starting attempt 1 of 2
[2026-01-17T13:40:24.787+0000] {taskinstance.py:2217} INFO - Executing <Task(PythonOperator): get_data> on 2026-01-07 15:00:00+00:00
[2026-01-17T13:40:24.799+0000] {standard_task_runner.py:60} INFO - Started process 18398 to run task
[2026-01-17T13:40:24.802+0000] {standard_task_runner.py:87} INFO - Running: ['***', 'tasks', 'run', 'ModelDevelop', 'get_data', 'scheduled__2026-01-07T15:00:00+00:00', '--job-id', '271', '--raw', '--subdir', 'DAGS_FOLDER/example.py', '--cfg-path', '/tmp/tmp6shwo8bw']
[2026-01-17T13:40:24.803+0000] {standard_task_runner.py:88} INFO - Job 271: Subtask get_data
[2026-01-17T13:40:24.820+0000] {warnings.py:109} WARNING - /home/***/.local/lib/python3.9/site-packages/***/settings.py:194: DeprecationWarning: The sql_alchemy_conn option in [core] has been moved to the sql_alchemy_conn option in [database] - the old setting has been used, but please update your config.
  SQL_ALCHEMY_CONN = conf.get("database", "SQL_ALCHEMY_CONN")

[2026-01-17T13:40:24.880+0000] {task_command.py:423} INFO - Running <TaskInstance: ModelDevelop.get_data scheduled__2026-01-07T15:00:00+00:00 [running]> on host 5330652dc216
[2026-01-17T13:40:24.980+0000] {taskinstance.py:2513} INFO - Exporting env vars: AIRFLOW_CTX_DAG_OWNER='***' AIRFLOW_CTX_DAG_ID='ModelDevelop' AIRFLOW_CTX_TASK_ID='get_data' AIRFLOW_CTX_EXECUTION_DATE='2026-01-07T15:00:00+00:00' AIRFLOW_CTX_TRY_NUMBER='1' AIRFLOW_CTX_DAG_RUN_ID='scheduled__2026-01-07T15:00:00+00:00'
[2026-01-17T13:40:24.993+0000] {python.py:202} INFO - Done. Returned value was: ./iris.csv
[2026-01-17T13:40:25.017+0000] {taskinstance.py:1149} INFO - Marking task as SUCCESS. dag_id=ModelDevelop, task_id=get_data, execution_date=20260107T150000, start_date=20260117T134024, end_date=20260117T134025
[2026-01-17T13:40:25.135+0000] {local_task_job_runner.py:234} INFO - Task exited with return code 0
[2026-01-17T13:40:25.168+0000] {taskinstance.py:3312} INFO - 1 downstream tasks scheduled from follow-on schedule check
