[2026-01-16T07:54:15.381+0000] {taskinstance.py:1979} INFO - Dependencies all met for dep_context=non-requeueable deps ti=<TaskInstance: ModelDevelop.get_data scheduled__2026-01-03T21:00:00+00:00 [queued]>
[2026-01-16T07:54:15.387+0000] {taskinstance.py:1979} INFO - Dependencies all met for dep_context=requeueable deps ti=<TaskInstance: ModelDevelop.get_data scheduled__2026-01-03T21:00:00+00:00 [queued]>
[2026-01-16T07:54:15.387+0000] {taskinstance.py:2193} INFO - Starting attempt 1 of 2
[2026-01-16T07:54:15.396+0000] {taskinstance.py:2217} INFO - Executing <Task(PythonOperator): get_data> on 2026-01-03 21:00:00+00:00
[2026-01-16T07:54:15.406+0000] {standard_task_runner.py:60} INFO - Started process 5170 to run task
[2026-01-16T07:54:15.424+0000] {standard_task_runner.py:87} INFO - Running: ['***', 'tasks', 'run', 'ModelDevelop', 'get_data', 'scheduled__2026-01-03T21:00:00+00:00', '--job-id', '79', '--raw', '--subdir', 'DAGS_FOLDER/example.py', '--cfg-path', '/tmp/tmpxa151bav']
[2026-01-16T07:54:15.425+0000] {standard_task_runner.py:88} INFO - Job 79: Subtask get_data
[2026-01-16T07:54:15.436+0000] {warnings.py:109} WARNING - /home/***/.local/lib/python3.9/site-packages/***/settings.py:194: DeprecationWarning: The sql_alchemy_conn option in [core] has been moved to the sql_alchemy_conn option in [database] - the old setting has been used, but please update your config.
  SQL_ALCHEMY_CONN = conf.get("database", "SQL_ALCHEMY_CONN")

[2026-01-16T07:54:15.467+0000] {task_command.py:423} INFO - Running <TaskInstance: ModelDevelop.get_data scheduled__2026-01-03T21:00:00+00:00 [running]> on host 8a4f043652f0
[2026-01-16T07:54:15.526+0000] {taskinstance.py:2513} INFO - Exporting env vars: AIRFLOW_CTX_DAG_OWNER='***' AIRFLOW_CTX_DAG_ID='ModelDevelop' AIRFLOW_CTX_TASK_ID='get_data' AIRFLOW_CTX_EXECUTION_DATE='2026-01-03T21:00:00+00:00' AIRFLOW_CTX_TRY_NUMBER='1' AIRFLOW_CTX_DAG_RUN_ID='scheduled__2026-01-03T21:00:00+00:00'
[2026-01-16T07:54:15.538+0000] {python.py:202} INFO - Done. Returned value was: ./iris.csv
[2026-01-16T07:54:15.579+0000] {taskinstance.py:1149} INFO - Marking task as SUCCESS. dag_id=ModelDevelop, task_id=get_data, execution_date=20260103T210000, start_date=20260116T075415, end_date=20260116T075415
[2026-01-16T07:54:15.627+0000] {local_task_job_runner.py:234} INFO - Task exited with return code 0
[2026-01-16T07:54:15.654+0000] {taskinstance.py:3312} INFO - 0 downstream tasks scheduled from follow-on schedule check
[2026-01-17T13:17:50.500+0000] {taskinstance.py:1979} INFO - Dependencies all met for dep_context=non-requeueable deps ti=<TaskInstance: ModelDevelop.get_data scheduled__2026-01-03T21:00:00+00:00 [queued]>
[2026-01-17T13:17:50.507+0000] {taskinstance.py:1979} INFO - Dependencies all met for dep_context=requeueable deps ti=<TaskInstance: ModelDevelop.get_data scheduled__2026-01-03T21:00:00+00:00 [queued]>
[2026-01-17T13:17:50.507+0000] {taskinstance.py:2193} INFO - Starting attempt 1 of 2
[2026-01-17T13:17:50.522+0000] {taskinstance.py:2217} INFO - Executing <Task(PythonOperator): get_data> on 2026-01-03 21:00:00+00:00
[2026-01-17T13:17:50.531+0000] {standard_task_runner.py:60} INFO - Started process 5107 to run task
[2026-01-17T13:17:50.534+0000] {standard_task_runner.py:87} INFO - Running: ['***', 'tasks', 'run', 'ModelDevelop', 'get_data', 'scheduled__2026-01-03T21:00:00+00:00', '--job-id', '79', '--raw', '--subdir', 'DAGS_FOLDER/example.py', '--cfg-path', '/tmp/tmpzyfkzr6h']
[2026-01-17T13:17:50.536+0000] {standard_task_runner.py:88} INFO - Job 79: Subtask get_data
[2026-01-17T13:17:50.547+0000] {warnings.py:109} WARNING - /home/***/.local/lib/python3.9/site-packages/***/settings.py:194: DeprecationWarning: The sql_alchemy_conn option in [core] has been moved to the sql_alchemy_conn option in [database] - the old setting has been used, but please update your config.
  SQL_ALCHEMY_CONN = conf.get("database", "SQL_ALCHEMY_CONN")

[2026-01-17T13:17:50.577+0000] {task_command.py:423} INFO - Running <TaskInstance: ModelDevelop.get_data scheduled__2026-01-03T21:00:00+00:00 [running]> on host ed3184b6b543
[2026-01-17T13:17:50.667+0000] {taskinstance.py:2513} INFO - Exporting env vars: AIRFLOW_CTX_DAG_OWNER='***' AIRFLOW_CTX_DAG_ID='ModelDevelop' AIRFLOW_CTX_TASK_ID='get_data' AIRFLOW_CTX_EXECUTION_DATE='2026-01-03T21:00:00+00:00' AIRFLOW_CTX_TRY_NUMBER='1' AIRFLOW_CTX_DAG_RUN_ID='scheduled__2026-01-03T21:00:00+00:00'
[2026-01-17T13:17:50.676+0000] {python.py:202} INFO - Done. Returned value was: ./iris.csv
[2026-01-17T13:17:50.691+0000] {taskinstance.py:1149} INFO - Marking task as SUCCESS. dag_id=ModelDevelop, task_id=get_data, execution_date=20260103T210000, start_date=20260117T131750, end_date=20260117T131750
[2026-01-17T13:17:50.748+0000] {local_task_job_runner.py:234} INFO - Task exited with return code 0
[2026-01-17T13:17:50.788+0000] {taskinstance.py:3312} INFO - 1 downstream tasks scheduled from follow-on schedule check
[2026-01-17T13:39:10.053+0000] {taskinstance.py:1979} INFO - Dependencies all met for dep_context=non-requeueable deps ti=<TaskInstance: ModelDevelop.get_data scheduled__2026-01-03T21:00:00+00:00 [queued]>
[2026-01-17T13:39:10.057+0000] {taskinstance.py:1979} INFO - Dependencies all met for dep_context=requeueable deps ti=<TaskInstance: ModelDevelop.get_data scheduled__2026-01-03T21:00:00+00:00 [queued]>
[2026-01-17T13:39:10.057+0000] {taskinstance.py:2193} INFO - Starting attempt 1 of 2
[2026-01-17T13:39:10.064+0000] {taskinstance.py:2217} INFO - Executing <Task(PythonOperator): get_data> on 2026-01-03 21:00:00+00:00
[2026-01-17T13:39:10.069+0000] {standard_task_runner.py:60} INFO - Started process 5004 to run task
[2026-01-17T13:39:10.071+0000] {standard_task_runner.py:87} INFO - Running: ['***', 'tasks', 'run', 'ModelDevelop', 'get_data', 'scheduled__2026-01-03T21:00:00+00:00', '--job-id', '80', '--raw', '--subdir', 'DAGS_FOLDER/example.py', '--cfg-path', '/tmp/tmp2w3tw0g7']
[2026-01-17T13:39:10.072+0000] {standard_task_runner.py:88} INFO - Job 80: Subtask get_data
[2026-01-17T13:39:10.080+0000] {warnings.py:109} WARNING - /home/***/.local/lib/python3.9/site-packages/***/settings.py:194: DeprecationWarning: The sql_alchemy_conn option in [core] has been moved to the sql_alchemy_conn option in [database] - the old setting has been used, but please update your config.
  SQL_ALCHEMY_CONN = conf.get("database", "SQL_ALCHEMY_CONN")

[2026-01-17T13:39:10.102+0000] {task_command.py:423} INFO - Running <TaskInstance: ModelDevelop.get_data scheduled__2026-01-03T21:00:00+00:00 [running]> on host 5330652dc216
[2026-01-17T13:39:10.147+0000] {taskinstance.py:2513} INFO - Exporting env vars: AIRFLOW_CTX_DAG_OWNER='***' AIRFLOW_CTX_DAG_ID='ModelDevelop' AIRFLOW_CTX_TASK_ID='get_data' AIRFLOW_CTX_EXECUTION_DATE='2026-01-03T21:00:00+00:00' AIRFLOW_CTX_TRY_NUMBER='1' AIRFLOW_CTX_DAG_RUN_ID='scheduled__2026-01-03T21:00:00+00:00'
[2026-01-17T13:39:10.156+0000] {python.py:202} INFO - Done. Returned value was: ./iris.csv
[2026-01-17T13:39:10.169+0000] {taskinstance.py:1149} INFO - Marking task as SUCCESS. dag_id=ModelDevelop, task_id=get_data, execution_date=20260103T210000, start_date=20260117T133910, end_date=20260117T133910
[2026-01-17T13:39:10.203+0000] {local_task_job_runner.py:234} INFO - Task exited with return code 0
[2026-01-17T13:39:10.218+0000] {taskinstance.py:3312} INFO - 1 downstream tasks scheduled from follow-on schedule check
