[2026-01-16T07:55:27.089+0000] {taskinstance.py:1979} INFO - Dependencies all met for dep_context=non-requeueable deps ti=<TaskInstance: ModelDevelop.get_data scheduled__2026-01-08T05:00:00+00:00 [queued]>
[2026-01-16T07:55:27.095+0000] {taskinstance.py:1979} INFO - Dependencies all met for dep_context=requeueable deps ti=<TaskInstance: ModelDevelop.get_data scheduled__2026-01-08T05:00:00+00:00 [queued]>
[2026-01-16T07:55:27.095+0000] {taskinstance.py:2193} INFO - Starting attempt 1 of 2
[2026-01-16T07:55:27.105+0000] {taskinstance.py:2217} INFO - Executing <Task(PythonOperator): get_data> on 2026-01-08 05:00:00+00:00
[2026-01-16T07:55:27.113+0000] {standard_task_runner.py:60} INFO - Started process 19810 to run task
[2026-01-16T07:55:27.115+0000] {standard_task_runner.py:87} INFO - Running: ['***', 'tasks', 'run', 'ModelDevelop', 'get_data', 'scheduled__2026-01-08T05:00:00+00:00', '--job-id', '295', '--raw', '--subdir', 'DAGS_FOLDER/example.py', '--cfg-path', '/tmp/tmpg9bm80lw']
[2026-01-16T07:55:27.116+0000] {standard_task_runner.py:88} INFO - Job 295: Subtask get_data
[2026-01-16T07:55:27.125+0000] {warnings.py:109} WARNING - /home/***/.local/lib/python3.9/site-packages/***/settings.py:194: DeprecationWarning: The sql_alchemy_conn option in [core] has been moved to the sql_alchemy_conn option in [database] - the old setting has been used, but please update your config.
  SQL_ALCHEMY_CONN = conf.get("database", "SQL_ALCHEMY_CONN")

[2026-01-16T07:55:27.152+0000] {task_command.py:423} INFO - Running <TaskInstance: ModelDevelop.get_data scheduled__2026-01-08T05:00:00+00:00 [running]> on host 8a4f043652f0
[2026-01-16T07:55:27.253+0000] {taskinstance.py:2513} INFO - Exporting env vars: AIRFLOW_CTX_DAG_OWNER='***' AIRFLOW_CTX_DAG_ID='ModelDevelop' AIRFLOW_CTX_TASK_ID='get_data' AIRFLOW_CTX_EXECUTION_DATE='2026-01-08T05:00:00+00:00' AIRFLOW_CTX_TRY_NUMBER='1' AIRFLOW_CTX_DAG_RUN_ID='scheduled__2026-01-08T05:00:00+00:00'
[2026-01-16T07:55:27.263+0000] {python.py:202} INFO - Done. Returned value was: ./iris.csv
[2026-01-16T07:55:27.279+0000] {taskinstance.py:1149} INFO - Marking task as SUCCESS. dag_id=ModelDevelop, task_id=get_data, execution_date=20260108T050000, start_date=20260116T075527, end_date=20260116T075527
[2026-01-16T07:55:27.328+0000] {local_task_job_runner.py:234} INFO - Task exited with return code 0
[2026-01-16T07:55:27.345+0000] {taskinstance.py:3312} INFO - 1 downstream tasks scheduled from follow-on schedule check
[2026-01-17T13:19:05.403+0000] {taskinstance.py:1979} INFO - Dependencies all met for dep_context=non-requeueable deps ti=<TaskInstance: ModelDevelop.get_data scheduled__2026-01-08T05:00:00+00:00 [queued]>
[2026-01-17T13:19:05.410+0000] {taskinstance.py:1979} INFO - Dependencies all met for dep_context=requeueable deps ti=<TaskInstance: ModelDevelop.get_data scheduled__2026-01-08T05:00:00+00:00 [queued]>
[2026-01-17T13:19:05.410+0000] {taskinstance.py:2193} INFO - Starting attempt 1 of 2
[2026-01-17T13:19:05.420+0000] {taskinstance.py:2217} INFO - Executing <Task(PythonOperator): get_data> on 2026-01-08 05:00:00+00:00
[2026-01-17T13:19:05.429+0000] {standard_task_runner.py:60} INFO - Started process 19776 to run task
[2026-01-17T13:19:05.432+0000] {standard_task_runner.py:87} INFO - Running: ['***', 'tasks', 'run', 'ModelDevelop', 'get_data', 'scheduled__2026-01-08T05:00:00+00:00', '--job-id', '295', '--raw', '--subdir', 'DAGS_FOLDER/example.py', '--cfg-path', '/tmp/tmp5jbeaa9s']
[2026-01-17T13:19:05.433+0000] {standard_task_runner.py:88} INFO - Job 295: Subtask get_data
[2026-01-17T13:19:05.443+0000] {warnings.py:109} WARNING - /home/***/.local/lib/python3.9/site-packages/***/settings.py:194: DeprecationWarning: The sql_alchemy_conn option in [core] has been moved to the sql_alchemy_conn option in [database] - the old setting has been used, but please update your config.
  SQL_ALCHEMY_CONN = conf.get("database", "SQL_ALCHEMY_CONN")

[2026-01-17T13:19:05.474+0000] {task_command.py:423} INFO - Running <TaskInstance: ModelDevelop.get_data scheduled__2026-01-08T05:00:00+00:00 [running]> on host ed3184b6b543
[2026-01-17T13:19:05.562+0000] {taskinstance.py:2513} INFO - Exporting env vars: AIRFLOW_CTX_DAG_OWNER='***' AIRFLOW_CTX_DAG_ID='ModelDevelop' AIRFLOW_CTX_TASK_ID='get_data' AIRFLOW_CTX_EXECUTION_DATE='2026-01-08T05:00:00+00:00' AIRFLOW_CTX_TRY_NUMBER='1' AIRFLOW_CTX_DAG_RUN_ID='scheduled__2026-01-08T05:00:00+00:00'
[2026-01-17T13:19:05.572+0000] {python.py:202} INFO - Done. Returned value was: ./iris.csv
[2026-01-17T13:19:05.589+0000] {taskinstance.py:1149} INFO - Marking task as SUCCESS. dag_id=ModelDevelop, task_id=get_data, execution_date=20260108T050000, start_date=20260117T131905, end_date=20260117T131905
[2026-01-17T13:19:05.644+0000] {local_task_job_runner.py:234} INFO - Task exited with return code 0
[2026-01-17T13:19:05.680+0000] {taskinstance.py:3312} INFO - 1 downstream tasks scheduled from follow-on schedule check
[2026-01-17T13:40:26.358+0000] {taskinstance.py:1979} INFO - Dependencies all met for dep_context=non-requeueable deps ti=<TaskInstance: ModelDevelop.get_data scheduled__2026-01-08T05:00:00+00:00 [queued]>
[2026-01-17T13:40:26.365+0000] {taskinstance.py:1979} INFO - Dependencies all met for dep_context=requeueable deps ti=<TaskInstance: ModelDevelop.get_data scheduled__2026-01-08T05:00:00+00:00 [queued]>
[2026-01-17T13:40:26.365+0000] {taskinstance.py:2193} INFO - Starting attempt 1 of 2
[2026-01-17T13:40:26.420+0000] {taskinstance.py:2217} INFO - Executing <Task(PythonOperator): get_data> on 2026-01-08 05:00:00+00:00
[2026-01-17T13:40:26.428+0000] {standard_task_runner.py:60} INFO - Started process 18940 to run task
[2026-01-17T13:40:26.474+0000] {standard_task_runner.py:87} INFO - Running: ['***', 'tasks', 'run', 'ModelDevelop', 'get_data', 'scheduled__2026-01-08T05:00:00+00:00', '--job-id', '285', '--raw', '--subdir', 'DAGS_FOLDER/example.py', '--cfg-path', '/tmp/tmperydqx8j']
[2026-01-17T13:40:26.475+0000] {standard_task_runner.py:88} INFO - Job 285: Subtask get_data
[2026-01-17T13:40:26.512+0000] {warnings.py:109} WARNING - /home/***/.local/lib/python3.9/site-packages/***/settings.py:194: DeprecationWarning: The sql_alchemy_conn option in [core] has been moved to the sql_alchemy_conn option in [database] - the old setting has been used, but please update your config.
  SQL_ALCHEMY_CONN = conf.get("database", "SQL_ALCHEMY_CONN")

[2026-01-17T13:40:26.542+0000] {task_command.py:423} INFO - Running <TaskInstance: ModelDevelop.get_data scheduled__2026-01-08T05:00:00+00:00 [running]> on host 5330652dc216
[2026-01-17T13:40:26.603+0000] {taskinstance.py:2513} INFO - Exporting env vars: AIRFLOW_CTX_DAG_OWNER='***' AIRFLOW_CTX_DAG_ID='ModelDevelop' AIRFLOW_CTX_TASK_ID='get_data' AIRFLOW_CTX_EXECUTION_DATE='2026-01-08T05:00:00+00:00' AIRFLOW_CTX_TRY_NUMBER='1' AIRFLOW_CTX_DAG_RUN_ID='scheduled__2026-01-08T05:00:00+00:00'
[2026-01-17T13:40:26.614+0000] {python.py:202} INFO - Done. Returned value was: ./iris.csv
[2026-01-17T13:40:26.631+0000] {taskinstance.py:1149} INFO - Marking task as SUCCESS. dag_id=ModelDevelop, task_id=get_data, execution_date=20260108T050000, start_date=20260117T134026, end_date=20260117T134026
[2026-01-17T13:40:26.689+0000] {local_task_job_runner.py:234} INFO - Task exited with return code 0
[2026-01-17T13:40:26.729+0000] {taskinstance.py:3312} INFO - 1 downstream tasks scheduled from follow-on schedule check
