[2026-01-16T07:56:59.261+0000] {taskinstance.py:1979} INFO - Dependencies all met for dep_context=non-requeueable deps ti=<TaskInstance: ModelDevelop.get_data scheduled__2026-01-14T04:00:00+00:00 [queued]>
[2026-01-16T07:56:59.275+0000] {taskinstance.py:1979} INFO - Dependencies all met for dep_context=requeueable deps ti=<TaskInstance: ModelDevelop.get_data scheduled__2026-01-14T04:00:00+00:00 [queued]>
[2026-01-16T07:56:59.275+0000] {taskinstance.py:2193} INFO - Starting attempt 1 of 2
[2026-01-16T07:56:59.302+0000] {taskinstance.py:2217} INFO - Executing <Task(PythonOperator): get_data> on 2026-01-14 04:00:00+00:00
[2026-01-16T07:56:59.312+0000] {standard_task_runner.py:60} INFO - Started process 39100 to run task
[2026-01-16T07:56:59.320+0000] {standard_task_runner.py:87} INFO - Running: ['***', 'tasks', 'run', 'ModelDevelop', 'get_data', 'scheduled__2026-01-14T04:00:00+00:00', '--job-id', '582', '--raw', '--subdir', 'DAGS_FOLDER/example.py', '--cfg-path', '/tmp/tmpck69st9x']
[2026-01-16T07:56:59.321+0000] {standard_task_runner.py:88} INFO - Job 582: Subtask get_data
[2026-01-16T07:56:59.347+0000] {warnings.py:109} WARNING - /home/***/.local/lib/python3.9/site-packages/***/settings.py:194: DeprecationWarning: The sql_alchemy_conn option in [core] has been moved to the sql_alchemy_conn option in [database] - the old setting has been used, but please update your config.
  SQL_ALCHEMY_CONN = conf.get("database", "SQL_ALCHEMY_CONN")

[2026-01-16T07:56:59.382+0000] {task_command.py:423} INFO - Running <TaskInstance: ModelDevelop.get_data scheduled__2026-01-14T04:00:00+00:00 [running]> on host 8a4f043652f0
[2026-01-16T07:56:59.440+0000] {taskinstance.py:2513} INFO - Exporting env vars: AIRFLOW_CTX_DAG_OWNER='***' AIRFLOW_CTX_DAG_ID='ModelDevelop' AIRFLOW_CTX_TASK_ID='get_data' AIRFLOW_CTX_EXECUTION_DATE='2026-01-14T04:00:00+00:00' AIRFLOW_CTX_TRY_NUMBER='1' AIRFLOW_CTX_DAG_RUN_ID='scheduled__2026-01-14T04:00:00+00:00'
[2026-01-16T07:56:59.451+0000] {python.py:202} INFO - Done. Returned value was: ./iris.csv
[2026-01-16T07:56:59.468+0000] {taskinstance.py:1149} INFO - Marking task as SUCCESS. dag_id=ModelDevelop, task_id=get_data, execution_date=20260114T040000, start_date=20260116T075659, end_date=20260116T075659
[2026-01-16T07:56:59.490+0000] {local_task_job_runner.py:234} INFO - Task exited with return code 0
[2026-01-16T07:56:59.531+0000] {taskinstance.py:3312} INFO - 0 downstream tasks scheduled from follow-on schedule check
[2026-01-17T13:20:40.291+0000] {taskinstance.py:1979} INFO - Dependencies all met for dep_context=non-requeueable deps ti=<TaskInstance: ModelDevelop.get_data scheduled__2026-01-14T04:00:00+00:00 [queued]>
[2026-01-17T13:20:40.296+0000] {taskinstance.py:1979} INFO - Dependencies all met for dep_context=requeueable deps ti=<TaskInstance: ModelDevelop.get_data scheduled__2026-01-14T04:00:00+00:00 [queued]>
[2026-01-17T13:20:40.297+0000] {taskinstance.py:2193} INFO - Starting attempt 1 of 2
[2026-01-17T13:20:40.305+0000] {taskinstance.py:2217} INFO - Executing <Task(PythonOperator): get_data> on 2026-01-14 04:00:00+00:00
[2026-01-17T13:20:40.315+0000] {standard_task_runner.py:60} INFO - Started process 39170 to run task
[2026-01-17T13:20:40.325+0000] {standard_task_runner.py:87} INFO - Running: ['***', 'tasks', 'run', 'ModelDevelop', 'get_data', 'scheduled__2026-01-14T04:00:00+00:00', '--job-id', '583', '--raw', '--subdir', 'DAGS_FOLDER/example.py', '--cfg-path', '/tmp/tmp_qqzn98e']
[2026-01-17T13:20:40.326+0000] {standard_task_runner.py:88} INFO - Job 583: Subtask get_data
[2026-01-17T13:20:40.338+0000] {warnings.py:109} WARNING - /home/***/.local/lib/python3.9/site-packages/***/settings.py:194: DeprecationWarning: The sql_alchemy_conn option in [core] has been moved to the sql_alchemy_conn option in [database] - the old setting has been used, but please update your config.
  SQL_ALCHEMY_CONN = conf.get("database", "SQL_ALCHEMY_CONN")

[2026-01-17T13:20:40.370+0000] {task_command.py:423} INFO - Running <TaskInstance: ModelDevelop.get_data scheduled__2026-01-14T04:00:00+00:00 [running]> on host ed3184b6b543
[2026-01-17T13:20:40.436+0000] {taskinstance.py:2513} INFO - Exporting env vars: AIRFLOW_CTX_DAG_OWNER='***' AIRFLOW_CTX_DAG_ID='ModelDevelop' AIRFLOW_CTX_TASK_ID='get_data' AIRFLOW_CTX_EXECUTION_DATE='2026-01-14T04:00:00+00:00' AIRFLOW_CTX_TRY_NUMBER='1' AIRFLOW_CTX_DAG_RUN_ID='scheduled__2026-01-14T04:00:00+00:00'
[2026-01-17T13:20:40.447+0000] {python.py:202} INFO - Done. Returned value was: ./iris.csv
[2026-01-17T13:20:40.464+0000] {taskinstance.py:1149} INFO - Marking task as SUCCESS. dag_id=ModelDevelop, task_id=get_data, execution_date=20260114T040000, start_date=20260117T132040, end_date=20260117T132040
[2026-01-17T13:20:40.495+0000] {local_task_job_runner.py:234} INFO - Task exited with return code 0
[2026-01-17T13:20:40.517+0000] {taskinstance.py:3312} INFO - 1 downstream tasks scheduled from follow-on schedule check
[2026-01-17T13:42:08.362+0000] {taskinstance.py:1979} INFO - Dependencies all met for dep_context=non-requeueable deps ti=<TaskInstance: ModelDevelop.get_data scheduled__2026-01-14T04:00:00+00:00 [queued]>
[2026-01-17T13:42:08.367+0000] {taskinstance.py:1979} INFO - Dependencies all met for dep_context=requeueable deps ti=<TaskInstance: ModelDevelop.get_data scheduled__2026-01-14T04:00:00+00:00 [queued]>
[2026-01-17T13:42:08.367+0000] {taskinstance.py:2193} INFO - Starting attempt 1 of 2
[2026-01-17T13:42:08.377+0000] {taskinstance.py:2217} INFO - Executing <Task(PythonOperator): get_data> on 2026-01-14 04:00:00+00:00
[2026-01-17T13:42:08.385+0000] {standard_task_runner.py:60} INFO - Started process 38237 to run task
[2026-01-17T13:42:08.387+0000] {standard_task_runner.py:87} INFO - Running: ['***', 'tasks', 'run', 'ModelDevelop', 'get_data', 'scheduled__2026-01-14T04:00:00+00:00', '--job-id', '575', '--raw', '--subdir', 'DAGS_FOLDER/example.py', '--cfg-path', '/tmp/tmpfoh02ajg']
[2026-01-17T13:42:08.388+0000] {standard_task_runner.py:88} INFO - Job 575: Subtask get_data
[2026-01-17T13:42:08.418+0000] {warnings.py:109} WARNING - /home/***/.local/lib/python3.9/site-packages/***/settings.py:194: DeprecationWarning: The sql_alchemy_conn option in [core] has been moved to the sql_alchemy_conn option in [database] - the old setting has been used, but please update your config.
  SQL_ALCHEMY_CONN = conf.get("database", "SQL_ALCHEMY_CONN")

[2026-01-17T13:42:08.460+0000] {task_command.py:423} INFO - Running <TaskInstance: ModelDevelop.get_data scheduled__2026-01-14T04:00:00+00:00 [running]> on host 5330652dc216
[2026-01-17T13:42:08.540+0000] {taskinstance.py:2513} INFO - Exporting env vars: AIRFLOW_CTX_DAG_OWNER='***' AIRFLOW_CTX_DAG_ID='ModelDevelop' AIRFLOW_CTX_TASK_ID='get_data' AIRFLOW_CTX_EXECUTION_DATE='2026-01-14T04:00:00+00:00' AIRFLOW_CTX_TRY_NUMBER='1' AIRFLOW_CTX_DAG_RUN_ID='scheduled__2026-01-14T04:00:00+00:00'
[2026-01-17T13:42:08.548+0000] {python.py:202} INFO - Done. Returned value was: ./iris.csv
[2026-01-17T13:42:08.565+0000] {taskinstance.py:1149} INFO - Marking task as SUCCESS. dag_id=ModelDevelop, task_id=get_data, execution_date=20260114T040000, start_date=20260117T134208, end_date=20260117T134208
[2026-01-17T13:42:08.600+0000] {local_task_job_runner.py:234} INFO - Task exited with return code 0
[2026-01-17T13:42:08.617+0000] {taskinstance.py:3312} INFO - 1 downstream tasks scheduled from follow-on schedule check
