[2026-01-02T01:27:24.347+0000] {taskinstance.py:1165} INFO - Dependencies all met for <TaskInstance: ModelDevelop.get_data scheduled__2026-01-02T01:10:00+00:00 [queued]>
[2026-01-02T01:27:24.353+0000] {taskinstance.py:1165} INFO - Dependencies all met for <TaskInstance: ModelDevelop.get_data scheduled__2026-01-02T01:10:00+00:00 [queued]>
[2026-01-02T01:27:24.353+0000] {taskinstance.py:1362} INFO - 
--------------------------------------------------------------------------------
[2026-01-02T01:27:24.353+0000] {taskinstance.py:1363} INFO - Starting attempt 1 of 2
[2026-01-02T01:27:24.353+0000] {taskinstance.py:1364} INFO - 
--------------------------------------------------------------------------------
[2026-01-02T01:27:24.361+0000] {taskinstance.py:1383} INFO - Executing <Task(PythonOperator): get_data> on 2026-01-02 01:10:00+00:00
[2026-01-02T01:27:24.365+0000] {standard_task_runner.py:54} INFO - Started process 161 to run task
[2026-01-02T01:27:24.367+0000] {standard_task_runner.py:82} INFO - Running: ['***', 'tasks', 'run', 'ModelDevelop', 'get_data', 'scheduled__2026-01-02T01:10:00+00:00', '--job-id', '29', '--raw', '--subdir', 'DAGS_FOLDER/psjung_dag.py', '--cfg-path', '/tmp/tmpaykqalof']
[2026-01-02T01:27:24.368+0000] {standard_task_runner.py:83} INFO - Job 29: Subtask get_data
[2026-01-02T01:27:24.368+0000] {dagbag.py:525} INFO - Filling up the DagBag from /opt/***/dags/psjung_dag.py
[2026-01-02T01:27:25.044+0000] {warnings.py:110} WARNING - /home/***/.local/lib/python3.7/site-packages/***/configuration.py:545: DeprecationWarning: The sql_alchemy_conn option in [core] has been moved to the sql_alchemy_conn option in [database] - the old setting has been used, but please update your config.
  option = self._get_environment_variables(deprecated_key, deprecated_section, key, section)

[2026-01-02T01:27:25.073+0000] {task_command.py:384} INFO - Running <TaskInstance: ModelDevelop.get_data scheduled__2026-01-02T01:10:00+00:00 [running]> on host da0f76555d1e
[2026-01-02T01:27:25.115+0000] {taskinstance.py:1592} INFO - Exporting the following env vars:
AIRFLOW_CTX_DAG_OWNER=***
AIRFLOW_CTX_DAG_ID=ModelDevelop
AIRFLOW_CTX_TASK_ID=get_data
AIRFLOW_CTX_EXECUTION_DATE=2026-01-02T01:10:00+00:00
AIRFLOW_CTX_TRY_NUMBER=1
AIRFLOW_CTX_DAG_RUN_ID=scheduled__2026-01-02T01:10:00+00:00
[2026-01-02T01:27:25.118+0000] {taskinstance.py:1851} ERROR - Task failed with exception
Traceback (most recent call last):
  File "/home/airflow/.local/lib/python3.7/site-packages/pandas/io/sql.py", line 2056, in execute
    cur.execute(*args, **kwargs)
psycopg2.errors.UndefinedTable: relation "iris_data" does not exist
LINE 1: SELECT * FROM iris_data ORDER BY id DESC LIMIT 10
                      ^


The above exception was the direct cause of the following exception:

Traceback (most recent call last):
  File "/home/airflow/.local/lib/python3.7/site-packages/airflow/operators/python.py", line 175, in execute
    return_value = self.execute_callable()
  File "/home/airflow/.local/lib/python3.7/site-packages/airflow/operators/python.py", line 193, in execute_callable
    return self.python_callable(*self.op_args, **self.op_kwargs)
  File "/opt/airflow/dags/psjung_dag.py", line 42, in get_data
    df = pd.read_sql("SELECT * FROM iris_data ORDER BY id DESC LIMIT 10", db_connect)
  File "/home/airflow/.local/lib/python3.7/site-packages/pandas/io/sql.py", line 608, in read_sql
    chunksize=chunksize,
  File "/home/airflow/.local/lib/python3.7/site-packages/pandas/io/sql.py", line 2116, in read_query
    cursor = self.execute(*args)
  File "/home/airflow/.local/lib/python3.7/site-packages/pandas/io/sql.py", line 2068, in execute
    raise ex from exc
pandas.io.sql.DatabaseError: Execution failed on sql 'SELECT * FROM iris_data ORDER BY id DESC LIMIT 10': relation "iris_data" does not exist
LINE 1: SELECT * FROM iris_data ORDER BY id DESC LIMIT 10
                      ^

[2026-01-02T01:27:25.123+0000] {taskinstance.py:1406} INFO - Marking task as UP_FOR_RETRY. dag_id=ModelDevelop, task_id=get_data, execution_date=20260102T011000, start_date=20260102T012724, end_date=20260102T012725
[2026-01-02T01:27:25.130+0000] {standard_task_runner.py:107} ERROR - Failed to execute job 29 for task get_data (Execution failed on sql 'SELECT * FROM iris_data ORDER BY id DESC LIMIT 10': relation "iris_data" does not exist
LINE 1: SELECT * FROM iris_data ORDER BY id DESC LIMIT 10
                      ^
; 161)
[2026-01-02T01:27:25.180+0000] {local_task_job.py:164} INFO - Task exited with return code 1
[2026-01-02T01:27:25.199+0000] {local_task_job.py:273} INFO - 0 downstream tasks scheduled from follow-on schedule check
[2026-01-02T02:09:52.638+0000] {taskinstance.py:1165} INFO - Dependencies all met for <TaskInstance: ModelDevelop.get_data scheduled__2026-01-02T01:10:00+00:00 [queued]>
[2026-01-02T02:09:52.645+0000] {taskinstance.py:1165} INFO - Dependencies all met for <TaskInstance: ModelDevelop.get_data scheduled__2026-01-02T01:10:00+00:00 [queued]>
[2026-01-02T02:09:52.646+0000] {taskinstance.py:1362} INFO - 
--------------------------------------------------------------------------------
[2026-01-02T02:09:52.646+0000] {taskinstance.py:1363} INFO - Starting attempt 1 of 2
[2026-01-02T02:09:52.646+0000] {taskinstance.py:1364} INFO - 
--------------------------------------------------------------------------------
[2026-01-02T02:09:52.657+0000] {taskinstance.py:1383} INFO - Executing <Task(PythonOperator): get_data> on 2026-01-02 01:10:00+00:00
[2026-01-02T02:09:52.662+0000] {standard_task_runner.py:54} INFO - Started process 111 to run task
[2026-01-02T02:09:52.664+0000] {standard_task_runner.py:82} INFO - Running: ['***', 'tasks', 'run', 'ModelDevelop', 'get_data', 'scheduled__2026-01-02T01:10:00+00:00', '--job-id', '12', '--raw', '--subdir', 'DAGS_FOLDER/psjung_dag.py', '--cfg-path', '/tmp/tmp3titwoc6']
[2026-01-02T02:09:52.664+0000] {standard_task_runner.py:83} INFO - Job 12: Subtask get_data
[2026-01-02T02:09:52.665+0000] {dagbag.py:525} INFO - Filling up the DagBag from /opt/***/dags/psjung_dag.py
[2026-01-02T02:09:53.370+0000] {warnings.py:110} WARNING - /home/***/.local/lib/python3.7/site-packages/***/configuration.py:545: DeprecationWarning: The sql_alchemy_conn option in [core] has been moved to the sql_alchemy_conn option in [database] - the old setting has been used, but please update your config.
  option = self._get_environment_variables(deprecated_key, deprecated_section, key, section)

[2026-01-02T02:09:53.403+0000] {task_command.py:384} INFO - Running <TaskInstance: ModelDevelop.get_data scheduled__2026-01-02T01:10:00+00:00 [running]> on host 81eec80a5533
[2026-01-02T02:09:53.450+0000] {taskinstance.py:1592} INFO - Exporting the following env vars:
AIRFLOW_CTX_DAG_OWNER=***
AIRFLOW_CTX_DAG_ID=ModelDevelop
AIRFLOW_CTX_TASK_ID=get_data
AIRFLOW_CTX_EXECUTION_DATE=2026-01-02T01:10:00+00:00
AIRFLOW_CTX_TRY_NUMBER=1
AIRFLOW_CTX_DAG_RUN_ID=scheduled__2026-01-02T01:10:00+00:00
[2026-01-02T02:09:53.457+0000] {logging_mixin.py:117} INFO -     sepal_length  sepal_width  petal_length  petal_width  target
14           5.8          4.0           1.2          0.2       0
[2026-01-02T02:09:53.458+0000] {python.py:177} INFO - Done. Returned value was:     sepal_length  sepal_width  petal_length  petal_width  target
14           5.8          4.0           1.2          0.2       0
[2026-01-02T02:09:53.466+0000] {xcom.py:600} ERROR - Could not serialize the XCom value into JSON. If you are using pickle instead of JSON for XCom, then you need to enable pickle support for XCom in your *** config.
[2026-01-02T02:09:53.466+0000] {taskinstance.py:1851} ERROR - Task failed with exception
Traceback (most recent call last):
  File "/home/airflow/.local/lib/python3.7/site-packages/airflow/utils/session.py", line 72, in wrapper
    return func(*args, **kwargs)
  File "/home/airflow/.local/lib/python3.7/site-packages/airflow/models/taskinstance.py", line 2385, in xcom_push
    session=session,
  File "/home/airflow/.local/lib/python3.7/site-packages/airflow/utils/session.py", line 72, in wrapper
    return func(*args, **kwargs)
  File "/home/airflow/.local/lib/python3.7/site-packages/airflow/models/xcom.py", line 212, in set
    map_index=map_index,
  File "/home/airflow/.local/lib/python3.7/site-packages/airflow/models/xcom.py", line 597, in serialize_value
    return json.dumps(value).encode('UTF-8')
  File "/usr/local/lib/python3.7/json/__init__.py", line 231, in dumps
    return _default_encoder.encode(obj)
  File "/usr/local/lib/python3.7/json/encoder.py", line 199, in encode
    chunks = self.iterencode(o, _one_shot=True)
  File "/usr/local/lib/python3.7/json/encoder.py", line 257, in iterencode
    return _iterencode(o, 0)
  File "/usr/local/lib/python3.7/json/encoder.py", line 179, in default
    raise TypeError(f'Object of type {o.__class__.__name__} '
TypeError: Object of type DataFrame is not JSON serializable
[2026-01-02T02:09:53.471+0000] {taskinstance.py:1406} INFO - Marking task as UP_FOR_RETRY. dag_id=ModelDevelop, task_id=get_data, execution_date=20260102T011000, start_date=20260102T020952, end_date=20260102T020953
[2026-01-02T02:09:53.477+0000] {standard_task_runner.py:107} ERROR - Failed to execute job 12 for task get_data (Object of type DataFrame is not JSON serializable; 111)
[2026-01-02T02:09:53.517+0000] {local_task_job.py:164} INFO - Task exited with return code 1
[2026-01-02T02:09:53.534+0000] {local_task_job.py:273} INFO - 0 downstream tasks scheduled from follow-on schedule check
[2026-01-02T02:12:34.167+0000] {taskinstance.py:1165} INFO - Dependencies all met for <TaskInstance: ModelDevelop.get_data scheduled__2026-01-02T01:10:00+00:00 [queued]>
[2026-01-02T02:12:34.173+0000] {taskinstance.py:1165} INFO - Dependencies all met for <TaskInstance: ModelDevelop.get_data scheduled__2026-01-02T01:10:00+00:00 [queued]>
[2026-01-02T02:12:34.173+0000] {taskinstance.py:1362} INFO - 
--------------------------------------------------------------------------------
[2026-01-02T02:12:34.173+0000] {taskinstance.py:1363} INFO - Starting attempt 1 of 2
[2026-01-02T02:12:34.173+0000] {taskinstance.py:1364} INFO - 
--------------------------------------------------------------------------------
[2026-01-02T02:12:34.182+0000] {taskinstance.py:1383} INFO - Executing <Task(PythonOperator): get_data> on 2026-01-02 01:10:00+00:00
[2026-01-02T02:12:34.186+0000] {standard_task_runner.py:54} INFO - Started process 162 to run task
[2026-01-02T02:12:34.188+0000] {standard_task_runner.py:82} INFO - Running: ['***', 'tasks', 'run', 'ModelDevelop', 'get_data', 'scheduled__2026-01-02T01:10:00+00:00', '--job-id', '29', '--raw', '--subdir', 'DAGS_FOLDER/psjung_dag.py', '--cfg-path', '/tmp/tmp8m85s5u_']
[2026-01-02T02:12:34.188+0000] {standard_task_runner.py:83} INFO - Job 29: Subtask get_data
[2026-01-02T02:12:34.188+0000] {dagbag.py:525} INFO - Filling up the DagBag from /opt/***/dags/psjung_dag.py
[2026-01-02T02:12:34.863+0000] {warnings.py:110} WARNING - /home/***/.local/lib/python3.7/site-packages/***/configuration.py:545: DeprecationWarning: The sql_alchemy_conn option in [core] has been moved to the sql_alchemy_conn option in [database] - the old setting has been used, but please update your config.
  option = self._get_environment_variables(deprecated_key, deprecated_section, key, section)

[2026-01-02T02:12:34.895+0000] {task_command.py:384} INFO - Running <TaskInstance: ModelDevelop.get_data scheduled__2026-01-02T01:10:00+00:00 [running]> on host 81eec80a5533
[2026-01-02T02:12:34.936+0000] {taskinstance.py:1592} INFO - Exporting the following env vars:
AIRFLOW_CTX_DAG_OWNER=***
AIRFLOW_CTX_DAG_ID=ModelDevelop
AIRFLOW_CTX_TASK_ID=get_data
AIRFLOW_CTX_EXECUTION_DATE=2026-01-02T01:10:00+00:00
AIRFLOW_CTX_TRY_NUMBER=1
AIRFLOW_CTX_DAG_RUN_ID=scheduled__2026-01-02T01:10:00+00:00
[2026-01-02T02:12:34.944+0000] {logging_mixin.py:117} INFO -     sepal_length  sepal_width  petal_length  petal_width  target
11           4.8          3.4           1.6          0.2       0
[2026-01-02T02:12:34.945+0000] {python.py:177} INFO - Done. Returned value was:     sepal_length  sepal_width  petal_length  petal_width  target
11           4.8          3.4           1.6          0.2       0
[2026-01-02T02:12:34.953+0000] {xcom.py:600} ERROR - Could not serialize the XCom value into JSON. If you are using pickle instead of JSON for XCom, then you need to enable pickle support for XCom in your *** config.
[2026-01-02T02:12:34.953+0000] {taskinstance.py:1851} ERROR - Task failed with exception
Traceback (most recent call last):
  File "/home/airflow/.local/lib/python3.7/site-packages/airflow/utils/session.py", line 72, in wrapper
    return func(*args, **kwargs)
  File "/home/airflow/.local/lib/python3.7/site-packages/airflow/models/taskinstance.py", line 2385, in xcom_push
    session=session,
  File "/home/airflow/.local/lib/python3.7/site-packages/airflow/utils/session.py", line 72, in wrapper
    return func(*args, **kwargs)
  File "/home/airflow/.local/lib/python3.7/site-packages/airflow/models/xcom.py", line 212, in set
    map_index=map_index,
  File "/home/airflow/.local/lib/python3.7/site-packages/airflow/models/xcom.py", line 597, in serialize_value
    return json.dumps(value).encode('UTF-8')
  File "/usr/local/lib/python3.7/json/__init__.py", line 231, in dumps
    return _default_encoder.encode(obj)
  File "/usr/local/lib/python3.7/json/encoder.py", line 199, in encode
    chunks = self.iterencode(o, _one_shot=True)
  File "/usr/local/lib/python3.7/json/encoder.py", line 257, in iterencode
    return _iterencode(o, 0)
  File "/usr/local/lib/python3.7/json/encoder.py", line 179, in default
    raise TypeError(f'Object of type {o.__class__.__name__} '
TypeError: Object of type DataFrame is not JSON serializable
[2026-01-02T02:12:34.959+0000] {taskinstance.py:1406} INFO - Marking task as UP_FOR_RETRY. dag_id=ModelDevelop, task_id=get_data, execution_date=20260102T011000, start_date=20260102T021234, end_date=20260102T021234
[2026-01-02T02:12:34.966+0000] {standard_task_runner.py:107} ERROR - Failed to execute job 29 for task get_data (Object of type DataFrame is not JSON serializable; 162)
[2026-01-02T02:12:35.000+0000] {local_task_job.py:164} INFO - Task exited with return code 1
[2026-01-02T02:12:35.035+0000] {local_task_job.py:273} INFO - 0 downstream tasks scheduled from follow-on schedule check
[2026-01-02T02:14:06.292+0000] {taskinstance.py:1165} INFO - Dependencies all met for <TaskInstance: ModelDevelop.get_data scheduled__2026-01-02T01:10:00+00:00 [queued]>
[2026-01-02T02:14:06.298+0000] {taskinstance.py:1165} INFO - Dependencies all met for <TaskInstance: ModelDevelop.get_data scheduled__2026-01-02T01:10:00+00:00 [queued]>
[2026-01-02T02:14:06.298+0000] {taskinstance.py:1362} INFO - 
--------------------------------------------------------------------------------
[2026-01-02T02:14:06.298+0000] {taskinstance.py:1363} INFO - Starting attempt 1 of 2
[2026-01-02T02:14:06.298+0000] {taskinstance.py:1364} INFO - 
--------------------------------------------------------------------------------
[2026-01-02T02:14:06.305+0000] {taskinstance.py:1383} INFO - Executing <Task(PythonOperator): get_data> on 2026-01-02 01:10:00+00:00
[2026-01-02T02:14:06.309+0000] {standard_task_runner.py:54} INFO - Started process 207 to run task
[2026-01-02T02:14:06.311+0000] {standard_task_runner.py:82} INFO - Running: ['***', 'tasks', 'run', 'ModelDevelop', 'get_data', 'scheduled__2026-01-02T01:10:00+00:00', '--job-id', '44', '--raw', '--subdir', 'DAGS_FOLDER/psjung_dag.py', '--cfg-path', '/tmp/tmpre_s49d4']
[2026-01-02T02:14:06.311+0000] {standard_task_runner.py:83} INFO - Job 44: Subtask get_data
[2026-01-02T02:14:06.312+0000] {dagbag.py:525} INFO - Filling up the DagBag from /opt/***/dags/psjung_dag.py
[2026-01-02T02:14:06.970+0000] {warnings.py:110} WARNING - /home/***/.local/lib/python3.7/site-packages/***/configuration.py:545: DeprecationWarning: The sql_alchemy_conn option in [core] has been moved to the sql_alchemy_conn option in [database] - the old setting has been used, but please update your config.
  option = self._get_environment_variables(deprecated_key, deprecated_section, key, section)

[2026-01-02T02:14:07.008+0000] {task_command.py:384} INFO - Running <TaskInstance: ModelDevelop.get_data scheduled__2026-01-02T01:10:00+00:00 [running]> on host 81eec80a5533
[2026-01-02T02:14:07.065+0000] {taskinstance.py:1592} INFO - Exporting the following env vars:
AIRFLOW_CTX_DAG_OWNER=***
AIRFLOW_CTX_DAG_ID=ModelDevelop
AIRFLOW_CTX_TASK_ID=get_data
AIRFLOW_CTX_EXECUTION_DATE=2026-01-02T01:10:00+00:00
AIRFLOW_CTX_TRY_NUMBER=1
AIRFLOW_CTX_DAG_RUN_ID=scheduled__2026-01-02T01:10:00+00:00
[2026-01-02T02:14:07.072+0000] {logging_mixin.py:117} INFO -     sepal_length  sepal_width  petal_length  petal_width  target
81           5.5          2.4           3.7          1.0       1
[2026-01-02T02:14:07.073+0000] {python.py:177} INFO - Done. Returned value was:     sepal_length  sepal_width  petal_length  petal_width  target
81           5.5          2.4           3.7          1.0       1
[2026-01-02T02:14:07.080+0000] {xcom.py:600} ERROR - Could not serialize the XCom value into JSON. If you are using pickle instead of JSON for XCom, then you need to enable pickle support for XCom in your *** config.
[2026-01-02T02:14:07.080+0000] {taskinstance.py:1851} ERROR - Task failed with exception
Traceback (most recent call last):
  File "/home/airflow/.local/lib/python3.7/site-packages/airflow/utils/session.py", line 72, in wrapper
    return func(*args, **kwargs)
  File "/home/airflow/.local/lib/python3.7/site-packages/airflow/models/taskinstance.py", line 2385, in xcom_push
    session=session,
  File "/home/airflow/.local/lib/python3.7/site-packages/airflow/utils/session.py", line 72, in wrapper
    return func(*args, **kwargs)
  File "/home/airflow/.local/lib/python3.7/site-packages/airflow/models/xcom.py", line 212, in set
    map_index=map_index,
  File "/home/airflow/.local/lib/python3.7/site-packages/airflow/models/xcom.py", line 597, in serialize_value
    return json.dumps(value).encode('UTF-8')
  File "/usr/local/lib/python3.7/json/__init__.py", line 231, in dumps
    return _default_encoder.encode(obj)
  File "/usr/local/lib/python3.7/json/encoder.py", line 199, in encode
    chunks = self.iterencode(o, _one_shot=True)
  File "/usr/local/lib/python3.7/json/encoder.py", line 257, in iterencode
    return _iterencode(o, 0)
  File "/usr/local/lib/python3.7/json/encoder.py", line 179, in default
    raise TypeError(f'Object of type {o.__class__.__name__} '
TypeError: Object of type DataFrame is not JSON serializable
[2026-01-02T02:14:07.085+0000] {taskinstance.py:1406} INFO - Marking task as UP_FOR_RETRY. dag_id=ModelDevelop, task_id=get_data, execution_date=20260102T011000, start_date=20260102T021406, end_date=20260102T021407
[2026-01-02T02:14:07.091+0000] {standard_task_runner.py:107} ERROR - Failed to execute job 44 for task get_data (Object of type DataFrame is not JSON serializable; 207)
[2026-01-02T02:14:07.124+0000] {local_task_job.py:164} INFO - Task exited with return code 1
[2026-01-02T02:14:07.141+0000] {local_task_job.py:273} INFO - 0 downstream tasks scheduled from follow-on schedule check
