[2026-01-16T07:55:48.652+0000] {taskinstance.py:1979} INFO - Dependencies all met for dep_context=non-requeueable deps ti=<TaskInstance: ModelDevelop.get_data scheduled__2026-01-09T13:00:00+00:00 [queued]>
[2026-01-16T07:55:48.658+0000] {taskinstance.py:1979} INFO - Dependencies all met for dep_context=requeueable deps ti=<TaskInstance: ModelDevelop.get_data scheduled__2026-01-09T13:00:00+00:00 [queued]>
[2026-01-16T07:55:48.659+0000] {taskinstance.py:2193} INFO - Starting attempt 1 of 2
[2026-01-16T07:55:48.668+0000] {taskinstance.py:2217} INFO - Executing <Task(PythonOperator): get_data> on 2026-01-09 13:00:00+00:00
[2026-01-16T07:55:48.676+0000] {standard_task_runner.py:60} INFO - Started process 24094 to run task
[2026-01-16T07:55:48.678+0000] {standard_task_runner.py:87} INFO - Running: ['***', 'tasks', 'run', 'ModelDevelop', 'get_data', 'scheduled__2026-01-09T13:00:00+00:00', '--job-id', '359', '--raw', '--subdir', 'DAGS_FOLDER/example.py', '--cfg-path', '/tmp/tmp5t55sexe']
[2026-01-16T07:55:48.678+0000] {standard_task_runner.py:88} INFO - Job 359: Subtask get_data
[2026-01-16T07:55:48.687+0000] {warnings.py:109} WARNING - /home/***/.local/lib/python3.9/site-packages/***/settings.py:194: DeprecationWarning: The sql_alchemy_conn option in [core] has been moved to the sql_alchemy_conn option in [database] - the old setting has been used, but please update your config.
  SQL_ALCHEMY_CONN = conf.get("database", "SQL_ALCHEMY_CONN")

[2026-01-16T07:55:48.716+0000] {task_command.py:423} INFO - Running <TaskInstance: ModelDevelop.get_data scheduled__2026-01-09T13:00:00+00:00 [running]> on host 8a4f043652f0
[2026-01-16T07:55:48.778+0000] {taskinstance.py:2513} INFO - Exporting env vars: AIRFLOW_CTX_DAG_OWNER='***' AIRFLOW_CTX_DAG_ID='ModelDevelop' AIRFLOW_CTX_TASK_ID='get_data' AIRFLOW_CTX_EXECUTION_DATE='2026-01-09T13:00:00+00:00' AIRFLOW_CTX_TRY_NUMBER='1' AIRFLOW_CTX_DAG_RUN_ID='scheduled__2026-01-09T13:00:00+00:00'
[2026-01-16T07:55:48.786+0000] {python.py:202} INFO - Done. Returned value was: ./iris.csv
[2026-01-16T07:55:48.801+0000] {taskinstance.py:1149} INFO - Marking task as SUCCESS. dag_id=ModelDevelop, task_id=get_data, execution_date=20260109T130000, start_date=20260116T075548, end_date=20260116T075548
[2026-01-16T07:55:48.850+0000] {local_task_job_runner.py:234} INFO - Task exited with return code 0
[2026-01-16T07:55:48.922+0000] {taskinstance.py:3312} INFO - 0 downstream tasks scheduled from follow-on schedule check
[2026-01-17T13:19:30.005+0000] {taskinstance.py:1979} INFO - Dependencies all met for dep_context=non-requeueable deps ti=<TaskInstance: ModelDevelop.get_data scheduled__2026-01-09T13:00:00+00:00 [queued]>
[2026-01-17T13:19:30.011+0000] {taskinstance.py:1979} INFO - Dependencies all met for dep_context=requeueable deps ti=<TaskInstance: ModelDevelop.get_data scheduled__2026-01-09T13:00:00+00:00 [queued]>
[2026-01-17T13:19:30.011+0000] {taskinstance.py:2193} INFO - Starting attempt 1 of 2
[2026-01-17T13:19:30.020+0000] {taskinstance.py:2217} INFO - Executing <Task(PythonOperator): get_data> on 2026-01-09 13:00:00+00:00
[2026-01-17T13:19:30.058+0000] {standard_task_runner.py:60} INFO - Started process 24196 to run task
[2026-01-17T13:19:30.070+0000] {standard_task_runner.py:87} INFO - Running: ['***', 'tasks', 'run', 'ModelDevelop', 'get_data', 'scheduled__2026-01-09T13:00:00+00:00', '--job-id', '360', '--raw', '--subdir', 'DAGS_FOLDER/example.py', '--cfg-path', '/tmp/tmpeew9h68i']
[2026-01-17T13:19:30.071+0000] {standard_task_runner.py:88} INFO - Job 360: Subtask get_data
[2026-01-17T13:19:30.085+0000] {warnings.py:109} WARNING - /home/***/.local/lib/python3.9/site-packages/***/settings.py:194: DeprecationWarning: The sql_alchemy_conn option in [core] has been moved to the sql_alchemy_conn option in [database] - the old setting has been used, but please update your config.
  SQL_ALCHEMY_CONN = conf.get("database", "SQL_ALCHEMY_CONN")

[2026-01-17T13:19:30.113+0000] {task_command.py:423} INFO - Running <TaskInstance: ModelDevelop.get_data scheduled__2026-01-09T13:00:00+00:00 [running]> on host ed3184b6b543
[2026-01-17T13:19:30.205+0000] {taskinstance.py:2513} INFO - Exporting env vars: AIRFLOW_CTX_DAG_OWNER='***' AIRFLOW_CTX_DAG_ID='ModelDevelop' AIRFLOW_CTX_TASK_ID='get_data' AIRFLOW_CTX_EXECUTION_DATE='2026-01-09T13:00:00+00:00' AIRFLOW_CTX_TRY_NUMBER='1' AIRFLOW_CTX_DAG_RUN_ID='scheduled__2026-01-09T13:00:00+00:00'
[2026-01-17T13:19:30.215+0000] {python.py:202} INFO - Done. Returned value was: ./iris.csv
[2026-01-17T13:19:30.229+0000] {taskinstance.py:1149} INFO - Marking task as SUCCESS. dag_id=ModelDevelop, task_id=get_data, execution_date=20260109T130000, start_date=20260117T131930, end_date=20260117T131930
[2026-01-17T13:19:30.249+0000] {local_task_job_runner.py:234} INFO - Task exited with return code 0
[2026-01-17T13:19:30.269+0000] {taskinstance.py:3312} INFO - 1 downstream tasks scheduled from follow-on schedule check
[2026-01-17T13:40:46.582+0000] {taskinstance.py:1979} INFO - Dependencies all met for dep_context=non-requeueable deps ti=<TaskInstance: ModelDevelop.get_data scheduled__2026-01-09T13:00:00+00:00 [queued]>
[2026-01-17T13:40:46.586+0000] {taskinstance.py:1979} INFO - Dependencies all met for dep_context=requeueable deps ti=<TaskInstance: ModelDevelop.get_data scheduled__2026-01-09T13:00:00+00:00 [queued]>
[2026-01-17T13:40:46.587+0000] {taskinstance.py:2193} INFO - Starting attempt 1 of 2
[2026-01-17T13:40:46.593+0000] {taskinstance.py:2217} INFO - Executing <Task(PythonOperator): get_data> on 2026-01-09 13:00:00+00:00
[2026-01-17T13:40:46.600+0000] {standard_task_runner.py:60} INFO - Started process 23124 to run task
[2026-01-17T13:40:46.603+0000] {standard_task_runner.py:87} INFO - Running: ['***', 'tasks', 'run', 'ModelDevelop', 'get_data', 'scheduled__2026-01-09T13:00:00+00:00', '--job-id', '349', '--raw', '--subdir', 'DAGS_FOLDER/example.py', '--cfg-path', '/tmp/tmphukrrrln']
[2026-01-17T13:40:46.603+0000] {standard_task_runner.py:88} INFO - Job 349: Subtask get_data
[2026-01-17T13:40:46.612+0000] {warnings.py:109} WARNING - /home/***/.local/lib/python3.9/site-packages/***/settings.py:194: DeprecationWarning: The sql_alchemy_conn option in [core] has been moved to the sql_alchemy_conn option in [database] - the old setting has been used, but please update your config.
  SQL_ALCHEMY_CONN = conf.get("database", "SQL_ALCHEMY_CONN")

[2026-01-17T13:40:46.639+0000] {task_command.py:423} INFO - Running <TaskInstance: ModelDevelop.get_data scheduled__2026-01-09T13:00:00+00:00 [running]> on host 5330652dc216
[2026-01-17T13:40:46.692+0000] {taskinstance.py:2513} INFO - Exporting env vars: AIRFLOW_CTX_DAG_OWNER='***' AIRFLOW_CTX_DAG_ID='ModelDevelop' AIRFLOW_CTX_TASK_ID='get_data' AIRFLOW_CTX_EXECUTION_DATE='2026-01-09T13:00:00+00:00' AIRFLOW_CTX_TRY_NUMBER='1' AIRFLOW_CTX_DAG_RUN_ID='scheduled__2026-01-09T13:00:00+00:00'
[2026-01-17T13:40:46.701+0000] {python.py:202} INFO - Done. Returned value was: ./iris.csv
[2026-01-17T13:40:46.715+0000] {taskinstance.py:1149} INFO - Marking task as SUCCESS. dag_id=ModelDevelop, task_id=get_data, execution_date=20260109T130000, start_date=20260117T134046, end_date=20260117T134046
[2026-01-17T13:40:46.735+0000] {local_task_job_runner.py:234} INFO - Task exited with return code 0
[2026-01-17T13:40:46.749+0000] {taskinstance.py:3312} INFO - 1 downstream tasks scheduled from follow-on schedule check
