[2026-04-08T01:59:05.932+0000] {taskinstance.py:1979} INFO - Dependencies all met for dep_context=non-requeueable deps ti=<TaskInstance: DataDriftRetrainDAG.train_fit scheduled__2026-04-08T01:54:00+00:00 [queued]>
[2026-04-08T01:59:05.937+0000] {taskinstance.py:1979} INFO - Dependencies all met for dep_context=requeueable deps ti=<TaskInstance: DataDriftRetrainDAG.train_fit scheduled__2026-04-08T01:54:00+00:00 [queued]>
[2026-04-08T01:59:05.938+0000] {taskinstance.py:2193} INFO - Starting attempt 2 of 2
[2026-04-08T01:59:05.944+0000] {taskinstance.py:2217} INFO - Executing <Task(PythonOperator): train_fit> on 2026-04-08 01:54:00+00:00
[2026-04-08T01:59:05.949+0000] {standard_task_runner.py:60} INFO - Started process 1222 to run task
[2026-04-08T01:59:05.951+0000] {standard_task_runner.py:87} INFO - Running: ['***', 'tasks', 'run', 'DataDriftRetrainDAG', 'train_fit', 'scheduled__2026-04-08T01:54:00+00:00', '--job-id', '29', '--raw', '--subdir', 'DAGS_FOLDER/DataDriftRetrainDAG.py', '--cfg-path', '/tmp/tmp3pyfkzl0']
[2026-04-08T01:59:05.952+0000] {standard_task_runner.py:88} INFO - Job 29: Subtask train_fit
[2026-04-08T01:59:05.959+0000] {warnings.py:109} WARNING - /home/***/.local/lib/python3.9/site-packages/***/settings.py:194: DeprecationWarning: The sql_alchemy_conn option in [core] has been moved to the sql_alchemy_conn option in [database] - the old setting has been used, but please update your config.
  SQL_ALCHEMY_CONN = conf.get("database", "SQL_ALCHEMY_CONN")

[2026-04-08T01:59:05.978+0000] {task_command.py:423} INFO - Running <TaskInstance: DataDriftRetrainDAG.train_fit scheduled__2026-04-08T01:54:00+00:00 [running]> on host 93ebeac00ff1
[2026-04-08T01:59:06.029+0000] {taskinstance.py:2513} INFO - Exporting env vars: AIRFLOW_CTX_DAG_OWNER='***' AIRFLOW_CTX_DAG_ID='DataDriftRetrainDAG' AIRFLOW_CTX_TASK_ID='train_fit' AIRFLOW_CTX_EXECUTION_DATE='2026-04-08T01:54:00+00:00' AIRFLOW_CTX_TRY_NUMBER='2' AIRFLOW_CTX_DAG_RUN_ID='scheduled__2026-04-08T01:54:00+00:00'
[2026-04-08T01:59:06.038+0000] {taskinstance.py:2731} ERROR - Task failed with exception
Traceback (most recent call last):
  File "/home/airflow/.local/lib/python3.9/site-packages/airflow/models/taskinstance.py", line 444, in _execute_task
    result = _execute_callable(context=context, **execute_callable_kwargs)
  File "/home/airflow/.local/lib/python3.9/site-packages/airflow/models/taskinstance.py", line 414, in _execute_callable
    return execute_callable(context=context, **execute_callable_kwargs)
  File "/home/airflow/.local/lib/python3.9/site-packages/airflow/operators/python.py", line 200, in execute
    return_value = self.execute_callable()
  File "/home/airflow/.local/lib/python3.9/site-packages/airflow/operators/python.py", line 217, in execute_callable
    return self.python_callable(*self.op_args, **self.op_kwargs)
  File "/opt/airflow/dags/DataDriftRetrainDAG.py", line 89, in train_fit
    df = pd.read_csv(path)
  File "/home/airflow/.local/lib/python3.9/site-packages/pandas/io/parsers/readers.py", line 948, in read_csv
    return _read(filepath_or_buffer, kwds)
  File "/home/airflow/.local/lib/python3.9/site-packages/pandas/io/parsers/readers.py", line 611, in _read
    parser = TextFileReader(filepath_or_buffer, **kwds)
  File "/home/airflow/.local/lib/python3.9/site-packages/pandas/io/parsers/readers.py", line 1448, in __init__
    self._engine = self._make_engine(f, self.engine)
  File "/home/airflow/.local/lib/python3.9/site-packages/pandas/io/parsers/readers.py", line 1705, in _make_engine
    self.handles = get_handle(
  File "/home/airflow/.local/lib/python3.9/site-packages/pandas/io/common.py", line 718, in get_handle
    ioargs = _get_filepath_or_buffer(
  File "/home/airflow/.local/lib/python3.9/site-packages/pandas/io/common.py", line 460, in _get_filepath_or_buffer
    raise ValueError(msg)
ValueError: Invalid file path or buffer object type: <class 'NoneType'>
[2026-04-08T01:59:06.043+0000] {taskinstance.py:1149} INFO - Marking task as FAILED. dag_id=DataDriftRetrainDAG, task_id=train_fit, execution_date=20260408T015400, start_date=20260408T015905, end_date=20260408T015906
[2026-04-08T01:59:06.054+0000] {standard_task_runner.py:107} ERROR - Failed to execute job 29 for task train_fit (Invalid file path or buffer object type: <class 'NoneType'>; 1222)
[2026-04-08T01:59:06.083+0000] {local_task_job_runner.py:234} INFO - Task exited with return code 1
[2026-04-08T01:59:06.092+0000] {taskinstance.py:3312} INFO - 0 downstream tasks scheduled from follow-on schedule check
