[2026-01-16T07:55:37.685+0000] {taskinstance.py:1979} INFO - Dependencies all met for dep_context=non-requeueable deps ti=<TaskInstance: ModelDevelop.get_data scheduled__2026-01-08T19:00:00+00:00 [queued]>
[2026-01-16T07:55:37.692+0000] {taskinstance.py:1979} INFO - Dependencies all met for dep_context=requeueable deps ti=<TaskInstance: ModelDevelop.get_data scheduled__2026-01-08T19:00:00+00:00 [queued]>
[2026-01-16T07:55:37.693+0000] {taskinstance.py:2193} INFO - Starting attempt 1 of 2
[2026-01-16T07:55:37.702+0000] {taskinstance.py:2217} INFO - Executing <Task(PythonOperator): get_data> on 2026-01-08 19:00:00+00:00
[2026-01-16T07:55:37.711+0000] {standard_task_runner.py:60} INFO - Started process 21919 to run task
[2026-01-16T07:55:37.713+0000] {standard_task_runner.py:87} INFO - Running: ['***', 'tasks', 'run', 'ModelDevelop', 'get_data', 'scheduled__2026-01-08T19:00:00+00:00', '--job-id', '327', '--raw', '--subdir', 'DAGS_FOLDER/example.py', '--cfg-path', '/tmp/tmpqrv__gri']
[2026-01-16T07:55:37.714+0000] {standard_task_runner.py:88} INFO - Job 327: Subtask get_data
[2026-01-16T07:55:37.724+0000] {warnings.py:109} WARNING - /home/***/.local/lib/python3.9/site-packages/***/settings.py:194: DeprecationWarning: The sql_alchemy_conn option in [core] has been moved to the sql_alchemy_conn option in [database] - the old setting has been used, but please update your config.
  SQL_ALCHEMY_CONN = conf.get("database", "SQL_ALCHEMY_CONN")

[2026-01-16T07:55:37.755+0000] {task_command.py:423} INFO - Running <TaskInstance: ModelDevelop.get_data scheduled__2026-01-08T19:00:00+00:00 [running]> on host 8a4f043652f0
[2026-01-16T07:55:37.850+0000] {taskinstance.py:2513} INFO - Exporting env vars: AIRFLOW_CTX_DAG_OWNER='***' AIRFLOW_CTX_DAG_ID='ModelDevelop' AIRFLOW_CTX_TASK_ID='get_data' AIRFLOW_CTX_EXECUTION_DATE='2026-01-08T19:00:00+00:00' AIRFLOW_CTX_TRY_NUMBER='1' AIRFLOW_CTX_DAG_RUN_ID='scheduled__2026-01-08T19:00:00+00:00'
[2026-01-16T07:55:37.861+0000] {python.py:202} INFO - Done. Returned value was: ./iris.csv
[2026-01-16T07:55:37.876+0000] {taskinstance.py:1149} INFO - Marking task as SUCCESS. dag_id=ModelDevelop, task_id=get_data, execution_date=20260108T190000, start_date=20260116T075537, end_date=20260116T075537
[2026-01-16T07:55:37.926+0000] {local_task_job_runner.py:234} INFO - Task exited with return code 0
[2026-01-16T07:55:37.999+0000] {taskinstance.py:3312} INFO - 0 downstream tasks scheduled from follow-on schedule check
[2026-01-17T13:19:19.663+0000] {taskinstance.py:1979} INFO - Dependencies all met for dep_context=non-requeueable deps ti=<TaskInstance: ModelDevelop.get_data scheduled__2026-01-08T19:00:00+00:00 [queued]>
[2026-01-17T13:19:19.668+0000] {taskinstance.py:1979} INFO - Dependencies all met for dep_context=requeueable deps ti=<TaskInstance: ModelDevelop.get_data scheduled__2026-01-08T19:00:00+00:00 [queued]>
[2026-01-17T13:19:19.668+0000] {taskinstance.py:2193} INFO - Starting attempt 1 of 2
[2026-01-17T13:19:19.675+0000] {taskinstance.py:2217} INFO - Executing <Task(PythonOperator): get_data> on 2026-01-08 19:00:00+00:00
[2026-01-17T13:19:19.682+0000] {standard_task_runner.py:60} INFO - Started process 22053 to run task
[2026-01-17T13:19:19.684+0000] {standard_task_runner.py:87} INFO - Running: ['***', 'tasks', 'run', 'ModelDevelop', 'get_data', 'scheduled__2026-01-08T19:00:00+00:00', '--job-id', '327', '--raw', '--subdir', 'DAGS_FOLDER/example.py', '--cfg-path', '/tmp/tmpq4sa4yji']
[2026-01-17T13:19:19.684+0000] {standard_task_runner.py:88} INFO - Job 327: Subtask get_data
[2026-01-17T13:19:19.693+0000] {warnings.py:109} WARNING - /home/***/.local/lib/python3.9/site-packages/***/settings.py:194: DeprecationWarning: The sql_alchemy_conn option in [core] has been moved to the sql_alchemy_conn option in [database] - the old setting has been used, but please update your config.
  SQL_ALCHEMY_CONN = conf.get("database", "SQL_ALCHEMY_CONN")

[2026-01-17T13:19:19.738+0000] {task_command.py:423} INFO - Running <TaskInstance: ModelDevelop.get_data scheduled__2026-01-08T19:00:00+00:00 [running]> on host ed3184b6b543
[2026-01-17T13:19:19.849+0000] {taskinstance.py:2513} INFO - Exporting env vars: AIRFLOW_CTX_DAG_OWNER='***' AIRFLOW_CTX_DAG_ID='ModelDevelop' AIRFLOW_CTX_TASK_ID='get_data' AIRFLOW_CTX_EXECUTION_DATE='2026-01-08T19:00:00+00:00' AIRFLOW_CTX_TRY_NUMBER='1' AIRFLOW_CTX_DAG_RUN_ID='scheduled__2026-01-08T19:00:00+00:00'
[2026-01-17T13:19:19.860+0000] {python.py:202} INFO - Done. Returned value was: ./iris.csv
[2026-01-17T13:19:19.874+0000] {taskinstance.py:1149} INFO - Marking task as SUCCESS. dag_id=ModelDevelop, task_id=get_data, execution_date=20260108T190000, start_date=20260117T131919, end_date=20260117T131919
[2026-01-17T13:19:19.896+0000] {local_task_job_runner.py:234} INFO - Task exited with return code 0
[2026-01-17T13:19:19.932+0000] {taskinstance.py:3312} INFO - 1 downstream tasks scheduled from follow-on schedule check
[2026-01-17T13:40:36.262+0000] {taskinstance.py:1979} INFO - Dependencies all met for dep_context=non-requeueable deps ti=<TaskInstance: ModelDevelop.get_data scheduled__2026-01-08T19:00:00+00:00 [queued]>
[2026-01-17T13:40:36.280+0000] {taskinstance.py:1979} INFO - Dependencies all met for dep_context=requeueable deps ti=<TaskInstance: ModelDevelop.get_data scheduled__2026-01-08T19:00:00+00:00 [queued]>
[2026-01-17T13:40:36.280+0000] {taskinstance.py:2193} INFO - Starting attempt 1 of 2
[2026-01-17T13:40:36.307+0000] {taskinstance.py:2217} INFO - Executing <Task(PythonOperator): get_data> on 2026-01-08 19:00:00+00:00
[2026-01-17T13:40:36.317+0000] {standard_task_runner.py:60} INFO - Started process 20920 to run task
[2026-01-17T13:40:36.322+0000] {standard_task_runner.py:87} INFO - Running: ['***', 'tasks', 'run', 'ModelDevelop', 'get_data', 'scheduled__2026-01-08T19:00:00+00:00', '--job-id', '315', '--raw', '--subdir', 'DAGS_FOLDER/example.py', '--cfg-path', '/tmp/tmp131pdiby']
[2026-01-17T13:40:36.323+0000] {standard_task_runner.py:88} INFO - Job 315: Subtask get_data
[2026-01-17T13:40:36.333+0000] {warnings.py:109} WARNING - /home/***/.local/lib/python3.9/site-packages/***/settings.py:194: DeprecationWarning: The sql_alchemy_conn option in [core] has been moved to the sql_alchemy_conn option in [database] - the old setting has been used, but please update your config.
  SQL_ALCHEMY_CONN = conf.get("database", "SQL_ALCHEMY_CONN")

[2026-01-17T13:40:36.365+0000] {task_command.py:423} INFO - Running <TaskInstance: ModelDevelop.get_data scheduled__2026-01-08T19:00:00+00:00 [running]> on host 5330652dc216
[2026-01-17T13:40:36.451+0000] {taskinstance.py:2513} INFO - Exporting env vars: AIRFLOW_CTX_DAG_OWNER='***' AIRFLOW_CTX_DAG_ID='ModelDevelop' AIRFLOW_CTX_TASK_ID='get_data' AIRFLOW_CTX_EXECUTION_DATE='2026-01-08T19:00:00+00:00' AIRFLOW_CTX_TRY_NUMBER='1' AIRFLOW_CTX_DAG_RUN_ID='scheduled__2026-01-08T19:00:00+00:00'
[2026-01-17T13:40:36.463+0000] {python.py:202} INFO - Done. Returned value was: ./iris.csv
[2026-01-17T13:40:36.480+0000] {taskinstance.py:1149} INFO - Marking task as SUCCESS. dag_id=ModelDevelop, task_id=get_data, execution_date=20260108T190000, start_date=20260117T134036, end_date=20260117T134036
[2026-01-17T13:40:36.611+0000] {local_task_job_runner.py:234} INFO - Task exited with return code 0
[2026-01-17T13:40:36.650+0000] {taskinstance.py:3312} INFO - 1 downstream tasks scheduled from follow-on schedule check
