[2026-01-16T07:54:14.156+0000] {taskinstance.py:1979} INFO - Dependencies all met for dep_context=non-requeueable deps ti=<TaskInstance: ModelDevelop.get_data scheduled__2026-01-03T11:00:00+00:00 [queued]>
[2026-01-16T07:54:14.161+0000] {taskinstance.py:1979} INFO - Dependencies all met for dep_context=requeueable deps ti=<TaskInstance: ModelDevelop.get_data scheduled__2026-01-03T11:00:00+00:00 [queued]>
[2026-01-16T07:54:14.161+0000] {taskinstance.py:2193} INFO - Starting attempt 1 of 2
[2026-01-16T07:54:14.220+0000] {taskinstance.py:2217} INFO - Executing <Task(PythonOperator): get_data> on 2026-01-03 11:00:00+00:00
[2026-01-16T07:54:14.229+0000] {standard_task_runner.py:60} INFO - Started process 4796 to run task
[2026-01-16T07:54:14.242+0000] {standard_task_runner.py:87} INFO - Running: ['***', 'tasks', 'run', 'ModelDevelop', 'get_data', 'scheduled__2026-01-03T11:00:00+00:00', '--job-id', '69', '--raw', '--subdir', 'DAGS_FOLDER/example.py', '--cfg-path', '/tmp/tmps2euuena']
[2026-01-16T07:54:14.243+0000] {standard_task_runner.py:88} INFO - Job 69: Subtask get_data
[2026-01-16T07:54:14.253+0000] {warnings.py:109} WARNING - /home/***/.local/lib/python3.9/site-packages/***/settings.py:194: DeprecationWarning: The sql_alchemy_conn option in [core] has been moved to the sql_alchemy_conn option in [database] - the old setting has been used, but please update your config.
  SQL_ALCHEMY_CONN = conf.get("database", "SQL_ALCHEMY_CONN")

[2026-01-16T07:54:14.283+0000] {task_command.py:423} INFO - Running <TaskInstance: ModelDevelop.get_data scheduled__2026-01-03T11:00:00+00:00 [running]> on host 8a4f043652f0
[2026-01-16T07:54:14.345+0000] {taskinstance.py:2513} INFO - Exporting env vars: AIRFLOW_CTX_DAG_OWNER='***' AIRFLOW_CTX_DAG_ID='ModelDevelop' AIRFLOW_CTX_TASK_ID='get_data' AIRFLOW_CTX_EXECUTION_DATE='2026-01-03T11:00:00+00:00' AIRFLOW_CTX_TRY_NUMBER='1' AIRFLOW_CTX_DAG_RUN_ID='scheduled__2026-01-03T11:00:00+00:00'
[2026-01-16T07:54:14.356+0000] {python.py:202} INFO - Done. Returned value was: ./iris.csv
[2026-01-16T07:54:14.372+0000] {taskinstance.py:1149} INFO - Marking task as SUCCESS. dag_id=ModelDevelop, task_id=get_data, execution_date=20260103T110000, start_date=20260116T075414, end_date=20260116T075414
[2026-01-16T07:54:14.408+0000] {local_task_job_runner.py:234} INFO - Task exited with return code 0
[2026-01-16T07:54:14.428+0000] {taskinstance.py:3312} INFO - 1 downstream tasks scheduled from follow-on schedule check
[2026-01-17T13:17:49.238+0000] {taskinstance.py:1979} INFO - Dependencies all met for dep_context=non-requeueable deps ti=<TaskInstance: ModelDevelop.get_data scheduled__2026-01-03T11:00:00+00:00 [queued]>
[2026-01-17T13:17:49.257+0000] {taskinstance.py:1979} INFO - Dependencies all met for dep_context=requeueable deps ti=<TaskInstance: ModelDevelop.get_data scheduled__2026-01-03T11:00:00+00:00 [queued]>
[2026-01-17T13:17:49.257+0000] {taskinstance.py:2193} INFO - Starting attempt 1 of 2
[2026-01-17T13:17:49.267+0000] {taskinstance.py:2217} INFO - Executing <Task(PythonOperator): get_data> on 2026-01-03 11:00:00+00:00
[2026-01-17T13:17:49.274+0000] {standard_task_runner.py:60} INFO - Started process 4731 to run task
[2026-01-17T13:17:49.276+0000] {standard_task_runner.py:87} INFO - Running: ['***', 'tasks', 'run', 'ModelDevelop', 'get_data', 'scheduled__2026-01-03T11:00:00+00:00', '--job-id', '69', '--raw', '--subdir', 'DAGS_FOLDER/example.py', '--cfg-path', '/tmp/tmparwqb_hd']
[2026-01-17T13:17:49.277+0000] {standard_task_runner.py:88} INFO - Job 69: Subtask get_data
[2026-01-17T13:17:49.286+0000] {warnings.py:109} WARNING - /home/***/.local/lib/python3.9/site-packages/***/settings.py:194: DeprecationWarning: The sql_alchemy_conn option in [core] has been moved to the sql_alchemy_conn option in [database] - the old setting has been used, but please update your config.
  SQL_ALCHEMY_CONN = conf.get("database", "SQL_ALCHEMY_CONN")

[2026-01-17T13:17:49.313+0000] {task_command.py:423} INFO - Running <TaskInstance: ModelDevelop.get_data scheduled__2026-01-03T11:00:00+00:00 [running]> on host ed3184b6b543
[2026-01-17T13:17:49.379+0000] {taskinstance.py:2513} INFO - Exporting env vars: AIRFLOW_CTX_DAG_OWNER='***' AIRFLOW_CTX_DAG_ID='ModelDevelop' AIRFLOW_CTX_TASK_ID='get_data' AIRFLOW_CTX_EXECUTION_DATE='2026-01-03T11:00:00+00:00' AIRFLOW_CTX_TRY_NUMBER='1' AIRFLOW_CTX_DAG_RUN_ID='scheduled__2026-01-03T11:00:00+00:00'
[2026-01-17T13:17:49.391+0000] {python.py:202} INFO - Done. Returned value was: ./iris.csv
[2026-01-17T13:17:49.446+0000] {taskinstance.py:1149} INFO - Marking task as SUCCESS. dag_id=ModelDevelop, task_id=get_data, execution_date=20260103T110000, start_date=20260117T131749, end_date=20260117T131749
[2026-01-17T13:17:49.490+0000] {local_task_job_runner.py:234} INFO - Task exited with return code 0
[2026-01-17T13:17:49.506+0000] {taskinstance.py:3312} INFO - 1 downstream tasks scheduled from follow-on schedule check
[2026-01-17T13:39:09.010+0000] {taskinstance.py:1979} INFO - Dependencies all met for dep_context=non-requeueable deps ti=<TaskInstance: ModelDevelop.get_data scheduled__2026-01-03T11:00:00+00:00 [queued]>
[2026-01-17T13:39:09.015+0000] {taskinstance.py:1979} INFO - Dependencies all met for dep_context=requeueable deps ti=<TaskInstance: ModelDevelop.get_data scheduled__2026-01-03T11:00:00+00:00 [queued]>
[2026-01-17T13:39:09.016+0000] {taskinstance.py:2193} INFO - Starting attempt 1 of 2
[2026-01-17T13:39:09.024+0000] {taskinstance.py:2217} INFO - Executing <Task(PythonOperator): get_data> on 2026-01-03 11:00:00+00:00
[2026-01-17T13:39:09.030+0000] {standard_task_runner.py:60} INFO - Started process 4800 to run task
[2026-01-17T13:39:09.032+0000] {standard_task_runner.py:87} INFO - Running: ['***', 'tasks', 'run', 'ModelDevelop', 'get_data', 'scheduled__2026-01-03T11:00:00+00:00', '--job-id', '70', '--raw', '--subdir', 'DAGS_FOLDER/example.py', '--cfg-path', '/tmp/tmpl73iiwa0']
[2026-01-17T13:39:09.033+0000] {standard_task_runner.py:88} INFO - Job 70: Subtask get_data
[2026-01-17T13:39:09.042+0000] {warnings.py:109} WARNING - /home/***/.local/lib/python3.9/site-packages/***/settings.py:194: DeprecationWarning: The sql_alchemy_conn option in [core] has been moved to the sql_alchemy_conn option in [database] - the old setting has been used, but please update your config.
  SQL_ALCHEMY_CONN = conf.get("database", "SQL_ALCHEMY_CONN")

[2026-01-17T13:39:09.071+0000] {task_command.py:423} INFO - Running <TaskInstance: ModelDevelop.get_data scheduled__2026-01-03T11:00:00+00:00 [running]> on host 5330652dc216
[2026-01-17T13:39:09.181+0000] {taskinstance.py:2513} INFO - Exporting env vars: AIRFLOW_CTX_DAG_OWNER='***' AIRFLOW_CTX_DAG_ID='ModelDevelop' AIRFLOW_CTX_TASK_ID='get_data' AIRFLOW_CTX_EXECUTION_DATE='2026-01-03T11:00:00+00:00' AIRFLOW_CTX_TRY_NUMBER='1' AIRFLOW_CTX_DAG_RUN_ID='scheduled__2026-01-03T11:00:00+00:00'
[2026-01-17T13:39:09.190+0000] {python.py:202} INFO - Done. Returned value was: ./iris.csv
[2026-01-17T13:39:09.207+0000] {taskinstance.py:1149} INFO - Marking task as SUCCESS. dag_id=ModelDevelop, task_id=get_data, execution_date=20260103T110000, start_date=20260117T133909, end_date=20260117T133909
[2026-01-17T13:39:09.244+0000] {local_task_job_runner.py:234} INFO - Task exited with return code 0
[2026-01-17T13:39:09.268+0000] {taskinstance.py:3312} INFO - 1 downstream tasks scheduled from follow-on schedule check
