[2026-01-16T07:57:29.797+0000] {taskinstance.py:1979} INFO - Dependencies all met for dep_context=non-requeueable deps ti=<TaskInstance: ModelDevelop.get_data scheduled__2026-01-16T02:00:00+00:00 [queued]>
[2026-01-16T07:57:29.802+0000] {taskinstance.py:1979} INFO - Dependencies all met for dep_context=requeueable deps ti=<TaskInstance: ModelDevelop.get_data scheduled__2026-01-16T02:00:00+00:00 [queued]>
[2026-01-16T07:57:29.802+0000] {taskinstance.py:2193} INFO - Starting attempt 1 of 2
[2026-01-16T07:57:29.809+0000] {taskinstance.py:2217} INFO - Executing <Task(PythonOperator): get_data> on 2026-01-16 02:00:00+00:00
[2026-01-16T07:57:29.815+0000] {standard_task_runner.py:60} INFO - Started process 45330 to run task
[2026-01-16T07:57:29.817+0000] {standard_task_runner.py:87} INFO - Running: ['***', 'tasks', 'run', 'ModelDevelop', 'get_data', 'scheduled__2026-01-16T02:00:00+00:00', '--job-id', '676', '--raw', '--subdir', 'DAGS_FOLDER/example.py', '--cfg-path', '/tmp/tmph7nq7wpg']
[2026-01-16T07:57:29.817+0000] {standard_task_runner.py:88} INFO - Job 676: Subtask get_data
[2026-01-16T07:57:29.825+0000] {warnings.py:109} WARNING - /home/***/.local/lib/python3.9/site-packages/***/settings.py:194: DeprecationWarning: The sql_alchemy_conn option in [core] has been moved to the sql_alchemy_conn option in [database] - the old setting has been used, but please update your config.
  SQL_ALCHEMY_CONN = conf.get("database", "SQL_ALCHEMY_CONN")

[2026-01-16T07:57:29.849+0000] {task_command.py:423} INFO - Running <TaskInstance: ModelDevelop.get_data scheduled__2026-01-16T02:00:00+00:00 [running]> on host 8a4f043652f0
[2026-01-16T07:57:29.897+0000] {taskinstance.py:2513} INFO - Exporting env vars: AIRFLOW_CTX_DAG_OWNER='***' AIRFLOW_CTX_DAG_ID='ModelDevelop' AIRFLOW_CTX_TASK_ID='get_data' AIRFLOW_CTX_EXECUTION_DATE='2026-01-16T02:00:00+00:00' AIRFLOW_CTX_TRY_NUMBER='1' AIRFLOW_CTX_DAG_RUN_ID='scheduled__2026-01-16T02:00:00+00:00'
[2026-01-16T07:57:29.904+0000] {python.py:202} INFO - Done. Returned value was: ./iris.csv
[2026-01-16T07:57:29.918+0000] {taskinstance.py:1149} INFO - Marking task as SUCCESS. dag_id=ModelDevelop, task_id=get_data, execution_date=20260116T020000, start_date=20260116T075729, end_date=20260116T075729
[2026-01-16T07:57:29.948+0000] {local_task_job_runner.py:234} INFO - Task exited with return code 0
[2026-01-16T07:57:29.964+0000] {taskinstance.py:3312} INFO - 1 downstream tasks scheduled from follow-on schedule check
[2026-01-17T13:21:10.711+0000] {taskinstance.py:1979} INFO - Dependencies all met for dep_context=non-requeueable deps ti=<TaskInstance: ModelDevelop.get_data scheduled__2026-01-16T02:00:00+00:00 [queued]>
[2026-01-17T13:21:10.717+0000] {taskinstance.py:1979} INFO - Dependencies all met for dep_context=requeueable deps ti=<TaskInstance: ModelDevelop.get_data scheduled__2026-01-16T02:00:00+00:00 [queued]>
[2026-01-17T13:21:10.718+0000] {taskinstance.py:2193} INFO - Starting attempt 1 of 2
[2026-01-17T13:21:10.728+0000] {taskinstance.py:2217} INFO - Executing <Task(PythonOperator): get_data> on 2026-01-16 02:00:00+00:00
[2026-01-17T13:21:10.740+0000] {standard_task_runner.py:60} INFO - Started process 45600 to run task
[2026-01-17T13:21:10.745+0000] {standard_task_runner.py:87} INFO - Running: ['***', 'tasks', 'run', 'ModelDevelop', 'get_data', 'scheduled__2026-01-16T02:00:00+00:00', '--job-id', '677', '--raw', '--subdir', 'DAGS_FOLDER/example.py', '--cfg-path', '/tmp/tmpr3d4qglm']
[2026-01-17T13:21:10.747+0000] {standard_task_runner.py:88} INFO - Job 677: Subtask get_data
[2026-01-17T13:21:10.764+0000] {warnings.py:109} WARNING - /home/***/.local/lib/python3.9/site-packages/***/settings.py:194: DeprecationWarning: The sql_alchemy_conn option in [core] has been moved to the sql_alchemy_conn option in [database] - the old setting has been used, but please update your config.
  SQL_ALCHEMY_CONN = conf.get("database", "SQL_ALCHEMY_CONN")

[2026-01-17T13:21:10.812+0000] {task_command.py:423} INFO - Running <TaskInstance: ModelDevelop.get_data scheduled__2026-01-16T02:00:00+00:00 [running]> on host ed3184b6b543
[2026-01-17T13:21:10.913+0000] {taskinstance.py:2513} INFO - Exporting env vars: AIRFLOW_CTX_DAG_OWNER='***' AIRFLOW_CTX_DAG_ID='ModelDevelop' AIRFLOW_CTX_TASK_ID='get_data' AIRFLOW_CTX_EXECUTION_DATE='2026-01-16T02:00:00+00:00' AIRFLOW_CTX_TRY_NUMBER='1' AIRFLOW_CTX_DAG_RUN_ID='scheduled__2026-01-16T02:00:00+00:00'
[2026-01-17T13:21:10.924+0000] {python.py:202} INFO - Done. Returned value was: ./iris.csv
[2026-01-17T13:21:10.940+0000] {taskinstance.py:1149} INFO - Marking task as SUCCESS. dag_id=ModelDevelop, task_id=get_data, execution_date=20260116T020000, start_date=20260117T132110, end_date=20260117T132110
[2026-01-17T13:21:10.996+0000] {local_task_job_runner.py:234} INFO - Task exited with return code 0
[2026-01-17T13:21:11.038+0000] {taskinstance.py:3312} INFO - 1 downstream tasks scheduled from follow-on schedule check
[2026-01-17T13:42:38.047+0000] {taskinstance.py:1979} INFO - Dependencies all met for dep_context=non-requeueable deps ti=<TaskInstance: ModelDevelop.get_data scheduled__2026-01-16T02:00:00+00:00 [queued]>
[2026-01-17T13:42:38.071+0000] {taskinstance.py:1979} INFO - Dependencies all met for dep_context=requeueable deps ti=<TaskInstance: ModelDevelop.get_data scheduled__2026-01-16T02:00:00+00:00 [queued]>
[2026-01-17T13:42:38.072+0000] {taskinstance.py:2193} INFO - Starting attempt 1 of 2
[2026-01-17T13:42:38.081+0000] {taskinstance.py:2217} INFO - Executing <Task(PythonOperator): get_data> on 2026-01-16 02:00:00+00:00
[2026-01-17T13:42:38.091+0000] {standard_task_runner.py:60} INFO - Started process 44474 to run task
[2026-01-17T13:42:38.093+0000] {standard_task_runner.py:87} INFO - Running: ['***', 'tasks', 'run', 'ModelDevelop', 'get_data', 'scheduled__2026-01-16T02:00:00+00:00', '--job-id', '667', '--raw', '--subdir', 'DAGS_FOLDER/example.py', '--cfg-path', '/tmp/tmpjnlfjojh']
[2026-01-17T13:42:38.094+0000] {standard_task_runner.py:88} INFO - Job 667: Subtask get_data
[2026-01-17T13:42:38.103+0000] {warnings.py:109} WARNING - /home/***/.local/lib/python3.9/site-packages/***/settings.py:194: DeprecationWarning: The sql_alchemy_conn option in [core] has been moved to the sql_alchemy_conn option in [database] - the old setting has been used, but please update your config.
  SQL_ALCHEMY_CONN = conf.get("database", "SQL_ALCHEMY_CONN")

[2026-01-17T13:42:38.131+0000] {task_command.py:423} INFO - Running <TaskInstance: ModelDevelop.get_data scheduled__2026-01-16T02:00:00+00:00 [running]> on host 5330652dc216
[2026-01-17T13:42:38.236+0000] {taskinstance.py:2513} INFO - Exporting env vars: AIRFLOW_CTX_DAG_OWNER='***' AIRFLOW_CTX_DAG_ID='ModelDevelop' AIRFLOW_CTX_TASK_ID='get_data' AIRFLOW_CTX_EXECUTION_DATE='2026-01-16T02:00:00+00:00' AIRFLOW_CTX_TRY_NUMBER='1' AIRFLOW_CTX_DAG_RUN_ID='scheduled__2026-01-16T02:00:00+00:00'
[2026-01-17T13:42:38.246+0000] {python.py:202} INFO - Done. Returned value was: ./iris.csv
[2026-01-17T13:42:38.278+0000] {taskinstance.py:1149} INFO - Marking task as SUCCESS. dag_id=ModelDevelop, task_id=get_data, execution_date=20260116T020000, start_date=20260117T134238, end_date=20260117T134238
[2026-01-17T13:42:38.306+0000] {local_task_job_runner.py:234} INFO - Task exited with return code 0
[2026-01-17T13:42:38.332+0000] {taskinstance.py:3312} INFO - 1 downstream tasks scheduled from follow-on schedule check
