[2026-01-16T07:54:57.703+0000] {taskinstance.py:1979} INFO - Dependencies all met for dep_context=non-requeueable deps ti=<TaskInstance: ModelDevelop.get_data scheduled__2026-01-06T15:00:00+00:00 [queued]>
[2026-01-16T07:54:57.709+0000] {taskinstance.py:1979} INFO - Dependencies all met for dep_context=requeueable deps ti=<TaskInstance: ModelDevelop.get_data scheduled__2026-01-06T15:00:00+00:00 [queued]>
[2026-01-16T07:54:57.709+0000] {taskinstance.py:2193} INFO - Starting attempt 1 of 2
[2026-01-16T07:54:57.718+0000] {taskinstance.py:2217} INFO - Executing <Task(PythonOperator): get_data> on 2026-01-06 15:00:00+00:00
[2026-01-16T07:54:57.735+0000] {standard_task_runner.py:60} INFO - Started process 13803 to run task
[2026-01-16T07:54:57.746+0000] {standard_task_runner.py:87} INFO - Running: ['***', 'tasks', 'run', 'ModelDevelop', 'get_data', 'scheduled__2026-01-06T15:00:00+00:00', '--job-id', '209', '--raw', '--subdir', 'DAGS_FOLDER/example.py', '--cfg-path', '/tmp/tmp1cryqpt4']
[2026-01-16T07:54:57.747+0000] {standard_task_runner.py:88} INFO - Job 209: Subtask get_data
[2026-01-16T07:54:57.790+0000] {warnings.py:109} WARNING - /home/***/.local/lib/python3.9/site-packages/***/settings.py:194: DeprecationWarning: The sql_alchemy_conn option in [core] has been moved to the sql_alchemy_conn option in [database] - the old setting has been used, but please update your config.
  SQL_ALCHEMY_CONN = conf.get("database", "SQL_ALCHEMY_CONN")

[2026-01-16T07:54:57.834+0000] {task_command.py:423} INFO - Running <TaskInstance: ModelDevelop.get_data scheduled__2026-01-06T15:00:00+00:00 [running]> on host 8a4f043652f0
[2026-01-16T07:54:57.923+0000] {taskinstance.py:2513} INFO - Exporting env vars: AIRFLOW_CTX_DAG_OWNER='***' AIRFLOW_CTX_DAG_ID='ModelDevelop' AIRFLOW_CTX_TASK_ID='get_data' AIRFLOW_CTX_EXECUTION_DATE='2026-01-06T15:00:00+00:00' AIRFLOW_CTX_TRY_NUMBER='1' AIRFLOW_CTX_DAG_RUN_ID='scheduled__2026-01-06T15:00:00+00:00'
[2026-01-16T07:54:57.934+0000] {python.py:202} INFO - Done. Returned value was: ./iris.csv
[2026-01-16T07:54:57.950+0000] {taskinstance.py:1149} INFO - Marking task as SUCCESS. dag_id=ModelDevelop, task_id=get_data, execution_date=20260106T150000, start_date=20260116T075457, end_date=20260116T075457
[2026-01-16T07:54:57.999+0000] {local_task_job_runner.py:234} INFO - Task exited with return code 0
[2026-01-16T07:54:58.015+0000] {taskinstance.py:3312} INFO - 1 downstream tasks scheduled from follow-on schedule check
[2026-01-17T13:18:31.809+0000] {taskinstance.py:1979} INFO - Dependencies all met for dep_context=non-requeueable deps ti=<TaskInstance: ModelDevelop.get_data scheduled__2026-01-06T15:00:00+00:00 [queued]>
[2026-01-17T13:18:31.815+0000] {taskinstance.py:1979} INFO - Dependencies all met for dep_context=requeueable deps ti=<TaskInstance: ModelDevelop.get_data scheduled__2026-01-06T15:00:00+00:00 [queued]>
[2026-01-17T13:18:31.816+0000] {taskinstance.py:2193} INFO - Starting attempt 1 of 2
[2026-01-17T13:18:31.825+0000] {taskinstance.py:2217} INFO - Executing <Task(PythonOperator): get_data> on 2026-01-06 15:00:00+00:00
[2026-01-17T13:18:31.833+0000] {standard_task_runner.py:60} INFO - Started process 13848 to run task
[2026-01-17T13:18:31.835+0000] {standard_task_runner.py:87} INFO - Running: ['***', 'tasks', 'run', 'ModelDevelop', 'get_data', 'scheduled__2026-01-06T15:00:00+00:00', '--job-id', '210', '--raw', '--subdir', 'DAGS_FOLDER/example.py', '--cfg-path', '/tmp/tmpo8wkrm1f']
[2026-01-17T13:18:31.836+0000] {standard_task_runner.py:88} INFO - Job 210: Subtask get_data
[2026-01-17T13:18:31.849+0000] {warnings.py:109} WARNING - /home/***/.local/lib/python3.9/site-packages/***/settings.py:194: DeprecationWarning: The sql_alchemy_conn option in [core] has been moved to the sql_alchemy_conn option in [database] - the old setting has been used, but please update your config.
  SQL_ALCHEMY_CONN = conf.get("database", "SQL_ALCHEMY_CONN")

[2026-01-17T13:18:31.874+0000] {task_command.py:423} INFO - Running <TaskInstance: ModelDevelop.get_data scheduled__2026-01-06T15:00:00+00:00 [running]> on host ed3184b6b543
[2026-01-17T13:18:32.008+0000] {taskinstance.py:2513} INFO - Exporting env vars: AIRFLOW_CTX_DAG_OWNER='***' AIRFLOW_CTX_DAG_ID='ModelDevelop' AIRFLOW_CTX_TASK_ID='get_data' AIRFLOW_CTX_EXECUTION_DATE='2026-01-06T15:00:00+00:00' AIRFLOW_CTX_TRY_NUMBER='1' AIRFLOW_CTX_DAG_RUN_ID='scheduled__2026-01-06T15:00:00+00:00'
[2026-01-17T13:18:32.019+0000] {python.py:202} INFO - Done. Returned value was: ./iris.csv
[2026-01-17T13:18:32.041+0000] {taskinstance.py:1149} INFO - Marking task as SUCCESS. dag_id=ModelDevelop, task_id=get_data, execution_date=20260106T150000, start_date=20260117T131831, end_date=20260117T131832
[2026-01-17T13:18:32.087+0000] {local_task_job_runner.py:234} INFO - Task exited with return code 0
[2026-01-17T13:18:32.106+0000] {taskinstance.py:3312} INFO - 1 downstream tasks scheduled from follow-on schedule check
[2026-01-17T13:39:54.169+0000] {taskinstance.py:1979} INFO - Dependencies all met for dep_context=non-requeueable deps ti=<TaskInstance: ModelDevelop.get_data scheduled__2026-01-06T15:00:00+00:00 [queued]>
[2026-01-17T13:39:54.176+0000] {taskinstance.py:1979} INFO - Dependencies all met for dep_context=requeueable deps ti=<TaskInstance: ModelDevelop.get_data scheduled__2026-01-06T15:00:00+00:00 [queued]>
[2026-01-17T13:39:54.176+0000] {taskinstance.py:2193} INFO - Starting attempt 1 of 2
[2026-01-17T13:39:54.184+0000] {taskinstance.py:2217} INFO - Executing <Task(PythonOperator): get_data> on 2026-01-06 15:00:00+00:00
[2026-01-17T13:39:54.192+0000] {standard_task_runner.py:60} INFO - Started process 13851 to run task
[2026-01-17T13:39:54.195+0000] {standard_task_runner.py:87} INFO - Running: ['***', 'tasks', 'run', 'ModelDevelop', 'get_data', 'scheduled__2026-01-06T15:00:00+00:00', '--job-id', '211', '--raw', '--subdir', 'DAGS_FOLDER/example.py', '--cfg-path', '/tmp/tmp1agfgc6h']
[2026-01-17T13:39:54.195+0000] {standard_task_runner.py:88} INFO - Job 211: Subtask get_data
[2026-01-17T13:39:54.208+0000] {warnings.py:109} WARNING - /home/***/.local/lib/python3.9/site-packages/***/settings.py:194: DeprecationWarning: The sql_alchemy_conn option in [core] has been moved to the sql_alchemy_conn option in [database] - the old setting has been used, but please update your config.
  SQL_ALCHEMY_CONN = conf.get("database", "SQL_ALCHEMY_CONN")

[2026-01-17T13:39:54.252+0000] {task_command.py:423} INFO - Running <TaskInstance: ModelDevelop.get_data scheduled__2026-01-06T15:00:00+00:00 [running]> on host 5330652dc216
[2026-01-17T13:39:54.345+0000] {taskinstance.py:2513} INFO - Exporting env vars: AIRFLOW_CTX_DAG_OWNER='***' AIRFLOW_CTX_DAG_ID='ModelDevelop' AIRFLOW_CTX_TASK_ID='get_data' AIRFLOW_CTX_EXECUTION_DATE='2026-01-06T15:00:00+00:00' AIRFLOW_CTX_TRY_NUMBER='1' AIRFLOW_CTX_DAG_RUN_ID='scheduled__2026-01-06T15:00:00+00:00'
[2026-01-17T13:39:54.356+0000] {python.py:202} INFO - Done. Returned value was: ./iris.csv
[2026-01-17T13:39:54.371+0000] {taskinstance.py:1149} INFO - Marking task as SUCCESS. dag_id=ModelDevelop, task_id=get_data, execution_date=20260106T150000, start_date=20260117T133954, end_date=20260117T133954
[2026-01-17T13:39:54.406+0000] {local_task_job_runner.py:234} INFO - Task exited with return code 0
[2026-01-17T13:39:54.431+0000] {taskinstance.py:3312} INFO - 1 downstream tasks scheduled from follow-on schedule check
