[2026-01-16T07:55:57.498+0000] {taskinstance.py:1979} INFO - Dependencies all met for dep_context=non-requeueable deps ti=<TaskInstance: ModelDevelop.get_data scheduled__2026-01-10T01:00:00+00:00 [queued]>
[2026-01-16T07:55:57.503+0000] {taskinstance.py:1979} INFO - Dependencies all met for dep_context=requeueable deps ti=<TaskInstance: ModelDevelop.get_data scheduled__2026-01-10T01:00:00+00:00 [queued]>
[2026-01-16T07:55:57.503+0000] {taskinstance.py:2193} INFO - Starting attempt 1 of 2
[2026-01-16T07:55:57.552+0000] {taskinstance.py:2217} INFO - Executing <Task(PythonOperator): get_data> on 2026-01-10 01:00:00+00:00
[2026-01-16T07:55:57.560+0000] {standard_task_runner.py:60} INFO - Started process 26138 to run task
[2026-01-16T07:55:57.562+0000] {standard_task_runner.py:87} INFO - Running: ['***', 'tasks', 'run', 'ModelDevelop', 'get_data', 'scheduled__2026-01-10T01:00:00+00:00', '--job-id', '387', '--raw', '--subdir', 'DAGS_FOLDER/example.py', '--cfg-path', '/tmp/tmp0w5r9q3q']
[2026-01-16T07:55:57.563+0000] {standard_task_runner.py:88} INFO - Job 387: Subtask get_data
[2026-01-16T07:55:57.571+0000] {warnings.py:109} WARNING - /home/***/.local/lib/python3.9/site-packages/***/settings.py:194: DeprecationWarning: The sql_alchemy_conn option in [core] has been moved to the sql_alchemy_conn option in [database] - the old setting has been used, but please update your config.
  SQL_ALCHEMY_CONN = conf.get("database", "SQL_ALCHEMY_CONN")

[2026-01-16T07:55:57.597+0000] {task_command.py:423} INFO - Running <TaskInstance: ModelDevelop.get_data scheduled__2026-01-10T01:00:00+00:00 [running]> on host 8a4f043652f0
[2026-01-16T07:55:57.681+0000] {taskinstance.py:2513} INFO - Exporting env vars: AIRFLOW_CTX_DAG_OWNER='***' AIRFLOW_CTX_DAG_ID='ModelDevelop' AIRFLOW_CTX_TASK_ID='get_data' AIRFLOW_CTX_EXECUTION_DATE='2026-01-10T01:00:00+00:00' AIRFLOW_CTX_TRY_NUMBER='1' AIRFLOW_CTX_DAG_RUN_ID='scheduled__2026-01-10T01:00:00+00:00'
[2026-01-16T07:55:57.692+0000] {python.py:202} INFO - Done. Returned value was: ./iris.csv
[2026-01-16T07:55:57.709+0000] {taskinstance.py:1149} INFO - Marking task as SUCCESS. dag_id=ModelDevelop, task_id=get_data, execution_date=20260110T010000, start_date=20260116T075557, end_date=20260116T075557
[2026-01-16T07:55:57.735+0000] {local_task_job_runner.py:234} INFO - Task exited with return code 0
[2026-01-16T07:55:57.776+0000] {taskinstance.py:3312} INFO - 1 downstream tasks scheduled from follow-on schedule check
[2026-01-17T13:19:40.990+0000] {taskinstance.py:1979} INFO - Dependencies all met for dep_context=non-requeueable deps ti=<TaskInstance: ModelDevelop.get_data scheduled__2026-01-10T01:00:00+00:00 [queued]>
[2026-01-17T13:19:40.995+0000] {taskinstance.py:1979} INFO - Dependencies all met for dep_context=requeueable deps ti=<TaskInstance: ModelDevelop.get_data scheduled__2026-01-10T01:00:00+00:00 [queued]>
[2026-01-17T13:19:40.995+0000] {taskinstance.py:2193} INFO - Starting attempt 1 of 2
[2026-01-17T13:19:41.002+0000] {taskinstance.py:2217} INFO - Executing <Task(PythonOperator): get_data> on 2026-01-10 01:00:00+00:00
[2026-01-17T13:19:41.009+0000] {standard_task_runner.py:60} INFO - Started process 26239 to run task
[2026-01-17T13:19:41.011+0000] {standard_task_runner.py:87} INFO - Running: ['***', 'tasks', 'run', 'ModelDevelop', 'get_data', 'scheduled__2026-01-10T01:00:00+00:00', '--job-id', '388', '--raw', '--subdir', 'DAGS_FOLDER/example.py', '--cfg-path', '/tmp/tmpskm1c5zo']
[2026-01-17T13:19:41.012+0000] {standard_task_runner.py:88} INFO - Job 388: Subtask get_data
[2026-01-17T13:19:41.032+0000] {warnings.py:109} WARNING - /home/***/.local/lib/python3.9/site-packages/***/settings.py:194: DeprecationWarning: The sql_alchemy_conn option in [core] has been moved to the sql_alchemy_conn option in [database] - the old setting has been used, but please update your config.
  SQL_ALCHEMY_CONN = conf.get("database", "SQL_ALCHEMY_CONN")

[2026-01-17T13:19:41.079+0000] {task_command.py:423} INFO - Running <TaskInstance: ModelDevelop.get_data scheduled__2026-01-10T01:00:00+00:00 [running]> on host ed3184b6b543
[2026-01-17T13:19:41.186+0000] {taskinstance.py:2513} INFO - Exporting env vars: AIRFLOW_CTX_DAG_OWNER='***' AIRFLOW_CTX_DAG_ID='ModelDevelop' AIRFLOW_CTX_TASK_ID='get_data' AIRFLOW_CTX_EXECUTION_DATE='2026-01-10T01:00:00+00:00' AIRFLOW_CTX_TRY_NUMBER='1' AIRFLOW_CTX_DAG_RUN_ID='scheduled__2026-01-10T01:00:00+00:00'
[2026-01-17T13:19:41.196+0000] {python.py:202} INFO - Done. Returned value was: ./iris.csv
[2026-01-17T13:19:41.212+0000] {taskinstance.py:1149} INFO - Marking task as SUCCESS. dag_id=ModelDevelop, task_id=get_data, execution_date=20260110T010000, start_date=20260117T131940, end_date=20260117T131941
[2026-01-17T13:19:41.263+0000] {local_task_job_runner.py:234} INFO - Task exited with return code 0
[2026-01-17T13:19:41.331+0000] {taskinstance.py:3312} INFO - 0 downstream tasks scheduled from follow-on schedule check
[2026-01-17T13:40:58.204+0000] {taskinstance.py:1979} INFO - Dependencies all met for dep_context=non-requeueable deps ti=<TaskInstance: ModelDevelop.get_data scheduled__2026-01-10T01:00:00+00:00 [queued]>
[2026-01-17T13:40:58.210+0000] {taskinstance.py:1979} INFO - Dependencies all met for dep_context=requeueable deps ti=<TaskInstance: ModelDevelop.get_data scheduled__2026-01-10T01:00:00+00:00 [queued]>
[2026-01-17T13:40:58.211+0000] {taskinstance.py:2193} INFO - Starting attempt 1 of 2
[2026-01-17T13:40:58.220+0000] {taskinstance.py:2217} INFO - Executing <Task(PythonOperator): get_data> on 2026-01-10 01:00:00+00:00
[2026-01-17T13:40:58.231+0000] {standard_task_runner.py:60} INFO - Started process 25076 to run task
[2026-01-17T13:40:58.242+0000] {standard_task_runner.py:87} INFO - Running: ['***', 'tasks', 'run', 'ModelDevelop', 'get_data', 'scheduled__2026-01-10T01:00:00+00:00', '--job-id', '377', '--raw', '--subdir', 'DAGS_FOLDER/example.py', '--cfg-path', '/tmp/tmpxfdusmg1']
[2026-01-17T13:40:58.243+0000] {standard_task_runner.py:88} INFO - Job 377: Subtask get_data
[2026-01-17T13:40:58.274+0000] {warnings.py:109} WARNING - /home/***/.local/lib/python3.9/site-packages/***/settings.py:194: DeprecationWarning: The sql_alchemy_conn option in [core] has been moved to the sql_alchemy_conn option in [database] - the old setting has been used, but please update your config.
  SQL_ALCHEMY_CONN = conf.get("database", "SQL_ALCHEMY_CONN")

[2026-01-17T13:40:58.323+0000] {task_command.py:423} INFO - Running <TaskInstance: ModelDevelop.get_data scheduled__2026-01-10T01:00:00+00:00 [running]> on host 5330652dc216
[2026-01-17T13:40:58.451+0000] {taskinstance.py:2513} INFO - Exporting env vars: AIRFLOW_CTX_DAG_OWNER='***' AIRFLOW_CTX_DAG_ID='ModelDevelop' AIRFLOW_CTX_TASK_ID='get_data' AIRFLOW_CTX_EXECUTION_DATE='2026-01-10T01:00:00+00:00' AIRFLOW_CTX_TRY_NUMBER='1' AIRFLOW_CTX_DAG_RUN_ID='scheduled__2026-01-10T01:00:00+00:00'
[2026-01-17T13:40:58.461+0000] {python.py:202} INFO - Done. Returned value was: ./iris.csv
[2026-01-17T13:40:58.480+0000] {taskinstance.py:1149} INFO - Marking task as SUCCESS. dag_id=ModelDevelop, task_id=get_data, execution_date=20260110T010000, start_date=20260117T134058, end_date=20260117T134058
[2026-01-17T13:40:58.501+0000] {local_task_job_runner.py:234} INFO - Task exited with return code 0
[2026-01-17T13:40:58.566+0000] {taskinstance.py:3312} INFO - 0 downstream tasks scheduled from follow-on schedule check
