[2026-01-16T15:00:01.040+0000] {taskinstance.py:1979} INFO - Dependencies all met for dep_context=non-requeueable deps ti=<TaskInstance: ModelDevelop.get_data scheduled__2026-01-16T14:00:00+00:00 [queued]>
[2026-01-16T15:00:01.044+0000] {taskinstance.py:1979} INFO - Dependencies all met for dep_context=requeueable deps ti=<TaskInstance: ModelDevelop.get_data scheduled__2026-01-16T14:00:00+00:00 [queued]>
[2026-01-16T15:00:01.044+0000] {taskinstance.py:2193} INFO - Starting attempt 1 of 2
[2026-01-16T15:00:01.050+0000] {taskinstance.py:2217} INFO - Executing <Task(PythonOperator): get_data> on 2026-01-16 14:00:00+00:00
[2026-01-16T15:00:01.056+0000] {standard_task_runner.py:60} INFO - Started process 47006 to run task
[2026-01-16T15:00:01.058+0000] {standard_task_runner.py:87} INFO - Running: ['***', 'tasks', 'run', 'ModelDevelop', 'get_data', 'scheduled__2026-01-16T14:00:00+00:00', '--job-id', '702', '--raw', '--subdir', 'DAGS_FOLDER/example.py', '--cfg-path', '/tmp/tmpcpzexiao']
[2026-01-16T15:00:01.059+0000] {standard_task_runner.py:88} INFO - Job 702: Subtask get_data
[2026-01-16T15:00:01.068+0000] {warnings.py:109} WARNING - /home/***/.local/lib/python3.9/site-packages/***/settings.py:194: DeprecationWarning: The sql_alchemy_conn option in [core] has been moved to the sql_alchemy_conn option in [database] - the old setting has been used, but please update your config.
  SQL_ALCHEMY_CONN = conf.get("database", "SQL_ALCHEMY_CONN")

[2026-01-16T15:00:01.089+0000] {task_command.py:423} INFO - Running <TaskInstance: ModelDevelop.get_data scheduled__2026-01-16T14:00:00+00:00 [running]> on host 8a4f043652f0
[2026-01-16T15:00:01.132+0000] {taskinstance.py:2513} INFO - Exporting env vars: AIRFLOW_CTX_DAG_OWNER='***' AIRFLOW_CTX_DAG_ID='ModelDevelop' AIRFLOW_CTX_TASK_ID='get_data' AIRFLOW_CTX_EXECUTION_DATE='2026-01-16T14:00:00+00:00' AIRFLOW_CTX_TRY_NUMBER='1' AIRFLOW_CTX_DAG_RUN_ID='scheduled__2026-01-16T14:00:00+00:00'
[2026-01-16T15:00:01.139+0000] {python.py:202} INFO - Done. Returned value was: ./iris.csv
[2026-01-16T15:00:01.151+0000] {taskinstance.py:1149} INFO - Marking task as SUCCESS. dag_id=ModelDevelop, task_id=get_data, execution_date=20260116T140000, start_date=20260116T150001, end_date=20260116T150001
[2026-01-16T15:00:01.189+0000] {local_task_job_runner.py:234} INFO - Task exited with return code 0
[2026-01-16T15:00:01.202+0000] {taskinstance.py:3312} INFO - 0 downstream tasks scheduled from follow-on schedule check
[2026-01-17T13:21:12.013+0000] {taskinstance.py:1979} INFO - Dependencies all met for dep_context=non-requeueable deps ti=<TaskInstance: ModelDevelop.get_data scheduled__2026-01-16T14:00:00+00:00 [queued]>
[2026-01-17T13:21:12.018+0000] {taskinstance.py:1979} INFO - Dependencies all met for dep_context=requeueable deps ti=<TaskInstance: ModelDevelop.get_data scheduled__2026-01-16T14:00:00+00:00 [queued]>
[2026-01-17T13:21:12.019+0000] {taskinstance.py:2193} INFO - Starting attempt 1 of 2
[2026-01-17T13:21:12.033+0000] {taskinstance.py:2217} INFO - Executing <Task(PythonOperator): get_data> on 2026-01-16 14:00:00+00:00
[2026-01-17T13:21:12.063+0000] {standard_task_runner.py:60} INFO - Started process 46009 to run task
[2026-01-17T13:21:12.086+0000] {standard_task_runner.py:87} INFO - Running: ['***', 'tasks', 'run', 'ModelDevelop', 'get_data', 'scheduled__2026-01-16T14:00:00+00:00', '--job-id', '689', '--raw', '--subdir', 'DAGS_FOLDER/example.py', '--cfg-path', '/tmp/tmp2cfm7fgs']
[2026-01-17T13:21:12.087+0000] {standard_task_runner.py:88} INFO - Job 689: Subtask get_data
[2026-01-17T13:21:12.116+0000] {warnings.py:109} WARNING - /home/***/.local/lib/python3.9/site-packages/***/settings.py:194: DeprecationWarning: The sql_alchemy_conn option in [core] has been moved to the sql_alchemy_conn option in [database] - the old setting has been used, but please update your config.
  SQL_ALCHEMY_CONN = conf.get("database", "SQL_ALCHEMY_CONN")

[2026-01-17T13:21:12.151+0000] {task_command.py:423} INFO - Running <TaskInstance: ModelDevelop.get_data scheduled__2026-01-16T14:00:00+00:00 [running]> on host ed3184b6b543
[2026-01-17T13:21:12.213+0000] {taskinstance.py:2513} INFO - Exporting env vars: AIRFLOW_CTX_DAG_OWNER='***' AIRFLOW_CTX_DAG_ID='ModelDevelop' AIRFLOW_CTX_TASK_ID='get_data' AIRFLOW_CTX_EXECUTION_DATE='2026-01-16T14:00:00+00:00' AIRFLOW_CTX_TRY_NUMBER='1' AIRFLOW_CTX_DAG_RUN_ID='scheduled__2026-01-16T14:00:00+00:00'
[2026-01-17T13:21:12.222+0000] {python.py:202} INFO - Done. Returned value was: ./iris.csv
[2026-01-17T13:21:12.243+0000] {taskinstance.py:1149} INFO - Marking task as SUCCESS. dag_id=ModelDevelop, task_id=get_data, execution_date=20260116T140000, start_date=20260117T132112, end_date=20260117T132112
[2026-01-17T13:21:12.289+0000] {local_task_job_runner.py:234} INFO - Task exited with return code 0
[2026-01-17T13:21:12.327+0000] {taskinstance.py:3312} INFO - 0 downstream tasks scheduled from follow-on schedule check
[2026-01-17T13:42:46.535+0000] {taskinstance.py:1979} INFO - Dependencies all met for dep_context=non-requeueable deps ti=<TaskInstance: ModelDevelop.get_data scheduled__2026-01-16T14:00:00+00:00 [queued]>
[2026-01-17T13:42:46.541+0000] {taskinstance.py:1979} INFO - Dependencies all met for dep_context=requeueable deps ti=<TaskInstance: ModelDevelop.get_data scheduled__2026-01-16T14:00:00+00:00 [queued]>
[2026-01-17T13:42:46.541+0000] {taskinstance.py:2193} INFO - Starting attempt 1 of 2
[2026-01-17T13:42:46.549+0000] {taskinstance.py:2217} INFO - Executing <Task(PythonOperator): get_data> on 2026-01-16 14:00:00+00:00
[2026-01-17T13:42:46.556+0000] {standard_task_runner.py:60} INFO - Started process 46412 to run task
[2026-01-17T13:42:46.558+0000] {standard_task_runner.py:87} INFO - Running: ['***', 'tasks', 'run', 'ModelDevelop', 'get_data', 'scheduled__2026-01-16T14:00:00+00:00', '--job-id', '695', '--raw', '--subdir', 'DAGS_FOLDER/example.py', '--cfg-path', '/tmp/tmp1zcf6rcd']
[2026-01-17T13:42:46.559+0000] {standard_task_runner.py:88} INFO - Job 695: Subtask get_data
[2026-01-17T13:42:46.569+0000] {warnings.py:109} WARNING - /home/***/.local/lib/python3.9/site-packages/***/settings.py:194: DeprecationWarning: The sql_alchemy_conn option in [core] has been moved to the sql_alchemy_conn option in [database] - the old setting has been used, but please update your config.
  SQL_ALCHEMY_CONN = conf.get("database", "SQL_ALCHEMY_CONN")

[2026-01-17T13:42:46.598+0000] {task_command.py:423} INFO - Running <TaskInstance: ModelDevelop.get_data scheduled__2026-01-16T14:00:00+00:00 [running]> on host 5330652dc216
[2026-01-17T13:42:46.716+0000] {taskinstance.py:2513} INFO - Exporting env vars: AIRFLOW_CTX_DAG_OWNER='***' AIRFLOW_CTX_DAG_ID='ModelDevelop' AIRFLOW_CTX_TASK_ID='get_data' AIRFLOW_CTX_EXECUTION_DATE='2026-01-16T14:00:00+00:00' AIRFLOW_CTX_TRY_NUMBER='1' AIRFLOW_CTX_DAG_RUN_ID='scheduled__2026-01-16T14:00:00+00:00'
[2026-01-17T13:42:46.724+0000] {python.py:202} INFO - Done. Returned value was: ./iris.csv
[2026-01-17T13:42:46.738+0000] {taskinstance.py:1149} INFO - Marking task as SUCCESS. dag_id=ModelDevelop, task_id=get_data, execution_date=20260116T140000, start_date=20260117T134246, end_date=20260117T134246
[2026-01-17T13:42:46.770+0000] {local_task_job_runner.py:234} INFO - Task exited with return code 0
[2026-01-17T13:42:46.789+0000] {taskinstance.py:3312} INFO - 1 downstream tasks scheduled from follow-on schedule check
