[2026-01-16T07:57:00.012+0000] {taskinstance.py:1979} INFO - Dependencies all met for dep_context=non-requeueable deps ti=<TaskInstance: ModelDevelop.get_data scheduled__2026-01-14T10:00:00+00:00 [queued]>
[2026-01-16T07:57:00.018+0000] {taskinstance.py:1979} INFO - Dependencies all met for dep_context=requeueable deps ti=<TaskInstance: ModelDevelop.get_data scheduled__2026-01-14T10:00:00+00:00 [queued]>
[2026-01-16T07:57:00.018+0000] {taskinstance.py:2193} INFO - Starting attempt 1 of 2
[2026-01-16T07:57:00.034+0000] {taskinstance.py:2217} INFO - Executing <Task(PythonOperator): get_data> on 2026-01-14 10:00:00+00:00
[2026-01-16T07:57:00.042+0000] {standard_task_runner.py:60} INFO - Started process 39307 to run task
[2026-01-16T07:57:00.050+0000] {standard_task_runner.py:87} INFO - Running: ['***', 'tasks', 'run', 'ModelDevelop', 'get_data', 'scheduled__2026-01-14T10:00:00+00:00', '--job-id', '588', '--raw', '--subdir', 'DAGS_FOLDER/example.py', '--cfg-path', '/tmp/tmpxsbg8z12']
[2026-01-16T07:57:00.051+0000] {standard_task_runner.py:88} INFO - Job 588: Subtask get_data
[2026-01-16T07:57:00.084+0000] {warnings.py:109} WARNING - /home/***/.local/lib/python3.9/site-packages/***/settings.py:194: DeprecationWarning: The sql_alchemy_conn option in [core] has been moved to the sql_alchemy_conn option in [database] - the old setting has been used, but please update your config.
  SQL_ALCHEMY_CONN = conf.get("database", "SQL_ALCHEMY_CONN")

[2026-01-16T07:57:00.125+0000] {task_command.py:423} INFO - Running <TaskInstance: ModelDevelop.get_data scheduled__2026-01-14T10:00:00+00:00 [running]> on host 8a4f043652f0
[2026-01-16T07:57:00.238+0000] {taskinstance.py:2513} INFO - Exporting env vars: AIRFLOW_CTX_DAG_OWNER='***' AIRFLOW_CTX_DAG_ID='ModelDevelop' AIRFLOW_CTX_TASK_ID='get_data' AIRFLOW_CTX_EXECUTION_DATE='2026-01-14T10:00:00+00:00' AIRFLOW_CTX_TRY_NUMBER='1' AIRFLOW_CTX_DAG_RUN_ID='scheduled__2026-01-14T10:00:00+00:00'
[2026-01-16T07:57:00.263+0000] {python.py:202} INFO - Done. Returned value was: ./iris.csv
[2026-01-16T07:57:00.282+0000] {taskinstance.py:1149} INFO - Marking task as SUCCESS. dag_id=ModelDevelop, task_id=get_data, execution_date=20260114T100000, start_date=20260116T075700, end_date=20260116T075700
[2026-01-16T07:57:00.344+0000] {local_task_job_runner.py:234} INFO - Task exited with return code 0
[2026-01-16T07:57:00.360+0000] {taskinstance.py:3312} INFO - 1 downstream tasks scheduled from follow-on schedule check
[2026-01-17T13:20:41.022+0000] {taskinstance.py:1979} INFO - Dependencies all met for dep_context=non-requeueable deps ti=<TaskInstance: ModelDevelop.get_data scheduled__2026-01-14T10:00:00+00:00 [queued]>
[2026-01-17T13:20:41.029+0000] {taskinstance.py:1979} INFO - Dependencies all met for dep_context=requeueable deps ti=<TaskInstance: ModelDevelop.get_data scheduled__2026-01-14T10:00:00+00:00 [queued]>
[2026-01-17T13:20:41.029+0000] {taskinstance.py:2193} INFO - Starting attempt 1 of 2
[2026-01-17T13:20:41.042+0000] {taskinstance.py:2217} INFO - Executing <Task(PythonOperator): get_data> on 2026-01-14 10:00:00+00:00
[2026-01-17T13:20:41.050+0000] {standard_task_runner.py:60} INFO - Started process 39379 to run task
[2026-01-17T13:20:41.062+0000] {standard_task_runner.py:87} INFO - Running: ['***', 'tasks', 'run', 'ModelDevelop', 'get_data', 'scheduled__2026-01-14T10:00:00+00:00', '--job-id', '589', '--raw', '--subdir', 'DAGS_FOLDER/example.py', '--cfg-path', '/tmp/tmp3kfmelw5']
[2026-01-17T13:20:41.063+0000] {standard_task_runner.py:88} INFO - Job 589: Subtask get_data
[2026-01-17T13:20:41.117+0000] {warnings.py:109} WARNING - /home/***/.local/lib/python3.9/site-packages/***/settings.py:194: DeprecationWarning: The sql_alchemy_conn option in [core] has been moved to the sql_alchemy_conn option in [database] - the old setting has been used, but please update your config.
  SQL_ALCHEMY_CONN = conf.get("database", "SQL_ALCHEMY_CONN")

[2026-01-17T13:20:41.147+0000] {task_command.py:423} INFO - Running <TaskInstance: ModelDevelop.get_data scheduled__2026-01-14T10:00:00+00:00 [running]> on host ed3184b6b543
[2026-01-17T13:20:41.249+0000] {taskinstance.py:2513} INFO - Exporting env vars: AIRFLOW_CTX_DAG_OWNER='***' AIRFLOW_CTX_DAG_ID='ModelDevelop' AIRFLOW_CTX_TASK_ID='get_data' AIRFLOW_CTX_EXECUTION_DATE='2026-01-14T10:00:00+00:00' AIRFLOW_CTX_TRY_NUMBER='1' AIRFLOW_CTX_DAG_RUN_ID='scheduled__2026-01-14T10:00:00+00:00'
[2026-01-17T13:20:41.259+0000] {python.py:202} INFO - Done. Returned value was: ./iris.csv
[2026-01-17T13:20:41.324+0000] {taskinstance.py:1149} INFO - Marking task as SUCCESS. dag_id=ModelDevelop, task_id=get_data, execution_date=20260114T100000, start_date=20260117T132041, end_date=20260117T132041
[2026-01-17T13:20:41.367+0000] {local_task_job_runner.py:234} INFO - Task exited with return code 0
[2026-01-17T13:20:41.390+0000] {taskinstance.py:3312} INFO - 1 downstream tasks scheduled from follow-on schedule check
[2026-01-17T13:42:17.623+0000] {taskinstance.py:1979} INFO - Dependencies all met for dep_context=non-requeueable deps ti=<TaskInstance: ModelDevelop.get_data scheduled__2026-01-14T10:00:00+00:00 [queued]>
[2026-01-17T13:42:17.630+0000] {taskinstance.py:1979} INFO - Dependencies all met for dep_context=requeueable deps ti=<TaskInstance: ModelDevelop.get_data scheduled__2026-01-14T10:00:00+00:00 [queued]>
[2026-01-17T13:42:17.630+0000] {taskinstance.py:2193} INFO - Starting attempt 1 of 2
[2026-01-17T13:42:17.640+0000] {taskinstance.py:2217} INFO - Executing <Task(PythonOperator): get_data> on 2026-01-14 10:00:00+00:00
[2026-01-17T13:42:17.646+0000] {standard_task_runner.py:60} INFO - Started process 39943 to run task
[2026-01-17T13:42:17.649+0000] {standard_task_runner.py:87} INFO - Running: ['***', 'tasks', 'run', 'ModelDevelop', 'get_data', 'scheduled__2026-01-14T10:00:00+00:00', '--job-id', '594', '--raw', '--subdir', 'DAGS_FOLDER/example.py', '--cfg-path', '/tmp/tmpc5xebkbx']
[2026-01-17T13:42:17.649+0000] {standard_task_runner.py:88} INFO - Job 594: Subtask get_data
[2026-01-17T13:42:17.658+0000] {warnings.py:109} WARNING - /home/***/.local/lib/python3.9/site-packages/***/settings.py:194: DeprecationWarning: The sql_alchemy_conn option in [core] has been moved to the sql_alchemy_conn option in [database] - the old setting has been used, but please update your config.
  SQL_ALCHEMY_CONN = conf.get("database", "SQL_ALCHEMY_CONN")

[2026-01-17T13:42:17.687+0000] {task_command.py:423} INFO - Running <TaskInstance: ModelDevelop.get_data scheduled__2026-01-14T10:00:00+00:00 [running]> on host 5330652dc216
[2026-01-17T13:42:17.793+0000] {taskinstance.py:2513} INFO - Exporting env vars: AIRFLOW_CTX_DAG_OWNER='***' AIRFLOW_CTX_DAG_ID='ModelDevelop' AIRFLOW_CTX_TASK_ID='get_data' AIRFLOW_CTX_EXECUTION_DATE='2026-01-14T10:00:00+00:00' AIRFLOW_CTX_TRY_NUMBER='1' AIRFLOW_CTX_DAG_RUN_ID='scheduled__2026-01-14T10:00:00+00:00'
[2026-01-17T13:42:17.803+0000] {python.py:202} INFO - Done. Returned value was: ./iris.csv
[2026-01-17T13:42:17.830+0000] {taskinstance.py:1149} INFO - Marking task as SUCCESS. dag_id=ModelDevelop, task_id=get_data, execution_date=20260114T100000, start_date=20260117T134217, end_date=20260117T134217
[2026-01-17T13:42:17.861+0000] {local_task_job_runner.py:234} INFO - Task exited with return code 0
[2026-01-17T13:42:17.883+0000] {taskinstance.py:3312} INFO - 1 downstream tasks scheduled from follow-on schedule check
