[2026-01-16T07:56:27.456+0000] {taskinstance.py:1979} INFO - Dependencies all met for dep_context=non-requeueable deps ti=<TaskInstance: ModelDevelop.get_data scheduled__2026-01-12T05:00:00+00:00 [queued]>
[2026-01-16T07:56:27.464+0000] {taskinstance.py:1979} INFO - Dependencies all met for dep_context=requeueable deps ti=<TaskInstance: ModelDevelop.get_data scheduled__2026-01-12T05:00:00+00:00 [queued]>
[2026-01-16T07:56:27.464+0000] {taskinstance.py:2193} INFO - Starting attempt 1 of 2
[2026-01-16T07:56:27.474+0000] {taskinstance.py:2217} INFO - Executing <Task(PythonOperator): get_data> on 2026-01-12 05:00:00+00:00
[2026-01-16T07:56:27.483+0000] {standard_task_runner.py:60} INFO - Started process 32675 to run task
[2026-01-16T07:56:27.485+0000] {standard_task_runner.py:87} INFO - Running: ['***', 'tasks', 'run', 'ModelDevelop', 'get_data', 'scheduled__2026-01-12T05:00:00+00:00', '--job-id', '487', '--raw', '--subdir', 'DAGS_FOLDER/example.py', '--cfg-path', '/tmp/tmp5zlj18cc']
[2026-01-16T07:56:27.486+0000] {standard_task_runner.py:88} INFO - Job 487: Subtask get_data
[2026-01-16T07:56:27.506+0000] {warnings.py:109} WARNING - /home/***/.local/lib/python3.9/site-packages/***/settings.py:194: DeprecationWarning: The sql_alchemy_conn option in [core] has been moved to the sql_alchemy_conn option in [database] - the old setting has been used, but please update your config.
  SQL_ALCHEMY_CONN = conf.get("database", "SQL_ALCHEMY_CONN")

[2026-01-16T07:56:27.573+0000] {task_command.py:423} INFO - Running <TaskInstance: ModelDevelop.get_data scheduled__2026-01-12T05:00:00+00:00 [running]> on host 8a4f043652f0
[2026-01-16T07:56:27.642+0000] {taskinstance.py:2513} INFO - Exporting env vars: AIRFLOW_CTX_DAG_OWNER='***' AIRFLOW_CTX_DAG_ID='ModelDevelop' AIRFLOW_CTX_TASK_ID='get_data' AIRFLOW_CTX_EXECUTION_DATE='2026-01-12T05:00:00+00:00' AIRFLOW_CTX_TRY_NUMBER='1' AIRFLOW_CTX_DAG_RUN_ID='scheduled__2026-01-12T05:00:00+00:00'
[2026-01-16T07:56:27.654+0000] {python.py:202} INFO - Done. Returned value was: ./iris.csv
[2026-01-16T07:56:27.685+0000] {taskinstance.py:1149} INFO - Marking task as SUCCESS. dag_id=ModelDevelop, task_id=get_data, execution_date=20260112T050000, start_date=20260116T075627, end_date=20260116T075627
[2026-01-16T07:56:27.739+0000] {local_task_job_runner.py:234} INFO - Task exited with return code 0
[2026-01-16T07:56:27.755+0000] {taskinstance.py:3312} INFO - 1 downstream tasks scheduled from follow-on schedule check
[2026-01-17T13:20:11.996+0000] {taskinstance.py:1979} INFO - Dependencies all met for dep_context=non-requeueable deps ti=<TaskInstance: ModelDevelop.get_data scheduled__2026-01-12T05:00:00+00:00 [queued]>
[2026-01-17T13:20:12.002+0000] {taskinstance.py:1979} INFO - Dependencies all met for dep_context=requeueable deps ti=<TaskInstance: ModelDevelop.get_data scheduled__2026-01-12T05:00:00+00:00 [queued]>
[2026-01-17T13:20:12.002+0000] {taskinstance.py:2193} INFO - Starting attempt 1 of 2
[2026-01-17T13:20:12.010+0000] {taskinstance.py:2217} INFO - Executing <Task(PythonOperator): get_data> on 2026-01-12 05:00:00+00:00
[2026-01-17T13:20:12.018+0000] {standard_task_runner.py:60} INFO - Started process 32774 to run task
[2026-01-17T13:20:12.021+0000] {standard_task_runner.py:87} INFO - Running: ['***', 'tasks', 'run', 'ModelDevelop', 'get_data', 'scheduled__2026-01-12T05:00:00+00:00', '--job-id', '488', '--raw', '--subdir', 'DAGS_FOLDER/example.py', '--cfg-path', '/tmp/tmpj1n9qq34']
[2026-01-17T13:20:12.021+0000] {standard_task_runner.py:88} INFO - Job 488: Subtask get_data
[2026-01-17T13:20:12.031+0000] {warnings.py:109} WARNING - /home/***/.local/lib/python3.9/site-packages/***/settings.py:194: DeprecationWarning: The sql_alchemy_conn option in [core] has been moved to the sql_alchemy_conn option in [database] - the old setting has been used, but please update your config.
  SQL_ALCHEMY_CONN = conf.get("database", "SQL_ALCHEMY_CONN")

[2026-01-17T13:20:12.096+0000] {task_command.py:423} INFO - Running <TaskInstance: ModelDevelop.get_data scheduled__2026-01-12T05:00:00+00:00 [running]> on host ed3184b6b543
[2026-01-17T13:20:12.213+0000] {taskinstance.py:2513} INFO - Exporting env vars: AIRFLOW_CTX_DAG_OWNER='***' AIRFLOW_CTX_DAG_ID='ModelDevelop' AIRFLOW_CTX_TASK_ID='get_data' AIRFLOW_CTX_EXECUTION_DATE='2026-01-12T05:00:00+00:00' AIRFLOW_CTX_TRY_NUMBER='1' AIRFLOW_CTX_DAG_RUN_ID='scheduled__2026-01-12T05:00:00+00:00'
[2026-01-17T13:20:12.223+0000] {python.py:202} INFO - Done. Returned value was: ./iris.csv
[2026-01-17T13:20:12.240+0000] {taskinstance.py:1149} INFO - Marking task as SUCCESS. dag_id=ModelDevelop, task_id=get_data, execution_date=20260112T050000, start_date=20260117T132011, end_date=20260117T132012
[2026-01-17T13:20:12.273+0000] {local_task_job_runner.py:234} INFO - Task exited with return code 0
[2026-01-17T13:20:12.345+0000] {taskinstance.py:3312} INFO - 0 downstream tasks scheduled from follow-on schedule check
[2026-01-17T13:41:33.535+0000] {taskinstance.py:1979} INFO - Dependencies all met for dep_context=non-requeueable deps ti=<TaskInstance: ModelDevelop.get_data scheduled__2026-01-12T05:00:00+00:00 [queued]>
[2026-01-17T13:41:33.539+0000] {taskinstance.py:1979} INFO - Dependencies all met for dep_context=requeueable deps ti=<TaskInstance: ModelDevelop.get_data scheduled__2026-01-12T05:00:00+00:00 [queued]>
[2026-01-17T13:41:33.539+0000] {taskinstance.py:2193} INFO - Starting attempt 1 of 2
[2026-01-17T13:41:33.546+0000] {taskinstance.py:2217} INFO - Executing <Task(PythonOperator): get_data> on 2026-01-12 05:00:00+00:00
[2026-01-17T13:41:33.552+0000] {standard_task_runner.py:60} INFO - Started process 31636 to run task
[2026-01-17T13:41:33.554+0000] {standard_task_runner.py:87} INFO - Running: ['***', 'tasks', 'run', 'ModelDevelop', 'get_data', 'scheduled__2026-01-12T05:00:00+00:00', '--job-id', '478', '--raw', '--subdir', 'DAGS_FOLDER/example.py', '--cfg-path', '/tmp/tmp3y3upm61']
[2026-01-17T13:41:33.555+0000] {standard_task_runner.py:88} INFO - Job 478: Subtask get_data
[2026-01-17T13:41:33.563+0000] {warnings.py:109} WARNING - /home/***/.local/lib/python3.9/site-packages/***/settings.py:194: DeprecationWarning: The sql_alchemy_conn option in [core] has been moved to the sql_alchemy_conn option in [database] - the old setting has been used, but please update your config.
  SQL_ALCHEMY_CONN = conf.get("database", "SQL_ALCHEMY_CONN")

[2026-01-17T13:41:33.587+0000] {task_command.py:423} INFO - Running <TaskInstance: ModelDevelop.get_data scheduled__2026-01-12T05:00:00+00:00 [running]> on host 5330652dc216
[2026-01-17T13:41:33.633+0000] {taskinstance.py:2513} INFO - Exporting env vars: AIRFLOW_CTX_DAG_OWNER='***' AIRFLOW_CTX_DAG_ID='ModelDevelop' AIRFLOW_CTX_TASK_ID='get_data' AIRFLOW_CTX_EXECUTION_DATE='2026-01-12T05:00:00+00:00' AIRFLOW_CTX_TRY_NUMBER='1' AIRFLOW_CTX_DAG_RUN_ID='scheduled__2026-01-12T05:00:00+00:00'
[2026-01-17T13:41:33.641+0000] {python.py:202} INFO - Done. Returned value was: ./iris.csv
[2026-01-17T13:41:33.655+0000] {taskinstance.py:1149} INFO - Marking task as SUCCESS. dag_id=ModelDevelop, task_id=get_data, execution_date=20260112T050000, start_date=20260117T134133, end_date=20260117T134133
[2026-01-17T13:41:33.686+0000] {local_task_job_runner.py:234} INFO - Task exited with return code 0
[2026-01-17T13:41:33.701+0000] {taskinstance.py:3312} INFO - 1 downstream tasks scheduled from follow-on schedule check
