[2026-01-16T07:56:38.827+0000] {taskinstance.py:1979} INFO - Dependencies all met for dep_context=non-requeueable deps ti=<TaskInstance: ModelDevelop.get_data scheduled__2026-01-13T07:00:00+00:00 [queued]>
[2026-01-16T07:56:38.832+0000] {taskinstance.py:1979} INFO - Dependencies all met for dep_context=requeueable deps ti=<TaskInstance: ModelDevelop.get_data scheduled__2026-01-13T07:00:00+00:00 [queued]>
[2026-01-16T07:56:38.832+0000] {taskinstance.py:2193} INFO - Starting attempt 1 of 2
[2026-01-16T07:56:38.839+0000] {taskinstance.py:2217} INFO - Executing <Task(PythonOperator): get_data> on 2026-01-13 07:00:00+00:00
[2026-01-16T07:56:38.845+0000] {standard_task_runner.py:60} INFO - Started process 35286 to run task
[2026-01-16T07:56:38.847+0000] {standard_task_runner.py:87} INFO - Running: ['***', 'tasks', 'run', 'ModelDevelop', 'get_data', 'scheduled__2026-01-13T07:00:00+00:00', '--job-id', '530', '--raw', '--subdir', 'DAGS_FOLDER/example.py', '--cfg-path', '/tmp/tmprcowpajm']
[2026-01-16T07:56:38.848+0000] {standard_task_runner.py:88} INFO - Job 530: Subtask get_data
[2026-01-16T07:56:38.858+0000] {warnings.py:109} WARNING - /home/***/.local/lib/python3.9/site-packages/***/settings.py:194: DeprecationWarning: The sql_alchemy_conn option in [core] has been moved to the sql_alchemy_conn option in [database] - the old setting has been used, but please update your config.
  SQL_ALCHEMY_CONN = conf.get("database", "SQL_ALCHEMY_CONN")

[2026-01-16T07:56:38.884+0000] {task_command.py:423} INFO - Running <TaskInstance: ModelDevelop.get_data scheduled__2026-01-13T07:00:00+00:00 [running]> on host 8a4f043652f0
[2026-01-16T07:56:38.935+0000] {taskinstance.py:2513} INFO - Exporting env vars: AIRFLOW_CTX_DAG_OWNER='***' AIRFLOW_CTX_DAG_ID='ModelDevelop' AIRFLOW_CTX_TASK_ID='get_data' AIRFLOW_CTX_EXECUTION_DATE='2026-01-13T07:00:00+00:00' AIRFLOW_CTX_TRY_NUMBER='1' AIRFLOW_CTX_DAG_RUN_ID='scheduled__2026-01-13T07:00:00+00:00'
[2026-01-16T07:56:38.943+0000] {python.py:202} INFO - Done. Returned value was: ./iris.csv
[2026-01-16T07:56:38.958+0000] {taskinstance.py:1149} INFO - Marking task as SUCCESS. dag_id=ModelDevelop, task_id=get_data, execution_date=20260113T070000, start_date=20260116T075638, end_date=20260116T075638
[2026-01-16T07:56:38.979+0000] {local_task_job_runner.py:234} INFO - Task exited with return code 0
[2026-01-16T07:56:39.004+0000] {taskinstance.py:3312} INFO - 1 downstream tasks scheduled from follow-on schedule check
[2026-01-17T13:20:23.567+0000] {taskinstance.py:1979} INFO - Dependencies all met for dep_context=non-requeueable deps ti=<TaskInstance: ModelDevelop.get_data scheduled__2026-01-13T07:00:00+00:00 [queued]>
[2026-01-17T13:20:23.573+0000] {taskinstance.py:1979} INFO - Dependencies all met for dep_context=requeueable deps ti=<TaskInstance: ModelDevelop.get_data scheduled__2026-01-13T07:00:00+00:00 [queued]>
[2026-01-17T13:20:23.574+0000] {taskinstance.py:2193} INFO - Starting attempt 1 of 2
[2026-01-17T13:20:23.582+0000] {taskinstance.py:2217} INFO - Executing <Task(PythonOperator): get_data> on 2026-01-13 07:00:00+00:00
[2026-01-17T13:20:23.588+0000] {standard_task_runner.py:60} INFO - Started process 35323 to run task
[2026-01-17T13:20:23.590+0000] {standard_task_runner.py:87} INFO - Running: ['***', 'tasks', 'run', 'ModelDevelop', 'get_data', 'scheduled__2026-01-13T07:00:00+00:00', '--job-id', '530', '--raw', '--subdir', 'DAGS_FOLDER/example.py', '--cfg-path', '/tmp/tmpxkrivofx']
[2026-01-17T13:20:23.591+0000] {standard_task_runner.py:88} INFO - Job 530: Subtask get_data
[2026-01-17T13:20:23.601+0000] {warnings.py:109} WARNING - /home/***/.local/lib/python3.9/site-packages/***/settings.py:194: DeprecationWarning: The sql_alchemy_conn option in [core] has been moved to the sql_alchemy_conn option in [database] - the old setting has been used, but please update your config.
  SQL_ALCHEMY_CONN = conf.get("database", "SQL_ALCHEMY_CONN")

[2026-01-17T13:20:23.633+0000] {task_command.py:423} INFO - Running <TaskInstance: ModelDevelop.get_data scheduled__2026-01-13T07:00:00+00:00 [running]> on host ed3184b6b543
[2026-01-17T13:20:23.731+0000] {taskinstance.py:2513} INFO - Exporting env vars: AIRFLOW_CTX_DAG_OWNER='***' AIRFLOW_CTX_DAG_ID='ModelDevelop' AIRFLOW_CTX_TASK_ID='get_data' AIRFLOW_CTX_EXECUTION_DATE='2026-01-13T07:00:00+00:00' AIRFLOW_CTX_TRY_NUMBER='1' AIRFLOW_CTX_DAG_RUN_ID='scheduled__2026-01-13T07:00:00+00:00'
[2026-01-17T13:20:23.740+0000] {python.py:202} INFO - Done. Returned value was: ./iris.csv
[2026-01-17T13:20:23.777+0000] {taskinstance.py:1149} INFO - Marking task as SUCCESS. dag_id=ModelDevelop, task_id=get_data, execution_date=20260113T070000, start_date=20260117T132023, end_date=20260117T132023
[2026-01-17T13:20:23.842+0000] {local_task_job_runner.py:234} INFO - Task exited with return code 0
[2026-01-17T13:20:23.887+0000] {taskinstance.py:3312} INFO - 0 downstream tasks scheduled from follow-on schedule check
[2026-01-17T13:41:55.947+0000] {taskinstance.py:1979} INFO - Dependencies all met for dep_context=non-requeueable deps ti=<TaskInstance: ModelDevelop.get_data scheduled__2026-01-13T07:00:00+00:00 [queued]>
[2026-01-17T13:41:55.952+0000] {taskinstance.py:1979} INFO - Dependencies all met for dep_context=requeueable deps ti=<TaskInstance: ModelDevelop.get_data scheduled__2026-01-13T07:00:00+00:00 [queued]>
[2026-01-17T13:41:55.952+0000] {taskinstance.py:2193} INFO - Starting attempt 1 of 2
[2026-01-17T13:41:55.971+0000] {taskinstance.py:2217} INFO - Executing <Task(PythonOperator): get_data> on 2026-01-13 07:00:00+00:00
[2026-01-17T13:41:55.982+0000] {standard_task_runner.py:60} INFO - Started process 35758 to run task
[2026-01-17T13:41:55.994+0000] {standard_task_runner.py:87} INFO - Running: ['***', 'tasks', 'run', 'ModelDevelop', 'get_data', 'scheduled__2026-01-13T07:00:00+00:00', '--job-id', '535', '--raw', '--subdir', 'DAGS_FOLDER/example.py', '--cfg-path', '/tmp/tmp8d2sf0i2']
[2026-01-17T13:41:55.995+0000] {standard_task_runner.py:88} INFO - Job 535: Subtask get_data
[2026-01-17T13:41:56.022+0000] {warnings.py:109} WARNING - /home/***/.local/lib/python3.9/site-packages/***/settings.py:194: DeprecationWarning: The sql_alchemy_conn option in [core] has been moved to the sql_alchemy_conn option in [database] - the old setting has been used, but please update your config.
  SQL_ALCHEMY_CONN = conf.get("database", "SQL_ALCHEMY_CONN")

[2026-01-17T13:41:56.059+0000] {task_command.py:423} INFO - Running <TaskInstance: ModelDevelop.get_data scheduled__2026-01-13T07:00:00+00:00 [running]> on host 5330652dc216
[2026-01-17T13:41:56.176+0000] {taskinstance.py:2513} INFO - Exporting env vars: AIRFLOW_CTX_DAG_OWNER='***' AIRFLOW_CTX_DAG_ID='ModelDevelop' AIRFLOW_CTX_TASK_ID='get_data' AIRFLOW_CTX_EXECUTION_DATE='2026-01-13T07:00:00+00:00' AIRFLOW_CTX_TRY_NUMBER='1' AIRFLOW_CTX_DAG_RUN_ID='scheduled__2026-01-13T07:00:00+00:00'
[2026-01-17T13:41:56.187+0000] {python.py:202} INFO - Done. Returned value was: ./iris.csv
[2026-01-17T13:41:56.221+0000] {taskinstance.py:1149} INFO - Marking task as SUCCESS. dag_id=ModelDevelop, task_id=get_data, execution_date=20260113T070000, start_date=20260117T134155, end_date=20260117T134156
[2026-01-17T13:41:56.242+0000] {local_task_job_runner.py:234} INFO - Task exited with return code 0
[2026-01-17T13:41:56.291+0000] {taskinstance.py:3312} INFO - 0 downstream tasks scheduled from follow-on schedule check
