[2026-01-16T07:57:19.520+0000] {taskinstance.py:1979} INFO - Dependencies all met for dep_context=non-requeueable deps ti=<TaskInstance: ModelDevelop.get_data scheduled__2026-01-15T13:00:00+00:00 [queued]>
[2026-01-16T07:57:19.527+0000] {taskinstance.py:1979} INFO - Dependencies all met for dep_context=requeueable deps ti=<TaskInstance: ModelDevelop.get_data scheduled__2026-01-15T13:00:00+00:00 [queued]>
[2026-01-16T07:57:19.527+0000] {taskinstance.py:2193} INFO - Starting attempt 1 of 2
[2026-01-16T07:57:19.538+0000] {taskinstance.py:2217} INFO - Executing <Task(PythonOperator): get_data> on 2026-01-15 13:00:00+00:00
[2026-01-16T07:57:19.546+0000] {standard_task_runner.py:60} INFO - Started process 43426 to run task
[2026-01-16T07:57:19.548+0000] {standard_task_runner.py:87} INFO - Running: ['***', 'tasks', 'run', 'ModelDevelop', 'get_data', 'scheduled__2026-01-15T13:00:00+00:00', '--job-id', '647', '--raw', '--subdir', 'DAGS_FOLDER/example.py', '--cfg-path', '/tmp/tmp_naxzoxe']
[2026-01-16T07:57:19.549+0000] {standard_task_runner.py:88} INFO - Job 647: Subtask get_data
[2026-01-16T07:57:19.558+0000] {warnings.py:109} WARNING - /home/***/.local/lib/python3.9/site-packages/***/settings.py:194: DeprecationWarning: The sql_alchemy_conn option in [core] has been moved to the sql_alchemy_conn option in [database] - the old setting has been used, but please update your config.
  SQL_ALCHEMY_CONN = conf.get("database", "SQL_ALCHEMY_CONN")

[2026-01-16T07:57:19.590+0000] {task_command.py:423} INFO - Running <TaskInstance: ModelDevelop.get_data scheduled__2026-01-15T13:00:00+00:00 [running]> on host 8a4f043652f0
[2026-01-16T07:57:19.688+0000] {taskinstance.py:2513} INFO - Exporting env vars: AIRFLOW_CTX_DAG_OWNER='***' AIRFLOW_CTX_DAG_ID='ModelDevelop' AIRFLOW_CTX_TASK_ID='get_data' AIRFLOW_CTX_EXECUTION_DATE='2026-01-15T13:00:00+00:00' AIRFLOW_CTX_TRY_NUMBER='1' AIRFLOW_CTX_DAG_RUN_ID='scheduled__2026-01-15T13:00:00+00:00'
[2026-01-16T07:57:19.700+0000] {python.py:202} INFO - Done. Returned value was: ./iris.csv
[2026-01-16T07:57:19.772+0000] {taskinstance.py:1149} INFO - Marking task as SUCCESS. dag_id=ModelDevelop, task_id=get_data, execution_date=20260115T130000, start_date=20260116T075719, end_date=20260116T075719
[2026-01-16T07:57:19.802+0000] {local_task_job_runner.py:234} INFO - Task exited with return code 0
[2026-01-16T07:57:19.821+0000] {taskinstance.py:3312} INFO - 1 downstream tasks scheduled from follow-on schedule check
[2026-01-17T13:21:00.778+0000] {taskinstance.py:1979} INFO - Dependencies all met for dep_context=non-requeueable deps ti=<TaskInstance: ModelDevelop.get_data scheduled__2026-01-15T13:00:00+00:00 [queued]>
[2026-01-17T13:21:00.796+0000] {taskinstance.py:1979} INFO - Dependencies all met for dep_context=requeueable deps ti=<TaskInstance: ModelDevelop.get_data scheduled__2026-01-15T13:00:00+00:00 [queued]>
[2026-01-17T13:21:00.796+0000] {taskinstance.py:2193} INFO - Starting attempt 1 of 2
[2026-01-17T13:21:00.824+0000] {taskinstance.py:2217} INFO - Executing <Task(PythonOperator): get_data> on 2026-01-15 13:00:00+00:00
[2026-01-17T13:21:00.834+0000] {standard_task_runner.py:60} INFO - Started process 43492 to run task
[2026-01-17T13:21:00.846+0000] {standard_task_runner.py:87} INFO - Running: ['***', 'tasks', 'run', 'ModelDevelop', 'get_data', 'scheduled__2026-01-15T13:00:00+00:00', '--job-id', '648', '--raw', '--subdir', 'DAGS_FOLDER/example.py', '--cfg-path', '/tmp/tmpn6kat71n']
[2026-01-17T13:21:00.847+0000] {standard_task_runner.py:88} INFO - Job 648: Subtask get_data
[2026-01-17T13:21:00.858+0000] {warnings.py:109} WARNING - /home/***/.local/lib/python3.9/site-packages/***/settings.py:194: DeprecationWarning: The sql_alchemy_conn option in [core] has been moved to the sql_alchemy_conn option in [database] - the old setting has been used, but please update your config.
  SQL_ALCHEMY_CONN = conf.get("database", "SQL_ALCHEMY_CONN")

[2026-01-17T13:21:00.886+0000] {task_command.py:423} INFO - Running <TaskInstance: ModelDevelop.get_data scheduled__2026-01-15T13:00:00+00:00 [running]> on host ed3184b6b543
[2026-01-17T13:21:00.974+0000] {taskinstance.py:2513} INFO - Exporting env vars: AIRFLOW_CTX_DAG_OWNER='***' AIRFLOW_CTX_DAG_ID='ModelDevelop' AIRFLOW_CTX_TASK_ID='get_data' AIRFLOW_CTX_EXECUTION_DATE='2026-01-15T13:00:00+00:00' AIRFLOW_CTX_TRY_NUMBER='1' AIRFLOW_CTX_DAG_RUN_ID='scheduled__2026-01-15T13:00:00+00:00'
[2026-01-17T13:21:00.986+0000] {python.py:202} INFO - Done. Returned value was: ./iris.csv
[2026-01-17T13:21:01.003+0000] {taskinstance.py:1149} INFO - Marking task as SUCCESS. dag_id=ModelDevelop, task_id=get_data, execution_date=20260115T130000, start_date=20260117T132100, end_date=20260117T132101
[2026-01-17T13:21:01.050+0000] {local_task_job_runner.py:234} INFO - Task exited with return code 0
[2026-01-17T13:21:01.088+0000] {taskinstance.py:3312} INFO - 1 downstream tasks scheduled from follow-on schedule check
[2026-01-17T13:42:28.602+0000] {taskinstance.py:1979} INFO - Dependencies all met for dep_context=non-requeueable deps ti=<TaskInstance: ModelDevelop.get_data scheduled__2026-01-15T13:00:00+00:00 [queued]>
[2026-01-17T13:42:28.608+0000] {taskinstance.py:1979} INFO - Dependencies all met for dep_context=requeueable deps ti=<TaskInstance: ModelDevelop.get_data scheduled__2026-01-15T13:00:00+00:00 [queued]>
[2026-01-17T13:42:28.608+0000] {taskinstance.py:2193} INFO - Starting attempt 1 of 2
[2026-01-17T13:42:28.617+0000] {taskinstance.py:2217} INFO - Executing <Task(PythonOperator): get_data> on 2026-01-15 13:00:00+00:00
[2026-01-17T13:42:28.623+0000] {standard_task_runner.py:60} INFO - Started process 42493 to run task
[2026-01-17T13:42:28.626+0000] {standard_task_runner.py:87} INFO - Running: ['***', 'tasks', 'run', 'ModelDevelop', 'get_data', 'scheduled__2026-01-15T13:00:00+00:00', '--job-id', '639', '--raw', '--subdir', 'DAGS_FOLDER/example.py', '--cfg-path', '/tmp/tmp63_4s0g9']
[2026-01-17T13:42:28.626+0000] {standard_task_runner.py:88} INFO - Job 639: Subtask get_data
[2026-01-17T13:42:28.637+0000] {warnings.py:109} WARNING - /home/***/.local/lib/python3.9/site-packages/***/settings.py:194: DeprecationWarning: The sql_alchemy_conn option in [core] has been moved to the sql_alchemy_conn option in [database] - the old setting has been used, but please update your config.
  SQL_ALCHEMY_CONN = conf.get("database", "SQL_ALCHEMY_CONN")

[2026-01-17T13:42:28.663+0000] {task_command.py:423} INFO - Running <TaskInstance: ModelDevelop.get_data scheduled__2026-01-15T13:00:00+00:00 [running]> on host 5330652dc216
[2026-01-17T13:42:28.719+0000] {taskinstance.py:2513} INFO - Exporting env vars: AIRFLOW_CTX_DAG_OWNER='***' AIRFLOW_CTX_DAG_ID='ModelDevelop' AIRFLOW_CTX_TASK_ID='get_data' AIRFLOW_CTX_EXECUTION_DATE='2026-01-15T13:00:00+00:00' AIRFLOW_CTX_TRY_NUMBER='1' AIRFLOW_CTX_DAG_RUN_ID='scheduled__2026-01-15T13:00:00+00:00'
[2026-01-17T13:42:28.730+0000] {python.py:202} INFO - Done. Returned value was: ./iris.csv
[2026-01-17T13:42:28.785+0000] {taskinstance.py:1149} INFO - Marking task as SUCCESS. dag_id=ModelDevelop, task_id=get_data, execution_date=20260115T130000, start_date=20260117T134228, end_date=20260117T134228
[2026-01-17T13:42:28.841+0000] {local_task_job_runner.py:234} INFO - Task exited with return code 0
[2026-01-17T13:42:28.857+0000] {taskinstance.py:3312} INFO - 1 downstream tasks scheduled from follow-on schedule check
