[2026-01-16T07:57:30.025+0000] {taskinstance.py:1979} INFO - Dependencies all met for dep_context=non-requeueable deps ti=<TaskInstance: ModelDevelop.get_data scheduled__2026-01-16T06:00:00+00:00 [queued]>
[2026-01-16T07:57:30.030+0000] {taskinstance.py:1979} INFO - Dependencies all met for dep_context=requeueable deps ti=<TaskInstance: ModelDevelop.get_data scheduled__2026-01-16T06:00:00+00:00 [queued]>
[2026-01-16T07:57:30.030+0000] {taskinstance.py:2193} INFO - Starting attempt 1 of 2
[2026-01-16T07:57:30.036+0000] {taskinstance.py:2217} INFO - Executing <Task(PythonOperator): get_data> on 2026-01-16 06:00:00+00:00
[2026-01-16T07:57:30.042+0000] {standard_task_runner.py:60} INFO - Started process 45334 to run task
[2026-01-16T07:57:30.044+0000] {standard_task_runner.py:87} INFO - Running: ['***', 'tasks', 'run', 'ModelDevelop', 'get_data', 'scheduled__2026-01-16T06:00:00+00:00', '--job-id', '680', '--raw', '--subdir', 'DAGS_FOLDER/example.py', '--cfg-path', '/tmp/tmpu42y09m_']
[2026-01-16T07:57:30.045+0000] {standard_task_runner.py:88} INFO - Job 680: Subtask get_data
[2026-01-16T07:57:30.053+0000] {warnings.py:109} WARNING - /home/***/.local/lib/python3.9/site-packages/***/settings.py:194: DeprecationWarning: The sql_alchemy_conn option in [core] has been moved to the sql_alchemy_conn option in [database] - the old setting has been used, but please update your config.
  SQL_ALCHEMY_CONN = conf.get("database", "SQL_ALCHEMY_CONN")

[2026-01-16T07:57:30.075+0000] {task_command.py:423} INFO - Running <TaskInstance: ModelDevelop.get_data scheduled__2026-01-16T06:00:00+00:00 [running]> on host 8a4f043652f0
[2026-01-16T07:57:30.125+0000] {taskinstance.py:2513} INFO - Exporting env vars: AIRFLOW_CTX_DAG_OWNER='***' AIRFLOW_CTX_DAG_ID='ModelDevelop' AIRFLOW_CTX_TASK_ID='get_data' AIRFLOW_CTX_EXECUTION_DATE='2026-01-16T06:00:00+00:00' AIRFLOW_CTX_TRY_NUMBER='1' AIRFLOW_CTX_DAG_RUN_ID='scheduled__2026-01-16T06:00:00+00:00'
[2026-01-16T07:57:30.133+0000] {python.py:202} INFO - Done. Returned value was: ./iris.csv
[2026-01-16T07:57:30.147+0000] {taskinstance.py:1149} INFO - Marking task as SUCCESS. dag_id=ModelDevelop, task_id=get_data, execution_date=20260116T060000, start_date=20260116T075730, end_date=20260116T075730
[2026-01-16T07:57:30.175+0000] {local_task_job_runner.py:234} INFO - Task exited with return code 0
[2026-01-16T07:57:30.191+0000] {taskinstance.py:3312} INFO - 1 downstream tasks scheduled from follow-on schedule check
[2026-01-17T13:21:10.918+0000] {taskinstance.py:1979} INFO - Dependencies all met for dep_context=non-requeueable deps ti=<TaskInstance: ModelDevelop.get_data scheduled__2026-01-16T06:00:00+00:00 [queued]>
[2026-01-17T13:21:10.925+0000] {taskinstance.py:1979} INFO - Dependencies all met for dep_context=requeueable deps ti=<TaskInstance: ModelDevelop.get_data scheduled__2026-01-16T06:00:00+00:00 [queued]>
[2026-01-17T13:21:10.925+0000] {taskinstance.py:2193} INFO - Starting attempt 1 of 2
[2026-01-17T13:21:11.004+0000] {taskinstance.py:2217} INFO - Executing <Task(PythonOperator): get_data> on 2026-01-16 06:00:00+00:00
[2026-01-17T13:21:11.014+0000] {standard_task_runner.py:60} INFO - Started process 45668 to run task
[2026-01-17T13:21:11.016+0000] {standard_task_runner.py:87} INFO - Running: ['***', 'tasks', 'run', 'ModelDevelop', 'get_data', 'scheduled__2026-01-16T06:00:00+00:00', '--job-id', '681', '--raw', '--subdir', 'DAGS_FOLDER/example.py', '--cfg-path', '/tmp/tmp_10zeh3n']
[2026-01-17T13:21:11.017+0000] {standard_task_runner.py:88} INFO - Job 681: Subtask get_data
[2026-01-17T13:21:11.045+0000] {warnings.py:109} WARNING - /home/***/.local/lib/python3.9/site-packages/***/settings.py:194: DeprecationWarning: The sql_alchemy_conn option in [core] has been moved to the sql_alchemy_conn option in [database] - the old setting has been used, but please update your config.
  SQL_ALCHEMY_CONN = conf.get("database", "SQL_ALCHEMY_CONN")

[2026-01-17T13:21:11.077+0000] {task_command.py:423} INFO - Running <TaskInstance: ModelDevelop.get_data scheduled__2026-01-16T06:00:00+00:00 [running]> on host ed3184b6b543
[2026-01-17T13:21:11.130+0000] {taskinstance.py:2513} INFO - Exporting env vars: AIRFLOW_CTX_DAG_OWNER='***' AIRFLOW_CTX_DAG_ID='ModelDevelop' AIRFLOW_CTX_TASK_ID='get_data' AIRFLOW_CTX_EXECUTION_DATE='2026-01-16T06:00:00+00:00' AIRFLOW_CTX_TRY_NUMBER='1' AIRFLOW_CTX_DAG_RUN_ID='scheduled__2026-01-16T06:00:00+00:00'
[2026-01-17T13:21:11.139+0000] {python.py:202} INFO - Done. Returned value was: ./iris.csv
[2026-01-17T13:21:11.193+0000] {taskinstance.py:1149} INFO - Marking task as SUCCESS. dag_id=ModelDevelop, task_id=get_data, execution_date=20260116T060000, start_date=20260117T132110, end_date=20260117T132111
[2026-01-17T13:21:11.243+0000] {local_task_job_runner.py:234} INFO - Task exited with return code 0
[2026-01-17T13:21:11.259+0000] {taskinstance.py:3312} INFO - 1 downstream tasks scheduled from follow-on schedule check
[2026-01-17T13:42:45.698+0000] {taskinstance.py:1979} INFO - Dependencies all met for dep_context=non-requeueable deps ti=<TaskInstance: ModelDevelop.get_data scheduled__2026-01-16T06:00:00+00:00 [queued]>
[2026-01-17T13:42:45.703+0000] {taskinstance.py:1979} INFO - Dependencies all met for dep_context=requeueable deps ti=<TaskInstance: ModelDevelop.get_data scheduled__2026-01-16T06:00:00+00:00 [queued]>
[2026-01-17T13:42:45.703+0000] {taskinstance.py:2193} INFO - Starting attempt 1 of 2
[2026-01-17T13:42:45.774+0000] {taskinstance.py:2217} INFO - Executing <Task(PythonOperator): get_data> on 2026-01-16 06:00:00+00:00
[2026-01-17T13:42:45.783+0000] {standard_task_runner.py:60} INFO - Started process 46236 to run task
[2026-01-17T13:42:45.789+0000] {standard_task_runner.py:87} INFO - Running: ['***', 'tasks', 'run', 'ModelDevelop', 'get_data', 'scheduled__2026-01-16T06:00:00+00:00', '--job-id', '686', '--raw', '--subdir', 'DAGS_FOLDER/example.py', '--cfg-path', '/tmp/tmpf6eth1mj']
[2026-01-17T13:42:45.790+0000] {standard_task_runner.py:88} INFO - Job 686: Subtask get_data
[2026-01-17T13:42:45.803+0000] {warnings.py:109} WARNING - /home/***/.local/lib/python3.9/site-packages/***/settings.py:194: DeprecationWarning: The sql_alchemy_conn option in [core] has been moved to the sql_alchemy_conn option in [database] - the old setting has been used, but please update your config.
  SQL_ALCHEMY_CONN = conf.get("database", "SQL_ALCHEMY_CONN")

[2026-01-17T13:42:45.826+0000] {task_command.py:423} INFO - Running <TaskInstance: ModelDevelop.get_data scheduled__2026-01-16T06:00:00+00:00 [running]> on host 5330652dc216
[2026-01-17T13:42:45.920+0000] {taskinstance.py:2513} INFO - Exporting env vars: AIRFLOW_CTX_DAG_OWNER='***' AIRFLOW_CTX_DAG_ID='ModelDevelop' AIRFLOW_CTX_TASK_ID='get_data' AIRFLOW_CTX_EXECUTION_DATE='2026-01-16T06:00:00+00:00' AIRFLOW_CTX_TRY_NUMBER='1' AIRFLOW_CTX_DAG_RUN_ID='scheduled__2026-01-16T06:00:00+00:00'
[2026-01-17T13:42:45.930+0000] {python.py:202} INFO - Done. Returned value was: ./iris.csv
[2026-01-17T13:42:45.945+0000] {taskinstance.py:1149} INFO - Marking task as SUCCESS. dag_id=ModelDevelop, task_id=get_data, execution_date=20260116T060000, start_date=20260117T134245, end_date=20260117T134245
[2026-01-17T13:42:45.998+0000] {local_task_job_runner.py:234} INFO - Task exited with return code 0
[2026-01-17T13:42:46.051+0000] {taskinstance.py:3312} INFO - 0 downstream tasks scheduled from follow-on schedule check
