[2026-01-17T13:00:01.352+0000] {taskinstance.py:1979} INFO - Dependencies all met for dep_context=non-requeueable deps ti=<TaskInstance: ModelDevelop.get_data scheduled__2026-01-17T12:00:00+00:00 [queued]>
[2026-01-17T13:00:01.356+0000] {taskinstance.py:1979} INFO - Dependencies all met for dep_context=requeueable deps ti=<TaskInstance: ModelDevelop.get_data scheduled__2026-01-17T12:00:00+00:00 [queued]>
[2026-01-17T13:00:01.356+0000] {taskinstance.py:2193} INFO - Starting attempt 1 of 2
[2026-01-17T13:00:01.362+0000] {taskinstance.py:2217} INFO - Executing <Task(PythonOperator): get_data> on 2026-01-17 12:00:00+00:00
[2026-01-17T13:00:01.368+0000] {standard_task_runner.py:60} INFO - Started process 49954 to run task
[2026-01-17T13:00:01.370+0000] {standard_task_runner.py:87} INFO - Running: ['***', 'tasks', 'run', 'ModelDevelop', 'get_data', 'scheduled__2026-01-17T12:00:00+00:00', '--job-id', '746', '--raw', '--subdir', 'DAGS_FOLDER/example.py', '--cfg-path', '/tmp/tmp1_sfedr0']
[2026-01-17T13:00:01.371+0000] {standard_task_runner.py:88} INFO - Job 746: Subtask get_data
[2026-01-17T13:00:01.380+0000] {warnings.py:109} WARNING - /home/***/.local/lib/python3.9/site-packages/***/settings.py:194: DeprecationWarning: The sql_alchemy_conn option in [core] has been moved to the sql_alchemy_conn option in [database] - the old setting has been used, but please update your config.
  SQL_ALCHEMY_CONN = conf.get("database", "SQL_ALCHEMY_CONN")

[2026-01-17T13:00:01.401+0000] {task_command.py:423} INFO - Running <TaskInstance: ModelDevelop.get_data scheduled__2026-01-17T12:00:00+00:00 [running]> on host 8a4f043652f0
[2026-01-17T13:00:01.445+0000] {taskinstance.py:2513} INFO - Exporting env vars: AIRFLOW_CTX_DAG_OWNER='***' AIRFLOW_CTX_DAG_ID='ModelDevelop' AIRFLOW_CTX_TASK_ID='get_data' AIRFLOW_CTX_EXECUTION_DATE='2026-01-17T12:00:00+00:00' AIRFLOW_CTX_TRY_NUMBER='1' AIRFLOW_CTX_DAG_RUN_ID='scheduled__2026-01-17T12:00:00+00:00'
[2026-01-17T13:00:01.452+0000] {python.py:202} INFO - Done. Returned value was: ./iris.csv
[2026-01-17T13:00:01.465+0000] {taskinstance.py:1149} INFO - Marking task as SUCCESS. dag_id=ModelDevelop, task_id=get_data, execution_date=20260117T120000, start_date=20260117T130001, end_date=20260117T130001
[2026-01-17T13:00:01.501+0000] {local_task_job_runner.py:234} INFO - Task exited with return code 0
[2026-01-17T13:00:01.514+0000] {taskinstance.py:3312} INFO - 0 downstream tasks scheduled from follow-on schedule check
[2026-01-17T13:21:28.855+0000] {taskinstance.py:1979} INFO - Dependencies all met for dep_context=non-requeueable deps ti=<TaskInstance: ModelDevelop.get_data scheduled__2026-01-17T12:00:00+00:00 [queued]>
[2026-01-17T13:21:28.860+0000] {taskinstance.py:1979} INFO - Dependencies all met for dep_context=requeueable deps ti=<TaskInstance: ModelDevelop.get_data scheduled__2026-01-17T12:00:00+00:00 [queued]>
[2026-01-17T13:21:28.860+0000] {taskinstance.py:2193} INFO - Starting attempt 1 of 2
[2026-01-17T13:21:28.866+0000] {taskinstance.py:2217} INFO - Executing <Task(PythonOperator): get_data> on 2026-01-17 12:00:00+00:00
[2026-01-17T13:21:28.873+0000] {standard_task_runner.py:60} INFO - Started process 49654 to run task
[2026-01-17T13:21:28.875+0000] {standard_task_runner.py:87} INFO - Running: ['***', 'tasks', 'run', 'ModelDevelop', 'get_data', 'scheduled__2026-01-17T12:00:00+00:00', '--job-id', '743', '--raw', '--subdir', 'DAGS_FOLDER/example.py', '--cfg-path', '/tmp/tmp_lyi26r_']
[2026-01-17T13:21:28.876+0000] {standard_task_runner.py:88} INFO - Job 743: Subtask get_data
[2026-01-17T13:21:28.885+0000] {warnings.py:109} WARNING - /home/***/.local/lib/python3.9/site-packages/***/settings.py:194: DeprecationWarning: The sql_alchemy_conn option in [core] has been moved to the sql_alchemy_conn option in [database] - the old setting has been used, but please update your config.
  SQL_ALCHEMY_CONN = conf.get("database", "SQL_ALCHEMY_CONN")

[2026-01-17T13:21:28.905+0000] {task_command.py:423} INFO - Running <TaskInstance: ModelDevelop.get_data scheduled__2026-01-17T12:00:00+00:00 [running]> on host ed3184b6b543
[2026-01-17T13:21:28.951+0000] {taskinstance.py:2513} INFO - Exporting env vars: AIRFLOW_CTX_DAG_OWNER='***' AIRFLOW_CTX_DAG_ID='ModelDevelop' AIRFLOW_CTX_TASK_ID='get_data' AIRFLOW_CTX_EXECUTION_DATE='2026-01-17T12:00:00+00:00' AIRFLOW_CTX_TRY_NUMBER='1' AIRFLOW_CTX_DAG_RUN_ID='scheduled__2026-01-17T12:00:00+00:00'
[2026-01-17T13:21:28.959+0000] {python.py:202} INFO - Done. Returned value was: ./iris.csv
[2026-01-17T13:21:28.971+0000] {taskinstance.py:1149} INFO - Marking task as SUCCESS. dag_id=ModelDevelop, task_id=get_data, execution_date=20260117T120000, start_date=20260117T132128, end_date=20260117T132128
[2026-01-17T13:21:29.007+0000] {local_task_job_runner.py:234} INFO - Task exited with return code 0
[2026-01-17T13:21:29.023+0000] {taskinstance.py:3312} INFO - 0 downstream tasks scheduled from follow-on schedule check
[2026-01-17T13:42:57.197+0000] {taskinstance.py:1979} INFO - Dependencies all met for dep_context=non-requeueable deps ti=<TaskInstance: ModelDevelop.get_data scheduled__2026-01-17T12:00:00+00:00 [queued]>
[2026-01-17T13:42:57.203+0000] {taskinstance.py:1979} INFO - Dependencies all met for dep_context=requeueable deps ti=<TaskInstance: ModelDevelop.get_data scheduled__2026-01-17T12:00:00+00:00 [queued]>
[2026-01-17T13:42:57.203+0000] {taskinstance.py:2193} INFO - Starting attempt 1 of 2
[2026-01-17T13:42:57.210+0000] {taskinstance.py:2217} INFO - Executing <Task(PythonOperator): get_data> on 2026-01-17 12:00:00+00:00
[2026-01-17T13:42:57.220+0000] {standard_task_runner.py:60} INFO - Started process 48694 to run task
[2026-01-17T13:42:57.223+0000] {standard_task_runner.py:87} INFO - Running: ['***', 'tasks', 'run', 'ModelDevelop', 'get_data', 'scheduled__2026-01-17T12:00:00+00:00', '--job-id', '733', '--raw', '--subdir', 'DAGS_FOLDER/example.py', '--cfg-path', '/tmp/tmp32gbjv0q']
[2026-01-17T13:42:57.225+0000] {standard_task_runner.py:88} INFO - Job 733: Subtask get_data
[2026-01-17T13:42:57.236+0000] {warnings.py:109} WARNING - /home/***/.local/lib/python3.9/site-packages/***/settings.py:194: DeprecationWarning: The sql_alchemy_conn option in [core] has been moved to the sql_alchemy_conn option in [database] - the old setting has been used, but please update your config.
  SQL_ALCHEMY_CONN = conf.get("database", "SQL_ALCHEMY_CONN")

[2026-01-17T13:42:57.264+0000] {task_command.py:423} INFO - Running <TaskInstance: ModelDevelop.get_data scheduled__2026-01-17T12:00:00+00:00 [running]> on host 5330652dc216
[2026-01-17T13:42:57.319+0000] {taskinstance.py:2513} INFO - Exporting env vars: AIRFLOW_CTX_DAG_OWNER='***' AIRFLOW_CTX_DAG_ID='ModelDevelop' AIRFLOW_CTX_TASK_ID='get_data' AIRFLOW_CTX_EXECUTION_DATE='2026-01-17T12:00:00+00:00' AIRFLOW_CTX_TRY_NUMBER='1' AIRFLOW_CTX_DAG_RUN_ID='scheduled__2026-01-17T12:00:00+00:00'
[2026-01-17T13:42:57.328+0000] {python.py:202} INFO - Done. Returned value was: ./iris.csv
[2026-01-17T13:42:57.342+0000] {taskinstance.py:1149} INFO - Marking task as SUCCESS. dag_id=ModelDevelop, task_id=get_data, execution_date=20260117T120000, start_date=20260117T134257, end_date=20260117T134257
[2026-01-17T13:42:57.395+0000] {local_task_job_runner.py:234} INFO - Task exited with return code 0
[2026-01-17T13:42:57.413+0000] {taskinstance.py:3312} INFO - 1 downstream tasks scheduled from follow-on schedule check
