[2026-01-16T07:55:19.206+0000] {taskinstance.py:1979} INFO - Dependencies all met for dep_context=non-requeueable deps ti=<TaskInstance: ModelDevelop.get_data scheduled__2026-01-07T23:00:00+00:00 [queued]>
[2026-01-16T07:55:19.213+0000] {taskinstance.py:1979} INFO - Dependencies all met for dep_context=requeueable deps ti=<TaskInstance: ModelDevelop.get_data scheduled__2026-01-07T23:00:00+00:00 [queued]>
[2026-01-16T07:55:19.213+0000] {taskinstance.py:2193} INFO - Starting attempt 1 of 2
[2026-01-16T07:55:19.223+0000] {taskinstance.py:2217} INFO - Executing <Task(PythonOperator): get_data> on 2026-01-07 23:00:00+00:00
[2026-01-16T07:55:19.231+0000] {standard_task_runner.py:60} INFO - Started process 18132 to run task
[2026-01-16T07:55:19.233+0000] {standard_task_runner.py:87} INFO - Running: ['***', 'tasks', 'run', 'ModelDevelop', 'get_data', 'scheduled__2026-01-07T23:00:00+00:00', '--job-id', '274', '--raw', '--subdir', 'DAGS_FOLDER/example.py', '--cfg-path', '/tmp/tmp5_q9jqz2']
[2026-01-16T07:55:19.234+0000] {standard_task_runner.py:88} INFO - Job 274: Subtask get_data
[2026-01-16T07:55:19.244+0000] {warnings.py:109} WARNING - /home/***/.local/lib/python3.9/site-packages/***/settings.py:194: DeprecationWarning: The sql_alchemy_conn option in [core] has been moved to the sql_alchemy_conn option in [database] - the old setting has been used, but please update your config.
  SQL_ALCHEMY_CONN = conf.get("database", "SQL_ALCHEMY_CONN")

[2026-01-16T07:55:19.267+0000] {task_command.py:423} INFO - Running <TaskInstance: ModelDevelop.get_data scheduled__2026-01-07T23:00:00+00:00 [running]> on host 8a4f043652f0
[2026-01-16T07:55:19.322+0000] {taskinstance.py:2513} INFO - Exporting env vars: AIRFLOW_CTX_DAG_OWNER='***' AIRFLOW_CTX_DAG_ID='ModelDevelop' AIRFLOW_CTX_TASK_ID='get_data' AIRFLOW_CTX_EXECUTION_DATE='2026-01-07T23:00:00+00:00' AIRFLOW_CTX_TRY_NUMBER='1' AIRFLOW_CTX_DAG_RUN_ID='scheduled__2026-01-07T23:00:00+00:00'
[2026-01-16T07:55:19.331+0000] {python.py:202} INFO - Done. Returned value was: ./iris.csv
[2026-01-16T07:55:19.345+0000] {taskinstance.py:1149} INFO - Marking task as SUCCESS. dag_id=ModelDevelop, task_id=get_data, execution_date=20260107T230000, start_date=20260116T075519, end_date=20260116T075519
[2026-01-16T07:55:19.365+0000] {local_task_job_runner.py:234} INFO - Task exited with return code 0
[2026-01-16T07:55:19.381+0000] {taskinstance.py:3312} INFO - 1 downstream tasks scheduled from follow-on schedule check
[2026-01-17T13:18:52.715+0000] {taskinstance.py:1979} INFO - Dependencies all met for dep_context=non-requeueable deps ti=<TaskInstance: ModelDevelop.get_data scheduled__2026-01-07T23:00:00+00:00 [queued]>
[2026-01-17T13:18:52.721+0000] {taskinstance.py:1979} INFO - Dependencies all met for dep_context=requeueable deps ti=<TaskInstance: ModelDevelop.get_data scheduled__2026-01-07T23:00:00+00:00 [queued]>
[2026-01-17T13:18:52.722+0000] {taskinstance.py:2193} INFO - Starting attempt 1 of 2
[2026-01-17T13:18:52.792+0000] {taskinstance.py:2217} INFO - Executing <Task(PythonOperator): get_data> on 2026-01-07 23:00:00+00:00
[2026-01-17T13:18:52.801+0000] {standard_task_runner.py:60} INFO - Started process 18104 to run task
[2026-01-17T13:18:52.814+0000] {standard_task_runner.py:87} INFO - Running: ['***', 'tasks', 'run', 'ModelDevelop', 'get_data', 'scheduled__2026-01-07T23:00:00+00:00', '--job-id', '274', '--raw', '--subdir', 'DAGS_FOLDER/example.py', '--cfg-path', '/tmp/tmpp1got20t']
[2026-01-17T13:18:52.815+0000] {standard_task_runner.py:88} INFO - Job 274: Subtask get_data
[2026-01-17T13:18:52.831+0000] {warnings.py:109} WARNING - /home/***/.local/lib/python3.9/site-packages/***/settings.py:194: DeprecationWarning: The sql_alchemy_conn option in [core] has been moved to the sql_alchemy_conn option in [database] - the old setting has been used, but please update your config.
  SQL_ALCHEMY_CONN = conf.get("database", "SQL_ALCHEMY_CONN")

[2026-01-17T13:18:52.884+0000] {task_command.py:423} INFO - Running <TaskInstance: ModelDevelop.get_data scheduled__2026-01-07T23:00:00+00:00 [running]> on host ed3184b6b543
[2026-01-17T13:18:52.953+0000] {taskinstance.py:2513} INFO - Exporting env vars: AIRFLOW_CTX_DAG_OWNER='***' AIRFLOW_CTX_DAG_ID='ModelDevelop' AIRFLOW_CTX_TASK_ID='get_data' AIRFLOW_CTX_EXECUTION_DATE='2026-01-07T23:00:00+00:00' AIRFLOW_CTX_TRY_NUMBER='1' AIRFLOW_CTX_DAG_RUN_ID='scheduled__2026-01-07T23:00:00+00:00'
[2026-01-17T13:18:52.962+0000] {python.py:202} INFO - Done. Returned value was: ./iris.csv
[2026-01-17T13:18:52.978+0000] {taskinstance.py:1149} INFO - Marking task as SUCCESS. dag_id=ModelDevelop, task_id=get_data, execution_date=20260107T230000, start_date=20260117T131852, end_date=20260117T131852
[2026-01-17T13:18:53.028+0000] {local_task_job_runner.py:234} INFO - Task exited with return code 0
[2026-01-17T13:18:53.048+0000] {taskinstance.py:3312} INFO - 0 downstream tasks scheduled from follow-on schedule check
[2026-01-17T13:40:25.548+0000] {taskinstance.py:1979} INFO - Dependencies all met for dep_context=non-requeueable deps ti=<TaskInstance: ModelDevelop.get_data scheduled__2026-01-07T23:00:00+00:00 [queued]>
[2026-01-17T13:40:25.553+0000] {taskinstance.py:1979} INFO - Dependencies all met for dep_context=requeueable deps ti=<TaskInstance: ModelDevelop.get_data scheduled__2026-01-07T23:00:00+00:00 [queued]>
[2026-01-17T13:40:25.553+0000] {taskinstance.py:2193} INFO - Starting attempt 1 of 2
[2026-01-17T13:40:25.560+0000] {taskinstance.py:2217} INFO - Executing <Task(PythonOperator): get_data> on 2026-01-07 23:00:00+00:00
[2026-01-17T13:40:25.566+0000] {standard_task_runner.py:60} INFO - Started process 18573 to run task
[2026-01-17T13:40:25.568+0000] {standard_task_runner.py:87} INFO - Running: ['***', 'tasks', 'run', 'ModelDevelop', 'get_data', 'scheduled__2026-01-07T23:00:00+00:00', '--job-id', '280', '--raw', '--subdir', 'DAGS_FOLDER/example.py', '--cfg-path', '/tmp/tmpe5h5ep9l']
[2026-01-17T13:40:25.569+0000] {standard_task_runner.py:88} INFO - Job 280: Subtask get_data
[2026-01-17T13:40:25.580+0000] {warnings.py:109} WARNING - /home/***/.local/lib/python3.9/site-packages/***/settings.py:194: DeprecationWarning: The sql_alchemy_conn option in [core] has been moved to the sql_alchemy_conn option in [database] - the old setting has been used, but please update your config.
  SQL_ALCHEMY_CONN = conf.get("database", "SQL_ALCHEMY_CONN")

[2026-01-17T13:40:25.652+0000] {task_command.py:423} INFO - Running <TaskInstance: ModelDevelop.get_data scheduled__2026-01-07T23:00:00+00:00 [running]> on host 5330652dc216
[2026-01-17T13:40:25.706+0000] {taskinstance.py:2513} INFO - Exporting env vars: AIRFLOW_CTX_DAG_OWNER='***' AIRFLOW_CTX_DAG_ID='ModelDevelop' AIRFLOW_CTX_TASK_ID='get_data' AIRFLOW_CTX_EXECUTION_DATE='2026-01-07T23:00:00+00:00' AIRFLOW_CTX_TRY_NUMBER='1' AIRFLOW_CTX_DAG_RUN_ID='scheduled__2026-01-07T23:00:00+00:00'
[2026-01-17T13:40:25.716+0000] {python.py:202} INFO - Done. Returned value was: ./iris.csv
[2026-01-17T13:40:25.730+0000] {taskinstance.py:1149} INFO - Marking task as SUCCESS. dag_id=ModelDevelop, task_id=get_data, execution_date=20260107T230000, start_date=20260117T134025, end_date=20260117T134025
[2026-01-17T13:40:25.781+0000] {local_task_job_runner.py:234} INFO - Task exited with return code 0
[2026-01-17T13:40:25.795+0000] {taskinstance.py:3312} INFO - 0 downstream tasks scheduled from follow-on schedule check
