[2026-01-16T07:55:07.889+0000] {taskinstance.py:1979} INFO - Dependencies all met for dep_context=non-requeueable deps ti=<TaskInstance: ModelDevelop.get_data scheduled__2026-01-06T22:00:00+00:00 [queued]>
[2026-01-16T07:55:07.896+0000] {taskinstance.py:1979} INFO - Dependencies all met for dep_context=requeueable deps ti=<TaskInstance: ModelDevelop.get_data scheduled__2026-01-06T22:00:00+00:00 [queued]>
[2026-01-16T07:55:07.897+0000] {taskinstance.py:2193} INFO - Starting attempt 1 of 2
[2026-01-16T07:55:07.907+0000] {taskinstance.py:2217} INFO - Executing <Task(PythonOperator): get_data> on 2026-01-06 22:00:00+00:00
[2026-01-16T07:55:07.916+0000] {standard_task_runner.py:60} INFO - Started process 15523 to run task
[2026-01-16T07:55:07.919+0000] {standard_task_runner.py:87} INFO - Running: ['***', 'tasks', 'run', 'ModelDevelop', 'get_data', 'scheduled__2026-01-06T22:00:00+00:00', '--job-id', '232', '--raw', '--subdir', 'DAGS_FOLDER/example.py', '--cfg-path', '/tmp/tmp4hosegih']
[2026-01-16T07:55:07.920+0000] {standard_task_runner.py:88} INFO - Job 232: Subtask get_data
[2026-01-16T07:55:07.932+0000] {warnings.py:109} WARNING - /home/***/.local/lib/python3.9/site-packages/***/settings.py:194: DeprecationWarning: The sql_alchemy_conn option in [core] has been moved to the sql_alchemy_conn option in [database] - the old setting has been used, but please update your config.
  SQL_ALCHEMY_CONN = conf.get("database", "SQL_ALCHEMY_CONN")

[2026-01-16T07:55:07.996+0000] {task_command.py:423} INFO - Running <TaskInstance: ModelDevelop.get_data scheduled__2026-01-06T22:00:00+00:00 [running]> on host 8a4f043652f0
[2026-01-16T07:55:08.077+0000] {taskinstance.py:2513} INFO - Exporting env vars: AIRFLOW_CTX_DAG_OWNER='***' AIRFLOW_CTX_DAG_ID='ModelDevelop' AIRFLOW_CTX_TASK_ID='get_data' AIRFLOW_CTX_EXECUTION_DATE='2026-01-06T22:00:00+00:00' AIRFLOW_CTX_TRY_NUMBER='1' AIRFLOW_CTX_DAG_RUN_ID='scheduled__2026-01-06T22:00:00+00:00'
[2026-01-16T07:55:08.090+0000] {python.py:202} INFO - Done. Returned value was: ./iris.csv
[2026-01-16T07:55:08.141+0000] {taskinstance.py:1149} INFO - Marking task as SUCCESS. dag_id=ModelDevelop, task_id=get_data, execution_date=20260106T220000, start_date=20260116T075507, end_date=20260116T075508
[2026-01-16T07:55:08.172+0000] {local_task_job_runner.py:234} INFO - Task exited with return code 0
[2026-01-16T07:55:08.193+0000] {taskinstance.py:3312} INFO - 1 downstream tasks scheduled from follow-on schedule check
[2026-01-17T13:18:40.469+0000] {taskinstance.py:1979} INFO - Dependencies all met for dep_context=non-requeueable deps ti=<TaskInstance: ModelDevelop.get_data scheduled__2026-01-06T22:00:00+00:00 [queued]>
[2026-01-17T13:18:40.476+0000] {taskinstance.py:1979} INFO - Dependencies all met for dep_context=requeueable deps ti=<TaskInstance: ModelDevelop.get_data scheduled__2026-01-06T22:00:00+00:00 [queued]>
[2026-01-17T13:18:40.477+0000] {taskinstance.py:2193} INFO - Starting attempt 1 of 2
[2026-01-17T13:18:40.485+0000] {taskinstance.py:2217} INFO - Executing <Task(PythonOperator): get_data> on 2026-01-06 22:00:00+00:00
[2026-01-17T13:18:40.495+0000] {standard_task_runner.py:60} INFO - Started process 15516 to run task
[2026-01-17T13:18:40.522+0000] {standard_task_runner.py:87} INFO - Running: ['***', 'tasks', 'run', 'ModelDevelop', 'get_data', 'scheduled__2026-01-06T22:00:00+00:00', '--job-id', '232', '--raw', '--subdir', 'DAGS_FOLDER/example.py', '--cfg-path', '/tmp/tmpjmksl3hv']
[2026-01-17T13:18:40.523+0000] {standard_task_runner.py:88} INFO - Job 232: Subtask get_data
[2026-01-17T13:18:40.542+0000] {warnings.py:109} WARNING - /home/***/.local/lib/python3.9/site-packages/***/settings.py:194: DeprecationWarning: The sql_alchemy_conn option in [core] has been moved to the sql_alchemy_conn option in [database] - the old setting has been used, but please update your config.
  SQL_ALCHEMY_CONN = conf.get("database", "SQL_ALCHEMY_CONN")

[2026-01-17T13:18:40.585+0000] {task_command.py:423} INFO - Running <TaskInstance: ModelDevelop.get_data scheduled__2026-01-06T22:00:00+00:00 [running]> on host ed3184b6b543
[2026-01-17T13:18:40.638+0000] {taskinstance.py:2513} INFO - Exporting env vars: AIRFLOW_CTX_DAG_OWNER='***' AIRFLOW_CTX_DAG_ID='ModelDevelop' AIRFLOW_CTX_TASK_ID='get_data' AIRFLOW_CTX_EXECUTION_DATE='2026-01-06T22:00:00+00:00' AIRFLOW_CTX_TRY_NUMBER='1' AIRFLOW_CTX_DAG_RUN_ID='scheduled__2026-01-06T22:00:00+00:00'
[2026-01-17T13:18:40.647+0000] {python.py:202} INFO - Done. Returned value was: ./iris.csv
[2026-01-17T13:18:40.662+0000] {taskinstance.py:1149} INFO - Marking task as SUCCESS. dag_id=ModelDevelop, task_id=get_data, execution_date=20260106T220000, start_date=20260117T131840, end_date=20260117T131840
[2026-01-17T13:18:40.709+0000] {local_task_job_runner.py:234} INFO - Task exited with return code 0
[2026-01-17T13:18:40.724+0000] {taskinstance.py:3312} INFO - 1 downstream tasks scheduled from follow-on schedule check
[2026-01-17T13:40:11.291+0000] {taskinstance.py:1979} INFO - Dependencies all met for dep_context=non-requeueable deps ti=<TaskInstance: ModelDevelop.get_data scheduled__2026-01-06T22:00:00+00:00 [queued]>
[2026-01-17T13:40:11.298+0000] {taskinstance.py:1979} INFO - Dependencies all met for dep_context=requeueable deps ti=<TaskInstance: ModelDevelop.get_data scheduled__2026-01-06T22:00:00+00:00 [queued]>
[2026-01-17T13:40:11.298+0000] {taskinstance.py:2193} INFO - Starting attempt 1 of 2
[2026-01-17T13:40:11.307+0000] {taskinstance.py:2217} INFO - Executing <Task(PythonOperator): get_data> on 2026-01-06 22:00:00+00:00
[2026-01-17T13:40:11.316+0000] {standard_task_runner.py:60} INFO - Started process 16219 to run task
[2026-01-17T13:40:11.338+0000] {standard_task_runner.py:87} INFO - Running: ['***', 'tasks', 'run', 'ModelDevelop', 'get_data', 'scheduled__2026-01-06T22:00:00+00:00', '--job-id', '238', '--raw', '--subdir', 'DAGS_FOLDER/example.py', '--cfg-path', '/tmp/tmpwc79o6oi']
[2026-01-17T13:40:11.339+0000] {standard_task_runner.py:88} INFO - Job 238: Subtask get_data
[2026-01-17T13:40:11.361+0000] {warnings.py:109} WARNING - /home/***/.local/lib/python3.9/site-packages/***/settings.py:194: DeprecationWarning: The sql_alchemy_conn option in [core] has been moved to the sql_alchemy_conn option in [database] - the old setting has been used, but please update your config.
  SQL_ALCHEMY_CONN = conf.get("database", "SQL_ALCHEMY_CONN")

[2026-01-17T13:40:11.399+0000] {task_command.py:423} INFO - Running <TaskInstance: ModelDevelop.get_data scheduled__2026-01-06T22:00:00+00:00 [running]> on host 5330652dc216
[2026-01-17T13:40:11.483+0000] {taskinstance.py:2513} INFO - Exporting env vars: AIRFLOW_CTX_DAG_OWNER='***' AIRFLOW_CTX_DAG_ID='ModelDevelop' AIRFLOW_CTX_TASK_ID='get_data' AIRFLOW_CTX_EXECUTION_DATE='2026-01-06T22:00:00+00:00' AIRFLOW_CTX_TRY_NUMBER='1' AIRFLOW_CTX_DAG_RUN_ID='scheduled__2026-01-06T22:00:00+00:00'
[2026-01-17T13:40:11.492+0000] {python.py:202} INFO - Done. Returned value was: ./iris.csv
[2026-01-17T13:40:11.507+0000] {taskinstance.py:1149} INFO - Marking task as SUCCESS. dag_id=ModelDevelop, task_id=get_data, execution_date=20260106T220000, start_date=20260117T134011, end_date=20260117T134011
[2026-01-17T13:40:11.531+0000] {local_task_job_runner.py:234} INFO - Task exited with return code 0
[2026-01-17T13:40:11.548+0000] {taskinstance.py:3312} INFO - 1 downstream tasks scheduled from follow-on schedule check
