[2026-03-06T06:11:24.289+0000] {taskinstance.py:1979} INFO - Dependencies all met for dep_context=non-requeueable deps ti=<TaskInstance: ExampleDAG.train_fit manual__2026-03-06T06:11:20.737953+00:00 [queued]>
[2026-03-06T06:11:24.293+0000] {taskinstance.py:1979} INFO - Dependencies all met for dep_context=requeueable deps ti=<TaskInstance: ExampleDAG.train_fit manual__2026-03-06T06:11:20.737953+00:00 [queued]>
[2026-03-06T06:11:24.294+0000] {taskinstance.py:2193} INFO - Starting attempt 1 of 2
[2026-03-06T06:11:24.300+0000] {taskinstance.py:2217} INFO - Executing <Task(PythonOperator): train_fit> on 2026-03-06 06:11:20.737953+00:00
[2026-03-06T06:11:24.306+0000] {standard_task_runner.py:60} INFO - Started process 208 to run task
[2026-03-06T06:11:24.308+0000] {standard_task_runner.py:87} INFO - Running: ['***', 'tasks', 'run', 'ExampleDAG', 'train_fit', 'manual__2026-03-06T06:11:20.737953+00:00', '--job-id', '5', '--raw', '--subdir', 'DAGS_FOLDER/exercise_QAs.py', '--cfg-path', '/tmp/tmprdqzwbrr']
[2026-03-06T06:11:24.308+0000] {standard_task_runner.py:88} INFO - Job 5: Subtask train_fit
[2026-03-06T06:11:24.316+0000] {warnings.py:109} WARNING - /home/***/.local/lib/python3.9/site-packages/***/settings.py:194: DeprecationWarning: The sql_alchemy_conn option in [core] has been moved to the sql_alchemy_conn option in [database] - the old setting has been used, but please update your config.
  SQL_ALCHEMY_CONN = conf.get("database", "SQL_ALCHEMY_CONN")

[2026-03-06T06:11:24.334+0000] {task_command.py:423} INFO - Running <TaskInstance: ExampleDAG.train_fit manual__2026-03-06T06:11:20.737953+00:00 [running]> on host 397460420dc1
[2026-03-06T06:11:24.375+0000] {taskinstance.py:2513} INFO - Exporting env vars: AIRFLOW_CTX_DAG_OWNER='***' AIRFLOW_CTX_DAG_ID='ExampleDAG' AIRFLOW_CTX_TASK_ID='train_fit' AIRFLOW_CTX_EXECUTION_DATE='2026-03-06T06:11:20.737953+00:00' AIRFLOW_CTX_TRY_NUMBER='1' AIRFLOW_CTX_DAG_RUN_ID='manual__2026-03-06T06:11:20.737953+00:00'
[2026-03-06T06:11:24.392+0000] {logging_mixin.py:188} INFO -      sepal_length  sepal_width  petal_length  petal_width  target
0             5.1          3.5           1.4          0.2       0
1             4.9          3.0           1.4          0.2       0
2             4.7          3.2           1.3          0.2       0
3             4.6          3.1           1.5          0.2       0
4             5.0          3.6           1.4          0.2       0
..            ...          ...           ...          ...     ...
145           6.7          3.0           5.2          2.3       2
146           6.3          2.5           5.0          1.9       2
147           6.5          3.0           5.2          2.0       2
148           6.2          3.4           5.4          2.3       2
149           5.9          3.0           5.1          1.8       2

[150 rows x 5 columns]
[2026-03-06T06:11:24.400+0000] {logging_mixin.py:188} INFO - Train Accuracy : 0.9833333333333333
[2026-03-06T06:11:24.400+0000] {logging_mixin.py:188} INFO - Valid Accuracy : 0.9333333333333333
[2026-03-06T06:11:24.407+0000] {logging_mixin.py:188} WARNING - 2026/03/06 06:11:24 INFO mlflow.tracking.fluent: Experiment with name 'new_exp' does not exist. Creating a new experiment.
[2026-03-06T06:11:24.412+0000] {taskinstance.py:2731} ERROR - Task failed with exception
Traceback (most recent call last):
  File "/home/airflow/.local/lib/python3.9/site-packages/airflow/models/taskinstance.py", line 444, in _execute_task
    result = _execute_callable(context=context, **execute_callable_kwargs)
  File "/home/airflow/.local/lib/python3.9/site-packages/airflow/models/taskinstance.py", line 414, in _execute_callable
    return execute_callable(context=context, **execute_callable_kwargs)
  File "/home/airflow/.local/lib/python3.9/site-packages/airflow/operators/python.py", line 200, in execute
    return_value = self.execute_callable()
  File "/home/airflow/.local/lib/python3.9/site-packages/airflow/operators/python.py", line 217, in execute_callable
    return self.python_callable(*self.op_args, **self.op_kwargs)
  File "/opt/airflow/dags/exercise_QAs.py", line 85, in train_fit
    mlflow.set_experiment("new_exp")
  File "/home/airflow/.local/lib/python3.9/site-packages/mlflow/tracking/fluent.py", line 144, in set_experiment
    experiment_id = client.create_experiment(experiment_name)
  File "/home/airflow/.local/lib/python3.9/site-packages/mlflow/tracking/client.py", line 570, in create_experiment
    return self._tracking_client.create_experiment(name, artifact_location, tags)
  File "/home/airflow/.local/lib/python3.9/site-packages/mlflow/tracking/_tracking_service/client.py", line 235, in create_experiment
    return self.store.create_experiment(
  File "/home/airflow/.local/lib/python3.9/site-packages/mlflow/store/tracking/rest_store.py", line 98, in create_experiment
    response_proto = self._call_endpoint(CreateExperiment, req_body)
  File "/home/airflow/.local/lib/python3.9/site-packages/mlflow/store/tracking/rest_store.py", line 59, in _call_endpoint
    return call_endpoint(self.get_host_creds(), endpoint, method, json_body, response_proto)
  File "/home/airflow/.local/lib/python3.9/site-packages/mlflow/utils/rest_utils.py", line 219, in call_endpoint
    response = verify_rest_response(response, endpoint)
  File "/home/airflow/.local/lib/python3.9/site-packages/mlflow/utils/rest_utils.py", line 151, in verify_rest_response
    raise RestException(json.loads(response.text))
mlflow.exceptions.RestException: RESOURCE_ALREADY_EXISTS: Experiment 'new_exp' already exists.
[2026-03-06T06:11:24.419+0000] {taskinstance.py:1149} INFO - Marking task as UP_FOR_RETRY. dag_id=ExampleDAG, task_id=train_fit, execution_date=20260306T061120, start_date=20260306T061124, end_date=20260306T061124
[2026-03-06T06:11:24.425+0000] {standard_task_runner.py:107} ERROR - Failed to execute job 5 for task train_fit (RESOURCE_ALREADY_EXISTS: Experiment 'new_exp' already exists.; 208)
[2026-03-06T06:11:24.439+0000] {local_task_job_runner.py:234} INFO - Task exited with return code 1
[2026-03-06T06:11:24.450+0000] {taskinstance.py:3312} INFO - 0 downstream tasks scheduled from follow-on schedule check
