[2026-03-06T07:18:03.465+0000] {taskinstance.py:1979} INFO - Dependencies all met for dep_context=non-requeueable deps ti=<TaskInstance: DataDriftRetrainPsDAG.detect_drift scheduled__2026-03-06T07:16:00+00:00 [queued]>
[2026-03-06T07:18:03.471+0000] {taskinstance.py:1979} INFO - Dependencies all met for dep_context=requeueable deps ti=<TaskInstance: DataDriftRetrainPsDAG.detect_drift scheduled__2026-03-06T07:16:00+00:00 [queued]>
[2026-03-06T07:18:03.471+0000] {taskinstance.py:2193} INFO - Starting attempt 1 of 2
[2026-03-06T07:18:03.481+0000] {taskinstance.py:2217} INFO - Executing <Task(BranchPythonOperator): detect_drift> on 2026-03-06 07:16:00+00:00
[2026-03-06T07:18:03.487+0000] {standard_task_runner.py:60} INFO - Started process 8552 to run task
[2026-03-06T07:18:03.490+0000] {standard_task_runner.py:87} INFO - Running: ['***', 'tasks', 'run', 'DataDriftRetrainPsDAG', 'detect_drift', 'scheduled__2026-03-06T07:16:00+00:00', '--job-id', '198', '--raw', '--subdir', 'DAGS_FOLDER/exercise_drift_ps.py', '--cfg-path', '/tmp/tmpkgclms9a']
[2026-03-06T07:18:03.491+0000] {standard_task_runner.py:88} INFO - Job 198: Subtask detect_drift
[2026-03-06T07:18:03.501+0000] {warnings.py:109} WARNING - /home/***/.local/lib/python3.9/site-packages/***/settings.py:194: DeprecationWarning: The sql_alchemy_conn option in [core] has been moved to the sql_alchemy_conn option in [database] - the old setting has been used, but please update your config.
  SQL_ALCHEMY_CONN = conf.get("database", "SQL_ALCHEMY_CONN")

[2026-03-06T07:18:03.526+0000] {task_command.py:423} INFO - Running <TaskInstance: DataDriftRetrainPsDAG.detect_drift scheduled__2026-03-06T07:16:00+00:00 [running]> on host 0dd5ae49d4e0
[2026-03-06T07:18:03.574+0000] {taskinstance.py:2513} INFO - Exporting env vars: AIRFLOW_CTX_DAG_OWNER='***' AIRFLOW_CTX_DAG_ID='DataDriftRetrainPsDAG' AIRFLOW_CTX_TASK_ID='detect_drift' AIRFLOW_CTX_EXECUTION_DATE='2026-03-06T07:16:00+00:00' AIRFLOW_CTX_TRY_NUMBER='1' AIRFLOW_CTX_DAG_RUN_ID='scheduled__2026-03-06T07:16:00+00:00'
[2026-03-06T07:18:03.587+0000] {logging_mixin.py:188} INFO - PSI scores: {'sepal length (cm)': 11.729498379509511, 'sepal width (cm)': 10.084375387657389, 'petal length (cm)': 11.7115179469381, 'petal width (cm)': 0.21594441688851754}
[2026-03-06T07:18:03.588+0000] {logging_mixin.py:188} INFO - AVG PSI: 8.43533403274838
[2026-03-06T07:18:03.588+0000] {python.py:202} INFO - Done. Returned value was: train_fit
[2026-03-06T07:18:03.588+0000] {branch.py:35} INFO - Branch into train_fit
[2026-03-06T07:18:03.588+0000] {skipmixin.py:178} INFO - Following branch train_fit
[2026-03-06T07:18:03.597+0000] {skipmixin.py:244} INFO - Skipping tasks [('no_drift', -1)]
[2026-03-06T07:18:03.623+0000] {taskinstance.py:1149} INFO - Marking task as SUCCESS. dag_id=DataDriftRetrainPsDAG, task_id=detect_drift, execution_date=20260306T071600, start_date=20260306T071803, end_date=20260306T071803
[2026-03-06T07:18:03.662+0000] {local_task_job_runner.py:234} INFO - Task exited with return code 0
[2026-03-06T07:18:03.683+0000] {taskinstance.py:3312} INFO - 1 downstream tasks scheduled from follow-on schedule check
