[2026-01-16T07:56:08.763+0000] {taskinstance.py:1979} INFO - Dependencies all met for dep_context=non-requeueable deps ti=<TaskInstance: ModelDevelop.get_data scheduled__2026-01-10T19:00:00+00:00 [queued]>
[2026-01-16T07:56:08.779+0000] {taskinstance.py:1979} INFO - Dependencies all met for dep_context=requeueable deps ti=<TaskInstance: ModelDevelop.get_data scheduled__2026-01-10T19:00:00+00:00 [queued]>
[2026-01-16T07:56:08.779+0000] {taskinstance.py:2193} INFO - Starting attempt 1 of 2
[2026-01-16T07:56:08.841+0000] {taskinstance.py:2217} INFO - Executing <Task(PythonOperator): get_data> on 2026-01-10 19:00:00+00:00
[2026-01-16T07:56:08.849+0000] {standard_task_runner.py:60} INFO - Started process 28383 to run task
[2026-01-16T07:56:08.851+0000] {standard_task_runner.py:87} INFO - Running: ['***', 'tasks', 'run', 'ModelDevelop', 'get_data', 'scheduled__2026-01-10T19:00:00+00:00', '--job-id', '421', '--raw', '--subdir', 'DAGS_FOLDER/example.py', '--cfg-path', '/tmp/tmpst2weji9']
[2026-01-16T07:56:08.852+0000] {standard_task_runner.py:88} INFO - Job 421: Subtask get_data
[2026-01-16T07:56:08.862+0000] {warnings.py:109} WARNING - /home/***/.local/lib/python3.9/site-packages/***/settings.py:194: DeprecationWarning: The sql_alchemy_conn option in [core] has been moved to the sql_alchemy_conn option in [database] - the old setting has been used, but please update your config.
  SQL_ALCHEMY_CONN = conf.get("database", "SQL_ALCHEMY_CONN")

[2026-01-16T07:56:08.890+0000] {task_command.py:423} INFO - Running <TaskInstance: ModelDevelop.get_data scheduled__2026-01-10T19:00:00+00:00 [running]> on host 8a4f043652f0
[2026-01-16T07:56:08.984+0000] {taskinstance.py:2513} INFO - Exporting env vars: AIRFLOW_CTX_DAG_OWNER='***' AIRFLOW_CTX_DAG_ID='ModelDevelop' AIRFLOW_CTX_TASK_ID='get_data' AIRFLOW_CTX_EXECUTION_DATE='2026-01-10T19:00:00+00:00' AIRFLOW_CTX_TRY_NUMBER='1' AIRFLOW_CTX_DAG_RUN_ID='scheduled__2026-01-10T19:00:00+00:00'
[2026-01-16T07:56:08.993+0000] {python.py:202} INFO - Done. Returned value was: ./iris.csv
[2026-01-16T07:56:09.024+0000] {taskinstance.py:1149} INFO - Marking task as SUCCESS. dag_id=ModelDevelop, task_id=get_data, execution_date=20260110T190000, start_date=20260116T075608, end_date=20260116T075609
[2026-01-16T07:56:09.063+0000] {local_task_job_runner.py:234} INFO - Task exited with return code 0
[2026-01-16T07:56:09.082+0000] {taskinstance.py:3312} INFO - 1 downstream tasks scheduled from follow-on schedule check
[2026-01-17T13:19:51.033+0000] {taskinstance.py:1979} INFO - Dependencies all met for dep_context=non-requeueable deps ti=<TaskInstance: ModelDevelop.get_data scheduled__2026-01-10T19:00:00+00:00 [queued]>
[2026-01-17T13:19:51.052+0000] {taskinstance.py:1979} INFO - Dependencies all met for dep_context=requeueable deps ti=<TaskInstance: ModelDevelop.get_data scheduled__2026-01-10T19:00:00+00:00 [queued]>
[2026-01-17T13:19:51.052+0000] {taskinstance.py:2193} INFO - Starting attempt 1 of 2
[2026-01-17T13:19:51.069+0000] {taskinstance.py:2217} INFO - Executing <Task(PythonOperator): get_data> on 2026-01-10 19:00:00+00:00
[2026-01-17T13:19:51.092+0000] {standard_task_runner.py:60} INFO - Started process 28518 to run task
[2026-01-17T13:19:51.095+0000] {standard_task_runner.py:87} INFO - Running: ['***', 'tasks', 'run', 'ModelDevelop', 'get_data', 'scheduled__2026-01-10T19:00:00+00:00', '--job-id', '424', '--raw', '--subdir', 'DAGS_FOLDER/example.py', '--cfg-path', '/tmp/tmpyrizgfj9']
[2026-01-17T13:19:51.096+0000] {standard_task_runner.py:88} INFO - Job 424: Subtask get_data
[2026-01-17T13:19:51.106+0000] {warnings.py:109} WARNING - /home/***/.local/lib/python3.9/site-packages/***/settings.py:194: DeprecationWarning: The sql_alchemy_conn option in [core] has been moved to the sql_alchemy_conn option in [database] - the old setting has been used, but please update your config.
  SQL_ALCHEMY_CONN = conf.get("database", "SQL_ALCHEMY_CONN")

[2026-01-17T13:19:51.136+0000] {task_command.py:423} INFO - Running <TaskInstance: ModelDevelop.get_data scheduled__2026-01-10T19:00:00+00:00 [running]> on host ed3184b6b543
[2026-01-17T13:19:51.199+0000] {taskinstance.py:2513} INFO - Exporting env vars: AIRFLOW_CTX_DAG_OWNER='***' AIRFLOW_CTX_DAG_ID='ModelDevelop' AIRFLOW_CTX_TASK_ID='get_data' AIRFLOW_CTX_EXECUTION_DATE='2026-01-10T19:00:00+00:00' AIRFLOW_CTX_TRY_NUMBER='1' AIRFLOW_CTX_DAG_RUN_ID='scheduled__2026-01-10T19:00:00+00:00'
[2026-01-17T13:19:51.210+0000] {python.py:202} INFO - Done. Returned value was: ./iris.csv
[2026-01-17T13:19:51.265+0000] {taskinstance.py:1149} INFO - Marking task as SUCCESS. dag_id=ModelDevelop, task_id=get_data, execution_date=20260110T190000, start_date=20260117T131951, end_date=20260117T131951
[2026-01-17T13:19:51.308+0000] {local_task_job_runner.py:234} INFO - Task exited with return code 0
[2026-01-17T13:19:51.394+0000] {taskinstance.py:3312} INFO - 0 downstream tasks scheduled from follow-on schedule check
[2026-01-17T13:41:10.813+0000] {taskinstance.py:1979} INFO - Dependencies all met for dep_context=non-requeueable deps ti=<TaskInstance: ModelDevelop.get_data scheduled__2026-01-10T19:00:00+00:00 [queued]>
[2026-01-17T13:41:10.820+0000] {taskinstance.py:1979} INFO - Dependencies all met for dep_context=requeueable deps ti=<TaskInstance: ModelDevelop.get_data scheduled__2026-01-10T19:00:00+00:00 [queued]>
[2026-01-17T13:41:10.820+0000] {taskinstance.py:2193} INFO - Starting attempt 1 of 2
[2026-01-17T13:41:10.831+0000] {taskinstance.py:2217} INFO - Executing <Task(PythonOperator): get_data> on 2026-01-10 19:00:00+00:00
[2026-01-17T13:41:10.839+0000] {standard_task_runner.py:60} INFO - Started process 27385 to run task
[2026-01-17T13:41:10.853+0000] {standard_task_runner.py:87} INFO - Running: ['***', 'tasks', 'run', 'ModelDevelop', 'get_data', 'scheduled__2026-01-10T19:00:00+00:00', '--job-id', '412', '--raw', '--subdir', 'DAGS_FOLDER/example.py', '--cfg-path', '/tmp/tmpozihdu08']
[2026-01-17T13:41:10.854+0000] {standard_task_runner.py:88} INFO - Job 412: Subtask get_data
[2026-01-17T13:41:10.894+0000] {warnings.py:109} WARNING - /home/***/.local/lib/python3.9/site-packages/***/settings.py:194: DeprecationWarning: The sql_alchemy_conn option in [core] has been moved to the sql_alchemy_conn option in [database] - the old setting has been used, but please update your config.
  SQL_ALCHEMY_CONN = conf.get("database", "SQL_ALCHEMY_CONN")

[2026-01-17T13:41:10.937+0000] {task_command.py:423} INFO - Running <TaskInstance: ModelDevelop.get_data scheduled__2026-01-10T19:00:00+00:00 [running]> on host 5330652dc216
[2026-01-17T13:41:11.028+0000] {taskinstance.py:2513} INFO - Exporting env vars: AIRFLOW_CTX_DAG_OWNER='***' AIRFLOW_CTX_DAG_ID='ModelDevelop' AIRFLOW_CTX_TASK_ID='get_data' AIRFLOW_CTX_EXECUTION_DATE='2026-01-10T19:00:00+00:00' AIRFLOW_CTX_TRY_NUMBER='1' AIRFLOW_CTX_DAG_RUN_ID='scheduled__2026-01-10T19:00:00+00:00'
[2026-01-17T13:41:11.037+0000] {python.py:202} INFO - Done. Returned value was: ./iris.csv
[2026-01-17T13:41:11.056+0000] {taskinstance.py:1149} INFO - Marking task as SUCCESS. dag_id=ModelDevelop, task_id=get_data, execution_date=20260110T190000, start_date=20260117T134110, end_date=20260117T134111
[2026-01-17T13:41:11.107+0000] {local_task_job_runner.py:234} INFO - Task exited with return code 0
[2026-01-17T13:41:11.125+0000] {taskinstance.py:3312} INFO - 1 downstream tasks scheduled from follow-on schedule check
