[2026-01-16T07:54:45.666+0000] {taskinstance.py:1979} INFO - Dependencies all met for dep_context=non-requeueable deps ti=<TaskInstance: ModelDevelop.get_data scheduled__2026-01-05T09:00:00+00:00 [queued]>
[2026-01-16T07:54:45.671+0000] {taskinstance.py:1979} INFO - Dependencies all met for dep_context=requeueable deps ti=<TaskInstance: ModelDevelop.get_data scheduled__2026-01-05T09:00:00+00:00 [queued]>
[2026-01-16T07:54:45.671+0000] {taskinstance.py:2193} INFO - Starting attempt 1 of 2
[2026-01-16T07:54:45.736+0000] {taskinstance.py:2217} INFO - Executing <Task(PythonOperator): get_data> on 2026-01-05 09:00:00+00:00
[2026-01-16T07:54:45.748+0000] {standard_task_runner.py:60} INFO - Started process 11162 to run task
[2026-01-16T07:54:45.752+0000] {standard_task_runner.py:87} INFO - Running: ['***', 'tasks', 'run', 'ModelDevelop', 'get_data', 'scheduled__2026-01-05T09:00:00+00:00', '--job-id', '164', '--raw', '--subdir', 'DAGS_FOLDER/example.py', '--cfg-path', '/tmp/tmpmdwo7pms']
[2026-01-16T07:54:45.753+0000] {standard_task_runner.py:88} INFO - Job 164: Subtask get_data
[2026-01-16T07:54:45.765+0000] {warnings.py:109} WARNING - /home/***/.local/lib/python3.9/site-packages/***/settings.py:194: DeprecationWarning: The sql_alchemy_conn option in [core] has been moved to the sql_alchemy_conn option in [database] - the old setting has been used, but please update your config.
  SQL_ALCHEMY_CONN = conf.get("database", "SQL_ALCHEMY_CONN")

[2026-01-16T07:54:45.793+0000] {task_command.py:423} INFO - Running <TaskInstance: ModelDevelop.get_data scheduled__2026-01-05T09:00:00+00:00 [running]> on host 8a4f043652f0
[2026-01-16T07:54:45.877+0000] {taskinstance.py:2513} INFO - Exporting env vars: AIRFLOW_CTX_DAG_OWNER='***' AIRFLOW_CTX_DAG_ID='ModelDevelop' AIRFLOW_CTX_TASK_ID='get_data' AIRFLOW_CTX_EXECUTION_DATE='2026-01-05T09:00:00+00:00' AIRFLOW_CTX_TRY_NUMBER='1' AIRFLOW_CTX_DAG_RUN_ID='scheduled__2026-01-05T09:00:00+00:00'
[2026-01-16T07:54:45.890+0000] {python.py:202} INFO - Done. Returned value was: ./iris.csv
[2026-01-16T07:54:45.923+0000] {taskinstance.py:1149} INFO - Marking task as SUCCESS. dag_id=ModelDevelop, task_id=get_data, execution_date=20260105T090000, start_date=20260116T075445, end_date=20260116T075445
[2026-01-16T07:54:45.964+0000] {local_task_job_runner.py:234} INFO - Task exited with return code 0
[2026-01-16T07:54:45.985+0000] {taskinstance.py:3312} INFO - 1 downstream tasks scheduled from follow-on schedule check
[2026-01-17T13:18:20.504+0000] {taskinstance.py:1979} INFO - Dependencies all met for dep_context=non-requeueable deps ti=<TaskInstance: ModelDevelop.get_data scheduled__2026-01-05T09:00:00+00:00 [queued]>
[2026-01-17T13:18:20.511+0000] {taskinstance.py:1979} INFO - Dependencies all met for dep_context=requeueable deps ti=<TaskInstance: ModelDevelop.get_data scheduled__2026-01-05T09:00:00+00:00 [queued]>
[2026-01-17T13:18:20.511+0000] {taskinstance.py:2193} INFO - Starting attempt 1 of 2
[2026-01-17T13:18:20.581+0000] {taskinstance.py:2217} INFO - Executing <Task(PythonOperator): get_data> on 2026-01-05 09:00:00+00:00
[2026-01-17T13:18:20.590+0000] {standard_task_runner.py:60} INFO - Started process 11164 to run task
[2026-01-17T13:18:20.592+0000] {standard_task_runner.py:87} INFO - Running: ['***', 'tasks', 'run', 'ModelDevelop', 'get_data', 'scheduled__2026-01-05T09:00:00+00:00', '--job-id', '163', '--raw', '--subdir', 'DAGS_FOLDER/example.py', '--cfg-path', '/tmp/tmpafv8wffv']
[2026-01-17T13:18:20.593+0000] {standard_task_runner.py:88} INFO - Job 163: Subtask get_data
[2026-01-17T13:18:20.604+0000] {warnings.py:109} WARNING - /home/***/.local/lib/python3.9/site-packages/***/settings.py:194: DeprecationWarning: The sql_alchemy_conn option in [core] has been moved to the sql_alchemy_conn option in [database] - the old setting has been used, but please update your config.
  SQL_ALCHEMY_CONN = conf.get("database", "SQL_ALCHEMY_CONN")

[2026-01-17T13:18:20.633+0000] {task_command.py:423} INFO - Running <TaskInstance: ModelDevelop.get_data scheduled__2026-01-05T09:00:00+00:00 [running]> on host ed3184b6b543
[2026-01-17T13:18:20.735+0000] {taskinstance.py:2513} INFO - Exporting env vars: AIRFLOW_CTX_DAG_OWNER='***' AIRFLOW_CTX_DAG_ID='ModelDevelop' AIRFLOW_CTX_TASK_ID='get_data' AIRFLOW_CTX_EXECUTION_DATE='2026-01-05T09:00:00+00:00' AIRFLOW_CTX_TRY_NUMBER='1' AIRFLOW_CTX_DAG_RUN_ID='scheduled__2026-01-05T09:00:00+00:00'
[2026-01-17T13:18:20.745+0000] {python.py:202} INFO - Done. Returned value was: ./iris.csv
[2026-01-17T13:18:20.785+0000] {taskinstance.py:1149} INFO - Marking task as SUCCESS. dag_id=ModelDevelop, task_id=get_data, execution_date=20260105T090000, start_date=20260117T131820, end_date=20260117T131820
[2026-01-17T13:18:20.844+0000] {local_task_job_runner.py:234} INFO - Task exited with return code 0
[2026-01-17T13:18:20.864+0000] {taskinstance.py:3312} INFO - 1 downstream tasks scheduled from follow-on schedule check
[2026-01-17T13:39:42.110+0000] {taskinstance.py:1979} INFO - Dependencies all met for dep_context=non-requeueable deps ti=<TaskInstance: ModelDevelop.get_data scheduled__2026-01-05T09:00:00+00:00 [queued]>
[2026-01-17T13:39:42.116+0000] {taskinstance.py:1979} INFO - Dependencies all met for dep_context=requeueable deps ti=<TaskInstance: ModelDevelop.get_data scheduled__2026-01-05T09:00:00+00:00 [queued]>
[2026-01-17T13:39:42.117+0000] {taskinstance.py:2193} INFO - Starting attempt 1 of 2
[2026-01-17T13:39:42.126+0000] {taskinstance.py:2217} INFO - Executing <Task(PythonOperator): get_data> on 2026-01-05 09:00:00+00:00
[2026-01-17T13:39:42.134+0000] {standard_task_runner.py:60} INFO - Started process 11097 to run task
[2026-01-17T13:39:42.137+0000] {standard_task_runner.py:87} INFO - Running: ['***', 'tasks', 'run', 'ModelDevelop', 'get_data', 'scheduled__2026-01-05T09:00:00+00:00', '--job-id', '163', '--raw', '--subdir', 'DAGS_FOLDER/example.py', '--cfg-path', '/tmp/tmpzpgktd7e']
[2026-01-17T13:39:42.137+0000] {standard_task_runner.py:88} INFO - Job 163: Subtask get_data
[2026-01-17T13:39:42.149+0000] {warnings.py:109} WARNING - /home/***/.local/lib/python3.9/site-packages/***/settings.py:194: DeprecationWarning: The sql_alchemy_conn option in [core] has been moved to the sql_alchemy_conn option in [database] - the old setting has been used, but please update your config.
  SQL_ALCHEMY_CONN = conf.get("database", "SQL_ALCHEMY_CONN")

[2026-01-17T13:39:42.187+0000] {task_command.py:423} INFO - Running <TaskInstance: ModelDevelop.get_data scheduled__2026-01-05T09:00:00+00:00 [running]> on host 5330652dc216
[2026-01-17T13:39:42.304+0000] {taskinstance.py:2513} INFO - Exporting env vars: AIRFLOW_CTX_DAG_OWNER='***' AIRFLOW_CTX_DAG_ID='ModelDevelop' AIRFLOW_CTX_TASK_ID='get_data' AIRFLOW_CTX_EXECUTION_DATE='2026-01-05T09:00:00+00:00' AIRFLOW_CTX_TRY_NUMBER='1' AIRFLOW_CTX_DAG_RUN_ID='scheduled__2026-01-05T09:00:00+00:00'
[2026-01-17T13:39:42.316+0000] {python.py:202} INFO - Done. Returned value was: ./iris.csv
[2026-01-17T13:39:42.366+0000] {taskinstance.py:1149} INFO - Marking task as SUCCESS. dag_id=ModelDevelop, task_id=get_data, execution_date=20260105T090000, start_date=20260117T133942, end_date=20260117T133942
[2026-01-17T13:39:42.389+0000] {local_task_job_runner.py:234} INFO - Task exited with return code 0
[2026-01-17T13:39:42.407+0000] {taskinstance.py:3312} INFO - 1 downstream tasks scheduled from follow-on schedule check
