[2026-01-16T07:55:27.190+0000] {taskinstance.py:1979} INFO - Dependencies all met for dep_context=non-requeueable deps ti=<TaskInstance: ModelDevelop.get_data scheduled__2026-01-08T06:00:00+00:00 [queued]>
[2026-01-16T07:55:27.197+0000] {taskinstance.py:1979} INFO - Dependencies all met for dep_context=requeueable deps ti=<TaskInstance: ModelDevelop.get_data scheduled__2026-01-08T06:00:00+00:00 [queued]>
[2026-01-16T07:55:27.197+0000] {taskinstance.py:2193} INFO - Starting attempt 1 of 2
[2026-01-16T07:55:27.212+0000] {taskinstance.py:2217} INFO - Executing <Task(PythonOperator): get_data> on 2026-01-08 06:00:00+00:00
[2026-01-16T07:55:27.239+0000] {standard_task_runner.py:60} INFO - Started process 19843 to run task
[2026-01-16T07:55:27.241+0000] {standard_task_runner.py:87} INFO - Running: ['***', 'tasks', 'run', 'ModelDevelop', 'get_data', 'scheduled__2026-01-08T06:00:00+00:00', '--job-id', '296', '--raw', '--subdir', 'DAGS_FOLDER/example.py', '--cfg-path', '/tmp/tmpm2n_xnto']
[2026-01-16T07:55:27.242+0000] {standard_task_runner.py:88} INFO - Job 296: Subtask get_data
[2026-01-16T07:55:27.258+0000] {warnings.py:109} WARNING - /home/***/.local/lib/python3.9/site-packages/***/settings.py:194: DeprecationWarning: The sql_alchemy_conn option in [core] has been moved to the sql_alchemy_conn option in [database] - the old setting has been used, but please update your config.
  SQL_ALCHEMY_CONN = conf.get("database", "SQL_ALCHEMY_CONN")

[2026-01-16T07:55:27.291+0000] {task_command.py:423} INFO - Running <TaskInstance: ModelDevelop.get_data scheduled__2026-01-08T06:00:00+00:00 [running]> on host 8a4f043652f0
[2026-01-16T07:55:27.354+0000] {taskinstance.py:2513} INFO - Exporting env vars: AIRFLOW_CTX_DAG_OWNER='***' AIRFLOW_CTX_DAG_ID='ModelDevelop' AIRFLOW_CTX_TASK_ID='get_data' AIRFLOW_CTX_EXECUTION_DATE='2026-01-08T06:00:00+00:00' AIRFLOW_CTX_TRY_NUMBER='1' AIRFLOW_CTX_DAG_RUN_ID='scheduled__2026-01-08T06:00:00+00:00'
[2026-01-16T07:55:27.366+0000] {python.py:202} INFO - Done. Returned value was: ./iris.csv
[2026-01-16T07:55:27.408+0000] {taskinstance.py:1149} INFO - Marking task as SUCCESS. dag_id=ModelDevelop, task_id=get_data, execution_date=20260108T060000, start_date=20260116T075527, end_date=20260116T075527
[2026-01-16T07:55:27.459+0000] {local_task_job_runner.py:234} INFO - Task exited with return code 0
[2026-01-16T07:55:27.474+0000] {taskinstance.py:3312} INFO - 0 downstream tasks scheduled from follow-on schedule check
[2026-01-17T13:19:05.468+0000] {taskinstance.py:1979} INFO - Dependencies all met for dep_context=non-requeueable deps ti=<TaskInstance: ModelDevelop.get_data scheduled__2026-01-08T06:00:00+00:00 [queued]>
[2026-01-17T13:19:05.478+0000] {taskinstance.py:1979} INFO - Dependencies all met for dep_context=requeueable deps ti=<TaskInstance: ModelDevelop.get_data scheduled__2026-01-08T06:00:00+00:00 [queued]>
[2026-01-17T13:19:05.478+0000] {taskinstance.py:2193} INFO - Starting attempt 1 of 2
[2026-01-17T13:19:05.488+0000] {taskinstance.py:2217} INFO - Executing <Task(PythonOperator): get_data> on 2026-01-08 06:00:00+00:00
[2026-01-17T13:19:05.500+0000] {standard_task_runner.py:60} INFO - Started process 19808 to run task
[2026-01-17T13:19:05.518+0000] {standard_task_runner.py:87} INFO - Running: ['***', 'tasks', 'run', 'ModelDevelop', 'get_data', 'scheduled__2026-01-08T06:00:00+00:00', '--job-id', '296', '--raw', '--subdir', 'DAGS_FOLDER/example.py', '--cfg-path', '/tmp/tmp15uvl2_i']
[2026-01-17T13:19:05.519+0000] {standard_task_runner.py:88} INFO - Job 296: Subtask get_data
[2026-01-17T13:19:05.533+0000] {warnings.py:109} WARNING - /home/***/.local/lib/python3.9/site-packages/***/settings.py:194: DeprecationWarning: The sql_alchemy_conn option in [core] has been moved to the sql_alchemy_conn option in [database] - the old setting has been used, but please update your config.
  SQL_ALCHEMY_CONN = conf.get("database", "SQL_ALCHEMY_CONN")

[2026-01-17T13:19:05.563+0000] {task_command.py:423} INFO - Running <TaskInstance: ModelDevelop.get_data scheduled__2026-01-08T06:00:00+00:00 [running]> on host ed3184b6b543
[2026-01-17T13:19:05.652+0000] {taskinstance.py:2513} INFO - Exporting env vars: AIRFLOW_CTX_DAG_OWNER='***' AIRFLOW_CTX_DAG_ID='ModelDevelop' AIRFLOW_CTX_TASK_ID='get_data' AIRFLOW_CTX_EXECUTION_DATE='2026-01-08T06:00:00+00:00' AIRFLOW_CTX_TRY_NUMBER='1' AIRFLOW_CTX_DAG_RUN_ID='scheduled__2026-01-08T06:00:00+00:00'
[2026-01-17T13:19:05.662+0000] {python.py:202} INFO - Done. Returned value was: ./iris.csv
[2026-01-17T13:19:05.702+0000] {taskinstance.py:1149} INFO - Marking task as SUCCESS. dag_id=ModelDevelop, task_id=get_data, execution_date=20260108T060000, start_date=20260117T131905, end_date=20260117T131905
[2026-01-17T13:19:05.722+0000] {local_task_job_runner.py:234} INFO - Task exited with return code 0
[2026-01-17T13:19:05.742+0000] {taskinstance.py:3312} INFO - 1 downstream tasks scheduled from follow-on schedule check
[2026-01-17T13:40:34.891+0000] {taskinstance.py:1979} INFO - Dependencies all met for dep_context=non-requeueable deps ti=<TaskInstance: ModelDevelop.get_data scheduled__2026-01-08T06:00:00+00:00 [queued]>
[2026-01-17T13:40:34.897+0000] {taskinstance.py:1979} INFO - Dependencies all met for dep_context=requeueable deps ti=<TaskInstance: ModelDevelop.get_data scheduled__2026-01-08T06:00:00+00:00 [queued]>
[2026-01-17T13:40:34.897+0000] {taskinstance.py:2193} INFO - Starting attempt 1 of 2
[2026-01-17T13:40:34.906+0000] {taskinstance.py:2217} INFO - Executing <Task(PythonOperator): get_data> on 2026-01-08 06:00:00+00:00
[2026-01-17T13:40:34.916+0000] {standard_task_runner.py:60} INFO - Started process 20541 to run task
[2026-01-17T13:40:34.922+0000] {standard_task_runner.py:87} INFO - Running: ['***', 'tasks', 'run', 'ModelDevelop', 'get_data', 'scheduled__2026-01-08T06:00:00+00:00', '--job-id', '302', '--raw', '--subdir', 'DAGS_FOLDER/example.py', '--cfg-path', '/tmp/tmpyd2ed4jc']
[2026-01-17T13:40:34.923+0000] {standard_task_runner.py:88} INFO - Job 302: Subtask get_data
[2026-01-17T13:40:34.934+0000] {warnings.py:109} WARNING - /home/***/.local/lib/python3.9/site-packages/***/settings.py:194: DeprecationWarning: The sql_alchemy_conn option in [core] has been moved to the sql_alchemy_conn option in [database] - the old setting has been used, but please update your config.
  SQL_ALCHEMY_CONN = conf.get("database", "SQL_ALCHEMY_CONN")

[2026-01-17T13:40:34.964+0000] {task_command.py:423} INFO - Running <TaskInstance: ModelDevelop.get_data scheduled__2026-01-08T06:00:00+00:00 [running]> on host 5330652dc216
[2026-01-17T13:40:35.041+0000] {taskinstance.py:2513} INFO - Exporting env vars: AIRFLOW_CTX_DAG_OWNER='***' AIRFLOW_CTX_DAG_ID='ModelDevelop' AIRFLOW_CTX_TASK_ID='get_data' AIRFLOW_CTX_EXECUTION_DATE='2026-01-08T06:00:00+00:00' AIRFLOW_CTX_TRY_NUMBER='1' AIRFLOW_CTX_DAG_RUN_ID='scheduled__2026-01-08T06:00:00+00:00'
[2026-01-17T13:40:35.053+0000] {python.py:202} INFO - Done. Returned value was: ./iris.csv
[2026-01-17T13:40:35.094+0000] {taskinstance.py:1149} INFO - Marking task as SUCCESS. dag_id=ModelDevelop, task_id=get_data, execution_date=20260108T060000, start_date=20260117T134034, end_date=20260117T134035
[2026-01-17T13:40:35.176+0000] {local_task_job_runner.py:234} INFO - Task exited with return code 0
[2026-01-17T13:40:35.194+0000] {taskinstance.py:3312} INFO - 1 downstream tasks scheduled from follow-on schedule check
