[2026-01-16T07:56:08.506+0000] {taskinstance.py:1979} INFO - Dependencies all met for dep_context=non-requeueable deps ti=<TaskInstance: ModelDevelop.get_data scheduled__2026-01-10T17:00:00+00:00 [queued]>
[2026-01-16T07:56:08.512+0000] {taskinstance.py:1979} INFO - Dependencies all met for dep_context=requeueable deps ti=<TaskInstance: ModelDevelop.get_data scheduled__2026-01-10T17:00:00+00:00 [queued]>
[2026-01-16T07:56:08.512+0000] {taskinstance.py:2193} INFO - Starting attempt 1 of 2
[2026-01-16T07:56:08.525+0000] {taskinstance.py:2217} INFO - Executing <Task(PythonOperator): get_data> on 2026-01-10 17:00:00+00:00
[2026-01-16T07:56:08.534+0000] {standard_task_runner.py:60} INFO - Started process 28313 to run task
[2026-01-16T07:56:08.551+0000] {standard_task_runner.py:87} INFO - Running: ['***', 'tasks', 'run', 'ModelDevelop', 'get_data', 'scheduled__2026-01-10T17:00:00+00:00', '--job-id', '419', '--raw', '--subdir', 'DAGS_FOLDER/example.py', '--cfg-path', '/tmp/tmpeto_iq0i']
[2026-01-16T07:56:08.552+0000] {standard_task_runner.py:88} INFO - Job 419: Subtask get_data
[2026-01-16T07:56:08.592+0000] {warnings.py:109} WARNING - /home/***/.local/lib/python3.9/site-packages/***/settings.py:194: DeprecationWarning: The sql_alchemy_conn option in [core] has been moved to the sql_alchemy_conn option in [database] - the old setting has been used, but please update your config.
  SQL_ALCHEMY_CONN = conf.get("database", "SQL_ALCHEMY_CONN")

[2026-01-16T07:56:08.660+0000] {task_command.py:423} INFO - Running <TaskInstance: ModelDevelop.get_data scheduled__2026-01-10T17:00:00+00:00 [running]> on host 8a4f043652f0
[2026-01-16T07:56:08.731+0000] {taskinstance.py:2513} INFO - Exporting env vars: AIRFLOW_CTX_DAG_OWNER='***' AIRFLOW_CTX_DAG_ID='ModelDevelop' AIRFLOW_CTX_TASK_ID='get_data' AIRFLOW_CTX_EXECUTION_DATE='2026-01-10T17:00:00+00:00' AIRFLOW_CTX_TRY_NUMBER='1' AIRFLOW_CTX_DAG_RUN_ID='scheduled__2026-01-10T17:00:00+00:00'
[2026-01-16T07:56:08.740+0000] {python.py:202} INFO - Done. Returned value was: ./iris.csv
[2026-01-16T07:56:08.811+0000] {taskinstance.py:1149} INFO - Marking task as SUCCESS. dag_id=ModelDevelop, task_id=get_data, execution_date=20260110T170000, start_date=20260116T075608, end_date=20260116T075608
[2026-01-16T07:56:08.873+0000] {local_task_job_runner.py:234} INFO - Task exited with return code 0
[2026-01-16T07:56:08.891+0000] {taskinstance.py:3312} INFO - 1 downstream tasks scheduled from follow-on schedule check
[2026-01-17T13:19:50.641+0000] {taskinstance.py:1979} INFO - Dependencies all met for dep_context=non-requeueable deps ti=<TaskInstance: ModelDevelop.get_data scheduled__2026-01-10T17:00:00+00:00 [queued]>
[2026-01-17T13:19:50.660+0000] {taskinstance.py:1979} INFO - Dependencies all met for dep_context=requeueable deps ti=<TaskInstance: ModelDevelop.get_data scheduled__2026-01-10T17:00:00+00:00 [queued]>
[2026-01-17T13:19:50.661+0000] {taskinstance.py:2193} INFO - Starting attempt 1 of 2
[2026-01-17T13:19:50.671+0000] {taskinstance.py:2217} INFO - Executing <Task(PythonOperator): get_data> on 2026-01-10 17:00:00+00:00
[2026-01-17T13:19:50.678+0000] {standard_task_runner.py:60} INFO - Started process 28413 to run task
[2026-01-17T13:19:50.690+0000] {standard_task_runner.py:87} INFO - Running: ['***', 'tasks', 'run', 'ModelDevelop', 'get_data', 'scheduled__2026-01-10T17:00:00+00:00', '--job-id', '420', '--raw', '--subdir', 'DAGS_FOLDER/example.py', '--cfg-path', '/tmp/tmpyuu1nndu']
[2026-01-17T13:19:50.691+0000] {standard_task_runner.py:88} INFO - Job 420: Subtask get_data
[2026-01-17T13:19:50.702+0000] {warnings.py:109} WARNING - /home/***/.local/lib/python3.9/site-packages/***/settings.py:194: DeprecationWarning: The sql_alchemy_conn option in [core] has been moved to the sql_alchemy_conn option in [database] - the old setting has been used, but please update your config.
  SQL_ALCHEMY_CONN = conf.get("database", "SQL_ALCHEMY_CONN")

[2026-01-17T13:19:50.733+0000] {task_command.py:423} INFO - Running <TaskInstance: ModelDevelop.get_data scheduled__2026-01-10T17:00:00+00:00 [running]> on host ed3184b6b543
[2026-01-17T13:19:50.814+0000] {taskinstance.py:2513} INFO - Exporting env vars: AIRFLOW_CTX_DAG_OWNER='***' AIRFLOW_CTX_DAG_ID='ModelDevelop' AIRFLOW_CTX_TASK_ID='get_data' AIRFLOW_CTX_EXECUTION_DATE='2026-01-10T17:00:00+00:00' AIRFLOW_CTX_TRY_NUMBER='1' AIRFLOW_CTX_DAG_RUN_ID='scheduled__2026-01-10T17:00:00+00:00'
[2026-01-17T13:19:50.824+0000] {python.py:202} INFO - Done. Returned value was: ./iris.csv
[2026-01-17T13:19:50.841+0000] {taskinstance.py:1149} INFO - Marking task as SUCCESS. dag_id=ModelDevelop, task_id=get_data, execution_date=20260110T170000, start_date=20260117T131950, end_date=20260117T131950
[2026-01-17T13:19:50.863+0000] {local_task_job_runner.py:234} INFO - Task exited with return code 0
[2026-01-17T13:19:50.883+0000] {taskinstance.py:3312} INFO - 1 downstream tasks scheduled from follow-on schedule check
[2026-01-17T13:41:10.591+0000] {taskinstance.py:1979} INFO - Dependencies all met for dep_context=non-requeueable deps ti=<TaskInstance: ModelDevelop.get_data scheduled__2026-01-10T17:00:00+00:00 [queued]>
[2026-01-17T13:41:10.598+0000] {taskinstance.py:1979} INFO - Dependencies all met for dep_context=requeueable deps ti=<TaskInstance: ModelDevelop.get_data scheduled__2026-01-10T17:00:00+00:00 [queued]>
[2026-01-17T13:41:10.598+0000] {taskinstance.py:2193} INFO - Starting attempt 1 of 2
[2026-01-17T13:41:10.612+0000] {taskinstance.py:2217} INFO - Executing <Task(PythonOperator): get_data> on 2026-01-10 17:00:00+00:00
[2026-01-17T13:41:10.626+0000] {standard_task_runner.py:60} INFO - Started process 27317 to run task
[2026-01-17T13:41:10.634+0000] {standard_task_runner.py:87} INFO - Running: ['***', 'tasks', 'run', 'ModelDevelop', 'get_data', 'scheduled__2026-01-10T17:00:00+00:00', '--job-id', '410', '--raw', '--subdir', 'DAGS_FOLDER/example.py', '--cfg-path', '/tmp/tmp2i_9ig_h']
[2026-01-17T13:41:10.634+0000] {standard_task_runner.py:88} INFO - Job 410: Subtask get_data
[2026-01-17T13:41:10.662+0000] {warnings.py:109} WARNING - /home/***/.local/lib/python3.9/site-packages/***/settings.py:194: DeprecationWarning: The sql_alchemy_conn option in [core] has been moved to the sql_alchemy_conn option in [database] - the old setting has been used, but please update your config.
  SQL_ALCHEMY_CONN = conf.get("database", "SQL_ALCHEMY_CONN")

[2026-01-17T13:41:10.704+0000] {task_command.py:423} INFO - Running <TaskInstance: ModelDevelop.get_data scheduled__2026-01-10T17:00:00+00:00 [running]> on host 5330652dc216
[2026-01-17T13:41:10.770+0000] {taskinstance.py:2513} INFO - Exporting env vars: AIRFLOW_CTX_DAG_OWNER='***' AIRFLOW_CTX_DAG_ID='ModelDevelop' AIRFLOW_CTX_TASK_ID='get_data' AIRFLOW_CTX_EXECUTION_DATE='2026-01-10T17:00:00+00:00' AIRFLOW_CTX_TRY_NUMBER='1' AIRFLOW_CTX_DAG_RUN_ID='scheduled__2026-01-10T17:00:00+00:00'
[2026-01-17T13:41:10.780+0000] {python.py:202} INFO - Done. Returned value was: ./iris.csv
[2026-01-17T13:41:10.795+0000] {taskinstance.py:1149} INFO - Marking task as SUCCESS. dag_id=ModelDevelop, task_id=get_data, execution_date=20260110T170000, start_date=20260117T134110, end_date=20260117T134110
[2026-01-17T13:41:10.823+0000] {local_task_job_runner.py:234} INFO - Task exited with return code 0
[2026-01-17T13:41:10.846+0000] {taskinstance.py:3312} INFO - 1 downstream tasks scheduled from follow-on schedule check
