[2026-01-16T07:56:35.587+0000] {taskinstance.py:1979} INFO - Dependencies all met for dep_context=non-requeueable deps ti=<TaskInstance: ModelDevelop.get_data scheduled__2026-01-12T16:00:00+00:00 [queued]>
[2026-01-16T07:56:35.591+0000] {taskinstance.py:1979} INFO - Dependencies all met for dep_context=requeueable deps ti=<TaskInstance: ModelDevelop.get_data scheduled__2026-01-12T16:00:00+00:00 [queued]>
[2026-01-16T07:56:35.591+0000] {taskinstance.py:2193} INFO - Starting attempt 1 of 2
[2026-01-16T07:56:35.597+0000] {taskinstance.py:2217} INFO - Executing <Task(PythonOperator): get_data> on 2026-01-12 16:00:00+00:00
[2026-01-16T07:56:35.603+0000] {standard_task_runner.py:60} INFO - Started process 34410 to run task
[2026-01-16T07:56:35.605+0000] {standard_task_runner.py:87} INFO - Running: ['***', 'tasks', 'run', 'ModelDevelop', 'get_data', 'scheduled__2026-01-12T16:00:00+00:00', '--job-id', '514', '--raw', '--subdir', 'DAGS_FOLDER/example.py', '--cfg-path', '/tmp/tmpls9eb_cg']
[2026-01-16T07:56:35.606+0000] {standard_task_runner.py:88} INFO - Job 514: Subtask get_data
[2026-01-16T07:56:35.614+0000] {warnings.py:109} WARNING - /home/***/.local/lib/python3.9/site-packages/***/settings.py:194: DeprecationWarning: The sql_alchemy_conn option in [core] has been moved to the sql_alchemy_conn option in [database] - the old setting has been used, but please update your config.
  SQL_ALCHEMY_CONN = conf.get("database", "SQL_ALCHEMY_CONN")

[2026-01-16T07:56:35.637+0000] {task_command.py:423} INFO - Running <TaskInstance: ModelDevelop.get_data scheduled__2026-01-12T16:00:00+00:00 [running]> on host 8a4f043652f0
[2026-01-16T07:56:35.682+0000] {taskinstance.py:2513} INFO - Exporting env vars: AIRFLOW_CTX_DAG_OWNER='***' AIRFLOW_CTX_DAG_ID='ModelDevelop' AIRFLOW_CTX_TASK_ID='get_data' AIRFLOW_CTX_EXECUTION_DATE='2026-01-12T16:00:00+00:00' AIRFLOW_CTX_TRY_NUMBER='1' AIRFLOW_CTX_DAG_RUN_ID='scheduled__2026-01-12T16:00:00+00:00'
[2026-01-16T07:56:35.690+0000] {python.py:202} INFO - Done. Returned value was: ./iris.csv
[2026-01-16T07:56:35.703+0000] {taskinstance.py:1149} INFO - Marking task as SUCCESS. dag_id=ModelDevelop, task_id=get_data, execution_date=20260112T160000, start_date=20260116T075635, end_date=20260116T075635
[2026-01-16T07:56:35.737+0000] {local_task_job_runner.py:234} INFO - Task exited with return code 0
[2026-01-16T07:56:35.754+0000] {taskinstance.py:3312} INFO - 0 downstream tasks scheduled from follow-on schedule check
[2026-01-17T13:20:13.457+0000] {taskinstance.py:1979} INFO - Dependencies all met for dep_context=non-requeueable deps ti=<TaskInstance: ModelDevelop.get_data scheduled__2026-01-12T16:00:00+00:00 [queued]>
[2026-01-17T13:20:13.465+0000] {taskinstance.py:1979} INFO - Dependencies all met for dep_context=requeueable deps ti=<TaskInstance: ModelDevelop.get_data scheduled__2026-01-12T16:00:00+00:00 [queued]>
[2026-01-17T13:20:13.465+0000] {taskinstance.py:2193} INFO - Starting attempt 1 of 2
[2026-01-17T13:20:13.476+0000] {taskinstance.py:2217} INFO - Executing <Task(PythonOperator): get_data> on 2026-01-12 16:00:00+00:00
[2026-01-17T13:20:13.485+0000] {standard_task_runner.py:60} INFO - Started process 33213 to run task
[2026-01-17T13:20:13.487+0000] {standard_task_runner.py:87} INFO - Running: ['***', 'tasks', 'run', 'ModelDevelop', 'get_data', 'scheduled__2026-01-12T16:00:00+00:00', '--job-id', '499', '--raw', '--subdir', 'DAGS_FOLDER/example.py', '--cfg-path', '/tmp/tmpgh7o6w8b']
[2026-01-17T13:20:13.488+0000] {standard_task_runner.py:88} INFO - Job 499: Subtask get_data
[2026-01-17T13:20:13.522+0000] {warnings.py:109} WARNING - /home/***/.local/lib/python3.9/site-packages/***/settings.py:194: DeprecationWarning: The sql_alchemy_conn option in [core] has been moved to the sql_alchemy_conn option in [database] - the old setting has been used, but please update your config.
  SQL_ALCHEMY_CONN = conf.get("database", "SQL_ALCHEMY_CONN")

[2026-01-17T13:20:13.573+0000] {task_command.py:423} INFO - Running <TaskInstance: ModelDevelop.get_data scheduled__2026-01-12T16:00:00+00:00 [running]> on host ed3184b6b543
[2026-01-17T13:20:13.658+0000] {taskinstance.py:2513} INFO - Exporting env vars: AIRFLOW_CTX_DAG_OWNER='***' AIRFLOW_CTX_DAG_ID='ModelDevelop' AIRFLOW_CTX_TASK_ID='get_data' AIRFLOW_CTX_EXECUTION_DATE='2026-01-12T16:00:00+00:00' AIRFLOW_CTX_TRY_NUMBER='1' AIRFLOW_CTX_DAG_RUN_ID='scheduled__2026-01-12T16:00:00+00:00'
[2026-01-17T13:20:13.668+0000] {python.py:202} INFO - Done. Returned value was: ./iris.csv
[2026-01-17T13:20:13.696+0000] {taskinstance.py:1149} INFO - Marking task as SUCCESS. dag_id=ModelDevelop, task_id=get_data, execution_date=20260112T160000, start_date=20260117T132013, end_date=20260117T132013
[2026-01-17T13:20:13.757+0000] {local_task_job_runner.py:234} INFO - Task exited with return code 0
[2026-01-17T13:20:13.786+0000] {taskinstance.py:3312} INFO - 1 downstream tasks scheduled from follow-on schedule check
[2026-01-17T13:41:46.275+0000] {taskinstance.py:1979} INFO - Dependencies all met for dep_context=non-requeueable deps ti=<TaskInstance: ModelDevelop.get_data scheduled__2026-01-12T16:00:00+00:00 [queued]>
[2026-01-17T13:41:46.281+0000] {taskinstance.py:1979} INFO - Dependencies all met for dep_context=requeueable deps ti=<TaskInstance: ModelDevelop.get_data scheduled__2026-01-12T16:00:00+00:00 [queued]>
[2026-01-17T13:41:46.281+0000] {taskinstance.py:2193} INFO - Starting attempt 1 of 2
[2026-01-17T13:41:46.291+0000] {taskinstance.py:2217} INFO - Executing <Task(PythonOperator): get_data> on 2026-01-12 16:00:00+00:00
[2026-01-17T13:41:46.302+0000] {standard_task_runner.py:60} INFO - Started process 33617 to run task
[2026-01-17T13:41:46.310+0000] {standard_task_runner.py:87} INFO - Running: ['***', 'tasks', 'run', 'ModelDevelop', 'get_data', 'scheduled__2026-01-12T16:00:00+00:00', '--job-id', '504', '--raw', '--subdir', 'DAGS_FOLDER/example.py', '--cfg-path', '/tmp/tmpfgevjrk9']
[2026-01-17T13:41:46.311+0000] {standard_task_runner.py:88} INFO - Job 504: Subtask get_data
[2026-01-17T13:41:46.323+0000] {warnings.py:109} WARNING - /home/***/.local/lib/python3.9/site-packages/***/settings.py:194: DeprecationWarning: The sql_alchemy_conn option in [core] has been moved to the sql_alchemy_conn option in [database] - the old setting has been used, but please update your config.
  SQL_ALCHEMY_CONN = conf.get("database", "SQL_ALCHEMY_CONN")

[2026-01-17T13:41:46.355+0000] {task_command.py:423} INFO - Running <TaskInstance: ModelDevelop.get_data scheduled__2026-01-12T16:00:00+00:00 [running]> on host 5330652dc216
[2026-01-17T13:41:46.487+0000] {taskinstance.py:2513} INFO - Exporting env vars: AIRFLOW_CTX_DAG_OWNER='***' AIRFLOW_CTX_DAG_ID='ModelDevelop' AIRFLOW_CTX_TASK_ID='get_data' AIRFLOW_CTX_EXECUTION_DATE='2026-01-12T16:00:00+00:00' AIRFLOW_CTX_TRY_NUMBER='1' AIRFLOW_CTX_DAG_RUN_ID='scheduled__2026-01-12T16:00:00+00:00'
[2026-01-17T13:41:46.498+0000] {python.py:202} INFO - Done. Returned value was: ./iris.csv
[2026-01-17T13:41:46.515+0000] {taskinstance.py:1149} INFO - Marking task as SUCCESS. dag_id=ModelDevelop, task_id=get_data, execution_date=20260112T160000, start_date=20260117T134146, end_date=20260117T134146
[2026-01-17T13:41:46.563+0000] {local_task_job_runner.py:234} INFO - Task exited with return code 0
[2026-01-17T13:41:46.584+0000] {taskinstance.py:3312} INFO - 1 downstream tasks scheduled from follow-on schedule check
