[2026-01-16T07:55:18.639+0000] {taskinstance.py:1979} INFO - Dependencies all met for dep_context=non-requeueable deps ti=<TaskInstance: ModelDevelop.get_data scheduled__2026-01-07T20:00:00+00:00 [queued]>
[2026-01-16T07:55:18.645+0000] {taskinstance.py:1979} INFO - Dependencies all met for dep_context=requeueable deps ti=<TaskInstance: ModelDevelop.get_data scheduled__2026-01-07T20:00:00+00:00 [queued]>
[2026-01-16T07:55:18.646+0000] {taskinstance.py:2193} INFO - Starting attempt 1 of 2
[2026-01-16T07:55:18.668+0000] {taskinstance.py:2217} INFO - Executing <Task(PythonOperator): get_data> on 2026-01-07 20:00:00+00:00
[2026-01-16T07:55:18.679+0000] {standard_task_runner.py:60} INFO - Started process 18001 to run task
[2026-01-16T07:55:18.694+0000] {standard_task_runner.py:87} INFO - Running: ['***', 'tasks', 'run', 'ModelDevelop', 'get_data', 'scheduled__2026-01-07T20:00:00+00:00', '--job-id', '270', '--raw', '--subdir', 'DAGS_FOLDER/example.py', '--cfg-path', '/tmp/tmpcz4ho74f']
[2026-01-16T07:55:18.695+0000] {standard_task_runner.py:88} INFO - Job 270: Subtask get_data
[2026-01-16T07:55:18.718+0000] {warnings.py:109} WARNING - /home/***/.local/lib/python3.9/site-packages/***/settings.py:194: DeprecationWarning: The sql_alchemy_conn option in [core] has been moved to the sql_alchemy_conn option in [database] - the old setting has been used, but please update your config.
  SQL_ALCHEMY_CONN = conf.get("database", "SQL_ALCHEMY_CONN")

[2026-01-16T07:55:18.761+0000] {task_command.py:423} INFO - Running <TaskInstance: ModelDevelop.get_data scheduled__2026-01-07T20:00:00+00:00 [running]> on host 8a4f043652f0
[2026-01-16T07:55:18.829+0000] {taskinstance.py:2513} INFO - Exporting env vars: AIRFLOW_CTX_DAG_OWNER='***' AIRFLOW_CTX_DAG_ID='ModelDevelop' AIRFLOW_CTX_TASK_ID='get_data' AIRFLOW_CTX_EXECUTION_DATE='2026-01-07T20:00:00+00:00' AIRFLOW_CTX_TRY_NUMBER='1' AIRFLOW_CTX_DAG_RUN_ID='scheduled__2026-01-07T20:00:00+00:00'
[2026-01-16T07:55:18.837+0000] {python.py:202} INFO - Done. Returned value was: ./iris.csv
[2026-01-16T07:55:18.851+0000] {taskinstance.py:1149} INFO - Marking task as SUCCESS. dag_id=ModelDevelop, task_id=get_data, execution_date=20260107T200000, start_date=20260116T075518, end_date=20260116T075518
[2026-01-16T07:55:18.900+0000] {local_task_job_runner.py:234} INFO - Task exited with return code 0
[2026-01-16T07:55:18.917+0000] {taskinstance.py:3312} INFO - 1 downstream tasks scheduled from follow-on schedule check
[2026-01-17T13:18:52.226+0000] {taskinstance.py:1979} INFO - Dependencies all met for dep_context=non-requeueable deps ti=<TaskInstance: ModelDevelop.get_data scheduled__2026-01-07T20:00:00+00:00 [queued]>
[2026-01-17T13:18:52.232+0000] {taskinstance.py:1979} INFO - Dependencies all met for dep_context=requeueable deps ti=<TaskInstance: ModelDevelop.get_data scheduled__2026-01-07T20:00:00+00:00 [queued]>
[2026-01-17T13:18:52.232+0000] {taskinstance.py:2193} INFO - Starting attempt 1 of 2
[2026-01-17T13:18:52.243+0000] {taskinstance.py:2217} INFO - Executing <Task(PythonOperator): get_data> on 2026-01-07 20:00:00+00:00
[2026-01-17T13:18:52.251+0000] {standard_task_runner.py:60} INFO - Started process 17905 to run task
[2026-01-17T13:18:52.254+0000] {standard_task_runner.py:87} INFO - Running: ['***', 'tasks', 'run', 'ModelDevelop', 'get_data', 'scheduled__2026-01-07T20:00:00+00:00', '--job-id', '270', '--raw', '--subdir', 'DAGS_FOLDER/example.py', '--cfg-path', '/tmp/tmpj4kseqo2']
[2026-01-17T13:18:52.254+0000] {standard_task_runner.py:88} INFO - Job 270: Subtask get_data
[2026-01-17T13:18:52.266+0000] {warnings.py:109} WARNING - /home/***/.local/lib/python3.9/site-packages/***/settings.py:194: DeprecationWarning: The sql_alchemy_conn option in [core] has been moved to the sql_alchemy_conn option in [database] - the old setting has been used, but please update your config.
  SQL_ALCHEMY_CONN = conf.get("database", "SQL_ALCHEMY_CONN")

[2026-01-17T13:18:52.336+0000] {task_command.py:423} INFO - Running <TaskInstance: ModelDevelop.get_data scheduled__2026-01-07T20:00:00+00:00 [running]> on host ed3184b6b543
[2026-01-17T13:18:52.412+0000] {taskinstance.py:2513} INFO - Exporting env vars: AIRFLOW_CTX_DAG_OWNER='***' AIRFLOW_CTX_DAG_ID='ModelDevelop' AIRFLOW_CTX_TASK_ID='get_data' AIRFLOW_CTX_EXECUTION_DATE='2026-01-07T20:00:00+00:00' AIRFLOW_CTX_TRY_NUMBER='1' AIRFLOW_CTX_DAG_RUN_ID='scheduled__2026-01-07T20:00:00+00:00'
[2026-01-17T13:18:52.423+0000] {python.py:202} INFO - Done. Returned value was: ./iris.csv
[2026-01-17T13:18:52.439+0000] {taskinstance.py:1149} INFO - Marking task as SUCCESS. dag_id=ModelDevelop, task_id=get_data, execution_date=20260107T200000, start_date=20260117T131852, end_date=20260117T131852
[2026-01-17T13:18:52.466+0000] {local_task_job_runner.py:234} INFO - Task exited with return code 0
[2026-01-17T13:18:52.520+0000] {taskinstance.py:3312} INFO - 1 downstream tasks scheduled from follow-on schedule check
[2026-01-17T13:40:25.225+0000] {taskinstance.py:1979} INFO - Dependencies all met for dep_context=non-requeueable deps ti=<TaskInstance: ModelDevelop.get_data scheduled__2026-01-07T20:00:00+00:00 [queued]>
[2026-01-17T13:40:25.231+0000] {taskinstance.py:1979} INFO - Dependencies all met for dep_context=requeueable deps ti=<TaskInstance: ModelDevelop.get_data scheduled__2026-01-07T20:00:00+00:00 [queued]>
[2026-01-17T13:40:25.231+0000] {taskinstance.py:2193} INFO - Starting attempt 1 of 2
[2026-01-17T13:40:25.239+0000] {taskinstance.py:2217} INFO - Executing <Task(PythonOperator): get_data> on 2026-01-07 20:00:00+00:00
[2026-01-17T13:40:25.245+0000] {standard_task_runner.py:60} INFO - Started process 18503 to run task
[2026-01-17T13:40:25.247+0000] {standard_task_runner.py:87} INFO - Running: ['***', 'tasks', 'run', 'ModelDevelop', 'get_data', 'scheduled__2026-01-07T20:00:00+00:00', '--job-id', '277', '--raw', '--subdir', 'DAGS_FOLDER/example.py', '--cfg-path', '/tmp/tmp5wjcr34s']
[2026-01-17T13:40:25.248+0000] {standard_task_runner.py:88} INFO - Job 277: Subtask get_data
[2026-01-17T13:40:25.258+0000] {warnings.py:109} WARNING - /home/***/.local/lib/python3.9/site-packages/***/settings.py:194: DeprecationWarning: The sql_alchemy_conn option in [core] has been moved to the sql_alchemy_conn option in [database] - the old setting has been used, but please update your config.
  SQL_ALCHEMY_CONN = conf.get("database", "SQL_ALCHEMY_CONN")

[2026-01-17T13:40:25.330+0000] {task_command.py:423} INFO - Running <TaskInstance: ModelDevelop.get_data scheduled__2026-01-07T20:00:00+00:00 [running]> on host 5330652dc216
[2026-01-17T13:40:25.399+0000] {taskinstance.py:2513} INFO - Exporting env vars: AIRFLOW_CTX_DAG_OWNER='***' AIRFLOW_CTX_DAG_ID='ModelDevelop' AIRFLOW_CTX_TASK_ID='get_data' AIRFLOW_CTX_EXECUTION_DATE='2026-01-07T20:00:00+00:00' AIRFLOW_CTX_TRY_NUMBER='1' AIRFLOW_CTX_DAG_RUN_ID='scheduled__2026-01-07T20:00:00+00:00'
[2026-01-17T13:40:25.411+0000] {python.py:202} INFO - Done. Returned value was: ./iris.csv
[2026-01-17T13:40:25.468+0000] {taskinstance.py:1149} INFO - Marking task as SUCCESS. dag_id=ModelDevelop, task_id=get_data, execution_date=20260107T200000, start_date=20260117T134025, end_date=20260117T134025
[2026-01-17T13:40:25.500+0000] {local_task_job_runner.py:234} INFO - Task exited with return code 0
[2026-01-17T13:40:25.517+0000] {taskinstance.py:3312} INFO - 1 downstream tasks scheduled from follow-on schedule check
