[2026-01-16T07:55:48.346+0000] {taskinstance.py:1979} INFO - Dependencies all met for dep_context=non-requeueable deps ti=<TaskInstance: ModelDevelop.get_data scheduled__2026-01-09T12:00:00+00:00 [queued]>
[2026-01-16T07:55:48.352+0000] {taskinstance.py:1979} INFO - Dependencies all met for dep_context=requeueable deps ti=<TaskInstance: ModelDevelop.get_data scheduled__2026-01-09T12:00:00+00:00 [queued]>
[2026-01-16T07:55:48.352+0000] {taskinstance.py:2193} INFO - Starting attempt 1 of 2
[2026-01-16T07:55:48.360+0000] {taskinstance.py:2217} INFO - Executing <Task(PythonOperator): get_data> on 2026-01-09 12:00:00+00:00
[2026-01-16T07:55:48.367+0000] {standard_task_runner.py:60} INFO - Started process 24027 to run task
[2026-01-16T07:55:48.390+0000] {standard_task_runner.py:87} INFO - Running: ['***', 'tasks', 'run', 'ModelDevelop', 'get_data', 'scheduled__2026-01-09T12:00:00+00:00', '--job-id', '357', '--raw', '--subdir', 'DAGS_FOLDER/example.py', '--cfg-path', '/tmp/tmpqangy2vq']
[2026-01-16T07:55:48.391+0000] {standard_task_runner.py:88} INFO - Job 357: Subtask get_data
[2026-01-16T07:55:48.430+0000] {warnings.py:109} WARNING - /home/***/.local/lib/python3.9/site-packages/***/settings.py:194: DeprecationWarning: The sql_alchemy_conn option in [core] has been moved to the sql_alchemy_conn option in [database] - the old setting has been used, but please update your config.
  SQL_ALCHEMY_CONN = conf.get("database", "SQL_ALCHEMY_CONN")

[2026-01-16T07:55:48.463+0000] {task_command.py:423} INFO - Running <TaskInstance: ModelDevelop.get_data scheduled__2026-01-09T12:00:00+00:00 [running]> on host 8a4f043652f0
[2026-01-16T07:55:48.553+0000] {taskinstance.py:2513} INFO - Exporting env vars: AIRFLOW_CTX_DAG_OWNER='***' AIRFLOW_CTX_DAG_ID='ModelDevelop' AIRFLOW_CTX_TASK_ID='get_data' AIRFLOW_CTX_EXECUTION_DATE='2026-01-09T12:00:00+00:00' AIRFLOW_CTX_TRY_NUMBER='1' AIRFLOW_CTX_DAG_RUN_ID='scheduled__2026-01-09T12:00:00+00:00'
[2026-01-16T07:55:48.562+0000] {python.py:202} INFO - Done. Returned value was: ./iris.csv
[2026-01-16T07:55:48.577+0000] {taskinstance.py:1149} INFO - Marking task as SUCCESS. dag_id=ModelDevelop, task_id=get_data, execution_date=20260109T120000, start_date=20260116T075548, end_date=20260116T075548
[2026-01-16T07:55:48.621+0000] {local_task_job_runner.py:234} INFO - Task exited with return code 0
[2026-01-16T07:55:48.711+0000] {taskinstance.py:3312} INFO - 0 downstream tasks scheduled from follow-on schedule check
[2026-01-17T13:19:29.813+0000] {taskinstance.py:1979} INFO - Dependencies all met for dep_context=non-requeueable deps ti=<TaskInstance: ModelDevelop.get_data scheduled__2026-01-09T12:00:00+00:00 [queued]>
[2026-01-17T13:19:29.820+0000] {taskinstance.py:1979} INFO - Dependencies all met for dep_context=requeueable deps ti=<TaskInstance: ModelDevelop.get_data scheduled__2026-01-09T12:00:00+00:00 [queued]>
[2026-01-17T13:19:29.820+0000] {taskinstance.py:2193} INFO - Starting attempt 1 of 2
[2026-01-17T13:19:29.829+0000] {taskinstance.py:2217} INFO - Executing <Task(PythonOperator): get_data> on 2026-01-09 12:00:00+00:00
[2026-01-17T13:19:29.838+0000] {standard_task_runner.py:60} INFO - Started process 24129 to run task
[2026-01-17T13:19:29.840+0000] {standard_task_runner.py:87} INFO - Running: ['***', 'tasks', 'run', 'ModelDevelop', 'get_data', 'scheduled__2026-01-09T12:00:00+00:00', '--job-id', '359', '--raw', '--subdir', 'DAGS_FOLDER/example.py', '--cfg-path', '/tmp/tmpc0a5u5tc']
[2026-01-17T13:19:29.841+0000] {standard_task_runner.py:88} INFO - Job 359: Subtask get_data
[2026-01-17T13:19:29.849+0000] {warnings.py:109} WARNING - /home/***/.local/lib/python3.9/site-packages/***/settings.py:194: DeprecationWarning: The sql_alchemy_conn option in [core] has been moved to the sql_alchemy_conn option in [database] - the old setting has been used, but please update your config.
  SQL_ALCHEMY_CONN = conf.get("database", "SQL_ALCHEMY_CONN")

[2026-01-17T13:19:29.922+0000] {task_command.py:423} INFO - Running <TaskInstance: ModelDevelop.get_data scheduled__2026-01-09T12:00:00+00:00 [running]> on host ed3184b6b543
[2026-01-17T13:19:29.978+0000] {taskinstance.py:2513} INFO - Exporting env vars: AIRFLOW_CTX_DAG_OWNER='***' AIRFLOW_CTX_DAG_ID='ModelDevelop' AIRFLOW_CTX_TASK_ID='get_data' AIRFLOW_CTX_EXECUTION_DATE='2026-01-09T12:00:00+00:00' AIRFLOW_CTX_TRY_NUMBER='1' AIRFLOW_CTX_DAG_RUN_ID='scheduled__2026-01-09T12:00:00+00:00'
[2026-01-17T13:19:29.987+0000] {python.py:202} INFO - Done. Returned value was: ./iris.csv
[2026-01-17T13:19:30.001+0000] {taskinstance.py:1149} INFO - Marking task as SUCCESS. dag_id=ModelDevelop, task_id=get_data, execution_date=20260109T120000, start_date=20260117T131929, end_date=20260117T131930
[2026-01-17T13:19:30.053+0000] {local_task_job_runner.py:234} INFO - Task exited with return code 0
[2026-01-17T13:19:30.085+0000] {taskinstance.py:3312} INFO - 1 downstream tasks scheduled from follow-on schedule check
[2026-01-17T13:40:46.537+0000] {taskinstance.py:1979} INFO - Dependencies all met for dep_context=non-requeueable deps ti=<TaskInstance: ModelDevelop.get_data scheduled__2026-01-09T12:00:00+00:00 [queued]>
[2026-01-17T13:40:46.542+0000] {taskinstance.py:1979} INFO - Dependencies all met for dep_context=requeueable deps ti=<TaskInstance: ModelDevelop.get_data scheduled__2026-01-09T12:00:00+00:00 [queued]>
[2026-01-17T13:40:46.542+0000] {taskinstance.py:2193} INFO - Starting attempt 1 of 2
[2026-01-17T13:40:46.551+0000] {taskinstance.py:2217} INFO - Executing <Task(PythonOperator): get_data> on 2026-01-09 12:00:00+00:00
[2026-01-17T13:40:46.560+0000] {standard_task_runner.py:60} INFO - Started process 23123 to run task
[2026-01-17T13:40:46.562+0000] {standard_task_runner.py:87} INFO - Running: ['***', 'tasks', 'run', 'ModelDevelop', 'get_data', 'scheduled__2026-01-09T12:00:00+00:00', '--job-id', '348', '--raw', '--subdir', 'DAGS_FOLDER/example.py', '--cfg-path', '/tmp/tmp0pj9fot9']
[2026-01-17T13:40:46.563+0000] {standard_task_runner.py:88} INFO - Job 348: Subtask get_data
[2026-01-17T13:40:46.571+0000] {warnings.py:109} WARNING - /home/***/.local/lib/python3.9/site-packages/***/settings.py:194: DeprecationWarning: The sql_alchemy_conn option in [core] has been moved to the sql_alchemy_conn option in [database] - the old setting has been used, but please update your config.
  SQL_ALCHEMY_CONN = conf.get("database", "SQL_ALCHEMY_CONN")

[2026-01-17T13:40:46.599+0000] {task_command.py:423} INFO - Running <TaskInstance: ModelDevelop.get_data scheduled__2026-01-09T12:00:00+00:00 [running]> on host 5330652dc216
[2026-01-17T13:40:46.655+0000] {taskinstance.py:2513} INFO - Exporting env vars: AIRFLOW_CTX_DAG_OWNER='***' AIRFLOW_CTX_DAG_ID='ModelDevelop' AIRFLOW_CTX_TASK_ID='get_data' AIRFLOW_CTX_EXECUTION_DATE='2026-01-09T12:00:00+00:00' AIRFLOW_CTX_TRY_NUMBER='1' AIRFLOW_CTX_DAG_RUN_ID='scheduled__2026-01-09T12:00:00+00:00'
[2026-01-17T13:40:46.665+0000] {python.py:202} INFO - Done. Returned value was: ./iris.csv
[2026-01-17T13:40:46.681+0000] {taskinstance.py:1149} INFO - Marking task as SUCCESS. dag_id=ModelDevelop, task_id=get_data, execution_date=20260109T120000, start_date=20260117T134046, end_date=20260117T134046
[2026-01-17T13:40:46.735+0000] {local_task_job_runner.py:234} INFO - Task exited with return code 0
[2026-01-17T13:40:46.751+0000] {taskinstance.py:3312} INFO - 1 downstream tasks scheduled from follow-on schedule check
