[2026-01-02T01:27:23.893+0000] {taskinstance.py:1165} INFO - Dependencies all met for <TaskInstance: ModelDevelop.get_data scheduled__2026-01-02T01:05:00+00:00 [queued]>
[2026-01-02T01:27:23.898+0000] {taskinstance.py:1165} INFO - Dependencies all met for <TaskInstance: ModelDevelop.get_data scheduled__2026-01-02T01:05:00+00:00 [queued]>
[2026-01-02T01:27:23.898+0000] {taskinstance.py:1362} INFO - 
--------------------------------------------------------------------------------
[2026-01-02T01:27:23.899+0000] {taskinstance.py:1363} INFO - Starting attempt 1 of 2
[2026-01-02T01:27:23.899+0000] {taskinstance.py:1364} INFO - 
--------------------------------------------------------------------------------
[2026-01-02T01:27:23.906+0000] {taskinstance.py:1383} INFO - Executing <Task(PythonOperator): get_data> on 2026-01-02 01:05:00+00:00
[2026-01-02T01:27:23.910+0000] {standard_task_runner.py:54} INFO - Started process 147 to run task
[2026-01-02T01:27:23.912+0000] {standard_task_runner.py:82} INFO - Running: ['***', 'tasks', 'run', 'ModelDevelop', 'get_data', 'scheduled__2026-01-02T01:05:00+00:00', '--job-id', '24', '--raw', '--subdir', 'DAGS_FOLDER/psjung_dag.py', '--cfg-path', '/tmp/tmpgd29a5md']
[2026-01-02T01:27:23.912+0000] {standard_task_runner.py:83} INFO - Job 24: Subtask get_data
[2026-01-02T01:27:23.913+0000] {dagbag.py:525} INFO - Filling up the DagBag from /opt/***/dags/psjung_dag.py
[2026-01-02T01:27:24.597+0000] {warnings.py:110} WARNING - /home/***/.local/lib/python3.7/site-packages/***/configuration.py:545: DeprecationWarning: The sql_alchemy_conn option in [core] has been moved to the sql_alchemy_conn option in [database] - the old setting has been used, but please update your config.
  option = self._get_environment_variables(deprecated_key, deprecated_section, key, section)

[2026-01-02T01:27:24.631+0000] {task_command.py:384} INFO - Running <TaskInstance: ModelDevelop.get_data scheduled__2026-01-02T01:05:00+00:00 [running]> on host da0f76555d1e
[2026-01-02T01:27:24.676+0000] {taskinstance.py:1592} INFO - Exporting the following env vars:
AIRFLOW_CTX_DAG_OWNER=***
AIRFLOW_CTX_DAG_ID=ModelDevelop
AIRFLOW_CTX_TASK_ID=get_data
AIRFLOW_CTX_EXECUTION_DATE=2026-01-02T01:05:00+00:00
AIRFLOW_CTX_TRY_NUMBER=1
AIRFLOW_CTX_DAG_RUN_ID=scheduled__2026-01-02T01:05:00+00:00
[2026-01-02T01:27:24.679+0000] {taskinstance.py:1851} ERROR - Task failed with exception
Traceback (most recent call last):
  File "/home/airflow/.local/lib/python3.7/site-packages/pandas/io/sql.py", line 2056, in execute
    cur.execute(*args, **kwargs)
psycopg2.errors.UndefinedTable: relation "iris_data" does not exist
LINE 1: SELECT * FROM iris_data ORDER BY id DESC LIMIT 10
                      ^


The above exception was the direct cause of the following exception:

Traceback (most recent call last):
  File "/home/airflow/.local/lib/python3.7/site-packages/airflow/operators/python.py", line 175, in execute
    return_value = self.execute_callable()
  File "/home/airflow/.local/lib/python3.7/site-packages/airflow/operators/python.py", line 193, in execute_callable
    return self.python_callable(*self.op_args, **self.op_kwargs)
  File "/opt/airflow/dags/psjung_dag.py", line 42, in get_data
    df = pd.read_sql("SELECT * FROM iris_data ORDER BY id DESC LIMIT 10", db_connect)
  File "/home/airflow/.local/lib/python3.7/site-packages/pandas/io/sql.py", line 608, in read_sql
    chunksize=chunksize,
  File "/home/airflow/.local/lib/python3.7/site-packages/pandas/io/sql.py", line 2116, in read_query
    cursor = self.execute(*args)
  File "/home/airflow/.local/lib/python3.7/site-packages/pandas/io/sql.py", line 2068, in execute
    raise ex from exc
pandas.io.sql.DatabaseError: Execution failed on sql 'SELECT * FROM iris_data ORDER BY id DESC LIMIT 10': relation "iris_data" does not exist
LINE 1: SELECT * FROM iris_data ORDER BY id DESC LIMIT 10
                      ^

[2026-01-02T01:27:24.685+0000] {taskinstance.py:1406} INFO - Marking task as UP_FOR_RETRY. dag_id=ModelDevelop, task_id=get_data, execution_date=20260102T010500, start_date=20260102T012723, end_date=20260102T012724
[2026-01-02T01:27:24.695+0000] {standard_task_runner.py:107} ERROR - Failed to execute job 24 for task get_data (Execution failed on sql 'SELECT * FROM iris_data ORDER BY id DESC LIMIT 10': relation "iris_data" does not exist
LINE 1: SELECT * FROM iris_data ORDER BY id DESC LIMIT 10
                      ^
; 147)
[2026-01-02T01:27:24.725+0000] {local_task_job.py:164} INFO - Task exited with return code 1
[2026-01-02T01:27:24.752+0000] {local_task_job.py:273} INFO - 0 downstream tasks scheduled from follow-on schedule check
[2026-01-02T02:09:52.186+0000] {taskinstance.py:1165} INFO - Dependencies all met for <TaskInstance: ModelDevelop.get_data scheduled__2026-01-02T01:05:00+00:00 [queued]>
[2026-01-02T02:09:52.191+0000] {taskinstance.py:1165} INFO - Dependencies all met for <TaskInstance: ModelDevelop.get_data scheduled__2026-01-02T01:05:00+00:00 [queued]>
[2026-01-02T02:09:52.191+0000] {taskinstance.py:1362} INFO - 
--------------------------------------------------------------------------------
[2026-01-02T02:09:52.192+0000] {taskinstance.py:1363} INFO - Starting attempt 1 of 2
[2026-01-02T02:09:52.192+0000] {taskinstance.py:1364} INFO - 
--------------------------------------------------------------------------------
[2026-01-02T02:09:52.220+0000] {taskinstance.py:1383} INFO - Executing <Task(PythonOperator): get_data> on 2026-01-02 01:05:00+00:00
[2026-01-02T02:09:52.224+0000] {standard_task_runner.py:54} INFO - Started process 96 to run task
[2026-01-02T02:09:52.226+0000] {standard_task_runner.py:82} INFO - Running: ['***', 'tasks', 'run', 'ModelDevelop', 'get_data', 'scheduled__2026-01-02T01:05:00+00:00', '--job-id', '7', '--raw', '--subdir', 'DAGS_FOLDER/psjung_dag.py', '--cfg-path', '/tmp/tmpw9oy7xdp']
[2026-01-02T02:09:52.226+0000] {standard_task_runner.py:83} INFO - Job 7: Subtask get_data
[2026-01-02T02:09:52.227+0000] {dagbag.py:525} INFO - Filling up the DagBag from /opt/***/dags/psjung_dag.py
[2026-01-02T02:09:52.985+0000] {warnings.py:110} WARNING - /home/***/.local/lib/python3.7/site-packages/***/configuration.py:545: DeprecationWarning: The sql_alchemy_conn option in [core] has been moved to the sql_alchemy_conn option in [database] - the old setting has been used, but please update your config.
  option = self._get_environment_variables(deprecated_key, deprecated_section, key, section)

[2026-01-02T02:09:53.027+0000] {task_command.py:384} INFO - Running <TaskInstance: ModelDevelop.get_data scheduled__2026-01-02T01:05:00+00:00 [running]> on host 81eec80a5533
[2026-01-02T02:09:53.088+0000] {taskinstance.py:1592} INFO - Exporting the following env vars:
AIRFLOW_CTX_DAG_OWNER=***
AIRFLOW_CTX_DAG_ID=ModelDevelop
AIRFLOW_CTX_TASK_ID=get_data
AIRFLOW_CTX_EXECUTION_DATE=2026-01-02T01:05:00+00:00
AIRFLOW_CTX_TRY_NUMBER=1
AIRFLOW_CTX_DAG_RUN_ID=scheduled__2026-01-02T01:05:00+00:00
[2026-01-02T02:09:53.097+0000] {logging_mixin.py:117} INFO -     sepal_length  sepal_width  petal_length  petal_width  target
62           6.0          2.2           4.0          1.0       1
[2026-01-02T02:09:53.097+0000] {python.py:177} INFO - Done. Returned value was:     sepal_length  sepal_width  petal_length  petal_width  target
62           6.0          2.2           4.0          1.0       1
[2026-01-02T02:09:53.107+0000] {xcom.py:600} ERROR - Could not serialize the XCom value into JSON. If you are using pickle instead of JSON for XCom, then you need to enable pickle support for XCom in your *** config.
[2026-01-02T02:09:53.108+0000] {taskinstance.py:1851} ERROR - Task failed with exception
Traceback (most recent call last):
  File "/home/airflow/.local/lib/python3.7/site-packages/airflow/utils/session.py", line 72, in wrapper
    return func(*args, **kwargs)
  File "/home/airflow/.local/lib/python3.7/site-packages/airflow/models/taskinstance.py", line 2385, in xcom_push
    session=session,
  File "/home/airflow/.local/lib/python3.7/site-packages/airflow/utils/session.py", line 72, in wrapper
    return func(*args, **kwargs)
  File "/home/airflow/.local/lib/python3.7/site-packages/airflow/models/xcom.py", line 212, in set
    map_index=map_index,
  File "/home/airflow/.local/lib/python3.7/site-packages/airflow/models/xcom.py", line 597, in serialize_value
    return json.dumps(value).encode('UTF-8')
  File "/usr/local/lib/python3.7/json/__init__.py", line 231, in dumps
    return _default_encoder.encode(obj)
  File "/usr/local/lib/python3.7/json/encoder.py", line 199, in encode
    chunks = self.iterencode(o, _one_shot=True)
  File "/usr/local/lib/python3.7/json/encoder.py", line 257, in iterencode
    return _iterencode(o, 0)
  File "/usr/local/lib/python3.7/json/encoder.py", line 179, in default
    raise TypeError(f'Object of type {o.__class__.__name__} '
TypeError: Object of type DataFrame is not JSON serializable
[2026-01-02T02:09:53.114+0000] {taskinstance.py:1406} INFO - Marking task as UP_FOR_RETRY. dag_id=ModelDevelop, task_id=get_data, execution_date=20260102T010500, start_date=20260102T020952, end_date=20260102T020953
[2026-01-02T02:09:53.122+0000] {standard_task_runner.py:107} ERROR - Failed to execute job 7 for task get_data (Object of type DataFrame is not JSON serializable; 96)
[2026-01-02T02:09:53.159+0000] {local_task_job.py:164} INFO - Task exited with return code 1
[2026-01-02T02:09:53.206+0000] {local_task_job.py:273} INFO - 0 downstream tasks scheduled from follow-on schedule check
[2026-01-02T02:12:33.685+0000] {taskinstance.py:1165} INFO - Dependencies all met for <TaskInstance: ModelDevelop.get_data scheduled__2026-01-02T01:05:00+00:00 [queued]>
[2026-01-02T02:12:33.691+0000] {taskinstance.py:1165} INFO - Dependencies all met for <TaskInstance: ModelDevelop.get_data scheduled__2026-01-02T01:05:00+00:00 [queued]>
[2026-01-02T02:12:33.691+0000] {taskinstance.py:1362} INFO - 
--------------------------------------------------------------------------------
[2026-01-02T02:12:33.691+0000] {taskinstance.py:1363} INFO - Starting attempt 1 of 2
[2026-01-02T02:12:33.691+0000] {taskinstance.py:1364} INFO - 
--------------------------------------------------------------------------------
[2026-01-02T02:12:33.698+0000] {taskinstance.py:1383} INFO - Executing <Task(PythonOperator): get_data> on 2026-01-02 01:05:00+00:00
[2026-01-02T02:12:33.702+0000] {standard_task_runner.py:54} INFO - Started process 147 to run task
[2026-01-02T02:12:33.704+0000] {standard_task_runner.py:82} INFO - Running: ['***', 'tasks', 'run', 'ModelDevelop', 'get_data', 'scheduled__2026-01-02T01:05:00+00:00', '--job-id', '24', '--raw', '--subdir', 'DAGS_FOLDER/psjung_dag.py', '--cfg-path', '/tmp/tmp4l1jhlop']
[2026-01-02T02:12:33.704+0000] {standard_task_runner.py:83} INFO - Job 24: Subtask get_data
[2026-01-02T02:12:33.704+0000] {dagbag.py:525} INFO - Filling up the DagBag from /opt/***/dags/psjung_dag.py
[2026-01-02T02:12:34.411+0000] {warnings.py:110} WARNING - /home/***/.local/lib/python3.7/site-packages/***/configuration.py:545: DeprecationWarning: The sql_alchemy_conn option in [core] has been moved to the sql_alchemy_conn option in [database] - the old setting has been used, but please update your config.
  option = self._get_environment_variables(deprecated_key, deprecated_section, key, section)

[2026-01-02T02:12:34.446+0000] {task_command.py:384} INFO - Running <TaskInstance: ModelDevelop.get_data scheduled__2026-01-02T01:05:00+00:00 [running]> on host 81eec80a5533
[2026-01-02T02:12:34.489+0000] {taskinstance.py:1592} INFO - Exporting the following env vars:
AIRFLOW_CTX_DAG_OWNER=***
AIRFLOW_CTX_DAG_ID=ModelDevelop
AIRFLOW_CTX_TASK_ID=get_data
AIRFLOW_CTX_EXECUTION_DATE=2026-01-02T01:05:00+00:00
AIRFLOW_CTX_TRY_NUMBER=1
AIRFLOW_CTX_DAG_RUN_ID=scheduled__2026-01-02T01:05:00+00:00
[2026-01-02T02:12:34.499+0000] {logging_mixin.py:117} INFO -     sepal_length  sepal_width  petal_length  petal_width  target
86           6.7          3.1           4.7          1.5       1
[2026-01-02T02:12:34.499+0000] {python.py:177} INFO - Done. Returned value was:     sepal_length  sepal_width  petal_length  petal_width  target
86           6.7          3.1           4.7          1.5       1
[2026-01-02T02:12:34.507+0000] {xcom.py:600} ERROR - Could not serialize the XCom value into JSON. If you are using pickle instead of JSON for XCom, then you need to enable pickle support for XCom in your *** config.
[2026-01-02T02:12:34.507+0000] {taskinstance.py:1851} ERROR - Task failed with exception
Traceback (most recent call last):
  File "/home/airflow/.local/lib/python3.7/site-packages/airflow/utils/session.py", line 72, in wrapper
    return func(*args, **kwargs)
  File "/home/airflow/.local/lib/python3.7/site-packages/airflow/models/taskinstance.py", line 2385, in xcom_push
    session=session,
  File "/home/airflow/.local/lib/python3.7/site-packages/airflow/utils/session.py", line 72, in wrapper
    return func(*args, **kwargs)
  File "/home/airflow/.local/lib/python3.7/site-packages/airflow/models/xcom.py", line 212, in set
    map_index=map_index,
  File "/home/airflow/.local/lib/python3.7/site-packages/airflow/models/xcom.py", line 597, in serialize_value
    return json.dumps(value).encode('UTF-8')
  File "/usr/local/lib/python3.7/json/__init__.py", line 231, in dumps
    return _default_encoder.encode(obj)
  File "/usr/local/lib/python3.7/json/encoder.py", line 199, in encode
    chunks = self.iterencode(o, _one_shot=True)
  File "/usr/local/lib/python3.7/json/encoder.py", line 257, in iterencode
    return _iterencode(o, 0)
  File "/usr/local/lib/python3.7/json/encoder.py", line 179, in default
    raise TypeError(f'Object of type {o.__class__.__name__} '
TypeError: Object of type DataFrame is not JSON serializable
[2026-01-02T02:12:34.512+0000] {taskinstance.py:1406} INFO - Marking task as UP_FOR_RETRY. dag_id=ModelDevelop, task_id=get_data, execution_date=20260102T010500, start_date=20260102T021233, end_date=20260102T021234
[2026-01-02T02:12:34.582+0000] {standard_task_runner.py:107} ERROR - Failed to execute job 24 for task get_data (Object of type DataFrame is not JSON serializable; 147)
[2026-01-02T02:12:34.637+0000] {local_task_job.py:164} INFO - Task exited with return code 1
[2026-01-02T02:12:34.655+0000] {local_task_job.py:273} INFO - 0 downstream tasks scheduled from follow-on schedule check
[2026-01-02T02:14:05.746+0000] {taskinstance.py:1165} INFO - Dependencies all met for <TaskInstance: ModelDevelop.get_data scheduled__2026-01-02T01:05:00+00:00 [queued]>
[2026-01-02T02:14:05.752+0000] {taskinstance.py:1165} INFO - Dependencies all met for <TaskInstance: ModelDevelop.get_data scheduled__2026-01-02T01:05:00+00:00 [queued]>
[2026-01-02T02:14:05.752+0000] {taskinstance.py:1362} INFO - 
--------------------------------------------------------------------------------
[2026-01-02T02:14:05.752+0000] {taskinstance.py:1363} INFO - Starting attempt 1 of 2
[2026-01-02T02:14:05.752+0000] {taskinstance.py:1364} INFO - 
--------------------------------------------------------------------------------
[2026-01-02T02:14:05.759+0000] {taskinstance.py:1383} INFO - Executing <Task(PythonOperator): get_data> on 2026-01-02 01:05:00+00:00
[2026-01-02T02:14:05.763+0000] {standard_task_runner.py:54} INFO - Started process 192 to run task
[2026-01-02T02:14:05.766+0000] {standard_task_runner.py:82} INFO - Running: ['***', 'tasks', 'run', 'ModelDevelop', 'get_data', 'scheduled__2026-01-02T01:05:00+00:00', '--job-id', '39', '--raw', '--subdir', 'DAGS_FOLDER/psjung_dag.py', '--cfg-path', '/tmp/tmp_q_9p1hd']
[2026-01-02T02:14:05.766+0000] {standard_task_runner.py:83} INFO - Job 39: Subtask get_data
[2026-01-02T02:14:05.767+0000] {dagbag.py:525} INFO - Filling up the DagBag from /opt/***/dags/psjung_dag.py
[2026-01-02T02:14:06.426+0000] {warnings.py:110} WARNING - /home/***/.local/lib/python3.7/site-packages/***/configuration.py:545: DeprecationWarning: The sql_alchemy_conn option in [core] has been moved to the sql_alchemy_conn option in [database] - the old setting has been used, but please update your config.
  option = self._get_environment_variables(deprecated_key, deprecated_section, key, section)

[2026-01-02T02:14:06.457+0000] {task_command.py:384} INFO - Running <TaskInstance: ModelDevelop.get_data scheduled__2026-01-02T01:05:00+00:00 [running]> on host 81eec80a5533
[2026-01-02T02:14:06.503+0000] {taskinstance.py:1592} INFO - Exporting the following env vars:
AIRFLOW_CTX_DAG_OWNER=***
AIRFLOW_CTX_DAG_ID=ModelDevelop
AIRFLOW_CTX_TASK_ID=get_data
AIRFLOW_CTX_EXECUTION_DATE=2026-01-02T01:05:00+00:00
AIRFLOW_CTX_TRY_NUMBER=1
AIRFLOW_CTX_DAG_RUN_ID=scheduled__2026-01-02T01:05:00+00:00
[2026-01-02T02:14:06.511+0000] {logging_mixin.py:117} INFO -     sepal_length  sepal_width  petal_length  petal_width  target
97           6.2          2.9           4.3          1.3       1
[2026-01-02T02:14:06.512+0000] {python.py:177} INFO - Done. Returned value was:     sepal_length  sepal_width  petal_length  petal_width  target
97           6.2          2.9           4.3          1.3       1
[2026-01-02T02:14:06.520+0000] {xcom.py:600} ERROR - Could not serialize the XCom value into JSON. If you are using pickle instead of JSON for XCom, then you need to enable pickle support for XCom in your *** config.
[2026-01-02T02:14:06.521+0000] {taskinstance.py:1851} ERROR - Task failed with exception
Traceback (most recent call last):
  File "/home/airflow/.local/lib/python3.7/site-packages/airflow/utils/session.py", line 72, in wrapper
    return func(*args, **kwargs)
  File "/home/airflow/.local/lib/python3.7/site-packages/airflow/models/taskinstance.py", line 2385, in xcom_push
    session=session,
  File "/home/airflow/.local/lib/python3.7/site-packages/airflow/utils/session.py", line 72, in wrapper
    return func(*args, **kwargs)
  File "/home/airflow/.local/lib/python3.7/site-packages/airflow/models/xcom.py", line 212, in set
    map_index=map_index,
  File "/home/airflow/.local/lib/python3.7/site-packages/airflow/models/xcom.py", line 597, in serialize_value
    return json.dumps(value).encode('UTF-8')
  File "/usr/local/lib/python3.7/json/__init__.py", line 231, in dumps
    return _default_encoder.encode(obj)
  File "/usr/local/lib/python3.7/json/encoder.py", line 199, in encode
    chunks = self.iterencode(o, _one_shot=True)
  File "/usr/local/lib/python3.7/json/encoder.py", line 257, in iterencode
    return _iterencode(o, 0)
  File "/usr/local/lib/python3.7/json/encoder.py", line 179, in default
    raise TypeError(f'Object of type {o.__class__.__name__} '
TypeError: Object of type DataFrame is not JSON serializable
[2026-01-02T02:14:06.526+0000] {taskinstance.py:1406} INFO - Marking task as UP_FOR_RETRY. dag_id=ModelDevelop, task_id=get_data, execution_date=20260102T010500, start_date=20260102T021405, end_date=20260102T021406
[2026-01-02T02:14:06.532+0000] {standard_task_runner.py:107} ERROR - Failed to execute job 39 for task get_data (Object of type DataFrame is not JSON serializable; 192)
[2026-01-02T02:14:06.578+0000] {local_task_job.py:164} INFO - Task exited with return code 1
[2026-01-02T02:14:06.601+0000] {local_task_job.py:273} INFO - 0 downstream tasks scheduled from follow-on schedule check
