[2026-01-16T07:55:07.433+0000] {taskinstance.py:1979} INFO - Dependencies all met for dep_context=non-requeueable deps ti=<TaskInstance: ModelDevelop.get_data scheduled__2026-01-06T18:00:00+00:00 [queued]>
[2026-01-16T07:55:07.452+0000] {taskinstance.py:1979} INFO - Dependencies all met for dep_context=requeueable deps ti=<TaskInstance: ModelDevelop.get_data scheduled__2026-01-06T18:00:00+00:00 [queued]>
[2026-01-16T07:55:07.453+0000] {taskinstance.py:2193} INFO - Starting attempt 1 of 2
[2026-01-16T07:55:07.484+0000] {taskinstance.py:2217} INFO - Executing <Task(PythonOperator): get_data> on 2026-01-06 18:00:00+00:00
[2026-01-16T07:55:07.500+0000] {standard_task_runner.py:60} INFO - Started process 15450 to run task
[2026-01-16T07:55:07.512+0000] {standard_task_runner.py:87} INFO - Running: ['***', 'tasks', 'run', 'ModelDevelop', 'get_data', 'scheduled__2026-01-06T18:00:00+00:00', '--job-id', '227', '--raw', '--subdir', 'DAGS_FOLDER/example.py', '--cfg-path', '/tmp/tmpbzaz1vwi']
[2026-01-16T07:55:07.514+0000] {standard_task_runner.py:88} INFO - Job 227: Subtask get_data
[2026-01-16T07:55:07.525+0000] {warnings.py:109} WARNING - /home/***/.local/lib/python3.9/site-packages/***/settings.py:194: DeprecationWarning: The sql_alchemy_conn option in [core] has been moved to the sql_alchemy_conn option in [database] - the old setting has been used, but please update your config.
  SQL_ALCHEMY_CONN = conf.get("database", "SQL_ALCHEMY_CONN")

[2026-01-16T07:55:07.556+0000] {task_command.py:423} INFO - Running <TaskInstance: ModelDevelop.get_data scheduled__2026-01-06T18:00:00+00:00 [running]> on host 8a4f043652f0
[2026-01-16T07:55:07.633+0000] {taskinstance.py:2513} INFO - Exporting env vars: AIRFLOW_CTX_DAG_OWNER='***' AIRFLOW_CTX_DAG_ID='ModelDevelop' AIRFLOW_CTX_TASK_ID='get_data' AIRFLOW_CTX_EXECUTION_DATE='2026-01-06T18:00:00+00:00' AIRFLOW_CTX_TRY_NUMBER='1' AIRFLOW_CTX_DAG_RUN_ID='scheduled__2026-01-06T18:00:00+00:00'
[2026-01-16T07:55:07.643+0000] {python.py:202} INFO - Done. Returned value was: ./iris.csv
[2026-01-16T07:55:07.705+0000] {taskinstance.py:1149} INFO - Marking task as SUCCESS. dag_id=ModelDevelop, task_id=get_data, execution_date=20260106T180000, start_date=20260116T075507, end_date=20260116T075507
[2026-01-16T07:55:07.762+0000] {local_task_job_runner.py:234} INFO - Task exited with return code 0
[2026-01-16T07:55:07.841+0000] {taskinstance.py:3312} INFO - 0 downstream tasks scheduled from follow-on schedule check
[2026-01-17T13:18:40.245+0000] {taskinstance.py:1979} INFO - Dependencies all met for dep_context=non-requeueable deps ti=<TaskInstance: ModelDevelop.get_data scheduled__2026-01-06T18:00:00+00:00 [queued]>
[2026-01-17T13:18:40.250+0000] {taskinstance.py:1979} INFO - Dependencies all met for dep_context=requeueable deps ti=<TaskInstance: ModelDevelop.get_data scheduled__2026-01-06T18:00:00+00:00 [queued]>
[2026-01-17T13:18:40.251+0000] {taskinstance.py:2193} INFO - Starting attempt 1 of 2
[2026-01-17T13:18:40.261+0000] {taskinstance.py:2217} INFO - Executing <Task(PythonOperator): get_data> on 2026-01-06 18:00:00+00:00
[2026-01-17T13:18:40.270+0000] {standard_task_runner.py:60} INFO - Started process 15449 to run task
[2026-01-17T13:18:40.275+0000] {standard_task_runner.py:87} INFO - Running: ['***', 'tasks', 'run', 'ModelDevelop', 'get_data', 'scheduled__2026-01-06T18:00:00+00:00', '--job-id', '228', '--raw', '--subdir', 'DAGS_FOLDER/example.py', '--cfg-path', '/tmp/tmpd12g2hyk']
[2026-01-17T13:18:40.276+0000] {standard_task_runner.py:88} INFO - Job 228: Subtask get_data
[2026-01-17T13:18:40.293+0000] {warnings.py:109} WARNING - /home/***/.local/lib/python3.9/site-packages/***/settings.py:194: DeprecationWarning: The sql_alchemy_conn option in [core] has been moved to the sql_alchemy_conn option in [database] - the old setting has been used, but please update your config.
  SQL_ALCHEMY_CONN = conf.get("database", "SQL_ALCHEMY_CONN")

[2026-01-17T13:18:40.327+0000] {task_command.py:423} INFO - Running <TaskInstance: ModelDevelop.get_data scheduled__2026-01-06T18:00:00+00:00 [running]> on host ed3184b6b543
[2026-01-17T13:18:40.384+0000] {taskinstance.py:2513} INFO - Exporting env vars: AIRFLOW_CTX_DAG_OWNER='***' AIRFLOW_CTX_DAG_ID='ModelDevelop' AIRFLOW_CTX_TASK_ID='get_data' AIRFLOW_CTX_EXECUTION_DATE='2026-01-06T18:00:00+00:00' AIRFLOW_CTX_TRY_NUMBER='1' AIRFLOW_CTX_DAG_RUN_ID='scheduled__2026-01-06T18:00:00+00:00'
[2026-01-17T13:18:40.393+0000] {python.py:202} INFO - Done. Returned value was: ./iris.csv
[2026-01-17T13:18:40.408+0000] {taskinstance.py:1149} INFO - Marking task as SUCCESS. dag_id=ModelDevelop, task_id=get_data, execution_date=20260106T180000, start_date=20260117T131840, end_date=20260117T131840
[2026-01-17T13:18:40.445+0000] {local_task_job_runner.py:234} INFO - Task exited with return code 0
[2026-01-17T13:18:40.471+0000] {taskinstance.py:3312} INFO - 1 downstream tasks scheduled from follow-on schedule check
[2026-01-17T13:40:00.153+0000] {taskinstance.py:1979} INFO - Dependencies all met for dep_context=non-requeueable deps ti=<TaskInstance: ModelDevelop.get_data scheduled__2026-01-06T18:00:00+00:00 [queued]>
[2026-01-17T13:40:00.157+0000] {taskinstance.py:1979} INFO - Dependencies all met for dep_context=requeueable deps ti=<TaskInstance: ModelDevelop.get_data scheduled__2026-01-06T18:00:00+00:00 [queued]>
[2026-01-17T13:40:00.157+0000] {taskinstance.py:2193} INFO - Starting attempt 1 of 2
[2026-01-17T13:40:00.164+0000] {taskinstance.py:2217} INFO - Executing <Task(PythonOperator): get_data> on 2026-01-06 18:00:00+00:00
[2026-01-17T13:40:00.170+0000] {standard_task_runner.py:60} INFO - Started process 15281 to run task
[2026-01-17T13:40:00.172+0000] {standard_task_runner.py:87} INFO - Running: ['***', 'tasks', 'run', 'ModelDevelop', 'get_data', 'scheduled__2026-01-06T18:00:00+00:00', '--job-id', '228', '--raw', '--subdir', 'DAGS_FOLDER/example.py', '--cfg-path', '/tmp/tmpn5ehs42g']
[2026-01-17T13:40:00.173+0000] {standard_task_runner.py:88} INFO - Job 228: Subtask get_data
[2026-01-17T13:40:00.181+0000] {warnings.py:109} WARNING - /home/***/.local/lib/python3.9/site-packages/***/settings.py:194: DeprecationWarning: The sql_alchemy_conn option in [core] has been moved to the sql_alchemy_conn option in [database] - the old setting has been used, but please update your config.
  SQL_ALCHEMY_CONN = conf.get("database", "SQL_ALCHEMY_CONN")

[2026-01-17T13:40:00.205+0000] {task_command.py:423} INFO - Running <TaskInstance: ModelDevelop.get_data scheduled__2026-01-06T18:00:00+00:00 [running]> on host 5330652dc216
[2026-01-17T13:40:00.253+0000] {taskinstance.py:2513} INFO - Exporting env vars: AIRFLOW_CTX_DAG_OWNER='***' AIRFLOW_CTX_DAG_ID='ModelDevelop' AIRFLOW_CTX_TASK_ID='get_data' AIRFLOW_CTX_EXECUTION_DATE='2026-01-06T18:00:00+00:00' AIRFLOW_CTX_TRY_NUMBER='1' AIRFLOW_CTX_DAG_RUN_ID='scheduled__2026-01-06T18:00:00+00:00'
[2026-01-17T13:40:00.261+0000] {python.py:202} INFO - Done. Returned value was: ./iris.csv
[2026-01-17T13:40:00.274+0000] {taskinstance.py:1149} INFO - Marking task as SUCCESS. dag_id=ModelDevelop, task_id=get_data, execution_date=20260106T180000, start_date=20260117T134000, end_date=20260117T134000
[2026-01-17T13:40:00.303+0000] {local_task_job_runner.py:234} INFO - Task exited with return code 0
[2026-01-17T13:40:00.318+0000] {taskinstance.py:3312} INFO - 1 downstream tasks scheduled from follow-on schedule check
