[2026-01-16T07:55:57.857+0000] {taskinstance.py:1979} INFO - Dependencies all met for dep_context=non-requeueable deps ti=<TaskInstance: ModelDevelop.get_data scheduled__2026-01-10T05:00:00+00:00 [queued]>
[2026-01-16T07:55:57.863+0000] {taskinstance.py:1979} INFO - Dependencies all met for dep_context=requeueable deps ti=<TaskInstance: ModelDevelop.get_data scheduled__2026-01-10T05:00:00+00:00 [queued]>
[2026-01-16T07:55:57.863+0000] {taskinstance.py:2193} INFO - Starting attempt 1 of 2
[2026-01-16T07:55:57.870+0000] {taskinstance.py:2217} INFO - Executing <Task(PythonOperator): get_data> on 2026-01-10 05:00:00+00:00
[2026-01-16T07:55:57.877+0000] {standard_task_runner.py:60} INFO - Started process 26207 to run task
[2026-01-16T07:55:57.879+0000] {standard_task_runner.py:87} INFO - Running: ['***', 'tasks', 'run', 'ModelDevelop', 'get_data', 'scheduled__2026-01-10T05:00:00+00:00', '--job-id', '390', '--raw', '--subdir', 'DAGS_FOLDER/example.py', '--cfg-path', '/tmp/tmphz6qv6o7']
[2026-01-16T07:55:57.880+0000] {standard_task_runner.py:88} INFO - Job 390: Subtask get_data
[2026-01-16T07:55:57.888+0000] {warnings.py:109} WARNING - /home/***/.local/lib/python3.9/site-packages/***/settings.py:194: DeprecationWarning: The sql_alchemy_conn option in [core] has been moved to the sql_alchemy_conn option in [database] - the old setting has been used, but please update your config.
  SQL_ALCHEMY_CONN = conf.get("database", "SQL_ALCHEMY_CONN")

[2026-01-16T07:55:57.915+0000] {task_command.py:423} INFO - Running <TaskInstance: ModelDevelop.get_data scheduled__2026-01-10T05:00:00+00:00 [running]> on host 8a4f043652f0
[2026-01-16T07:55:58.015+0000] {taskinstance.py:2513} INFO - Exporting env vars: AIRFLOW_CTX_DAG_OWNER='***' AIRFLOW_CTX_DAG_ID='ModelDevelop' AIRFLOW_CTX_TASK_ID='get_data' AIRFLOW_CTX_EXECUTION_DATE='2026-01-10T05:00:00+00:00' AIRFLOW_CTX_TRY_NUMBER='1' AIRFLOW_CTX_DAG_RUN_ID='scheduled__2026-01-10T05:00:00+00:00'
[2026-01-16T07:55:58.027+0000] {python.py:202} INFO - Done. Returned value was: ./iris.csv
[2026-01-16T07:55:58.085+0000] {taskinstance.py:1149} INFO - Marking task as SUCCESS. dag_id=ModelDevelop, task_id=get_data, execution_date=20260110T050000, start_date=20260116T075557, end_date=20260116T075558
[2026-01-16T07:55:58.131+0000] {local_task_job_runner.py:234} INFO - Task exited with return code 0
[2026-01-16T07:55:58.196+0000] {taskinstance.py:3312} INFO - 0 downstream tasks scheduled from follow-on schedule check
[2026-01-17T13:19:41.303+0000] {taskinstance.py:1979} INFO - Dependencies all met for dep_context=non-requeueable deps ti=<TaskInstance: ModelDevelop.get_data scheduled__2026-01-10T05:00:00+00:00 [queued]>
[2026-01-17T13:19:41.310+0000] {taskinstance.py:1979} INFO - Dependencies all met for dep_context=requeueable deps ti=<TaskInstance: ModelDevelop.get_data scheduled__2026-01-10T05:00:00+00:00 [queued]>
[2026-01-17T13:19:41.310+0000] {taskinstance.py:2193} INFO - Starting attempt 1 of 2
[2026-01-17T13:19:41.320+0000] {taskinstance.py:2217} INFO - Executing <Task(PythonOperator): get_data> on 2026-01-10 05:00:00+00:00
[2026-01-17T13:19:41.330+0000] {standard_task_runner.py:60} INFO - Started process 26369 to run task
[2026-01-17T13:19:41.338+0000] {standard_task_runner.py:87} INFO - Running: ['***', 'tasks', 'run', 'ModelDevelop', 'get_data', 'scheduled__2026-01-10T05:00:00+00:00', '--job-id', '391', '--raw', '--subdir', 'DAGS_FOLDER/example.py', '--cfg-path', '/tmp/tmphscbcy1q']
[2026-01-17T13:19:41.339+0000] {standard_task_runner.py:88} INFO - Job 391: Subtask get_data
[2026-01-17T13:19:41.351+0000] {warnings.py:109} WARNING - /home/***/.local/lib/python3.9/site-packages/***/settings.py:194: DeprecationWarning: The sql_alchemy_conn option in [core] has been moved to the sql_alchemy_conn option in [database] - the old setting has been used, but please update your config.
  SQL_ALCHEMY_CONN = conf.get("database", "SQL_ALCHEMY_CONN")

[2026-01-17T13:19:41.395+0000] {task_command.py:423} INFO - Running <TaskInstance: ModelDevelop.get_data scheduled__2026-01-10T05:00:00+00:00 [running]> on host ed3184b6b543
[2026-01-17T13:19:41.454+0000] {taskinstance.py:2513} INFO - Exporting env vars: AIRFLOW_CTX_DAG_OWNER='***' AIRFLOW_CTX_DAG_ID='ModelDevelop' AIRFLOW_CTX_TASK_ID='get_data' AIRFLOW_CTX_EXECUTION_DATE='2026-01-10T05:00:00+00:00' AIRFLOW_CTX_TRY_NUMBER='1' AIRFLOW_CTX_DAG_RUN_ID='scheduled__2026-01-10T05:00:00+00:00'
[2026-01-17T13:19:41.463+0000] {python.py:202} INFO - Done. Returned value was: ./iris.csv
[2026-01-17T13:19:41.479+0000] {taskinstance.py:1149} INFO - Marking task as SUCCESS. dag_id=ModelDevelop, task_id=get_data, execution_date=20260110T050000, start_date=20260117T131941, end_date=20260117T131941
[2026-01-17T13:19:41.526+0000] {local_task_job_runner.py:234} INFO - Task exited with return code 0
[2026-01-17T13:19:41.544+0000] {taskinstance.py:3312} INFO - 0 downstream tasks scheduled from follow-on schedule check
[2026-01-17T13:40:59.181+0000] {taskinstance.py:1979} INFO - Dependencies all met for dep_context=non-requeueable deps ti=<TaskInstance: ModelDevelop.get_data scheduled__2026-01-10T05:00:00+00:00 [queued]>
[2026-01-17T13:40:59.187+0000] {taskinstance.py:1979} INFO - Dependencies all met for dep_context=requeueable deps ti=<TaskInstance: ModelDevelop.get_data scheduled__2026-01-10T05:00:00+00:00 [queued]>
[2026-01-17T13:40:59.187+0000] {taskinstance.py:2193} INFO - Starting attempt 1 of 2
[2026-01-17T13:40:59.195+0000] {taskinstance.py:2217} INFO - Executing <Task(PythonOperator): get_data> on 2026-01-10 05:00:00+00:00
[2026-01-17T13:40:59.203+0000] {standard_task_runner.py:60} INFO - Started process 25405 to run task
[2026-01-17T13:40:59.206+0000] {standard_task_runner.py:87} INFO - Running: ['***', 'tasks', 'run', 'ModelDevelop', 'get_data', 'scheduled__2026-01-10T05:00:00+00:00', '--job-id', '386', '--raw', '--subdir', 'DAGS_FOLDER/example.py', '--cfg-path', '/tmp/tmpb0exyofu']
[2026-01-17T13:40:59.207+0000] {standard_task_runner.py:88} INFO - Job 386: Subtask get_data
[2026-01-17T13:40:59.217+0000] {warnings.py:109} WARNING - /home/***/.local/lib/python3.9/site-packages/***/settings.py:194: DeprecationWarning: The sql_alchemy_conn option in [core] has been moved to the sql_alchemy_conn option in [database] - the old setting has been used, but please update your config.
  SQL_ALCHEMY_CONN = conf.get("database", "SQL_ALCHEMY_CONN")

[2026-01-17T13:40:59.244+0000] {task_command.py:423} INFO - Running <TaskInstance: ModelDevelop.get_data scheduled__2026-01-10T05:00:00+00:00 [running]> on host 5330652dc216
[2026-01-17T13:40:59.299+0000] {taskinstance.py:2513} INFO - Exporting env vars: AIRFLOW_CTX_DAG_OWNER='***' AIRFLOW_CTX_DAG_ID='ModelDevelop' AIRFLOW_CTX_TASK_ID='get_data' AIRFLOW_CTX_EXECUTION_DATE='2026-01-10T05:00:00+00:00' AIRFLOW_CTX_TRY_NUMBER='1' AIRFLOW_CTX_DAG_RUN_ID='scheduled__2026-01-10T05:00:00+00:00'
[2026-01-17T13:40:59.308+0000] {python.py:202} INFO - Done. Returned value was: ./iris.csv
[2026-01-17T13:40:59.322+0000] {taskinstance.py:1149} INFO - Marking task as SUCCESS. dag_id=ModelDevelop, task_id=get_data, execution_date=20260110T050000, start_date=20260117T134059, end_date=20260117T134059
[2026-01-17T13:40:59.378+0000] {local_task_job_runner.py:234} INFO - Task exited with return code 0
[2026-01-17T13:40:59.395+0000] {taskinstance.py:3312} INFO - 1 downstream tasks scheduled from follow-on schedule check
