[2026-03-06T05:36:35.515+0000] {taskinstance.py:1979} INFO - Dependencies all met for dep_context=non-requeueable deps ti=<TaskInstance: ExampleDAG.train_fit scheduled__2026-03-04T18:00:00+00:00 [queued]>
[2026-03-06T05:36:35.521+0000] {taskinstance.py:1979} INFO - Dependencies all met for dep_context=requeueable deps ti=<TaskInstance: ExampleDAG.train_fit scheduled__2026-03-04T18:00:00+00:00 [queued]>
[2026-03-06T05:36:35.521+0000] {taskinstance.py:2193} INFO - Starting attempt 1 of 2
[2026-03-06T05:36:35.529+0000] {taskinstance.py:2217} INFO - Executing <Task(PythonOperator): train_fit> on 2026-03-04 18:00:00+00:00
[2026-03-06T05:36:35.535+0000] {standard_task_runner.py:60} INFO - Started process 140 to run task
[2026-03-06T05:36:35.537+0000] {standard_task_runner.py:87} INFO - Running: ['***', 'tasks', 'run', 'ExampleDAG', 'train_fit', 'scheduled__2026-03-04T18:00:00+00:00', '--job-id', '3', '--raw', '--subdir', 'DAGS_FOLDER/exercise_QAs.py', '--cfg-path', '/tmp/tmp_k153l8r']
[2026-03-06T05:36:35.538+0000] {standard_task_runner.py:88} INFO - Job 3: Subtask train_fit
[2026-03-06T05:36:35.545+0000] {warnings.py:109} WARNING - /home/***/.local/lib/python3.9/site-packages/***/settings.py:194: DeprecationWarning: The sql_alchemy_conn option in [core] has been moved to the sql_alchemy_conn option in [database] - the old setting has been used, but please update your config.
  SQL_ALCHEMY_CONN = conf.get("database", "SQL_ALCHEMY_CONN")

[2026-03-06T05:36:35.567+0000] {task_command.py:423} INFO - Running <TaskInstance: ExampleDAG.train_fit scheduled__2026-03-04T18:00:00+00:00 [running]> on host bda1476c17c7
[2026-03-06T05:36:35.608+0000] {taskinstance.py:2513} INFO - Exporting env vars: AIRFLOW_CTX_DAG_OWNER='***' AIRFLOW_CTX_DAG_ID='ExampleDAG' AIRFLOW_CTX_TASK_ID='train_fit' AIRFLOW_CTX_EXECUTION_DATE='2026-03-04T18:00:00+00:00' AIRFLOW_CTX_TRY_NUMBER='1' AIRFLOW_CTX_DAG_RUN_ID='scheduled__2026-03-04T18:00:00+00:00'
[2026-03-06T05:36:35.630+0000] {logging_mixin.py:188} INFO -      sepal_length  sepal_width  petal_length  petal_width  target
0             5.1          3.5           1.4          0.2       0
1             4.9          3.0           1.4          0.2       0
2             4.7          3.2           1.3          0.2       0
3             4.6          3.1           1.5          0.2       0
4             5.0          3.6           1.4          0.2       0
..            ...          ...           ...          ...     ...
145           6.7          3.0           5.2          2.3       2
146           6.3          2.5           5.0          1.9       2
147           6.5          3.0           5.2          2.0       2
148           6.2          3.4           5.4          2.3       2
149           5.9          3.0           5.1          1.8       2

[150 rows x 5 columns]
[2026-03-06T05:36:35.638+0000] {logging_mixin.py:188} INFO - Train Accuracy : 0.9833333333333333
[2026-03-06T05:36:35.638+0000] {logging_mixin.py:188} INFO - Valid Accuracy : 0.9333333333333333
[2026-03-06T05:36:35.646+0000] {logging_mixin.py:188} WARNING - 2026/03/06 05:36:35 INFO mlflow.tracking.fluent: Experiment with name 'new_exp' does not exist. Creating a new experiment.
[2026-03-06T05:36:35.698+0000] {logging_mixin.py:188} WARNING - 2026/03/06 05:36:35 WARNING mlflow.utils.git_utils: Failed to import Git (the Git executable is probably not on your PATH), so Git SHA is not available. Error: Failed to initialize: Bad git executable.
The git executable must be specified in one of the following ways:
    - be included in your $PATH
    - be set via $GIT_PYTHON_GIT_EXECUTABLE
    - explicitly set via git.refresh(<full-path-to-git-executable>)

All git commands will error until this is rectified.

This initial message can be silenced or aggravated in the future by setting the
$GIT_PYTHON_REFRESH environment variable. Use one of the following values:
    - quiet|q|silence|s|silent|none|n|0: for no message or exception
    - warn|w|warning|log|l|1: for a warning message (logging level CRITICAL, displayed by default)
    - error|e|exception|raise|r|2: for a raised exception

Example:
    export GIT_PYTHON_REFRESH=quiet
[2026-03-06T05:36:37.687+0000] {warnings.py:109} WARNING - /home/***/.local/lib/python3.9/site-packages/_distutils_hack/__init__.py:33: UserWarning: Setuptools is replacing distutils.
  warnings.warn("Setuptools is replacing distutils.")

[2026-03-06T05:36:37.730+0000] {logging_mixin.py:188} INFO - ****Success Message*******
[2026-03-06T05:36:37.731+0000] {python.py:202} INFO - Done. Returned value was: None
[2026-03-06T05:36:37.738+0000] {taskinstance.py:1149} INFO - Marking task as SUCCESS. dag_id=ExampleDAG, task_id=train_fit, execution_date=20260304T180000, start_date=20260306T053635, end_date=20260306T053637
[2026-03-06T05:36:37.793+0000] {local_task_job_runner.py:234} INFO - Task exited with return code 0
[2026-03-06T05:36:37.804+0000] {taskinstance.py:3312} INFO - 0 downstream tasks scheduled from follow-on schedule check
[2026-03-06T06:11:24.278+0000] {taskinstance.py:1979} INFO - Dependencies all met for dep_context=non-requeueable deps ti=<TaskInstance: ExampleDAG.train_fit scheduled__2026-03-04T18:00:00+00:00 [queued]>
[2026-03-06T06:11:24.282+0000] {taskinstance.py:1979} INFO - Dependencies all met for dep_context=requeueable deps ti=<TaskInstance: ExampleDAG.train_fit scheduled__2026-03-04T18:00:00+00:00 [queued]>
[2026-03-06T06:11:24.282+0000] {taskinstance.py:2193} INFO - Starting attempt 1 of 2
[2026-03-06T06:11:24.288+0000] {taskinstance.py:2217} INFO - Executing <Task(PythonOperator): train_fit> on 2026-03-04 18:00:00+00:00
[2026-03-06T06:11:24.294+0000] {standard_task_runner.py:60} INFO - Started process 207 to run task
[2026-03-06T06:11:24.296+0000] {standard_task_runner.py:87} INFO - Running: ['***', 'tasks', 'run', 'ExampleDAG', 'train_fit', 'scheduled__2026-03-04T18:00:00+00:00', '--job-id', '4', '--raw', '--subdir', 'DAGS_FOLDER/exercise_QAs.py', '--cfg-path', '/tmp/tmpifcqfpbb']
[2026-03-06T06:11:24.296+0000] {standard_task_runner.py:88} INFO - Job 4: Subtask train_fit
[2026-03-06T06:11:24.304+0000] {warnings.py:109} WARNING - /home/***/.local/lib/python3.9/site-packages/***/settings.py:194: DeprecationWarning: The sql_alchemy_conn option in [core] has been moved to the sql_alchemy_conn option in [database] - the old setting has been used, but please update your config.
  SQL_ALCHEMY_CONN = conf.get("database", "SQL_ALCHEMY_CONN")

[2026-03-06T06:11:24.326+0000] {task_command.py:423} INFO - Running <TaskInstance: ExampleDAG.train_fit scheduled__2026-03-04T18:00:00+00:00 [running]> on host 397460420dc1
[2026-03-06T06:11:24.367+0000] {taskinstance.py:2513} INFO - Exporting env vars: AIRFLOW_CTX_DAG_OWNER='***' AIRFLOW_CTX_DAG_ID='ExampleDAG' AIRFLOW_CTX_TASK_ID='train_fit' AIRFLOW_CTX_EXECUTION_DATE='2026-03-04T18:00:00+00:00' AIRFLOW_CTX_TRY_NUMBER='1' AIRFLOW_CTX_DAG_RUN_ID='scheduled__2026-03-04T18:00:00+00:00'
[2026-03-06T06:11:24.386+0000] {logging_mixin.py:188} INFO -      sepal_length  sepal_width  petal_length  petal_width  target
0             5.1          3.5           1.4          0.2       0
1             4.9          3.0           1.4          0.2       0
2             4.7          3.2           1.3          0.2       0
3             4.6          3.1           1.5          0.2       0
4             5.0          3.6           1.4          0.2       0
..            ...          ...           ...          ...     ...
145           6.7          3.0           5.2          2.3       2
146           6.3          2.5           5.0          1.9       2
147           6.5          3.0           5.2          2.0       2
148           6.2          3.4           5.4          2.3       2
149           5.9          3.0           5.1          1.8       2

[150 rows x 5 columns]
[2026-03-06T06:11:24.394+0000] {logging_mixin.py:188} INFO - Train Accuracy : 0.9833333333333333
[2026-03-06T06:11:24.394+0000] {logging_mixin.py:188} INFO - Valid Accuracy : 0.9333333333333333
[2026-03-06T06:11:24.401+0000] {logging_mixin.py:188} WARNING - 2026/03/06 06:11:24 INFO mlflow.tracking.fluent: Experiment with name 'new_exp' does not exist. Creating a new experiment.
[2026-03-06T06:11:24.450+0000] {logging_mixin.py:188} WARNING - 2026/03/06 06:11:24 WARNING mlflow.utils.git_utils: Failed to import Git (the Git executable is probably not on your PATH), so Git SHA is not available. Error: Failed to initialize: Bad git executable.
The git executable must be specified in one of the following ways:
    - be included in your $PATH
    - be set via $GIT_PYTHON_GIT_EXECUTABLE
    - explicitly set via git.refresh(<full-path-to-git-executable>)

All git commands will error until this is rectified.

This initial message can be silenced or aggravated in the future by setting the
$GIT_PYTHON_REFRESH environment variable. Use one of the following values:
    - quiet|q|silence|s|silent|none|n|0: for no message or exception
    - warn|w|warning|log|l|1: for a warning message (logging level CRITICAL, displayed by default)
    - error|e|exception|raise|r|2: for a raised exception

Example:
    export GIT_PYTHON_REFRESH=quiet
[2026-03-06T06:11:26.388+0000] {warnings.py:109} WARNING - /home/***/.local/lib/python3.9/site-packages/_distutils_hack/__init__.py:33: UserWarning: Setuptools is replacing distutils.
  warnings.warn("Setuptools is replacing distutils.")

[2026-03-06T06:11:26.434+0000] {logging_mixin.py:188} INFO - ****Success Message*******
[2026-03-06T06:11:26.434+0000] {python.py:202} INFO - Done. Returned value was: None
[2026-03-06T06:11:26.440+0000] {taskinstance.py:1149} INFO - Marking task as SUCCESS. dag_id=ExampleDAG, task_id=train_fit, execution_date=20260304T180000, start_date=20260306T061124, end_date=20260306T061126
[2026-03-06T06:11:26.472+0000] {local_task_job_runner.py:234} INFO - Task exited with return code 0
[2026-03-06T06:11:26.483+0000] {taskinstance.py:3312} INFO - 0 downstream tasks scheduled from follow-on schedule check
