[2026-01-16T12:00:01.546+0000] {taskinstance.py:1979} INFO - Dependencies all met for dep_context=non-requeueable deps ti=<TaskInstance: ModelDevelop.get_data scheduled__2026-01-16T11:00:00+00:00 [queued]>
[2026-01-16T12:00:01.550+0000] {taskinstance.py:1979} INFO - Dependencies all met for dep_context=requeueable deps ti=<TaskInstance: ModelDevelop.get_data scheduled__2026-01-16T11:00:00+00:00 [queued]>
[2026-01-16T12:00:01.550+0000] {taskinstance.py:2193} INFO - Starting attempt 1 of 2
[2026-01-16T12:00:01.556+0000] {taskinstance.py:2217} INFO - Executing <Task(PythonOperator): get_data> on 2026-01-16 11:00:00+00:00
[2026-01-16T12:00:01.562+0000] {standard_task_runner.py:60} INFO - Started process 46604 to run task
[2026-01-16T12:00:01.564+0000] {standard_task_runner.py:87} INFO - Running: ['***', 'tasks', 'run', 'ModelDevelop', 'get_data', 'scheduled__2026-01-16T11:00:00+00:00', '--job-id', '696', '--raw', '--subdir', 'DAGS_FOLDER/example.py', '--cfg-path', '/tmp/tmpn0avvw9y']
[2026-01-16T12:00:01.565+0000] {standard_task_runner.py:88} INFO - Job 696: Subtask get_data
[2026-01-16T12:00:01.575+0000] {warnings.py:109} WARNING - /home/***/.local/lib/python3.9/site-packages/***/settings.py:194: DeprecationWarning: The sql_alchemy_conn option in [core] has been moved to the sql_alchemy_conn option in [database] - the old setting has been used, but please update your config.
  SQL_ALCHEMY_CONN = conf.get("database", "SQL_ALCHEMY_CONN")

[2026-01-16T12:00:01.597+0000] {task_command.py:423} INFO - Running <TaskInstance: ModelDevelop.get_data scheduled__2026-01-16T11:00:00+00:00 [running]> on host 8a4f043652f0
[2026-01-16T12:00:01.640+0000] {taskinstance.py:2513} INFO - Exporting env vars: AIRFLOW_CTX_DAG_OWNER='***' AIRFLOW_CTX_DAG_ID='ModelDevelop' AIRFLOW_CTX_TASK_ID='get_data' AIRFLOW_CTX_EXECUTION_DATE='2026-01-16T11:00:00+00:00' AIRFLOW_CTX_TRY_NUMBER='1' AIRFLOW_CTX_DAG_RUN_ID='scheduled__2026-01-16T11:00:00+00:00'
[2026-01-16T12:00:01.648+0000] {python.py:202} INFO - Done. Returned value was: ./iris.csv
[2026-01-16T12:00:01.660+0000] {taskinstance.py:1149} INFO - Marking task as SUCCESS. dag_id=ModelDevelop, task_id=get_data, execution_date=20260116T110000, start_date=20260116T120001, end_date=20260116T120001
[2026-01-16T12:00:01.696+0000] {local_task_job_runner.py:234} INFO - Task exited with return code 0
[2026-01-16T12:00:01.710+0000] {taskinstance.py:3312} INFO - 1 downstream tasks scheduled from follow-on schedule check
[2026-01-17T13:21:11.529+0000] {taskinstance.py:1979} INFO - Dependencies all met for dep_context=non-requeueable deps ti=<TaskInstance: ModelDevelop.get_data scheduled__2026-01-16T11:00:00+00:00 [queued]>
[2026-01-17T13:21:11.535+0000] {taskinstance.py:1979} INFO - Dependencies all met for dep_context=requeueable deps ti=<TaskInstance: ModelDevelop.get_data scheduled__2026-01-16T11:00:00+00:00 [queued]>
[2026-01-17T13:21:11.535+0000] {taskinstance.py:2193} INFO - Starting attempt 1 of 2
[2026-01-17T13:21:11.543+0000] {taskinstance.py:2217} INFO - Executing <Task(PythonOperator): get_data> on 2026-01-16 11:00:00+00:00
[2026-01-17T13:21:11.553+0000] {standard_task_runner.py:60} INFO - Started process 45812 to run task
[2026-01-17T13:21:11.558+0000] {standard_task_runner.py:87} INFO - Running: ['***', 'tasks', 'run', 'ModelDevelop', 'get_data', 'scheduled__2026-01-16T11:00:00+00:00', '--job-id', '686', '--raw', '--subdir', 'DAGS_FOLDER/example.py', '--cfg-path', '/tmp/tmps3x2g6tq']
[2026-01-17T13:21:11.559+0000] {standard_task_runner.py:88} INFO - Job 686: Subtask get_data
[2026-01-17T13:21:11.581+0000] {warnings.py:109} WARNING - /home/***/.local/lib/python3.9/site-packages/***/settings.py:194: DeprecationWarning: The sql_alchemy_conn option in [core] has been moved to the sql_alchemy_conn option in [database] - the old setting has been used, but please update your config.
  SQL_ALCHEMY_CONN = conf.get("database", "SQL_ALCHEMY_CONN")

[2026-01-17T13:21:11.623+0000] {task_command.py:423} INFO - Running <TaskInstance: ModelDevelop.get_data scheduled__2026-01-16T11:00:00+00:00 [running]> on host ed3184b6b543
[2026-01-17T13:21:11.692+0000] {taskinstance.py:2513} INFO - Exporting env vars: AIRFLOW_CTX_DAG_OWNER='***' AIRFLOW_CTX_DAG_ID='ModelDevelop' AIRFLOW_CTX_TASK_ID='get_data' AIRFLOW_CTX_EXECUTION_DATE='2026-01-16T11:00:00+00:00' AIRFLOW_CTX_TRY_NUMBER='1' AIRFLOW_CTX_DAG_RUN_ID='scheduled__2026-01-16T11:00:00+00:00'
[2026-01-17T13:21:11.702+0000] {python.py:202} INFO - Done. Returned value was: ./iris.csv
[2026-01-17T13:21:11.750+0000] {taskinstance.py:1149} INFO - Marking task as SUCCESS. dag_id=ModelDevelop, task_id=get_data, execution_date=20260116T110000, start_date=20260117T132111, end_date=20260117T132111
[2026-01-17T13:21:11.808+0000] {local_task_job_runner.py:234} INFO - Task exited with return code 0
[2026-01-17T13:21:11.845+0000] {taskinstance.py:3312} INFO - 0 downstream tasks scheduled from follow-on schedule check
[2026-01-17T13:42:46.098+0000] {taskinstance.py:1979} INFO - Dependencies all met for dep_context=non-requeueable deps ti=<TaskInstance: ModelDevelop.get_data scheduled__2026-01-16T11:00:00+00:00 [queued]>
[2026-01-17T13:42:46.105+0000] {taskinstance.py:1979} INFO - Dependencies all met for dep_context=requeueable deps ti=<TaskInstance: ModelDevelop.get_data scheduled__2026-01-16T11:00:00+00:00 [queued]>
[2026-01-17T13:42:46.105+0000] {taskinstance.py:2193} INFO - Starting attempt 1 of 2
[2026-01-17T13:42:46.124+0000] {taskinstance.py:2217} INFO - Executing <Task(PythonOperator): get_data> on 2026-01-16 11:00:00+00:00
[2026-01-17T13:42:46.133+0000] {standard_task_runner.py:60} INFO - Started process 46340 to run task
[2026-01-17T13:42:46.138+0000] {standard_task_runner.py:87} INFO - Running: ['***', 'tasks', 'run', 'ModelDevelop', 'get_data', 'scheduled__2026-01-16T11:00:00+00:00', '--job-id', '691', '--raw', '--subdir', 'DAGS_FOLDER/example.py', '--cfg-path', '/tmp/tmpbvys36pj']
[2026-01-17T13:42:46.139+0000] {standard_task_runner.py:88} INFO - Job 691: Subtask get_data
[2026-01-17T13:42:46.187+0000] {warnings.py:109} WARNING - /home/***/.local/lib/python3.9/site-packages/***/settings.py:194: DeprecationWarning: The sql_alchemy_conn option in [core] has been moved to the sql_alchemy_conn option in [database] - the old setting has been used, but please update your config.
  SQL_ALCHEMY_CONN = conf.get("database", "SQL_ALCHEMY_CONN")

[2026-01-17T13:42:46.217+0000] {task_command.py:423} INFO - Running <TaskInstance: ModelDevelop.get_data scheduled__2026-01-16T11:00:00+00:00 [running]> on host 5330652dc216
[2026-01-17T13:42:46.269+0000] {taskinstance.py:2513} INFO - Exporting env vars: AIRFLOW_CTX_DAG_OWNER='***' AIRFLOW_CTX_DAG_ID='ModelDevelop' AIRFLOW_CTX_TASK_ID='get_data' AIRFLOW_CTX_EXECUTION_DATE='2026-01-16T11:00:00+00:00' AIRFLOW_CTX_TRY_NUMBER='1' AIRFLOW_CTX_DAG_RUN_ID='scheduled__2026-01-16T11:00:00+00:00'
[2026-01-17T13:42:46.279+0000] {python.py:202} INFO - Done. Returned value was: ./iris.csv
[2026-01-17T13:42:46.296+0000] {taskinstance.py:1149} INFO - Marking task as SUCCESS. dag_id=ModelDevelop, task_id=get_data, execution_date=20260116T110000, start_date=20260117T134246, end_date=20260117T134246
[2026-01-17T13:42:46.348+0000] {local_task_job_runner.py:234} INFO - Task exited with return code 0
[2026-01-17T13:42:46.384+0000] {taskinstance.py:3312} INFO - 1 downstream tasks scheduled from follow-on schedule check
