[2026-01-16T07:56:28.394+0000] {taskinstance.py:1979} INFO - Dependencies all met for dep_context=non-requeueable deps ti=<TaskInstance: ModelDevelop.get_data scheduled__2026-01-12T13:00:00+00:00 [queued]>
[2026-01-16T07:56:28.399+0000] {taskinstance.py:1979} INFO - Dependencies all met for dep_context=requeueable deps ti=<TaskInstance: ModelDevelop.get_data scheduled__2026-01-12T13:00:00+00:00 [queued]>
[2026-01-16T07:56:28.400+0000] {taskinstance.py:2193} INFO - Starting attempt 1 of 2
[2026-01-16T07:56:28.492+0000] {taskinstance.py:2217} INFO - Executing <Task(PythonOperator): get_data> on 2026-01-12 13:00:00+00:00
[2026-01-16T07:56:28.501+0000] {standard_task_runner.py:60} INFO - Started process 33010 to run task
[2026-01-16T07:56:28.507+0000] {standard_task_runner.py:87} INFO - Running: ['***', 'tasks', 'run', 'ModelDevelop', 'get_data', 'scheduled__2026-01-12T13:00:00+00:00', '--job-id', '495', '--raw', '--subdir', 'DAGS_FOLDER/example.py', '--cfg-path', '/tmp/tmp90ga3303']
[2026-01-16T07:56:28.508+0000] {standard_task_runner.py:88} INFO - Job 495: Subtask get_data
[2026-01-16T07:56:28.527+0000] {warnings.py:109} WARNING - /home/***/.local/lib/python3.9/site-packages/***/settings.py:194: DeprecationWarning: The sql_alchemy_conn option in [core] has been moved to the sql_alchemy_conn option in [database] - the old setting has been used, but please update your config.
  SQL_ALCHEMY_CONN = conf.get("database", "SQL_ALCHEMY_CONN")

[2026-01-16T07:56:28.562+0000] {task_command.py:423} INFO - Running <TaskInstance: ModelDevelop.get_data scheduled__2026-01-12T13:00:00+00:00 [running]> on host 8a4f043652f0
[2026-01-16T07:56:28.620+0000] {taskinstance.py:2513} INFO - Exporting env vars: AIRFLOW_CTX_DAG_OWNER='***' AIRFLOW_CTX_DAG_ID='ModelDevelop' AIRFLOW_CTX_TASK_ID='get_data' AIRFLOW_CTX_EXECUTION_DATE='2026-01-12T13:00:00+00:00' AIRFLOW_CTX_TRY_NUMBER='1' AIRFLOW_CTX_DAG_RUN_ID='scheduled__2026-01-12T13:00:00+00:00'
[2026-01-16T07:56:28.630+0000] {python.py:202} INFO - Done. Returned value was: ./iris.csv
[2026-01-16T07:56:28.644+0000] {taskinstance.py:1149} INFO - Marking task as SUCCESS. dag_id=ModelDevelop, task_id=get_data, execution_date=20260112T130000, start_date=20260116T075628, end_date=20260116T075628
[2026-01-16T07:56:28.686+0000] {local_task_job_runner.py:234} INFO - Task exited with return code 0
[2026-01-16T07:56:28.728+0000] {taskinstance.py:3312} INFO - 1 downstream tasks scheduled from follow-on schedule check
[2026-01-17T13:20:13.117+0000] {taskinstance.py:1979} INFO - Dependencies all met for dep_context=non-requeueable deps ti=<TaskInstance: ModelDevelop.get_data scheduled__2026-01-12T13:00:00+00:00 [queued]>
[2026-01-17T13:20:13.132+0000] {taskinstance.py:1979} INFO - Dependencies all met for dep_context=requeueable deps ti=<TaskInstance: ModelDevelop.get_data scheduled__2026-01-12T13:00:00+00:00 [queued]>
[2026-01-17T13:20:13.132+0000] {taskinstance.py:2193} INFO - Starting attempt 1 of 2
[2026-01-17T13:20:13.160+0000] {taskinstance.py:2217} INFO - Executing <Task(PythonOperator): get_data> on 2026-01-12 13:00:00+00:00
[2026-01-17T13:20:13.179+0000] {standard_task_runner.py:60} INFO - Started process 33145 to run task
[2026-01-17T13:20:13.181+0000] {standard_task_runner.py:87} INFO - Running: ['***', 'tasks', 'run', 'ModelDevelop', 'get_data', 'scheduled__2026-01-12T13:00:00+00:00', '--job-id', '496', '--raw', '--subdir', 'DAGS_FOLDER/example.py', '--cfg-path', '/tmp/tmpmdk3ssh7']
[2026-01-17T13:20:13.182+0000] {standard_task_runner.py:88} INFO - Job 496: Subtask get_data
[2026-01-17T13:20:13.196+0000] {warnings.py:109} WARNING - /home/***/.local/lib/python3.9/site-packages/***/settings.py:194: DeprecationWarning: The sql_alchemy_conn option in [core] has been moved to the sql_alchemy_conn option in [database] - the old setting has been used, but please update your config.
  SQL_ALCHEMY_CONN = conf.get("database", "SQL_ALCHEMY_CONN")

[2026-01-17T13:20:13.232+0000] {task_command.py:423} INFO - Running <TaskInstance: ModelDevelop.get_data scheduled__2026-01-12T13:00:00+00:00 [running]> on host ed3184b6b543
[2026-01-17T13:20:13.316+0000] {taskinstance.py:2513} INFO - Exporting env vars: AIRFLOW_CTX_DAG_OWNER='***' AIRFLOW_CTX_DAG_ID='ModelDevelop' AIRFLOW_CTX_TASK_ID='get_data' AIRFLOW_CTX_EXECUTION_DATE='2026-01-12T13:00:00+00:00' AIRFLOW_CTX_TRY_NUMBER='1' AIRFLOW_CTX_DAG_RUN_ID='scheduled__2026-01-12T13:00:00+00:00'
[2026-01-17T13:20:13.328+0000] {python.py:202} INFO - Done. Returned value was: ./iris.csv
[2026-01-17T13:20:13.374+0000] {taskinstance.py:1149} INFO - Marking task as SUCCESS. dag_id=ModelDevelop, task_id=get_data, execution_date=20260112T130000, start_date=20260117T132013, end_date=20260117T132013
[2026-01-17T13:20:13.403+0000] {local_task_job_runner.py:234} INFO - Task exited with return code 0
[2026-01-17T13:20:13.421+0000] {taskinstance.py:3312} INFO - 1 downstream tasks scheduled from follow-on schedule check
[2026-01-17T13:41:46.006+0000] {taskinstance.py:1979} INFO - Dependencies all met for dep_context=non-requeueable deps ti=<TaskInstance: ModelDevelop.get_data scheduled__2026-01-12T13:00:00+00:00 [queued]>
[2026-01-17T13:41:46.013+0000] {taskinstance.py:1979} INFO - Dependencies all met for dep_context=requeueable deps ti=<TaskInstance: ModelDevelop.get_data scheduled__2026-01-12T13:00:00+00:00 [queued]>
[2026-01-17T13:41:46.013+0000] {taskinstance.py:2193} INFO - Starting attempt 1 of 2
[2026-01-17T13:41:46.021+0000] {taskinstance.py:2217} INFO - Executing <Task(PythonOperator): get_data> on 2026-01-12 13:00:00+00:00
[2026-01-17T13:41:46.030+0000] {standard_task_runner.py:60} INFO - Started process 33546 to run task
[2026-01-17T13:41:46.038+0000] {standard_task_runner.py:87} INFO - Running: ['***', 'tasks', 'run', 'ModelDevelop', 'get_data', 'scheduled__2026-01-12T13:00:00+00:00', '--job-id', '501', '--raw', '--subdir', 'DAGS_FOLDER/example.py', '--cfg-path', '/tmp/tmpdf_geaji']
[2026-01-17T13:41:46.039+0000] {standard_task_runner.py:88} INFO - Job 501: Subtask get_data
[2026-01-17T13:41:46.054+0000] {warnings.py:109} WARNING - /home/***/.local/lib/python3.9/site-packages/***/settings.py:194: DeprecationWarning: The sql_alchemy_conn option in [core] has been moved to the sql_alchemy_conn option in [database] - the old setting has been used, but please update your config.
  SQL_ALCHEMY_CONN = conf.get("database", "SQL_ALCHEMY_CONN")

[2026-01-17T13:41:46.093+0000] {task_command.py:423} INFO - Running <TaskInstance: ModelDevelop.get_data scheduled__2026-01-12T13:00:00+00:00 [running]> on host 5330652dc216
[2026-01-17T13:41:46.158+0000] {taskinstance.py:2513} INFO - Exporting env vars: AIRFLOW_CTX_DAG_OWNER='***' AIRFLOW_CTX_DAG_ID='ModelDevelop' AIRFLOW_CTX_TASK_ID='get_data' AIRFLOW_CTX_EXECUTION_DATE='2026-01-12T13:00:00+00:00' AIRFLOW_CTX_TRY_NUMBER='1' AIRFLOW_CTX_DAG_RUN_ID='scheduled__2026-01-12T13:00:00+00:00'
[2026-01-17T13:41:46.167+0000] {python.py:202} INFO - Done. Returned value was: ./iris.csv
[2026-01-17T13:41:46.213+0000] {taskinstance.py:1149} INFO - Marking task as SUCCESS. dag_id=ModelDevelop, task_id=get_data, execution_date=20260112T130000, start_date=20260117T134146, end_date=20260117T134146
[2026-01-17T13:41:46.286+0000] {local_task_job_runner.py:234} INFO - Task exited with return code 0
[2026-01-17T13:41:46.308+0000] {taskinstance.py:3312} INFO - 1 downstream tasks scheduled from follow-on schedule check
