[2026-01-16T07:57:19.152+0000] {taskinstance.py:1979} INFO - Dependencies all met for dep_context=non-requeueable deps ti=<TaskInstance: ModelDevelop.get_data scheduled__2026-01-15T11:00:00+00:00 [queued]>
[2026-01-16T07:57:19.159+0000] {taskinstance.py:1979} INFO - Dependencies all met for dep_context=requeueable deps ti=<TaskInstance: ModelDevelop.get_data scheduled__2026-01-15T11:00:00+00:00 [queued]>
[2026-01-16T07:57:19.159+0000] {taskinstance.py:2193} INFO - Starting attempt 1 of 2
[2026-01-16T07:57:19.170+0000] {taskinstance.py:2217} INFO - Executing <Task(PythonOperator): get_data> on 2026-01-15 11:00:00+00:00
[2026-01-16T07:57:19.178+0000] {standard_task_runner.py:60} INFO - Started process 43325 to run task
[2026-01-16T07:57:19.181+0000] {standard_task_runner.py:87} INFO - Running: ['***', 'tasks', 'run', 'ModelDevelop', 'get_data', 'scheduled__2026-01-15T11:00:00+00:00', '--job-id', '645', '--raw', '--subdir', 'DAGS_FOLDER/example.py', '--cfg-path', '/tmp/tmpim908777']
[2026-01-16T07:57:19.182+0000] {standard_task_runner.py:88} INFO - Job 645: Subtask get_data
[2026-01-16T07:57:19.191+0000] {warnings.py:109} WARNING - /home/***/.local/lib/python3.9/site-packages/***/settings.py:194: DeprecationWarning: The sql_alchemy_conn option in [core] has been moved to the sql_alchemy_conn option in [database] - the old setting has been used, but please update your config.
  SQL_ALCHEMY_CONN = conf.get("database", "SQL_ALCHEMY_CONN")

[2026-01-16T07:57:19.221+0000] {task_command.py:423} INFO - Running <TaskInstance: ModelDevelop.get_data scheduled__2026-01-15T11:00:00+00:00 [running]> on host 8a4f043652f0
[2026-01-16T07:57:19.340+0000] {taskinstance.py:2513} INFO - Exporting env vars: AIRFLOW_CTX_DAG_OWNER='***' AIRFLOW_CTX_DAG_ID='ModelDevelop' AIRFLOW_CTX_TASK_ID='get_data' AIRFLOW_CTX_EXECUTION_DATE='2026-01-15T11:00:00+00:00' AIRFLOW_CTX_TRY_NUMBER='1' AIRFLOW_CTX_DAG_RUN_ID='scheduled__2026-01-15T11:00:00+00:00'
[2026-01-16T07:57:19.348+0000] {python.py:202} INFO - Done. Returned value was: ./iris.csv
[2026-01-16T07:57:19.368+0000] {taskinstance.py:1149} INFO - Marking task as SUCCESS. dag_id=ModelDevelop, task_id=get_data, execution_date=20260115T110000, start_date=20260116T075719, end_date=20260116T075719
[2026-01-16T07:57:19.398+0000] {local_task_job_runner.py:234} INFO - Task exited with return code 0
[2026-01-16T07:57:19.419+0000] {taskinstance.py:3312} INFO - 1 downstream tasks scheduled from follow-on schedule check
[2026-01-17T13:21:00.672+0000] {taskinstance.py:1979} INFO - Dependencies all met for dep_context=non-requeueable deps ti=<TaskInstance: ModelDevelop.get_data scheduled__2026-01-15T11:00:00+00:00 [queued]>
[2026-01-17T13:21:00.678+0000] {taskinstance.py:1979} INFO - Dependencies all met for dep_context=requeueable deps ti=<TaskInstance: ModelDevelop.get_data scheduled__2026-01-15T11:00:00+00:00 [queued]>
[2026-01-17T13:21:00.679+0000] {taskinstance.py:2193} INFO - Starting attempt 1 of 2
[2026-01-17T13:21:00.689+0000] {taskinstance.py:2217} INFO - Executing <Task(PythonOperator): get_data> on 2026-01-15 11:00:00+00:00
[2026-01-17T13:21:00.696+0000] {standard_task_runner.py:60} INFO - Started process 43457 to run task
[2026-01-17T13:21:00.698+0000] {standard_task_runner.py:87} INFO - Running: ['***', 'tasks', 'run', 'ModelDevelop', 'get_data', 'scheduled__2026-01-15T11:00:00+00:00', '--job-id', '645', '--raw', '--subdir', 'DAGS_FOLDER/example.py', '--cfg-path', '/tmp/tmpjw5lw1ep']
[2026-01-17T13:21:00.699+0000] {standard_task_runner.py:88} INFO - Job 645: Subtask get_data
[2026-01-17T13:21:00.708+0000] {warnings.py:109} WARNING - /home/***/.local/lib/python3.9/site-packages/***/settings.py:194: DeprecationWarning: The sql_alchemy_conn option in [core] has been moved to the sql_alchemy_conn option in [database] - the old setting has been used, but please update your config.
  SQL_ALCHEMY_CONN = conf.get("database", "SQL_ALCHEMY_CONN")

[2026-01-17T13:21:00.737+0000] {task_command.py:423} INFO - Running <TaskInstance: ModelDevelop.get_data scheduled__2026-01-15T11:00:00+00:00 [running]> on host ed3184b6b543
[2026-01-17T13:21:00.832+0000] {taskinstance.py:2513} INFO - Exporting env vars: AIRFLOW_CTX_DAG_OWNER='***' AIRFLOW_CTX_DAG_ID='ModelDevelop' AIRFLOW_CTX_TASK_ID='get_data' AIRFLOW_CTX_EXECUTION_DATE='2026-01-15T11:00:00+00:00' AIRFLOW_CTX_TRY_NUMBER='1' AIRFLOW_CTX_DAG_RUN_ID='scheduled__2026-01-15T11:00:00+00:00'
[2026-01-17T13:21:00.844+0000] {python.py:202} INFO - Done. Returned value was: ./iris.csv
[2026-01-17T13:21:00.863+0000] {taskinstance.py:1149} INFO - Marking task as SUCCESS. dag_id=ModelDevelop, task_id=get_data, execution_date=20260115T110000, start_date=20260117T132100, end_date=20260117T132100
[2026-01-17T13:21:00.910+0000] {local_task_job_runner.py:234} INFO - Task exited with return code 0
[2026-01-17T13:21:00.990+0000] {taskinstance.py:3312} INFO - 0 downstream tasks scheduled from follow-on schedule check
[2026-01-17T13:42:28.119+0000] {taskinstance.py:1979} INFO - Dependencies all met for dep_context=non-requeueable deps ti=<TaskInstance: ModelDevelop.get_data scheduled__2026-01-15T11:00:00+00:00 [queued]>
[2026-01-17T13:42:28.124+0000] {taskinstance.py:1979} INFO - Dependencies all met for dep_context=requeueable deps ti=<TaskInstance: ModelDevelop.get_data scheduled__2026-01-15T11:00:00+00:00 [queued]>
[2026-01-17T13:42:28.124+0000] {taskinstance.py:2193} INFO - Starting attempt 1 of 2
[2026-01-17T13:42:28.130+0000] {taskinstance.py:2217} INFO - Executing <Task(PythonOperator): get_data> on 2026-01-15 11:00:00+00:00
[2026-01-17T13:42:28.137+0000] {standard_task_runner.py:60} INFO - Started process 42358 to run task
[2026-01-17T13:42:28.139+0000] {standard_task_runner.py:87} INFO - Running: ['***', 'tasks', 'run', 'ModelDevelop', 'get_data', 'scheduled__2026-01-15T11:00:00+00:00', '--job-id', '635', '--raw', '--subdir', 'DAGS_FOLDER/example.py', '--cfg-path', '/tmp/tmpg2z_6czu']
[2026-01-17T13:42:28.139+0000] {standard_task_runner.py:88} INFO - Job 635: Subtask get_data
[2026-01-17T13:42:28.148+0000] {warnings.py:109} WARNING - /home/***/.local/lib/python3.9/site-packages/***/settings.py:194: DeprecationWarning: The sql_alchemy_conn option in [core] has been moved to the sql_alchemy_conn option in [database] - the old setting has been used, but please update your config.
  SQL_ALCHEMY_CONN = conf.get("database", "SQL_ALCHEMY_CONN")

[2026-01-17T13:42:28.173+0000] {task_command.py:423} INFO - Running <TaskInstance: ModelDevelop.get_data scheduled__2026-01-15T11:00:00+00:00 [running]> on host 5330652dc216
[2026-01-17T13:42:28.238+0000] {taskinstance.py:2513} INFO - Exporting env vars: AIRFLOW_CTX_DAG_OWNER='***' AIRFLOW_CTX_DAG_ID='ModelDevelop' AIRFLOW_CTX_TASK_ID='get_data' AIRFLOW_CTX_EXECUTION_DATE='2026-01-15T11:00:00+00:00' AIRFLOW_CTX_TRY_NUMBER='1' AIRFLOW_CTX_DAG_RUN_ID='scheduled__2026-01-15T11:00:00+00:00'
[2026-01-17T13:42:28.249+0000] {python.py:202} INFO - Done. Returned value was: ./iris.csv
[2026-01-17T13:42:28.311+0000] {taskinstance.py:1149} INFO - Marking task as SUCCESS. dag_id=ModelDevelop, task_id=get_data, execution_date=20260115T110000, start_date=20260117T134228, end_date=20260117T134228
[2026-01-17T13:42:28.351+0000] {local_task_job_runner.py:234} INFO - Task exited with return code 0
[2026-01-17T13:42:28.409+0000] {taskinstance.py:3312} INFO - 0 downstream tasks scheduled from follow-on schedule check
