[2026-01-02T02:26:20.678+0000] {taskinstance.py:1165} INFO - Dependencies all met for <TaskInstance: ModelDevelop.train_fit manual__2026-01-02T02:23:17.812526+00:00 [queued]>
[2026-01-02T02:26:20.684+0000] {taskinstance.py:1165} INFO - Dependencies all met for <TaskInstance: ModelDevelop.train_fit manual__2026-01-02T02:23:17.812526+00:00 [queued]>
[2026-01-02T02:26:20.684+0000] {taskinstance.py:1362} INFO - 
--------------------------------------------------------------------------------
[2026-01-02T02:26:20.684+0000] {taskinstance.py:1363} INFO - Starting attempt 2 of 2
[2026-01-02T02:26:20.684+0000] {taskinstance.py:1364} INFO - 
--------------------------------------------------------------------------------
[2026-01-02T02:26:20.691+0000] {taskinstance.py:1383} INFO - Executing <Task(PythonOperator): train_fit> on 2026-01-02 02:23:17.812526+00:00
[2026-01-02T02:26:20.694+0000] {standard_task_runner.py:54} INFO - Started process 246 to run task
[2026-01-02T02:26:20.697+0000] {standard_task_runner.py:82} INFO - Running: ['***', 'tasks', 'run', 'ModelDevelop', 'train_fit', 'manual__2026-01-02T02:23:17.812526+00:00', '--job-id', '57', '--raw', '--subdir', 'DAGS_FOLDER/psjung_dag.py', '--cfg-path', '/tmp/tmpm6mpmkoh']
[2026-01-02T02:26:20.697+0000] {standard_task_runner.py:83} INFO - Job 57: Subtask train_fit
[2026-01-02T02:26:20.697+0000] {dagbag.py:525} INFO - Filling up the DagBag from /opt/***/dags/psjung_dag.py
[2026-01-02T02:26:21.299+0000] {warnings.py:110} WARNING - /home/***/.local/lib/python3.7/site-packages/***/configuration.py:545: DeprecationWarning: The sql_alchemy_conn option in [core] has been moved to the sql_alchemy_conn option in [database] - the old setting has been used, but please update your config.
  option = self._get_environment_variables(deprecated_key, deprecated_section, key, section)

[2026-01-02T02:26:21.326+0000] {task_command.py:384} INFO - Running <TaskInstance: ModelDevelop.train_fit manual__2026-01-02T02:23:17.812526+00:00 [running]> on host 81eec80a5533
[2026-01-02T02:26:21.365+0000] {taskinstance.py:1592} INFO - Exporting the following env vars:
AIRFLOW_CTX_DAG_OWNER=***
AIRFLOW_CTX_DAG_ID=ModelDevelop
AIRFLOW_CTX_TASK_ID=train_fit
AIRFLOW_CTX_EXECUTION_DATE=2026-01-02T02:23:17.812526+00:00
AIRFLOW_CTX_TRY_NUMBER=2
AIRFLOW_CTX_DAG_RUN_ID=manual__2026-01-02T02:23:17.812526+00:00
[2026-01-02T02:26:21.376+0000] {logging_mixin.py:117} INFO -    sepal_length  sepal_width  petal_length  petal_width  target
0           5.3          3.7           1.5          0.2       0
[2026-01-02T02:26:21.376+0000] {taskinstance.py:1851} ERROR - Task failed with exception
Traceback (most recent call last):
  File "/home/airflow/.local/lib/python3.7/site-packages/airflow/operators/python.py", line 175, in execute
    return_value = self.execute_callable()
  File "/home/airflow/.local/lib/python3.7/site-packages/airflow/operators/python.py", line 193, in execute_callable
    return self.python_callable(*self.op_args, **self.op_kwargs)
  File "/opt/airflow/dags/psjung_dag.py", line 65, in train_fit
    X = df.drop(["id", "timestamp", "target"], axis="columns")
  File "/home/airflow/.local/lib/python3.7/site-packages/pandas/util/_decorators.py", line 311, in wrapper
    return func(*args, **kwargs)
  File "/home/airflow/.local/lib/python3.7/site-packages/pandas/core/frame.py", line 4913, in drop
    errors=errors,
  File "/home/airflow/.local/lib/python3.7/site-packages/pandas/core/generic.py", line 4150, in drop
    obj = obj._drop_axis(labels, axis, level=level, errors=errors)
  File "/home/airflow/.local/lib/python3.7/site-packages/pandas/core/generic.py", line 4185, in _drop_axis
    new_axis = axis.drop(labels, errors=errors)
  File "/home/airflow/.local/lib/python3.7/site-packages/pandas/core/indexes/base.py", line 6017, in drop
    raise KeyError(f"{labels[mask]} not found in axis")
KeyError: "['id' 'timestamp'] not found in axis"
[2026-01-02T02:26:21.384+0000] {taskinstance.py:1406} INFO - Marking task as FAILED. dag_id=ModelDevelop, task_id=train_fit, execution_date=20260102T022317, start_date=20260102T022620, end_date=20260102T022621
[2026-01-02T02:26:21.390+0000] {standard_task_runner.py:107} ERROR - Failed to execute job 57 for task train_fit ("['id' 'timestamp'] not found in axis"; 246)
[2026-01-02T02:26:21.429+0000] {local_task_job.py:164} INFO - Task exited with return code 1
[2026-01-02T02:26:21.442+0000] {local_task_job.py:273} INFO - 0 downstream tasks scheduled from follow-on schedule check
