[2026-01-16T19:00:01.964+0000] {taskinstance.py:1979} INFO - Dependencies all met for dep_context=non-requeueable deps ti=<TaskInstance: ModelDevelop.get_data scheduled__2026-01-16T18:00:00+00:00 [queued]>
[2026-01-16T19:00:01.968+0000] {taskinstance.py:1979} INFO - Dependencies all met for dep_context=requeueable deps ti=<TaskInstance: ModelDevelop.get_data scheduled__2026-01-16T18:00:00+00:00 [queued]>
[2026-01-16T19:00:01.968+0000] {taskinstance.py:2193} INFO - Starting attempt 1 of 2
[2026-01-16T19:00:01.974+0000] {taskinstance.py:2217} INFO - Executing <Task(PythonOperator): get_data> on 2026-01-16 18:00:00+00:00
[2026-01-16T19:00:01.979+0000] {standard_task_runner.py:60} INFO - Started process 47542 to run task
[2026-01-16T19:00:01.982+0000] {standard_task_runner.py:87} INFO - Running: ['***', 'tasks', 'run', 'ModelDevelop', 'get_data', 'scheduled__2026-01-16T18:00:00+00:00', '--job-id', '710', '--raw', '--subdir', 'DAGS_FOLDER/example.py', '--cfg-path', '/tmp/tmpa2y59eqf']
[2026-01-16T19:00:01.983+0000] {standard_task_runner.py:88} INFO - Job 710: Subtask get_data
[2026-01-16T19:00:01.992+0000] {warnings.py:109} WARNING - /home/***/.local/lib/python3.9/site-packages/***/settings.py:194: DeprecationWarning: The sql_alchemy_conn option in [core] has been moved to the sql_alchemy_conn option in [database] - the old setting has been used, but please update your config.
  SQL_ALCHEMY_CONN = conf.get("database", "SQL_ALCHEMY_CONN")

[2026-01-16T19:00:02.013+0000] {task_command.py:423} INFO - Running <TaskInstance: ModelDevelop.get_data scheduled__2026-01-16T18:00:00+00:00 [running]> on host 8a4f043652f0
[2026-01-16T19:00:02.057+0000] {taskinstance.py:2513} INFO - Exporting env vars: AIRFLOW_CTX_DAG_OWNER='***' AIRFLOW_CTX_DAG_ID='ModelDevelop' AIRFLOW_CTX_TASK_ID='get_data' AIRFLOW_CTX_EXECUTION_DATE='2026-01-16T18:00:00+00:00' AIRFLOW_CTX_TRY_NUMBER='1' AIRFLOW_CTX_DAG_RUN_ID='scheduled__2026-01-16T18:00:00+00:00'
[2026-01-16T19:00:02.065+0000] {python.py:202} INFO - Done. Returned value was: ./iris.csv
[2026-01-16T19:00:02.078+0000] {taskinstance.py:1149} INFO - Marking task as SUCCESS. dag_id=ModelDevelop, task_id=get_data, execution_date=20260116T180000, start_date=20260116T190001, end_date=20260116T190002
[2026-01-16T19:00:02.113+0000] {local_task_job_runner.py:234} INFO - Task exited with return code 0
[2026-01-16T19:00:02.127+0000] {taskinstance.py:3312} INFO - 0 downstream tasks scheduled from follow-on schedule check
[2026-01-17T13:21:20.123+0000] {taskinstance.py:1979} INFO - Dependencies all met for dep_context=non-requeueable deps ti=<TaskInstance: ModelDevelop.get_data scheduled__2026-01-16T18:00:00+00:00 [queued]>
[2026-01-17T13:21:20.128+0000] {taskinstance.py:1979} INFO - Dependencies all met for dep_context=requeueable deps ti=<TaskInstance: ModelDevelop.get_data scheduled__2026-01-16T18:00:00+00:00 [queued]>
[2026-01-17T13:21:20.128+0000] {taskinstance.py:2193} INFO - Starting attempt 1 of 2
[2026-01-17T13:21:20.228+0000] {taskinstance.py:2217} INFO - Executing <Task(PythonOperator): get_data> on 2026-01-16 18:00:00+00:00
[2026-01-17T13:21:20.237+0000] {standard_task_runner.py:60} INFO - Started process 47780 to run task
[2026-01-17T13:21:20.239+0000] {standard_task_runner.py:87} INFO - Running: ['***', 'tasks', 'run', 'ModelDevelop', 'get_data', 'scheduled__2026-01-16T18:00:00+00:00', '--job-id', '710', '--raw', '--subdir', 'DAGS_FOLDER/example.py', '--cfg-path', '/tmp/tmpy6ospl5y']
[2026-01-17T13:21:20.240+0000] {standard_task_runner.py:88} INFO - Job 710: Subtask get_data
[2026-01-17T13:21:20.256+0000] {warnings.py:109} WARNING - /home/***/.local/lib/python3.9/site-packages/***/settings.py:194: DeprecationWarning: The sql_alchemy_conn option in [core] has been moved to the sql_alchemy_conn option in [database] - the old setting has been used, but please update your config.
  SQL_ALCHEMY_CONN = conf.get("database", "SQL_ALCHEMY_CONN")

[2026-01-17T13:21:20.321+0000] {task_command.py:423} INFO - Running <TaskInstance: ModelDevelop.get_data scheduled__2026-01-16T18:00:00+00:00 [running]> on host ed3184b6b543
[2026-01-17T13:21:20.378+0000] {taskinstance.py:2513} INFO - Exporting env vars: AIRFLOW_CTX_DAG_OWNER='***' AIRFLOW_CTX_DAG_ID='ModelDevelop' AIRFLOW_CTX_TASK_ID='get_data' AIRFLOW_CTX_EXECUTION_DATE='2026-01-16T18:00:00+00:00' AIRFLOW_CTX_TRY_NUMBER='1' AIRFLOW_CTX_DAG_RUN_ID='scheduled__2026-01-16T18:00:00+00:00'
[2026-01-17T13:21:20.390+0000] {python.py:202} INFO - Done. Returned value was: ./iris.csv
[2026-01-17T13:21:20.408+0000] {taskinstance.py:1149} INFO - Marking task as SUCCESS. dag_id=ModelDevelop, task_id=get_data, execution_date=20260116T180000, start_date=20260117T132120, end_date=20260117T132120
[2026-01-17T13:21:20.453+0000] {local_task_job_runner.py:234} INFO - Task exited with return code 0
[2026-01-17T13:21:20.569+0000] {taskinstance.py:3312} INFO - 0 downstream tasks scheduled from follow-on schedule check
[2026-01-17T13:42:47.083+0000] {taskinstance.py:1979} INFO - Dependencies all met for dep_context=non-requeueable deps ti=<TaskInstance: ModelDevelop.get_data scheduled__2026-01-16T18:00:00+00:00 [queued]>
[2026-01-17T13:42:47.101+0000] {taskinstance.py:1979} INFO - Dependencies all met for dep_context=requeueable deps ti=<TaskInstance: ModelDevelop.get_data scheduled__2026-01-16T18:00:00+00:00 [queued]>
[2026-01-17T13:42:47.101+0000] {taskinstance.py:2193} INFO - Starting attempt 1 of 2
[2026-01-17T13:42:47.115+0000] {taskinstance.py:2217} INFO - Executing <Task(PythonOperator): get_data> on 2026-01-16 18:00:00+00:00
[2026-01-17T13:42:47.139+0000] {standard_task_runner.py:60} INFO - Started process 46645 to run task
[2026-01-17T13:42:47.150+0000] {standard_task_runner.py:87} INFO - Running: ['***', 'tasks', 'run', 'ModelDevelop', 'get_data', 'scheduled__2026-01-16T18:00:00+00:00', '--job-id', '698', '--raw', '--subdir', 'DAGS_FOLDER/example.py', '--cfg-path', '/tmp/tmpy_m9gppk']
[2026-01-17T13:42:47.151+0000] {standard_task_runner.py:88} INFO - Job 698: Subtask get_data
[2026-01-17T13:42:47.164+0000] {warnings.py:109} WARNING - /home/***/.local/lib/python3.9/site-packages/***/settings.py:194: DeprecationWarning: The sql_alchemy_conn option in [core] has been moved to the sql_alchemy_conn option in [database] - the old setting has been used, but please update your config.
  SQL_ALCHEMY_CONN = conf.get("database", "SQL_ALCHEMY_CONN")

[2026-01-17T13:42:47.197+0000] {task_command.py:423} INFO - Running <TaskInstance: ModelDevelop.get_data scheduled__2026-01-16T18:00:00+00:00 [running]> on host 5330652dc216
[2026-01-17T13:42:47.295+0000] {taskinstance.py:2513} INFO - Exporting env vars: AIRFLOW_CTX_DAG_OWNER='***' AIRFLOW_CTX_DAG_ID='ModelDevelop' AIRFLOW_CTX_TASK_ID='get_data' AIRFLOW_CTX_EXECUTION_DATE='2026-01-16T18:00:00+00:00' AIRFLOW_CTX_TRY_NUMBER='1' AIRFLOW_CTX_DAG_RUN_ID='scheduled__2026-01-16T18:00:00+00:00'
[2026-01-17T13:42:47.307+0000] {python.py:202} INFO - Done. Returned value was: ./iris.csv
[2026-01-17T13:42:47.329+0000] {taskinstance.py:1149} INFO - Marking task as SUCCESS. dag_id=ModelDevelop, task_id=get_data, execution_date=20260116T180000, start_date=20260117T134247, end_date=20260117T134247
[2026-01-17T13:42:47.364+0000] {local_task_job_runner.py:234} INFO - Task exited with return code 0
[2026-01-17T13:42:47.381+0000] {taskinstance.py:3312} INFO - 1 downstream tasks scheduled from follow-on schedule check
