[2026-01-16T07:55:08.233+0000] {taskinstance.py:1979} INFO - Dependencies all met for dep_context=non-requeueable deps ti=<TaskInstance: ModelDevelop.get_data scheduled__2026-01-07T00:00:00+00:00 [queued]>
[2026-01-16T07:55:08.248+0000] {taskinstance.py:1979} INFO - Dependencies all met for dep_context=requeueable deps ti=<TaskInstance: ModelDevelop.get_data scheduled__2026-01-07T00:00:00+00:00 [queued]>
[2026-01-16T07:55:08.249+0000] {taskinstance.py:2193} INFO - Starting attempt 1 of 2
[2026-01-16T07:55:08.269+0000] {taskinstance.py:2217} INFO - Executing <Task(PythonOperator): get_data> on 2026-01-07 00:00:00+00:00
[2026-01-16T07:55:08.280+0000] {standard_task_runner.py:60} INFO - Started process 15623 to run task
[2026-01-16T07:55:08.306+0000] {standard_task_runner.py:87} INFO - Running: ['***', 'tasks', 'run', 'ModelDevelop', 'get_data', 'scheduled__2026-01-07T00:00:00+00:00', '--job-id', '234', '--raw', '--subdir', 'DAGS_FOLDER/example.py', '--cfg-path', '/tmp/tmp3kh5e7u_']
[2026-01-16T07:55:08.307+0000] {standard_task_runner.py:88} INFO - Job 234: Subtask get_data
[2026-01-16T07:55:08.322+0000] {warnings.py:109} WARNING - /home/***/.local/lib/python3.9/site-packages/***/settings.py:194: DeprecationWarning: The sql_alchemy_conn option in [core] has been moved to the sql_alchemy_conn option in [database] - the old setting has been used, but please update your config.
  SQL_ALCHEMY_CONN = conf.get("database", "SQL_ALCHEMY_CONN")

[2026-01-16T07:55:08.357+0000] {task_command.py:423} INFO - Running <TaskInstance: ModelDevelop.get_data scheduled__2026-01-07T00:00:00+00:00 [running]> on host 8a4f043652f0
[2026-01-16T07:55:08.477+0000] {taskinstance.py:2513} INFO - Exporting env vars: AIRFLOW_CTX_DAG_OWNER='***' AIRFLOW_CTX_DAG_ID='ModelDevelop' AIRFLOW_CTX_TASK_ID='get_data' AIRFLOW_CTX_EXECUTION_DATE='2026-01-07T00:00:00+00:00' AIRFLOW_CTX_TRY_NUMBER='1' AIRFLOW_CTX_DAG_RUN_ID='scheduled__2026-01-07T00:00:00+00:00'
[2026-01-16T07:55:08.491+0000] {python.py:202} INFO - Done. Returned value was: ./iris.csv
[2026-01-16T07:55:08.533+0000] {taskinstance.py:1149} INFO - Marking task as SUCCESS. dag_id=ModelDevelop, task_id=get_data, execution_date=20260107T000000, start_date=20260116T075508, end_date=20260116T075508
[2026-01-16T07:55:08.588+0000] {local_task_job_runner.py:234} INFO - Task exited with return code 0
[2026-01-16T07:55:08.608+0000] {taskinstance.py:3312} INFO - 0 downstream tasks scheduled from follow-on schedule check
[2026-01-17T13:18:40.730+0000] {taskinstance.py:1979} INFO - Dependencies all met for dep_context=non-requeueable deps ti=<TaskInstance: ModelDevelop.get_data scheduled__2026-01-07T00:00:00+00:00 [queued]>
[2026-01-17T13:18:40.734+0000] {taskinstance.py:1979} INFO - Dependencies all met for dep_context=requeueable deps ti=<TaskInstance: ModelDevelop.get_data scheduled__2026-01-07T00:00:00+00:00 [queued]>
[2026-01-17T13:18:40.735+0000] {taskinstance.py:2193} INFO - Starting attempt 1 of 2
[2026-01-17T13:18:40.741+0000] {taskinstance.py:2217} INFO - Executing <Task(PythonOperator): get_data> on 2026-01-07 00:00:00+00:00
[2026-01-17T13:18:40.747+0000] {standard_task_runner.py:60} INFO - Started process 15518 to run task
[2026-01-17T13:18:40.750+0000] {standard_task_runner.py:87} INFO - Running: ['***', 'tasks', 'run', 'ModelDevelop', 'get_data', 'scheduled__2026-01-07T00:00:00+00:00', '--job-id', '234', '--raw', '--subdir', 'DAGS_FOLDER/example.py', '--cfg-path', '/tmp/tmpprs4mqfr']
[2026-01-17T13:18:40.751+0000] {standard_task_runner.py:88} INFO - Job 234: Subtask get_data
[2026-01-17T13:18:40.759+0000] {warnings.py:109} WARNING - /home/***/.local/lib/python3.9/site-packages/***/settings.py:194: DeprecationWarning: The sql_alchemy_conn option in [core] has been moved to the sql_alchemy_conn option in [database] - the old setting has been used, but please update your config.
  SQL_ALCHEMY_CONN = conf.get("database", "SQL_ALCHEMY_CONN")

[2026-01-17T13:18:40.782+0000] {task_command.py:423} INFO - Running <TaskInstance: ModelDevelop.get_data scheduled__2026-01-07T00:00:00+00:00 [running]> on host ed3184b6b543
[2026-01-17T13:18:40.830+0000] {taskinstance.py:2513} INFO - Exporting env vars: AIRFLOW_CTX_DAG_OWNER='***' AIRFLOW_CTX_DAG_ID='ModelDevelop' AIRFLOW_CTX_TASK_ID='get_data' AIRFLOW_CTX_EXECUTION_DATE='2026-01-07T00:00:00+00:00' AIRFLOW_CTX_TRY_NUMBER='1' AIRFLOW_CTX_DAG_RUN_ID='scheduled__2026-01-07T00:00:00+00:00'
[2026-01-17T13:18:40.838+0000] {python.py:202} INFO - Done. Returned value was: ./iris.csv
[2026-01-17T13:18:40.851+0000] {taskinstance.py:1149} INFO - Marking task as SUCCESS. dag_id=ModelDevelop, task_id=get_data, execution_date=20260107T000000, start_date=20260117T131840, end_date=20260117T131840
[2026-01-17T13:18:40.881+0000] {local_task_job_runner.py:234} INFO - Task exited with return code 0
[2026-01-17T13:18:40.896+0000] {taskinstance.py:3312} INFO - 1 downstream tasks scheduled from follow-on schedule check
[2026-01-17T13:40:11.484+0000] {taskinstance.py:1979} INFO - Dependencies all met for dep_context=non-requeueable deps ti=<TaskInstance: ModelDevelop.get_data scheduled__2026-01-07T00:00:00+00:00 [queued]>
[2026-01-17T13:40:11.489+0000] {taskinstance.py:1979} INFO - Dependencies all met for dep_context=requeueable deps ti=<TaskInstance: ModelDevelop.get_data scheduled__2026-01-07T00:00:00+00:00 [queued]>
[2026-01-17T13:40:11.489+0000] {taskinstance.py:2193} INFO - Starting attempt 1 of 2
[2026-01-17T13:40:11.519+0000] {taskinstance.py:2217} INFO - Executing <Task(PythonOperator): get_data> on 2026-01-07 00:00:00+00:00
[2026-01-17T13:40:11.525+0000] {standard_task_runner.py:60} INFO - Started process 16255 to run task
[2026-01-17T13:40:11.528+0000] {standard_task_runner.py:87} INFO - Running: ['***', 'tasks', 'run', 'ModelDevelop', 'get_data', 'scheduled__2026-01-07T00:00:00+00:00', '--job-id', '240', '--raw', '--subdir', 'DAGS_FOLDER/example.py', '--cfg-path', '/tmp/tmpk8r6b_7u']
[2026-01-17T13:40:11.529+0000] {standard_task_runner.py:88} INFO - Job 240: Subtask get_data
[2026-01-17T13:40:11.538+0000] {warnings.py:109} WARNING - /home/***/.local/lib/python3.9/site-packages/***/settings.py:194: DeprecationWarning: The sql_alchemy_conn option in [core] has been moved to the sql_alchemy_conn option in [database] - the old setting has been used, but please update your config.
  SQL_ALCHEMY_CONN = conf.get("database", "SQL_ALCHEMY_CONN")

[2026-01-17T13:40:11.566+0000] {task_command.py:423} INFO - Running <TaskInstance: ModelDevelop.get_data scheduled__2026-01-07T00:00:00+00:00 [running]> on host 5330652dc216
[2026-01-17T13:40:11.719+0000] {taskinstance.py:2513} INFO - Exporting env vars: AIRFLOW_CTX_DAG_OWNER='***' AIRFLOW_CTX_DAG_ID='ModelDevelop' AIRFLOW_CTX_TASK_ID='get_data' AIRFLOW_CTX_EXECUTION_DATE='2026-01-07T00:00:00+00:00' AIRFLOW_CTX_TRY_NUMBER='1' AIRFLOW_CTX_DAG_RUN_ID='scheduled__2026-01-07T00:00:00+00:00'
[2026-01-17T13:40:11.728+0000] {python.py:202} INFO - Done. Returned value was: ./iris.csv
[2026-01-17T13:40:11.741+0000] {taskinstance.py:1149} INFO - Marking task as SUCCESS. dag_id=ModelDevelop, task_id=get_data, execution_date=20260107T000000, start_date=20260117T134011, end_date=20260117T134011
[2026-01-17T13:40:11.780+0000] {local_task_job_runner.py:234} INFO - Task exited with return code 0
[2026-01-17T13:40:11.847+0000] {taskinstance.py:3312} INFO - 0 downstream tasks scheduled from follow-on schedule check
