[2026-01-16T07:54:46.960+0000] {taskinstance.py:1979} INFO - Dependencies all met for dep_context=non-requeueable deps ti=<TaskInstance: ModelDevelop.get_data scheduled__2026-01-05T20:00:00+00:00 [queued]>
[2026-01-16T07:54:46.966+0000] {taskinstance.py:1979} INFO - Dependencies all met for dep_context=requeueable deps ti=<TaskInstance: ModelDevelop.get_data scheduled__2026-01-05T20:00:00+00:00 [queued]>
[2026-01-16T07:54:46.966+0000] {taskinstance.py:2193} INFO - Starting attempt 1 of 2
[2026-01-16T07:54:46.976+0000] {taskinstance.py:2217} INFO - Executing <Task(PythonOperator): get_data> on 2026-01-05 20:00:00+00:00
[2026-01-16T07:54:46.985+0000] {standard_task_runner.py:60} INFO - Started process 11537 to run task
[2026-01-16T07:54:46.989+0000] {standard_task_runner.py:87} INFO - Running: ['***', 'tasks', 'run', 'ModelDevelop', 'get_data', 'scheduled__2026-01-05T20:00:00+00:00', '--job-id', '174', '--raw', '--subdir', 'DAGS_FOLDER/example.py', '--cfg-path', '/tmp/tmp_zk5j60s']
[2026-01-16T07:54:46.990+0000] {standard_task_runner.py:88} INFO - Job 174: Subtask get_data
[2026-01-16T07:54:47.000+0000] {warnings.py:109} WARNING - /home/***/.local/lib/python3.9/site-packages/***/settings.py:194: DeprecationWarning: The sql_alchemy_conn option in [core] has been moved to the sql_alchemy_conn option in [database] - the old setting has been used, but please update your config.
  SQL_ALCHEMY_CONN = conf.get("database", "SQL_ALCHEMY_CONN")

[2026-01-16T07:54:47.029+0000] {task_command.py:423} INFO - Running <TaskInstance: ModelDevelop.get_data scheduled__2026-01-05T20:00:00+00:00 [running]> on host 8a4f043652f0
[2026-01-16T07:54:47.091+0000] {taskinstance.py:2513} INFO - Exporting env vars: AIRFLOW_CTX_DAG_OWNER='***' AIRFLOW_CTX_DAG_ID='ModelDevelop' AIRFLOW_CTX_TASK_ID='get_data' AIRFLOW_CTX_EXECUTION_DATE='2026-01-05T20:00:00+00:00' AIRFLOW_CTX_TRY_NUMBER='1' AIRFLOW_CTX_DAG_RUN_ID='scheduled__2026-01-05T20:00:00+00:00'
[2026-01-16T07:54:47.102+0000] {python.py:202} INFO - Done. Returned value was: ./iris.csv
[2026-01-16T07:54:47.153+0000] {taskinstance.py:1149} INFO - Marking task as SUCCESS. dag_id=ModelDevelop, task_id=get_data, execution_date=20260105T200000, start_date=20260116T075446, end_date=20260116T075447
[2026-01-16T07:54:47.202+0000] {local_task_job_runner.py:234} INFO - Task exited with return code 0
[2026-01-16T07:54:47.223+0000] {taskinstance.py:3312} INFO - 1 downstream tasks scheduled from follow-on schedule check
[2026-01-17T13:18:21.665+0000] {taskinstance.py:1979} INFO - Dependencies all met for dep_context=non-requeueable deps ti=<TaskInstance: ModelDevelop.get_data scheduled__2026-01-05T20:00:00+00:00 [queued]>
[2026-01-17T13:18:21.673+0000] {taskinstance.py:1979} INFO - Dependencies all met for dep_context=requeueable deps ti=<TaskInstance: ModelDevelop.get_data scheduled__2026-01-05T20:00:00+00:00 [queued]>
[2026-01-17T13:18:21.673+0000] {taskinstance.py:2193} INFO - Starting attempt 1 of 2
[2026-01-17T13:18:21.683+0000] {taskinstance.py:2217} INFO - Executing <Task(PythonOperator): get_data> on 2026-01-05 20:00:00+00:00
[2026-01-17T13:18:21.696+0000] {standard_task_runner.py:60} INFO - Started process 11505 to run task
[2026-01-17T13:18:21.722+0000] {standard_task_runner.py:87} INFO - Running: ['***', 'tasks', 'run', 'ModelDevelop', 'get_data', 'scheduled__2026-01-05T20:00:00+00:00', '--job-id', '174', '--raw', '--subdir', 'DAGS_FOLDER/example.py', '--cfg-path', '/tmp/tmpil303ww1']
[2026-01-17T13:18:21.723+0000] {standard_task_runner.py:88} INFO - Job 174: Subtask get_data
[2026-01-17T13:18:21.744+0000] {warnings.py:109} WARNING - /home/***/.local/lib/python3.9/site-packages/***/settings.py:194: DeprecationWarning: The sql_alchemy_conn option in [core] has been moved to the sql_alchemy_conn option in [database] - the old setting has been used, but please update your config.
  SQL_ALCHEMY_CONN = conf.get("database", "SQL_ALCHEMY_CONN")

[2026-01-17T13:18:21.777+0000] {task_command.py:423} INFO - Running <TaskInstance: ModelDevelop.get_data scheduled__2026-01-05T20:00:00+00:00 [running]> on host ed3184b6b543
[2026-01-17T13:18:21.880+0000] {taskinstance.py:2513} INFO - Exporting env vars: AIRFLOW_CTX_DAG_OWNER='***' AIRFLOW_CTX_DAG_ID='ModelDevelop' AIRFLOW_CTX_TASK_ID='get_data' AIRFLOW_CTX_EXECUTION_DATE='2026-01-05T20:00:00+00:00' AIRFLOW_CTX_TRY_NUMBER='1' AIRFLOW_CTX_DAG_RUN_ID='scheduled__2026-01-05T20:00:00+00:00'
[2026-01-17T13:18:21.892+0000] {python.py:202} INFO - Done. Returned value was: ./iris.csv
[2026-01-17T13:18:21.934+0000] {taskinstance.py:1149} INFO - Marking task as SUCCESS. dag_id=ModelDevelop, task_id=get_data, execution_date=20260105T200000, start_date=20260117T131821, end_date=20260117T131821
[2026-01-17T13:18:21.959+0000] {local_task_job_runner.py:234} INFO - Task exited with return code 0
[2026-01-17T13:18:21.980+0000] {taskinstance.py:3312} INFO - 1 downstream tasks scheduled from follow-on schedule check
[2026-01-17T13:39:43.505+0000] {taskinstance.py:1979} INFO - Dependencies all met for dep_context=non-requeueable deps ti=<TaskInstance: ModelDevelop.get_data scheduled__2026-01-05T20:00:00+00:00 [queued]>
[2026-01-17T13:39:43.513+0000] {taskinstance.py:1979} INFO - Dependencies all met for dep_context=requeueable deps ti=<TaskInstance: ModelDevelop.get_data scheduled__2026-01-05T20:00:00+00:00 [queued]>
[2026-01-17T13:39:43.513+0000] {taskinstance.py:2193} INFO - Starting attempt 1 of 2
[2026-01-17T13:39:43.562+0000] {taskinstance.py:2217} INFO - Executing <Task(PythonOperator): get_data> on 2026-01-05 20:00:00+00:00
[2026-01-17T13:39:43.569+0000] {standard_task_runner.py:60} INFO - Started process 11569 to run task
[2026-01-17T13:39:43.571+0000] {standard_task_runner.py:87} INFO - Running: ['***', 'tasks', 'run', 'ModelDevelop', 'get_data', 'scheduled__2026-01-05T20:00:00+00:00', '--job-id', '174', '--raw', '--subdir', 'DAGS_FOLDER/example.py', '--cfg-path', '/tmp/tmp8qhgfke9']
[2026-01-17T13:39:43.571+0000] {standard_task_runner.py:88} INFO - Job 174: Subtask get_data
[2026-01-17T13:39:43.580+0000] {warnings.py:109} WARNING - /home/***/.local/lib/python3.9/site-packages/***/settings.py:194: DeprecationWarning: The sql_alchemy_conn option in [core] has been moved to the sql_alchemy_conn option in [database] - the old setting has been used, but please update your config.
  SQL_ALCHEMY_CONN = conf.get("database", "SQL_ALCHEMY_CONN")

[2026-01-17T13:39:43.611+0000] {task_command.py:423} INFO - Running <TaskInstance: ModelDevelop.get_data scheduled__2026-01-05T20:00:00+00:00 [running]> on host 5330652dc216
[2026-01-17T13:39:43.728+0000] {taskinstance.py:2513} INFO - Exporting env vars: AIRFLOW_CTX_DAG_OWNER='***' AIRFLOW_CTX_DAG_ID='ModelDevelop' AIRFLOW_CTX_TASK_ID='get_data' AIRFLOW_CTX_EXECUTION_DATE='2026-01-05T20:00:00+00:00' AIRFLOW_CTX_TRY_NUMBER='1' AIRFLOW_CTX_DAG_RUN_ID='scheduled__2026-01-05T20:00:00+00:00'
[2026-01-17T13:39:43.739+0000] {python.py:202} INFO - Done. Returned value was: ./iris.csv
[2026-01-17T13:39:43.760+0000] {taskinstance.py:1149} INFO - Marking task as SUCCESS. dag_id=ModelDevelop, task_id=get_data, execution_date=20260105T200000, start_date=20260117T133943, end_date=20260117T133943
[2026-01-17T13:39:43.823+0000] {local_task_job_runner.py:234} INFO - Task exited with return code 0
[2026-01-17T13:39:43.868+0000] {taskinstance.py:3312} INFO - 0 downstream tasks scheduled from follow-on schedule check
