[2026-01-16T07:56:38.329+0000] {taskinstance.py:1979} INFO - Dependencies all met for dep_context=non-requeueable deps ti=<TaskInstance: ModelDevelop.get_data scheduled__2026-01-13T05:00:00+00:00 [queued]>
[2026-01-16T07:56:38.336+0000] {taskinstance.py:1979} INFO - Dependencies all met for dep_context=requeueable deps ti=<TaskInstance: ModelDevelop.get_data scheduled__2026-01-13T05:00:00+00:00 [queued]>
[2026-01-16T07:56:38.336+0000] {taskinstance.py:2193} INFO - Starting attempt 1 of 2
[2026-01-16T07:56:38.352+0000] {taskinstance.py:2217} INFO - Executing <Task(PythonOperator): get_data> on 2026-01-13 05:00:00+00:00
[2026-01-16T07:56:38.366+0000] {standard_task_runner.py:60} INFO - Started process 35126 to run task
[2026-01-16T07:56:38.378+0000] {standard_task_runner.py:87} INFO - Running: ['***', 'tasks', 'run', 'ModelDevelop', 'get_data', 'scheduled__2026-01-13T05:00:00+00:00', '--job-id', '527', '--raw', '--subdir', 'DAGS_FOLDER/example.py', '--cfg-path', '/tmp/tmp1bkyyv3n']
[2026-01-16T07:56:38.379+0000] {standard_task_runner.py:88} INFO - Job 527: Subtask get_data
[2026-01-16T07:56:38.397+0000] {warnings.py:109} WARNING - /home/***/.local/lib/python3.9/site-packages/***/settings.py:194: DeprecationWarning: The sql_alchemy_conn option in [core] has been moved to the sql_alchemy_conn option in [database] - the old setting has been used, but please update your config.
  SQL_ALCHEMY_CONN = conf.get("database", "SQL_ALCHEMY_CONN")

[2026-01-16T07:56:38.429+0000] {task_command.py:423} INFO - Running <TaskInstance: ModelDevelop.get_data scheduled__2026-01-13T05:00:00+00:00 [running]> on host 8a4f043652f0
[2026-01-16T07:56:38.494+0000] {taskinstance.py:2513} INFO - Exporting env vars: AIRFLOW_CTX_DAG_OWNER='***' AIRFLOW_CTX_DAG_ID='ModelDevelop' AIRFLOW_CTX_TASK_ID='get_data' AIRFLOW_CTX_EXECUTION_DATE='2026-01-13T05:00:00+00:00' AIRFLOW_CTX_TRY_NUMBER='1' AIRFLOW_CTX_DAG_RUN_ID='scheduled__2026-01-13T05:00:00+00:00'
[2026-01-16T07:56:38.503+0000] {python.py:202} INFO - Done. Returned value was: ./iris.csv
[2026-01-16T07:56:38.526+0000] {taskinstance.py:1149} INFO - Marking task as SUCCESS. dag_id=ModelDevelop, task_id=get_data, execution_date=20260113T050000, start_date=20260116T075638, end_date=20260116T075638
[2026-01-16T07:56:38.592+0000] {local_task_job_runner.py:234} INFO - Task exited with return code 0
[2026-01-16T07:56:38.612+0000] {taskinstance.py:3312} INFO - 1 downstream tasks scheduled from follow-on schedule check
[2026-01-17T13:20:23.314+0000] {taskinstance.py:1979} INFO - Dependencies all met for dep_context=non-requeueable deps ti=<TaskInstance: ModelDevelop.get_data scheduled__2026-01-13T05:00:00+00:00 [queued]>
[2026-01-17T13:20:23.319+0000] {taskinstance.py:1979} INFO - Dependencies all met for dep_context=requeueable deps ti=<TaskInstance: ModelDevelop.get_data scheduled__2026-01-13T05:00:00+00:00 [queued]>
[2026-01-17T13:20:23.319+0000] {taskinstance.py:2193} INFO - Starting attempt 1 of 2
[2026-01-17T13:20:23.360+0000] {taskinstance.py:2217} INFO - Executing <Task(PythonOperator): get_data> on 2026-01-13 05:00:00+00:00
[2026-01-17T13:20:23.369+0000] {standard_task_runner.py:60} INFO - Started process 35256 to run task
[2026-01-17T13:20:23.372+0000] {standard_task_runner.py:87} INFO - Running: ['***', 'tasks', 'run', 'ModelDevelop', 'get_data', 'scheduled__2026-01-13T05:00:00+00:00', '--job-id', '528', '--raw', '--subdir', 'DAGS_FOLDER/example.py', '--cfg-path', '/tmp/tmpo4x1stof']
[2026-01-17T13:20:23.372+0000] {standard_task_runner.py:88} INFO - Job 528: Subtask get_data
[2026-01-17T13:20:23.382+0000] {warnings.py:109} WARNING - /home/***/.local/lib/python3.9/site-packages/***/settings.py:194: DeprecationWarning: The sql_alchemy_conn option in [core] has been moved to the sql_alchemy_conn option in [database] - the old setting has been used, but please update your config.
  SQL_ALCHEMY_CONN = conf.get("database", "SQL_ALCHEMY_CONN")

[2026-01-17T13:20:23.417+0000] {task_command.py:423} INFO - Running <TaskInstance: ModelDevelop.get_data scheduled__2026-01-13T05:00:00+00:00 [running]> on host ed3184b6b543
[2026-01-17T13:20:23.497+0000] {taskinstance.py:2513} INFO - Exporting env vars: AIRFLOW_CTX_DAG_OWNER='***' AIRFLOW_CTX_DAG_ID='ModelDevelop' AIRFLOW_CTX_TASK_ID='get_data' AIRFLOW_CTX_EXECUTION_DATE='2026-01-13T05:00:00+00:00' AIRFLOW_CTX_TRY_NUMBER='1' AIRFLOW_CTX_DAG_RUN_ID='scheduled__2026-01-13T05:00:00+00:00'
[2026-01-17T13:20:23.509+0000] {python.py:202} INFO - Done. Returned value was: ./iris.csv
[2026-01-17T13:20:23.537+0000] {taskinstance.py:1149} INFO - Marking task as SUCCESS. dag_id=ModelDevelop, task_id=get_data, execution_date=20260113T050000, start_date=20260117T132023, end_date=20260117T132023
[2026-01-17T13:20:23.584+0000] {local_task_job_runner.py:234} INFO - Task exited with return code 0
[2026-01-17T13:20:23.603+0000] {taskinstance.py:3312} INFO - 0 downstream tasks scheduled from follow-on schedule check
[2026-01-17T13:41:55.731+0000] {taskinstance.py:1979} INFO - Dependencies all met for dep_context=non-requeueable deps ti=<TaskInstance: ModelDevelop.get_data scheduled__2026-01-13T05:00:00+00:00 [queued]>
[2026-01-17T13:41:55.736+0000] {taskinstance.py:1979} INFO - Dependencies all met for dep_context=requeueable deps ti=<TaskInstance: ModelDevelop.get_data scheduled__2026-01-13T05:00:00+00:00 [queued]>
[2026-01-17T13:41:55.737+0000] {taskinstance.py:2193} INFO - Starting attempt 1 of 2
[2026-01-17T13:41:55.745+0000] {taskinstance.py:2217} INFO - Executing <Task(PythonOperator): get_data> on 2026-01-13 05:00:00+00:00
[2026-01-17T13:41:55.755+0000] {standard_task_runner.py:60} INFO - Started process 35689 to run task
[2026-01-17T13:41:55.762+0000] {standard_task_runner.py:87} INFO - Running: ['***', 'tasks', 'run', 'ModelDevelop', 'get_data', 'scheduled__2026-01-13T05:00:00+00:00', '--job-id', '533', '--raw', '--subdir', 'DAGS_FOLDER/example.py', '--cfg-path', '/tmp/tmpu1j8ezuw']
[2026-01-17T13:41:55.763+0000] {standard_task_runner.py:88} INFO - Job 533: Subtask get_data
[2026-01-17T13:41:55.800+0000] {warnings.py:109} WARNING - /home/***/.local/lib/python3.9/site-packages/***/settings.py:194: DeprecationWarning: The sql_alchemy_conn option in [core] has been moved to the sql_alchemy_conn option in [database] - the old setting has been used, but please update your config.
  SQL_ALCHEMY_CONN = conf.get("database", "SQL_ALCHEMY_CONN")

[2026-01-17T13:41:55.830+0000] {task_command.py:423} INFO - Running <TaskInstance: ModelDevelop.get_data scheduled__2026-01-13T05:00:00+00:00 [running]> on host 5330652dc216
[2026-01-17T13:41:55.889+0000] {taskinstance.py:2513} INFO - Exporting env vars: AIRFLOW_CTX_DAG_OWNER='***' AIRFLOW_CTX_DAG_ID='ModelDevelop' AIRFLOW_CTX_TASK_ID='get_data' AIRFLOW_CTX_EXECUTION_DATE='2026-01-13T05:00:00+00:00' AIRFLOW_CTX_TRY_NUMBER='1' AIRFLOW_CTX_DAG_RUN_ID='scheduled__2026-01-13T05:00:00+00:00'
[2026-01-17T13:41:55.899+0000] {python.py:202} INFO - Done. Returned value was: ./iris.csv
[2026-01-17T13:41:55.915+0000] {taskinstance.py:1149} INFO - Marking task as SUCCESS. dag_id=ModelDevelop, task_id=get_data, execution_date=20260113T050000, start_date=20260117T134155, end_date=20260117T134155
[2026-01-17T13:41:55.941+0000] {local_task_job_runner.py:234} INFO - Task exited with return code 0
[2026-01-17T13:41:56.017+0000] {taskinstance.py:3312} INFO - 0 downstream tasks scheduled from follow-on schedule check
