[2026-01-16T07:56:09.357+0000] {taskinstance.py:1979} INFO - Dependencies all met for dep_context=non-requeueable deps ti=<TaskInstance: ModelDevelop.get_data scheduled__2026-01-11T02:00:00+00:00 [queued]>
[2026-01-16T07:56:09.362+0000] {taskinstance.py:1979} INFO - Dependencies all met for dep_context=requeueable deps ti=<TaskInstance: ModelDevelop.get_data scheduled__2026-01-11T02:00:00+00:00 [queued]>
[2026-01-16T07:56:09.362+0000] {taskinstance.py:2193} INFO - Starting attempt 1 of 2
[2026-01-16T07:56:09.368+0000] {taskinstance.py:2217} INFO - Executing <Task(PythonOperator): get_data> on 2026-01-11 02:00:00+00:00
[2026-01-16T07:56:09.376+0000] {standard_task_runner.py:60} INFO - Started process 28483 to run task
[2026-01-16T07:56:09.378+0000] {standard_task_runner.py:87} INFO - Running: ['***', 'tasks', 'run', 'ModelDevelop', 'get_data', 'scheduled__2026-01-11T02:00:00+00:00', '--job-id', '428', '--raw', '--subdir', 'DAGS_FOLDER/example.py', '--cfg-path', '/tmp/tmpd7htn57c']
[2026-01-16T07:56:09.378+0000] {standard_task_runner.py:88} INFO - Job 428: Subtask get_data
[2026-01-16T07:56:09.386+0000] {warnings.py:109} WARNING - /home/***/.local/lib/python3.9/site-packages/***/settings.py:194: DeprecationWarning: The sql_alchemy_conn option in [core] has been moved to the sql_alchemy_conn option in [database] - the old setting has been used, but please update your config.
  SQL_ALCHEMY_CONN = conf.get("database", "SQL_ALCHEMY_CONN")

[2026-01-16T07:56:09.411+0000] {task_command.py:423} INFO - Running <TaskInstance: ModelDevelop.get_data scheduled__2026-01-11T02:00:00+00:00 [running]> on host 8a4f043652f0
[2026-01-16T07:56:09.455+0000] {taskinstance.py:2513} INFO - Exporting env vars: AIRFLOW_CTX_DAG_OWNER='***' AIRFLOW_CTX_DAG_ID='ModelDevelop' AIRFLOW_CTX_TASK_ID='get_data' AIRFLOW_CTX_EXECUTION_DATE='2026-01-11T02:00:00+00:00' AIRFLOW_CTX_TRY_NUMBER='1' AIRFLOW_CTX_DAG_RUN_ID='scheduled__2026-01-11T02:00:00+00:00'
[2026-01-16T07:56:09.465+0000] {python.py:202} INFO - Done. Returned value was: ./iris.csv
[2026-01-16T07:56:09.479+0000] {taskinstance.py:1149} INFO - Marking task as SUCCESS. dag_id=ModelDevelop, task_id=get_data, execution_date=20260111T020000, start_date=20260116T075609, end_date=20260116T075609
[2026-01-16T07:56:09.509+0000] {local_task_job_runner.py:234} INFO - Task exited with return code 0
[2026-01-16T07:56:09.524+0000] {taskinstance.py:3312} INFO - 1 downstream tasks scheduled from follow-on schedule check
[2026-01-17T13:19:51.462+0000] {taskinstance.py:1979} INFO - Dependencies all met for dep_context=non-requeueable deps ti=<TaskInstance: ModelDevelop.get_data scheduled__2026-01-11T02:00:00+00:00 [queued]>
[2026-01-17T13:19:51.468+0000] {taskinstance.py:1979} INFO - Dependencies all met for dep_context=requeueable deps ti=<TaskInstance: ModelDevelop.get_data scheduled__2026-01-11T02:00:00+00:00 [queued]>
[2026-01-17T13:19:51.469+0000] {taskinstance.py:2193} INFO - Starting attempt 1 of 2
[2026-01-17T13:19:51.479+0000] {taskinstance.py:2217} INFO - Executing <Task(PythonOperator): get_data> on 2026-01-11 02:00:00+00:00
[2026-01-17T13:19:51.486+0000] {standard_task_runner.py:60} INFO - Started process 28591 to run task
[2026-01-17T13:19:51.488+0000] {standard_task_runner.py:87} INFO - Running: ['***', 'tasks', 'run', 'ModelDevelop', 'get_data', 'scheduled__2026-01-11T02:00:00+00:00', '--job-id', '428', '--raw', '--subdir', 'DAGS_FOLDER/example.py', '--cfg-path', '/tmp/tmpf03zzhtw']
[2026-01-17T13:19:51.489+0000] {standard_task_runner.py:88} INFO - Job 428: Subtask get_data
[2026-01-17T13:19:51.499+0000] {warnings.py:109} WARNING - /home/***/.local/lib/python3.9/site-packages/***/settings.py:194: DeprecationWarning: The sql_alchemy_conn option in [core] has been moved to the sql_alchemy_conn option in [database] - the old setting has been used, but please update your config.
  SQL_ALCHEMY_CONN = conf.get("database", "SQL_ALCHEMY_CONN")

[2026-01-17T13:19:51.527+0000] {task_command.py:423} INFO - Running <TaskInstance: ModelDevelop.get_data scheduled__2026-01-11T02:00:00+00:00 [running]> on host ed3184b6b543
[2026-01-17T13:19:51.642+0000] {taskinstance.py:2513} INFO - Exporting env vars: AIRFLOW_CTX_DAG_OWNER='***' AIRFLOW_CTX_DAG_ID='ModelDevelop' AIRFLOW_CTX_TASK_ID='get_data' AIRFLOW_CTX_EXECUTION_DATE='2026-01-11T02:00:00+00:00' AIRFLOW_CTX_TRY_NUMBER='1' AIRFLOW_CTX_DAG_RUN_ID='scheduled__2026-01-11T02:00:00+00:00'
[2026-01-17T13:19:51.652+0000] {python.py:202} INFO - Done. Returned value was: ./iris.csv
[2026-01-17T13:19:51.670+0000] {taskinstance.py:1149} INFO - Marking task as SUCCESS. dag_id=ModelDevelop, task_id=get_data, execution_date=20260111T020000, start_date=20260117T131951, end_date=20260117T131951
[2026-01-17T13:19:51.700+0000] {local_task_job_runner.py:234} INFO - Task exited with return code 0
[2026-01-17T13:19:51.715+0000] {taskinstance.py:3312} INFO - 1 downstream tasks scheduled from follow-on schedule check
[2026-01-17T13:41:21.016+0000] {taskinstance.py:1979} INFO - Dependencies all met for dep_context=non-requeueable deps ti=<TaskInstance: ModelDevelop.get_data scheduled__2026-01-11T02:00:00+00:00 [queued]>
[2026-01-17T13:41:21.022+0000] {taskinstance.py:1979} INFO - Dependencies all met for dep_context=requeueable deps ti=<TaskInstance: ModelDevelop.get_data scheduled__2026-01-11T02:00:00+00:00 [queued]>
[2026-01-17T13:41:21.023+0000] {taskinstance.py:2193} INFO - Starting attempt 1 of 2
[2026-01-17T13:41:21.038+0000] {taskinstance.py:2217} INFO - Executing <Task(PythonOperator): get_data> on 2026-01-11 02:00:00+00:00
[2026-01-17T13:41:21.046+0000] {standard_task_runner.py:60} INFO - Started process 29253 to run task
[2026-01-17T13:41:21.058+0000] {standard_task_runner.py:87} INFO - Running: ['***', 'tasks', 'run', 'ModelDevelop', 'get_data', 'scheduled__2026-01-11T02:00:00+00:00', '--job-id', '435', '--raw', '--subdir', 'DAGS_FOLDER/example.py', '--cfg-path', '/tmp/tmp587z0ved']
[2026-01-17T13:41:21.059+0000] {standard_task_runner.py:88} INFO - Job 435: Subtask get_data
[2026-01-17T13:41:21.097+0000] {warnings.py:109} WARNING - /home/***/.local/lib/python3.9/site-packages/***/settings.py:194: DeprecationWarning: The sql_alchemy_conn option in [core] has been moved to the sql_alchemy_conn option in [database] - the old setting has been used, but please update your config.
  SQL_ALCHEMY_CONN = conf.get("database", "SQL_ALCHEMY_CONN")

[2026-01-17T13:41:21.128+0000] {task_command.py:423} INFO - Running <TaskInstance: ModelDevelop.get_data scheduled__2026-01-11T02:00:00+00:00 [running]> on host 5330652dc216
[2026-01-17T13:41:21.226+0000] {taskinstance.py:2513} INFO - Exporting env vars: AIRFLOW_CTX_DAG_OWNER='***' AIRFLOW_CTX_DAG_ID='ModelDevelop' AIRFLOW_CTX_TASK_ID='get_data' AIRFLOW_CTX_EXECUTION_DATE='2026-01-11T02:00:00+00:00' AIRFLOW_CTX_TRY_NUMBER='1' AIRFLOW_CTX_DAG_RUN_ID='scheduled__2026-01-11T02:00:00+00:00'
[2026-01-17T13:41:21.235+0000] {python.py:202} INFO - Done. Returned value was: ./iris.csv
[2026-01-17T13:41:21.249+0000] {taskinstance.py:1149} INFO - Marking task as SUCCESS. dag_id=ModelDevelop, task_id=get_data, execution_date=20260111T020000, start_date=20260117T134121, end_date=20260117T134121
[2026-01-17T13:41:21.279+0000] {local_task_job_runner.py:234} INFO - Task exited with return code 0
[2026-01-17T13:41:21.301+0000] {taskinstance.py:3312} INFO - 1 downstream tasks scheduled from follow-on schedule check
