[2026-01-02T03:56:15.369+0000] {taskinstance.py:1165} INFO - Dependencies all met for <TaskInstance: ModelDevelop.get_data manual__2026-01-02T03:56:14.533431+00:00 [queued]>
[2026-01-02T03:56:15.374+0000] {taskinstance.py:1165} INFO - Dependencies all met for <TaskInstance: ModelDevelop.get_data manual__2026-01-02T03:56:14.533431+00:00 [queued]>
[2026-01-02T03:56:15.374+0000] {taskinstance.py:1362} INFO - 
--------------------------------------------------------------------------------
[2026-01-02T03:56:15.374+0000] {taskinstance.py:1363} INFO - Starting attempt 1 of 2
[2026-01-02T03:56:15.374+0000] {taskinstance.py:1364} INFO - 
--------------------------------------------------------------------------------
[2026-01-02T03:56:15.380+0000] {taskinstance.py:1383} INFO - Executing <Task(PythonOperator): get_data> on 2026-01-02 03:56:14.533431+00:00
[2026-01-02T03:56:15.384+0000] {standard_task_runner.py:54} INFO - Started process 528 to run task
[2026-01-02T03:56:15.388+0000] {standard_task_runner.py:82} INFO - Running: ['***', 'tasks', 'run', 'ModelDevelop', 'get_data', 'manual__2026-01-02T03:56:14.533431+00:00', '--job-id', '79', '--raw', '--subdir', 'DAGS_FOLDER/psjung_dag.py', '--cfg-path', '/tmp/tmp3dzr5kaj']
[2026-01-02T03:56:15.388+0000] {standard_task_runner.py:83} INFO - Job 79: Subtask get_data
[2026-01-02T03:56:15.389+0000] {dagbag.py:525} INFO - Filling up the DagBag from /opt/***/dags/psjung_dag.py
[2026-01-02T03:56:16.007+0000] {warnings.py:110} WARNING - /home/***/.local/lib/python3.7/site-packages/***/configuration.py:545: DeprecationWarning: The sql_alchemy_conn option in [core] has been moved to the sql_alchemy_conn option in [database] - the old setting has been used, but please update your config.
  option = self._get_environment_variables(deprecated_key, deprecated_section, key, section)

[2026-01-02T03:56:16.036+0000] {task_command.py:384} INFO - Running <TaskInstance: ModelDevelop.get_data manual__2026-01-02T03:56:14.533431+00:00 [running]> on host 81eec80a5533
[2026-01-02T03:56:16.074+0000] {taskinstance.py:1592} INFO - Exporting the following env vars:
AIRFLOW_CTX_DAG_OWNER=***
AIRFLOW_CTX_DAG_ID=ModelDevelop
AIRFLOW_CTX_TASK_ID=get_data
AIRFLOW_CTX_EXECUTION_DATE=2026-01-02T03:56:14.533431+00:00
AIRFLOW_CTX_TRY_NUMBER=1
AIRFLOW_CTX_DAG_RUN_ID=manual__2026-01-02T03:56:14.533431+00:00
[2026-01-02T03:56:16.078+0000] {python.py:177} INFO - Done. Returned value was: ./iris.csv
[2026-01-02T03:56:16.091+0000] {taskinstance.py:1406} INFO - Marking task as SUCCESS. dag_id=ModelDevelop, task_id=get_data, execution_date=20260102T035614, start_date=20260102T035615, end_date=20260102T035616
[2026-01-02T03:56:16.119+0000] {local_task_job.py:164} INFO - Task exited with return code 0
[2026-01-02T03:56:16.135+0000] {local_task_job.py:273} INFO - 1 downstream tasks scheduled from follow-on schedule check
