[2026-01-16T07:56:09.081+0000] {taskinstance.py:1979} INFO - Dependencies all met for dep_context=non-requeueable deps ti=<TaskInstance: ModelDevelop.get_data scheduled__2026-01-10T23:00:00+00:00 [queued]>
[2026-01-16T07:56:09.086+0000] {taskinstance.py:1979} INFO - Dependencies all met for dep_context=requeueable deps ti=<TaskInstance: ModelDevelop.get_data scheduled__2026-01-10T23:00:00+00:00 [queued]>
[2026-01-16T07:56:09.086+0000] {taskinstance.py:2193} INFO - Starting attempt 1 of 2
[2026-01-16T07:56:09.093+0000] {taskinstance.py:2217} INFO - Executing <Task(PythonOperator): get_data> on 2026-01-10 23:00:00+00:00
[2026-01-16T07:56:09.101+0000] {standard_task_runner.py:60} INFO - Started process 28449 to run task
[2026-01-16T07:56:09.122+0000] {standard_task_runner.py:87} INFO - Running: ['***', 'tasks', 'run', 'ModelDevelop', 'get_data', 'scheduled__2026-01-10T23:00:00+00:00', '--job-id', '425', '--raw', '--subdir', 'DAGS_FOLDER/example.py', '--cfg-path', '/tmp/tmp7kmix62l']
[2026-01-16T07:56:09.123+0000] {standard_task_runner.py:88} INFO - Job 425: Subtask get_data
[2026-01-16T07:56:09.167+0000] {warnings.py:109} WARNING - /home/***/.local/lib/python3.9/site-packages/***/settings.py:194: DeprecationWarning: The sql_alchemy_conn option in [core] has been moved to the sql_alchemy_conn option in [database] - the old setting has been used, but please update your config.
  SQL_ALCHEMY_CONN = conf.get("database", "SQL_ALCHEMY_CONN")

[2026-01-16T07:56:09.226+0000] {task_command.py:423} INFO - Running <TaskInstance: ModelDevelop.get_data scheduled__2026-01-10T23:00:00+00:00 [running]> on host 8a4f043652f0
[2026-01-16T07:56:09.284+0000] {taskinstance.py:2513} INFO - Exporting env vars: AIRFLOW_CTX_DAG_OWNER='***' AIRFLOW_CTX_DAG_ID='ModelDevelop' AIRFLOW_CTX_TASK_ID='get_data' AIRFLOW_CTX_EXECUTION_DATE='2026-01-10T23:00:00+00:00' AIRFLOW_CTX_TRY_NUMBER='1' AIRFLOW_CTX_DAG_RUN_ID='scheduled__2026-01-10T23:00:00+00:00'
[2026-01-16T07:56:09.294+0000] {python.py:202} INFO - Done. Returned value was: ./iris.csv
[2026-01-16T07:56:09.307+0000] {taskinstance.py:1149} INFO - Marking task as SUCCESS. dag_id=ModelDevelop, task_id=get_data, execution_date=20260110T230000, start_date=20260116T075609, end_date=20260116T075609
[2026-01-16T07:56:09.360+0000] {local_task_job_runner.py:234} INFO - Task exited with return code 0
[2026-01-16T07:56:09.377+0000] {taskinstance.py:3312} INFO - 1 downstream tasks scheduled from follow-on schedule check
[2026-01-17T13:19:51.166+0000] {taskinstance.py:1979} INFO - Dependencies all met for dep_context=non-requeueable deps ti=<TaskInstance: ModelDevelop.get_data scheduled__2026-01-10T23:00:00+00:00 [queued]>
[2026-01-17T13:19:51.172+0000] {taskinstance.py:1979} INFO - Dependencies all met for dep_context=requeueable deps ti=<TaskInstance: ModelDevelop.get_data scheduled__2026-01-10T23:00:00+00:00 [queued]>
[2026-01-17T13:19:51.172+0000] {taskinstance.py:2193} INFO - Starting attempt 1 of 2
[2026-01-17T13:19:51.179+0000] {taskinstance.py:2217} INFO - Executing <Task(PythonOperator): get_data> on 2026-01-10 23:00:00+00:00
[2026-01-17T13:19:51.186+0000] {standard_task_runner.py:60} INFO - Started process 28520 to run task
[2026-01-17T13:19:51.188+0000] {standard_task_runner.py:87} INFO - Running: ['***', 'tasks', 'run', 'ModelDevelop', 'get_data', 'scheduled__2026-01-10T23:00:00+00:00', '--job-id', '426', '--raw', '--subdir', 'DAGS_FOLDER/example.py', '--cfg-path', '/tmp/tmpzawpnv2o']
[2026-01-17T13:19:51.189+0000] {standard_task_runner.py:88} INFO - Job 426: Subtask get_data
[2026-01-17T13:19:51.199+0000] {warnings.py:109} WARNING - /home/***/.local/lib/python3.9/site-packages/***/settings.py:194: DeprecationWarning: The sql_alchemy_conn option in [core] has been moved to the sql_alchemy_conn option in [database] - the old setting has been used, but please update your config.
  SQL_ALCHEMY_CONN = conf.get("database", "SQL_ALCHEMY_CONN")

[2026-01-17T13:19:51.260+0000] {task_command.py:423} INFO - Running <TaskInstance: ModelDevelop.get_data scheduled__2026-01-10T23:00:00+00:00 [running]> on host ed3184b6b543
[2026-01-17T13:19:51.390+0000] {taskinstance.py:2513} INFO - Exporting env vars: AIRFLOW_CTX_DAG_OWNER='***' AIRFLOW_CTX_DAG_ID='ModelDevelop' AIRFLOW_CTX_TASK_ID='get_data' AIRFLOW_CTX_EXECUTION_DATE='2026-01-10T23:00:00+00:00' AIRFLOW_CTX_TRY_NUMBER='1' AIRFLOW_CTX_DAG_RUN_ID='scheduled__2026-01-10T23:00:00+00:00'
[2026-01-17T13:19:51.402+0000] {python.py:202} INFO - Done. Returned value was: ./iris.csv
[2026-01-17T13:19:51.420+0000] {taskinstance.py:1149} INFO - Marking task as SUCCESS. dag_id=ModelDevelop, task_id=get_data, execution_date=20260110T230000, start_date=20260117T131951, end_date=20260117T131951
[2026-01-17T13:19:51.448+0000] {local_task_job_runner.py:234} INFO - Task exited with return code 0
[2026-01-17T13:19:51.465+0000] {taskinstance.py:3312} INFO - 1 downstream tasks scheduled from follow-on schedule check
[2026-01-17T13:41:20.870+0000] {taskinstance.py:1979} INFO - Dependencies all met for dep_context=non-requeueable deps ti=<TaskInstance: ModelDevelop.get_data scheduled__2026-01-10T23:00:00+00:00 [queued]>
[2026-01-17T13:41:20.888+0000] {taskinstance.py:1979} INFO - Dependencies all met for dep_context=requeueable deps ti=<TaskInstance: ModelDevelop.get_data scheduled__2026-01-10T23:00:00+00:00 [queued]>
[2026-01-17T13:41:20.888+0000] {taskinstance.py:2193} INFO - Starting attempt 1 of 2
[2026-01-17T13:41:20.916+0000] {taskinstance.py:2217} INFO - Executing <Task(PythonOperator): get_data> on 2026-01-10 23:00:00+00:00
[2026-01-17T13:41:20.923+0000] {standard_task_runner.py:60} INFO - Started process 29187 to run task
[2026-01-17T13:41:20.926+0000] {standard_task_runner.py:87} INFO - Running: ['***', 'tasks', 'run', 'ModelDevelop', 'get_data', 'scheduled__2026-01-10T23:00:00+00:00', '--job-id', '432', '--raw', '--subdir', 'DAGS_FOLDER/example.py', '--cfg-path', '/tmp/tmp11t35d2q']
[2026-01-17T13:41:20.926+0000] {standard_task_runner.py:88} INFO - Job 432: Subtask get_data
[2026-01-17T13:41:20.951+0000] {warnings.py:109} WARNING - /home/***/.local/lib/python3.9/site-packages/***/settings.py:194: DeprecationWarning: The sql_alchemy_conn option in [core] has been moved to the sql_alchemy_conn option in [database] - the old setting has been used, but please update your config.
  SQL_ALCHEMY_CONN = conf.get("database", "SQL_ALCHEMY_CONN")

[2026-01-17T13:41:20.981+0000] {task_command.py:423} INFO - Running <TaskInstance: ModelDevelop.get_data scheduled__2026-01-10T23:00:00+00:00 [running]> on host 5330652dc216
[2026-01-17T13:41:21.056+0000] {taskinstance.py:2513} INFO - Exporting env vars: AIRFLOW_CTX_DAG_OWNER='***' AIRFLOW_CTX_DAG_ID='ModelDevelop' AIRFLOW_CTX_TASK_ID='get_data' AIRFLOW_CTX_EXECUTION_DATE='2026-01-10T23:00:00+00:00' AIRFLOW_CTX_TRY_NUMBER='1' AIRFLOW_CTX_DAG_RUN_ID='scheduled__2026-01-10T23:00:00+00:00'
[2026-01-17T13:41:21.067+0000] {python.py:202} INFO - Done. Returned value was: ./iris.csv
[2026-01-17T13:41:21.108+0000] {taskinstance.py:1149} INFO - Marking task as SUCCESS. dag_id=ModelDevelop, task_id=get_data, execution_date=20260110T230000, start_date=20260117T134120, end_date=20260117T134121
[2026-01-17T13:41:21.144+0000] {local_task_job_runner.py:234} INFO - Task exited with return code 0
[2026-01-17T13:41:21.176+0000] {taskinstance.py:3312} INFO - 1 downstream tasks scheduled from follow-on schedule check
