[2026-01-16T10:00:01.234+0000] {taskinstance.py:1979} INFO - Dependencies all met for dep_context=non-requeueable deps ti=<TaskInstance: ModelDevelop.get_data scheduled__2026-01-16T09:00:00+00:00 [queued]>
[2026-01-16T10:00:01.238+0000] {taskinstance.py:1979} INFO - Dependencies all met for dep_context=requeueable deps ti=<TaskInstance: ModelDevelop.get_data scheduled__2026-01-16T09:00:00+00:00 [queued]>
[2026-01-16T10:00:01.239+0000] {taskinstance.py:2193} INFO - Starting attempt 1 of 2
[2026-01-16T10:00:01.245+0000] {taskinstance.py:2217} INFO - Executing <Task(PythonOperator): get_data> on 2026-01-16 09:00:00+00:00
[2026-01-16T10:00:01.250+0000] {standard_task_runner.py:60} INFO - Started process 46336 to run task
[2026-01-16T10:00:01.252+0000] {standard_task_runner.py:87} INFO - Running: ['***', 'tasks', 'run', 'ModelDevelop', 'get_data', 'scheduled__2026-01-16T09:00:00+00:00', '--job-id', '692', '--raw', '--subdir', 'DAGS_FOLDER/example.py', '--cfg-path', '/tmp/tmp24n6j5ly']
[2026-01-16T10:00:01.252+0000] {standard_task_runner.py:88} INFO - Job 692: Subtask get_data
[2026-01-16T10:00:01.262+0000] {warnings.py:109} WARNING - /home/***/.local/lib/python3.9/site-packages/***/settings.py:194: DeprecationWarning: The sql_alchemy_conn option in [core] has been moved to the sql_alchemy_conn option in [database] - the old setting has been used, but please update your config.
  SQL_ALCHEMY_CONN = conf.get("database", "SQL_ALCHEMY_CONN")

[2026-01-16T10:00:01.285+0000] {task_command.py:423} INFO - Running <TaskInstance: ModelDevelop.get_data scheduled__2026-01-16T09:00:00+00:00 [running]> on host 8a4f043652f0
[2026-01-16T10:00:01.328+0000] {taskinstance.py:2513} INFO - Exporting env vars: AIRFLOW_CTX_DAG_OWNER='***' AIRFLOW_CTX_DAG_ID='ModelDevelop' AIRFLOW_CTX_TASK_ID='get_data' AIRFLOW_CTX_EXECUTION_DATE='2026-01-16T09:00:00+00:00' AIRFLOW_CTX_TRY_NUMBER='1' AIRFLOW_CTX_DAG_RUN_ID='scheduled__2026-01-16T09:00:00+00:00'
[2026-01-16T10:00:01.335+0000] {python.py:202} INFO - Done. Returned value was: ./iris.csv
[2026-01-16T10:00:01.349+0000] {taskinstance.py:1149} INFO - Marking task as SUCCESS. dag_id=ModelDevelop, task_id=get_data, execution_date=20260116T090000, start_date=20260116T100001, end_date=20260116T100001
[2026-01-16T10:00:01.384+0000] {local_task_job_runner.py:234} INFO - Task exited with return code 0
[2026-01-16T10:00:01.398+0000] {taskinstance.py:3312} INFO - 1 downstream tasks scheduled from follow-on schedule check
[2026-01-17T13:21:11.270+0000] {taskinstance.py:1979} INFO - Dependencies all met for dep_context=non-requeueable deps ti=<TaskInstance: ModelDevelop.get_data scheduled__2026-01-16T09:00:00+00:00 [queued]>
[2026-01-17T13:21:11.276+0000] {taskinstance.py:1979} INFO - Dependencies all met for dep_context=requeueable deps ti=<TaskInstance: ModelDevelop.get_data scheduled__2026-01-16T09:00:00+00:00 [queued]>
[2026-01-17T13:21:11.277+0000] {taskinstance.py:2193} INFO - Starting attempt 1 of 2
[2026-01-17T13:21:11.287+0000] {taskinstance.py:2217} INFO - Executing <Task(PythonOperator): get_data> on 2026-01-16 09:00:00+00:00
[2026-01-17T13:21:11.295+0000] {standard_task_runner.py:60} INFO - Started process 45742 to run task
[2026-01-17T13:21:11.298+0000] {standard_task_runner.py:87} INFO - Running: ['***', 'tasks', 'run', 'ModelDevelop', 'get_data', 'scheduled__2026-01-16T09:00:00+00:00', '--job-id', '684', '--raw', '--subdir', 'DAGS_FOLDER/example.py', '--cfg-path', '/tmp/tmpte1678rs']
[2026-01-17T13:21:11.299+0000] {standard_task_runner.py:88} INFO - Job 684: Subtask get_data
[2026-01-17T13:21:11.313+0000] {warnings.py:109} WARNING - /home/***/.local/lib/python3.9/site-packages/***/settings.py:194: DeprecationWarning: The sql_alchemy_conn option in [core] has been moved to the sql_alchemy_conn option in [database] - the old setting has been used, but please update your config.
  SQL_ALCHEMY_CONN = conf.get("database", "SQL_ALCHEMY_CONN")

[2026-01-17T13:21:11.365+0000] {task_command.py:423} INFO - Running <TaskInstance: ModelDevelop.get_data scheduled__2026-01-16T09:00:00+00:00 [running]> on host ed3184b6b543
[2026-01-17T13:21:11.424+0000] {taskinstance.py:2513} INFO - Exporting env vars: AIRFLOW_CTX_DAG_OWNER='***' AIRFLOW_CTX_DAG_ID='ModelDevelop' AIRFLOW_CTX_TASK_ID='get_data' AIRFLOW_CTX_EXECUTION_DATE='2026-01-16T09:00:00+00:00' AIRFLOW_CTX_TRY_NUMBER='1' AIRFLOW_CTX_DAG_RUN_ID='scheduled__2026-01-16T09:00:00+00:00'
[2026-01-17T13:21:11.432+0000] {python.py:202} INFO - Done. Returned value was: ./iris.csv
[2026-01-17T13:21:11.448+0000] {taskinstance.py:1149} INFO - Marking task as SUCCESS. dag_id=ModelDevelop, task_id=get_data, execution_date=20260116T090000, start_date=20260117T132111, end_date=20260117T132111
[2026-01-17T13:21:11.473+0000] {local_task_job_runner.py:234} INFO - Task exited with return code 0
[2026-01-17T13:21:11.491+0000] {taskinstance.py:3312} INFO - 1 downstream tasks scheduled from follow-on schedule check
[2026-01-17T13:42:46.009+0000] {taskinstance.py:1979} INFO - Dependencies all met for dep_context=non-requeueable deps ti=<TaskInstance: ModelDevelop.get_data scheduled__2026-01-16T09:00:00+00:00 [queued]>
[2026-01-17T13:42:46.029+0000] {taskinstance.py:1979} INFO - Dependencies all met for dep_context=requeueable deps ti=<TaskInstance: ModelDevelop.get_data scheduled__2026-01-16T09:00:00+00:00 [queued]>
[2026-01-17T13:42:46.029+0000] {taskinstance.py:2193} INFO - Starting attempt 1 of 2
[2026-01-17T13:42:46.038+0000] {taskinstance.py:2217} INFO - Executing <Task(PythonOperator): get_data> on 2026-01-16 09:00:00+00:00
[2026-01-17T13:42:46.045+0000] {standard_task_runner.py:60} INFO - Started process 46304 to run task
[2026-01-17T13:42:46.048+0000] {standard_task_runner.py:87} INFO - Running: ['***', 'tasks', 'run', 'ModelDevelop', 'get_data', 'scheduled__2026-01-16T09:00:00+00:00', '--job-id', '690', '--raw', '--subdir', 'DAGS_FOLDER/example.py', '--cfg-path', '/tmp/tmp_4hs818u']
[2026-01-17T13:42:46.049+0000] {standard_task_runner.py:88} INFO - Job 690: Subtask get_data
[2026-01-17T13:42:46.061+0000] {warnings.py:109} WARNING - /home/***/.local/lib/python3.9/site-packages/***/settings.py:194: DeprecationWarning: The sql_alchemy_conn option in [core] has been moved to the sql_alchemy_conn option in [database] - the old setting has been used, but please update your config.
  SQL_ALCHEMY_CONN = conf.get("database", "SQL_ALCHEMY_CONN")

[2026-01-17T13:42:46.090+0000] {task_command.py:423} INFO - Running <TaskInstance: ModelDevelop.get_data scheduled__2026-01-16T09:00:00+00:00 [running]> on host 5330652dc216
[2026-01-17T13:42:46.194+0000] {taskinstance.py:2513} INFO - Exporting env vars: AIRFLOW_CTX_DAG_OWNER='***' AIRFLOW_CTX_DAG_ID='ModelDevelop' AIRFLOW_CTX_TASK_ID='get_data' AIRFLOW_CTX_EXECUTION_DATE='2026-01-16T09:00:00+00:00' AIRFLOW_CTX_TRY_NUMBER='1' AIRFLOW_CTX_DAG_RUN_ID='scheduled__2026-01-16T09:00:00+00:00'
[2026-01-17T13:42:46.204+0000] {python.py:202} INFO - Done. Returned value was: ./iris.csv
[2026-01-17T13:42:46.220+0000] {taskinstance.py:1149} INFO - Marking task as SUCCESS. dag_id=ModelDevelop, task_id=get_data, execution_date=20260116T090000, start_date=20260117T134246, end_date=20260117T134246
[2026-01-17T13:42:46.260+0000] {local_task_job_runner.py:234} INFO - Task exited with return code 0
[2026-01-17T13:42:46.280+0000] {taskinstance.py:3312} INFO - 0 downstream tasks scheduled from follow-on schedule check
