[2026-01-16T07:54:46.114+0000] {taskinstance.py:1979} INFO - Dependencies all met for dep_context=non-requeueable deps ti=<TaskInstance: ModelDevelop.get_data scheduled__2026-01-05T14:00:00+00:00 [queued]>
[2026-01-16T07:54:46.120+0000] {taskinstance.py:1979} INFO - Dependencies all met for dep_context=requeueable deps ti=<TaskInstance: ModelDevelop.get_data scheduled__2026-01-05T14:00:00+00:00 [queued]>
[2026-01-16T07:54:46.120+0000] {taskinstance.py:2193} INFO - Starting attempt 1 of 2
[2026-01-16T07:54:46.131+0000] {taskinstance.py:2217} INFO - Executing <Task(PythonOperator): get_data> on 2026-01-05 14:00:00+00:00
[2026-01-16T07:54:46.156+0000] {standard_task_runner.py:60} INFO - Started process 11268 to run task
[2026-01-16T07:54:46.166+0000] {standard_task_runner.py:87} INFO - Running: ['***', 'tasks', 'run', 'ModelDevelop', 'get_data', 'scheduled__2026-01-05T14:00:00+00:00', '--job-id', '168', '--raw', '--subdir', 'DAGS_FOLDER/example.py', '--cfg-path', '/tmp/tmpr533w_vx']
[2026-01-16T07:54:46.167+0000] {standard_task_runner.py:88} INFO - Job 168: Subtask get_data
[2026-01-16T07:54:46.183+0000] {warnings.py:109} WARNING - /home/***/.local/lib/python3.9/site-packages/***/settings.py:194: DeprecationWarning: The sql_alchemy_conn option in [core] has been moved to the sql_alchemy_conn option in [database] - the old setting has been used, but please update your config.
  SQL_ALCHEMY_CONN = conf.get("database", "SQL_ALCHEMY_CONN")

[2026-01-16T07:54:46.211+0000] {task_command.py:423} INFO - Running <TaskInstance: ModelDevelop.get_data scheduled__2026-01-05T14:00:00+00:00 [running]> on host 8a4f043652f0
[2026-01-16T07:54:46.288+0000] {taskinstance.py:2513} INFO - Exporting env vars: AIRFLOW_CTX_DAG_OWNER='***' AIRFLOW_CTX_DAG_ID='ModelDevelop' AIRFLOW_CTX_TASK_ID='get_data' AIRFLOW_CTX_EXECUTION_DATE='2026-01-05T14:00:00+00:00' AIRFLOW_CTX_TRY_NUMBER='1' AIRFLOW_CTX_DAG_RUN_ID='scheduled__2026-01-05T14:00:00+00:00'
[2026-01-16T07:54:46.300+0000] {python.py:202} INFO - Done. Returned value was: ./iris.csv
[2026-01-16T07:54:46.317+0000] {taskinstance.py:1149} INFO - Marking task as SUCCESS. dag_id=ModelDevelop, task_id=get_data, execution_date=20260105T140000, start_date=20260116T075446, end_date=20260116T075446
[2026-01-16T07:54:46.343+0000] {local_task_job_runner.py:234} INFO - Task exited with return code 0
[2026-01-16T07:54:46.366+0000] {taskinstance.py:3312} INFO - 1 downstream tasks scheduled from follow-on schedule check
[2026-01-17T13:18:20.895+0000] {taskinstance.py:1979} INFO - Dependencies all met for dep_context=non-requeueable deps ti=<TaskInstance: ModelDevelop.get_data scheduled__2026-01-05T14:00:00+00:00 [queued]>
[2026-01-17T13:18:20.901+0000] {taskinstance.py:1979} INFO - Dependencies all met for dep_context=requeueable deps ti=<TaskInstance: ModelDevelop.get_data scheduled__2026-01-05T14:00:00+00:00 [queued]>
[2026-01-17T13:18:20.902+0000] {taskinstance.py:2193} INFO - Starting attempt 1 of 2
[2026-01-17T13:18:20.911+0000] {taskinstance.py:2217} INFO - Executing <Task(PythonOperator): get_data> on 2026-01-05 14:00:00+00:00
[2026-01-17T13:18:20.919+0000] {standard_task_runner.py:60} INFO - Started process 11234 to run task
[2026-01-17T13:18:20.922+0000] {standard_task_runner.py:87} INFO - Running: ['***', 'tasks', 'run', 'ModelDevelop', 'get_data', 'scheduled__2026-01-05T14:00:00+00:00', '--job-id', '168', '--raw', '--subdir', 'DAGS_FOLDER/example.py', '--cfg-path', '/tmp/tmp_wik072i']
[2026-01-17T13:18:20.923+0000] {standard_task_runner.py:88} INFO - Job 168: Subtask get_data
[2026-01-17T13:18:20.931+0000] {warnings.py:109} WARNING - /home/***/.local/lib/python3.9/site-packages/***/settings.py:194: DeprecationWarning: The sql_alchemy_conn option in [core] has been moved to the sql_alchemy_conn option in [database] - the old setting has been used, but please update your config.
  SQL_ALCHEMY_CONN = conf.get("database", "SQL_ALCHEMY_CONN")

[2026-01-17T13:18:20.961+0000] {task_command.py:423} INFO - Running <TaskInstance: ModelDevelop.get_data scheduled__2026-01-05T14:00:00+00:00 [running]> on host ed3184b6b543
[2026-01-17T13:18:21.066+0000] {taskinstance.py:2513} INFO - Exporting env vars: AIRFLOW_CTX_DAG_OWNER='***' AIRFLOW_CTX_DAG_ID='ModelDevelop' AIRFLOW_CTX_TASK_ID='get_data' AIRFLOW_CTX_EXECUTION_DATE='2026-01-05T14:00:00+00:00' AIRFLOW_CTX_TRY_NUMBER='1' AIRFLOW_CTX_DAG_RUN_ID='scheduled__2026-01-05T14:00:00+00:00'
[2026-01-17T13:18:21.077+0000] {python.py:202} INFO - Done. Returned value was: ./iris.csv
[2026-01-17T13:18:21.095+0000] {taskinstance.py:1149} INFO - Marking task as SUCCESS. dag_id=ModelDevelop, task_id=get_data, execution_date=20260105T140000, start_date=20260117T131820, end_date=20260117T131821
[2026-01-17T13:18:21.134+0000] {local_task_job_runner.py:234} INFO - Task exited with return code 0
[2026-01-17T13:18:21.170+0000] {taskinstance.py:3312} INFO - 1 downstream tasks scheduled from follow-on schedule check
[2026-01-17T13:39:42.528+0000] {taskinstance.py:1979} INFO - Dependencies all met for dep_context=non-requeueable deps ti=<TaskInstance: ModelDevelop.get_data scheduled__2026-01-05T14:00:00+00:00 [queued]>
[2026-01-17T13:39:42.535+0000] {taskinstance.py:1979} INFO - Dependencies all met for dep_context=requeueable deps ti=<TaskInstance: ModelDevelop.get_data scheduled__2026-01-05T14:00:00+00:00 [queued]>
[2026-01-17T13:39:42.535+0000] {taskinstance.py:2193} INFO - Starting attempt 1 of 2
[2026-01-17T13:39:42.544+0000] {taskinstance.py:2217} INFO - Executing <Task(PythonOperator): get_data> on 2026-01-05 14:00:00+00:00
[2026-01-17T13:39:42.554+0000] {standard_task_runner.py:60} INFO - Started process 11232 to run task
[2026-01-17T13:39:42.574+0000] {standard_task_runner.py:87} INFO - Running: ['***', 'tasks', 'run', 'ModelDevelop', 'get_data', 'scheduled__2026-01-05T14:00:00+00:00', '--job-id', '168', '--raw', '--subdir', 'DAGS_FOLDER/example.py', '--cfg-path', '/tmp/tmp5nqv1w2x']
[2026-01-17T13:39:42.575+0000] {standard_task_runner.py:88} INFO - Job 168: Subtask get_data
[2026-01-17T13:39:42.584+0000] {warnings.py:109} WARNING - /home/***/.local/lib/python3.9/site-packages/***/settings.py:194: DeprecationWarning: The sql_alchemy_conn option in [core] has been moved to the sql_alchemy_conn option in [database] - the old setting has been used, but please update your config.
  SQL_ALCHEMY_CONN = conf.get("database", "SQL_ALCHEMY_CONN")

[2026-01-17T13:39:42.611+0000] {task_command.py:423} INFO - Running <TaskInstance: ModelDevelop.get_data scheduled__2026-01-05T14:00:00+00:00 [running]> on host 5330652dc216
[2026-01-17T13:39:42.674+0000] {taskinstance.py:2513} INFO - Exporting env vars: AIRFLOW_CTX_DAG_OWNER='***' AIRFLOW_CTX_DAG_ID='ModelDevelop' AIRFLOW_CTX_TASK_ID='get_data' AIRFLOW_CTX_EXECUTION_DATE='2026-01-05T14:00:00+00:00' AIRFLOW_CTX_TRY_NUMBER='1' AIRFLOW_CTX_DAG_RUN_ID='scheduled__2026-01-05T14:00:00+00:00'
[2026-01-17T13:39:42.684+0000] {python.py:202} INFO - Done. Returned value was: ./iris.csv
[2026-01-17T13:39:42.699+0000] {taskinstance.py:1149} INFO - Marking task as SUCCESS. dag_id=ModelDevelop, task_id=get_data, execution_date=20260105T140000, start_date=20260117T133942, end_date=20260117T133942
[2026-01-17T13:39:42.747+0000] {local_task_job_runner.py:234} INFO - Task exited with return code 0
[2026-01-17T13:39:42.783+0000] {taskinstance.py:3312} INFO - 0 downstream tasks scheduled from follow-on schedule check
