[2026-01-16T07:57:11.191+0000] {taskinstance.py:1979} INFO - Dependencies all met for dep_context=non-requeueable deps ti=<TaskInstance: ModelDevelop.get_data scheduled__2026-01-15T07:00:00+00:00 [queued]>
[2026-01-16T07:57:11.198+0000] {taskinstance.py:1979} INFO - Dependencies all met for dep_context=requeueable deps ti=<TaskInstance: ModelDevelop.get_data scheduled__2026-01-15T07:00:00+00:00 [queued]>
[2026-01-16T07:57:11.198+0000] {taskinstance.py:2193} INFO - Starting attempt 1 of 2
[2026-01-16T07:57:11.210+0000] {taskinstance.py:2217} INFO - Executing <Task(PythonOperator): get_data> on 2026-01-15 07:00:00+00:00
[2026-01-16T07:57:11.221+0000] {standard_task_runner.py:60} INFO - Started process 41623 to run task
[2026-01-16T07:57:11.223+0000] {standard_task_runner.py:87} INFO - Running: ['***', 'tasks', 'run', 'ModelDevelop', 'get_data', 'scheduled__2026-01-15T07:00:00+00:00', '--job-id', '626', '--raw', '--subdir', 'DAGS_FOLDER/example.py', '--cfg-path', '/tmp/tmpnot5vyx8']
[2026-01-16T07:57:11.225+0000] {standard_task_runner.py:88} INFO - Job 626: Subtask get_data
[2026-01-16T07:57:11.236+0000] {warnings.py:109} WARNING - /home/***/.local/lib/python3.9/site-packages/***/settings.py:194: DeprecationWarning: The sql_alchemy_conn option in [core] has been moved to the sql_alchemy_conn option in [database] - the old setting has been used, but please update your config.
  SQL_ALCHEMY_CONN = conf.get("database", "SQL_ALCHEMY_CONN")

[2026-01-16T07:57:11.266+0000] {task_command.py:423} INFO - Running <TaskInstance: ModelDevelop.get_data scheduled__2026-01-15T07:00:00+00:00 [running]> on host 8a4f043652f0
[2026-01-16T07:57:11.337+0000] {taskinstance.py:2513} INFO - Exporting env vars: AIRFLOW_CTX_DAG_OWNER='***' AIRFLOW_CTX_DAG_ID='ModelDevelop' AIRFLOW_CTX_TASK_ID='get_data' AIRFLOW_CTX_EXECUTION_DATE='2026-01-15T07:00:00+00:00' AIRFLOW_CTX_TRY_NUMBER='1' AIRFLOW_CTX_DAG_RUN_ID='scheduled__2026-01-15T07:00:00+00:00'
[2026-01-16T07:57:11.347+0000] {python.py:202} INFO - Done. Returned value was: ./iris.csv
[2026-01-16T07:57:11.365+0000] {taskinstance.py:1149} INFO - Marking task as SUCCESS. dag_id=ModelDevelop, task_id=get_data, execution_date=20260115T070000, start_date=20260116T075711, end_date=20260116T075711
[2026-01-16T07:57:11.396+0000] {local_task_job_runner.py:234} INFO - Task exited with return code 0
[2026-01-16T07:57:11.442+0000] {taskinstance.py:3312} INFO - 0 downstream tasks scheduled from follow-on schedule check
[2026-01-17T13:20:51.478+0000] {taskinstance.py:1979} INFO - Dependencies all met for dep_context=non-requeueable deps ti=<TaskInstance: ModelDevelop.get_data scheduled__2026-01-15T07:00:00+00:00 [queued]>
[2026-01-17T13:20:51.483+0000] {taskinstance.py:1979} INFO - Dependencies all met for dep_context=requeueable deps ti=<TaskInstance: ModelDevelop.get_data scheduled__2026-01-15T07:00:00+00:00 [queued]>
[2026-01-17T13:20:51.483+0000] {taskinstance.py:2193} INFO - Starting attempt 1 of 2
[2026-01-17T13:20:51.495+0000] {taskinstance.py:2217} INFO - Executing <Task(PythonOperator): get_data> on 2026-01-15 07:00:00+00:00
[2026-01-17T13:20:51.504+0000] {standard_task_runner.py:60} INFO - Started process 41692 to run task
[2026-01-17T13:20:51.506+0000] {standard_task_runner.py:87} INFO - Running: ['***', 'tasks', 'run', 'ModelDevelop', 'get_data', 'scheduled__2026-01-15T07:00:00+00:00', '--job-id', '626', '--raw', '--subdir', 'DAGS_FOLDER/example.py', '--cfg-path', '/tmp/tmp2_tki7zg']
[2026-01-17T13:20:51.507+0000] {standard_task_runner.py:88} INFO - Job 626: Subtask get_data
[2026-01-17T13:20:51.518+0000] {warnings.py:109} WARNING - /home/***/.local/lib/python3.9/site-packages/***/settings.py:194: DeprecationWarning: The sql_alchemy_conn option in [core] has been moved to the sql_alchemy_conn option in [database] - the old setting has been used, but please update your config.
  SQL_ALCHEMY_CONN = conf.get("database", "SQL_ALCHEMY_CONN")

[2026-01-17T13:20:51.546+0000] {task_command.py:423} INFO - Running <TaskInstance: ModelDevelop.get_data scheduled__2026-01-15T07:00:00+00:00 [running]> on host ed3184b6b543
[2026-01-17T13:20:51.736+0000] {taskinstance.py:2513} INFO - Exporting env vars: AIRFLOW_CTX_DAG_OWNER='***' AIRFLOW_CTX_DAG_ID='ModelDevelop' AIRFLOW_CTX_TASK_ID='get_data' AIRFLOW_CTX_EXECUTION_DATE='2026-01-15T07:00:00+00:00' AIRFLOW_CTX_TRY_NUMBER='1' AIRFLOW_CTX_DAG_RUN_ID='scheduled__2026-01-15T07:00:00+00:00'
[2026-01-17T13:20:51.746+0000] {python.py:202} INFO - Done. Returned value was: ./iris.csv
[2026-01-17T13:20:51.765+0000] {taskinstance.py:1149} INFO - Marking task as SUCCESS. dag_id=ModelDevelop, task_id=get_data, execution_date=20260115T070000, start_date=20260117T132051, end_date=20260117T132051
[2026-01-17T13:20:51.800+0000] {local_task_job_runner.py:234} INFO - Task exited with return code 0
[2026-01-17T13:20:51.821+0000] {taskinstance.py:3312} INFO - 1 downstream tasks scheduled from follow-on schedule check
[2026-01-17T13:42:27.448+0000] {taskinstance.py:1979} INFO - Dependencies all met for dep_context=non-requeueable deps ti=<TaskInstance: ModelDevelop.get_data scheduled__2026-01-15T07:00:00+00:00 [queued]>
[2026-01-17T13:42:27.455+0000] {taskinstance.py:1979} INFO - Dependencies all met for dep_context=requeueable deps ti=<TaskInstance: ModelDevelop.get_data scheduled__2026-01-15T07:00:00+00:00 [queued]>
[2026-01-17T13:42:27.455+0000] {taskinstance.py:2193} INFO - Starting attempt 1 of 2
[2026-01-17T13:42:27.465+0000] {taskinstance.py:2217} INFO - Executing <Task(PythonOperator): get_data> on 2026-01-15 07:00:00+00:00
[2026-01-17T13:42:27.482+0000] {standard_task_runner.py:60} INFO - Started process 42127 to run task
[2026-01-17T13:42:27.494+0000] {standard_task_runner.py:87} INFO - Running: ['***', 'tasks', 'run', 'ModelDevelop', 'get_data', 'scheduled__2026-01-15T07:00:00+00:00', '--job-id', '630', '--raw', '--subdir', 'DAGS_FOLDER/example.py', '--cfg-path', '/tmp/tmpu_85q088']
[2026-01-17T13:42:27.495+0000] {standard_task_runner.py:88} INFO - Job 630: Subtask get_data
[2026-01-17T13:42:27.518+0000] {warnings.py:109} WARNING - /home/***/.local/lib/python3.9/site-packages/***/settings.py:194: DeprecationWarning: The sql_alchemy_conn option in [core] has been moved to the sql_alchemy_conn option in [database] - the old setting has been used, but please update your config.
  SQL_ALCHEMY_CONN = conf.get("database", "SQL_ALCHEMY_CONN")

[2026-01-17T13:42:27.544+0000] {task_command.py:423} INFO - Running <TaskInstance: ModelDevelop.get_data scheduled__2026-01-15T07:00:00+00:00 [running]> on host 5330652dc216
[2026-01-17T13:42:27.604+0000] {taskinstance.py:2513} INFO - Exporting env vars: AIRFLOW_CTX_DAG_OWNER='***' AIRFLOW_CTX_DAG_ID='ModelDevelop' AIRFLOW_CTX_TASK_ID='get_data' AIRFLOW_CTX_EXECUTION_DATE='2026-01-15T07:00:00+00:00' AIRFLOW_CTX_TRY_NUMBER='1' AIRFLOW_CTX_DAG_RUN_ID='scheduled__2026-01-15T07:00:00+00:00'
[2026-01-17T13:42:27.615+0000] {python.py:202} INFO - Done. Returned value was: ./iris.csv
[2026-01-17T13:42:27.684+0000] {taskinstance.py:1149} INFO - Marking task as SUCCESS. dag_id=ModelDevelop, task_id=get_data, execution_date=20260115T070000, start_date=20260117T134227, end_date=20260117T134227
[2026-01-17T13:42:27.751+0000] {local_task_job_runner.py:234} INFO - Task exited with return code 0
[2026-01-17T13:42:27.775+0000] {taskinstance.py:3312} INFO - 1 downstream tasks scheduled from follow-on schedule check
