[2026-01-16T07:54:01.511+0000] {taskinstance.py:1979} INFO - Dependencies all met for dep_context=non-requeueable deps ti=<TaskInstance: ModelDevelop.get_data scheduled__2026-01-03T06:00:00+00:00 [queued]>
[2026-01-16T07:54:01.515+0000] {taskinstance.py:1979} INFO - Dependencies all met for dep_context=requeueable deps ti=<TaskInstance: ModelDevelop.get_data scheduled__2026-01-03T06:00:00+00:00 [queued]>
[2026-01-16T07:54:01.515+0000] {taskinstance.py:2193} INFO - Starting attempt 1 of 2
[2026-01-16T07:54:01.522+0000] {taskinstance.py:2217} INFO - Executing <Task(PythonOperator): get_data> on 2026-01-03 06:00:00+00:00
[2026-01-16T07:54:01.528+0000] {standard_task_runner.py:60} INFO - Started process 3059 to run task
[2026-01-16T07:54:01.531+0000] {standard_task_runner.py:87} INFO - Running: ['***', 'tasks', 'run', 'ModelDevelop', 'get_data', 'scheduled__2026-01-03T06:00:00+00:00', '--job-id', '49', '--raw', '--subdir', 'DAGS_FOLDER/example.py', '--cfg-path', '/tmp/tmpdz2k5ef3']
[2026-01-16T07:54:01.531+0000] {standard_task_runner.py:88} INFO - Job 49: Subtask get_data
[2026-01-16T07:54:01.540+0000] {warnings.py:109} WARNING - /home/***/.local/lib/python3.9/site-packages/***/settings.py:194: DeprecationWarning: The sql_alchemy_conn option in [core] has been moved to the sql_alchemy_conn option in [database] - the old setting has been used, but please update your config.
  SQL_ALCHEMY_CONN = conf.get("database", "SQL_ALCHEMY_CONN")

[2026-01-16T07:54:01.570+0000] {task_command.py:423} INFO - Running <TaskInstance: ModelDevelop.get_data scheduled__2026-01-03T06:00:00+00:00 [running]> on host 8a4f043652f0
[2026-01-16T07:54:01.665+0000] {taskinstance.py:2513} INFO - Exporting env vars: AIRFLOW_CTX_DAG_OWNER='***' AIRFLOW_CTX_DAG_ID='ModelDevelop' AIRFLOW_CTX_TASK_ID='get_data' AIRFLOW_CTX_EXECUTION_DATE='2026-01-03T06:00:00+00:00' AIRFLOW_CTX_TRY_NUMBER='1' AIRFLOW_CTX_DAG_RUN_ID='scheduled__2026-01-03T06:00:00+00:00'
[2026-01-16T07:54:01.674+0000] {python.py:202} INFO - Done. Returned value was: ./iris.csv
[2026-01-16T07:54:01.686+0000] {taskinstance.py:1149} INFO - Marking task as SUCCESS. dag_id=ModelDevelop, task_id=get_data, execution_date=20260103T060000, start_date=20260116T075401, end_date=20260116T075401
[2026-01-16T07:54:01.702+0000] {local_task_job_runner.py:234} INFO - Task exited with return code 0
[2026-01-16T07:54:01.719+0000] {taskinstance.py:3312} INFO - 1 downstream tasks scheduled from follow-on schedule check
[2026-01-17T13:17:41.122+0000] {taskinstance.py:1979} INFO - Dependencies all met for dep_context=non-requeueable deps ti=<TaskInstance: ModelDevelop.get_data scheduled__2026-01-03T06:00:00+00:00 [queued]>
[2026-01-17T13:17:41.129+0000] {taskinstance.py:1979} INFO - Dependencies all met for dep_context=requeueable deps ti=<TaskInstance: ModelDevelop.get_data scheduled__2026-01-03T06:00:00+00:00 [queued]>
[2026-01-17T13:17:41.129+0000] {taskinstance.py:2193} INFO - Starting attempt 1 of 2
[2026-01-17T13:17:41.155+0000] {taskinstance.py:2217} INFO - Executing <Task(PythonOperator): get_data> on 2026-01-03 06:00:00+00:00
[2026-01-17T13:17:41.169+0000] {standard_task_runner.py:60} INFO - Started process 2991 to run task
[2026-01-17T13:17:41.174+0000] {standard_task_runner.py:87} INFO - Running: ['***', 'tasks', 'run', 'ModelDevelop', 'get_data', 'scheduled__2026-01-03T06:00:00+00:00', '--job-id', '48', '--raw', '--subdir', 'DAGS_FOLDER/example.py', '--cfg-path', '/tmp/tmpn260gyu4']
[2026-01-17T13:17:41.175+0000] {standard_task_runner.py:88} INFO - Job 48: Subtask get_data
[2026-01-17T13:17:41.200+0000] {warnings.py:109} WARNING - /home/***/.local/lib/python3.9/site-packages/***/settings.py:194: DeprecationWarning: The sql_alchemy_conn option in [core] has been moved to the sql_alchemy_conn option in [database] - the old setting has been used, but please update your config.
  SQL_ALCHEMY_CONN = conf.get("database", "SQL_ALCHEMY_CONN")

[2026-01-17T13:17:41.247+0000] {task_command.py:423} INFO - Running <TaskInstance: ModelDevelop.get_data scheduled__2026-01-03T06:00:00+00:00 [running]> on host ed3184b6b543
[2026-01-17T13:17:41.317+0000] {taskinstance.py:2513} INFO - Exporting env vars: AIRFLOW_CTX_DAG_OWNER='***' AIRFLOW_CTX_DAG_ID='ModelDevelop' AIRFLOW_CTX_TASK_ID='get_data' AIRFLOW_CTX_EXECUTION_DATE='2026-01-03T06:00:00+00:00' AIRFLOW_CTX_TRY_NUMBER='1' AIRFLOW_CTX_DAG_RUN_ID='scheduled__2026-01-03T06:00:00+00:00'
[2026-01-17T13:17:41.329+0000] {python.py:202} INFO - Done. Returned value was: ./iris.csv
[2026-01-17T13:17:41.359+0000] {taskinstance.py:1149} INFO - Marking task as SUCCESS. dag_id=ModelDevelop, task_id=get_data, execution_date=20260103T060000, start_date=20260117T131741, end_date=20260117T131741
[2026-01-17T13:17:41.395+0000] {local_task_job_runner.py:234} INFO - Task exited with return code 0
[2026-01-17T13:17:41.438+0000] {taskinstance.py:3312} INFO - 0 downstream tasks scheduled from follow-on schedule check
[2026-01-17T13:39:00.164+0000] {taskinstance.py:1979} INFO - Dependencies all met for dep_context=non-requeueable deps ti=<TaskInstance: ModelDevelop.get_data scheduled__2026-01-03T06:00:00+00:00 [queued]>
[2026-01-17T13:39:00.171+0000] {taskinstance.py:1979} INFO - Dependencies all met for dep_context=requeueable deps ti=<TaskInstance: ModelDevelop.get_data scheduled__2026-01-03T06:00:00+00:00 [queued]>
[2026-01-17T13:39:00.171+0000] {taskinstance.py:2193} INFO - Starting attempt 1 of 2
[2026-01-17T13:39:00.184+0000] {taskinstance.py:2217} INFO - Executing <Task(PythonOperator): get_data> on 2026-01-03 06:00:00+00:00
[2026-01-17T13:39:00.192+0000] {standard_task_runner.py:60} INFO - Started process 3058 to run task
[2026-01-17T13:39:00.200+0000] {standard_task_runner.py:87} INFO - Running: ['***', 'tasks', 'run', 'ModelDevelop', 'get_data', 'scheduled__2026-01-03T06:00:00+00:00', '--job-id', '48', '--raw', '--subdir', 'DAGS_FOLDER/example.py', '--cfg-path', '/tmp/tmp_zjptlmh']
[2026-01-17T13:39:00.201+0000] {standard_task_runner.py:88} INFO - Job 48: Subtask get_data
[2026-01-17T13:39:00.218+0000] {warnings.py:109} WARNING - /home/***/.local/lib/python3.9/site-packages/***/settings.py:194: DeprecationWarning: The sql_alchemy_conn option in [core] has been moved to the sql_alchemy_conn option in [database] - the old setting has been used, but please update your config.
  SQL_ALCHEMY_CONN = conf.get("database", "SQL_ALCHEMY_CONN")

[2026-01-17T13:39:00.250+0000] {task_command.py:423} INFO - Running <TaskInstance: ModelDevelop.get_data scheduled__2026-01-03T06:00:00+00:00 [running]> on host 5330652dc216
[2026-01-17T13:39:00.313+0000] {taskinstance.py:2513} INFO - Exporting env vars: AIRFLOW_CTX_DAG_OWNER='***' AIRFLOW_CTX_DAG_ID='ModelDevelop' AIRFLOW_CTX_TASK_ID='get_data' AIRFLOW_CTX_EXECUTION_DATE='2026-01-03T06:00:00+00:00' AIRFLOW_CTX_TRY_NUMBER='1' AIRFLOW_CTX_DAG_RUN_ID='scheduled__2026-01-03T06:00:00+00:00'
[2026-01-17T13:39:00.321+0000] {python.py:202} INFO - Done. Returned value was: ./iris.csv
[2026-01-17T13:39:00.335+0000] {taskinstance.py:1149} INFO - Marking task as SUCCESS. dag_id=ModelDevelop, task_id=get_data, execution_date=20260103T060000, start_date=20260117T133900, end_date=20260117T133900
[2026-01-17T13:39:00.367+0000] {local_task_job_runner.py:234} INFO - Task exited with return code 0
[2026-01-17T13:39:00.384+0000] {taskinstance.py:3312} INFO - 1 downstream tasks scheduled from follow-on schedule check
