[2026-01-16T07:55:59.194+0000] {taskinstance.py:1979} INFO - Dependencies all met for dep_context=non-requeueable deps ti=<TaskInstance: ModelDevelop.get_data scheduled__2026-01-10T14:00:00+00:00 [queued]>
[2026-01-16T07:55:59.200+0000] {taskinstance.py:1979} INFO - Dependencies all met for dep_context=requeueable deps ti=<TaskInstance: ModelDevelop.get_data scheduled__2026-01-10T14:00:00+00:00 [queued]>
[2026-01-16T07:55:59.200+0000] {taskinstance.py:2193} INFO - Starting attempt 1 of 2
[2026-01-16T07:55:59.216+0000] {taskinstance.py:2217} INFO - Executing <Task(PythonOperator): get_data> on 2026-01-10 14:00:00+00:00
[2026-01-16T07:55:59.226+0000] {standard_task_runner.py:60} INFO - Started process 26675 to run task
[2026-01-16T07:55:59.238+0000] {standard_task_runner.py:87} INFO - Running: ['***', 'tasks', 'run', 'ModelDevelop', 'get_data', 'scheduled__2026-01-10T14:00:00+00:00', '--job-id', '401', '--raw', '--subdir', 'DAGS_FOLDER/example.py', '--cfg-path', '/tmp/tmpa8p05353']
[2026-01-16T07:55:59.239+0000] {standard_task_runner.py:88} INFO - Job 401: Subtask get_data
[2026-01-16T07:55:59.250+0000] {warnings.py:109} WARNING - /home/***/.local/lib/python3.9/site-packages/***/settings.py:194: DeprecationWarning: The sql_alchemy_conn option in [core] has been moved to the sql_alchemy_conn option in [database] - the old setting has been used, but please update your config.
  SQL_ALCHEMY_CONN = conf.get("database", "SQL_ALCHEMY_CONN")

[2026-01-16T07:55:59.281+0000] {task_command.py:423} INFO - Running <TaskInstance: ModelDevelop.get_data scheduled__2026-01-10T14:00:00+00:00 [running]> on host 8a4f043652f0
[2026-01-16T07:55:59.336+0000] {taskinstance.py:2513} INFO - Exporting env vars: AIRFLOW_CTX_DAG_OWNER='***' AIRFLOW_CTX_DAG_ID='ModelDevelop' AIRFLOW_CTX_TASK_ID='get_data' AIRFLOW_CTX_EXECUTION_DATE='2026-01-10T14:00:00+00:00' AIRFLOW_CTX_TRY_NUMBER='1' AIRFLOW_CTX_DAG_RUN_ID='scheduled__2026-01-10T14:00:00+00:00'
[2026-01-16T07:55:59.344+0000] {python.py:202} INFO - Done. Returned value was: ./iris.csv
[2026-01-16T07:55:59.359+0000] {taskinstance.py:1149} INFO - Marking task as SUCCESS. dag_id=ModelDevelop, task_id=get_data, execution_date=20260110T140000, start_date=20260116T075559, end_date=20260116T075559
[2026-01-16T07:55:59.407+0000] {local_task_job_runner.py:234} INFO - Task exited with return code 0
[2026-01-16T07:55:59.424+0000] {taskinstance.py:3312} INFO - 1 downstream tasks scheduled from follow-on schedule check
[2026-01-17T13:19:42.520+0000] {taskinstance.py:1979} INFO - Dependencies all met for dep_context=non-requeueable deps ti=<TaskInstance: ModelDevelop.get_data scheduled__2026-01-10T14:00:00+00:00 [queued]>
[2026-01-17T13:19:42.527+0000] {taskinstance.py:1979} INFO - Dependencies all met for dep_context=requeueable deps ti=<TaskInstance: ModelDevelop.get_data scheduled__2026-01-10T14:00:00+00:00 [queued]>
[2026-01-17T13:19:42.527+0000] {taskinstance.py:2193} INFO - Starting attempt 1 of 2
[2026-01-17T13:19:42.538+0000] {taskinstance.py:2217} INFO - Executing <Task(PythonOperator): get_data> on 2026-01-10 14:00:00+00:00
[2026-01-17T13:19:42.545+0000] {standard_task_runner.py:60} INFO - Started process 26681 to run task
[2026-01-17T13:19:42.548+0000] {standard_task_runner.py:87} INFO - Running: ['***', 'tasks', 'run', 'ModelDevelop', 'get_data', 'scheduled__2026-01-10T14:00:00+00:00', '--job-id', '401', '--raw', '--subdir', 'DAGS_FOLDER/example.py', '--cfg-path', '/tmp/tmpkjuta8rd']
[2026-01-17T13:19:42.549+0000] {standard_task_runner.py:88} INFO - Job 401: Subtask get_data
[2026-01-17T13:19:42.560+0000] {warnings.py:109} WARNING - /home/***/.local/lib/python3.9/site-packages/***/settings.py:194: DeprecationWarning: The sql_alchemy_conn option in [core] has been moved to the sql_alchemy_conn option in [database] - the old setting has been used, but please update your config.
  SQL_ALCHEMY_CONN = conf.get("database", "SQL_ALCHEMY_CONN")

[2026-01-17T13:19:42.590+0000] {task_command.py:423} INFO - Running <TaskInstance: ModelDevelop.get_data scheduled__2026-01-10T14:00:00+00:00 [running]> on host ed3184b6b543
[2026-01-17T13:19:42.684+0000] {taskinstance.py:2513} INFO - Exporting env vars: AIRFLOW_CTX_DAG_OWNER='***' AIRFLOW_CTX_DAG_ID='ModelDevelop' AIRFLOW_CTX_TASK_ID='get_data' AIRFLOW_CTX_EXECUTION_DATE='2026-01-10T14:00:00+00:00' AIRFLOW_CTX_TRY_NUMBER='1' AIRFLOW_CTX_DAG_RUN_ID='scheduled__2026-01-10T14:00:00+00:00'
[2026-01-17T13:19:42.697+0000] {python.py:202} INFO - Done. Returned value was: ./iris.csv
[2026-01-17T13:19:42.720+0000] {taskinstance.py:1149} INFO - Marking task as SUCCESS. dag_id=ModelDevelop, task_id=get_data, execution_date=20260110T140000, start_date=20260117T131942, end_date=20260117T131942
[2026-01-17T13:19:42.773+0000] {local_task_job_runner.py:234} INFO - Task exited with return code 0
[2026-01-17T13:19:42.789+0000] {taskinstance.py:3312} INFO - 1 downstream tasks scheduled from follow-on schedule check
[2026-01-17T13:41:10.081+0000] {taskinstance.py:1979} INFO - Dependencies all met for dep_context=non-requeueable deps ti=<TaskInstance: ModelDevelop.get_data scheduled__2026-01-10T14:00:00+00:00 [queued]>
[2026-01-17T13:41:10.086+0000] {taskinstance.py:1979} INFO - Dependencies all met for dep_context=requeueable deps ti=<TaskInstance: ModelDevelop.get_data scheduled__2026-01-10T14:00:00+00:00 [queued]>
[2026-01-17T13:41:10.086+0000] {taskinstance.py:2193} INFO - Starting attempt 1 of 2
[2026-01-17T13:41:10.095+0000] {taskinstance.py:2217} INFO - Executing <Task(PythonOperator): get_data> on 2026-01-10 14:00:00+00:00
[2026-01-17T13:41:10.103+0000] {standard_task_runner.py:60} INFO - Started process 27115 to run task
[2026-01-17T13:41:10.105+0000] {standard_task_runner.py:87} INFO - Running: ['***', 'tasks', 'run', 'ModelDevelop', 'get_data', 'scheduled__2026-01-10T14:00:00+00:00', '--job-id', '406', '--raw', '--subdir', 'DAGS_FOLDER/example.py', '--cfg-path', '/tmp/tmpimd7pwm5']
[2026-01-17T13:41:10.106+0000] {standard_task_runner.py:88} INFO - Job 406: Subtask get_data
[2026-01-17T13:41:10.115+0000] {warnings.py:109} WARNING - /home/***/.local/lib/python3.9/site-packages/***/settings.py:194: DeprecationWarning: The sql_alchemy_conn option in [core] has been moved to the sql_alchemy_conn option in [database] - the old setting has been used, but please update your config.
  SQL_ALCHEMY_CONN = conf.get("database", "SQL_ALCHEMY_CONN")

[2026-01-17T13:41:10.142+0000] {task_command.py:423} INFO - Running <TaskInstance: ModelDevelop.get_data scheduled__2026-01-10T14:00:00+00:00 [running]> on host 5330652dc216
[2026-01-17T13:41:10.235+0000] {taskinstance.py:2513} INFO - Exporting env vars: AIRFLOW_CTX_DAG_OWNER='***' AIRFLOW_CTX_DAG_ID='ModelDevelop' AIRFLOW_CTX_TASK_ID='get_data' AIRFLOW_CTX_EXECUTION_DATE='2026-01-10T14:00:00+00:00' AIRFLOW_CTX_TRY_NUMBER='1' AIRFLOW_CTX_DAG_RUN_ID='scheduled__2026-01-10T14:00:00+00:00'
[2026-01-17T13:41:10.243+0000] {python.py:202} INFO - Done. Returned value was: ./iris.csv
[2026-01-17T13:41:10.259+0000] {taskinstance.py:1149} INFO - Marking task as SUCCESS. dag_id=ModelDevelop, task_id=get_data, execution_date=20260110T140000, start_date=20260117T134110, end_date=20260117T134110
[2026-01-17T13:41:10.318+0000] {local_task_job_runner.py:234} INFO - Task exited with return code 0
[2026-01-17T13:41:10.339+0000] {taskinstance.py:3312} INFO - 1 downstream tasks scheduled from follow-on schedule check
