[2026-01-16T07:54:56.101+0000] {taskinstance.py:1979} INFO - Dependencies all met for dep_context=non-requeueable deps ti=<TaskInstance: ModelDevelop.get_data scheduled__2026-01-06T04:00:00+00:00 [queued]>
[2026-01-16T07:54:56.112+0000] {taskinstance.py:1979} INFO - Dependencies all met for dep_context=requeueable deps ti=<TaskInstance: ModelDevelop.get_data scheduled__2026-01-06T04:00:00+00:00 [queued]>
[2026-01-16T07:54:56.112+0000] {taskinstance.py:2193} INFO - Starting attempt 1 of 2
[2026-01-16T07:54:56.167+0000] {taskinstance.py:2217} INFO - Executing <Task(PythonOperator): get_data> on 2026-01-06 04:00:00+00:00
[2026-01-16T07:54:56.186+0000] {standard_task_runner.py:60} INFO - Started process 13345 to run task
[2026-01-16T07:54:56.189+0000] {standard_task_runner.py:87} INFO - Running: ['***', 'tasks', 'run', 'ModelDevelop', 'get_data', 'scheduled__2026-01-06T04:00:00+00:00', '--job-id', '199', '--raw', '--subdir', 'DAGS_FOLDER/example.py', '--cfg-path', '/tmp/tmppszo27fa']
[2026-01-16T07:54:56.190+0000] {standard_task_runner.py:88} INFO - Job 199: Subtask get_data
[2026-01-16T07:54:56.201+0000] {warnings.py:109} WARNING - /home/***/.local/lib/python3.9/site-packages/***/settings.py:194: DeprecationWarning: The sql_alchemy_conn option in [core] has been moved to the sql_alchemy_conn option in [database] - the old setting has been used, but please update your config.
  SQL_ALCHEMY_CONN = conf.get("database", "SQL_ALCHEMY_CONN")

[2026-01-16T07:54:56.267+0000] {task_command.py:423} INFO - Running <TaskInstance: ModelDevelop.get_data scheduled__2026-01-06T04:00:00+00:00 [running]> on host 8a4f043652f0
[2026-01-16T07:54:56.362+0000] {taskinstance.py:2513} INFO - Exporting env vars: AIRFLOW_CTX_DAG_OWNER='***' AIRFLOW_CTX_DAG_ID='ModelDevelop' AIRFLOW_CTX_TASK_ID='get_data' AIRFLOW_CTX_EXECUTION_DATE='2026-01-06T04:00:00+00:00' AIRFLOW_CTX_TRY_NUMBER='1' AIRFLOW_CTX_DAG_RUN_ID='scheduled__2026-01-06T04:00:00+00:00'
[2026-01-16T07:54:56.373+0000] {python.py:202} INFO - Done. Returned value was: ./iris.csv
[2026-01-16T07:54:56.390+0000] {taskinstance.py:1149} INFO - Marking task as SUCCESS. dag_id=ModelDevelop, task_id=get_data, execution_date=20260106T040000, start_date=20260116T075456, end_date=20260116T075456
[2026-01-16T07:54:56.441+0000] {local_task_job_runner.py:234} INFO - Task exited with return code 0
[2026-01-16T07:54:56.488+0000] {taskinstance.py:3312} INFO - 1 downstream tasks scheduled from follow-on schedule check
[2026-01-17T13:18:30.216+0000] {taskinstance.py:1979} INFO - Dependencies all met for dep_context=non-requeueable deps ti=<TaskInstance: ModelDevelop.get_data scheduled__2026-01-06T04:00:00+00:00 [queued]>
[2026-01-17T13:18:30.223+0000] {taskinstance.py:1979} INFO - Dependencies all met for dep_context=requeueable deps ti=<TaskInstance: ModelDevelop.get_data scheduled__2026-01-06T04:00:00+00:00 [queued]>
[2026-01-17T13:18:30.223+0000] {taskinstance.py:2193} INFO - Starting attempt 1 of 2
[2026-01-17T13:18:30.232+0000] {taskinstance.py:2217} INFO - Executing <Task(PythonOperator): get_data> on 2026-01-06 04:00:00+00:00
[2026-01-17T13:18:30.239+0000] {standard_task_runner.py:60} INFO - Started process 13342 to run task
[2026-01-17T13:18:30.242+0000] {standard_task_runner.py:87} INFO - Running: ['***', 'tasks', 'run', 'ModelDevelop', 'get_data', 'scheduled__2026-01-06T04:00:00+00:00', '--job-id', '198', '--raw', '--subdir', 'DAGS_FOLDER/example.py', '--cfg-path', '/tmp/tmphr30106u']
[2026-01-17T13:18:30.242+0000] {standard_task_runner.py:88} INFO - Job 198: Subtask get_data
[2026-01-17T13:18:30.252+0000] {warnings.py:109} WARNING - /home/***/.local/lib/python3.9/site-packages/***/settings.py:194: DeprecationWarning: The sql_alchemy_conn option in [core] has been moved to the sql_alchemy_conn option in [database] - the old setting has been used, but please update your config.
  SQL_ALCHEMY_CONN = conf.get("database", "SQL_ALCHEMY_CONN")

[2026-01-17T13:18:30.296+0000] {task_command.py:423} INFO - Running <TaskInstance: ModelDevelop.get_data scheduled__2026-01-06T04:00:00+00:00 [running]> on host ed3184b6b543
[2026-01-17T13:18:30.387+0000] {taskinstance.py:2513} INFO - Exporting env vars: AIRFLOW_CTX_DAG_OWNER='***' AIRFLOW_CTX_DAG_ID='ModelDevelop' AIRFLOW_CTX_TASK_ID='get_data' AIRFLOW_CTX_EXECUTION_DATE='2026-01-06T04:00:00+00:00' AIRFLOW_CTX_TRY_NUMBER='1' AIRFLOW_CTX_DAG_RUN_ID='scheduled__2026-01-06T04:00:00+00:00'
[2026-01-17T13:18:30.399+0000] {python.py:202} INFO - Done. Returned value was: ./iris.csv
[2026-01-17T13:18:30.426+0000] {taskinstance.py:1149} INFO - Marking task as SUCCESS. dag_id=ModelDevelop, task_id=get_data, execution_date=20260106T040000, start_date=20260117T131830, end_date=20260117T131830
[2026-01-17T13:18:30.455+0000] {local_task_job_runner.py:234} INFO - Task exited with return code 0
[2026-01-17T13:18:30.488+0000] {taskinstance.py:3312} INFO - 0 downstream tasks scheduled from follow-on schedule check
[2026-01-17T13:39:52.708+0000] {taskinstance.py:1979} INFO - Dependencies all met for dep_context=non-requeueable deps ti=<TaskInstance: ModelDevelop.get_data scheduled__2026-01-06T04:00:00+00:00 [queued]>
[2026-01-17T13:39:52.715+0000] {taskinstance.py:1979} INFO - Dependencies all met for dep_context=requeueable deps ti=<TaskInstance: ModelDevelop.get_data scheduled__2026-01-06T04:00:00+00:00 [queued]>
[2026-01-17T13:39:52.715+0000] {taskinstance.py:2193} INFO - Starting attempt 1 of 2
[2026-01-17T13:39:52.725+0000] {taskinstance.py:2217} INFO - Executing <Task(PythonOperator): get_data> on 2026-01-06 04:00:00+00:00
[2026-01-17T13:39:52.734+0000] {standard_task_runner.py:60} INFO - Started process 13380 to run task
[2026-01-17T13:39:52.737+0000] {standard_task_runner.py:87} INFO - Running: ['***', 'tasks', 'run', 'ModelDevelop', 'get_data', 'scheduled__2026-01-06T04:00:00+00:00', '--job-id', '200', '--raw', '--subdir', 'DAGS_FOLDER/example.py', '--cfg-path', '/tmp/tmpvget4fi7']
[2026-01-17T13:39:52.738+0000] {standard_task_runner.py:88} INFO - Job 200: Subtask get_data
[2026-01-17T13:39:52.748+0000] {warnings.py:109} WARNING - /home/***/.local/lib/python3.9/site-packages/***/settings.py:194: DeprecationWarning: The sql_alchemy_conn option in [core] has been moved to the sql_alchemy_conn option in [database] - the old setting has been used, but please update your config.
  SQL_ALCHEMY_CONN = conf.get("database", "SQL_ALCHEMY_CONN")

[2026-01-17T13:39:52.780+0000] {task_command.py:423} INFO - Running <TaskInstance: ModelDevelop.get_data scheduled__2026-01-06T04:00:00+00:00 [running]> on host 5330652dc216
[2026-01-17T13:39:52.902+0000] {taskinstance.py:2513} INFO - Exporting env vars: AIRFLOW_CTX_DAG_OWNER='***' AIRFLOW_CTX_DAG_ID='ModelDevelop' AIRFLOW_CTX_TASK_ID='get_data' AIRFLOW_CTX_EXECUTION_DATE='2026-01-06T04:00:00+00:00' AIRFLOW_CTX_TRY_NUMBER='1' AIRFLOW_CTX_DAG_RUN_ID='scheduled__2026-01-06T04:00:00+00:00'
[2026-01-17T13:39:52.914+0000] {python.py:202} INFO - Done. Returned value was: ./iris.csv
[2026-01-17T13:39:52.932+0000] {taskinstance.py:1149} INFO - Marking task as SUCCESS. dag_id=ModelDevelop, task_id=get_data, execution_date=20260106T040000, start_date=20260117T133952, end_date=20260117T133952
[2026-01-17T13:39:52.989+0000] {local_task_job_runner.py:234} INFO - Task exited with return code 0
[2026-01-17T13:39:53.008+0000] {taskinstance.py:3312} INFO - 1 downstream tasks scheduled from follow-on schedule check
