[2026-01-16T07:57:09.191+0000] {taskinstance.py:1979} INFO - Dependencies all met for dep_context=non-requeueable deps ti=<TaskInstance: ModelDevelop.get_data scheduled__2026-01-14T19:00:00+00:00 [queued]>
[2026-01-16T07:57:09.198+0000] {taskinstance.py:1979} INFO - Dependencies all met for dep_context=requeueable deps ti=<TaskInstance: ModelDevelop.get_data scheduled__2026-01-14T19:00:00+00:00 [queued]>
[2026-01-16T07:57:09.199+0000] {taskinstance.py:2193} INFO - Starting attempt 1 of 2
[2026-01-16T07:57:09.211+0000] {taskinstance.py:2217} INFO - Executing <Task(PythonOperator): get_data> on 2026-01-14 19:00:00+00:00
[2026-01-16T07:57:09.220+0000] {standard_task_runner.py:60} INFO - Started process 41149 to run task
[2026-01-16T07:57:09.223+0000] {standard_task_runner.py:87} INFO - Running: ['***', 'tasks', 'run', 'ModelDevelop', 'get_data', 'scheduled__2026-01-14T19:00:00+00:00', '--job-id', '613', '--raw', '--subdir', 'DAGS_FOLDER/example.py', '--cfg-path', '/tmp/tmp3xua8ya1']
[2026-01-16T07:57:09.224+0000] {standard_task_runner.py:88} INFO - Job 613: Subtask get_data
[2026-01-16T07:57:09.235+0000] {warnings.py:109} WARNING - /home/***/.local/lib/python3.9/site-packages/***/settings.py:194: DeprecationWarning: The sql_alchemy_conn option in [core] has been moved to the sql_alchemy_conn option in [database] - the old setting has been used, but please update your config.
  SQL_ALCHEMY_CONN = conf.get("database", "SQL_ALCHEMY_CONN")

[2026-01-16T07:57:09.269+0000] {task_command.py:423} INFO - Running <TaskInstance: ModelDevelop.get_data scheduled__2026-01-14T19:00:00+00:00 [running]> on host 8a4f043652f0
[2026-01-16T07:57:09.382+0000] {taskinstance.py:2513} INFO - Exporting env vars: AIRFLOW_CTX_DAG_OWNER='***' AIRFLOW_CTX_DAG_ID='ModelDevelop' AIRFLOW_CTX_TASK_ID='get_data' AIRFLOW_CTX_EXECUTION_DATE='2026-01-14T19:00:00+00:00' AIRFLOW_CTX_TRY_NUMBER='1' AIRFLOW_CTX_DAG_RUN_ID='scheduled__2026-01-14T19:00:00+00:00'
[2026-01-16T07:57:09.395+0000] {python.py:202} INFO - Done. Returned value was: ./iris.csv
[2026-01-16T07:57:09.446+0000] {taskinstance.py:1149} INFO - Marking task as SUCCESS. dag_id=ModelDevelop, task_id=get_data, execution_date=20260114T190000, start_date=20260116T075709, end_date=20260116T075709
[2026-01-16T07:57:09.475+0000] {local_task_job_runner.py:234} INFO - Task exited with return code 0
[2026-01-16T07:57:09.497+0000] {taskinstance.py:3312} INFO - 1 downstream tasks scheduled from follow-on schedule check
[2026-01-17T13:20:50.064+0000] {taskinstance.py:1979} INFO - Dependencies all met for dep_context=non-requeueable deps ti=<TaskInstance: ModelDevelop.get_data scheduled__2026-01-14T19:00:00+00:00 [queued]>
[2026-01-17T13:20:50.070+0000] {taskinstance.py:1979} INFO - Dependencies all met for dep_context=requeueable deps ti=<TaskInstance: ModelDevelop.get_data scheduled__2026-01-14T19:00:00+00:00 [queued]>
[2026-01-17T13:20:50.070+0000] {taskinstance.py:2193} INFO - Starting attempt 1 of 2
[2026-01-17T13:20:50.098+0000] {taskinstance.py:2217} INFO - Executing <Task(PythonOperator): get_data> on 2026-01-14 19:00:00+00:00
[2026-01-17T13:20:50.106+0000] {standard_task_runner.py:60} INFO - Started process 41314 to run task
[2026-01-17T13:20:50.118+0000] {standard_task_runner.py:87} INFO - Running: ['***', 'tasks', 'run', 'ModelDevelop', 'get_data', 'scheduled__2026-01-14T19:00:00+00:00', '--job-id', '615', '--raw', '--subdir', 'DAGS_FOLDER/example.py', '--cfg-path', '/tmp/tmpibtvfgco']
[2026-01-17T13:20:50.119+0000] {standard_task_runner.py:88} INFO - Job 615: Subtask get_data
[2026-01-17T13:20:50.174+0000] {warnings.py:109} WARNING - /home/***/.local/lib/python3.9/site-packages/***/settings.py:194: DeprecationWarning: The sql_alchemy_conn option in [core] has been moved to the sql_alchemy_conn option in [database] - the old setting has been used, but please update your config.
  SQL_ALCHEMY_CONN = conf.get("database", "SQL_ALCHEMY_CONN")

[2026-01-17T13:20:50.231+0000] {task_command.py:423} INFO - Running <TaskInstance: ModelDevelop.get_data scheduled__2026-01-14T19:00:00+00:00 [running]> on host ed3184b6b543
[2026-01-17T13:20:50.314+0000] {taskinstance.py:2513} INFO - Exporting env vars: AIRFLOW_CTX_DAG_OWNER='***' AIRFLOW_CTX_DAG_ID='ModelDevelop' AIRFLOW_CTX_TASK_ID='get_data' AIRFLOW_CTX_EXECUTION_DATE='2026-01-14T19:00:00+00:00' AIRFLOW_CTX_TRY_NUMBER='1' AIRFLOW_CTX_DAG_RUN_ID='scheduled__2026-01-14T19:00:00+00:00'
[2026-01-17T13:20:50.323+0000] {python.py:202} INFO - Done. Returned value was: ./iris.csv
[2026-01-17T13:20:50.340+0000] {taskinstance.py:1149} INFO - Marking task as SUCCESS. dag_id=ModelDevelop, task_id=get_data, execution_date=20260114T190000, start_date=20260117T132050, end_date=20260117T132050
[2026-01-17T13:20:50.401+0000] {local_task_job_runner.py:234} INFO - Task exited with return code 0
[2026-01-17T13:20:50.419+0000] {taskinstance.py:3312} INFO - 1 downstream tasks scheduled from follow-on schedule check
[2026-01-17T13:42:18.573+0000] {taskinstance.py:1979} INFO - Dependencies all met for dep_context=non-requeueable deps ti=<TaskInstance: ModelDevelop.get_data scheduled__2026-01-14T19:00:00+00:00 [queued]>
[2026-01-17T13:42:18.578+0000] {taskinstance.py:1979} INFO - Dependencies all met for dep_context=requeueable deps ti=<TaskInstance: ModelDevelop.get_data scheduled__2026-01-14T19:00:00+00:00 [queued]>
[2026-01-17T13:42:18.578+0000] {taskinstance.py:2193} INFO - Starting attempt 1 of 2
[2026-01-17T13:42:18.585+0000] {taskinstance.py:2217} INFO - Executing <Task(PythonOperator): get_data> on 2026-01-14 19:00:00+00:00
[2026-01-17T13:42:18.592+0000] {standard_task_runner.py:60} INFO - Started process 40110 to run task
[2026-01-17T13:42:18.594+0000] {standard_task_runner.py:87} INFO - Running: ['***', 'tasks', 'run', 'ModelDevelop', 'get_data', 'scheduled__2026-01-14T19:00:00+00:00', '--job-id', '604', '--raw', '--subdir', 'DAGS_FOLDER/example.py', '--cfg-path', '/tmp/tmppwip_gj3']
[2026-01-17T13:42:18.595+0000] {standard_task_runner.py:88} INFO - Job 604: Subtask get_data
[2026-01-17T13:42:18.603+0000] {warnings.py:109} WARNING - /home/***/.local/lib/python3.9/site-packages/***/settings.py:194: DeprecationWarning: The sql_alchemy_conn option in [core] has been moved to the sql_alchemy_conn option in [database] - the old setting has been used, but please update your config.
  SQL_ALCHEMY_CONN = conf.get("database", "SQL_ALCHEMY_CONN")

[2026-01-17T13:42:18.628+0000] {task_command.py:423} INFO - Running <TaskInstance: ModelDevelop.get_data scheduled__2026-01-14T19:00:00+00:00 [running]> on host 5330652dc216
[2026-01-17T13:42:18.671+0000] {taskinstance.py:2513} INFO - Exporting env vars: AIRFLOW_CTX_DAG_OWNER='***' AIRFLOW_CTX_DAG_ID='ModelDevelop' AIRFLOW_CTX_TASK_ID='get_data' AIRFLOW_CTX_EXECUTION_DATE='2026-01-14T19:00:00+00:00' AIRFLOW_CTX_TRY_NUMBER='1' AIRFLOW_CTX_DAG_RUN_ID='scheduled__2026-01-14T19:00:00+00:00'
[2026-01-17T13:42:18.680+0000] {python.py:202} INFO - Done. Returned value was: ./iris.csv
[2026-01-17T13:42:18.693+0000] {taskinstance.py:1149} INFO - Marking task as SUCCESS. dag_id=ModelDevelop, task_id=get_data, execution_date=20260114T190000, start_date=20260117T134218, end_date=20260117T134218
[2026-01-17T13:42:18.726+0000] {local_task_job_runner.py:234} INFO - Task exited with return code 0
[2026-01-17T13:42:18.741+0000] {taskinstance.py:3312} INFO - 1 downstream tasks scheduled from follow-on schedule check
