[2026-01-28T02:11:06.182+0000] {taskinstance.py:1979} INFO - Dependencies all met for dep_context=non-requeueable deps ti=<TaskInstance: DataDriftRetrainDAG.detect_drift manual__2026-01-28T02:11:03.501264+00:00 [queued]>
[2026-01-28T02:11:06.186+0000] {taskinstance.py:1979} INFO - Dependencies all met for dep_context=requeueable deps ti=<TaskInstance: DataDriftRetrainDAG.detect_drift manual__2026-01-28T02:11:03.501264+00:00 [queued]>
[2026-01-28T02:11:06.186+0000] {taskinstance.py:2193} INFO - Starting attempt 1 of 2
[2026-01-28T02:11:06.192+0000] {taskinstance.py:2217} INFO - Executing <Task(BranchPythonOperator): detect_drift> on 2026-01-28 02:11:03.501264+00:00
[2026-01-28T02:11:06.197+0000] {standard_task_runner.py:60} INFO - Started process 1900 to run task
[2026-01-28T02:11:06.200+0000] {standard_task_runner.py:87} INFO - Running: ['***', 'tasks', 'run', 'DataDriftRetrainDAG', 'detect_drift', 'manual__2026-01-28T02:11:03.501264+00:00', '--job-id', '47', '--raw', '--subdir', 'DAGS_FOLDER/example_drift.py', '--cfg-path', '/tmp/tmphlvxx3iv']
[2026-01-28T02:11:06.200+0000] {standard_task_runner.py:88} INFO - Job 47: Subtask detect_drift
[2026-01-28T02:11:06.208+0000] {warnings.py:109} WARNING - /home/***/.local/lib/python3.9/site-packages/***/settings.py:194: DeprecationWarning: The sql_alchemy_conn option in [core] has been moved to the sql_alchemy_conn option in [database] - the old setting has been used, but please update your config.
  SQL_ALCHEMY_CONN = conf.get("database", "SQL_ALCHEMY_CONN")

[2026-01-28T02:11:06.231+0000] {task_command.py:423} INFO - Running <TaskInstance: DataDriftRetrainDAG.detect_drift manual__2026-01-28T02:11:03.501264+00:00 [running]> on host f59c28b2edea
[2026-01-28T02:11:06.269+0000] {taskinstance.py:2513} INFO - Exporting env vars: AIRFLOW_CTX_DAG_OWNER='***' AIRFLOW_CTX_DAG_ID='DataDriftRetrainDAG' AIRFLOW_CTX_TASK_ID='detect_drift' AIRFLOW_CTX_EXECUTION_DATE='2026-01-28T02:11:03.501264+00:00' AIRFLOW_CTX_TRY_NUMBER='1' AIRFLOW_CTX_DAG_RUN_ID='manual__2026-01-28T02:11:03.501264+00:00'
[2026-01-28T02:11:06.282+0000] {logging_mixin.py:188} INFO - PSI scores: {'sepal length (cm)': 11.653674333391148, 'sepal width (cm)': 6.569988704456782, 'petal length (cm)': 11.83851667752878, 'petal width (cm)': 4.196875035285284}
[2026-01-28T02:11:06.282+0000] {logging_mixin.py:188} INFO - AVG PSI: 8.564763687665499
[2026-01-28T02:11:06.283+0000] {python.py:202} INFO - Done. Returned value was: train_fit
[2026-01-28T02:11:06.283+0000] {branch.py:35} INFO - Branch into train_fit
[2026-01-28T02:11:06.283+0000] {skipmixin.py:178} INFO - Following branch train_fit
[2026-01-28T02:11:06.293+0000] {skipmixin.py:244} INFO - Skipping tasks [('no_drift', -1)]
[2026-01-28T02:11:06.318+0000] {taskinstance.py:1149} INFO - Marking task as SUCCESS. dag_id=DataDriftRetrainDAG, task_id=detect_drift, execution_date=20260128T021103, start_date=20260128T021106, end_date=20260128T021106
[2026-01-28T02:11:06.331+0000] {local_task_job_runner.py:234} INFO - Task exited with return code 0
[2026-01-28T02:11:06.347+0000] {taskinstance.py:3312} INFO - 1 downstream tasks scheduled from follow-on schedule check
