[2026-01-16T23:00:01.009+0000] {taskinstance.py:1979} INFO - Dependencies all met for dep_context=non-requeueable deps ti=<TaskInstance: ModelDevelop.get_data scheduled__2026-01-16T22:00:00+00:00 [queued]>
[2026-01-16T23:00:01.013+0000] {taskinstance.py:1979} INFO - Dependencies all met for dep_context=requeueable deps ti=<TaskInstance: ModelDevelop.get_data scheduled__2026-01-16T22:00:00+00:00 [queued]>
[2026-01-16T23:00:01.013+0000] {taskinstance.py:2193} INFO - Starting attempt 1 of 2
[2026-01-16T23:00:01.020+0000] {taskinstance.py:2217} INFO - Executing <Task(PythonOperator): get_data> on 2026-01-16 22:00:00+00:00
[2026-01-16T23:00:01.025+0000] {standard_task_runner.py:60} INFO - Started process 48078 to run task
[2026-01-16T23:00:01.027+0000] {standard_task_runner.py:87} INFO - Running: ['***', 'tasks', 'run', 'ModelDevelop', 'get_data', 'scheduled__2026-01-16T22:00:00+00:00', '--job-id', '718', '--raw', '--subdir', 'DAGS_FOLDER/example.py', '--cfg-path', '/tmp/tmpzgyzq3a7']
[2026-01-16T23:00:01.028+0000] {standard_task_runner.py:88} INFO - Job 718: Subtask get_data
[2026-01-16T23:00:01.037+0000] {warnings.py:109} WARNING - /home/***/.local/lib/python3.9/site-packages/***/settings.py:194: DeprecationWarning: The sql_alchemy_conn option in [core] has been moved to the sql_alchemy_conn option in [database] - the old setting has been used, but please update your config.
  SQL_ALCHEMY_CONN = conf.get("database", "SQL_ALCHEMY_CONN")

[2026-01-16T23:00:01.058+0000] {task_command.py:423} INFO - Running <TaskInstance: ModelDevelop.get_data scheduled__2026-01-16T22:00:00+00:00 [running]> on host 8a4f043652f0
[2026-01-16T23:00:01.100+0000] {taskinstance.py:2513} INFO - Exporting env vars: AIRFLOW_CTX_DAG_OWNER='***' AIRFLOW_CTX_DAG_ID='ModelDevelop' AIRFLOW_CTX_TASK_ID='get_data' AIRFLOW_CTX_EXECUTION_DATE='2026-01-16T22:00:00+00:00' AIRFLOW_CTX_TRY_NUMBER='1' AIRFLOW_CTX_DAG_RUN_ID='scheduled__2026-01-16T22:00:00+00:00'
[2026-01-16T23:00:01.108+0000] {python.py:202} INFO - Done. Returned value was: ./iris.csv
[2026-01-16T23:00:01.120+0000] {taskinstance.py:1149} INFO - Marking task as SUCCESS. dag_id=ModelDevelop, task_id=get_data, execution_date=20260116T220000, start_date=20260116T230001, end_date=20260116T230001
[2026-01-16T23:00:01.159+0000] {local_task_job_runner.py:234} INFO - Task exited with return code 0
[2026-01-16T23:00:01.174+0000] {taskinstance.py:3312} INFO - 1 downstream tasks scheduled from follow-on schedule check
[2026-01-17T13:21:20.388+0000] {taskinstance.py:1979} INFO - Dependencies all met for dep_context=non-requeueable deps ti=<TaskInstance: ModelDevelop.get_data scheduled__2026-01-16T22:00:00+00:00 [queued]>
[2026-01-17T13:21:20.394+0000] {taskinstance.py:1979} INFO - Dependencies all met for dep_context=requeueable deps ti=<TaskInstance: ModelDevelop.get_data scheduled__2026-01-16T22:00:00+00:00 [queued]>
[2026-01-17T13:21:20.394+0000] {taskinstance.py:2193} INFO - Starting attempt 1 of 2
[2026-01-17T13:21:20.402+0000] {taskinstance.py:2217} INFO - Executing <Task(PythonOperator): get_data> on 2026-01-16 22:00:00+00:00
[2026-01-17T13:21:20.410+0000] {standard_task_runner.py:60} INFO - Started process 47817 to run task
[2026-01-17T13:21:20.412+0000] {standard_task_runner.py:87} INFO - Running: ['***', 'tasks', 'run', 'ModelDevelop', 'get_data', 'scheduled__2026-01-16T22:00:00+00:00', '--job-id', '714', '--raw', '--subdir', 'DAGS_FOLDER/example.py', '--cfg-path', '/tmp/tmpddibs08s']
[2026-01-17T13:21:20.413+0000] {standard_task_runner.py:88} INFO - Job 714: Subtask get_data
[2026-01-17T13:21:20.423+0000] {warnings.py:109} WARNING - /home/***/.local/lib/python3.9/site-packages/***/settings.py:194: DeprecationWarning: The sql_alchemy_conn option in [core] has been moved to the sql_alchemy_conn option in [database] - the old setting has been used, but please update your config.
  SQL_ALCHEMY_CONN = conf.get("database", "SQL_ALCHEMY_CONN")

[2026-01-17T13:21:20.448+0000] {task_command.py:423} INFO - Running <TaskInstance: ModelDevelop.get_data scheduled__2026-01-16T22:00:00+00:00 [running]> on host ed3184b6b543
[2026-01-17T13:21:20.594+0000] {taskinstance.py:2513} INFO - Exporting env vars: AIRFLOW_CTX_DAG_OWNER='***' AIRFLOW_CTX_DAG_ID='ModelDevelop' AIRFLOW_CTX_TASK_ID='get_data' AIRFLOW_CTX_EXECUTION_DATE='2026-01-16T22:00:00+00:00' AIRFLOW_CTX_TRY_NUMBER='1' AIRFLOW_CTX_DAG_RUN_ID='scheduled__2026-01-16T22:00:00+00:00'
[2026-01-17T13:21:20.605+0000] {python.py:202} INFO - Done. Returned value was: ./iris.csv
[2026-01-17T13:21:20.620+0000] {taskinstance.py:1149} INFO - Marking task as SUCCESS. dag_id=ModelDevelop, task_id=get_data, execution_date=20260116T220000, start_date=20260117T132120, end_date=20260117T132120
[2026-01-17T13:21:20.744+0000] {local_task_job_runner.py:234} INFO - Task exited with return code 0
[2026-01-17T13:21:20.767+0000] {taskinstance.py:3312} INFO - 1 downstream tasks scheduled from follow-on schedule check
[2026-01-17T13:42:53.756+0000] {taskinstance.py:1979} INFO - Dependencies all met for dep_context=non-requeueable deps ti=<TaskInstance: ModelDevelop.get_data scheduled__2026-01-16T22:00:00+00:00 [queued]>
[2026-01-17T13:42:53.760+0000] {taskinstance.py:1979} INFO - Dependencies all met for dep_context=requeueable deps ti=<TaskInstance: ModelDevelop.get_data scheduled__2026-01-16T22:00:00+00:00 [queued]>
[2026-01-17T13:42:53.760+0000] {taskinstance.py:2193} INFO - Starting attempt 1 of 2
[2026-01-17T13:42:53.766+0000] {taskinstance.py:2217} INFO - Executing <Task(PythonOperator): get_data> on 2026-01-16 22:00:00+00:00
[2026-01-17T13:42:53.772+0000] {standard_task_runner.py:60} INFO - Started process 48078 to run task
[2026-01-17T13:42:53.774+0000] {standard_task_runner.py:87} INFO - Running: ['***', 'tasks', 'run', 'ModelDevelop', 'get_data', 'scheduled__2026-01-16T22:00:00+00:00', '--job-id', '718', '--raw', '--subdir', 'DAGS_FOLDER/example.py', '--cfg-path', '/tmp/tmpe58k569o']
[2026-01-17T13:42:53.775+0000] {standard_task_runner.py:88} INFO - Job 718: Subtask get_data
[2026-01-17T13:42:53.785+0000] {warnings.py:109} WARNING - /home/***/.local/lib/python3.9/site-packages/***/settings.py:194: DeprecationWarning: The sql_alchemy_conn option in [core] has been moved to the sql_alchemy_conn option in [database] - the old setting has been used, but please update your config.
  SQL_ALCHEMY_CONN = conf.get("database", "SQL_ALCHEMY_CONN")

[2026-01-17T13:42:53.806+0000] {task_command.py:423} INFO - Running <TaskInstance: ModelDevelop.get_data scheduled__2026-01-16T22:00:00+00:00 [running]> on host 5330652dc216
[2026-01-17T13:42:53.849+0000] {taskinstance.py:2513} INFO - Exporting env vars: AIRFLOW_CTX_DAG_OWNER='***' AIRFLOW_CTX_DAG_ID='ModelDevelop' AIRFLOW_CTX_TASK_ID='get_data' AIRFLOW_CTX_EXECUTION_DATE='2026-01-16T22:00:00+00:00' AIRFLOW_CTX_TRY_NUMBER='1' AIRFLOW_CTX_DAG_RUN_ID='scheduled__2026-01-16T22:00:00+00:00'
[2026-01-17T13:42:53.857+0000] {python.py:202} INFO - Done. Returned value was: ./iris.csv
[2026-01-17T13:42:53.869+0000] {taskinstance.py:1149} INFO - Marking task as SUCCESS. dag_id=ModelDevelop, task_id=get_data, execution_date=20260116T220000, start_date=20260117T134253, end_date=20260117T134253
[2026-01-17T13:42:53.906+0000] {local_task_job_runner.py:234} INFO - Task exited with return code 0
[2026-01-17T13:42:53.918+0000] {taskinstance.py:3312} INFO - 0 downstream tasks scheduled from follow-on schedule check
