[2026-01-02T02:08:33.617+0000] {taskinstance.py:1165} INFO - Dependencies all met for <TaskInstance: ModelDevelop.get_data scheduled__2026-01-02T01:58:00+00:00 [queued]>
[2026-01-02T02:08:33.622+0000] {taskinstance.py:1165} INFO - Dependencies all met for <TaskInstance: ModelDevelop.get_data scheduled__2026-01-02T01:58:00+00:00 [queued]>
[2026-01-02T02:08:33.622+0000] {taskinstance.py:1362} INFO - 
--------------------------------------------------------------------------------
[2026-01-02T02:08:33.622+0000] {taskinstance.py:1363} INFO - Starting attempt 2 of 2
[2026-01-02T02:08:33.622+0000] {taskinstance.py:1364} INFO - 
--------------------------------------------------------------------------------
[2026-01-02T02:08:33.630+0000] {taskinstance.py:1383} INFO - Executing <Task(PythonOperator): get_data> on 2026-01-02 01:58:00+00:00
[2026-01-02T02:08:33.633+0000] {standard_task_runner.py:54} INFO - Started process 499 to run task
[2026-01-02T02:08:33.635+0000] {standard_task_runner.py:82} INFO - Running: ['***', 'tasks', 'run', 'ModelDevelop', 'get_data', 'scheduled__2026-01-02T01:58:00+00:00', '--job-id', '141', '--raw', '--subdir', 'DAGS_FOLDER/psjung_dag.py', '--cfg-path', '/tmp/tmpy2hg5kcc']
[2026-01-02T02:08:33.636+0000] {standard_task_runner.py:83} INFO - Job 141: Subtask get_data
[2026-01-02T02:08:33.636+0000] {dagbag.py:525} INFO - Filling up the DagBag from /opt/***/dags/psjung_dag.py
[2026-01-02T02:08:34.316+0000] {warnings.py:110} WARNING - /home/***/.local/lib/python3.7/site-packages/***/configuration.py:545: DeprecationWarning: The sql_alchemy_conn option in [core] has been moved to the sql_alchemy_conn option in [database] - the old setting has been used, but please update your config.
  option = self._get_environment_variables(deprecated_key, deprecated_section, key, section)

[2026-01-02T02:08:34.351+0000] {task_command.py:384} INFO - Running <TaskInstance: ModelDevelop.get_data scheduled__2026-01-02T01:58:00+00:00 [running]> on host da0f76555d1e
[2026-01-02T02:08:34.395+0000] {taskinstance.py:1592} INFO - Exporting the following env vars:
AIRFLOW_CTX_DAG_OWNER=***
AIRFLOW_CTX_DAG_ID=ModelDevelop
AIRFLOW_CTX_TASK_ID=get_data
AIRFLOW_CTX_EXECUTION_DATE=2026-01-02T01:58:00+00:00
AIRFLOW_CTX_TRY_NUMBER=2
AIRFLOW_CTX_DAG_RUN_ID=scheduled__2026-01-02T01:58:00+00:00
[2026-01-02T02:08:34.406+0000] {logging_mixin.py:117} INFO -      sepal_length  sepal_width  petal_length  petal_width  target
128           6.4          2.8           5.6          2.1       2
[2026-01-02T02:08:34.407+0000] {python.py:177} INFO - Done. Returned value was:      sepal_length  sepal_width  petal_length  petal_width  target
128           6.4          2.8           5.6          2.1       2
[2026-01-02T02:08:34.416+0000] {xcom.py:600} ERROR - Could not serialize the XCom value into JSON. If you are using pickle instead of JSON for XCom, then you need to enable pickle support for XCom in your *** config.
[2026-01-02T02:08:34.417+0000] {taskinstance.py:1851} ERROR - Task failed with exception
Traceback (most recent call last):
  File "/home/airflow/.local/lib/python3.7/site-packages/airflow/utils/session.py", line 72, in wrapper
    return func(*args, **kwargs)
  File "/home/airflow/.local/lib/python3.7/site-packages/airflow/models/taskinstance.py", line 2385, in xcom_push
    session=session,
  File "/home/airflow/.local/lib/python3.7/site-packages/airflow/utils/session.py", line 72, in wrapper
    return func(*args, **kwargs)
  File "/home/airflow/.local/lib/python3.7/site-packages/airflow/models/xcom.py", line 212, in set
    map_index=map_index,
  File "/home/airflow/.local/lib/python3.7/site-packages/airflow/models/xcom.py", line 597, in serialize_value
    return json.dumps(value).encode('UTF-8')
  File "/usr/local/lib/python3.7/json/__init__.py", line 231, in dumps
    return _default_encoder.encode(obj)
  File "/usr/local/lib/python3.7/json/encoder.py", line 199, in encode
    chunks = self.iterencode(o, _one_shot=True)
  File "/usr/local/lib/python3.7/json/encoder.py", line 257, in iterencode
    return _iterencode(o, 0)
  File "/usr/local/lib/python3.7/json/encoder.py", line 179, in default
    raise TypeError(f'Object of type {o.__class__.__name__} '
TypeError: Object of type DataFrame is not JSON serializable
[2026-01-02T02:08:34.422+0000] {taskinstance.py:1406} INFO - Marking task as FAILED. dag_id=ModelDevelop, task_id=get_data, execution_date=20260102T015800, start_date=20260102T020833, end_date=20260102T020834
[2026-01-02T02:08:34.429+0000] {standard_task_runner.py:107} ERROR - Failed to execute job 141 for task get_data (Object of type DataFrame is not JSON serializable; 499)
[2026-01-02T02:08:34.488+0000] {local_task_job.py:164} INFO - Task exited with return code 1
[2026-01-02T02:08:34.508+0000] {local_task_job.py:273} INFO - 0 downstream tasks scheduled from follow-on schedule check
