[2026-03-06T06:48:06.597+0000] {taskinstance.py:1979} INFO - Dependencies all met for dep_context=non-requeueable deps ti=<TaskInstance: DataDriftRetrainDAG.train_fit scheduled__2026-03-06T06:46:00+00:00 [queued]>
[2026-03-06T06:48:06.607+0000] {taskinstance.py:1979} INFO - Dependencies all met for dep_context=requeueable deps ti=<TaskInstance: DataDriftRetrainDAG.train_fit scheduled__2026-03-06T06:46:00+00:00 [queued]>
[2026-03-06T06:48:06.607+0000] {taskinstance.py:2193} INFO - Starting attempt 1 of 2
[2026-03-06T06:48:06.620+0000] {taskinstance.py:2217} INFO - Executing <Task(PythonOperator): train_fit> on 2026-03-06 06:46:00+00:00
[2026-03-06T06:48:06.633+0000] {standard_task_runner.py:60} INFO - Started process 4106 to run task
[2026-03-06T06:48:06.637+0000] {standard_task_runner.py:87} INFO - Running: ['***', 'tasks', 'run', 'DataDriftRetrainDAG', 'train_fit', 'scheduled__2026-03-06T06:46:00+00:00', '--job-id', '75', '--raw', '--subdir', 'DAGS_FOLDER/exercise_drift.py', '--cfg-path', '/tmp/tmpu1l3d1xz']
[2026-03-06T06:48:06.638+0000] {standard_task_runner.py:88} INFO - Job 75: Subtask train_fit
[2026-03-06T06:48:06.655+0000] {warnings.py:109} WARNING - /home/***/.local/lib/python3.9/site-packages/***/settings.py:194: DeprecationWarning: The sql_alchemy_conn option in [core] has been moved to the sql_alchemy_conn option in [database] - the old setting has been used, but please update your config.
  SQL_ALCHEMY_CONN = conf.get("database", "SQL_ALCHEMY_CONN")

[2026-03-06T06:48:06.693+0000] {task_command.py:423} INFO - Running <TaskInstance: DataDriftRetrainDAG.train_fit scheduled__2026-03-06T06:46:00+00:00 [running]> on host b72b0072ca3d
[2026-03-06T06:48:06.765+0000] {taskinstance.py:2513} INFO - Exporting env vars: AIRFLOW_CTX_DAG_OWNER='***' AIRFLOW_CTX_DAG_ID='DataDriftRetrainDAG' AIRFLOW_CTX_TASK_ID='train_fit' AIRFLOW_CTX_EXECUTION_DATE='2026-03-06T06:46:00+00:00' AIRFLOW_CTX_TRY_NUMBER='1' AIRFLOW_CTX_DAG_RUN_ID='scheduled__2026-03-06T06:46:00+00:00'
[2026-03-06T06:48:06.856+0000] {logging_mixin.py:188} WARNING - 2026/03/06 06:48:06 WARNING mlflow.utils.git_utils: Failed to import Git (the Git executable is probably not on your PATH), so Git SHA is not available. Error: Failed to initialize: Bad git executable.
The git executable must be specified in one of the following ways:
    - be included in your $PATH
    - be set via $GIT_PYTHON_GIT_EXECUTABLE
    - explicitly set via git.refresh(<full-path-to-git-executable>)

All git commands will error until this is rectified.

This initial message can be silenced or aggravated in the future by setting the
$GIT_PYTHON_REFRESH environment variable. Use one of the following values:
    - quiet|q|silence|s|silent|none|n|0: for no message or exception
    - warn|w|warning|log|l|1: for a warning message (logging level CRITICAL, displayed by default)
    - error|e|exception|raise|r|2: for a raised exception

Example:
    export GIT_PYTHON_REFRESH=quiet
[2026-03-06T06:48:09.516+0000] {warnings.py:109} WARNING - /home/***/.local/lib/python3.9/site-packages/_distutils_hack/__init__.py:33: UserWarning: Setuptools is replacing distutils.
  warnings.warn("Setuptools is replacing distutils.")

[2026-03-06T06:48:09.568+0000] {logging_mixin.py:188} INFO - Retraining completed due to data drift
[2026-03-06T06:48:09.569+0000] {python.py:202} INFO - Done. Returned value was: None
[2026-03-06T06:48:09.578+0000] {taskinstance.py:1149} INFO - Marking task as SUCCESS. dag_id=DataDriftRetrainDAG, task_id=train_fit, execution_date=20260306T064600, start_date=20260306T064806, end_date=20260306T064809
[2026-03-06T06:48:09.628+0000] {local_task_job_runner.py:234} INFO - Task exited with return code 0
[2026-03-06T06:48:09.639+0000] {taskinstance.py:3312} INFO - 0 downstream tasks scheduled from follow-on schedule check
