[2026-01-16T07:56:38.595+0000] {taskinstance.py:1979} INFO - Dependencies all met for dep_context=non-requeueable deps ti=<TaskInstance: ModelDevelop.get_data scheduled__2026-01-13T06:00:00+00:00 [queued]>
[2026-01-16T07:56:38.602+0000] {taskinstance.py:1979} INFO - Dependencies all met for dep_context=requeueable deps ti=<TaskInstance: ModelDevelop.get_data scheduled__2026-01-13T06:00:00+00:00 [queued]>
[2026-01-16T07:56:38.602+0000] {taskinstance.py:2193} INFO - Starting attempt 1 of 2
[2026-01-16T07:56:38.615+0000] {taskinstance.py:2217} INFO - Executing <Task(PythonOperator): get_data> on 2026-01-13 06:00:00+00:00
[2026-01-16T07:56:38.622+0000] {standard_task_runner.py:60} INFO - Started process 35254 to run task
[2026-01-16T07:56:38.627+0000] {standard_task_runner.py:87} INFO - Running: ['***', 'tasks', 'run', 'ModelDevelop', 'get_data', 'scheduled__2026-01-13T06:00:00+00:00', '--job-id', '529', '--raw', '--subdir', 'DAGS_FOLDER/example.py', '--cfg-path', '/tmp/tmphg3x00nh']
[2026-01-16T07:56:38.628+0000] {standard_task_runner.py:88} INFO - Job 529: Subtask get_data
[2026-01-16T07:56:38.662+0000] {warnings.py:109} WARNING - /home/***/.local/lib/python3.9/site-packages/***/settings.py:194: DeprecationWarning: The sql_alchemy_conn option in [core] has been moved to the sql_alchemy_conn option in [database] - the old setting has been used, but please update your config.
  SQL_ALCHEMY_CONN = conf.get("database", "SQL_ALCHEMY_CONN")

[2026-01-16T07:56:38.700+0000] {task_command.py:423} INFO - Running <TaskInstance: ModelDevelop.get_data scheduled__2026-01-13T06:00:00+00:00 [running]> on host 8a4f043652f0
[2026-01-16T07:56:38.791+0000] {taskinstance.py:2513} INFO - Exporting env vars: AIRFLOW_CTX_DAG_OWNER='***' AIRFLOW_CTX_DAG_ID='ModelDevelop' AIRFLOW_CTX_TASK_ID='get_data' AIRFLOW_CTX_EXECUTION_DATE='2026-01-13T06:00:00+00:00' AIRFLOW_CTX_TRY_NUMBER='1' AIRFLOW_CTX_DAG_RUN_ID='scheduled__2026-01-13T06:00:00+00:00'
[2026-01-16T07:56:38.799+0000] {python.py:202} INFO - Done. Returned value was: ./iris.csv
[2026-01-16T07:56:38.816+0000] {taskinstance.py:1149} INFO - Marking task as SUCCESS. dag_id=ModelDevelop, task_id=get_data, execution_date=20260113T060000, start_date=20260116T075638, end_date=20260116T075638
[2026-01-16T07:56:38.837+0000] {local_task_job_runner.py:234} INFO - Task exited with return code 0
[2026-01-16T07:56:38.853+0000] {taskinstance.py:3312} INFO - 1 downstream tasks scheduled from follow-on schedule check
[2026-01-17T13:20:23.425+0000] {taskinstance.py:1979} INFO - Dependencies all met for dep_context=non-requeueable deps ti=<TaskInstance: ModelDevelop.get_data scheduled__2026-01-13T06:00:00+00:00 [queued]>
[2026-01-17T13:20:23.444+0000] {taskinstance.py:1979} INFO - Dependencies all met for dep_context=requeueable deps ti=<TaskInstance: ModelDevelop.get_data scheduled__2026-01-13T06:00:00+00:00 [queued]>
[2026-01-17T13:20:23.444+0000] {taskinstance.py:2193} INFO - Starting attempt 1 of 2
[2026-01-17T13:20:23.476+0000] {taskinstance.py:2217} INFO - Executing <Task(PythonOperator): get_data> on 2026-01-13 06:00:00+00:00
[2026-01-17T13:20:23.489+0000] {standard_task_runner.py:60} INFO - Started process 35321 to run task
[2026-01-17T13:20:23.494+0000] {standard_task_runner.py:87} INFO - Running: ['***', 'tasks', 'run', 'ModelDevelop', 'get_data', 'scheduled__2026-01-13T06:00:00+00:00', '--job-id', '529', '--raw', '--subdir', 'DAGS_FOLDER/example.py', '--cfg-path', '/tmp/tmptbe0qk5a']
[2026-01-17T13:20:23.495+0000] {standard_task_runner.py:88} INFO - Job 529: Subtask get_data
[2026-01-17T13:20:23.512+0000] {warnings.py:109} WARNING - /home/***/.local/lib/python3.9/site-packages/***/settings.py:194: DeprecationWarning: The sql_alchemy_conn option in [core] has been moved to the sql_alchemy_conn option in [database] - the old setting has been used, but please update your config.
  SQL_ALCHEMY_CONN = conf.get("database", "SQL_ALCHEMY_CONN")

[2026-01-17T13:20:23.548+0000] {task_command.py:423} INFO - Running <TaskInstance: ModelDevelop.get_data scheduled__2026-01-13T06:00:00+00:00 [running]> on host ed3184b6b543
[2026-01-17T13:20:23.602+0000] {taskinstance.py:2513} INFO - Exporting env vars: AIRFLOW_CTX_DAG_OWNER='***' AIRFLOW_CTX_DAG_ID='ModelDevelop' AIRFLOW_CTX_TASK_ID='get_data' AIRFLOW_CTX_EXECUTION_DATE='2026-01-13T06:00:00+00:00' AIRFLOW_CTX_TRY_NUMBER='1' AIRFLOW_CTX_DAG_RUN_ID='scheduled__2026-01-13T06:00:00+00:00'
[2026-01-17T13:20:23.611+0000] {python.py:202} INFO - Done. Returned value was: ./iris.csv
[2026-01-17T13:20:23.630+0000] {taskinstance.py:1149} INFO - Marking task as SUCCESS. dag_id=ModelDevelop, task_id=get_data, execution_date=20260113T060000, start_date=20260117T132023, end_date=20260117T132023
[2026-01-17T13:20:23.666+0000] {local_task_job_runner.py:234} INFO - Task exited with return code 0
[2026-01-17T13:20:23.720+0000] {taskinstance.py:3312} INFO - 0 downstream tasks scheduled from follow-on schedule check
[2026-01-17T13:41:55.750+0000] {taskinstance.py:1979} INFO - Dependencies all met for dep_context=non-requeueable deps ti=<TaskInstance: ModelDevelop.get_data scheduled__2026-01-13T06:00:00+00:00 [queued]>
[2026-01-17T13:41:55.756+0000] {taskinstance.py:1979} INFO - Dependencies all met for dep_context=requeueable deps ti=<TaskInstance: ModelDevelop.get_data scheduled__2026-01-13T06:00:00+00:00 [queued]>
[2026-01-17T13:41:55.756+0000] {taskinstance.py:2193} INFO - Starting attempt 1 of 2
[2026-01-17T13:41:55.767+0000] {taskinstance.py:2217} INFO - Executing <Task(PythonOperator): get_data> on 2026-01-13 06:00:00+00:00
[2026-01-17T13:41:55.778+0000] {standard_task_runner.py:60} INFO - Started process 35690 to run task
[2026-01-17T13:41:55.780+0000] {standard_task_runner.py:87} INFO - Running: ['***', 'tasks', 'run', 'ModelDevelop', 'get_data', 'scheduled__2026-01-13T06:00:00+00:00', '--job-id', '534', '--raw', '--subdir', 'DAGS_FOLDER/example.py', '--cfg-path', '/tmp/tmp1zuit54l']
[2026-01-17T13:41:55.781+0000] {standard_task_runner.py:88} INFO - Job 534: Subtask get_data
[2026-01-17T13:41:55.796+0000] {warnings.py:109} WARNING - /home/***/.local/lib/python3.9/site-packages/***/settings.py:194: DeprecationWarning: The sql_alchemy_conn option in [core] has been moved to the sql_alchemy_conn option in [database] - the old setting has been used, but please update your config.
  SQL_ALCHEMY_CONN = conf.get("database", "SQL_ALCHEMY_CONN")

[2026-01-17T13:41:55.825+0000] {task_command.py:423} INFO - Running <TaskInstance: ModelDevelop.get_data scheduled__2026-01-13T06:00:00+00:00 [running]> on host 5330652dc216
[2026-01-17T13:41:55.889+0000] {taskinstance.py:2513} INFO - Exporting env vars: AIRFLOW_CTX_DAG_OWNER='***' AIRFLOW_CTX_DAG_ID='ModelDevelop' AIRFLOW_CTX_TASK_ID='get_data' AIRFLOW_CTX_EXECUTION_DATE='2026-01-13T06:00:00+00:00' AIRFLOW_CTX_TRY_NUMBER='1' AIRFLOW_CTX_DAG_RUN_ID='scheduled__2026-01-13T06:00:00+00:00'
[2026-01-17T13:41:55.901+0000] {python.py:202} INFO - Done. Returned value was: ./iris.csv
[2026-01-17T13:41:55.917+0000] {taskinstance.py:1149} INFO - Marking task as SUCCESS. dag_id=ModelDevelop, task_id=get_data, execution_date=20260113T060000, start_date=20260117T134155, end_date=20260117T134155
[2026-01-17T13:41:55.956+0000] {local_task_job_runner.py:234} INFO - Task exited with return code 0
[2026-01-17T13:41:56.019+0000] {taskinstance.py:3312} INFO - 0 downstream tasks scheduled from follow-on schedule check
