[2026-01-16T07:55:37.923+0000] {taskinstance.py:1979} INFO - Dependencies all met for dep_context=non-requeueable deps ti=<TaskInstance: ModelDevelop.get_data scheduled__2026-01-08T23:00:00+00:00 [queued]>
[2026-01-16T07:55:37.928+0000] {taskinstance.py:1979} INFO - Dependencies all met for dep_context=requeueable deps ti=<TaskInstance: ModelDevelop.get_data scheduled__2026-01-08T23:00:00+00:00 [queued]>
[2026-01-16T07:55:37.929+0000] {taskinstance.py:2193} INFO - Starting attempt 1 of 2
[2026-01-16T07:55:37.936+0000] {taskinstance.py:2217} INFO - Executing <Task(PythonOperator): get_data> on 2026-01-08 23:00:00+00:00
[2026-01-16T07:55:37.942+0000] {standard_task_runner.py:60} INFO - Started process 21957 to run task
[2026-01-16T07:55:37.945+0000] {standard_task_runner.py:87} INFO - Running: ['***', 'tasks', 'run', 'ModelDevelop', 'get_data', 'scheduled__2026-01-08T23:00:00+00:00', '--job-id', '329', '--raw', '--subdir', 'DAGS_FOLDER/example.py', '--cfg-path', '/tmp/tmpunb3mj0h']
[2026-01-16T07:55:37.945+0000] {standard_task_runner.py:88} INFO - Job 329: Subtask get_data
[2026-01-16T07:55:37.958+0000] {warnings.py:109} WARNING - /home/***/.local/lib/python3.9/site-packages/***/settings.py:194: DeprecationWarning: The sql_alchemy_conn option in [core] has been moved to the sql_alchemy_conn option in [database] - the old setting has been used, but please update your config.
  SQL_ALCHEMY_CONN = conf.get("database", "SQL_ALCHEMY_CONN")

[2026-01-16T07:55:38.024+0000] {task_command.py:423} INFO - Running <TaskInstance: ModelDevelop.get_data scheduled__2026-01-08T23:00:00+00:00 [running]> on host 8a4f043652f0
[2026-01-16T07:55:38.104+0000] {taskinstance.py:2513} INFO - Exporting env vars: AIRFLOW_CTX_DAG_OWNER='***' AIRFLOW_CTX_DAG_ID='ModelDevelop' AIRFLOW_CTX_TASK_ID='get_data' AIRFLOW_CTX_EXECUTION_DATE='2026-01-08T23:00:00+00:00' AIRFLOW_CTX_TRY_NUMBER='1' AIRFLOW_CTX_DAG_RUN_ID='scheduled__2026-01-08T23:00:00+00:00'
[2026-01-16T07:55:38.116+0000] {python.py:202} INFO - Done. Returned value was: ./iris.csv
[2026-01-16T07:55:38.164+0000] {taskinstance.py:1149} INFO - Marking task as SUCCESS. dag_id=ModelDevelop, task_id=get_data, execution_date=20260108T230000, start_date=20260116T075537, end_date=20260116T075538
[2026-01-16T07:55:38.197+0000] {local_task_job_runner.py:234} INFO - Task exited with return code 0
[2026-01-16T07:55:38.214+0000] {taskinstance.py:3312} INFO - 1 downstream tasks scheduled from follow-on schedule check
[2026-01-17T13:19:20.038+0000] {taskinstance.py:1979} INFO - Dependencies all met for dep_context=non-requeueable deps ti=<TaskInstance: ModelDevelop.get_data scheduled__2026-01-08T23:00:00+00:00 [queued]>
[2026-01-17T13:19:20.045+0000] {taskinstance.py:1979} INFO - Dependencies all met for dep_context=requeueable deps ti=<TaskInstance: ModelDevelop.get_data scheduled__2026-01-08T23:00:00+00:00 [queued]>
[2026-01-17T13:19:20.045+0000] {taskinstance.py:2193} INFO - Starting attempt 1 of 2
[2026-01-17T13:19:20.054+0000] {taskinstance.py:2217} INFO - Executing <Task(PythonOperator): get_data> on 2026-01-08 23:00:00+00:00
[2026-01-17T13:19:20.064+0000] {standard_task_runner.py:60} INFO - Started process 22186 to run task
[2026-01-17T13:19:20.066+0000] {standard_task_runner.py:87} INFO - Running: ['***', 'tasks', 'run', 'ModelDevelop', 'get_data', 'scheduled__2026-01-08T23:00:00+00:00', '--job-id', '331', '--raw', '--subdir', 'DAGS_FOLDER/example.py', '--cfg-path', '/tmp/tmp_3jexzlj']
[2026-01-17T13:19:20.067+0000] {standard_task_runner.py:88} INFO - Job 331: Subtask get_data
[2026-01-17T13:19:20.078+0000] {warnings.py:109} WARNING - /home/***/.local/lib/python3.9/site-packages/***/settings.py:194: DeprecationWarning: The sql_alchemy_conn option in [core] has been moved to the sql_alchemy_conn option in [database] - the old setting has been used, but please update your config.
  SQL_ALCHEMY_CONN = conf.get("database", "SQL_ALCHEMY_CONN")

[2026-01-17T13:19:20.129+0000] {task_command.py:423} INFO - Running <TaskInstance: ModelDevelop.get_data scheduled__2026-01-08T23:00:00+00:00 [running]> on host ed3184b6b543
[2026-01-17T13:19:20.191+0000] {taskinstance.py:2513} INFO - Exporting env vars: AIRFLOW_CTX_DAG_OWNER='***' AIRFLOW_CTX_DAG_ID='ModelDevelop' AIRFLOW_CTX_TASK_ID='get_data' AIRFLOW_CTX_EXECUTION_DATE='2026-01-08T23:00:00+00:00' AIRFLOW_CTX_TRY_NUMBER='1' AIRFLOW_CTX_DAG_RUN_ID='scheduled__2026-01-08T23:00:00+00:00'
[2026-01-17T13:19:20.200+0000] {python.py:202} INFO - Done. Returned value was: ./iris.csv
[2026-01-17T13:19:20.215+0000] {taskinstance.py:1149} INFO - Marking task as SUCCESS. dag_id=ModelDevelop, task_id=get_data, execution_date=20260108T230000, start_date=20260117T131920, end_date=20260117T131920
[2026-01-17T13:19:20.243+0000] {local_task_job_runner.py:234} INFO - Task exited with return code 0
[2026-01-17T13:19:20.263+0000] {taskinstance.py:3312} INFO - 1 downstream tasks scheduled from follow-on schedule check
[2026-01-17T13:40:45.077+0000] {taskinstance.py:1979} INFO - Dependencies all met for dep_context=non-requeueable deps ti=<TaskInstance: ModelDevelop.get_data scheduled__2026-01-08T23:00:00+00:00 [queued]>
[2026-01-17T13:40:45.083+0000] {taskinstance.py:1979} INFO - Dependencies all met for dep_context=requeueable deps ti=<TaskInstance: ModelDevelop.get_data scheduled__2026-01-08T23:00:00+00:00 [queued]>
[2026-01-17T13:40:45.084+0000] {taskinstance.py:2193} INFO - Starting attempt 1 of 2
[2026-01-17T13:40:45.093+0000] {taskinstance.py:2217} INFO - Executing <Task(PythonOperator): get_data> on 2026-01-08 23:00:00+00:00
[2026-01-17T13:40:45.100+0000] {standard_task_runner.py:60} INFO - Started process 22686 to run task
[2026-01-17T13:40:45.102+0000] {standard_task_runner.py:87} INFO - Running: ['***', 'tasks', 'run', 'ModelDevelop', 'get_data', 'scheduled__2026-01-08T23:00:00+00:00', '--job-id', '335', '--raw', '--subdir', 'DAGS_FOLDER/example.py', '--cfg-path', '/tmp/tmpoj43s72j']
[2026-01-17T13:40:45.103+0000] {standard_task_runner.py:88} INFO - Job 335: Subtask get_data
[2026-01-17T13:40:45.114+0000] {warnings.py:109} WARNING - /home/***/.local/lib/python3.9/site-packages/***/settings.py:194: DeprecationWarning: The sql_alchemy_conn option in [core] has been moved to the sql_alchemy_conn option in [database] - the old setting has been used, but please update your config.
  SQL_ALCHEMY_CONN = conf.get("database", "SQL_ALCHEMY_CONN")

[2026-01-17T13:40:45.154+0000] {task_command.py:423} INFO - Running <TaskInstance: ModelDevelop.get_data scheduled__2026-01-08T23:00:00+00:00 [running]> on host 5330652dc216
[2026-01-17T13:40:45.220+0000] {taskinstance.py:2513} INFO - Exporting env vars: AIRFLOW_CTX_DAG_OWNER='***' AIRFLOW_CTX_DAG_ID='ModelDevelop' AIRFLOW_CTX_TASK_ID='get_data' AIRFLOW_CTX_EXECUTION_DATE='2026-01-08T23:00:00+00:00' AIRFLOW_CTX_TRY_NUMBER='1' AIRFLOW_CTX_DAG_RUN_ID='scheduled__2026-01-08T23:00:00+00:00'
[2026-01-17T13:40:45.231+0000] {python.py:202} INFO - Done. Returned value was: ./iris.csv
[2026-01-17T13:40:45.247+0000] {taskinstance.py:1149} INFO - Marking task as SUCCESS. dag_id=ModelDevelop, task_id=get_data, execution_date=20260108T230000, start_date=20260117T134045, end_date=20260117T134045
[2026-01-17T13:40:45.274+0000] {local_task_job_runner.py:234} INFO - Task exited with return code 0
[2026-01-17T13:40:45.312+0000] {taskinstance.py:3312} INFO - 1 downstream tasks scheduled from follow-on schedule check
