[2026-01-16T07:54:35.987+0000] {taskinstance.py:1979} INFO - Dependencies all met for dep_context=non-requeueable deps ti=<TaskInstance: ModelDevelop.get_data scheduled__2026-01-04T23:00:00+00:00 [queued]>
[2026-01-16T07:54:35.993+0000] {taskinstance.py:1979} INFO - Dependencies all met for dep_context=requeueable deps ti=<TaskInstance: ModelDevelop.get_data scheduled__2026-01-04T23:00:00+00:00 [queued]>
[2026-01-16T07:54:35.993+0000] {taskinstance.py:2193} INFO - Starting attempt 1 of 2
[2026-01-16T07:54:36.004+0000] {taskinstance.py:2217} INFO - Executing <Task(PythonOperator): get_data> on 2026-01-04 23:00:00+00:00
[2026-01-16T07:54:36.010+0000] {standard_task_runner.py:60} INFO - Started process 9129 to run task
[2026-01-16T07:54:36.013+0000] {standard_task_runner.py:87} INFO - Running: ['***', 'tasks', 'run', 'ModelDevelop', 'get_data', 'scheduled__2026-01-04T23:00:00+00:00', '--job-id', '137', '--raw', '--subdir', 'DAGS_FOLDER/example.py', '--cfg-path', '/tmp/tmp95imfce8']
[2026-01-16T07:54:36.013+0000] {standard_task_runner.py:88} INFO - Job 137: Subtask get_data
[2026-01-16T07:54:36.023+0000] {warnings.py:109} WARNING - /home/***/.local/lib/python3.9/site-packages/***/settings.py:194: DeprecationWarning: The sql_alchemy_conn option in [core] has been moved to the sql_alchemy_conn option in [database] - the old setting has been used, but please update your config.
  SQL_ALCHEMY_CONN = conf.get("database", "SQL_ALCHEMY_CONN")

[2026-01-16T07:54:36.048+0000] {task_command.py:423} INFO - Running <TaskInstance: ModelDevelop.get_data scheduled__2026-01-04T23:00:00+00:00 [running]> on host 8a4f043652f0
[2026-01-16T07:54:36.169+0000] {taskinstance.py:2513} INFO - Exporting env vars: AIRFLOW_CTX_DAG_OWNER='***' AIRFLOW_CTX_DAG_ID='ModelDevelop' AIRFLOW_CTX_TASK_ID='get_data' AIRFLOW_CTX_EXECUTION_DATE='2026-01-04T23:00:00+00:00' AIRFLOW_CTX_TRY_NUMBER='1' AIRFLOW_CTX_DAG_RUN_ID='scheduled__2026-01-04T23:00:00+00:00'
[2026-01-16T07:54:36.180+0000] {python.py:202} INFO - Done. Returned value was: ./iris.csv
[2026-01-16T07:54:36.217+0000] {taskinstance.py:1149} INFO - Marking task as SUCCESS. dag_id=ModelDevelop, task_id=get_data, execution_date=20260104T230000, start_date=20260116T075435, end_date=20260116T075436
[2026-01-16T07:54:36.346+0000] {local_task_job_runner.py:234} INFO - Task exited with return code 0
[2026-01-16T07:54:36.408+0000] {taskinstance.py:3312} INFO - 0 downstream tasks scheduled from follow-on schedule check
[2026-01-17T13:18:10.924+0000] {taskinstance.py:1979} INFO - Dependencies all met for dep_context=non-requeueable deps ti=<TaskInstance: ModelDevelop.get_data scheduled__2026-01-04T23:00:00+00:00 [queued]>
[2026-01-17T13:18:10.930+0000] {taskinstance.py:1979} INFO - Dependencies all met for dep_context=requeueable deps ti=<TaskInstance: ModelDevelop.get_data scheduled__2026-01-04T23:00:00+00:00 [queued]>
[2026-01-17T13:18:10.931+0000] {taskinstance.py:2193} INFO - Starting attempt 1 of 2
[2026-01-17T13:18:10.942+0000] {taskinstance.py:2217} INFO - Executing <Task(PythonOperator): get_data> on 2026-01-04 23:00:00+00:00
[2026-01-17T13:18:10.950+0000] {standard_task_runner.py:60} INFO - Started process 9159 to run task
[2026-01-17T13:18:10.953+0000] {standard_task_runner.py:87} INFO - Running: ['***', 'tasks', 'run', 'ModelDevelop', 'get_data', 'scheduled__2026-01-04T23:00:00+00:00', '--job-id', '137', '--raw', '--subdir', 'DAGS_FOLDER/example.py', '--cfg-path', '/tmp/tmpouiwb6l1']
[2026-01-17T13:18:10.953+0000] {standard_task_runner.py:88} INFO - Job 137: Subtask get_data
[2026-01-17T13:18:10.961+0000] {warnings.py:109} WARNING - /home/***/.local/lib/python3.9/site-packages/***/settings.py:194: DeprecationWarning: The sql_alchemy_conn option in [core] has been moved to the sql_alchemy_conn option in [database] - the old setting has been used, but please update your config.
  SQL_ALCHEMY_CONN = conf.get("database", "SQL_ALCHEMY_CONN")

[2026-01-17T13:18:10.989+0000] {task_command.py:423} INFO - Running <TaskInstance: ModelDevelop.get_data scheduled__2026-01-04T23:00:00+00:00 [running]> on host ed3184b6b543
[2026-01-17T13:18:11.116+0000] {taskinstance.py:2513} INFO - Exporting env vars: AIRFLOW_CTX_DAG_OWNER='***' AIRFLOW_CTX_DAG_ID='ModelDevelop' AIRFLOW_CTX_TASK_ID='get_data' AIRFLOW_CTX_EXECUTION_DATE='2026-01-04T23:00:00+00:00' AIRFLOW_CTX_TRY_NUMBER='1' AIRFLOW_CTX_DAG_RUN_ID='scheduled__2026-01-04T23:00:00+00:00'
[2026-01-17T13:18:11.126+0000] {python.py:202} INFO - Done. Returned value was: ./iris.csv
[2026-01-17T13:18:11.148+0000] {taskinstance.py:1149} INFO - Marking task as SUCCESS. dag_id=ModelDevelop, task_id=get_data, execution_date=20260104T230000, start_date=20260117T131810, end_date=20260117T131811
[2026-01-17T13:18:11.169+0000] {local_task_job_runner.py:234} INFO - Task exited with return code 0
[2026-01-17T13:18:11.232+0000] {taskinstance.py:3312} INFO - 0 downstream tasks scheduled from follow-on schedule check
[2026-01-17T13:39:32.727+0000] {taskinstance.py:1979} INFO - Dependencies all met for dep_context=non-requeueable deps ti=<TaskInstance: ModelDevelop.get_data scheduled__2026-01-04T23:00:00+00:00 [queued]>
[2026-01-17T13:39:32.733+0000] {taskinstance.py:1979} INFO - Dependencies all met for dep_context=requeueable deps ti=<TaskInstance: ModelDevelop.get_data scheduled__2026-01-04T23:00:00+00:00 [queued]>
[2026-01-17T13:39:32.734+0000] {taskinstance.py:2193} INFO - Starting attempt 1 of 2
[2026-01-17T13:39:32.743+0000] {taskinstance.py:2217} INFO - Executing <Task(PythonOperator): get_data> on 2026-01-04 23:00:00+00:00
[2026-01-17T13:39:32.759+0000] {standard_task_runner.py:60} INFO - Started process 9220 to run task
[2026-01-17T13:39:32.774+0000] {standard_task_runner.py:87} INFO - Running: ['***', 'tasks', 'run', 'ModelDevelop', 'get_data', 'scheduled__2026-01-04T23:00:00+00:00', '--job-id', '138', '--raw', '--subdir', 'DAGS_FOLDER/example.py', '--cfg-path', '/tmp/tmppzbhmn4k']
[2026-01-17T13:39:32.774+0000] {standard_task_runner.py:88} INFO - Job 138: Subtask get_data
[2026-01-17T13:39:32.795+0000] {warnings.py:109} WARNING - /home/***/.local/lib/python3.9/site-packages/***/settings.py:194: DeprecationWarning: The sql_alchemy_conn option in [core] has been moved to the sql_alchemy_conn option in [database] - the old setting has been used, but please update your config.
  SQL_ALCHEMY_CONN = conf.get("database", "SQL_ALCHEMY_CONN")

[2026-01-17T13:39:32.847+0000] {task_command.py:423} INFO - Running <TaskInstance: ModelDevelop.get_data scheduled__2026-01-04T23:00:00+00:00 [running]> on host 5330652dc216
[2026-01-17T13:39:32.901+0000] {taskinstance.py:2513} INFO - Exporting env vars: AIRFLOW_CTX_DAG_OWNER='***' AIRFLOW_CTX_DAG_ID='ModelDevelop' AIRFLOW_CTX_TASK_ID='get_data' AIRFLOW_CTX_EXECUTION_DATE='2026-01-04T23:00:00+00:00' AIRFLOW_CTX_TRY_NUMBER='1' AIRFLOW_CTX_DAG_RUN_ID='scheduled__2026-01-04T23:00:00+00:00'
[2026-01-17T13:39:32.911+0000] {python.py:202} INFO - Done. Returned value was: ./iris.csv
[2026-01-17T13:39:32.925+0000] {taskinstance.py:1149} INFO - Marking task as SUCCESS. dag_id=ModelDevelop, task_id=get_data, execution_date=20260104T230000, start_date=20260117T133932, end_date=20260117T133932
[2026-01-17T13:39:32.983+0000] {local_task_job_runner.py:234} INFO - Task exited with return code 0
[2026-01-17T13:39:32.997+0000] {taskinstance.py:3312} INFO - 1 downstream tasks scheduled from follow-on schedule check
