[2026-01-16T07:56:47.163+0000] {taskinstance.py:1979} INFO - Dependencies all met for dep_context=non-requeueable deps ti=<TaskInstance: ModelDevelop.get_data scheduled__2026-01-13T08:00:00+00:00 [queued]>
[2026-01-16T07:56:47.168+0000] {taskinstance.py:1979} INFO - Dependencies all met for dep_context=requeueable deps ti=<TaskInstance: ModelDevelop.get_data scheduled__2026-01-13T08:00:00+00:00 [queued]>
[2026-01-16T07:56:47.169+0000] {taskinstance.py:2193} INFO - Starting attempt 1 of 2
[2026-01-16T07:56:47.376+0000] {taskinstance.py:2217} INFO - Executing <Task(PythonOperator): get_data> on 2026-01-13 08:00:00+00:00
[2026-01-16T07:56:47.385+0000] {standard_task_runner.py:60} INFO - Started process 36889 to run task
[2026-01-16T07:56:47.390+0000] {standard_task_runner.py:87} INFO - Running: ['***', 'tasks', 'run', 'ModelDevelop', 'get_data', 'scheduled__2026-01-13T08:00:00+00:00', '--job-id', '546', '--raw', '--subdir', 'DAGS_FOLDER/example.py', '--cfg-path', '/tmp/tmpsr5_93pk']
[2026-01-16T07:56:47.391+0000] {standard_task_runner.py:88} INFO - Job 546: Subtask get_data
[2026-01-16T07:56:47.415+0000] {warnings.py:109} WARNING - /home/***/.local/lib/python3.9/site-packages/***/settings.py:194: DeprecationWarning: The sql_alchemy_conn option in [core] has been moved to the sql_alchemy_conn option in [database] - the old setting has been used, but please update your config.
  SQL_ALCHEMY_CONN = conf.get("database", "SQL_ALCHEMY_CONN")

[2026-01-16T07:56:47.445+0000] {task_command.py:423} INFO - Running <TaskInstance: ModelDevelop.get_data scheduled__2026-01-13T08:00:00+00:00 [running]> on host 8a4f043652f0
[2026-01-16T07:56:47.518+0000] {taskinstance.py:2513} INFO - Exporting env vars: AIRFLOW_CTX_DAG_OWNER='***' AIRFLOW_CTX_DAG_ID='ModelDevelop' AIRFLOW_CTX_TASK_ID='get_data' AIRFLOW_CTX_EXECUTION_DATE='2026-01-13T08:00:00+00:00' AIRFLOW_CTX_TRY_NUMBER='1' AIRFLOW_CTX_DAG_RUN_ID='scheduled__2026-01-13T08:00:00+00:00'
[2026-01-16T07:56:47.532+0000] {python.py:202} INFO - Done. Returned value was: ./iris.csv
[2026-01-16T07:56:47.565+0000] {taskinstance.py:1149} INFO - Marking task as SUCCESS. dag_id=ModelDevelop, task_id=get_data, execution_date=20260113T080000, start_date=20260116T075647, end_date=20260116T075647
[2026-01-16T07:56:47.608+0000] {local_task_job_runner.py:234} INFO - Task exited with return code 0
[2026-01-16T07:56:47.628+0000] {taskinstance.py:3312} INFO - 1 downstream tasks scheduled from follow-on schedule check
[2026-01-17T13:20:23.783+0000] {taskinstance.py:1979} INFO - Dependencies all met for dep_context=non-requeueable deps ti=<TaskInstance: ModelDevelop.get_data scheduled__2026-01-13T08:00:00+00:00 [queued]>
[2026-01-17T13:20:23.790+0000] {taskinstance.py:1979} INFO - Dependencies all met for dep_context=requeueable deps ti=<TaskInstance: ModelDevelop.get_data scheduled__2026-01-13T08:00:00+00:00 [queued]>
[2026-01-17T13:20:23.791+0000] {taskinstance.py:2193} INFO - Starting attempt 1 of 2
[2026-01-17T13:20:23.808+0000] {taskinstance.py:2217} INFO - Executing <Task(PythonOperator): get_data> on 2026-01-13 08:00:00+00:00
[2026-01-17T13:20:23.820+0000] {standard_task_runner.py:60} INFO - Started process 35391 to run task
[2026-01-17T13:20:23.823+0000] {standard_task_runner.py:87} INFO - Running: ['***', 'tasks', 'run', 'ModelDevelop', 'get_data', 'scheduled__2026-01-13T08:00:00+00:00', '--job-id', '532', '--raw', '--subdir', 'DAGS_FOLDER/example.py', '--cfg-path', '/tmp/tmpk13whfyz']
[2026-01-17T13:20:23.824+0000] {standard_task_runner.py:88} INFO - Job 532: Subtask get_data
[2026-01-17T13:20:23.835+0000] {warnings.py:109} WARNING - /home/***/.local/lib/python3.9/site-packages/***/settings.py:194: DeprecationWarning: The sql_alchemy_conn option in [core] has been moved to the sql_alchemy_conn option in [database] - the old setting has been used, but please update your config.
  SQL_ALCHEMY_CONN = conf.get("database", "SQL_ALCHEMY_CONN")

[2026-01-17T13:20:23.926+0000] {task_command.py:423} INFO - Running <TaskInstance: ModelDevelop.get_data scheduled__2026-01-13T08:00:00+00:00 [running]> on host ed3184b6b543
[2026-01-17T13:20:23.987+0000] {taskinstance.py:2513} INFO - Exporting env vars: AIRFLOW_CTX_DAG_OWNER='***' AIRFLOW_CTX_DAG_ID='ModelDevelop' AIRFLOW_CTX_TASK_ID='get_data' AIRFLOW_CTX_EXECUTION_DATE='2026-01-13T08:00:00+00:00' AIRFLOW_CTX_TRY_NUMBER='1' AIRFLOW_CTX_DAG_RUN_ID='scheduled__2026-01-13T08:00:00+00:00'
[2026-01-17T13:20:23.997+0000] {python.py:202} INFO - Done. Returned value was: ./iris.csv
[2026-01-17T13:20:24.013+0000] {taskinstance.py:1149} INFO - Marking task as SUCCESS. dag_id=ModelDevelop, task_id=get_data, execution_date=20260113T080000, start_date=20260117T132023, end_date=20260117T132024
[2026-01-17T13:20:24.076+0000] {local_task_job_runner.py:234} INFO - Task exited with return code 0
[2026-01-17T13:20:24.097+0000] {taskinstance.py:3312} INFO - 1 downstream tasks scheduled from follow-on schedule check
[2026-01-17T13:41:56.075+0000] {taskinstance.py:1979} INFO - Dependencies all met for dep_context=non-requeueable deps ti=<TaskInstance: ModelDevelop.get_data scheduled__2026-01-13T08:00:00+00:00 [queued]>
[2026-01-17T13:41:56.081+0000] {taskinstance.py:1979} INFO - Dependencies all met for dep_context=requeueable deps ti=<TaskInstance: ModelDevelop.get_data scheduled__2026-01-13T08:00:00+00:00 [queued]>
[2026-01-17T13:41:56.081+0000] {taskinstance.py:2193} INFO - Starting attempt 1 of 2
[2026-01-17T13:41:56.092+0000] {taskinstance.py:2217} INFO - Executing <Task(PythonOperator): get_data> on 2026-01-13 08:00:00+00:00
[2026-01-17T13:41:56.100+0000] {standard_task_runner.py:60} INFO - Started process 35793 to run task
[2026-01-17T13:41:56.118+0000] {standard_task_runner.py:87} INFO - Running: ['***', 'tasks', 'run', 'ModelDevelop', 'get_data', 'scheduled__2026-01-13T08:00:00+00:00', '--job-id', '536', '--raw', '--subdir', 'DAGS_FOLDER/example.py', '--cfg-path', '/tmp/tmpl42f4pru']
[2026-01-17T13:41:56.119+0000] {standard_task_runner.py:88} INFO - Job 536: Subtask get_data
[2026-01-17T13:41:56.173+0000] {warnings.py:109} WARNING - /home/***/.local/lib/python3.9/site-packages/***/settings.py:194: DeprecationWarning: The sql_alchemy_conn option in [core] has been moved to the sql_alchemy_conn option in [database] - the old setting has been used, but please update your config.
  SQL_ALCHEMY_CONN = conf.get("database", "SQL_ALCHEMY_CONN")

[2026-01-17T13:41:56.209+0000] {task_command.py:423} INFO - Running <TaskInstance: ModelDevelop.get_data scheduled__2026-01-13T08:00:00+00:00 [running]> on host 5330652dc216
[2026-01-17T13:41:56.270+0000] {taskinstance.py:2513} INFO - Exporting env vars: AIRFLOW_CTX_DAG_OWNER='***' AIRFLOW_CTX_DAG_ID='ModelDevelop' AIRFLOW_CTX_TASK_ID='get_data' AIRFLOW_CTX_EXECUTION_DATE='2026-01-13T08:00:00+00:00' AIRFLOW_CTX_TRY_NUMBER='1' AIRFLOW_CTX_DAG_RUN_ID='scheduled__2026-01-13T08:00:00+00:00'
[2026-01-17T13:41:56.278+0000] {python.py:202} INFO - Done. Returned value was: ./iris.csv
[2026-01-17T13:41:56.295+0000] {taskinstance.py:1149} INFO - Marking task as SUCCESS. dag_id=ModelDevelop, task_id=get_data, execution_date=20260113T080000, start_date=20260117T134156, end_date=20260117T134156
[2026-01-17T13:41:56.327+0000] {local_task_job_runner.py:234} INFO - Task exited with return code 0
[2026-01-17T13:41:56.345+0000] {taskinstance.py:3312} INFO - 1 downstream tasks scheduled from follow-on schedule check
