[2026-01-16T07:56:37.297+0000] {taskinstance.py:1979} INFO - Dependencies all met for dep_context=non-requeueable deps ti=<TaskInstance: ModelDevelop.get_data scheduled__2026-01-12T20:00:00+00:00 [queued]>
[2026-01-16T07:56:37.303+0000] {taskinstance.py:1979} INFO - Dependencies all met for dep_context=requeueable deps ti=<TaskInstance: ModelDevelop.get_data scheduled__2026-01-12T20:00:00+00:00 [queued]>
[2026-01-16T07:56:37.303+0000] {taskinstance.py:2193} INFO - Starting attempt 1 of 2
[2026-01-16T07:56:37.338+0000] {taskinstance.py:2217} INFO - Executing <Task(PythonOperator): get_data> on 2026-01-12 20:00:00+00:00
[2026-01-16T07:56:37.345+0000] {standard_task_runner.py:60} INFO - Started process 34817 to run task
[2026-01-16T07:56:37.347+0000] {standard_task_runner.py:87} INFO - Running: ['***', 'tasks', 'run', 'ModelDevelop', 'get_data', 'scheduled__2026-01-12T20:00:00+00:00', '--job-id', '519', '--raw', '--subdir', 'DAGS_FOLDER/example.py', '--cfg-path', '/tmp/tmpaacrxfmk']
[2026-01-16T07:56:37.348+0000] {standard_task_runner.py:88} INFO - Job 519: Subtask get_data
[2026-01-16T07:56:37.357+0000] {warnings.py:109} WARNING - /home/***/.local/lib/python3.9/site-packages/***/settings.py:194: DeprecationWarning: The sql_alchemy_conn option in [core] has been moved to the sql_alchemy_conn option in [database] - the old setting has been used, but please update your config.
  SQL_ALCHEMY_CONN = conf.get("database", "SQL_ALCHEMY_CONN")

[2026-01-16T07:56:37.389+0000] {task_command.py:423} INFO - Running <TaskInstance: ModelDevelop.get_data scheduled__2026-01-12T20:00:00+00:00 [running]> on host 8a4f043652f0
[2026-01-16T07:56:37.469+0000] {taskinstance.py:2513} INFO - Exporting env vars: AIRFLOW_CTX_DAG_OWNER='***' AIRFLOW_CTX_DAG_ID='ModelDevelop' AIRFLOW_CTX_TASK_ID='get_data' AIRFLOW_CTX_EXECUTION_DATE='2026-01-12T20:00:00+00:00' AIRFLOW_CTX_TRY_NUMBER='1' AIRFLOW_CTX_DAG_RUN_ID='scheduled__2026-01-12T20:00:00+00:00'
[2026-01-16T07:56:37.479+0000] {python.py:202} INFO - Done. Returned value was: ./iris.csv
[2026-01-16T07:56:37.536+0000] {taskinstance.py:1149} INFO - Marking task as SUCCESS. dag_id=ModelDevelop, task_id=get_data, execution_date=20260112T200000, start_date=20260116T075637, end_date=20260116T075637
[2026-01-16T07:56:37.560+0000] {local_task_job_runner.py:234} INFO - Task exited with return code 0
[2026-01-16T07:56:37.579+0000] {taskinstance.py:3312} INFO - 1 downstream tasks scheduled from follow-on schedule check
[2026-01-17T13:20:22.151+0000] {taskinstance.py:1979} INFO - Dependencies all met for dep_context=non-requeueable deps ti=<TaskInstance: ModelDevelop.get_data scheduled__2026-01-12T20:00:00+00:00 [queued]>
[2026-01-17T13:20:22.157+0000] {taskinstance.py:1979} INFO - Dependencies all met for dep_context=requeueable deps ti=<TaskInstance: ModelDevelop.get_data scheduled__2026-01-12T20:00:00+00:00 [queued]>
[2026-01-17T13:20:22.157+0000] {taskinstance.py:2193} INFO - Starting attempt 1 of 2
[2026-01-17T13:20:22.226+0000] {taskinstance.py:2217} INFO - Executing <Task(PythonOperator): get_data> on 2026-01-12 20:00:00+00:00
[2026-01-17T13:20:22.235+0000] {standard_task_runner.py:60} INFO - Started process 34914 to run task
[2026-01-17T13:20:22.237+0000] {standard_task_runner.py:87} INFO - Running: ['***', 'tasks', 'run', 'ModelDevelop', 'get_data', 'scheduled__2026-01-12T20:00:00+00:00', '--job-id', '519', '--raw', '--subdir', 'DAGS_FOLDER/example.py', '--cfg-path', '/tmp/tmpg9qmixx_']
[2026-01-17T13:20:22.238+0000] {standard_task_runner.py:88} INFO - Job 519: Subtask get_data
[2026-01-17T13:20:22.247+0000] {warnings.py:109} WARNING - /home/***/.local/lib/python3.9/site-packages/***/settings.py:194: DeprecationWarning: The sql_alchemy_conn option in [core] has been moved to the sql_alchemy_conn option in [database] - the old setting has been used, but please update your config.
  SQL_ALCHEMY_CONN = conf.get("database", "SQL_ALCHEMY_CONN")

[2026-01-17T13:20:22.276+0000] {task_command.py:423} INFO - Running <TaskInstance: ModelDevelop.get_data scheduled__2026-01-12T20:00:00+00:00 [running]> on host ed3184b6b543
[2026-01-17T13:20:22.331+0000] {taskinstance.py:2513} INFO - Exporting env vars: AIRFLOW_CTX_DAG_OWNER='***' AIRFLOW_CTX_DAG_ID='ModelDevelop' AIRFLOW_CTX_TASK_ID='get_data' AIRFLOW_CTX_EXECUTION_DATE='2026-01-12T20:00:00+00:00' AIRFLOW_CTX_TRY_NUMBER='1' AIRFLOW_CTX_DAG_RUN_ID='scheduled__2026-01-12T20:00:00+00:00'
[2026-01-17T13:20:22.340+0000] {python.py:202} INFO - Done. Returned value was: ./iris.csv
[2026-01-17T13:20:22.355+0000] {taskinstance.py:1149} INFO - Marking task as SUCCESS. dag_id=ModelDevelop, task_id=get_data, execution_date=20260112T200000, start_date=20260117T132022, end_date=20260117T132022
[2026-01-17T13:20:22.409+0000] {local_task_job_runner.py:234} INFO - Task exited with return code 0
[2026-01-17T13:20:22.441+0000] {taskinstance.py:3312} INFO - 1 downstream tasks scheduled from follow-on schedule check
[2026-01-17T13:41:46.937+0000] {taskinstance.py:1979} INFO - Dependencies all met for dep_context=non-requeueable deps ti=<TaskInstance: ModelDevelop.get_data scheduled__2026-01-12T20:00:00+00:00 [queued]>
[2026-01-17T13:41:46.957+0000] {taskinstance.py:1979} INFO - Dependencies all met for dep_context=requeueable deps ti=<TaskInstance: ModelDevelop.get_data scheduled__2026-01-12T20:00:00+00:00 [queued]>
[2026-01-17T13:41:46.957+0000] {taskinstance.py:2193} INFO - Starting attempt 1 of 2
[2026-01-17T13:41:46.966+0000] {taskinstance.py:2217} INFO - Executing <Task(PythonOperator): get_data> on 2026-01-12 20:00:00+00:00
[2026-01-17T13:41:46.971+0000] {standard_task_runner.py:60} INFO - Started process 33848 to run task
[2026-01-17T13:41:46.974+0000] {standard_task_runner.py:87} INFO - Running: ['***', 'tasks', 'run', 'ModelDevelop', 'get_data', 'scheduled__2026-01-12T20:00:00+00:00', '--job-id', '508', '--raw', '--subdir', 'DAGS_FOLDER/example.py', '--cfg-path', '/tmp/tmpf4j3226j']
[2026-01-17T13:41:46.974+0000] {standard_task_runner.py:88} INFO - Job 508: Subtask get_data
[2026-01-17T13:41:46.982+0000] {warnings.py:109} WARNING - /home/***/.local/lib/python3.9/site-packages/***/settings.py:194: DeprecationWarning: The sql_alchemy_conn option in [core] has been moved to the sql_alchemy_conn option in [database] - the old setting has been used, but please update your config.
  SQL_ALCHEMY_CONN = conf.get("database", "SQL_ALCHEMY_CONN")

[2026-01-17T13:41:47.009+0000] {task_command.py:423} INFO - Running <TaskInstance: ModelDevelop.get_data scheduled__2026-01-12T20:00:00+00:00 [running]> on host 5330652dc216
[2026-01-17T13:41:47.068+0000] {taskinstance.py:2513} INFO - Exporting env vars: AIRFLOW_CTX_DAG_OWNER='***' AIRFLOW_CTX_DAG_ID='ModelDevelop' AIRFLOW_CTX_TASK_ID='get_data' AIRFLOW_CTX_EXECUTION_DATE='2026-01-12T20:00:00+00:00' AIRFLOW_CTX_TRY_NUMBER='1' AIRFLOW_CTX_DAG_RUN_ID='scheduled__2026-01-12T20:00:00+00:00'
[2026-01-17T13:41:47.080+0000] {python.py:202} INFO - Done. Returned value was: ./iris.csv
[2026-01-17T13:41:47.102+0000] {taskinstance.py:1149} INFO - Marking task as SUCCESS. dag_id=ModelDevelop, task_id=get_data, execution_date=20260112T200000, start_date=20260117T134146, end_date=20260117T134147
[2026-01-17T13:41:47.145+0000] {local_task_job_runner.py:234} INFO - Task exited with return code 0
[2026-01-17T13:41:47.161+0000] {taskinstance.py:3312} INFO - 1 downstream tasks scheduled from follow-on schedule check
