[2026-01-16T07:56:47.243+0000] {taskinstance.py:1979} INFO - Dependencies all met for dep_context=non-requeueable deps ti=<TaskInstance: ModelDevelop.get_data scheduled__2026-01-13T09:00:00+00:00 [queued]>
[2026-01-16T07:56:47.249+0000] {taskinstance.py:1979} INFO - Dependencies all met for dep_context=requeueable deps ti=<TaskInstance: ModelDevelop.get_data scheduled__2026-01-13T09:00:00+00:00 [queued]>
[2026-01-16T07:56:47.249+0000] {taskinstance.py:2193} INFO - Starting attempt 1 of 2
[2026-01-16T07:56:47.258+0000] {taskinstance.py:2217} INFO - Executing <Task(PythonOperator): get_data> on 2026-01-13 09:00:00+00:00
[2026-01-16T07:56:47.268+0000] {standard_task_runner.py:60} INFO - Started process 36856 to run task
[2026-01-16T07:56:47.274+0000] {standard_task_runner.py:87} INFO - Running: ['***', 'tasks', 'run', 'ModelDevelop', 'get_data', 'scheduled__2026-01-13T09:00:00+00:00', '--job-id', '547', '--raw', '--subdir', 'DAGS_FOLDER/example.py', '--cfg-path', '/tmp/tmp68m_hpyp']
[2026-01-16T07:56:47.275+0000] {standard_task_runner.py:88} INFO - Job 547: Subtask get_data
[2026-01-16T07:56:47.289+0000] {warnings.py:109} WARNING - /home/***/.local/lib/python3.9/site-packages/***/settings.py:194: DeprecationWarning: The sql_alchemy_conn option in [core] has been moved to the sql_alchemy_conn option in [database] - the old setting has been used, but please update your config.
  SQL_ALCHEMY_CONN = conf.get("database", "SQL_ALCHEMY_CONN")

[2026-01-16T07:56:47.319+0000] {task_command.py:423} INFO - Running <TaskInstance: ModelDevelop.get_data scheduled__2026-01-13T09:00:00+00:00 [running]> on host 8a4f043652f0
[2026-01-16T07:56:47.411+0000] {taskinstance.py:2513} INFO - Exporting env vars: AIRFLOW_CTX_DAG_OWNER='***' AIRFLOW_CTX_DAG_ID='ModelDevelop' AIRFLOW_CTX_TASK_ID='get_data' AIRFLOW_CTX_EXECUTION_DATE='2026-01-13T09:00:00+00:00' AIRFLOW_CTX_TRY_NUMBER='1' AIRFLOW_CTX_DAG_RUN_ID='scheduled__2026-01-13T09:00:00+00:00'
[2026-01-16T07:56:47.421+0000] {python.py:202} INFO - Done. Returned value was: ./iris.csv
[2026-01-16T07:56:47.437+0000] {taskinstance.py:1149} INFO - Marking task as SUCCESS. dag_id=ModelDevelop, task_id=get_data, execution_date=20260113T090000, start_date=20260116T075647, end_date=20260116T075647
[2026-01-16T07:56:47.483+0000] {local_task_job_runner.py:234} INFO - Task exited with return code 0
[2026-01-16T07:56:47.537+0000] {taskinstance.py:3312} INFO - 0 downstream tasks scheduled from follow-on schedule check
[2026-01-17T13:20:30.890+0000] {taskinstance.py:1979} INFO - Dependencies all met for dep_context=non-requeueable deps ti=<TaskInstance: ModelDevelop.get_data scheduled__2026-01-13T09:00:00+00:00 [queued]>
[2026-01-17T13:20:30.895+0000] {taskinstance.py:1979} INFO - Dependencies all met for dep_context=requeueable deps ti=<TaskInstance: ModelDevelop.get_data scheduled__2026-01-13T09:00:00+00:00 [queued]>
[2026-01-17T13:20:30.895+0000] {taskinstance.py:2193} INFO - Starting attempt 1 of 2
[2026-01-17T13:20:30.984+0000] {taskinstance.py:2217} INFO - Executing <Task(PythonOperator): get_data> on 2026-01-13 09:00:00+00:00
[2026-01-17T13:20:30.991+0000] {standard_task_runner.py:60} INFO - Started process 36991 to run task
[2026-01-17T13:20:30.993+0000] {standard_task_runner.py:87} INFO - Running: ['***', 'tasks', 'run', 'ModelDevelop', 'get_data', 'scheduled__2026-01-13T09:00:00+00:00', '--job-id', '548', '--raw', '--subdir', 'DAGS_FOLDER/example.py', '--cfg-path', '/tmp/tmpoo_cwjak']
[2026-01-17T13:20:30.994+0000] {standard_task_runner.py:88} INFO - Job 548: Subtask get_data
[2026-01-17T13:20:31.005+0000] {warnings.py:109} WARNING - /home/***/.local/lib/python3.9/site-packages/***/settings.py:194: DeprecationWarning: The sql_alchemy_conn option in [core] has been moved to the sql_alchemy_conn option in [database] - the old setting has been used, but please update your config.
  SQL_ALCHEMY_CONN = conf.get("database", "SQL_ALCHEMY_CONN")

[2026-01-17T13:20:31.027+0000] {task_command.py:423} INFO - Running <TaskInstance: ModelDevelop.get_data scheduled__2026-01-13T09:00:00+00:00 [running]> on host ed3184b6b543
[2026-01-17T13:20:31.128+0000] {taskinstance.py:2513} INFO - Exporting env vars: AIRFLOW_CTX_DAG_OWNER='***' AIRFLOW_CTX_DAG_ID='ModelDevelop' AIRFLOW_CTX_TASK_ID='get_data' AIRFLOW_CTX_EXECUTION_DATE='2026-01-13T09:00:00+00:00' AIRFLOW_CTX_TRY_NUMBER='1' AIRFLOW_CTX_DAG_RUN_ID='scheduled__2026-01-13T09:00:00+00:00'
[2026-01-17T13:20:31.137+0000] {python.py:202} INFO - Done. Returned value was: ./iris.csv
[2026-01-17T13:20:31.177+0000] {taskinstance.py:1149} INFO - Marking task as SUCCESS. dag_id=ModelDevelop, task_id=get_data, execution_date=20260113T090000, start_date=20260117T132030, end_date=20260117T132031
[2026-01-17T13:20:31.287+0000] {local_task_job_runner.py:234} INFO - Task exited with return code 0
[2026-01-17T13:20:31.309+0000] {taskinstance.py:3312} INFO - 1 downstream tasks scheduled from follow-on schedule check
[2026-01-17T13:41:56.215+0000] {taskinstance.py:1979} INFO - Dependencies all met for dep_context=non-requeueable deps ti=<TaskInstance: ModelDevelop.get_data scheduled__2026-01-13T09:00:00+00:00 [queued]>
[2026-01-17T13:41:56.224+0000] {taskinstance.py:1979} INFO - Dependencies all met for dep_context=requeueable deps ti=<TaskInstance: ModelDevelop.get_data scheduled__2026-01-13T09:00:00+00:00 [queued]>
[2026-01-17T13:41:56.224+0000] {taskinstance.py:2193} INFO - Starting attempt 1 of 2
[2026-01-17T13:41:56.234+0000] {taskinstance.py:2217} INFO - Executing <Task(PythonOperator): get_data> on 2026-01-13 09:00:00+00:00
[2026-01-17T13:41:56.242+0000] {standard_task_runner.py:60} INFO - Started process 35828 to run task
[2026-01-17T13:41:56.244+0000] {standard_task_runner.py:87} INFO - Running: ['***', 'tasks', 'run', 'ModelDevelop', 'get_data', 'scheduled__2026-01-13T09:00:00+00:00', '--job-id', '537', '--raw', '--subdir', 'DAGS_FOLDER/example.py', '--cfg-path', '/tmp/tmpl_8cl64u']
[2026-01-17T13:41:56.245+0000] {standard_task_runner.py:88} INFO - Job 537: Subtask get_data
[2026-01-17T13:41:56.254+0000] {warnings.py:109} WARNING - /home/***/.local/lib/python3.9/site-packages/***/settings.py:194: DeprecationWarning: The sql_alchemy_conn option in [core] has been moved to the sql_alchemy_conn option in [database] - the old setting has been used, but please update your config.
  SQL_ALCHEMY_CONN = conf.get("database", "SQL_ALCHEMY_CONN")

[2026-01-17T13:41:56.281+0000] {task_command.py:423} INFO - Running <TaskInstance: ModelDevelop.get_data scheduled__2026-01-13T09:00:00+00:00 [running]> on host 5330652dc216
[2026-01-17T13:41:56.336+0000] {taskinstance.py:2513} INFO - Exporting env vars: AIRFLOW_CTX_DAG_OWNER='***' AIRFLOW_CTX_DAG_ID='ModelDevelop' AIRFLOW_CTX_TASK_ID='get_data' AIRFLOW_CTX_EXECUTION_DATE='2026-01-13T09:00:00+00:00' AIRFLOW_CTX_TRY_NUMBER='1' AIRFLOW_CTX_DAG_RUN_ID='scheduled__2026-01-13T09:00:00+00:00'
[2026-01-17T13:41:56.345+0000] {python.py:202} INFO - Done. Returned value was: ./iris.csv
[2026-01-17T13:41:56.370+0000] {taskinstance.py:1149} INFO - Marking task as SUCCESS. dag_id=ModelDevelop, task_id=get_data, execution_date=20260113T090000, start_date=20260117T134156, end_date=20260117T134156
[2026-01-17T13:41:56.418+0000] {local_task_job_runner.py:234} INFO - Task exited with return code 0
[2026-01-17T13:41:56.443+0000] {taskinstance.py:3312} INFO - 1 downstream tasks scheduled from follow-on schedule check
