[2026-03-06T06:49:05.549+0000] {taskinstance.py:1979} INFO - Dependencies all met for dep_context=non-requeueable deps ti=<TaskInstance: DataDriftRetrainDAG_student_2_2.detect_drift scheduled__2026-03-06T06:44:00+00:00 [queued]>
[2026-03-06T06:49:05.553+0000] {taskinstance.py:1979} INFO - Dependencies all met for dep_context=requeueable deps ti=<TaskInstance: DataDriftRetrainDAG_student_2_2.detect_drift scheduled__2026-03-06T06:44:00+00:00 [queued]>
[2026-03-06T06:49:05.553+0000] {taskinstance.py:2193} INFO - Starting attempt 2 of 2
[2026-03-06T06:49:05.560+0000] {taskinstance.py:2217} INFO - Executing <Task(BranchPythonOperator): detect_drift> on 2026-03-06 06:44:00+00:00
[2026-03-06T06:49:05.565+0000] {standard_task_runner.py:60} INFO - Started process 4002 to run task
[2026-03-06T06:49:05.568+0000] {standard_task_runner.py:87} INFO - Running: ['***', 'tasks', 'run', 'DataDriftRetrainDAG_student_2_2', 'detect_drift', 'scheduled__2026-03-06T06:44:00+00:00', '--job-id', '108', '--raw', '--subdir', 'DAGS_FOLDER/exercise_drift_student_2_2.py', '--cfg-path', '/tmp/tmpczbe34jn']
[2026-03-06T06:49:05.568+0000] {standard_task_runner.py:88} INFO - Job 108: Subtask detect_drift
[2026-03-06T06:49:05.579+0000] {warnings.py:109} WARNING - /home/***/.local/lib/python3.9/site-packages/***/settings.py:194: DeprecationWarning: The sql_alchemy_conn option in [core] has been moved to the sql_alchemy_conn option in [database] - the old setting has been used, but please update your config.
  SQL_ALCHEMY_CONN = conf.get("database", "SQL_ALCHEMY_CONN")

[2026-03-06T06:49:05.601+0000] {task_command.py:423} INFO - Running <TaskInstance: DataDriftRetrainDAG_student_2_2.detect_drift scheduled__2026-03-06T06:44:00+00:00 [running]> on host 7d97343e2d4a
[2026-03-06T06:49:05.645+0000] {taskinstance.py:2513} INFO - Exporting env vars: AIRFLOW_CTX_DAG_OWNER='***' AIRFLOW_CTX_DAG_ID='DataDriftRetrainDAG_student_2_2' AIRFLOW_CTX_TASK_ID='detect_drift' AIRFLOW_CTX_EXECUTION_DATE='2026-03-06T06:44:00+00:00' AIRFLOW_CTX_TRY_NUMBER='2' AIRFLOW_CTX_DAG_RUN_ID='scheduled__2026-03-06T06:44:00+00:00'
[2026-03-06T06:49:05.658+0000] {logging_mixin.py:188} INFO - PSI scores: {'sepal length (cm)': 0.0, 'sepal width (cm)': 0.0, 'petal length (cm)': 0.0, 'petal width (cm)': 0.0}
[2026-03-06T06:49:05.659+0000] {logging_mixin.py:188} INFO - AVG PSI: 0.0
[2026-03-06T06:49:05.659+0000] {python.py:202} INFO - Done. Returned value was: no_drift
[2026-03-06T06:49:05.659+0000] {branch.py:35} INFO - Branch into no_drift
[2026-03-06T06:49:05.659+0000] {skipmixin.py:178} INFO - Following branch no_drift
[2026-03-06T06:49:05.671+0000] {skipmixin.py:244} INFO - Skipping tasks [('train_fit', -1)]
[2026-03-06T06:49:05.701+0000] {taskinstance.py:1149} INFO - Marking task as SUCCESS. dag_id=DataDriftRetrainDAG_student_2_2, task_id=detect_drift, execution_date=20260306T064400, start_date=20260306T064905, end_date=20260306T064905
[2026-03-06T06:49:05.739+0000] {local_task_job_runner.py:234} INFO - Task exited with return code 0
[2026-03-06T06:49:05.756+0000] {taskinstance.py:3312} INFO - 0 downstream tasks scheduled from follow-on schedule check
