[2026-01-16T07:54:56.051+0000] {taskinstance.py:1979} INFO - Dependencies all met for dep_context=non-requeueable deps ti=<TaskInstance: ModelDevelop.get_data scheduled__2026-01-06T05:00:00+00:00 [queued]>
[2026-01-16T07:54:56.058+0000] {taskinstance.py:1979} INFO - Dependencies all met for dep_context=requeueable deps ti=<TaskInstance: ModelDevelop.get_data scheduled__2026-01-06T05:00:00+00:00 [queued]>
[2026-01-16T07:54:56.059+0000] {taskinstance.py:2193} INFO - Starting attempt 1 of 2
[2026-01-16T07:54:56.071+0000] {taskinstance.py:2217} INFO - Executing <Task(PythonOperator): get_data> on 2026-01-06 05:00:00+00:00
[2026-01-16T07:54:56.082+0000] {standard_task_runner.py:60} INFO - Started process 13343 to run task
[2026-01-16T07:54:56.084+0000] {standard_task_runner.py:87} INFO - Running: ['***', 'tasks', 'run', 'ModelDevelop', 'get_data', 'scheduled__2026-01-06T05:00:00+00:00', '--job-id', '198', '--raw', '--subdir', 'DAGS_FOLDER/example.py', '--cfg-path', '/tmp/tmpnmlc1qys']
[2026-01-16T07:54:56.085+0000] {standard_task_runner.py:88} INFO - Job 198: Subtask get_data
[2026-01-16T07:54:56.102+0000] {warnings.py:109} WARNING - /home/***/.local/lib/python3.9/site-packages/***/settings.py:194: DeprecationWarning: The sql_alchemy_conn option in [core] has been moved to the sql_alchemy_conn option in [database] - the old setting has been used, but please update your config.
  SQL_ALCHEMY_CONN = conf.get("database", "SQL_ALCHEMY_CONN")

[2026-01-16T07:54:56.147+0000] {task_command.py:423} INFO - Running <TaskInstance: ModelDevelop.get_data scheduled__2026-01-06T05:00:00+00:00 [running]> on host 8a4f043652f0
[2026-01-16T07:54:56.281+0000] {taskinstance.py:2513} INFO - Exporting env vars: AIRFLOW_CTX_DAG_OWNER='***' AIRFLOW_CTX_DAG_ID='ModelDevelop' AIRFLOW_CTX_TASK_ID='get_data' AIRFLOW_CTX_EXECUTION_DATE='2026-01-06T05:00:00+00:00' AIRFLOW_CTX_TRY_NUMBER='1' AIRFLOW_CTX_DAG_RUN_ID='scheduled__2026-01-06T05:00:00+00:00'
[2026-01-16T07:54:56.292+0000] {python.py:202} INFO - Done. Returned value was: ./iris.csv
[2026-01-16T07:54:56.316+0000] {taskinstance.py:1149} INFO - Marking task as SUCCESS. dag_id=ModelDevelop, task_id=get_data, execution_date=20260106T050000, start_date=20260116T075456, end_date=20260116T075456
[2026-01-16T07:54:56.378+0000] {local_task_job_runner.py:234} INFO - Task exited with return code 0
[2026-01-16T07:54:56.395+0000] {taskinstance.py:3312} INFO - 1 downstream tasks scheduled from follow-on schedule check
[2026-01-17T13:18:30.290+0000] {taskinstance.py:1979} INFO - Dependencies all met for dep_context=non-requeueable deps ti=<TaskInstance: ModelDevelop.get_data scheduled__2026-01-06T05:00:00+00:00 [queued]>
[2026-01-17T13:18:30.308+0000] {taskinstance.py:1979} INFO - Dependencies all met for dep_context=requeueable deps ti=<TaskInstance: ModelDevelop.get_data scheduled__2026-01-06T05:00:00+00:00 [queued]>
[2026-01-17T13:18:30.308+0000] {taskinstance.py:2193} INFO - Starting attempt 1 of 2
[2026-01-17T13:18:30.328+0000] {taskinstance.py:2217} INFO - Executing <Task(PythonOperator): get_data> on 2026-01-06 05:00:00+00:00
[2026-01-17T13:18:30.338+0000] {standard_task_runner.py:60} INFO - Started process 13377 to run task
[2026-01-17T13:18:30.341+0000] {standard_task_runner.py:87} INFO - Running: ['***', 'tasks', 'run', 'ModelDevelop', 'get_data', 'scheduled__2026-01-06T05:00:00+00:00', '--job-id', '200', '--raw', '--subdir', 'DAGS_FOLDER/example.py', '--cfg-path', '/tmp/tmp31zwgdlr']
[2026-01-17T13:18:30.341+0000] {standard_task_runner.py:88} INFO - Job 200: Subtask get_data
[2026-01-17T13:18:30.352+0000] {warnings.py:109} WARNING - /home/***/.local/lib/python3.9/site-packages/***/settings.py:194: DeprecationWarning: The sql_alchemy_conn option in [core] has been moved to the sql_alchemy_conn option in [database] - the old setting has been used, but please update your config.
  SQL_ALCHEMY_CONN = conf.get("database", "SQL_ALCHEMY_CONN")

[2026-01-17T13:18:30.379+0000] {task_command.py:423} INFO - Running <TaskInstance: ModelDevelop.get_data scheduled__2026-01-06T05:00:00+00:00 [running]> on host ed3184b6b543
[2026-01-17T13:18:30.450+0000] {taskinstance.py:2513} INFO - Exporting env vars: AIRFLOW_CTX_DAG_OWNER='***' AIRFLOW_CTX_DAG_ID='ModelDevelop' AIRFLOW_CTX_TASK_ID='get_data' AIRFLOW_CTX_EXECUTION_DATE='2026-01-06T05:00:00+00:00' AIRFLOW_CTX_TRY_NUMBER='1' AIRFLOW_CTX_DAG_RUN_ID='scheduled__2026-01-06T05:00:00+00:00'
[2026-01-17T13:18:30.461+0000] {python.py:202} INFO - Done. Returned value was: ./iris.csv
[2026-01-17T13:18:30.477+0000] {taskinstance.py:1149} INFO - Marking task as SUCCESS. dag_id=ModelDevelop, task_id=get_data, execution_date=20260106T050000, start_date=20260117T131830, end_date=20260117T131830
[2026-01-17T13:18:30.514+0000] {local_task_job_runner.py:234} INFO - Task exited with return code 0
[2026-01-17T13:18:30.532+0000] {taskinstance.py:3312} INFO - 1 downstream tasks scheduled from follow-on schedule check
[2026-01-17T13:39:52.692+0000] {taskinstance.py:1979} INFO - Dependencies all met for dep_context=non-requeueable deps ti=<TaskInstance: ModelDevelop.get_data scheduled__2026-01-06T05:00:00+00:00 [queued]>
[2026-01-17T13:39:52.697+0000] {taskinstance.py:1979} INFO - Dependencies all met for dep_context=requeueable deps ti=<TaskInstance: ModelDevelop.get_data scheduled__2026-01-06T05:00:00+00:00 [queued]>
[2026-01-17T13:39:52.697+0000] {taskinstance.py:2193} INFO - Starting attempt 1 of 2
[2026-01-17T13:39:52.704+0000] {taskinstance.py:2217} INFO - Executing <Task(PythonOperator): get_data> on 2026-01-06 05:00:00+00:00
[2026-01-17T13:39:52.710+0000] {standard_task_runner.py:60} INFO - Started process 13379 to run task
[2026-01-17T13:39:52.713+0000] {standard_task_runner.py:87} INFO - Running: ['***', 'tasks', 'run', 'ModelDevelop', 'get_data', 'scheduled__2026-01-06T05:00:00+00:00', '--job-id', '199', '--raw', '--subdir', 'DAGS_FOLDER/example.py', '--cfg-path', '/tmp/tmpi101cqhy']
[2026-01-17T13:39:52.713+0000] {standard_task_runner.py:88} INFO - Job 199: Subtask get_data
[2026-01-17T13:39:52.723+0000] {warnings.py:109} WARNING - /home/***/.local/lib/python3.9/site-packages/***/settings.py:194: DeprecationWarning: The sql_alchemy_conn option in [core] has been moved to the sql_alchemy_conn option in [database] - the old setting has been used, but please update your config.
  SQL_ALCHEMY_CONN = conf.get("database", "SQL_ALCHEMY_CONN")

[2026-01-17T13:39:52.754+0000] {task_command.py:423} INFO - Running <TaskInstance: ModelDevelop.get_data scheduled__2026-01-06T05:00:00+00:00 [running]> on host 5330652dc216
[2026-01-17T13:39:52.844+0000] {taskinstance.py:2513} INFO - Exporting env vars: AIRFLOW_CTX_DAG_OWNER='***' AIRFLOW_CTX_DAG_ID='ModelDevelop' AIRFLOW_CTX_TASK_ID='get_data' AIRFLOW_CTX_EXECUTION_DATE='2026-01-06T05:00:00+00:00' AIRFLOW_CTX_TRY_NUMBER='1' AIRFLOW_CTX_DAG_RUN_ID='scheduled__2026-01-06T05:00:00+00:00'
[2026-01-17T13:39:52.856+0000] {python.py:202} INFO - Done. Returned value was: ./iris.csv
[2026-01-17T13:39:52.908+0000] {taskinstance.py:1149} INFO - Marking task as SUCCESS. dag_id=ModelDevelop, task_id=get_data, execution_date=20260106T050000, start_date=20260117T133952, end_date=20260117T133952
[2026-01-17T13:39:52.965+0000] {local_task_job_runner.py:234} INFO - Task exited with return code 0
[2026-01-17T13:39:52.981+0000] {taskinstance.py:3312} INFO - 1 downstream tasks scheduled from follow-on schedule check
