[2026-01-16T07:56:59.201+0000] {taskinstance.py:1979} INFO - Dependencies all met for dep_context=non-requeueable deps ti=<TaskInstance: ModelDevelop.get_data scheduled__2026-01-14T03:00:00+00:00 [queued]>
[2026-01-16T07:56:59.207+0000] {taskinstance.py:1979} INFO - Dependencies all met for dep_context=requeueable deps ti=<TaskInstance: ModelDevelop.get_data scheduled__2026-01-14T03:00:00+00:00 [queued]>
[2026-01-16T07:56:59.207+0000] {taskinstance.py:2193} INFO - Starting attempt 1 of 2
[2026-01-16T07:56:59.306+0000] {taskinstance.py:2217} INFO - Executing <Task(PythonOperator): get_data> on 2026-01-14 03:00:00+00:00
[2026-01-16T07:56:59.315+0000] {standard_task_runner.py:60} INFO - Started process 39101 to run task
[2026-01-16T07:56:59.320+0000] {standard_task_runner.py:87} INFO - Running: ['***', 'tasks', 'run', 'ModelDevelop', 'get_data', 'scheduled__2026-01-14T03:00:00+00:00', '--job-id', '581', '--raw', '--subdir', 'DAGS_FOLDER/example.py', '--cfg-path', '/tmp/tmpnud761wa']
[2026-01-16T07:56:59.321+0000] {standard_task_runner.py:88} INFO - Job 581: Subtask get_data
[2026-01-16T07:56:59.338+0000] {warnings.py:109} WARNING - /home/***/.local/lib/python3.9/site-packages/***/settings.py:194: DeprecationWarning: The sql_alchemy_conn option in [core] has been moved to the sql_alchemy_conn option in [database] - the old setting has been used, but please update your config.
  SQL_ALCHEMY_CONN = conf.get("database", "SQL_ALCHEMY_CONN")

[2026-01-16T07:56:59.393+0000] {task_command.py:423} INFO - Running <TaskInstance: ModelDevelop.get_data scheduled__2026-01-14T03:00:00+00:00 [running]> on host 8a4f043652f0
[2026-01-16T07:56:59.455+0000] {taskinstance.py:2513} INFO - Exporting env vars: AIRFLOW_CTX_DAG_OWNER='***' AIRFLOW_CTX_DAG_ID='ModelDevelop' AIRFLOW_CTX_TASK_ID='get_data' AIRFLOW_CTX_EXECUTION_DATE='2026-01-14T03:00:00+00:00' AIRFLOW_CTX_TRY_NUMBER='1' AIRFLOW_CTX_DAG_RUN_ID='scheduled__2026-01-14T03:00:00+00:00'
[2026-01-16T07:56:59.466+0000] {python.py:202} INFO - Done. Returned value was: ./iris.csv
[2026-01-16T07:56:59.482+0000] {taskinstance.py:1149} INFO - Marking task as SUCCESS. dag_id=ModelDevelop, task_id=get_data, execution_date=20260114T030000, start_date=20260116T075659, end_date=20260116T075659
[2026-01-16T07:56:59.530+0000] {local_task_job_runner.py:234} INFO - Task exited with return code 0
[2026-01-16T07:56:59.568+0000] {taskinstance.py:3312} INFO - 1 downstream tasks scheduled from follow-on schedule check
[2026-01-17T13:20:40.286+0000] {taskinstance.py:1979} INFO - Dependencies all met for dep_context=non-requeueable deps ti=<TaskInstance: ModelDevelop.get_data scheduled__2026-01-14T03:00:00+00:00 [queued]>
[2026-01-17T13:20:40.293+0000] {taskinstance.py:1979} INFO - Dependencies all met for dep_context=requeueable deps ti=<TaskInstance: ModelDevelop.get_data scheduled__2026-01-14T03:00:00+00:00 [queued]>
[2026-01-17T13:20:40.293+0000] {taskinstance.py:2193} INFO - Starting attempt 1 of 2
[2026-01-17T13:20:40.304+0000] {taskinstance.py:2217} INFO - Executing <Task(PythonOperator): get_data> on 2026-01-14 03:00:00+00:00
[2026-01-17T13:20:40.314+0000] {standard_task_runner.py:60} INFO - Started process 39169 to run task
[2026-01-17T13:20:40.319+0000] {standard_task_runner.py:87} INFO - Running: ['***', 'tasks', 'run', 'ModelDevelop', 'get_data', 'scheduled__2026-01-14T03:00:00+00:00', '--job-id', '582', '--raw', '--subdir', 'DAGS_FOLDER/example.py', '--cfg-path', '/tmp/tmporjrleee']
[2026-01-17T13:20:40.320+0000] {standard_task_runner.py:88} INFO - Job 582: Subtask get_data
[2026-01-17T13:20:40.338+0000] {warnings.py:109} WARNING - /home/***/.local/lib/python3.9/site-packages/***/settings.py:194: DeprecationWarning: The sql_alchemy_conn option in [core] has been moved to the sql_alchemy_conn option in [database] - the old setting has been used, but please update your config.
  SQL_ALCHEMY_CONN = conf.get("database", "SQL_ALCHEMY_CONN")

[2026-01-17T13:20:40.366+0000] {task_command.py:423} INFO - Running <TaskInstance: ModelDevelop.get_data scheduled__2026-01-14T03:00:00+00:00 [running]> on host ed3184b6b543
[2026-01-17T13:20:40.430+0000] {taskinstance.py:2513} INFO - Exporting env vars: AIRFLOW_CTX_DAG_OWNER='***' AIRFLOW_CTX_DAG_ID='ModelDevelop' AIRFLOW_CTX_TASK_ID='get_data' AIRFLOW_CTX_EXECUTION_DATE='2026-01-14T03:00:00+00:00' AIRFLOW_CTX_TRY_NUMBER='1' AIRFLOW_CTX_DAG_RUN_ID='scheduled__2026-01-14T03:00:00+00:00'
[2026-01-17T13:20:40.439+0000] {python.py:202} INFO - Done. Returned value was: ./iris.csv
[2026-01-17T13:20:40.469+0000] {taskinstance.py:1149} INFO - Marking task as SUCCESS. dag_id=ModelDevelop, task_id=get_data, execution_date=20260114T030000, start_date=20260117T132040, end_date=20260117T132040
[2026-01-17T13:20:40.536+0000] {local_task_job_runner.py:234} INFO - Task exited with return code 0
[2026-01-17T13:20:40.556+0000] {taskinstance.py:3312} INFO - 1 downstream tasks scheduled from follow-on schedule check
[2026-01-17T13:42:08.063+0000] {taskinstance.py:1979} INFO - Dependencies all met for dep_context=non-requeueable deps ti=<TaskInstance: ModelDevelop.get_data scheduled__2026-01-14T03:00:00+00:00 [queued]>
[2026-01-17T13:42:08.068+0000] {taskinstance.py:1979} INFO - Dependencies all met for dep_context=requeueable deps ti=<TaskInstance: ModelDevelop.get_data scheduled__2026-01-14T03:00:00+00:00 [queued]>
[2026-01-17T13:42:08.068+0000] {taskinstance.py:2193} INFO - Starting attempt 1 of 2
[2026-01-17T13:42:08.084+0000] {taskinstance.py:2217} INFO - Executing <Task(PythonOperator): get_data> on 2026-01-14 03:00:00+00:00
[2026-01-17T13:42:08.094+0000] {standard_task_runner.py:60} INFO - Started process 38201 to run task
[2026-01-17T13:42:08.097+0000] {standard_task_runner.py:87} INFO - Running: ['***', 'tasks', 'run', 'ModelDevelop', 'get_data', 'scheduled__2026-01-14T03:00:00+00:00', '--job-id', '572', '--raw', '--subdir', 'DAGS_FOLDER/example.py', '--cfg-path', '/tmp/tmpwtojcr05']
[2026-01-17T13:42:08.097+0000] {standard_task_runner.py:88} INFO - Job 572: Subtask get_data
[2026-01-17T13:42:08.106+0000] {warnings.py:109} WARNING - /home/***/.local/lib/python3.9/site-packages/***/settings.py:194: DeprecationWarning: The sql_alchemy_conn option in [core] has been moved to the sql_alchemy_conn option in [database] - the old setting has been used, but please update your config.
  SQL_ALCHEMY_CONN = conf.get("database", "SQL_ALCHEMY_CONN")

[2026-01-17T13:42:08.129+0000] {task_command.py:423} INFO - Running <TaskInstance: ModelDevelop.get_data scheduled__2026-01-14T03:00:00+00:00 [running]> on host 5330652dc216
[2026-01-17T13:42:08.224+0000] {taskinstance.py:2513} INFO - Exporting env vars: AIRFLOW_CTX_DAG_OWNER='***' AIRFLOW_CTX_DAG_ID='ModelDevelop' AIRFLOW_CTX_TASK_ID='get_data' AIRFLOW_CTX_EXECUTION_DATE='2026-01-14T03:00:00+00:00' AIRFLOW_CTX_TRY_NUMBER='1' AIRFLOW_CTX_DAG_RUN_ID='scheduled__2026-01-14T03:00:00+00:00'
[2026-01-17T13:42:08.236+0000] {python.py:202} INFO - Done. Returned value was: ./iris.csv
[2026-01-17T13:42:08.253+0000] {taskinstance.py:1149} INFO - Marking task as SUCCESS. dag_id=ModelDevelop, task_id=get_data, execution_date=20260114T030000, start_date=20260117T134208, end_date=20260117T134208
[2026-01-17T13:42:08.308+0000] {local_task_job_runner.py:234} INFO - Task exited with return code 0
[2026-01-17T13:42:08.325+0000] {taskinstance.py:3312} INFO - 1 downstream tasks scheduled from follow-on schedule check
