[2026-01-16T07:57:00.756+0000] {taskinstance.py:1979} INFO - Dependencies all met for dep_context=non-requeueable deps ti=<TaskInstance: ModelDevelop.get_data scheduled__2026-01-14T15:00:00+00:00 [queued]>
[2026-01-16T07:57:00.772+0000] {taskinstance.py:1979} INFO - Dependencies all met for dep_context=requeueable deps ti=<TaskInstance: ModelDevelop.get_data scheduled__2026-01-14T15:00:00+00:00 [queued]>
[2026-01-16T07:57:00.772+0000] {taskinstance.py:2193} INFO - Starting attempt 1 of 2
[2026-01-16T07:57:00.792+0000] {taskinstance.py:2217} INFO - Executing <Task(PythonOperator): get_data> on 2026-01-14 15:00:00+00:00
[2026-01-16T07:57:00.806+0000] {standard_task_runner.py:60} INFO - Started process 39543 to run task
[2026-01-16T07:57:00.829+0000] {standard_task_runner.py:87} INFO - Running: ['***', 'tasks', 'run', 'ModelDevelop', 'get_data', 'scheduled__2026-01-14T15:00:00+00:00', '--job-id', '593', '--raw', '--subdir', 'DAGS_FOLDER/example.py', '--cfg-path', '/tmp/tmpjcep0smm']
[2026-01-16T07:57:00.830+0000] {standard_task_runner.py:88} INFO - Job 593: Subtask get_data
[2026-01-16T07:57:00.850+0000] {warnings.py:109} WARNING - /home/***/.local/lib/python3.9/site-packages/***/settings.py:194: DeprecationWarning: The sql_alchemy_conn option in [core] has been moved to the sql_alchemy_conn option in [database] - the old setting has been used, but please update your config.
  SQL_ALCHEMY_CONN = conf.get("database", "SQL_ALCHEMY_CONN")

[2026-01-16T07:57:00.880+0000] {task_command.py:423} INFO - Running <TaskInstance: ModelDevelop.get_data scheduled__2026-01-14T15:00:00+00:00 [running]> on host 8a4f043652f0
[2026-01-16T07:57:00.951+0000] {taskinstance.py:2513} INFO - Exporting env vars: AIRFLOW_CTX_DAG_OWNER='***' AIRFLOW_CTX_DAG_ID='ModelDevelop' AIRFLOW_CTX_TASK_ID='get_data' AIRFLOW_CTX_EXECUTION_DATE='2026-01-14T15:00:00+00:00' AIRFLOW_CTX_TRY_NUMBER='1' AIRFLOW_CTX_DAG_RUN_ID='scheduled__2026-01-14T15:00:00+00:00'
[2026-01-16T07:57:00.963+0000] {python.py:202} INFO - Done. Returned value was: ./iris.csv
[2026-01-16T07:57:00.991+0000] {taskinstance.py:1149} INFO - Marking task as SUCCESS. dag_id=ModelDevelop, task_id=get_data, execution_date=20260114T150000, start_date=20260116T075700, end_date=20260116T075700
[2026-01-16T07:57:01.077+0000] {local_task_job_runner.py:234} INFO - Task exited with return code 0
[2026-01-16T07:57:01.111+0000] {taskinstance.py:3312} INFO - 1 downstream tasks scheduled from follow-on schedule check
[2026-01-17T13:20:41.701+0000] {taskinstance.py:1979} INFO - Dependencies all met for dep_context=non-requeueable deps ti=<TaskInstance: ModelDevelop.get_data scheduled__2026-01-14T15:00:00+00:00 [queued]>
[2026-01-17T13:20:41.718+0000] {taskinstance.py:1979} INFO - Dependencies all met for dep_context=requeueable deps ti=<TaskInstance: ModelDevelop.get_data scheduled__2026-01-14T15:00:00+00:00 [queued]>
[2026-01-17T13:20:41.718+0000] {taskinstance.py:2193} INFO - Starting attempt 1 of 2
[2026-01-17T13:20:41.742+0000] {taskinstance.py:2217} INFO - Executing <Task(PythonOperator): get_data> on 2026-01-14 15:00:00+00:00
[2026-01-17T13:20:41.766+0000] {standard_task_runner.py:60} INFO - Started process 39638 to run task
[2026-01-17T13:20:41.782+0000] {standard_task_runner.py:87} INFO - Running: ['***', 'tasks', 'run', 'ModelDevelop', 'get_data', 'scheduled__2026-01-14T15:00:00+00:00', '--job-id', '594', '--raw', '--subdir', 'DAGS_FOLDER/example.py', '--cfg-path', '/tmp/tmpqkb_1itn']
[2026-01-17T13:20:41.783+0000] {standard_task_runner.py:88} INFO - Job 594: Subtask get_data
[2026-01-17T13:20:41.810+0000] {warnings.py:109} WARNING - /home/***/.local/lib/python3.9/site-packages/***/settings.py:194: DeprecationWarning: The sql_alchemy_conn option in [core] has been moved to the sql_alchemy_conn option in [database] - the old setting has been used, but please update your config.
  SQL_ALCHEMY_CONN = conf.get("database", "SQL_ALCHEMY_CONN")

[2026-01-17T13:20:41.839+0000] {task_command.py:423} INFO - Running <TaskInstance: ModelDevelop.get_data scheduled__2026-01-14T15:00:00+00:00 [running]> on host ed3184b6b543
[2026-01-17T13:20:41.895+0000] {taskinstance.py:2513} INFO - Exporting env vars: AIRFLOW_CTX_DAG_OWNER='***' AIRFLOW_CTX_DAG_ID='ModelDevelop' AIRFLOW_CTX_TASK_ID='get_data' AIRFLOW_CTX_EXECUTION_DATE='2026-01-14T15:00:00+00:00' AIRFLOW_CTX_TRY_NUMBER='1' AIRFLOW_CTX_DAG_RUN_ID='scheduled__2026-01-14T15:00:00+00:00'
[2026-01-17T13:20:41.904+0000] {python.py:202} INFO - Done. Returned value was: ./iris.csv
[2026-01-17T13:20:41.920+0000] {taskinstance.py:1149} INFO - Marking task as SUCCESS. dag_id=ModelDevelop, task_id=get_data, execution_date=20260114T150000, start_date=20260117T132041, end_date=20260117T132041
[2026-01-17T13:20:41.948+0000] {local_task_job_runner.py:234} INFO - Task exited with return code 0
[2026-01-17T13:20:41.970+0000] {taskinstance.py:3312} INFO - 1 downstream tasks scheduled from follow-on schedule check
[2026-01-17T13:42:18.213+0000] {taskinstance.py:1979} INFO - Dependencies all met for dep_context=non-requeueable deps ti=<TaskInstance: ModelDevelop.get_data scheduled__2026-01-14T15:00:00+00:00 [queued]>
[2026-01-17T13:42:18.218+0000] {taskinstance.py:1979} INFO - Dependencies all met for dep_context=requeueable deps ti=<TaskInstance: ModelDevelop.get_data scheduled__2026-01-14T15:00:00+00:00 [queued]>
[2026-01-17T13:42:18.218+0000] {taskinstance.py:2193} INFO - Starting attempt 1 of 2
[2026-01-17T13:42:18.226+0000] {taskinstance.py:2217} INFO - Executing <Task(PythonOperator): get_data> on 2026-01-14 15:00:00+00:00
[2026-01-17T13:42:18.231+0000] {standard_task_runner.py:60} INFO - Started process 40106 to run task
[2026-01-17T13:42:18.234+0000] {standard_task_runner.py:87} INFO - Running: ['***', 'tasks', 'run', 'ModelDevelop', 'get_data', 'scheduled__2026-01-14T15:00:00+00:00', '--job-id', '600', '--raw', '--subdir', 'DAGS_FOLDER/example.py', '--cfg-path', '/tmp/tmp8cg5s63_']
[2026-01-17T13:42:18.234+0000] {standard_task_runner.py:88} INFO - Job 600: Subtask get_data
[2026-01-17T13:42:18.242+0000] {warnings.py:109} WARNING - /home/***/.local/lib/python3.9/site-packages/***/settings.py:194: DeprecationWarning: The sql_alchemy_conn option in [core] has been moved to the sql_alchemy_conn option in [database] - the old setting has been used, but please update your config.
  SQL_ALCHEMY_CONN = conf.get("database", "SQL_ALCHEMY_CONN")

[2026-01-17T13:42:18.265+0000] {task_command.py:423} INFO - Running <TaskInstance: ModelDevelop.get_data scheduled__2026-01-14T15:00:00+00:00 [running]> on host 5330652dc216
[2026-01-17T13:42:18.315+0000] {taskinstance.py:2513} INFO - Exporting env vars: AIRFLOW_CTX_DAG_OWNER='***' AIRFLOW_CTX_DAG_ID='ModelDevelop' AIRFLOW_CTX_TASK_ID='get_data' AIRFLOW_CTX_EXECUTION_DATE='2026-01-14T15:00:00+00:00' AIRFLOW_CTX_TRY_NUMBER='1' AIRFLOW_CTX_DAG_RUN_ID='scheduled__2026-01-14T15:00:00+00:00'
[2026-01-17T13:42:18.323+0000] {python.py:202} INFO - Done. Returned value was: ./iris.csv
[2026-01-17T13:42:18.337+0000] {taskinstance.py:1149} INFO - Marking task as SUCCESS. dag_id=ModelDevelop, task_id=get_data, execution_date=20260114T150000, start_date=20260117T134218, end_date=20260117T134218
[2026-01-17T13:42:18.365+0000] {local_task_job_runner.py:234} INFO - Task exited with return code 0
[2026-01-17T13:42:18.381+0000] {taskinstance.py:3312} INFO - 1 downstream tasks scheduled from follow-on schedule check
