[2026-01-16T07:55:08.237+0000] {taskinstance.py:1979} INFO - Dependencies all met for dep_context=non-requeueable deps ti=<TaskInstance: ModelDevelop.get_data scheduled__2026-01-07T01:00:00+00:00 [queued]>
[2026-01-16T07:55:08.256+0000] {taskinstance.py:1979} INFO - Dependencies all met for dep_context=requeueable deps ti=<TaskInstance: ModelDevelop.get_data scheduled__2026-01-07T01:00:00+00:00 [queued]>
[2026-01-16T07:55:08.257+0000] {taskinstance.py:2193} INFO - Starting attempt 1 of 2
[2026-01-16T07:55:08.290+0000] {taskinstance.py:2217} INFO - Executing <Task(PythonOperator): get_data> on 2026-01-07 01:00:00+00:00
[2026-01-16T07:55:08.299+0000] {standard_task_runner.py:60} INFO - Started process 15624 to run task
[2026-01-16T07:55:08.305+0000] {standard_task_runner.py:87} INFO - Running: ['***', 'tasks', 'run', 'ModelDevelop', 'get_data', 'scheduled__2026-01-07T01:00:00+00:00', '--job-id', '235', '--raw', '--subdir', 'DAGS_FOLDER/example.py', '--cfg-path', '/tmp/tmpgslvenwf']
[2026-01-16T07:55:08.307+0000] {standard_task_runner.py:88} INFO - Job 235: Subtask get_data
[2026-01-16T07:55:08.322+0000] {warnings.py:109} WARNING - /home/***/.local/lib/python3.9/site-packages/***/settings.py:194: DeprecationWarning: The sql_alchemy_conn option in [core] has been moved to the sql_alchemy_conn option in [database] - the old setting has been used, but please update your config.
  SQL_ALCHEMY_CONN = conf.get("database", "SQL_ALCHEMY_CONN")

[2026-01-16T07:55:08.360+0000] {task_command.py:423} INFO - Running <TaskInstance: ModelDevelop.get_data scheduled__2026-01-07T01:00:00+00:00 [running]> on host 8a4f043652f0
[2026-01-16T07:55:08.466+0000] {taskinstance.py:2513} INFO - Exporting env vars: AIRFLOW_CTX_DAG_OWNER='***' AIRFLOW_CTX_DAG_ID='ModelDevelop' AIRFLOW_CTX_TASK_ID='get_data' AIRFLOW_CTX_EXECUTION_DATE='2026-01-07T01:00:00+00:00' AIRFLOW_CTX_TRY_NUMBER='1' AIRFLOW_CTX_DAG_RUN_ID='scheduled__2026-01-07T01:00:00+00:00'
[2026-01-16T07:55:08.479+0000] {python.py:202} INFO - Done. Returned value was: ./iris.csv
[2026-01-16T07:55:08.501+0000] {taskinstance.py:1149} INFO - Marking task as SUCCESS. dag_id=ModelDevelop, task_id=get_data, execution_date=20260107T010000, start_date=20260116T075508, end_date=20260116T075508
[2026-01-16T07:55:08.560+0000] {local_task_job_runner.py:234} INFO - Task exited with return code 0
[2026-01-16T07:55:08.583+0000] {taskinstance.py:3312} INFO - 0 downstream tasks scheduled from follow-on schedule check
[2026-01-17T13:18:40.856+0000] {taskinstance.py:1979} INFO - Dependencies all met for dep_context=non-requeueable deps ti=<TaskInstance: ModelDevelop.get_data scheduled__2026-01-07T01:00:00+00:00 [queued]>
[2026-01-17T13:18:40.860+0000] {taskinstance.py:1979} INFO - Dependencies all met for dep_context=requeueable deps ti=<TaskInstance: ModelDevelop.get_data scheduled__2026-01-07T01:00:00+00:00 [queued]>
[2026-01-17T13:18:40.861+0000] {taskinstance.py:2193} INFO - Starting attempt 1 of 2
[2026-01-17T13:18:40.867+0000] {taskinstance.py:2217} INFO - Executing <Task(PythonOperator): get_data> on 2026-01-07 01:00:00+00:00
[2026-01-17T13:18:40.873+0000] {standard_task_runner.py:60} INFO - Started process 15519 to run task
[2026-01-17T13:18:40.875+0000] {standard_task_runner.py:87} INFO - Running: ['***', 'tasks', 'run', 'ModelDevelop', 'get_data', 'scheduled__2026-01-07T01:00:00+00:00', '--job-id', '235', '--raw', '--subdir', 'DAGS_FOLDER/example.py', '--cfg-path', '/tmp/tmp24y3wxyr']
[2026-01-17T13:18:40.875+0000] {standard_task_runner.py:88} INFO - Job 235: Subtask get_data
[2026-01-17T13:18:40.883+0000] {warnings.py:109} WARNING - /home/***/.local/lib/python3.9/site-packages/***/settings.py:194: DeprecationWarning: The sql_alchemy_conn option in [core] has been moved to the sql_alchemy_conn option in [database] - the old setting has been used, but please update your config.
  SQL_ALCHEMY_CONN = conf.get("database", "SQL_ALCHEMY_CONN")

[2026-01-17T13:18:40.905+0000] {task_command.py:423} INFO - Running <TaskInstance: ModelDevelop.get_data scheduled__2026-01-07T01:00:00+00:00 [running]> on host ed3184b6b543
[2026-01-17T13:18:40.949+0000] {taskinstance.py:2513} INFO - Exporting env vars: AIRFLOW_CTX_DAG_OWNER='***' AIRFLOW_CTX_DAG_ID='ModelDevelop' AIRFLOW_CTX_TASK_ID='get_data' AIRFLOW_CTX_EXECUTION_DATE='2026-01-07T01:00:00+00:00' AIRFLOW_CTX_TRY_NUMBER='1' AIRFLOW_CTX_DAG_RUN_ID='scheduled__2026-01-07T01:00:00+00:00'
[2026-01-17T13:18:40.957+0000] {python.py:202} INFO - Done. Returned value was: ./iris.csv
[2026-01-17T13:18:40.969+0000] {taskinstance.py:1149} INFO - Marking task as SUCCESS. dag_id=ModelDevelop, task_id=get_data, execution_date=20260107T010000, start_date=20260117T131840, end_date=20260117T131840
[2026-01-17T13:18:41.006+0000] {local_task_job_runner.py:234} INFO - Task exited with return code 0
[2026-01-17T13:18:41.021+0000] {taskinstance.py:3312} INFO - 1 downstream tasks scheduled from follow-on schedule check
[2026-01-17T13:40:11.581+0000] {taskinstance.py:1979} INFO - Dependencies all met for dep_context=non-requeueable deps ti=<TaskInstance: ModelDevelop.get_data scheduled__2026-01-07T01:00:00+00:00 [queued]>
[2026-01-17T13:40:11.588+0000] {taskinstance.py:1979} INFO - Dependencies all met for dep_context=requeueable deps ti=<TaskInstance: ModelDevelop.get_data scheduled__2026-01-07T01:00:00+00:00 [queued]>
[2026-01-17T13:40:11.588+0000] {taskinstance.py:2193} INFO - Starting attempt 1 of 2
[2026-01-17T13:40:11.600+0000] {taskinstance.py:2217} INFO - Executing <Task(PythonOperator): get_data> on 2026-01-07 01:00:00+00:00
[2026-01-17T13:40:11.624+0000] {standard_task_runner.py:60} INFO - Started process 16289 to run task
[2026-01-17T13:40:11.626+0000] {standard_task_runner.py:87} INFO - Running: ['***', 'tasks', 'run', 'ModelDevelop', 'get_data', 'scheduled__2026-01-07T01:00:00+00:00', '--job-id', '241', '--raw', '--subdir', 'DAGS_FOLDER/example.py', '--cfg-path', '/tmp/tmp36a6vm13']
[2026-01-17T13:40:11.627+0000] {standard_task_runner.py:88} INFO - Job 241: Subtask get_data
[2026-01-17T13:40:11.642+0000] {warnings.py:109} WARNING - /home/***/.local/lib/python3.9/site-packages/***/settings.py:194: DeprecationWarning: The sql_alchemy_conn option in [core] has been moved to the sql_alchemy_conn option in [database] - the old setting has been used, but please update your config.
  SQL_ALCHEMY_CONN = conf.get("database", "SQL_ALCHEMY_CONN")

[2026-01-17T13:40:11.676+0000] {task_command.py:423} INFO - Running <TaskInstance: ModelDevelop.get_data scheduled__2026-01-07T01:00:00+00:00 [running]> on host 5330652dc216
[2026-01-17T13:40:11.762+0000] {taskinstance.py:2513} INFO - Exporting env vars: AIRFLOW_CTX_DAG_OWNER='***' AIRFLOW_CTX_DAG_ID='ModelDevelop' AIRFLOW_CTX_TASK_ID='get_data' AIRFLOW_CTX_EXECUTION_DATE='2026-01-07T01:00:00+00:00' AIRFLOW_CTX_TRY_NUMBER='1' AIRFLOW_CTX_DAG_RUN_ID='scheduled__2026-01-07T01:00:00+00:00'
[2026-01-17T13:40:11.772+0000] {python.py:202} INFO - Done. Returned value was: ./iris.csv
[2026-01-17T13:40:11.788+0000] {taskinstance.py:1149} INFO - Marking task as SUCCESS. dag_id=ModelDevelop, task_id=get_data, execution_date=20260107T010000, start_date=20260117T134011, end_date=20260117T134011
[2026-01-17T13:40:11.838+0000] {local_task_job_runner.py:234} INFO - Task exited with return code 0
[2026-01-17T13:40:11.858+0000] {taskinstance.py:3312} INFO - 1 downstream tasks scheduled from follow-on schedule check
