[2026-01-16T07:54:46.332+0000] {taskinstance.py:1979} INFO - Dependencies all met for dep_context=non-requeueable deps ti=<TaskInstance: ModelDevelop.get_data scheduled__2026-01-05T16:00:00+00:00 [queued]>
[2026-01-16T07:54:46.339+0000] {taskinstance.py:1979} INFO - Dependencies all met for dep_context=requeueable deps ti=<TaskInstance: ModelDevelop.get_data scheduled__2026-01-05T16:00:00+00:00 [queued]>
[2026-01-16T07:54:46.339+0000] {taskinstance.py:2193} INFO - Starting attempt 1 of 2
[2026-01-16T07:54:46.355+0000] {taskinstance.py:2217} INFO - Executing <Task(PythonOperator): get_data> on 2026-01-05 16:00:00+00:00
[2026-01-16T07:54:46.364+0000] {standard_task_runner.py:60} INFO - Started process 11307 to run task
[2026-01-16T07:54:46.366+0000] {standard_task_runner.py:87} INFO - Running: ['***', 'tasks', 'run', 'ModelDevelop', 'get_data', 'scheduled__2026-01-05T16:00:00+00:00', '--job-id', '170', '--raw', '--subdir', 'DAGS_FOLDER/example.py', '--cfg-path', '/tmp/tmpwis60cue']
[2026-01-16T07:54:46.367+0000] {standard_task_runner.py:88} INFO - Job 170: Subtask get_data
[2026-01-16T07:54:46.377+0000] {warnings.py:109} WARNING - /home/***/.local/lib/python3.9/site-packages/***/settings.py:194: DeprecationWarning: The sql_alchemy_conn option in [core] has been moved to the sql_alchemy_conn option in [database] - the old setting has been used, but please update your config.
  SQL_ALCHEMY_CONN = conf.get("database", "SQL_ALCHEMY_CONN")

[2026-01-16T07:54:46.455+0000] {task_command.py:423} INFO - Running <TaskInstance: ModelDevelop.get_data scheduled__2026-01-05T16:00:00+00:00 [running]> on host 8a4f043652f0
[2026-01-16T07:54:46.525+0000] {taskinstance.py:2513} INFO - Exporting env vars: AIRFLOW_CTX_DAG_OWNER='***' AIRFLOW_CTX_DAG_ID='ModelDevelop' AIRFLOW_CTX_TASK_ID='get_data' AIRFLOW_CTX_EXECUTION_DATE='2026-01-05T16:00:00+00:00' AIRFLOW_CTX_TRY_NUMBER='1' AIRFLOW_CTX_DAG_RUN_ID='scheduled__2026-01-05T16:00:00+00:00'
[2026-01-16T07:54:46.535+0000] {python.py:202} INFO - Done. Returned value was: ./iris.csv
[2026-01-16T07:54:46.561+0000] {taskinstance.py:1149} INFO - Marking task as SUCCESS. dag_id=ModelDevelop, task_id=get_data, execution_date=20260105T160000, start_date=20260116T075446, end_date=20260116T075446
[2026-01-16T07:54:46.619+0000] {local_task_job_runner.py:234} INFO - Task exited with return code 0
[2026-01-16T07:54:46.644+0000] {taskinstance.py:3312} INFO - 1 downstream tasks scheduled from follow-on schedule check
[2026-01-17T13:18:21.134+0000] {taskinstance.py:1979} INFO - Dependencies all met for dep_context=non-requeueable deps ti=<TaskInstance: ModelDevelop.get_data scheduled__2026-01-05T16:00:00+00:00 [queued]>
[2026-01-17T13:18:21.139+0000] {taskinstance.py:1979} INFO - Dependencies all met for dep_context=requeueable deps ti=<TaskInstance: ModelDevelop.get_data scheduled__2026-01-05T16:00:00+00:00 [queued]>
[2026-01-17T13:18:21.140+0000] {taskinstance.py:2193} INFO - Starting attempt 1 of 2
[2026-01-17T13:18:21.164+0000] {taskinstance.py:2217} INFO - Executing <Task(PythonOperator): get_data> on 2026-01-05 16:00:00+00:00
[2026-01-17T13:18:21.174+0000] {standard_task_runner.py:60} INFO - Started process 11304 to run task
[2026-01-17T13:18:21.177+0000] {standard_task_runner.py:87} INFO - Running: ['***', 'tasks', 'run', 'ModelDevelop', 'get_data', 'scheduled__2026-01-05T16:00:00+00:00', '--job-id', '170', '--raw', '--subdir', 'DAGS_FOLDER/example.py', '--cfg-path', '/tmp/tmpldzfwvsx']
[2026-01-17T13:18:21.178+0000] {standard_task_runner.py:88} INFO - Job 170: Subtask get_data
[2026-01-17T13:18:21.187+0000] {warnings.py:109} WARNING - /home/***/.local/lib/python3.9/site-packages/***/settings.py:194: DeprecationWarning: The sql_alchemy_conn option in [core] has been moved to the sql_alchemy_conn option in [database] - the old setting has been used, but please update your config.
  SQL_ALCHEMY_CONN = conf.get("database", "SQL_ALCHEMY_CONN")

[2026-01-17T13:18:21.218+0000] {task_command.py:423} INFO - Running <TaskInstance: ModelDevelop.get_data scheduled__2026-01-05T16:00:00+00:00 [running]> on host ed3184b6b543
[2026-01-17T13:18:21.336+0000] {taskinstance.py:2513} INFO - Exporting env vars: AIRFLOW_CTX_DAG_OWNER='***' AIRFLOW_CTX_DAG_ID='ModelDevelop' AIRFLOW_CTX_TASK_ID='get_data' AIRFLOW_CTX_EXECUTION_DATE='2026-01-05T16:00:00+00:00' AIRFLOW_CTX_TRY_NUMBER='1' AIRFLOW_CTX_DAG_RUN_ID='scheduled__2026-01-05T16:00:00+00:00'
[2026-01-17T13:18:21.347+0000] {python.py:202} INFO - Done. Returned value was: ./iris.csv
[2026-01-17T13:18:21.371+0000] {taskinstance.py:1149} INFO - Marking task as SUCCESS. dag_id=ModelDevelop, task_id=get_data, execution_date=20260105T160000, start_date=20260117T131821, end_date=20260117T131821
[2026-01-17T13:18:21.428+0000] {local_task_job_runner.py:234} INFO - Task exited with return code 0
[2026-01-17T13:18:21.471+0000] {taskinstance.py:3312} INFO - 0 downstream tasks scheduled from follow-on schedule check
[2026-01-17T13:39:42.844+0000] {taskinstance.py:1979} INFO - Dependencies all met for dep_context=non-requeueable deps ti=<TaskInstance: ModelDevelop.get_data scheduled__2026-01-05T16:00:00+00:00 [queued]>
[2026-01-17T13:39:42.850+0000] {taskinstance.py:1979} INFO - Dependencies all met for dep_context=requeueable deps ti=<TaskInstance: ModelDevelop.get_data scheduled__2026-01-05T16:00:00+00:00 [queued]>
[2026-01-17T13:39:42.851+0000] {taskinstance.py:2193} INFO - Starting attempt 1 of 2
[2026-01-17T13:39:42.872+0000] {taskinstance.py:2217} INFO - Executing <Task(PythonOperator): get_data> on 2026-01-05 16:00:00+00:00
[2026-01-17T13:39:42.886+0000] {standard_task_runner.py:60} INFO - Started process 11339 to run task
[2026-01-17T13:39:42.898+0000] {standard_task_runner.py:87} INFO - Running: ['***', 'tasks', 'run', 'ModelDevelop', 'get_data', 'scheduled__2026-01-05T16:00:00+00:00', '--job-id', '170', '--raw', '--subdir', 'DAGS_FOLDER/example.py', '--cfg-path', '/tmp/tmpmgemckin']
[2026-01-17T13:39:42.899+0000] {standard_task_runner.py:88} INFO - Job 170: Subtask get_data
[2026-01-17T13:39:42.928+0000] {warnings.py:109} WARNING - /home/***/.local/lib/python3.9/site-packages/***/settings.py:194: DeprecationWarning: The sql_alchemy_conn option in [core] has been moved to the sql_alchemy_conn option in [database] - the old setting has been used, but please update your config.
  SQL_ALCHEMY_CONN = conf.get("database", "SQL_ALCHEMY_CONN")

[2026-01-17T13:39:42.956+0000] {task_command.py:423} INFO - Running <TaskInstance: ModelDevelop.get_data scheduled__2026-01-05T16:00:00+00:00 [running]> on host 5330652dc216
[2026-01-17T13:39:43.014+0000] {taskinstance.py:2513} INFO - Exporting env vars: AIRFLOW_CTX_DAG_OWNER='***' AIRFLOW_CTX_DAG_ID='ModelDevelop' AIRFLOW_CTX_TASK_ID='get_data' AIRFLOW_CTX_EXECUTION_DATE='2026-01-05T16:00:00+00:00' AIRFLOW_CTX_TRY_NUMBER='1' AIRFLOW_CTX_DAG_RUN_ID='scheduled__2026-01-05T16:00:00+00:00'
[2026-01-17T13:39:43.024+0000] {python.py:202} INFO - Done. Returned value was: ./iris.csv
[2026-01-17T13:39:43.042+0000] {taskinstance.py:1149} INFO - Marking task as SUCCESS. dag_id=ModelDevelop, task_id=get_data, execution_date=20260105T160000, start_date=20260117T133942, end_date=20260117T133943
[2026-01-17T13:39:43.068+0000] {local_task_job_runner.py:234} INFO - Task exited with return code 0
[2026-01-17T13:39:43.108+0000] {taskinstance.py:3312} INFO - 1 downstream tasks scheduled from follow-on schedule check
