[2026-01-16T07:55:28.420+0000] {taskinstance.py:1979} INFO - Dependencies all met for dep_context=non-requeueable deps ti=<TaskInstance: ModelDevelop.get_data scheduled__2026-01-08T15:00:00+00:00 [queued]>
[2026-01-16T07:55:28.427+0000] {taskinstance.py:1979} INFO - Dependencies all met for dep_context=requeueable deps ti=<TaskInstance: ModelDevelop.get_data scheduled__2026-01-08T15:00:00+00:00 [queued]>
[2026-01-16T07:55:28.427+0000] {taskinstance.py:2193} INFO - Starting attempt 1 of 2
[2026-01-16T07:55:28.544+0000] {taskinstance.py:2217} INFO - Executing <Task(PythonOperator): get_data> on 2026-01-08 15:00:00+00:00
[2026-01-16T07:55:28.550+0000] {standard_task_runner.py:60} INFO - Started process 20215 to run task
[2026-01-16T07:55:28.552+0000] {standard_task_runner.py:87} INFO - Running: ['***', 'tasks', 'run', 'ModelDevelop', 'get_data', 'scheduled__2026-01-08T15:00:00+00:00', '--job-id', '305', '--raw', '--subdir', 'DAGS_FOLDER/example.py', '--cfg-path', '/tmp/tmpwnv4cb7z']
[2026-01-16T07:55:28.553+0000] {standard_task_runner.py:88} INFO - Job 305: Subtask get_data
[2026-01-16T07:55:28.565+0000] {warnings.py:109} WARNING - /home/***/.local/lib/python3.9/site-packages/***/settings.py:194: DeprecationWarning: The sql_alchemy_conn option in [core] has been moved to the sql_alchemy_conn option in [database] - the old setting has been used, but please update your config.
  SQL_ALCHEMY_CONN = conf.get("database", "SQL_ALCHEMY_CONN")

[2026-01-16T07:55:28.619+0000] {task_command.py:423} INFO - Running <TaskInstance: ModelDevelop.get_data scheduled__2026-01-08T15:00:00+00:00 [running]> on host 8a4f043652f0
[2026-01-16T07:55:28.719+0000] {taskinstance.py:2513} INFO - Exporting env vars: AIRFLOW_CTX_DAG_OWNER='***' AIRFLOW_CTX_DAG_ID='ModelDevelop' AIRFLOW_CTX_TASK_ID='get_data' AIRFLOW_CTX_EXECUTION_DATE='2026-01-08T15:00:00+00:00' AIRFLOW_CTX_TRY_NUMBER='1' AIRFLOW_CTX_DAG_RUN_ID='scheduled__2026-01-08T15:00:00+00:00'
[2026-01-16T07:55:28.728+0000] {python.py:202} INFO - Done. Returned value was: ./iris.csv
[2026-01-16T07:55:28.742+0000] {taskinstance.py:1149} INFO - Marking task as SUCCESS. dag_id=ModelDevelop, task_id=get_data, execution_date=20260108T150000, start_date=20260116T075528, end_date=20260116T075528
[2026-01-16T07:55:28.765+0000] {local_task_job_runner.py:234} INFO - Task exited with return code 0
[2026-01-16T07:55:28.786+0000] {taskinstance.py:3312} INFO - 1 downstream tasks scheduled from follow-on schedule check
[2026-01-17T13:19:07.031+0000] {taskinstance.py:1979} INFO - Dependencies all met for dep_context=non-requeueable deps ti=<TaskInstance: ModelDevelop.get_data scheduled__2026-01-08T15:00:00+00:00 [queued]>
[2026-01-17T13:19:07.035+0000] {taskinstance.py:1979} INFO - Dependencies all met for dep_context=requeueable deps ti=<TaskInstance: ModelDevelop.get_data scheduled__2026-01-08T15:00:00+00:00 [queued]>
[2026-01-17T13:19:07.036+0000] {taskinstance.py:2193} INFO - Starting attempt 1 of 2
[2026-01-17T13:19:07.042+0000] {taskinstance.py:2217} INFO - Executing <Task(PythonOperator): get_data> on 2026-01-08 15:00:00+00:00
[2026-01-17T13:19:07.049+0000] {standard_task_runner.py:60} INFO - Started process 20246 to run task
[2026-01-17T13:19:07.051+0000] {standard_task_runner.py:87} INFO - Running: ['***', 'tasks', 'run', 'ModelDevelop', 'get_data', 'scheduled__2026-01-08T15:00:00+00:00', '--job-id', '308', '--raw', '--subdir', 'DAGS_FOLDER/example.py', '--cfg-path', '/tmp/tmpwo4je19x']
[2026-01-17T13:19:07.052+0000] {standard_task_runner.py:88} INFO - Job 308: Subtask get_data
[2026-01-17T13:19:07.063+0000] {warnings.py:109} WARNING - /home/***/.local/lib/python3.9/site-packages/***/settings.py:194: DeprecationWarning: The sql_alchemy_conn option in [core] has been moved to the sql_alchemy_conn option in [database] - the old setting has been used, but please update your config.
  SQL_ALCHEMY_CONN = conf.get("database", "SQL_ALCHEMY_CONN")

[2026-01-17T13:19:07.090+0000] {task_command.py:423} INFO - Running <TaskInstance: ModelDevelop.get_data scheduled__2026-01-08T15:00:00+00:00 [running]> on host ed3184b6b543
[2026-01-17T13:19:07.141+0000] {taskinstance.py:2513} INFO - Exporting env vars: AIRFLOW_CTX_DAG_OWNER='***' AIRFLOW_CTX_DAG_ID='ModelDevelop' AIRFLOW_CTX_TASK_ID='get_data' AIRFLOW_CTX_EXECUTION_DATE='2026-01-08T15:00:00+00:00' AIRFLOW_CTX_TRY_NUMBER='1' AIRFLOW_CTX_DAG_RUN_ID='scheduled__2026-01-08T15:00:00+00:00'
[2026-01-17T13:19:07.149+0000] {python.py:202} INFO - Done. Returned value was: ./iris.csv
[2026-01-17T13:19:07.164+0000] {taskinstance.py:1149} INFO - Marking task as SUCCESS. dag_id=ModelDevelop, task_id=get_data, execution_date=20260108T150000, start_date=20260117T131907, end_date=20260117T131907
[2026-01-17T13:19:07.183+0000] {local_task_job_runner.py:234} INFO - Task exited with return code 0
[2026-01-17T13:19:07.201+0000] {taskinstance.py:3312} INFO - 1 downstream tasks scheduled from follow-on schedule check
[2026-01-17T13:40:35.748+0000] {taskinstance.py:1979} INFO - Dependencies all met for dep_context=non-requeueable deps ti=<TaskInstance: ModelDevelop.get_data scheduled__2026-01-08T15:00:00+00:00 [queued]>
[2026-01-17T13:40:35.755+0000] {taskinstance.py:1979} INFO - Dependencies all met for dep_context=requeueable deps ti=<TaskInstance: ModelDevelop.get_data scheduled__2026-01-08T15:00:00+00:00 [queued]>
[2026-01-17T13:40:35.755+0000] {taskinstance.py:2193} INFO - Starting attempt 1 of 2
[2026-01-17T13:40:35.765+0000] {taskinstance.py:2217} INFO - Executing <Task(PythonOperator): get_data> on 2026-01-08 15:00:00+00:00
[2026-01-17T13:40:35.774+0000] {standard_task_runner.py:60} INFO - Started process 20720 to run task
[2026-01-17T13:40:35.777+0000] {standard_task_runner.py:87} INFO - Running: ['***', 'tasks', 'run', 'ModelDevelop', 'get_data', 'scheduled__2026-01-08T15:00:00+00:00', '--job-id', '311', '--raw', '--subdir', 'DAGS_FOLDER/example.py', '--cfg-path', '/tmp/tmpe480dopt']
[2026-01-17T13:40:35.778+0000] {standard_task_runner.py:88} INFO - Job 311: Subtask get_data
[2026-01-17T13:40:35.799+0000] {warnings.py:109} WARNING - /home/***/.local/lib/python3.9/site-packages/***/settings.py:194: DeprecationWarning: The sql_alchemy_conn option in [core] has been moved to the sql_alchemy_conn option in [database] - the old setting has been used, but please update your config.
  SQL_ALCHEMY_CONN = conf.get("database", "SQL_ALCHEMY_CONN")

[2026-01-17T13:40:35.866+0000] {task_command.py:423} INFO - Running <TaskInstance: ModelDevelop.get_data scheduled__2026-01-08T15:00:00+00:00 [running]> on host 5330652dc216
[2026-01-17T13:40:35.932+0000] {taskinstance.py:2513} INFO - Exporting env vars: AIRFLOW_CTX_DAG_OWNER='***' AIRFLOW_CTX_DAG_ID='ModelDevelop' AIRFLOW_CTX_TASK_ID='get_data' AIRFLOW_CTX_EXECUTION_DATE='2026-01-08T15:00:00+00:00' AIRFLOW_CTX_TRY_NUMBER='1' AIRFLOW_CTX_DAG_RUN_ID='scheduled__2026-01-08T15:00:00+00:00'
[2026-01-17T13:40:35.941+0000] {python.py:202} INFO - Done. Returned value was: ./iris.csv
[2026-01-17T13:40:35.959+0000] {taskinstance.py:1149} INFO - Marking task as SUCCESS. dag_id=ModelDevelop, task_id=get_data, execution_date=20260108T150000, start_date=20260117T134035, end_date=20260117T134035
[2026-01-17T13:40:35.989+0000] {local_task_job_runner.py:234} INFO - Task exited with return code 0
[2026-01-17T13:40:36.007+0000] {taskinstance.py:3312} INFO - 0 downstream tasks scheduled from follow-on schedule check
