[2026-01-16T07:55:38.714+0000] {taskinstance.py:1979} INFO - Dependencies all met for dep_context=non-requeueable deps ti=<TaskInstance: ModelDevelop.get_data scheduled__2026-01-09T04:00:00+00:00 [queued]>
[2026-01-16T07:55:38.727+0000] {taskinstance.py:1979} INFO - Dependencies all met for dep_context=requeueable deps ti=<TaskInstance: ModelDevelop.get_data scheduled__2026-01-09T04:00:00+00:00 [queued]>
[2026-01-16T07:55:38.728+0000] {taskinstance.py:2193} INFO - Starting attempt 1 of 2
[2026-01-16T07:55:38.743+0000] {taskinstance.py:2217} INFO - Executing <Task(PythonOperator): get_data> on 2026-01-09 04:00:00+00:00
[2026-01-16T07:55:38.752+0000] {standard_task_runner.py:60} INFO - Started process 22288 to run task
[2026-01-16T07:55:38.755+0000] {standard_task_runner.py:87} INFO - Running: ['***', 'tasks', 'run', 'ModelDevelop', 'get_data', 'scheduled__2026-01-09T04:00:00+00:00', '--job-id', '334', '--raw', '--subdir', 'DAGS_FOLDER/example.py', '--cfg-path', '/tmp/tmpd6fbulb7']
[2026-01-16T07:55:38.756+0000] {standard_task_runner.py:88} INFO - Job 334: Subtask get_data
[2026-01-16T07:55:38.766+0000] {warnings.py:109} WARNING - /home/***/.local/lib/python3.9/site-packages/***/settings.py:194: DeprecationWarning: The sql_alchemy_conn option in [core] has been moved to the sql_alchemy_conn option in [database] - the old setting has been used, but please update your config.
  SQL_ALCHEMY_CONN = conf.get("database", "SQL_ALCHEMY_CONN")

[2026-01-16T07:55:38.801+0000] {task_command.py:423} INFO - Running <TaskInstance: ModelDevelop.get_data scheduled__2026-01-09T04:00:00+00:00 [running]> on host 8a4f043652f0
[2026-01-16T07:55:38.856+0000] {taskinstance.py:2513} INFO - Exporting env vars: AIRFLOW_CTX_DAG_OWNER='***' AIRFLOW_CTX_DAG_ID='ModelDevelop' AIRFLOW_CTX_TASK_ID='get_data' AIRFLOW_CTX_EXECUTION_DATE='2026-01-09T04:00:00+00:00' AIRFLOW_CTX_TRY_NUMBER='1' AIRFLOW_CTX_DAG_RUN_ID='scheduled__2026-01-09T04:00:00+00:00'
[2026-01-16T07:55:38.866+0000] {python.py:202} INFO - Done. Returned value was: ./iris.csv
[2026-01-16T07:55:38.932+0000] {taskinstance.py:1149} INFO - Marking task as SUCCESS. dag_id=ModelDevelop, task_id=get_data, execution_date=20260109T040000, start_date=20260116T075538, end_date=20260116T075538
[2026-01-16T07:55:38.971+0000] {local_task_job_runner.py:234} INFO - Task exited with return code 0
[2026-01-16T07:55:38.990+0000] {taskinstance.py:3312} INFO - 1 downstream tasks scheduled from follow-on schedule check
[2026-01-17T13:19:20.528+0000] {taskinstance.py:1979} INFO - Dependencies all met for dep_context=non-requeueable deps ti=<TaskInstance: ModelDevelop.get_data scheduled__2026-01-09T04:00:00+00:00 [queued]>
[2026-01-17T13:19:20.536+0000] {taskinstance.py:1979} INFO - Dependencies all met for dep_context=requeueable deps ti=<TaskInstance: ModelDevelop.get_data scheduled__2026-01-09T04:00:00+00:00 [queued]>
[2026-01-17T13:19:20.537+0000] {taskinstance.py:2193} INFO - Starting attempt 1 of 2
[2026-01-17T13:19:20.549+0000] {taskinstance.py:2217} INFO - Executing <Task(PythonOperator): get_data> on 2026-01-09 04:00:00+00:00
[2026-01-17T13:19:20.558+0000] {standard_task_runner.py:60} INFO - Started process 22265 to run task
[2026-01-17T13:19:20.560+0000] {standard_task_runner.py:87} INFO - Running: ['***', 'tasks', 'run', 'ModelDevelop', 'get_data', 'scheduled__2026-01-09T04:00:00+00:00', '--job-id', '336', '--raw', '--subdir', 'DAGS_FOLDER/example.py', '--cfg-path', '/tmp/tmp6iqjtqn_']
[2026-01-17T13:19:20.561+0000] {standard_task_runner.py:88} INFO - Job 336: Subtask get_data
[2026-01-17T13:19:20.570+0000] {warnings.py:109} WARNING - /home/***/.local/lib/python3.9/site-packages/***/settings.py:194: DeprecationWarning: The sql_alchemy_conn option in [core] has been moved to the sql_alchemy_conn option in [database] - the old setting has been used, but please update your config.
  SQL_ALCHEMY_CONN = conf.get("database", "SQL_ALCHEMY_CONN")

[2026-01-17T13:19:20.640+0000] {task_command.py:423} INFO - Running <TaskInstance: ModelDevelop.get_data scheduled__2026-01-09T04:00:00+00:00 [running]> on host ed3184b6b543
[2026-01-17T13:19:20.727+0000] {taskinstance.py:2513} INFO - Exporting env vars: AIRFLOW_CTX_DAG_OWNER='***' AIRFLOW_CTX_DAG_ID='ModelDevelop' AIRFLOW_CTX_TASK_ID='get_data' AIRFLOW_CTX_EXECUTION_DATE='2026-01-09T04:00:00+00:00' AIRFLOW_CTX_TRY_NUMBER='1' AIRFLOW_CTX_DAG_RUN_ID='scheduled__2026-01-09T04:00:00+00:00'
[2026-01-17T13:19:20.736+0000] {python.py:202} INFO - Done. Returned value was: ./iris.csv
[2026-01-17T13:19:20.757+0000] {taskinstance.py:1149} INFO - Marking task as SUCCESS. dag_id=ModelDevelop, task_id=get_data, execution_date=20260109T040000, start_date=20260117T131920, end_date=20260117T131920
[2026-01-17T13:19:20.814+0000] {local_task_job_runner.py:234} INFO - Task exited with return code 0
[2026-01-17T13:19:20.843+0000] {taskinstance.py:3312} INFO - 1 downstream tasks scheduled from follow-on schedule check
[2026-01-17T13:40:45.510+0000] {taskinstance.py:1979} INFO - Dependencies all met for dep_context=non-requeueable deps ti=<TaskInstance: ModelDevelop.get_data scheduled__2026-01-09T04:00:00+00:00 [queued]>
[2026-01-17T13:40:45.517+0000] {taskinstance.py:1979} INFO - Dependencies all met for dep_context=requeueable deps ti=<TaskInstance: ModelDevelop.get_data scheduled__2026-01-09T04:00:00+00:00 [queued]>
[2026-01-17T13:40:45.518+0000] {taskinstance.py:2193} INFO - Starting attempt 1 of 2
[2026-01-17T13:40:45.527+0000] {taskinstance.py:2217} INFO - Executing <Task(PythonOperator): get_data> on 2026-01-09 04:00:00+00:00
[2026-01-17T13:40:45.535+0000] {standard_task_runner.py:60} INFO - Started process 22793 to run task
[2026-01-17T13:40:45.537+0000] {standard_task_runner.py:87} INFO - Running: ['***', 'tasks', 'run', 'ModelDevelop', 'get_data', 'scheduled__2026-01-09T04:00:00+00:00', '--job-id', '340', '--raw', '--subdir', 'DAGS_FOLDER/example.py', '--cfg-path', '/tmp/tmpcrmwb42w']
[2026-01-17T13:40:45.538+0000] {standard_task_runner.py:88} INFO - Job 340: Subtask get_data
[2026-01-17T13:40:45.547+0000] {warnings.py:109} WARNING - /home/***/.local/lib/python3.9/site-packages/***/settings.py:194: DeprecationWarning: The sql_alchemy_conn option in [core] has been moved to the sql_alchemy_conn option in [database] - the old setting has been used, but please update your config.
  SQL_ALCHEMY_CONN = conf.get("database", "SQL_ALCHEMY_CONN")

[2026-01-17T13:40:45.577+0000] {task_command.py:423} INFO - Running <TaskInstance: ModelDevelop.get_data scheduled__2026-01-09T04:00:00+00:00 [running]> on host 5330652dc216
[2026-01-17T13:40:45.671+0000] {taskinstance.py:2513} INFO - Exporting env vars: AIRFLOW_CTX_DAG_OWNER='***' AIRFLOW_CTX_DAG_ID='ModelDevelop' AIRFLOW_CTX_TASK_ID='get_data' AIRFLOW_CTX_EXECUTION_DATE='2026-01-09T04:00:00+00:00' AIRFLOW_CTX_TRY_NUMBER='1' AIRFLOW_CTX_DAG_RUN_ID='scheduled__2026-01-09T04:00:00+00:00'
[2026-01-17T13:40:45.682+0000] {python.py:202} INFO - Done. Returned value was: ./iris.csv
[2026-01-17T13:40:45.698+0000] {taskinstance.py:1149} INFO - Marking task as SUCCESS. dag_id=ModelDevelop, task_id=get_data, execution_date=20260109T040000, start_date=20260117T134045, end_date=20260117T134045
[2026-01-17T13:40:45.749+0000] {local_task_job_runner.py:234} INFO - Task exited with return code 0
[2026-01-17T13:40:45.811+0000] {taskinstance.py:3312} INFO - 0 downstream tasks scheduled from follow-on schedule check
