[2026-01-16T07:54:14.234+0000] {taskinstance.py:1979} INFO - Dependencies all met for dep_context=non-requeueable deps ti=<TaskInstance: ModelDevelop.get_data scheduled__2026-01-03T13:00:00+00:00 [queued]>
[2026-01-16T07:54:14.248+0000] {taskinstance.py:1979} INFO - Dependencies all met for dep_context=requeueable deps ti=<TaskInstance: ModelDevelop.get_data scheduled__2026-01-03T13:00:00+00:00 [queued]>
[2026-01-16T07:54:14.248+0000] {taskinstance.py:2193} INFO - Starting attempt 1 of 2
[2026-01-16T07:54:14.258+0000] {taskinstance.py:2217} INFO - Executing <Task(PythonOperator): get_data> on 2026-01-03 13:00:00+00:00
[2026-01-16T07:54:14.267+0000] {standard_task_runner.py:60} INFO - Started process 4799 to run task
[2026-01-16T07:54:14.270+0000] {standard_task_runner.py:87} INFO - Running: ['***', 'tasks', 'run', 'ModelDevelop', 'get_data', 'scheduled__2026-01-03T13:00:00+00:00', '--job-id', '70', '--raw', '--subdir', 'DAGS_FOLDER/example.py', '--cfg-path', '/tmp/tmp1_qgrdqx']
[2026-01-16T07:54:14.271+0000] {standard_task_runner.py:88} INFO - Job 70: Subtask get_data
[2026-01-16T07:54:14.282+0000] {warnings.py:109} WARNING - /home/***/.local/lib/python3.9/site-packages/***/settings.py:194: DeprecationWarning: The sql_alchemy_conn option in [core] has been moved to the sql_alchemy_conn option in [database] - the old setting has been used, but please update your config.
  SQL_ALCHEMY_CONN = conf.get("database", "SQL_ALCHEMY_CONN")

[2026-01-16T07:54:14.314+0000] {task_command.py:423} INFO - Running <TaskInstance: ModelDevelop.get_data scheduled__2026-01-03T13:00:00+00:00 [running]> on host 8a4f043652f0
[2026-01-16T07:54:14.370+0000] {taskinstance.py:2513} INFO - Exporting env vars: AIRFLOW_CTX_DAG_OWNER='***' AIRFLOW_CTX_DAG_ID='ModelDevelop' AIRFLOW_CTX_TASK_ID='get_data' AIRFLOW_CTX_EXECUTION_DATE='2026-01-03T13:00:00+00:00' AIRFLOW_CTX_TRY_NUMBER='1' AIRFLOW_CTX_DAG_RUN_ID='scheduled__2026-01-03T13:00:00+00:00'
[2026-01-16T07:54:14.380+0000] {python.py:202} INFO - Done. Returned value was: ./iris.csv
[2026-01-16T07:54:14.397+0000] {taskinstance.py:1149} INFO - Marking task as SUCCESS. dag_id=ModelDevelop, task_id=get_data, execution_date=20260103T130000, start_date=20260116T075414, end_date=20260116T075414
[2026-01-16T07:54:14.442+0000] {local_task_job_runner.py:234} INFO - Task exited with return code 0
[2026-01-16T07:54:14.485+0000] {taskinstance.py:3312} INFO - 1 downstream tasks scheduled from follow-on schedule check
[2026-01-17T13:17:49.503+0000] {taskinstance.py:1979} INFO - Dependencies all met for dep_context=non-requeueable deps ti=<TaskInstance: ModelDevelop.get_data scheduled__2026-01-03T13:00:00+00:00 [queued]>
[2026-01-17T13:17:49.508+0000] {taskinstance.py:1979} INFO - Dependencies all met for dep_context=requeueable deps ti=<TaskInstance: ModelDevelop.get_data scheduled__2026-01-03T13:00:00+00:00 [queued]>
[2026-01-17T13:17:49.508+0000] {taskinstance.py:2193} INFO - Starting attempt 1 of 2
[2026-01-17T13:17:49.515+0000] {taskinstance.py:2217} INFO - Executing <Task(PythonOperator): get_data> on 2026-01-03 13:00:00+00:00
[2026-01-17T13:17:49.522+0000] {standard_task_runner.py:60} INFO - Started process 4799 to run task
[2026-01-17T13:17:49.530+0000] {standard_task_runner.py:87} INFO - Running: ['***', 'tasks', 'run', 'ModelDevelop', 'get_data', 'scheduled__2026-01-03T13:00:00+00:00', '--job-id', '71', '--raw', '--subdir', 'DAGS_FOLDER/example.py', '--cfg-path', '/tmp/tmpjuqvz49d']
[2026-01-17T13:17:49.531+0000] {standard_task_runner.py:88} INFO - Job 71: Subtask get_data
[2026-01-17T13:17:49.554+0000] {warnings.py:109} WARNING - /home/***/.local/lib/python3.9/site-packages/***/settings.py:194: DeprecationWarning: The sql_alchemy_conn option in [core] has been moved to the sql_alchemy_conn option in [database] - the old setting has been used, but please update your config.
  SQL_ALCHEMY_CONN = conf.get("database", "SQL_ALCHEMY_CONN")

[2026-01-17T13:17:49.604+0000] {task_command.py:423} INFO - Running <TaskInstance: ModelDevelop.get_data scheduled__2026-01-03T13:00:00+00:00 [running]> on host ed3184b6b543
[2026-01-17T13:17:49.714+0000] {taskinstance.py:2513} INFO - Exporting env vars: AIRFLOW_CTX_DAG_OWNER='***' AIRFLOW_CTX_DAG_ID='ModelDevelop' AIRFLOW_CTX_TASK_ID='get_data' AIRFLOW_CTX_EXECUTION_DATE='2026-01-03T13:00:00+00:00' AIRFLOW_CTX_TRY_NUMBER='1' AIRFLOW_CTX_DAG_RUN_ID='scheduled__2026-01-03T13:00:00+00:00'
[2026-01-17T13:17:49.725+0000] {python.py:202} INFO - Done. Returned value was: ./iris.csv
[2026-01-17T13:17:49.741+0000] {taskinstance.py:1149} INFO - Marking task as SUCCESS. dag_id=ModelDevelop, task_id=get_data, execution_date=20260103T130000, start_date=20260117T131749, end_date=20260117T131749
[2026-01-17T13:17:49.777+0000] {local_task_job_runner.py:234} INFO - Task exited with return code 0
[2026-01-17T13:17:49.797+0000] {taskinstance.py:3312} INFO - 1 downstream tasks scheduled from follow-on schedule check
[2026-01-17T13:39:09.182+0000] {taskinstance.py:1979} INFO - Dependencies all met for dep_context=non-requeueable deps ti=<TaskInstance: ModelDevelop.get_data scheduled__2026-01-03T13:00:00+00:00 [queued]>
[2026-01-17T13:39:09.188+0000] {taskinstance.py:1979} INFO - Dependencies all met for dep_context=requeueable deps ti=<TaskInstance: ModelDevelop.get_data scheduled__2026-01-03T13:00:00+00:00 [queued]>
[2026-01-17T13:39:09.188+0000] {taskinstance.py:2193} INFO - Starting attempt 1 of 2
[2026-01-17T13:39:09.198+0000] {taskinstance.py:2217} INFO - Executing <Task(PythonOperator): get_data> on 2026-01-03 13:00:00+00:00
[2026-01-17T13:39:09.207+0000] {standard_task_runner.py:60} INFO - Started process 4836 to run task
[2026-01-17T13:39:09.209+0000] {standard_task_runner.py:87} INFO - Running: ['***', 'tasks', 'run', 'ModelDevelop', 'get_data', 'scheduled__2026-01-03T13:00:00+00:00', '--job-id', '72', '--raw', '--subdir', 'DAGS_FOLDER/example.py', '--cfg-path', '/tmp/tmp_r81tbpa']
[2026-01-17T13:39:09.209+0000] {standard_task_runner.py:88} INFO - Job 72: Subtask get_data
[2026-01-17T13:39:09.218+0000] {warnings.py:109} WARNING - /home/***/.local/lib/python3.9/site-packages/***/settings.py:194: DeprecationWarning: The sql_alchemy_conn option in [core] has been moved to the sql_alchemy_conn option in [database] - the old setting has been used, but please update your config.
  SQL_ALCHEMY_CONN = conf.get("database", "SQL_ALCHEMY_CONN")

[2026-01-17T13:39:09.247+0000] {task_command.py:423} INFO - Running <TaskInstance: ModelDevelop.get_data scheduled__2026-01-03T13:00:00+00:00 [running]> on host 5330652dc216
[2026-01-17T13:39:09.326+0000] {taskinstance.py:2513} INFO - Exporting env vars: AIRFLOW_CTX_DAG_OWNER='***' AIRFLOW_CTX_DAG_ID='ModelDevelop' AIRFLOW_CTX_TASK_ID='get_data' AIRFLOW_CTX_EXECUTION_DATE='2026-01-03T13:00:00+00:00' AIRFLOW_CTX_TRY_NUMBER='1' AIRFLOW_CTX_DAG_RUN_ID='scheduled__2026-01-03T13:00:00+00:00'
[2026-01-17T13:39:09.337+0000] {python.py:202} INFO - Done. Returned value was: ./iris.csv
[2026-01-17T13:39:09.356+0000] {taskinstance.py:1149} INFO - Marking task as SUCCESS. dag_id=ModelDevelop, task_id=get_data, execution_date=20260103T130000, start_date=20260117T133909, end_date=20260117T133909
[2026-01-17T13:39:09.381+0000] {local_task_job_runner.py:234} INFO - Task exited with return code 0
[2026-01-17T13:39:09.404+0000] {taskinstance.py:3312} INFO - 1 downstream tasks scheduled from follow-on schedule check
