[2026-03-06T06:36:01.417+0000] {taskinstance.py:1979} INFO - Dependencies all met for dep_context=non-requeueable deps ti=<TaskInstance: DataDriftRetrainDAG_student_2_2.get_data scheduled__2026-03-06T06:34:00+00:00 [queued]>
[2026-03-06T06:36:01.427+0000] {taskinstance.py:1979} INFO - Dependencies all met for dep_context=requeueable deps ti=<TaskInstance: DataDriftRetrainDAG_student_2_2.get_data scheduled__2026-03-06T06:34:00+00:00 [queued]>
[2026-03-06T06:36:01.427+0000] {taskinstance.py:2193} INFO - Starting attempt 1 of 2
[2026-03-06T06:36:01.438+0000] {taskinstance.py:2217} INFO - Executing <Task(PythonOperator): get_data> on 2026-03-06 06:34:00+00:00
[2026-03-06T06:36:01.446+0000] {standard_task_runner.py:60} INFO - Started process 1907 to run task
[2026-03-06T06:36:01.448+0000] {standard_task_runner.py:87} INFO - Running: ['***', 'tasks', 'run', 'DataDriftRetrainDAG_student_2_2', 'get_data', 'scheduled__2026-03-06T06:34:00+00:00', '--job-id', '59', '--raw', '--subdir', 'DAGS_FOLDER/exercise_drift_student_2_2.py', '--cfg-path', '/tmp/tmpo7sw2lya']
[2026-03-06T06:36:01.449+0000] {standard_task_runner.py:88} INFO - Job 59: Subtask get_data
[2026-03-06T06:36:01.463+0000] {warnings.py:109} WARNING - /home/***/.local/lib/python3.9/site-packages/***/settings.py:194: DeprecationWarning: The sql_alchemy_conn option in [core] has been moved to the sql_alchemy_conn option in [database] - the old setting has been used, but please update your config.
  SQL_ALCHEMY_CONN = conf.get("database", "SQL_ALCHEMY_CONN")

[2026-03-06T06:36:01.488+0000] {task_command.py:423} INFO - Running <TaskInstance: DataDriftRetrainDAG_student_2_2.get_data scheduled__2026-03-06T06:34:00+00:00 [running]> on host 7d97343e2d4a
[2026-03-06T06:36:01.547+0000] {taskinstance.py:2513} INFO - Exporting env vars: AIRFLOW_CTX_DAG_OWNER='***' AIRFLOW_CTX_DAG_ID='DataDriftRetrainDAG_student_2_2' AIRFLOW_CTX_TASK_ID='get_data' AIRFLOW_CTX_EXECUTION_DATE='2026-03-06T06:34:00+00:00' AIRFLOW_CTX_TRY_NUMBER='1' AIRFLOW_CTX_DAG_RUN_ID='scheduled__2026-03-06T06:34:00+00:00'
[2026-03-06T06:36:01.553+0000] {warnings.py:109} WARNING - /home/***/.local/lib/python3.9/site-packages/***/utils/context.py:315: AirflowContextDeprecationWarning: Accessing 'execution_date' from the template is deprecated and will be removed in a future version. Please use 'data_interval_start' or 'logical_date' instead.
  warnings.warn(_create_deprecation_warning(k, replacements))

[2026-03-06T06:36:01.556+0000] {python.py:202} INFO - Done. Returned value was: ./iris_drift.csv
[2026-03-06T06:36:01.570+0000] {taskinstance.py:1149} INFO - Marking task as SUCCESS. dag_id=DataDriftRetrainDAG_student_2_2, task_id=get_data, execution_date=20260306T063400, start_date=20260306T063601, end_date=20260306T063601
[2026-03-06T06:36:01.622+0000] {local_task_job_runner.py:234} INFO - Task exited with return code 0
[2026-03-06T06:36:01.646+0000] {taskinstance.py:3312} INFO - 1 downstream tasks scheduled from follow-on schedule check
[2026-03-06T06:36:27.443+0000] {taskinstance.py:1979} INFO - Dependencies all met for dep_context=non-requeueable deps ti=<TaskInstance: DataDriftRetrainDAG_student_2_2.get_data scheduled__2026-03-06T06:34:00+00:00 [queued]>
[2026-03-06T06:36:27.447+0000] {taskinstance.py:1979} INFO - Dependencies all met for dep_context=requeueable deps ti=<TaskInstance: DataDriftRetrainDAG_student_2_2.get_data scheduled__2026-03-06T06:34:00+00:00 [queued]>
[2026-03-06T06:36:27.447+0000] {taskinstance.py:2193} INFO - Starting attempt 1 of 2
[2026-03-06T06:36:27.454+0000] {taskinstance.py:2217} INFO - Executing <Task(PythonOperator): get_data> on 2026-03-06 06:34:00+00:00
[2026-03-06T06:36:27.459+0000] {standard_task_runner.py:60} INFO - Started process 2078 to run task
[2026-03-06T06:36:27.461+0000] {standard_task_runner.py:87} INFO - Running: ['***', 'tasks', 'run', 'DataDriftRetrainDAG_student_2_2', 'get_data', 'scheduled__2026-03-06T06:34:00+00:00', '--job-id', '65', '--raw', '--subdir', 'DAGS_FOLDER/exercise_drift_student_2_2.py', '--cfg-path', '/tmp/tmpo5ru1e5r']
[2026-03-06T06:36:27.462+0000] {standard_task_runner.py:88} INFO - Job 65: Subtask get_data
[2026-03-06T06:36:27.470+0000] {warnings.py:109} WARNING - /home/***/.local/lib/python3.9/site-packages/***/settings.py:194: DeprecationWarning: The sql_alchemy_conn option in [core] has been moved to the sql_alchemy_conn option in [database] - the old setting has been used, but please update your config.
  SQL_ALCHEMY_CONN = conf.get("database", "SQL_ALCHEMY_CONN")

[2026-03-06T06:36:27.493+0000] {task_command.py:423} INFO - Running <TaskInstance: DataDriftRetrainDAG_student_2_2.get_data scheduled__2026-03-06T06:34:00+00:00 [running]> on host 7d97343e2d4a
[2026-03-06T06:36:27.536+0000] {taskinstance.py:2513} INFO - Exporting env vars: AIRFLOW_CTX_DAG_OWNER='***' AIRFLOW_CTX_DAG_ID='DataDriftRetrainDAG_student_2_2' AIRFLOW_CTX_TASK_ID='get_data' AIRFLOW_CTX_EXECUTION_DATE='2026-03-06T06:34:00+00:00' AIRFLOW_CTX_TRY_NUMBER='1' AIRFLOW_CTX_DAG_RUN_ID='scheduled__2026-03-06T06:34:00+00:00'
[2026-03-06T06:36:27.542+0000] {warnings.py:109} WARNING - /home/***/.local/lib/python3.9/site-packages/***/utils/context.py:315: AirflowContextDeprecationWarning: Accessing 'execution_date' from the template is deprecated and will be removed in a future version. Please use 'data_interval_start' or 'logical_date' instead.
  warnings.warn(_create_deprecation_warning(k, replacements))

[2026-03-06T06:36:27.545+0000] {python.py:202} INFO - Done. Returned value was: ./iris_drift.csv
[2026-03-06T06:36:27.557+0000] {taskinstance.py:1149} INFO - Marking task as SUCCESS. dag_id=DataDriftRetrainDAG_student_2_2, task_id=get_data, execution_date=20260306T063400, start_date=20260306T063627, end_date=20260306T063627
[2026-03-06T06:36:27.593+0000] {local_task_job_runner.py:234} INFO - Task exited with return code 0
[2026-03-06T06:36:27.608+0000] {taskinstance.py:3312} INFO - 0 downstream tasks scheduled from follow-on schedule check
[2026-03-06T06:36:58.659+0000] {taskinstance.py:1979} INFO - Dependencies all met for dep_context=non-requeueable deps ti=<TaskInstance: DataDriftRetrainDAG_student_2_2.get_data scheduled__2026-03-06T06:34:00+00:00 [queued]>
[2026-03-06T06:36:58.663+0000] {taskinstance.py:1979} INFO - Dependencies all met for dep_context=requeueable deps ti=<TaskInstance: DataDriftRetrainDAG_student_2_2.get_data scheduled__2026-03-06T06:34:00+00:00 [queued]>
[2026-03-06T06:36:58.663+0000] {taskinstance.py:2193} INFO - Starting attempt 1 of 2
[2026-03-06T06:36:58.669+0000] {taskinstance.py:2217} INFO - Executing <Task(PythonOperator): get_data> on 2026-03-06 06:34:00+00:00
[2026-03-06T06:36:58.675+0000] {standard_task_runner.py:60} INFO - Started process 2146 to run task
[2026-03-06T06:36:58.677+0000] {standard_task_runner.py:87} INFO - Running: ['***', 'tasks', 'run', 'DataDriftRetrainDAG_student_2_2', 'get_data', 'scheduled__2026-03-06T06:34:00+00:00', '--job-id', '67', '--raw', '--subdir', 'DAGS_FOLDER/exercise_drift_student_2_2.py', '--cfg-path', '/tmp/tmpwm6ak_k3']
[2026-03-06T06:36:58.678+0000] {standard_task_runner.py:88} INFO - Job 67: Subtask get_data
[2026-03-06T06:36:58.687+0000] {warnings.py:109} WARNING - /home/***/.local/lib/python3.9/site-packages/***/settings.py:194: DeprecationWarning: The sql_alchemy_conn option in [core] has been moved to the sql_alchemy_conn option in [database] - the old setting has been used, but please update your config.
  SQL_ALCHEMY_CONN = conf.get("database", "SQL_ALCHEMY_CONN")

[2026-03-06T06:36:58.708+0000] {task_command.py:423} INFO - Running <TaskInstance: DataDriftRetrainDAG_student_2_2.get_data scheduled__2026-03-06T06:34:00+00:00 [running]> on host 7d97343e2d4a
[2026-03-06T06:36:58.752+0000] {taskinstance.py:2513} INFO - Exporting env vars: AIRFLOW_CTX_DAG_OWNER='***' AIRFLOW_CTX_DAG_ID='DataDriftRetrainDAG_student_2_2' AIRFLOW_CTX_TASK_ID='get_data' AIRFLOW_CTX_EXECUTION_DATE='2026-03-06T06:34:00+00:00' AIRFLOW_CTX_TRY_NUMBER='1' AIRFLOW_CTX_DAG_RUN_ID='scheduled__2026-03-06T06:34:00+00:00'
[2026-03-06T06:36:58.757+0000] {warnings.py:109} WARNING - /home/***/.local/lib/python3.9/site-packages/***/utils/context.py:315: AirflowContextDeprecationWarning: Accessing 'execution_date' from the template is deprecated and will be removed in a future version. Please use 'data_interval_start' or 'logical_date' instead.
  warnings.warn(_create_deprecation_warning(k, replacements))

[2026-03-06T06:36:58.761+0000] {python.py:202} INFO - Done. Returned value was: ./iris_drift.csv
[2026-03-06T06:36:58.774+0000] {taskinstance.py:1149} INFO - Marking task as SUCCESS. dag_id=DataDriftRetrainDAG_student_2_2, task_id=get_data, execution_date=20260306T063400, start_date=20260306T063658, end_date=20260306T063658
[2026-03-06T06:36:58.809+0000] {local_task_job_runner.py:234} INFO - Task exited with return code 0
[2026-03-06T06:36:58.825+0000] {taskinstance.py:3312} INFO - 1 downstream tasks scheduled from follow-on schedule check
