[2026-01-16T07:54:57.370+0000] {taskinstance.py:1979} INFO - Dependencies all met for dep_context=non-requeueable deps ti=<TaskInstance: ModelDevelop.get_data scheduled__2026-01-06T13:00:00+00:00 [queued]>
[2026-01-16T07:54:57.377+0000] {taskinstance.py:1979} INFO - Dependencies all met for dep_context=requeueable deps ti=<TaskInstance: ModelDevelop.get_data scheduled__2026-01-06T13:00:00+00:00 [queued]>
[2026-01-16T07:54:57.377+0000] {taskinstance.py:2193} INFO - Starting attempt 1 of 2
[2026-01-16T07:54:57.399+0000] {taskinstance.py:2217} INFO - Executing <Task(PythonOperator): get_data> on 2026-01-06 13:00:00+00:00
[2026-01-16T07:54:57.406+0000] {standard_task_runner.py:60} INFO - Started process 13715 to run task
[2026-01-16T07:54:57.409+0000] {standard_task_runner.py:87} INFO - Running: ['***', 'tasks', 'run', 'ModelDevelop', 'get_data', 'scheduled__2026-01-06T13:00:00+00:00', '--job-id', '207', '--raw', '--subdir', 'DAGS_FOLDER/example.py', '--cfg-path', '/tmp/tmphp5qpdq6']
[2026-01-16T07:54:57.409+0000] {standard_task_runner.py:88} INFO - Job 207: Subtask get_data
[2026-01-16T07:54:57.418+0000] {warnings.py:109} WARNING - /home/***/.local/lib/python3.9/site-packages/***/settings.py:194: DeprecationWarning: The sql_alchemy_conn option in [core] has been moved to the sql_alchemy_conn option in [database] - the old setting has been used, but please update your config.
  SQL_ALCHEMY_CONN = conf.get("database", "SQL_ALCHEMY_CONN")

[2026-01-16T07:54:57.444+0000] {task_command.py:423} INFO - Running <TaskInstance: ModelDevelop.get_data scheduled__2026-01-06T13:00:00+00:00 [running]> on host 8a4f043652f0
[2026-01-16T07:54:57.554+0000] {taskinstance.py:2513} INFO - Exporting env vars: AIRFLOW_CTX_DAG_OWNER='***' AIRFLOW_CTX_DAG_ID='ModelDevelop' AIRFLOW_CTX_TASK_ID='get_data' AIRFLOW_CTX_EXECUTION_DATE='2026-01-06T13:00:00+00:00' AIRFLOW_CTX_TRY_NUMBER='1' AIRFLOW_CTX_DAG_RUN_ID='scheduled__2026-01-06T13:00:00+00:00'
[2026-01-16T07:54:57.565+0000] {python.py:202} INFO - Done. Returned value was: ./iris.csv
[2026-01-16T07:54:57.582+0000] {taskinstance.py:1149} INFO - Marking task as SUCCESS. dag_id=ModelDevelop, task_id=get_data, execution_date=20260106T130000, start_date=20260116T075457, end_date=20260116T075457
[2026-01-16T07:54:57.621+0000] {local_task_job_runner.py:234} INFO - Task exited with return code 0
[2026-01-16T07:54:57.655+0000] {taskinstance.py:3312} INFO - 1 downstream tasks scheduled from follow-on schedule check
[2026-01-17T13:18:31.338+0000] {taskinstance.py:1979} INFO - Dependencies all met for dep_context=non-requeueable deps ti=<TaskInstance: ModelDevelop.get_data scheduled__2026-01-06T13:00:00+00:00 [queued]>
[2026-01-17T13:18:31.343+0000] {taskinstance.py:1979} INFO - Dependencies all met for dep_context=requeueable deps ti=<TaskInstance: ModelDevelop.get_data scheduled__2026-01-06T13:00:00+00:00 [queued]>
[2026-01-17T13:18:31.343+0000] {taskinstance.py:2193} INFO - Starting attempt 1 of 2
[2026-01-17T13:18:31.352+0000] {taskinstance.py:2217} INFO - Executing <Task(PythonOperator): get_data> on 2026-01-06 13:00:00+00:00
[2026-01-17T13:18:31.360+0000] {standard_task_runner.py:60} INFO - Started process 13716 to run task
[2026-01-17T13:18:31.378+0000] {standard_task_runner.py:87} INFO - Running: ['***', 'tasks', 'run', 'ModelDevelop', 'get_data', 'scheduled__2026-01-06T13:00:00+00:00', '--job-id', '207', '--raw', '--subdir', 'DAGS_FOLDER/example.py', '--cfg-path', '/tmp/tmpsjgwogfm']
[2026-01-17T13:18:31.379+0000] {standard_task_runner.py:88} INFO - Job 207: Subtask get_data
[2026-01-17T13:18:31.422+0000] {warnings.py:109} WARNING - /home/***/.local/lib/python3.9/site-packages/***/settings.py:194: DeprecationWarning: The sql_alchemy_conn option in [core] has been moved to the sql_alchemy_conn option in [database] - the old setting has been used, but please update your config.
  SQL_ALCHEMY_CONN = conf.get("database", "SQL_ALCHEMY_CONN")

[2026-01-17T13:18:31.477+0000] {task_command.py:423} INFO - Running <TaskInstance: ModelDevelop.get_data scheduled__2026-01-06T13:00:00+00:00 [running]> on host ed3184b6b543
[2026-01-17T13:18:31.542+0000] {taskinstance.py:2513} INFO - Exporting env vars: AIRFLOW_CTX_DAG_OWNER='***' AIRFLOW_CTX_DAG_ID='ModelDevelop' AIRFLOW_CTX_TASK_ID='get_data' AIRFLOW_CTX_EXECUTION_DATE='2026-01-06T13:00:00+00:00' AIRFLOW_CTX_TRY_NUMBER='1' AIRFLOW_CTX_DAG_RUN_ID='scheduled__2026-01-06T13:00:00+00:00'
[2026-01-17T13:18:31.551+0000] {python.py:202} INFO - Done. Returned value was: ./iris.csv
[2026-01-17T13:18:31.597+0000] {taskinstance.py:1149} INFO - Marking task as SUCCESS. dag_id=ModelDevelop, task_id=get_data, execution_date=20260106T130000, start_date=20260117T131831, end_date=20260117T131831
[2026-01-17T13:18:31.623+0000] {local_task_job_runner.py:234} INFO - Task exited with return code 0
[2026-01-17T13:18:31.639+0000] {taskinstance.py:3312} INFO - 1 downstream tasks scheduled from follow-on schedule check
[2026-01-17T13:39:53.697+0000] {taskinstance.py:1979} INFO - Dependencies all met for dep_context=non-requeueable deps ti=<TaskInstance: ModelDevelop.get_data scheduled__2026-01-06T13:00:00+00:00 [queued]>
[2026-01-17T13:39:53.708+0000] {taskinstance.py:1979} INFO - Dependencies all met for dep_context=requeueable deps ti=<TaskInstance: ModelDevelop.get_data scheduled__2026-01-06T13:00:00+00:00 [queued]>
[2026-01-17T13:39:53.708+0000] {taskinstance.py:2193} INFO - Starting attempt 1 of 2
[2026-01-17T13:39:53.724+0000] {taskinstance.py:2217} INFO - Executing <Task(PythonOperator): get_data> on 2026-01-06 13:00:00+00:00
[2026-01-17T13:39:53.733+0000] {standard_task_runner.py:60} INFO - Started process 13749 to run task
[2026-01-17T13:39:53.762+0000] {standard_task_runner.py:87} INFO - Running: ['***', 'tasks', 'run', 'ModelDevelop', 'get_data', 'scheduled__2026-01-06T13:00:00+00:00', '--job-id', '208', '--raw', '--subdir', 'DAGS_FOLDER/example.py', '--cfg-path', '/tmp/tmpj2znu9xf']
[2026-01-17T13:39:53.763+0000] {standard_task_runner.py:88} INFO - Job 208: Subtask get_data
[2026-01-17T13:39:53.787+0000] {warnings.py:109} WARNING - /home/***/.local/lib/python3.9/site-packages/***/settings.py:194: DeprecationWarning: The sql_alchemy_conn option in [core] has been moved to the sql_alchemy_conn option in [database] - the old setting has been used, but please update your config.
  SQL_ALCHEMY_CONN = conf.get("database", "SQL_ALCHEMY_CONN")

[2026-01-17T13:39:53.834+0000] {task_command.py:423} INFO - Running <TaskInstance: ModelDevelop.get_data scheduled__2026-01-06T13:00:00+00:00 [running]> on host 5330652dc216
[2026-01-17T13:39:53.909+0000] {taskinstance.py:2513} INFO - Exporting env vars: AIRFLOW_CTX_DAG_OWNER='***' AIRFLOW_CTX_DAG_ID='ModelDevelop' AIRFLOW_CTX_TASK_ID='get_data' AIRFLOW_CTX_EXECUTION_DATE='2026-01-06T13:00:00+00:00' AIRFLOW_CTX_TRY_NUMBER='1' AIRFLOW_CTX_DAG_RUN_ID='scheduled__2026-01-06T13:00:00+00:00'
[2026-01-17T13:39:53.920+0000] {python.py:202} INFO - Done. Returned value was: ./iris.csv
[2026-01-17T13:39:53.937+0000] {taskinstance.py:1149} INFO - Marking task as SUCCESS. dag_id=ModelDevelop, task_id=get_data, execution_date=20260106T130000, start_date=20260117T133953, end_date=20260117T133953
[2026-01-17T13:39:53.993+0000] {local_task_job_runner.py:234} INFO - Task exited with return code 0
[2026-01-17T13:39:54.025+0000] {taskinstance.py:3312} INFO - 1 downstream tasks scheduled from follow-on schedule check
