[2026-03-06T06:25:04.727+0000] {taskinstance.py:1979} INFO - Dependencies all met for dep_context=non-requeueable deps ti=<TaskInstance: DataDriftRetrainDAG.detect_drift scheduled__2026-03-06T06:20:00+00:00 [queued]>
[2026-03-06T06:25:04.731+0000] {taskinstance.py:1979} INFO - Dependencies all met for dep_context=requeueable deps ti=<TaskInstance: DataDriftRetrainDAG.detect_drift scheduled__2026-03-06T06:20:00+00:00 [queued]>
[2026-03-06T06:25:04.731+0000] {taskinstance.py:2193} INFO - Starting attempt 2 of 2
[2026-03-06T06:25:04.737+0000] {taskinstance.py:2217} INFO - Executing <Task(BranchPythonOperator): detect_drift> on 2026-03-06 06:20:00+00:00
[2026-03-06T06:25:04.744+0000] {standard_task_runner.py:60} INFO - Started process 1086 to run task
[2026-03-06T06:25:04.746+0000] {standard_task_runner.py:87} INFO - Running: ['***', 'tasks', 'run', 'DataDriftRetrainDAG', 'detect_drift', 'scheduled__2026-03-06T06:20:00+00:00', '--job-id', '25', '--raw', '--subdir', 'DAGS_FOLDER/exercise_drift.py', '--cfg-path', '/tmp/tmpf4d81oxr']
[2026-03-06T06:25:04.746+0000] {standard_task_runner.py:88} INFO - Job 25: Subtask detect_drift
[2026-03-06T06:25:04.754+0000] {warnings.py:109} WARNING - /home/***/.local/lib/python3.9/site-packages/***/settings.py:194: DeprecationWarning: The sql_alchemy_conn option in [core] has been moved to the sql_alchemy_conn option in [database] - the old setting has been used, but please update your config.
  SQL_ALCHEMY_CONN = conf.get("database", "SQL_ALCHEMY_CONN")

[2026-03-06T06:25:04.779+0000] {task_command.py:423} INFO - Running <TaskInstance: DataDriftRetrainDAG.detect_drift scheduled__2026-03-06T06:20:00+00:00 [running]> on host 397460420dc1
[2026-03-06T06:25:04.821+0000] {taskinstance.py:2513} INFO - Exporting env vars: AIRFLOW_CTX_DAG_OWNER='***' AIRFLOW_CTX_DAG_ID='DataDriftRetrainDAG' AIRFLOW_CTX_TASK_ID='detect_drift' AIRFLOW_CTX_EXECUTION_DATE='2026-03-06T06:20:00+00:00' AIRFLOW_CTX_TRY_NUMBER='2' AIRFLOW_CTX_DAG_RUN_ID='scheduled__2026-03-06T06:20:00+00:00'
[2026-03-06T06:25:04.836+0000] {taskinstance.py:2731} ERROR - Task failed with exception
Traceback (most recent call last):
  File "/home/airflow/.local/lib/python3.9/site-packages/airflow/models/taskinstance.py", line 444, in _execute_task
    result = _execute_callable(context=context, **execute_callable_kwargs)
  File "/home/airflow/.local/lib/python3.9/site-packages/airflow/models/taskinstance.py", line 414, in _execute_callable
    return execute_callable(context=context, **execute_callable_kwargs)
  File "/home/airflow/.local/lib/python3.9/site-packages/airflow/operators/python.py", line 234, in execute
    return self.do_branch(context, super().execute(context))
  File "/home/airflow/.local/lib/python3.9/site-packages/airflow/operators/python.py", line 200, in execute
    return_value = self.execute_callable()
  File "/home/airflow/.local/lib/python3.9/site-packages/airflow/operators/python.py", line 217, in execute_callable
    return self.python_callable(*self.op_args, **self.op_kwargs)
  File "/opt/airflow/dags/exercise_drift.py", line 73, in detect_drift
    current_stats.columns = ['feature', 'mean', 'std']
  File "/home/airflow/.local/lib/python3.9/site-packages/pandas/core/generic.py", line 6218, in __setattr__
    return object.__setattr__(self, name, value)
  File "properties.pyx", line 69, in pandas._libs.properties.AxisProperty.__set__
  File "/home/airflow/.local/lib/python3.9/site-packages/pandas/core/generic.py", line 767, in _set_axis
    self._mgr.set_axis(axis, labels)
  File "/home/airflow/.local/lib/python3.9/site-packages/pandas/core/internals/managers.py", line 227, in set_axis
    self._validate_set_axis(axis, new_labels)
  File "/home/airflow/.local/lib/python3.9/site-packages/pandas/core/internals/base.py", line 85, in _validate_set_axis
    raise ValueError(
ValueError: Length mismatch: Expected axis has 5 elements, new values have 3 elements
[2026-03-06T06:25:04.842+0000] {taskinstance.py:1149} INFO - Marking task as FAILED. dag_id=DataDriftRetrainDAG, task_id=detect_drift, execution_date=20260306T062000, start_date=20260306T062504, end_date=20260306T062504
[2026-03-06T06:25:04.849+0000] {standard_task_runner.py:107} ERROR - Failed to execute job 25 for task detect_drift (Length mismatch: Expected axis has 5 elements, new values have 3 elements; 1086)
[2026-03-06T06:25:04.877+0000] {local_task_job_runner.py:234} INFO - Task exited with return code 1
[2026-03-06T06:25:04.897+0000] {taskinstance.py:3312} INFO - 0 downstream tasks scheduled from follow-on schedule check
