[2026-01-16T07:54:45.473+0000] {taskinstance.py:1979} INFO - Dependencies all met for dep_context=non-requeueable deps ti=<TaskInstance: ModelDevelop.get_data scheduled__2026-01-05T08:00:00+00:00 [queued]>
[2026-01-16T07:54:45.480+0000] {taskinstance.py:1979} INFO - Dependencies all met for dep_context=requeueable deps ti=<TaskInstance: ModelDevelop.get_data scheduled__2026-01-05T08:00:00+00:00 [queued]>
[2026-01-16T07:54:45.480+0000] {taskinstance.py:2193} INFO - Starting attempt 1 of 2
[2026-01-16T07:54:45.490+0000] {taskinstance.py:2217} INFO - Executing <Task(PythonOperator): get_data> on 2026-01-05 08:00:00+00:00
[2026-01-16T07:54:45.501+0000] {standard_task_runner.py:60} INFO - Started process 11096 to run task
[2026-01-16T07:54:45.518+0000] {standard_task_runner.py:87} INFO - Running: ['***', 'tasks', 'run', 'ModelDevelop', 'get_data', 'scheduled__2026-01-05T08:00:00+00:00', '--job-id', '162', '--raw', '--subdir', 'DAGS_FOLDER/example.py', '--cfg-path', '/tmp/tmpujykaspr']
[2026-01-16T07:54:45.518+0000] {standard_task_runner.py:88} INFO - Job 162: Subtask get_data
[2026-01-16T07:54:45.529+0000] {warnings.py:109} WARNING - /home/***/.local/lib/python3.9/site-packages/***/settings.py:194: DeprecationWarning: The sql_alchemy_conn option in [core] has been moved to the sql_alchemy_conn option in [database] - the old setting has been used, but please update your config.
  SQL_ALCHEMY_CONN = conf.get("database", "SQL_ALCHEMY_CONN")

[2026-01-16T07:54:45.555+0000] {task_command.py:423} INFO - Running <TaskInstance: ModelDevelop.get_data scheduled__2026-01-05T08:00:00+00:00 [running]> on host 8a4f043652f0
[2026-01-16T07:54:45.629+0000] {taskinstance.py:2513} INFO - Exporting env vars: AIRFLOW_CTX_DAG_OWNER='***' AIRFLOW_CTX_DAG_ID='ModelDevelop' AIRFLOW_CTX_TASK_ID='get_data' AIRFLOW_CTX_EXECUTION_DATE='2026-01-05T08:00:00+00:00' AIRFLOW_CTX_TRY_NUMBER='1' AIRFLOW_CTX_DAG_RUN_ID='scheduled__2026-01-05T08:00:00+00:00'
[2026-01-16T07:54:45.638+0000] {python.py:202} INFO - Done. Returned value was: ./iris.csv
[2026-01-16T07:54:45.653+0000] {taskinstance.py:1149} INFO - Marking task as SUCCESS. dag_id=ModelDevelop, task_id=get_data, execution_date=20260105T080000, start_date=20260116T075445, end_date=20260116T075445
[2026-01-16T07:54:45.764+0000] {local_task_job_runner.py:234} INFO - Task exited with return code 0
[2026-01-16T07:54:45.785+0000] {taskinstance.py:3312} INFO - 1 downstream tasks scheduled from follow-on schedule check
[2026-01-17T13:18:20.342+0000] {taskinstance.py:1979} INFO - Dependencies all met for dep_context=non-requeueable deps ti=<TaskInstance: ModelDevelop.get_data scheduled__2026-01-05T08:00:00+00:00 [queued]>
[2026-01-17T13:18:20.349+0000] {taskinstance.py:1979} INFO - Dependencies all met for dep_context=requeueable deps ti=<TaskInstance: ModelDevelop.get_data scheduled__2026-01-05T08:00:00+00:00 [queued]>
[2026-01-17T13:18:20.349+0000] {taskinstance.py:2193} INFO - Starting attempt 1 of 2
[2026-01-17T13:18:20.418+0000] {taskinstance.py:2217} INFO - Executing <Task(PythonOperator): get_data> on 2026-01-05 08:00:00+00:00
[2026-01-17T13:18:20.428+0000] {standard_task_runner.py:60} INFO - Started process 11128 to run task
[2026-01-17T13:18:20.442+0000] {standard_task_runner.py:87} INFO - Running: ['***', 'tasks', 'run', 'ModelDevelop', 'get_data', 'scheduled__2026-01-05T08:00:00+00:00', '--job-id', '162', '--raw', '--subdir', 'DAGS_FOLDER/example.py', '--cfg-path', '/tmp/tmp177z4_da']
[2026-01-17T13:18:20.443+0000] {standard_task_runner.py:88} INFO - Job 162: Subtask get_data
[2026-01-17T13:18:20.457+0000] {warnings.py:109} WARNING - /home/***/.local/lib/python3.9/site-packages/***/settings.py:194: DeprecationWarning: The sql_alchemy_conn option in [core] has been moved to the sql_alchemy_conn option in [database] - the old setting has been used, but please update your config.
  SQL_ALCHEMY_CONN = conf.get("database", "SQL_ALCHEMY_CONN")

[2026-01-17T13:18:20.486+0000] {task_command.py:423} INFO - Running <TaskInstance: ModelDevelop.get_data scheduled__2026-01-05T08:00:00+00:00 [running]> on host ed3184b6b543
[2026-01-17T13:18:20.591+0000] {taskinstance.py:2513} INFO - Exporting env vars: AIRFLOW_CTX_DAG_OWNER='***' AIRFLOW_CTX_DAG_ID='ModelDevelop' AIRFLOW_CTX_TASK_ID='get_data' AIRFLOW_CTX_EXECUTION_DATE='2026-01-05T08:00:00+00:00' AIRFLOW_CTX_TRY_NUMBER='1' AIRFLOW_CTX_DAG_RUN_ID='scheduled__2026-01-05T08:00:00+00:00'
[2026-01-17T13:18:20.600+0000] {python.py:202} INFO - Done. Returned value was: ./iris.csv
[2026-01-17T13:18:20.616+0000] {taskinstance.py:1149} INFO - Marking task as SUCCESS. dag_id=ModelDevelop, task_id=get_data, execution_date=20260105T080000, start_date=20260117T131820, end_date=20260117T131820
[2026-01-17T13:18:20.648+0000] {local_task_job_runner.py:234} INFO - Task exited with return code 0
[2026-01-17T13:18:20.710+0000] {taskinstance.py:3312} INFO - 0 downstream tasks scheduled from follow-on schedule check
[2026-01-17T13:39:42.076+0000] {taskinstance.py:1979} INFO - Dependencies all met for dep_context=non-requeueable deps ti=<TaskInstance: ModelDevelop.get_data scheduled__2026-01-05T08:00:00+00:00 [queued]>
[2026-01-17T13:39:42.081+0000] {taskinstance.py:1979} INFO - Dependencies all met for dep_context=requeueable deps ti=<TaskInstance: ModelDevelop.get_data scheduled__2026-01-05T08:00:00+00:00 [queued]>
[2026-01-17T13:39:42.081+0000] {taskinstance.py:2193} INFO - Starting attempt 1 of 2
[2026-01-17T13:39:42.088+0000] {taskinstance.py:2217} INFO - Executing <Task(PythonOperator): get_data> on 2026-01-05 08:00:00+00:00
[2026-01-17T13:39:42.094+0000] {standard_task_runner.py:60} INFO - Started process 11096 to run task
[2026-01-17T13:39:42.097+0000] {standard_task_runner.py:87} INFO - Running: ['***', 'tasks', 'run', 'ModelDevelop', 'get_data', 'scheduled__2026-01-05T08:00:00+00:00', '--job-id', '162', '--raw', '--subdir', 'DAGS_FOLDER/example.py', '--cfg-path', '/tmp/tmp3fhvhw6m']
[2026-01-17T13:39:42.097+0000] {standard_task_runner.py:88} INFO - Job 162: Subtask get_data
[2026-01-17T13:39:42.107+0000] {warnings.py:109} WARNING - /home/***/.local/lib/python3.9/site-packages/***/settings.py:194: DeprecationWarning: The sql_alchemy_conn option in [core] has been moved to the sql_alchemy_conn option in [database] - the old setting has been used, but please update your config.
  SQL_ALCHEMY_CONN = conf.get("database", "SQL_ALCHEMY_CONN")

[2026-01-17T13:39:42.132+0000] {task_command.py:423} INFO - Running <TaskInstance: ModelDevelop.get_data scheduled__2026-01-05T08:00:00+00:00 [running]> on host 5330652dc216
[2026-01-17T13:39:42.200+0000] {taskinstance.py:2513} INFO - Exporting env vars: AIRFLOW_CTX_DAG_OWNER='***' AIRFLOW_CTX_DAG_ID='ModelDevelop' AIRFLOW_CTX_TASK_ID='get_data' AIRFLOW_CTX_EXECUTION_DATE='2026-01-05T08:00:00+00:00' AIRFLOW_CTX_TRY_NUMBER='1' AIRFLOW_CTX_DAG_RUN_ID='scheduled__2026-01-05T08:00:00+00:00'
[2026-01-17T13:39:42.211+0000] {python.py:202} INFO - Done. Returned value was: ./iris.csv
[2026-01-17T13:39:42.241+0000] {taskinstance.py:1149} INFO - Marking task as SUCCESS. dag_id=ModelDevelop, task_id=get_data, execution_date=20260105T080000, start_date=20260117T133942, end_date=20260117T133942
[2026-01-17T13:39:42.269+0000] {local_task_job_runner.py:234} INFO - Task exited with return code 0
[2026-01-17T13:39:42.346+0000] {taskinstance.py:3312} INFO - 0 downstream tasks scheduled from follow-on schedule check
