[2026-03-25T05:09:40.155+0000] {processor.py:161} INFO - Started process (PID=54) to work on /opt/airflow/dags/exercise_QAs.py
[2026-03-25T05:09:40.155+0000] {processor.py:830} INFO - Processing file /opt/airflow/dags/exercise_QAs.py for tasks to queue
[2026-03-25T05:09:40.157+0000] {logging_mixin.py:188} INFO - [2026-03-25T05:09:40.156+0000] {dagbag.py:540} INFO - Filling up the DagBag from /opt/airflow/dags/exercise_QAs.py
[2026-03-25T05:09:41.494+0000] {logging_mixin.py:188} WARNING - 2026/03/25 05:09:41 INFO mlflow.tracking.fluent: Experiment with name 'exercise_QAs' does not exist. Creating a new experiment.
[2026-03-25T05:09:41.510+0000] {processor.py:840} INFO - DAG(s) 'ExampleDAG' retrieved from /opt/airflow/dags/exercise_QAs.py
[2026-03-25T05:09:41.640+0000] {logging_mixin.py:188} INFO - [2026-03-25T05:09:41.639+0000] {override.py:1769} INFO - Created Permission View: can edit on DAG:ExampleDAG
[2026-03-25T05:09:41.644+0000] {logging_mixin.py:188} INFO - [2026-03-25T05:09:41.644+0000] {override.py:1769} INFO - Created Permission View: can read on DAG:ExampleDAG
[2026-03-25T05:09:41.647+0000] {logging_mixin.py:188} INFO - [2026-03-25T05:09:41.647+0000] {override.py:1769} INFO - Created Permission View: can delete on DAG:ExampleDAG
[2026-03-25T05:09:41.647+0000] {logging_mixin.py:188} INFO - [2026-03-25T05:09:41.647+0000] {dag.py:3047} INFO - Sync 1 DAGs
[2026-03-25T05:09:41.654+0000] {logging_mixin.py:188} INFO - [2026-03-25T05:09:41.654+0000] {dag.py:3069} INFO - Creating ORM DAG for ExampleDAG
[2026-03-25T05:09:41.660+0000] {logging_mixin.py:188} INFO - [2026-03-25T05:09:41.660+0000] {dag.py:3834} INFO - Setting next_dagrun for ExampleDAG to 2026-03-23 18:00:00+00:00, run_after=2026-03-24 18:00:00+00:00
[2026-03-25T05:09:41.667+0000] {processor.py:183} INFO - Processing /opt/airflow/dags/exercise_QAs.py took 1.515 seconds
[2026-03-25T05:10:11.810+0000] {processor.py:161} INFO - Started process (PID=120) to work on /opt/airflow/dags/exercise_QAs.py
[2026-03-25T05:10:11.811+0000] {processor.py:830} INFO - Processing file /opt/airflow/dags/exercise_QAs.py for tasks to queue
[2026-03-25T05:10:11.812+0000] {logging_mixin.py:188} INFO - [2026-03-25T05:10:11.811+0000] {dagbag.py:540} INFO - Filling up the DagBag from /opt/airflow/dags/exercise_QAs.py
[2026-03-25T05:10:12.622+0000] {processor.py:840} INFO - DAG(s) 'ExampleDAG' retrieved from /opt/airflow/dags/exercise_QAs.py
[2026-03-25T05:10:12.635+0000] {logging_mixin.py:188} INFO - [2026-03-25T05:10:12.635+0000] {dag.py:3047} INFO - Sync 1 DAGs
[2026-03-25T05:10:12.647+0000] {logging_mixin.py:188} INFO - [2026-03-25T05:10:12.647+0000] {dag.py:3834} INFO - Setting next_dagrun for ExampleDAG to 2026-03-23 18:00:00+00:00, run_after=2026-03-24 18:00:00+00:00
[2026-03-25T05:10:12.655+0000] {processor.py:183} INFO - Processing /opt/airflow/dags/exercise_QAs.py took 0.847 seconds
[2026-03-25T05:10:42.786+0000] {processor.py:161} INFO - Started process (PID=186) to work on /opt/airflow/dags/exercise_QAs.py
[2026-03-25T05:10:42.787+0000] {processor.py:830} INFO - Processing file /opt/airflow/dags/exercise_QAs.py for tasks to queue
[2026-03-25T05:10:42.788+0000] {logging_mixin.py:188} INFO - [2026-03-25T05:10:42.788+0000] {dagbag.py:540} INFO - Filling up the DagBag from /opt/airflow/dags/exercise_QAs.py
[2026-03-25T05:10:43.606+0000] {processor.py:840} INFO - DAG(s) 'ExampleDAG' retrieved from /opt/airflow/dags/exercise_QAs.py
[2026-03-25T05:10:43.619+0000] {logging_mixin.py:188} INFO - [2026-03-25T05:10:43.619+0000] {dag.py:3047} INFO - Sync 1 DAGs
[2026-03-25T05:10:43.632+0000] {logging_mixin.py:188} INFO - [2026-03-25T05:10:43.632+0000] {dag.py:3834} INFO - Setting next_dagrun for ExampleDAG to 2026-03-23 18:00:00+00:00, run_after=2026-03-24 18:00:00+00:00
[2026-03-25T05:10:43.639+0000] {processor.py:183} INFO - Processing /opt/airflow/dags/exercise_QAs.py took 0.856 seconds
[2026-03-25T05:11:13.734+0000] {processor.py:161} INFO - Started process (PID=252) to work on /opt/airflow/dags/exercise_QAs.py
[2026-03-25T05:11:13.735+0000] {processor.py:830} INFO - Processing file /opt/airflow/dags/exercise_QAs.py for tasks to queue
[2026-03-25T05:11:13.736+0000] {logging_mixin.py:188} INFO - [2026-03-25T05:11:13.736+0000] {dagbag.py:540} INFO - Filling up the DagBag from /opt/airflow/dags/exercise_QAs.py
[2026-03-25T05:11:14.527+0000] {processor.py:840} INFO - DAG(s) 'ExampleDAG' retrieved from /opt/airflow/dags/exercise_QAs.py
[2026-03-25T05:11:14.539+0000] {logging_mixin.py:188} INFO - [2026-03-25T05:11:14.539+0000] {dag.py:3047} INFO - Sync 1 DAGs
[2026-03-25T05:11:14.551+0000] {logging_mixin.py:188} INFO - [2026-03-25T05:11:14.551+0000] {dag.py:3834} INFO - Setting next_dagrun for ExampleDAG to 2026-03-23 18:00:00+00:00, run_after=2026-03-24 18:00:00+00:00
[2026-03-25T05:11:14.559+0000] {processor.py:183} INFO - Processing /opt/airflow/dags/exercise_QAs.py took 0.827 seconds
[2026-03-25T05:11:44.713+0000] {processor.py:161} INFO - Started process (PID=318) to work on /opt/airflow/dags/exercise_QAs.py
[2026-03-25T05:11:44.714+0000] {processor.py:830} INFO - Processing file /opt/airflow/dags/exercise_QAs.py for tasks to queue
[2026-03-25T05:11:44.715+0000] {logging_mixin.py:188} INFO - [2026-03-25T05:11:44.715+0000] {dagbag.py:540} INFO - Filling up the DagBag from /opt/airflow/dags/exercise_QAs.py
[2026-03-25T05:11:45.499+0000] {processor.py:840} INFO - DAG(s) 'ExampleDAG' retrieved from /opt/airflow/dags/exercise_QAs.py
[2026-03-25T05:11:45.512+0000] {logging_mixin.py:188} INFO - [2026-03-25T05:11:45.512+0000] {dag.py:3047} INFO - Sync 1 DAGs
[2026-03-25T05:11:45.524+0000] {logging_mixin.py:188} INFO - [2026-03-25T05:11:45.524+0000] {dag.py:3834} INFO - Setting next_dagrun for ExampleDAG to 2026-03-23 18:00:00+00:00, run_after=2026-03-24 18:00:00+00:00
[2026-03-25T05:11:45.532+0000] {processor.py:183} INFO - Processing /opt/airflow/dags/exercise_QAs.py took 0.822 seconds
[2026-03-25T05:12:15.673+0000] {processor.py:161} INFO - Started process (PID=384) to work on /opt/airflow/dags/exercise_QAs.py
[2026-03-25T05:12:15.674+0000] {processor.py:830} INFO - Processing file /opt/airflow/dags/exercise_QAs.py for tasks to queue
[2026-03-25T05:12:15.675+0000] {logging_mixin.py:188} INFO - [2026-03-25T05:12:15.675+0000] {dagbag.py:540} INFO - Filling up the DagBag from /opt/airflow/dags/exercise_QAs.py
[2026-03-25T05:12:16.462+0000] {processor.py:840} INFO - DAG(s) 'ExampleDAG' retrieved from /opt/airflow/dags/exercise_QAs.py
[2026-03-25T05:12:16.475+0000] {logging_mixin.py:188} INFO - [2026-03-25T05:12:16.475+0000] {dag.py:3047} INFO - Sync 1 DAGs
[2026-03-25T05:12:16.488+0000] {logging_mixin.py:188} INFO - [2026-03-25T05:12:16.488+0000] {dag.py:3834} INFO - Setting next_dagrun for ExampleDAG to 2026-03-23 18:00:00+00:00, run_after=2026-03-24 18:00:00+00:00
[2026-03-25T05:12:16.496+0000] {processor.py:183} INFO - Processing /opt/airflow/dags/exercise_QAs.py took 0.826 seconds
