[2026-01-16T07:56:26.943+0000] {taskinstance.py:1979} INFO - Dependencies all met for dep_context=non-requeueable deps ti=<TaskInstance: ModelDevelop.get_data scheduled__2026-01-12T00:00:00+00:00 [queued]>
[2026-01-16T07:56:26.948+0000] {taskinstance.py:1979} INFO - Dependencies all met for dep_context=requeueable deps ti=<TaskInstance: ModelDevelop.get_data scheduled__2026-01-12T00:00:00+00:00 [queued]>
[2026-01-16T07:56:26.948+0000] {taskinstance.py:2193} INFO - Starting attempt 1 of 2
[2026-01-16T07:56:27.014+0000] {taskinstance.py:2217} INFO - Executing <Task(PythonOperator): get_data> on 2026-01-12 00:00:00+00:00
[2026-01-16T07:56:27.021+0000] {standard_task_runner.py:60} INFO - Started process 32568 to run task
[2026-01-16T07:56:27.023+0000] {standard_task_runner.py:87} INFO - Running: ['***', 'tasks', 'run', 'ModelDevelop', 'get_data', 'scheduled__2026-01-12T00:00:00+00:00', '--job-id', '482', '--raw', '--subdir', 'DAGS_FOLDER/example.py', '--cfg-path', '/tmp/tmpdm7rg8fw']
[2026-01-16T07:56:27.024+0000] {standard_task_runner.py:88} INFO - Job 482: Subtask get_data
[2026-01-16T07:56:27.033+0000] {warnings.py:109} WARNING - /home/***/.local/lib/python3.9/site-packages/***/settings.py:194: DeprecationWarning: The sql_alchemy_conn option in [core] has been moved to the sql_alchemy_conn option in [database] - the old setting has been used, but please update your config.
  SQL_ALCHEMY_CONN = conf.get("database", "SQL_ALCHEMY_CONN")

[2026-01-16T07:56:27.059+0000] {task_command.py:423} INFO - Running <TaskInstance: ModelDevelop.get_data scheduled__2026-01-12T00:00:00+00:00 [running]> on host 8a4f043652f0
[2026-01-16T07:56:27.162+0000] {taskinstance.py:2513} INFO - Exporting env vars: AIRFLOW_CTX_DAG_OWNER='***' AIRFLOW_CTX_DAG_ID='ModelDevelop' AIRFLOW_CTX_TASK_ID='get_data' AIRFLOW_CTX_EXECUTION_DATE='2026-01-12T00:00:00+00:00' AIRFLOW_CTX_TRY_NUMBER='1' AIRFLOW_CTX_DAG_RUN_ID='scheduled__2026-01-12T00:00:00+00:00'
[2026-01-16T07:56:27.171+0000] {python.py:202} INFO - Done. Returned value was: ./iris.csv
[2026-01-16T07:56:27.186+0000] {taskinstance.py:1149} INFO - Marking task as SUCCESS. dag_id=ModelDevelop, task_id=get_data, execution_date=20260112T000000, start_date=20260116T075626, end_date=20260116T075627
[2026-01-16T07:56:27.235+0000] {local_task_job_runner.py:234} INFO - Task exited with return code 0
[2026-01-16T07:56:27.286+0000] {taskinstance.py:3312} INFO - 0 downstream tasks scheduled from follow-on schedule check
[2026-01-17T13:20:01.973+0000] {taskinstance.py:1979} INFO - Dependencies all met for dep_context=non-requeueable deps ti=<TaskInstance: ModelDevelop.get_data scheduled__2026-01-12T00:00:00+00:00 [queued]>
[2026-01-17T13:20:01.978+0000] {taskinstance.py:1979} INFO - Dependencies all met for dep_context=requeueable deps ti=<TaskInstance: ModelDevelop.get_data scheduled__2026-01-12T00:00:00+00:00 [queued]>
[2026-01-17T13:20:01.978+0000] {taskinstance.py:2193} INFO - Starting attempt 1 of 2
[2026-01-17T13:20:01.986+0000] {taskinstance.py:2217} INFO - Executing <Task(PythonOperator): get_data> on 2026-01-12 00:00:00+00:00
[2026-01-17T13:20:01.994+0000] {standard_task_runner.py:60} INFO - Started process 31063 to run task
[2026-01-17T13:20:01.996+0000] {standard_task_runner.py:87} INFO - Running: ['***', 'tasks', 'run', 'ModelDevelop', 'get_data', 'scheduled__2026-01-12T00:00:00+00:00', '--job-id', '467', '--raw', '--subdir', 'DAGS_FOLDER/example.py', '--cfg-path', '/tmp/tmpdhjelx5a']
[2026-01-17T13:20:01.997+0000] {standard_task_runner.py:88} INFO - Job 467: Subtask get_data
[2026-01-17T13:20:02.005+0000] {warnings.py:109} WARNING - /home/***/.local/lib/python3.9/site-packages/***/settings.py:194: DeprecationWarning: The sql_alchemy_conn option in [core] has been moved to the sql_alchemy_conn option in [database] - the old setting has been used, but please update your config.
  SQL_ALCHEMY_CONN = conf.get("database", "SQL_ALCHEMY_CONN")

[2026-01-17T13:20:02.030+0000] {task_command.py:423} INFO - Running <TaskInstance: ModelDevelop.get_data scheduled__2026-01-12T00:00:00+00:00 [running]> on host ed3184b6b543
[2026-01-17T13:20:02.080+0000] {taskinstance.py:2513} INFO - Exporting env vars: AIRFLOW_CTX_DAG_OWNER='***' AIRFLOW_CTX_DAG_ID='ModelDevelop' AIRFLOW_CTX_TASK_ID='get_data' AIRFLOW_CTX_EXECUTION_DATE='2026-01-12T00:00:00+00:00' AIRFLOW_CTX_TRY_NUMBER='1' AIRFLOW_CTX_DAG_RUN_ID='scheduled__2026-01-12T00:00:00+00:00'
[2026-01-17T13:20:02.088+0000] {python.py:202} INFO - Done. Returned value was: ./iris.csv
[2026-01-17T13:20:02.103+0000] {taskinstance.py:1149} INFO - Marking task as SUCCESS. dag_id=ModelDevelop, task_id=get_data, execution_date=20260112T000000, start_date=20260117T132001, end_date=20260117T132002
[2026-01-17T13:20:02.128+0000] {local_task_job_runner.py:234} INFO - Task exited with return code 0
[2026-01-17T13:20:02.144+0000] {taskinstance.py:3312} INFO - 1 downstream tasks scheduled from follow-on schedule check
[2026-01-17T13:41:32.840+0000] {taskinstance.py:1979} INFO - Dependencies all met for dep_context=non-requeueable deps ti=<TaskInstance: ModelDevelop.get_data scheduled__2026-01-12T00:00:00+00:00 [queued]>
[2026-01-17T13:41:32.847+0000] {taskinstance.py:1979} INFO - Dependencies all met for dep_context=requeueable deps ti=<TaskInstance: ModelDevelop.get_data scheduled__2026-01-12T00:00:00+00:00 [queued]>
[2026-01-17T13:41:32.847+0000] {taskinstance.py:2193} INFO - Starting attempt 1 of 2
[2026-01-17T13:41:32.857+0000] {taskinstance.py:2217} INFO - Executing <Task(PythonOperator): get_data> on 2026-01-12 00:00:00+00:00
[2026-01-17T13:41:32.865+0000] {standard_task_runner.py:60} INFO - Started process 31505 to run task
[2026-01-17T13:41:32.868+0000] {standard_task_runner.py:87} INFO - Running: ['***', 'tasks', 'run', 'ModelDevelop', 'get_data', 'scheduled__2026-01-12T00:00:00+00:00', '--job-id', '472', '--raw', '--subdir', 'DAGS_FOLDER/example.py', '--cfg-path', '/tmp/tmp7e7i2mav']
[2026-01-17T13:41:32.868+0000] {standard_task_runner.py:88} INFO - Job 472: Subtask get_data
[2026-01-17T13:41:32.876+0000] {warnings.py:109} WARNING - /home/***/.local/lib/python3.9/site-packages/***/settings.py:194: DeprecationWarning: The sql_alchemy_conn option in [core] has been moved to the sql_alchemy_conn option in [database] - the old setting has been used, but please update your config.
  SQL_ALCHEMY_CONN = conf.get("database", "SQL_ALCHEMY_CONN")

[2026-01-17T13:41:32.899+0000] {task_command.py:423} INFO - Running <TaskInstance: ModelDevelop.get_data scheduled__2026-01-12T00:00:00+00:00 [running]> on host 5330652dc216
[2026-01-17T13:41:32.947+0000] {taskinstance.py:2513} INFO - Exporting env vars: AIRFLOW_CTX_DAG_OWNER='***' AIRFLOW_CTX_DAG_ID='ModelDevelop' AIRFLOW_CTX_TASK_ID='get_data' AIRFLOW_CTX_EXECUTION_DATE='2026-01-12T00:00:00+00:00' AIRFLOW_CTX_TRY_NUMBER='1' AIRFLOW_CTX_DAG_RUN_ID='scheduled__2026-01-12T00:00:00+00:00'
[2026-01-17T13:41:32.957+0000] {python.py:202} INFO - Done. Returned value was: ./iris.csv
[2026-01-17T13:41:32.993+0000] {taskinstance.py:1149} INFO - Marking task as SUCCESS. dag_id=ModelDevelop, task_id=get_data, execution_date=20260112T000000, start_date=20260117T134132, end_date=20260117T134132
[2026-01-17T13:41:33.080+0000] {local_task_job_runner.py:234} INFO - Task exited with return code 0
[2026-01-17T13:41:33.099+0000] {taskinstance.py:3312} INFO - 1 downstream tasks scheduled from follow-on schedule check
