[2026-01-16T07:54:14.934+0000] {taskinstance.py:1979} INFO - Dependencies all met for dep_context=non-requeueable deps ti=<TaskInstance: ModelDevelop.get_data scheduled__2026-01-03T19:00:00+00:00 [queued]>
[2026-01-16T07:54:14.940+0000] {taskinstance.py:1979} INFO - Dependencies all met for dep_context=requeueable deps ti=<TaskInstance: ModelDevelop.get_data scheduled__2026-01-03T19:00:00+00:00 [queued]>
[2026-01-16T07:54:14.940+0000] {taskinstance.py:2193} INFO - Starting attempt 1 of 2
[2026-01-16T07:54:14.949+0000] {taskinstance.py:2217} INFO - Executing <Task(PythonOperator): get_data> on 2026-01-03 19:00:00+00:00
[2026-01-16T07:54:14.959+0000] {standard_task_runner.py:60} INFO - Started process 5006 to run task
[2026-01-16T07:54:14.998+0000] {standard_task_runner.py:87} INFO - Running: ['***', 'tasks', 'run', 'ModelDevelop', 'get_data', 'scheduled__2026-01-03T19:00:00+00:00', '--job-id', '76', '--raw', '--subdir', 'DAGS_FOLDER/example.py', '--cfg-path', '/tmp/tmpo68eeknj']
[2026-01-16T07:54:14.999+0000] {standard_task_runner.py:88} INFO - Job 76: Subtask get_data
[2026-01-16T07:54:15.011+0000] {warnings.py:109} WARNING - /home/***/.local/lib/python3.9/site-packages/***/settings.py:194: DeprecationWarning: The sql_alchemy_conn option in [core] has been moved to the sql_alchemy_conn option in [database] - the old setting has been used, but please update your config.
  SQL_ALCHEMY_CONN = conf.get("database", "SQL_ALCHEMY_CONN")

[2026-01-16T07:54:15.043+0000] {task_command.py:423} INFO - Running <TaskInstance: ModelDevelop.get_data scheduled__2026-01-03T19:00:00+00:00 [running]> on host 8a4f043652f0
[2026-01-16T07:54:15.130+0000] {taskinstance.py:2513} INFO - Exporting env vars: AIRFLOW_CTX_DAG_OWNER='***' AIRFLOW_CTX_DAG_ID='ModelDevelop' AIRFLOW_CTX_TASK_ID='get_data' AIRFLOW_CTX_EXECUTION_DATE='2026-01-03T19:00:00+00:00' AIRFLOW_CTX_TRY_NUMBER='1' AIRFLOW_CTX_DAG_RUN_ID='scheduled__2026-01-03T19:00:00+00:00'
[2026-01-16T07:54:15.140+0000] {python.py:202} INFO - Done. Returned value was: ./iris.csv
[2026-01-16T07:54:15.181+0000] {taskinstance.py:1149} INFO - Marking task as SUCCESS. dag_id=ModelDevelop, task_id=get_data, execution_date=20260103T190000, start_date=20260116T075414, end_date=20260116T075415
[2026-01-16T07:54:15.214+0000] {local_task_job_runner.py:234} INFO - Task exited with return code 0
[2026-01-16T07:54:15.272+0000] {taskinstance.py:3312} INFO - 0 downstream tasks scheduled from follow-on schedule check
[2026-01-17T13:17:50.359+0000] {taskinstance.py:1979} INFO - Dependencies all met for dep_context=non-requeueable deps ti=<TaskInstance: ModelDevelop.get_data scheduled__2026-01-03T19:00:00+00:00 [queued]>
[2026-01-17T13:17:50.365+0000] {taskinstance.py:1979} INFO - Dependencies all met for dep_context=requeueable deps ti=<TaskInstance: ModelDevelop.get_data scheduled__2026-01-03T19:00:00+00:00 [queued]>
[2026-01-17T13:17:50.365+0000] {taskinstance.py:2193} INFO - Starting attempt 1 of 2
[2026-01-17T13:17:50.375+0000] {taskinstance.py:2217} INFO - Executing <Task(PythonOperator): get_data> on 2026-01-03 19:00:00+00:00
[2026-01-17T13:17:50.384+0000] {standard_task_runner.py:60} INFO - Started process 5072 to run task
[2026-01-17T13:17:50.386+0000] {standard_task_runner.py:87} INFO - Running: ['***', 'tasks', 'run', 'ModelDevelop', 'get_data', 'scheduled__2026-01-03T19:00:00+00:00', '--job-id', '77', '--raw', '--subdir', 'DAGS_FOLDER/example.py', '--cfg-path', '/tmp/tmp89xc8qot']
[2026-01-17T13:17:50.386+0000] {standard_task_runner.py:88} INFO - Job 77: Subtask get_data
[2026-01-17T13:17:50.394+0000] {warnings.py:109} WARNING - /home/***/.local/lib/python3.9/site-packages/***/settings.py:194: DeprecationWarning: The sql_alchemy_conn option in [core] has been moved to the sql_alchemy_conn option in [database] - the old setting has been used, but please update your config.
  SQL_ALCHEMY_CONN = conf.get("database", "SQL_ALCHEMY_CONN")

[2026-01-17T13:17:50.420+0000] {task_command.py:423} INFO - Running <TaskInstance: ModelDevelop.get_data scheduled__2026-01-03T19:00:00+00:00 [running]> on host ed3184b6b543
[2026-01-17T13:17:50.520+0000] {taskinstance.py:2513} INFO - Exporting env vars: AIRFLOW_CTX_DAG_OWNER='***' AIRFLOW_CTX_DAG_ID='ModelDevelop' AIRFLOW_CTX_TASK_ID='get_data' AIRFLOW_CTX_EXECUTION_DATE='2026-01-03T19:00:00+00:00' AIRFLOW_CTX_TRY_NUMBER='1' AIRFLOW_CTX_DAG_RUN_ID='scheduled__2026-01-03T19:00:00+00:00'
[2026-01-17T13:17:50.530+0000] {python.py:202} INFO - Done. Returned value was: ./iris.csv
[2026-01-17T13:17:50.548+0000] {taskinstance.py:1149} INFO - Marking task as SUCCESS. dag_id=ModelDevelop, task_id=get_data, execution_date=20260103T190000, start_date=20260117T131750, end_date=20260117T131750
[2026-01-17T13:17:50.638+0000] {local_task_job_runner.py:234} INFO - Task exited with return code 0
[2026-01-17T13:17:50.662+0000] {taskinstance.py:3312} INFO - 1 downstream tasks scheduled from follow-on schedule check
[2026-01-17T13:39:09.744+0000] {taskinstance.py:1979} INFO - Dependencies all met for dep_context=non-requeueable deps ti=<TaskInstance: ModelDevelop.get_data scheduled__2026-01-03T19:00:00+00:00 [queued]>
[2026-01-17T13:39:09.749+0000] {taskinstance.py:1979} INFO - Dependencies all met for dep_context=requeueable deps ti=<TaskInstance: ModelDevelop.get_data scheduled__2026-01-03T19:00:00+00:00 [queued]>
[2026-01-17T13:39:09.749+0000] {taskinstance.py:2193} INFO - Starting attempt 1 of 2
[2026-01-17T13:39:09.756+0000] {taskinstance.py:2217} INFO - Executing <Task(PythonOperator): get_data> on 2026-01-03 19:00:00+00:00
[2026-01-17T13:39:09.762+0000] {standard_task_runner.py:60} INFO - Started process 4970 to run task
[2026-01-17T13:39:09.764+0000] {standard_task_runner.py:87} INFO - Running: ['***', 'tasks', 'run', 'ModelDevelop', 'get_data', 'scheduled__2026-01-03T19:00:00+00:00', '--job-id', '78', '--raw', '--subdir', 'DAGS_FOLDER/example.py', '--cfg-path', '/tmp/tmpoc4fh1ix']
[2026-01-17T13:39:09.765+0000] {standard_task_runner.py:88} INFO - Job 78: Subtask get_data
[2026-01-17T13:39:09.773+0000] {warnings.py:109} WARNING - /home/***/.local/lib/python3.9/site-packages/***/settings.py:194: DeprecationWarning: The sql_alchemy_conn option in [core] has been moved to the sql_alchemy_conn option in [database] - the old setting has been used, but please update your config.
  SQL_ALCHEMY_CONN = conf.get("database", "SQL_ALCHEMY_CONN")

[2026-01-17T13:39:09.795+0000] {task_command.py:423} INFO - Running <TaskInstance: ModelDevelop.get_data scheduled__2026-01-03T19:00:00+00:00 [running]> on host 5330652dc216
[2026-01-17T13:39:09.839+0000] {taskinstance.py:2513} INFO - Exporting env vars: AIRFLOW_CTX_DAG_OWNER='***' AIRFLOW_CTX_DAG_ID='ModelDevelop' AIRFLOW_CTX_TASK_ID='get_data' AIRFLOW_CTX_EXECUTION_DATE='2026-01-03T19:00:00+00:00' AIRFLOW_CTX_TRY_NUMBER='1' AIRFLOW_CTX_DAG_RUN_ID='scheduled__2026-01-03T19:00:00+00:00'
[2026-01-17T13:39:09.847+0000] {python.py:202} INFO - Done. Returned value was: ./iris.csv
[2026-01-17T13:39:09.860+0000] {taskinstance.py:1149} INFO - Marking task as SUCCESS. dag_id=ModelDevelop, task_id=get_data, execution_date=20260103T190000, start_date=20260117T133909, end_date=20260117T133909
[2026-01-17T13:39:09.896+0000] {local_task_job_runner.py:234} INFO - Task exited with return code 0
[2026-01-17T13:39:09.911+0000] {taskinstance.py:3312} INFO - 1 downstream tasks scheduled from follow-on schedule check
