[2026-01-17T05:00:01.223+0000] {taskinstance.py:1979} INFO - Dependencies all met for dep_context=non-requeueable deps ti=<TaskInstance: ModelDevelop.get_data scheduled__2026-01-17T04:00:00+00:00 [queued]>
[2026-01-17T05:00:01.227+0000] {taskinstance.py:1979} INFO - Dependencies all met for dep_context=requeueable deps ti=<TaskInstance: ModelDevelop.get_data scheduled__2026-01-17T04:00:00+00:00 [queued]>
[2026-01-17T05:00:01.227+0000] {taskinstance.py:2193} INFO - Starting attempt 1 of 2
[2026-01-17T05:00:01.233+0000] {taskinstance.py:2217} INFO - Executing <Task(PythonOperator): get_data> on 2026-01-17 04:00:00+00:00
[2026-01-17T05:00:01.239+0000] {standard_task_runner.py:60} INFO - Started process 48882 to run task
[2026-01-17T05:00:01.241+0000] {standard_task_runner.py:87} INFO - Running: ['***', 'tasks', 'run', 'ModelDevelop', 'get_data', 'scheduled__2026-01-17T04:00:00+00:00', '--job-id', '730', '--raw', '--subdir', 'DAGS_FOLDER/example.py', '--cfg-path', '/tmp/tmp3fygmmwn']
[2026-01-17T05:00:01.242+0000] {standard_task_runner.py:88} INFO - Job 730: Subtask get_data
[2026-01-17T05:00:01.252+0000] {warnings.py:109} WARNING - /home/***/.local/lib/python3.9/site-packages/***/settings.py:194: DeprecationWarning: The sql_alchemy_conn option in [core] has been moved to the sql_alchemy_conn option in [database] - the old setting has been used, but please update your config.
  SQL_ALCHEMY_CONN = conf.get("database", "SQL_ALCHEMY_CONN")

[2026-01-17T05:00:01.273+0000] {task_command.py:423} INFO - Running <TaskInstance: ModelDevelop.get_data scheduled__2026-01-17T04:00:00+00:00 [running]> on host 8a4f043652f0
[2026-01-17T05:00:01.316+0000] {taskinstance.py:2513} INFO - Exporting env vars: AIRFLOW_CTX_DAG_OWNER='***' AIRFLOW_CTX_DAG_ID='ModelDevelop' AIRFLOW_CTX_TASK_ID='get_data' AIRFLOW_CTX_EXECUTION_DATE='2026-01-17T04:00:00+00:00' AIRFLOW_CTX_TRY_NUMBER='1' AIRFLOW_CTX_DAG_RUN_ID='scheduled__2026-01-17T04:00:00+00:00'
[2026-01-17T05:00:01.324+0000] {python.py:202} INFO - Done. Returned value was: ./iris.csv
[2026-01-17T05:00:01.336+0000] {taskinstance.py:1149} INFO - Marking task as SUCCESS. dag_id=ModelDevelop, task_id=get_data, execution_date=20260117T040000, start_date=20260117T050001, end_date=20260117T050001
[2026-01-17T05:00:01.373+0000] {local_task_job_runner.py:234} INFO - Task exited with return code 0
[2026-01-17T05:00:01.389+0000] {taskinstance.py:3312} INFO - 1 downstream tasks scheduled from follow-on schedule check
[2026-01-17T13:21:21.204+0000] {taskinstance.py:1979} INFO - Dependencies all met for dep_context=non-requeueable deps ti=<TaskInstance: ModelDevelop.get_data scheduled__2026-01-17T04:00:00+00:00 [queued]>
[2026-01-17T13:21:21.210+0000] {taskinstance.py:1979} INFO - Dependencies all met for dep_context=requeueable deps ti=<TaskInstance: ModelDevelop.get_data scheduled__2026-01-17T04:00:00+00:00 [queued]>
[2026-01-17T13:21:21.211+0000] {taskinstance.py:2193} INFO - Starting attempt 1 of 2
[2026-01-17T13:21:21.222+0000] {taskinstance.py:2217} INFO - Executing <Task(PythonOperator): get_data> on 2026-01-17 04:00:00+00:00
[2026-01-17T13:21:21.229+0000] {standard_task_runner.py:60} INFO - Started process 48026 to run task
[2026-01-17T13:21:21.231+0000] {standard_task_runner.py:87} INFO - Running: ['***', 'tasks', 'run', 'ModelDevelop', 'get_data', 'scheduled__2026-01-17T04:00:00+00:00', '--job-id', '720', '--raw', '--subdir', 'DAGS_FOLDER/example.py', '--cfg-path', '/tmp/tmpjhq934jj']
[2026-01-17T13:21:21.232+0000] {standard_task_runner.py:88} INFO - Job 720: Subtask get_data
[2026-01-17T13:21:21.244+0000] {warnings.py:109} WARNING - /home/***/.local/lib/python3.9/site-packages/***/settings.py:194: DeprecationWarning: The sql_alchemy_conn option in [core] has been moved to the sql_alchemy_conn option in [database] - the old setting has been used, but please update your config.
  SQL_ALCHEMY_CONN = conf.get("database", "SQL_ALCHEMY_CONN")

[2026-01-17T13:21:21.309+0000] {task_command.py:423} INFO - Running <TaskInstance: ModelDevelop.get_data scheduled__2026-01-17T04:00:00+00:00 [running]> on host ed3184b6b543
[2026-01-17T13:21:21.401+0000] {taskinstance.py:2513} INFO - Exporting env vars: AIRFLOW_CTX_DAG_OWNER='***' AIRFLOW_CTX_DAG_ID='ModelDevelop' AIRFLOW_CTX_TASK_ID='get_data' AIRFLOW_CTX_EXECUTION_DATE='2026-01-17T04:00:00+00:00' AIRFLOW_CTX_TRY_NUMBER='1' AIRFLOW_CTX_DAG_RUN_ID='scheduled__2026-01-17T04:00:00+00:00'
[2026-01-17T13:21:21.413+0000] {python.py:202} INFO - Done. Returned value was: ./iris.csv
[2026-01-17T13:21:21.432+0000] {taskinstance.py:1149} INFO - Marking task as SUCCESS. dag_id=ModelDevelop, task_id=get_data, execution_date=20260117T040000, start_date=20260117T132121, end_date=20260117T132121
[2026-01-17T13:21:21.483+0000] {local_task_job_runner.py:234} INFO - Task exited with return code 0
[2026-01-17T13:21:21.543+0000] {taskinstance.py:3312} INFO - 0 downstream tasks scheduled from follow-on schedule check
[2026-01-17T13:42:56.175+0000] {taskinstance.py:1979} INFO - Dependencies all met for dep_context=non-requeueable deps ti=<TaskInstance: ModelDevelop.get_data scheduled__2026-01-17T04:00:00+00:00 [queued]>
[2026-01-17T13:42:56.181+0000] {taskinstance.py:1979} INFO - Dependencies all met for dep_context=requeueable deps ti=<TaskInstance: ModelDevelop.get_data scheduled__2026-01-17T04:00:00+00:00 [queued]>
[2026-01-17T13:42:56.181+0000] {taskinstance.py:2193} INFO - Starting attempt 1 of 2
[2026-01-17T13:42:56.272+0000] {taskinstance.py:2217} INFO - Executing <Task(PythonOperator): get_data> on 2026-01-17 04:00:00+00:00
[2026-01-17T13:42:56.279+0000] {standard_task_runner.py:60} INFO - Started process 48584 to run task
[2026-01-17T13:42:56.290+0000] {standard_task_runner.py:87} INFO - Running: ['***', 'tasks', 'run', 'ModelDevelop', 'get_data', 'scheduled__2026-01-17T04:00:00+00:00', '--job-id', '725', '--raw', '--subdir', 'DAGS_FOLDER/example.py', '--cfg-path', '/tmp/tmpm0yby5zl']
[2026-01-17T13:42:56.291+0000] {standard_task_runner.py:88} INFO - Job 725: Subtask get_data
[2026-01-17T13:42:56.314+0000] {warnings.py:109} WARNING - /home/***/.local/lib/python3.9/site-packages/***/settings.py:194: DeprecationWarning: The sql_alchemy_conn option in [core] has been moved to the sql_alchemy_conn option in [database] - the old setting has been used, but please update your config.
  SQL_ALCHEMY_CONN = conf.get("database", "SQL_ALCHEMY_CONN")

[2026-01-17T13:42:56.359+0000] {task_command.py:423} INFO - Running <TaskInstance: ModelDevelop.get_data scheduled__2026-01-17T04:00:00+00:00 [running]> on host 5330652dc216
[2026-01-17T13:42:56.414+0000] {taskinstance.py:2513} INFO - Exporting env vars: AIRFLOW_CTX_DAG_OWNER='***' AIRFLOW_CTX_DAG_ID='ModelDevelop' AIRFLOW_CTX_TASK_ID='get_data' AIRFLOW_CTX_EXECUTION_DATE='2026-01-17T04:00:00+00:00' AIRFLOW_CTX_TRY_NUMBER='1' AIRFLOW_CTX_DAG_RUN_ID='scheduled__2026-01-17T04:00:00+00:00'
[2026-01-17T13:42:56.423+0000] {python.py:202} INFO - Done. Returned value was: ./iris.csv
[2026-01-17T13:42:56.439+0000] {taskinstance.py:1149} INFO - Marking task as SUCCESS. dag_id=ModelDevelop, task_id=get_data, execution_date=20260117T040000, start_date=20260117T134256, end_date=20260117T134256
[2026-01-17T13:42:56.458+0000] {local_task_job_runner.py:234} INFO - Task exited with return code 0
[2026-01-17T13:42:56.474+0000] {taskinstance.py:3312} INFO - 1 downstream tasks scheduled from follow-on schedule check
