[2026-01-16T07:55:26.617+0000] {taskinstance.py:1979} INFO - Dependencies all met for dep_context=non-requeueable deps ti=<TaskInstance: ModelDevelop.get_data scheduled__2026-01-08T01:00:00+00:00 [queued]>
[2026-01-16T07:55:26.622+0000] {taskinstance.py:1979} INFO - Dependencies all met for dep_context=requeueable deps ti=<TaskInstance: ModelDevelop.get_data scheduled__2026-01-08T01:00:00+00:00 [queued]>
[2026-01-16T07:55:26.622+0000] {taskinstance.py:2193} INFO - Starting attempt 1 of 2
[2026-01-16T07:55:26.629+0000] {taskinstance.py:2217} INFO - Executing <Task(PythonOperator): get_data> on 2026-01-08 01:00:00+00:00
[2026-01-16T07:55:26.635+0000] {standard_task_runner.py:60} INFO - Started process 19672 to run task
[2026-01-16T07:55:26.637+0000] {standard_task_runner.py:87} INFO - Running: ['***', 'tasks', 'run', 'ModelDevelop', 'get_data', 'scheduled__2026-01-08T01:00:00+00:00', '--job-id', '290', '--raw', '--subdir', 'DAGS_FOLDER/example.py', '--cfg-path', '/tmp/tmp_8eecof5']
[2026-01-16T07:55:26.638+0000] {standard_task_runner.py:88} INFO - Job 290: Subtask get_data
[2026-01-16T07:55:26.647+0000] {warnings.py:109} WARNING - /home/***/.local/lib/python3.9/site-packages/***/settings.py:194: DeprecationWarning: The sql_alchemy_conn option in [core] has been moved to the sql_alchemy_conn option in [database] - the old setting has been used, but please update your config.
  SQL_ALCHEMY_CONN = conf.get("database", "SQL_ALCHEMY_CONN")

[2026-01-16T07:55:26.682+0000] {task_command.py:423} INFO - Running <TaskInstance: ModelDevelop.get_data scheduled__2026-01-08T01:00:00+00:00 [running]> on host 8a4f043652f0
[2026-01-16T07:55:26.769+0000] {taskinstance.py:2513} INFO - Exporting env vars: AIRFLOW_CTX_DAG_OWNER='***' AIRFLOW_CTX_DAG_ID='ModelDevelop' AIRFLOW_CTX_TASK_ID='get_data' AIRFLOW_CTX_EXECUTION_DATE='2026-01-08T01:00:00+00:00' AIRFLOW_CTX_TRY_NUMBER='1' AIRFLOW_CTX_DAG_RUN_ID='scheduled__2026-01-08T01:00:00+00:00'
[2026-01-16T07:55:26.780+0000] {python.py:202} INFO - Done. Returned value was: ./iris.csv
[2026-01-16T07:55:26.807+0000] {taskinstance.py:1149} INFO - Marking task as SUCCESS. dag_id=ModelDevelop, task_id=get_data, execution_date=20260108T010000, start_date=20260116T075526, end_date=20260116T075526
[2026-01-16T07:55:26.849+0000] {local_task_job_runner.py:234} INFO - Task exited with return code 0
[2026-01-16T07:55:26.866+0000] {taskinstance.py:3312} INFO - 1 downstream tasks scheduled from follow-on schedule check
[2026-01-17T13:19:05.096+0000] {taskinstance.py:1979} INFO - Dependencies all met for dep_context=non-requeueable deps ti=<TaskInstance: ModelDevelop.get_data scheduled__2026-01-08T01:00:00+00:00 [queued]>
[2026-01-17T13:19:05.101+0000] {taskinstance.py:1979} INFO - Dependencies all met for dep_context=requeueable deps ti=<TaskInstance: ModelDevelop.get_data scheduled__2026-01-08T01:00:00+00:00 [queued]>
[2026-01-17T13:19:05.102+0000] {taskinstance.py:2193} INFO - Starting attempt 1 of 2
[2026-01-17T13:19:05.110+0000] {taskinstance.py:2217} INFO - Executing <Task(PythonOperator): get_data> on 2026-01-08 01:00:00+00:00
[2026-01-17T13:19:05.119+0000] {standard_task_runner.py:60} INFO - Started process 19705 to run task
[2026-01-17T13:19:05.121+0000] {standard_task_runner.py:87} INFO - Running: ['***', 'tasks', 'run', 'ModelDevelop', 'get_data', 'scheduled__2026-01-08T01:00:00+00:00', '--job-id', '291', '--raw', '--subdir', 'DAGS_FOLDER/example.py', '--cfg-path', '/tmp/tmpn6n6ensw']
[2026-01-17T13:19:05.122+0000] {standard_task_runner.py:88} INFO - Job 291: Subtask get_data
[2026-01-17T13:19:05.134+0000] {warnings.py:109} WARNING - /home/***/.local/lib/python3.9/site-packages/***/settings.py:194: DeprecationWarning: The sql_alchemy_conn option in [core] has been moved to the sql_alchemy_conn option in [database] - the old setting has been used, but please update your config.
  SQL_ALCHEMY_CONN = conf.get("database", "SQL_ALCHEMY_CONN")

[2026-01-17T13:19:05.160+0000] {task_command.py:423} INFO - Running <TaskInstance: ModelDevelop.get_data scheduled__2026-01-08T01:00:00+00:00 [running]> on host ed3184b6b543
[2026-01-17T13:19:05.223+0000] {taskinstance.py:2513} INFO - Exporting env vars: AIRFLOW_CTX_DAG_OWNER='***' AIRFLOW_CTX_DAG_ID='ModelDevelop' AIRFLOW_CTX_TASK_ID='get_data' AIRFLOW_CTX_EXECUTION_DATE='2026-01-08T01:00:00+00:00' AIRFLOW_CTX_TRY_NUMBER='1' AIRFLOW_CTX_DAG_RUN_ID='scheduled__2026-01-08T01:00:00+00:00'
[2026-01-17T13:19:05.234+0000] {python.py:202} INFO - Done. Returned value was: ./iris.csv
[2026-01-17T13:19:05.264+0000] {taskinstance.py:1149} INFO - Marking task as SUCCESS. dag_id=ModelDevelop, task_id=get_data, execution_date=20260108T010000, start_date=20260117T131905, end_date=20260117T131905
[2026-01-17T13:19:05.293+0000] {local_task_job_runner.py:234} INFO - Task exited with return code 0
[2026-01-17T13:19:05.336+0000] {taskinstance.py:3312} INFO - 1 downstream tasks scheduled from follow-on schedule check
[2026-01-17T13:40:25.669+0000] {taskinstance.py:1979} INFO - Dependencies all met for dep_context=non-requeueable deps ti=<TaskInstance: ModelDevelop.get_data scheduled__2026-01-08T01:00:00+00:00 [queued]>
[2026-01-17T13:40:25.675+0000] {taskinstance.py:1979} INFO - Dependencies all met for dep_context=requeueable deps ti=<TaskInstance: ModelDevelop.get_data scheduled__2026-01-08T01:00:00+00:00 [queued]>
[2026-01-17T13:40:25.676+0000] {taskinstance.py:2193} INFO - Starting attempt 1 of 2
[2026-01-17T13:40:25.685+0000] {taskinstance.py:2217} INFO - Executing <Task(PythonOperator): get_data> on 2026-01-08 01:00:00+00:00
[2026-01-17T13:40:25.691+0000] {standard_task_runner.py:60} INFO - Started process 18612 to run task
[2026-01-17T13:40:25.693+0000] {standard_task_runner.py:87} INFO - Running: ['***', 'tasks', 'run', 'ModelDevelop', 'get_data', 'scheduled__2026-01-08T01:00:00+00:00', '--job-id', '281', '--raw', '--subdir', 'DAGS_FOLDER/example.py', '--cfg-path', '/tmp/tmpkr5xn2bd']
[2026-01-17T13:40:25.694+0000] {standard_task_runner.py:88} INFO - Job 281: Subtask get_data
[2026-01-17T13:40:25.703+0000] {warnings.py:109} WARNING - /home/***/.local/lib/python3.9/site-packages/***/settings.py:194: DeprecationWarning: The sql_alchemy_conn option in [core] has been moved to the sql_alchemy_conn option in [database] - the old setting has been used, but please update your config.
  SQL_ALCHEMY_CONN = conf.get("database", "SQL_ALCHEMY_CONN")

[2026-01-17T13:40:25.731+0000] {task_command.py:423} INFO - Running <TaskInstance: ModelDevelop.get_data scheduled__2026-01-08T01:00:00+00:00 [running]> on host 5330652dc216
[2026-01-17T13:40:25.789+0000] {taskinstance.py:2513} INFO - Exporting env vars: AIRFLOW_CTX_DAG_OWNER='***' AIRFLOW_CTX_DAG_ID='ModelDevelop' AIRFLOW_CTX_TASK_ID='get_data' AIRFLOW_CTX_EXECUTION_DATE='2026-01-08T01:00:00+00:00' AIRFLOW_CTX_TRY_NUMBER='1' AIRFLOW_CTX_DAG_RUN_ID='scheduled__2026-01-08T01:00:00+00:00'
[2026-01-17T13:40:25.797+0000] {python.py:202} INFO - Done. Returned value was: ./iris.csv
[2026-01-17T13:40:25.819+0000] {taskinstance.py:1149} INFO - Marking task as SUCCESS. dag_id=ModelDevelop, task_id=get_data, execution_date=20260108T010000, start_date=20260117T134025, end_date=20260117T134025
[2026-01-17T13:40:25.866+0000] {local_task_job_runner.py:234} INFO - Task exited with return code 0
[2026-01-17T13:40:25.890+0000] {taskinstance.py:3312} INFO - 1 downstream tasks scheduled from follow-on schedule check
