[2026-01-16T07:54:24.831+0000] {taskinstance.py:1979} INFO - Dependencies all met for dep_context=non-requeueable deps ti=<TaskInstance: ModelDevelop.get_data scheduled__2026-01-04T15:00:00+00:00 [queued]>
[2026-01-16T07:54:24.838+0000] {taskinstance.py:1979} INFO - Dependencies all met for dep_context=requeueable deps ti=<TaskInstance: ModelDevelop.get_data scheduled__2026-01-04T15:00:00+00:00 [queued]>
[2026-01-16T07:54:24.838+0000] {taskinstance.py:2193} INFO - Starting attempt 1 of 2
[2026-01-16T07:54:24.847+0000] {taskinstance.py:2217} INFO - Executing <Task(PythonOperator): get_data> on 2026-01-04 15:00:00+00:00
[2026-01-16T07:54:24.860+0000] {standard_task_runner.py:60} INFO - Started process 7319 to run task
[2026-01-16T07:54:24.866+0000] {standard_task_runner.py:87} INFO - Running: ['***', 'tasks', 'run', 'ModelDevelop', 'get_data', 'scheduled__2026-01-04T15:00:00+00:00', '--job-id', '113', '--raw', '--subdir', 'DAGS_FOLDER/example.py', '--cfg-path', '/tmp/tmpywt2_858']
[2026-01-16T07:54:24.867+0000] {standard_task_runner.py:88} INFO - Job 113: Subtask get_data
[2026-01-16T07:54:24.887+0000] {warnings.py:109} WARNING - /home/***/.local/lib/python3.9/site-packages/***/settings.py:194: DeprecationWarning: The sql_alchemy_conn option in [core] has been moved to the sql_alchemy_conn option in [database] - the old setting has been used, but please update your config.
  SQL_ALCHEMY_CONN = conf.get("database", "SQL_ALCHEMY_CONN")

[2026-01-16T07:54:24.939+0000] {task_command.py:423} INFO - Running <TaskInstance: ModelDevelop.get_data scheduled__2026-01-04T15:00:00+00:00 [running]> on host 8a4f043652f0
[2026-01-16T07:54:25.092+0000] {taskinstance.py:2513} INFO - Exporting env vars: AIRFLOW_CTX_DAG_OWNER='***' AIRFLOW_CTX_DAG_ID='ModelDevelop' AIRFLOW_CTX_TASK_ID='get_data' AIRFLOW_CTX_EXECUTION_DATE='2026-01-04T15:00:00+00:00' AIRFLOW_CTX_TRY_NUMBER='1' AIRFLOW_CTX_DAG_RUN_ID='scheduled__2026-01-04T15:00:00+00:00'
[2026-01-16T07:54:25.104+0000] {python.py:202} INFO - Done. Returned value was: ./iris.csv
[2026-01-16T07:54:25.128+0000] {taskinstance.py:1149} INFO - Marking task as SUCCESS. dag_id=ModelDevelop, task_id=get_data, execution_date=20260104T150000, start_date=20260116T075424, end_date=20260116T075425
[2026-01-16T07:54:25.235+0000] {local_task_job_runner.py:234} INFO - Task exited with return code 0
[2026-01-16T07:54:25.254+0000] {taskinstance.py:3312} INFO - 1 downstream tasks scheduled from follow-on schedule check
[2026-01-17T13:18:01.874+0000] {taskinstance.py:1979} INFO - Dependencies all met for dep_context=non-requeueable deps ti=<TaskInstance: ModelDevelop.get_data scheduled__2026-01-04T15:00:00+00:00 [queued]>
[2026-01-17T13:18:01.879+0000] {taskinstance.py:1979} INFO - Dependencies all met for dep_context=requeueable deps ti=<TaskInstance: ModelDevelop.get_data scheduled__2026-01-04T15:00:00+00:00 [queued]>
[2026-01-17T13:18:01.879+0000] {taskinstance.py:2193} INFO - Starting attempt 1 of 2
[2026-01-17T13:18:01.886+0000] {taskinstance.py:2217} INFO - Executing <Task(PythonOperator): get_data> on 2026-01-04 15:00:00+00:00
[2026-01-17T13:18:01.893+0000] {standard_task_runner.py:60} INFO - Started process 7346 to run task
[2026-01-17T13:18:01.895+0000] {standard_task_runner.py:87} INFO - Running: ['***', 'tasks', 'run', 'ModelDevelop', 'get_data', 'scheduled__2026-01-04T15:00:00+00:00', '--job-id', '114', '--raw', '--subdir', 'DAGS_FOLDER/example.py', '--cfg-path', '/tmp/tmpfqp3nc1a']
[2026-01-17T13:18:01.896+0000] {standard_task_runner.py:88} INFO - Job 114: Subtask get_data
[2026-01-17T13:18:01.904+0000] {warnings.py:109} WARNING - /home/***/.local/lib/python3.9/site-packages/***/settings.py:194: DeprecationWarning: The sql_alchemy_conn option in [core] has been moved to the sql_alchemy_conn option in [database] - the old setting has been used, but please update your config.
  SQL_ALCHEMY_CONN = conf.get("database", "SQL_ALCHEMY_CONN")

[2026-01-17T13:18:01.931+0000] {task_command.py:423} INFO - Running <TaskInstance: ModelDevelop.get_data scheduled__2026-01-04T15:00:00+00:00 [running]> on host ed3184b6b543
[2026-01-17T13:18:01.982+0000] {taskinstance.py:2513} INFO - Exporting env vars: AIRFLOW_CTX_DAG_OWNER='***' AIRFLOW_CTX_DAG_ID='ModelDevelop' AIRFLOW_CTX_TASK_ID='get_data' AIRFLOW_CTX_EXECUTION_DATE='2026-01-04T15:00:00+00:00' AIRFLOW_CTX_TRY_NUMBER='1' AIRFLOW_CTX_DAG_RUN_ID='scheduled__2026-01-04T15:00:00+00:00'
[2026-01-17T13:18:01.994+0000] {python.py:202} INFO - Done. Returned value was: ./iris.csv
[2026-01-17T13:18:02.009+0000] {taskinstance.py:1149} INFO - Marking task as SUCCESS. dag_id=ModelDevelop, task_id=get_data, execution_date=20260104T150000, start_date=20260117T131801, end_date=20260117T131802
[2026-01-17T13:18:02.027+0000] {local_task_job_runner.py:234} INFO - Task exited with return code 0
[2026-01-17T13:18:02.042+0000] {taskinstance.py:3312} INFO - 1 downstream tasks scheduled from follow-on schedule check
[2026-01-17T13:39:23.413+0000] {taskinstance.py:1979} INFO - Dependencies all met for dep_context=non-requeueable deps ti=<TaskInstance: ModelDevelop.get_data scheduled__2026-01-04T15:00:00+00:00 [queued]>
[2026-01-17T13:39:23.418+0000] {taskinstance.py:1979} INFO - Dependencies all met for dep_context=requeueable deps ti=<TaskInstance: ModelDevelop.get_data scheduled__2026-01-04T15:00:00+00:00 [queued]>
[2026-01-17T13:39:23.418+0000] {taskinstance.py:2193} INFO - Starting attempt 1 of 2
[2026-01-17T13:39:23.426+0000] {taskinstance.py:2217} INFO - Executing <Task(PythonOperator): get_data> on 2026-01-04 15:00:00+00:00
[2026-01-17T13:39:23.435+0000] {standard_task_runner.py:60} INFO - Started process 7352 to run task
[2026-01-17T13:39:23.437+0000] {standard_task_runner.py:87} INFO - Running: ['***', 'tasks', 'run', 'ModelDevelop', 'get_data', 'scheduled__2026-01-04T15:00:00+00:00', '--job-id', '114', '--raw', '--subdir', 'DAGS_FOLDER/example.py', '--cfg-path', '/tmp/tmp9u3ny58x']
[2026-01-17T13:39:23.438+0000] {standard_task_runner.py:88} INFO - Job 114: Subtask get_data
[2026-01-17T13:39:23.446+0000] {warnings.py:109} WARNING - /home/***/.local/lib/python3.9/site-packages/***/settings.py:194: DeprecationWarning: The sql_alchemy_conn option in [core] has been moved to the sql_alchemy_conn option in [database] - the old setting has been used, but please update your config.
  SQL_ALCHEMY_CONN = conf.get("database", "SQL_ALCHEMY_CONN")

[2026-01-17T13:39:23.472+0000] {task_command.py:423} INFO - Running <TaskInstance: ModelDevelop.get_data scheduled__2026-01-04T15:00:00+00:00 [running]> on host 5330652dc216
[2026-01-17T13:39:23.547+0000] {taskinstance.py:2513} INFO - Exporting env vars: AIRFLOW_CTX_DAG_OWNER='***' AIRFLOW_CTX_DAG_ID='ModelDevelop' AIRFLOW_CTX_TASK_ID='get_data' AIRFLOW_CTX_EXECUTION_DATE='2026-01-04T15:00:00+00:00' AIRFLOW_CTX_TRY_NUMBER='1' AIRFLOW_CTX_DAG_RUN_ID='scheduled__2026-01-04T15:00:00+00:00'
[2026-01-17T13:39:23.557+0000] {python.py:202} INFO - Done. Returned value was: ./iris.csv
[2026-01-17T13:39:23.575+0000] {taskinstance.py:1149} INFO - Marking task as SUCCESS. dag_id=ModelDevelop, task_id=get_data, execution_date=20260104T150000, start_date=20260117T133923, end_date=20260117T133923
[2026-01-17T13:39:23.609+0000] {local_task_job_runner.py:234} INFO - Task exited with return code 0
[2026-01-17T13:39:23.630+0000] {taskinstance.py:3312} INFO - 1 downstream tasks scheduled from follow-on schedule check
