[2026-01-16T07:54:24.175+0000] {taskinstance.py:1979} INFO - Dependencies all met for dep_context=non-requeueable deps ti=<TaskInstance: ModelDevelop.get_data scheduled__2026-01-04T10:00:00+00:00 [queued]>
[2026-01-16T07:54:24.182+0000] {taskinstance.py:1979} INFO - Dependencies all met for dep_context=requeueable deps ti=<TaskInstance: ModelDevelop.get_data scheduled__2026-01-04T10:00:00+00:00 [queued]>
[2026-01-16T07:54:24.182+0000] {taskinstance.py:2193} INFO - Starting attempt 1 of 2
[2026-01-16T07:54:24.193+0000] {taskinstance.py:2217} INFO - Executing <Task(PythonOperator): get_data> on 2026-01-04 10:00:00+00:00
[2026-01-16T07:54:24.201+0000] {standard_task_runner.py:60} INFO - Started process 7117 to run task
[2026-01-16T07:54:24.203+0000] {standard_task_runner.py:87} INFO - Running: ['***', 'tasks', 'run', 'ModelDevelop', 'get_data', 'scheduled__2026-01-04T10:00:00+00:00', '--job-id', '108', '--raw', '--subdir', 'DAGS_FOLDER/example.py', '--cfg-path', '/tmp/tmptb_5gjbg']
[2026-01-16T07:54:24.204+0000] {standard_task_runner.py:88} INFO - Job 108: Subtask get_data
[2026-01-16T07:54:24.213+0000] {warnings.py:109} WARNING - /home/***/.local/lib/python3.9/site-packages/***/settings.py:194: DeprecationWarning: The sql_alchemy_conn option in [core] has been moved to the sql_alchemy_conn option in [database] - the old setting has been used, but please update your config.
  SQL_ALCHEMY_CONN = conf.get("database", "SQL_ALCHEMY_CONN")

[2026-01-16T07:54:24.244+0000] {task_command.py:423} INFO - Running <TaskInstance: ModelDevelop.get_data scheduled__2026-01-04T10:00:00+00:00 [running]> on host 8a4f043652f0
[2026-01-16T07:54:24.351+0000] {taskinstance.py:2513} INFO - Exporting env vars: AIRFLOW_CTX_DAG_OWNER='***' AIRFLOW_CTX_DAG_ID='ModelDevelop' AIRFLOW_CTX_TASK_ID='get_data' AIRFLOW_CTX_EXECUTION_DATE='2026-01-04T10:00:00+00:00' AIRFLOW_CTX_TRY_NUMBER='1' AIRFLOW_CTX_DAG_RUN_ID='scheduled__2026-01-04T10:00:00+00:00'
[2026-01-16T07:54:24.363+0000] {python.py:202} INFO - Done. Returned value was: ./iris.csv
[2026-01-16T07:54:24.419+0000] {taskinstance.py:1149} INFO - Marking task as SUCCESS. dag_id=ModelDevelop, task_id=get_data, execution_date=20260104T100000, start_date=20260116T075424, end_date=20260116T075424
[2026-01-16T07:54:24.456+0000] {local_task_job_runner.py:234} INFO - Task exited with return code 0
[2026-01-16T07:54:24.489+0000] {taskinstance.py:3312} INFO - 1 downstream tasks scheduled from follow-on schedule check
[2026-01-17T13:18:01.237+0000] {taskinstance.py:1979} INFO - Dependencies all met for dep_context=non-requeueable deps ti=<TaskInstance: ModelDevelop.get_data scheduled__2026-01-04T10:00:00+00:00 [queued]>
[2026-01-17T13:18:01.251+0000] {taskinstance.py:1979} INFO - Dependencies all met for dep_context=requeueable deps ti=<TaskInstance: ModelDevelop.get_data scheduled__2026-01-04T10:00:00+00:00 [queued]>
[2026-01-17T13:18:01.251+0000] {taskinstance.py:2193} INFO - Starting attempt 1 of 2
[2026-01-17T13:18:01.340+0000] {taskinstance.py:2217} INFO - Executing <Task(PythonOperator): get_data> on 2026-01-04 10:00:00+00:00
[2026-01-17T13:18:01.349+0000] {standard_task_runner.py:60} INFO - Started process 7246 to run task
[2026-01-17T13:18:01.365+0000] {standard_task_runner.py:87} INFO - Running: ['***', 'tasks', 'run', 'ModelDevelop', 'get_data', 'scheduled__2026-01-04T10:00:00+00:00', '--job-id', '108', '--raw', '--subdir', 'DAGS_FOLDER/example.py', '--cfg-path', '/tmp/tmpfid76ldt']
[2026-01-17T13:18:01.365+0000] {standard_task_runner.py:88} INFO - Job 108: Subtask get_data
[2026-01-17T13:18:01.378+0000] {warnings.py:109} WARNING - /home/***/.local/lib/python3.9/site-packages/***/settings.py:194: DeprecationWarning: The sql_alchemy_conn option in [core] has been moved to the sql_alchemy_conn option in [database] - the old setting has been used, but please update your config.
  SQL_ALCHEMY_CONN = conf.get("database", "SQL_ALCHEMY_CONN")

[2026-01-17T13:18:01.425+0000] {task_command.py:423} INFO - Running <TaskInstance: ModelDevelop.get_data scheduled__2026-01-04T10:00:00+00:00 [running]> on host ed3184b6b543
[2026-01-17T13:18:01.479+0000] {taskinstance.py:2513} INFO - Exporting env vars: AIRFLOW_CTX_DAG_OWNER='***' AIRFLOW_CTX_DAG_ID='ModelDevelop' AIRFLOW_CTX_TASK_ID='get_data' AIRFLOW_CTX_EXECUTION_DATE='2026-01-04T10:00:00+00:00' AIRFLOW_CTX_TRY_NUMBER='1' AIRFLOW_CTX_DAG_RUN_ID='scheduled__2026-01-04T10:00:00+00:00'
[2026-01-17T13:18:01.489+0000] {python.py:202} INFO - Done. Returned value was: ./iris.csv
[2026-01-17T13:18:01.504+0000] {taskinstance.py:1149} INFO - Marking task as SUCCESS. dag_id=ModelDevelop, task_id=get_data, execution_date=20260104T100000, start_date=20260117T131801, end_date=20260117T131801
[2026-01-17T13:18:01.575+0000] {local_task_job_runner.py:234} INFO - Task exited with return code 0
[2026-01-17T13:18:01.594+0000] {taskinstance.py:3312} INFO - 1 downstream tasks scheduled from follow-on schedule check
[2026-01-17T13:39:22.641+0000] {taskinstance.py:1979} INFO - Dependencies all met for dep_context=non-requeueable deps ti=<TaskInstance: ModelDevelop.get_data scheduled__2026-01-04T10:00:00+00:00 [queued]>
[2026-01-17T13:39:22.647+0000] {taskinstance.py:1979} INFO - Dependencies all met for dep_context=requeueable deps ti=<TaskInstance: ModelDevelop.get_data scheduled__2026-01-04T10:00:00+00:00 [queued]>
[2026-01-17T13:39:22.648+0000] {taskinstance.py:2193} INFO - Starting attempt 1 of 2
[2026-01-17T13:39:22.660+0000] {taskinstance.py:2217} INFO - Executing <Task(PythonOperator): get_data> on 2026-01-04 10:00:00+00:00
[2026-01-17T13:39:22.671+0000] {standard_task_runner.py:60} INFO - Started process 7116 to run task
[2026-01-17T13:39:22.686+0000] {standard_task_runner.py:87} INFO - Running: ['***', 'tasks', 'run', 'ModelDevelop', 'get_data', 'scheduled__2026-01-04T10:00:00+00:00', '--job-id', '108', '--raw', '--subdir', 'DAGS_FOLDER/example.py', '--cfg-path', '/tmp/tmpn_l3tfvm']
[2026-01-17T13:39:22.687+0000] {standard_task_runner.py:88} INFO - Job 108: Subtask get_data
[2026-01-17T13:39:22.723+0000] {warnings.py:109} WARNING - /home/***/.local/lib/python3.9/site-packages/***/settings.py:194: DeprecationWarning: The sql_alchemy_conn option in [core] has been moved to the sql_alchemy_conn option in [database] - the old setting has been used, but please update your config.
  SQL_ALCHEMY_CONN = conf.get("database", "SQL_ALCHEMY_CONN")

[2026-01-17T13:39:22.754+0000] {task_command.py:423} INFO - Running <TaskInstance: ModelDevelop.get_data scheduled__2026-01-04T10:00:00+00:00 [running]> on host 5330652dc216
[2026-01-17T13:39:22.813+0000] {taskinstance.py:2513} INFO - Exporting env vars: AIRFLOW_CTX_DAG_OWNER='***' AIRFLOW_CTX_DAG_ID='ModelDevelop' AIRFLOW_CTX_TASK_ID='get_data' AIRFLOW_CTX_EXECUTION_DATE='2026-01-04T10:00:00+00:00' AIRFLOW_CTX_TRY_NUMBER='1' AIRFLOW_CTX_DAG_RUN_ID='scheduled__2026-01-04T10:00:00+00:00'
[2026-01-17T13:39:22.822+0000] {python.py:202} INFO - Done. Returned value was: ./iris.csv
[2026-01-17T13:39:22.837+0000] {taskinstance.py:1149} INFO - Marking task as SUCCESS. dag_id=ModelDevelop, task_id=get_data, execution_date=20260104T100000, start_date=20260117T133922, end_date=20260117T133922
[2026-01-17T13:39:22.875+0000] {local_task_job_runner.py:234} INFO - Task exited with return code 0
[2026-01-17T13:39:22.916+0000] {taskinstance.py:3312} INFO - 1 downstream tasks scheduled from follow-on schedule check
