[2026-01-16T07:56:27.824+0000] {taskinstance.py:1979} INFO - Dependencies all met for dep_context=non-requeueable deps ti=<TaskInstance: ModelDevelop.get_data scheduled__2026-01-12T09:00:00+00:00 [queued]>
[2026-01-16T07:56:27.830+0000] {taskinstance.py:1979} INFO - Dependencies all met for dep_context=requeueable deps ti=<TaskInstance: ModelDevelop.get_data scheduled__2026-01-12T09:00:00+00:00 [queued]>
[2026-01-16T07:56:27.831+0000] {taskinstance.py:2193} INFO - Starting attempt 1 of 2
[2026-01-16T07:56:27.838+0000] {taskinstance.py:2217} INFO - Executing <Task(PythonOperator): get_data> on 2026-01-12 09:00:00+00:00
[2026-01-16T07:56:27.846+0000] {standard_task_runner.py:60} INFO - Started process 32747 to run task
[2026-01-16T07:56:27.848+0000] {standard_task_runner.py:87} INFO - Running: ['***', 'tasks', 'run', 'ModelDevelop', 'get_data', 'scheduled__2026-01-12T09:00:00+00:00', '--job-id', '491', '--raw', '--subdir', 'DAGS_FOLDER/example.py', '--cfg-path', '/tmp/tmpeucjo_sz']
[2026-01-16T07:56:27.849+0000] {standard_task_runner.py:88} INFO - Job 491: Subtask get_data
[2026-01-16T07:56:27.860+0000] {warnings.py:109} WARNING - /home/***/.local/lib/python3.9/site-packages/***/settings.py:194: DeprecationWarning: The sql_alchemy_conn option in [core] has been moved to the sql_alchemy_conn option in [database] - the old setting has been used, but please update your config.
  SQL_ALCHEMY_CONN = conf.get("database", "SQL_ALCHEMY_CONN")

[2026-01-16T07:56:27.938+0000] {task_command.py:423} INFO - Running <TaskInstance: ModelDevelop.get_data scheduled__2026-01-12T09:00:00+00:00 [running]> on host 8a4f043652f0
[2026-01-16T07:56:28.076+0000] {taskinstance.py:2513} INFO - Exporting env vars: AIRFLOW_CTX_DAG_OWNER='***' AIRFLOW_CTX_DAG_ID='ModelDevelop' AIRFLOW_CTX_TASK_ID='get_data' AIRFLOW_CTX_EXECUTION_DATE='2026-01-12T09:00:00+00:00' AIRFLOW_CTX_TRY_NUMBER='1' AIRFLOW_CTX_DAG_RUN_ID='scheduled__2026-01-12T09:00:00+00:00'
[2026-01-16T07:56:28.087+0000] {python.py:202} INFO - Done. Returned value was: ./iris.csv
[2026-01-16T07:56:28.145+0000] {taskinstance.py:1149} INFO - Marking task as SUCCESS. dag_id=ModelDevelop, task_id=get_data, execution_date=20260112T090000, start_date=20260116T075627, end_date=20260116T075628
[2026-01-16T07:56:28.182+0000] {local_task_job_runner.py:234} INFO - Task exited with return code 0
[2026-01-16T07:56:28.214+0000] {taskinstance.py:3312} INFO - 1 downstream tasks scheduled from follow-on schedule check
[2026-01-17T13:20:12.296+0000] {taskinstance.py:1979} INFO - Dependencies all met for dep_context=non-requeueable deps ti=<TaskInstance: ModelDevelop.get_data scheduled__2026-01-12T09:00:00+00:00 [queued]>
[2026-01-17T13:20:12.302+0000] {taskinstance.py:1979} INFO - Dependencies all met for dep_context=requeueable deps ti=<TaskInstance: ModelDevelop.get_data scheduled__2026-01-12T09:00:00+00:00 [queued]>
[2026-01-17T13:20:12.303+0000] {taskinstance.py:2193} INFO - Starting attempt 1 of 2
[2026-01-17T13:20:12.314+0000] {taskinstance.py:2217} INFO - Executing <Task(PythonOperator): get_data> on 2026-01-12 09:00:00+00:00
[2026-01-17T13:20:12.323+0000] {standard_task_runner.py:60} INFO - Started process 32874 to run task
[2026-01-17T13:20:12.328+0000] {standard_task_runner.py:87} INFO - Running: ['***', 'tasks', 'run', 'ModelDevelop', 'get_data', 'scheduled__2026-01-12T09:00:00+00:00', '--job-id', '491', '--raw', '--subdir', 'DAGS_FOLDER/example.py', '--cfg-path', '/tmp/tmp4rku39jk']
[2026-01-17T13:20:12.329+0000] {standard_task_runner.py:88} INFO - Job 491: Subtask get_data
[2026-01-17T13:20:12.372+0000] {warnings.py:109} WARNING - /home/***/.local/lib/python3.9/site-packages/***/settings.py:194: DeprecationWarning: The sql_alchemy_conn option in [core] has been moved to the sql_alchemy_conn option in [database] - the old setting has been used, but please update your config.
  SQL_ALCHEMY_CONN = conf.get("database", "SQL_ALCHEMY_CONN")

[2026-01-17T13:20:12.404+0000] {task_command.py:423} INFO - Running <TaskInstance: ModelDevelop.get_data scheduled__2026-01-12T09:00:00+00:00 [running]> on host ed3184b6b543
[2026-01-17T13:20:12.472+0000] {taskinstance.py:2513} INFO - Exporting env vars: AIRFLOW_CTX_DAG_OWNER='***' AIRFLOW_CTX_DAG_ID='ModelDevelop' AIRFLOW_CTX_TASK_ID='get_data' AIRFLOW_CTX_EXECUTION_DATE='2026-01-12T09:00:00+00:00' AIRFLOW_CTX_TRY_NUMBER='1' AIRFLOW_CTX_DAG_RUN_ID='scheduled__2026-01-12T09:00:00+00:00'
[2026-01-17T13:20:12.484+0000] {python.py:202} INFO - Done. Returned value was: ./iris.csv
[2026-01-17T13:20:12.527+0000] {taskinstance.py:1149} INFO - Marking task as SUCCESS. dag_id=ModelDevelop, task_id=get_data, execution_date=20260112T090000, start_date=20260117T132012, end_date=20260117T132012
[2026-01-17T13:20:12.593+0000] {local_task_job_runner.py:234} INFO - Task exited with return code 0
[2026-01-17T13:20:12.611+0000] {taskinstance.py:3312} INFO - 0 downstream tasks scheduled from follow-on schedule check
[2026-01-17T13:41:45.523+0000] {taskinstance.py:1979} INFO - Dependencies all met for dep_context=non-requeueable deps ti=<TaskInstance: ModelDevelop.get_data scheduled__2026-01-12T09:00:00+00:00 [queued]>
[2026-01-17T13:41:45.530+0000] {taskinstance.py:1979} INFO - Dependencies all met for dep_context=requeueable deps ti=<TaskInstance: ModelDevelop.get_data scheduled__2026-01-12T09:00:00+00:00 [queued]>
[2026-01-17T13:41:45.530+0000] {taskinstance.py:2193} INFO - Starting attempt 1 of 2
[2026-01-17T13:41:45.540+0000] {taskinstance.py:2217} INFO - Executing <Task(PythonOperator): get_data> on 2026-01-12 09:00:00+00:00
[2026-01-17T13:41:45.550+0000] {standard_task_runner.py:60} INFO - Started process 33439 to run task
[2026-01-17T13:41:45.566+0000] {standard_task_runner.py:87} INFO - Running: ['***', 'tasks', 'run', 'ModelDevelop', 'get_data', 'scheduled__2026-01-12T09:00:00+00:00', '--job-id', '496', '--raw', '--subdir', 'DAGS_FOLDER/example.py', '--cfg-path', '/tmp/tmp6q8remqy']
[2026-01-17T13:41:45.567+0000] {standard_task_runner.py:88} INFO - Job 496: Subtask get_data
[2026-01-17T13:41:45.593+0000] {warnings.py:109} WARNING - /home/***/.local/lib/python3.9/site-packages/***/settings.py:194: DeprecationWarning: The sql_alchemy_conn option in [core] has been moved to the sql_alchemy_conn option in [database] - the old setting has been used, but please update your config.
  SQL_ALCHEMY_CONN = conf.get("database", "SQL_ALCHEMY_CONN")

[2026-01-17T13:41:45.619+0000] {task_command.py:423} INFO - Running <TaskInstance: ModelDevelop.get_data scheduled__2026-01-12T09:00:00+00:00 [running]> on host 5330652dc216
[2026-01-17T13:41:45.667+0000] {taskinstance.py:2513} INFO - Exporting env vars: AIRFLOW_CTX_DAG_OWNER='***' AIRFLOW_CTX_DAG_ID='ModelDevelop' AIRFLOW_CTX_TASK_ID='get_data' AIRFLOW_CTX_EXECUTION_DATE='2026-01-12T09:00:00+00:00' AIRFLOW_CTX_TRY_NUMBER='1' AIRFLOW_CTX_DAG_RUN_ID='scheduled__2026-01-12T09:00:00+00:00'
[2026-01-17T13:41:45.677+0000] {python.py:202} INFO - Done. Returned value was: ./iris.csv
[2026-01-17T13:41:45.691+0000] {taskinstance.py:1149} INFO - Marking task as SUCCESS. dag_id=ModelDevelop, task_id=get_data, execution_date=20260112T090000, start_date=20260117T134145, end_date=20260117T134145
[2026-01-17T13:41:45.731+0000] {local_task_job_runner.py:234} INFO - Task exited with return code 0
[2026-01-17T13:41:45.750+0000] {taskinstance.py:3312} INFO - 1 downstream tasks scheduled from follow-on schedule check
