[2026-01-16T07:55:17.286+0000] {taskinstance.py:1979} INFO - Dependencies all met for dep_context=non-requeueable deps ti=<TaskInstance: ModelDevelop.get_data scheduled__2026-01-07T08:00:00+00:00 [queued]>
[2026-01-16T07:55:17.293+0000] {taskinstance.py:1979} INFO - Dependencies all met for dep_context=requeueable deps ti=<TaskInstance: ModelDevelop.get_data scheduled__2026-01-07T08:00:00+00:00 [queued]>
[2026-01-16T07:55:17.294+0000] {taskinstance.py:2193} INFO - Starting attempt 1 of 2
[2026-01-16T07:55:17.308+0000] {taskinstance.py:2217} INFO - Executing <Task(PythonOperator): get_data> on 2026-01-07 08:00:00+00:00
[2026-01-16T07:55:17.317+0000] {standard_task_runner.py:60} INFO - Started process 17560 to run task
[2026-01-16T07:55:17.319+0000] {standard_task_runner.py:87} INFO - Running: ['***', 'tasks', 'run', 'ModelDevelop', 'get_data', 'scheduled__2026-01-07T08:00:00+00:00', '--job-id', '258', '--raw', '--subdir', 'DAGS_FOLDER/example.py', '--cfg-path', '/tmp/tmpe6q7w9rc']
[2026-01-16T07:55:17.320+0000] {standard_task_runner.py:88} INFO - Job 258: Subtask get_data
[2026-01-16T07:55:17.332+0000] {warnings.py:109} WARNING - /home/***/.local/lib/python3.9/site-packages/***/settings.py:194: DeprecationWarning: The sql_alchemy_conn option in [core] has been moved to the sql_alchemy_conn option in [database] - the old setting has been used, but please update your config.
  SQL_ALCHEMY_CONN = conf.get("database", "SQL_ALCHEMY_CONN")

[2026-01-16T07:55:17.368+0000] {task_command.py:423} INFO - Running <TaskInstance: ModelDevelop.get_data scheduled__2026-01-07T08:00:00+00:00 [running]> on host 8a4f043652f0
[2026-01-16T07:55:17.444+0000] {taskinstance.py:2513} INFO - Exporting env vars: AIRFLOW_CTX_DAG_OWNER='***' AIRFLOW_CTX_DAG_ID='ModelDevelop' AIRFLOW_CTX_TASK_ID='get_data' AIRFLOW_CTX_EXECUTION_DATE='2026-01-07T08:00:00+00:00' AIRFLOW_CTX_TRY_NUMBER='1' AIRFLOW_CTX_DAG_RUN_ID='scheduled__2026-01-07T08:00:00+00:00'
[2026-01-16T07:55:17.452+0000] {python.py:202} INFO - Done. Returned value was: ./iris.csv
[2026-01-16T07:55:17.467+0000] {taskinstance.py:1149} INFO - Marking task as SUCCESS. dag_id=ModelDevelop, task_id=get_data, execution_date=20260107T080000, start_date=20260116T075517, end_date=20260116T075517
[2026-01-16T07:55:17.492+0000] {local_task_job_runner.py:234} INFO - Task exited with return code 0
[2026-01-16T07:55:17.511+0000] {taskinstance.py:3312} INFO - 1 downstream tasks scheduled from follow-on schedule check
[2026-01-17T13:18:50.929+0000] {taskinstance.py:1979} INFO - Dependencies all met for dep_context=non-requeueable deps ti=<TaskInstance: ModelDevelop.get_data scheduled__2026-01-07T08:00:00+00:00 [queued]>
[2026-01-17T13:18:50.942+0000] {taskinstance.py:1979} INFO - Dependencies all met for dep_context=requeueable deps ti=<TaskInstance: ModelDevelop.get_data scheduled__2026-01-07T08:00:00+00:00 [queued]>
[2026-01-17T13:18:50.943+0000] {taskinstance.py:2193} INFO - Starting attempt 1 of 2
[2026-01-17T13:18:50.958+0000] {taskinstance.py:2217} INFO - Executing <Task(PythonOperator): get_data> on 2026-01-07 08:00:00+00:00
[2026-01-17T13:18:50.977+0000] {standard_task_runner.py:60} INFO - Started process 17561 to run task
[2026-01-17T13:18:50.979+0000] {standard_task_runner.py:87} INFO - Running: ['***', 'tasks', 'run', 'ModelDevelop', 'get_data', 'scheduled__2026-01-07T08:00:00+00:00', '--job-id', '258', '--raw', '--subdir', 'DAGS_FOLDER/example.py', '--cfg-path', '/tmp/tmps67it81i']
[2026-01-17T13:18:50.980+0000] {standard_task_runner.py:88} INFO - Job 258: Subtask get_data
[2026-01-17T13:18:50.991+0000] {warnings.py:109} WARNING - /home/***/.local/lib/python3.9/site-packages/***/settings.py:194: DeprecationWarning: The sql_alchemy_conn option in [core] has been moved to the sql_alchemy_conn option in [database] - the old setting has been used, but please update your config.
  SQL_ALCHEMY_CONN = conf.get("database", "SQL_ALCHEMY_CONN")

[2026-01-17T13:18:51.017+0000] {task_command.py:423} INFO - Running <TaskInstance: ModelDevelop.get_data scheduled__2026-01-07T08:00:00+00:00 [running]> on host ed3184b6b543
[2026-01-17T13:18:51.103+0000] {taskinstance.py:2513} INFO - Exporting env vars: AIRFLOW_CTX_DAG_OWNER='***' AIRFLOW_CTX_DAG_ID='ModelDevelop' AIRFLOW_CTX_TASK_ID='get_data' AIRFLOW_CTX_EXECUTION_DATE='2026-01-07T08:00:00+00:00' AIRFLOW_CTX_TRY_NUMBER='1' AIRFLOW_CTX_DAG_RUN_ID='scheduled__2026-01-07T08:00:00+00:00'
[2026-01-17T13:18:51.112+0000] {python.py:202} INFO - Done. Returned value was: ./iris.csv
[2026-01-17T13:18:51.128+0000] {taskinstance.py:1149} INFO - Marking task as SUCCESS. dag_id=ModelDevelop, task_id=get_data, execution_date=20260107T080000, start_date=20260117T131850, end_date=20260117T131851
[2026-01-17T13:18:51.152+0000] {local_task_job_runner.py:234} INFO - Task exited with return code 0
[2026-01-17T13:18:51.236+0000] {taskinstance.py:3312} INFO - 0 downstream tasks scheduled from follow-on schedule check
[2026-01-17T13:40:12.260+0000] {taskinstance.py:1979} INFO - Dependencies all met for dep_context=non-requeueable deps ti=<TaskInstance: ModelDevelop.get_data scheduled__2026-01-07T08:00:00+00:00 [queued]>
[2026-01-17T13:40:12.267+0000] {taskinstance.py:1979} INFO - Dependencies all met for dep_context=requeueable deps ti=<TaskInstance: ModelDevelop.get_data scheduled__2026-01-07T08:00:00+00:00 [queued]>
[2026-01-17T13:40:12.268+0000] {taskinstance.py:2193} INFO - Starting attempt 1 of 2
[2026-01-17T13:40:12.276+0000] {taskinstance.py:2217} INFO - Executing <Task(PythonOperator): get_data> on 2026-01-07 08:00:00+00:00
[2026-01-17T13:40:12.285+0000] {standard_task_runner.py:60} INFO - Started process 16463 to run task
[2026-01-17T13:40:12.287+0000] {standard_task_runner.py:87} INFO - Running: ['***', 'tasks', 'run', 'ModelDevelop', 'get_data', 'scheduled__2026-01-07T08:00:00+00:00', '--job-id', '248', '--raw', '--subdir', 'DAGS_FOLDER/example.py', '--cfg-path', '/tmp/tmpuy648e4u']
[2026-01-17T13:40:12.288+0000] {standard_task_runner.py:88} INFO - Job 248: Subtask get_data
[2026-01-17T13:40:12.297+0000] {warnings.py:109} WARNING - /home/***/.local/lib/python3.9/site-packages/***/settings.py:194: DeprecationWarning: The sql_alchemy_conn option in [core] has been moved to the sql_alchemy_conn option in [database] - the old setting has been used, but please update your config.
  SQL_ALCHEMY_CONN = conf.get("database", "SQL_ALCHEMY_CONN")

[2026-01-17T13:40:12.325+0000] {task_command.py:423} INFO - Running <TaskInstance: ModelDevelop.get_data scheduled__2026-01-07T08:00:00+00:00 [running]> on host 5330652dc216
[2026-01-17T13:40:12.376+0000] {taskinstance.py:2513} INFO - Exporting env vars: AIRFLOW_CTX_DAG_OWNER='***' AIRFLOW_CTX_DAG_ID='ModelDevelop' AIRFLOW_CTX_TASK_ID='get_data' AIRFLOW_CTX_EXECUTION_DATE='2026-01-07T08:00:00+00:00' AIRFLOW_CTX_TRY_NUMBER='1' AIRFLOW_CTX_DAG_RUN_ID='scheduled__2026-01-07T08:00:00+00:00'
[2026-01-17T13:40:12.385+0000] {python.py:202} INFO - Done. Returned value was: ./iris.csv
[2026-01-17T13:40:12.399+0000] {taskinstance.py:1149} INFO - Marking task as SUCCESS. dag_id=ModelDevelop, task_id=get_data, execution_date=20260107T080000, start_date=20260117T134012, end_date=20260117T134012
[2026-01-17T13:40:12.463+0000] {local_task_job_runner.py:234} INFO - Task exited with return code 0
[2026-01-17T13:40:12.486+0000] {taskinstance.py:3312} INFO - 1 downstream tasks scheduled from follow-on schedule check
