[2026-01-16T07:55:48.842+0000] {taskinstance.py:1979} INFO - Dependencies all met for dep_context=non-requeueable deps ti=<TaskInstance: ModelDevelop.get_data scheduled__2026-01-09T16:00:00+00:00 [queued]>
[2026-01-16T07:55:48.847+0000] {taskinstance.py:1979} INFO - Dependencies all met for dep_context=requeueable deps ti=<TaskInstance: ModelDevelop.get_data scheduled__2026-01-09T16:00:00+00:00 [queued]>
[2026-01-16T07:55:48.847+0000] {taskinstance.py:2193} INFO - Starting attempt 1 of 2
[2026-01-16T07:55:48.854+0000] {taskinstance.py:2217} INFO - Executing <Task(PythonOperator): get_data> on 2026-01-09 16:00:00+00:00
[2026-01-16T07:55:48.861+0000] {standard_task_runner.py:60} INFO - Started process 24104 to run task
[2026-01-16T07:55:48.863+0000] {standard_task_runner.py:87} INFO - Running: ['***', 'tasks', 'run', 'ModelDevelop', 'get_data', 'scheduled__2026-01-09T16:00:00+00:00', '--job-id', '362', '--raw', '--subdir', 'DAGS_FOLDER/example.py', '--cfg-path', '/tmp/tmpxy7eb57e']
[2026-01-16T07:55:48.864+0000] {standard_task_runner.py:88} INFO - Job 362: Subtask get_data
[2026-01-16T07:55:48.873+0000] {warnings.py:109} WARNING - /home/***/.local/lib/python3.9/site-packages/***/settings.py:194: DeprecationWarning: The sql_alchemy_conn option in [core] has been moved to the sql_alchemy_conn option in [database] - the old setting has been used, but please update your config.
  SQL_ALCHEMY_CONN = conf.get("database", "SQL_ALCHEMY_CONN")

[2026-01-16T07:55:48.901+0000] {task_command.py:423} INFO - Running <TaskInstance: ModelDevelop.get_data scheduled__2026-01-09T16:00:00+00:00 [running]> on host 8a4f043652f0
[2026-01-16T07:55:49.018+0000] {taskinstance.py:2513} INFO - Exporting env vars: AIRFLOW_CTX_DAG_OWNER='***' AIRFLOW_CTX_DAG_ID='ModelDevelop' AIRFLOW_CTX_TASK_ID='get_data' AIRFLOW_CTX_EXECUTION_DATE='2026-01-09T16:00:00+00:00' AIRFLOW_CTX_TRY_NUMBER='1' AIRFLOW_CTX_DAG_RUN_ID='scheduled__2026-01-09T16:00:00+00:00'
[2026-01-16T07:55:49.028+0000] {python.py:202} INFO - Done. Returned value was: ./iris.csv
[2026-01-16T07:55:49.063+0000] {taskinstance.py:1149} INFO - Marking task as SUCCESS. dag_id=ModelDevelop, task_id=get_data, execution_date=20260109T160000, start_date=20260116T075548, end_date=20260116T075549
[2026-01-16T07:55:49.115+0000] {local_task_job_runner.py:234} INFO - Task exited with return code 0
[2026-01-16T07:55:49.158+0000] {taskinstance.py:3312} INFO - 0 downstream tasks scheduled from follow-on schedule check
[2026-01-17T13:19:30.277+0000] {taskinstance.py:1979} INFO - Dependencies all met for dep_context=non-requeueable deps ti=<TaskInstance: ModelDevelop.get_data scheduled__2026-01-09T16:00:00+00:00 [queued]>
[2026-01-17T13:19:30.283+0000] {taskinstance.py:1979} INFO - Dependencies all met for dep_context=requeueable deps ti=<TaskInstance: ModelDevelop.get_data scheduled__2026-01-09T16:00:00+00:00 [queued]>
[2026-01-17T13:19:30.284+0000] {taskinstance.py:2193} INFO - Starting attempt 1 of 2
[2026-01-17T13:19:30.295+0000] {taskinstance.py:2217} INFO - Executing <Task(PythonOperator): get_data> on 2026-01-09 16:00:00+00:00
[2026-01-17T13:19:30.302+0000] {standard_task_runner.py:60} INFO - Started process 24238 to run task
[2026-01-17T13:19:30.304+0000] {standard_task_runner.py:87} INFO - Running: ['***', 'tasks', 'run', 'ModelDevelop', 'get_data', 'scheduled__2026-01-09T16:00:00+00:00', '--job-id', '363', '--raw', '--subdir', 'DAGS_FOLDER/example.py', '--cfg-path', '/tmp/tmpbrbo3po3']
[2026-01-17T13:19:30.305+0000] {standard_task_runner.py:88} INFO - Job 363: Subtask get_data
[2026-01-17T13:19:30.315+0000] {warnings.py:109} WARNING - /home/***/.local/lib/python3.9/site-packages/***/settings.py:194: DeprecationWarning: The sql_alchemy_conn option in [core] has been moved to the sql_alchemy_conn option in [database] - the old setting has been used, but please update your config.
  SQL_ALCHEMY_CONN = conf.get("database", "SQL_ALCHEMY_CONN")

[2026-01-17T13:19:30.341+0000] {task_command.py:423} INFO - Running <TaskInstance: ModelDevelop.get_data scheduled__2026-01-09T16:00:00+00:00 [running]> on host ed3184b6b543
[2026-01-17T13:19:30.436+0000] {taskinstance.py:2513} INFO - Exporting env vars: AIRFLOW_CTX_DAG_OWNER='***' AIRFLOW_CTX_DAG_ID='ModelDevelop' AIRFLOW_CTX_TASK_ID='get_data' AIRFLOW_CTX_EXECUTION_DATE='2026-01-09T16:00:00+00:00' AIRFLOW_CTX_TRY_NUMBER='1' AIRFLOW_CTX_DAG_RUN_ID='scheduled__2026-01-09T16:00:00+00:00'
[2026-01-17T13:19:30.445+0000] {python.py:202} INFO - Done. Returned value was: ./iris.csv
[2026-01-17T13:19:30.462+0000] {taskinstance.py:1149} INFO - Marking task as SUCCESS. dag_id=ModelDevelop, task_id=get_data, execution_date=20260109T160000, start_date=20260117T131930, end_date=20260117T131930
[2026-01-17T13:19:30.517+0000] {local_task_job_runner.py:234} INFO - Task exited with return code 0
[2026-01-17T13:19:30.549+0000] {taskinstance.py:3312} INFO - 1 downstream tasks scheduled from follow-on schedule check
[2026-01-17T13:40:57.322+0000] {taskinstance.py:1979} INFO - Dependencies all met for dep_context=non-requeueable deps ti=<TaskInstance: ModelDevelop.get_data scheduled__2026-01-09T16:00:00+00:00 [queued]>
[2026-01-17T13:40:57.329+0000] {taskinstance.py:1979} INFO - Dependencies all met for dep_context=requeueable deps ti=<TaskInstance: ModelDevelop.get_data scheduled__2026-01-09T16:00:00+00:00 [queued]>
[2026-01-17T13:40:57.330+0000] {taskinstance.py:2193} INFO - Starting attempt 1 of 2
[2026-01-17T13:40:57.342+0000] {taskinstance.py:2217} INFO - Executing <Task(PythonOperator): get_data> on 2026-01-09 16:00:00+00:00
[2026-01-17T13:40:57.348+0000] {standard_task_runner.py:60} INFO - Started process 24832 to run task
[2026-01-17T13:40:57.351+0000] {standard_task_runner.py:87} INFO - Running: ['***', 'tasks', 'run', 'ModelDevelop', 'get_data', 'scheduled__2026-01-09T16:00:00+00:00', '--job-id', '368', '--raw', '--subdir', 'DAGS_FOLDER/example.py', '--cfg-path', '/tmp/tmpzu18y8s8']
[2026-01-17T13:40:57.351+0000] {standard_task_runner.py:88} INFO - Job 368: Subtask get_data
[2026-01-17T13:40:57.360+0000] {warnings.py:109} WARNING - /home/***/.local/lib/python3.9/site-packages/***/settings.py:194: DeprecationWarning: The sql_alchemy_conn option in [core] has been moved to the sql_alchemy_conn option in [database] - the old setting has been used, but please update your config.
  SQL_ALCHEMY_CONN = conf.get("database", "SQL_ALCHEMY_CONN")

[2026-01-17T13:40:57.386+0000] {task_command.py:423} INFO - Running <TaskInstance: ModelDevelop.get_data scheduled__2026-01-09T16:00:00+00:00 [running]> on host 5330652dc216
[2026-01-17T13:40:57.498+0000] {taskinstance.py:2513} INFO - Exporting env vars: AIRFLOW_CTX_DAG_OWNER='***' AIRFLOW_CTX_DAG_ID='ModelDevelop' AIRFLOW_CTX_TASK_ID='get_data' AIRFLOW_CTX_EXECUTION_DATE='2026-01-09T16:00:00+00:00' AIRFLOW_CTX_TRY_NUMBER='1' AIRFLOW_CTX_DAG_RUN_ID='scheduled__2026-01-09T16:00:00+00:00'
[2026-01-17T13:40:57.508+0000] {python.py:202} INFO - Done. Returned value was: ./iris.csv
[2026-01-17T13:40:57.523+0000] {taskinstance.py:1149} INFO - Marking task as SUCCESS. dag_id=ModelDevelop, task_id=get_data, execution_date=20260109T160000, start_date=20260117T134057, end_date=20260117T134057
[2026-01-17T13:40:57.563+0000] {local_task_job_runner.py:234} INFO - Task exited with return code 0
[2026-01-17T13:40:57.582+0000] {taskinstance.py:3312} INFO - 1 downstream tasks scheduled from follow-on schedule check
