[2026-01-16T07:54:47.334+0000] {taskinstance.py:1979} INFO - Dependencies all met for dep_context=non-requeueable deps ti=<TaskInstance: ModelDevelop.get_data scheduled__2026-01-05T23:00:00+00:00 [queued]>
[2026-01-16T07:54:47.341+0000] {taskinstance.py:1979} INFO - Dependencies all met for dep_context=requeueable deps ti=<TaskInstance: ModelDevelop.get_data scheduled__2026-01-05T23:00:00+00:00 [queued]>
[2026-01-16T07:54:47.341+0000] {taskinstance.py:2193} INFO - Starting attempt 1 of 2
[2026-01-16T07:54:47.360+0000] {taskinstance.py:2217} INFO - Executing <Task(PythonOperator): get_data> on 2026-01-05 23:00:00+00:00
[2026-01-16T07:54:47.371+0000] {standard_task_runner.py:60} INFO - Started process 11639 to run task
[2026-01-16T07:54:47.373+0000] {standard_task_runner.py:87} INFO - Running: ['***', 'tasks', 'run', 'ModelDevelop', 'get_data', 'scheduled__2026-01-05T23:00:00+00:00', '--job-id', '177', '--raw', '--subdir', 'DAGS_FOLDER/example.py', '--cfg-path', '/tmp/tmpd6h1mltw']
[2026-01-16T07:54:47.374+0000] {standard_task_runner.py:88} INFO - Job 177: Subtask get_data
[2026-01-16T07:54:47.412+0000] {warnings.py:109} WARNING - /home/***/.local/lib/python3.9/site-packages/***/settings.py:194: DeprecationWarning: The sql_alchemy_conn option in [core] has been moved to the sql_alchemy_conn option in [database] - the old setting has been used, but please update your config.
  SQL_ALCHEMY_CONN = conf.get("database", "SQL_ALCHEMY_CONN")

[2026-01-16T07:54:47.453+0000] {task_command.py:423} INFO - Running <TaskInstance: ModelDevelop.get_data scheduled__2026-01-05T23:00:00+00:00 [running]> on host 8a4f043652f0
[2026-01-16T07:54:47.512+0000] {taskinstance.py:2513} INFO - Exporting env vars: AIRFLOW_CTX_DAG_OWNER='***' AIRFLOW_CTX_DAG_ID='ModelDevelop' AIRFLOW_CTX_TASK_ID='get_data' AIRFLOW_CTX_EXECUTION_DATE='2026-01-05T23:00:00+00:00' AIRFLOW_CTX_TRY_NUMBER='1' AIRFLOW_CTX_DAG_RUN_ID='scheduled__2026-01-05T23:00:00+00:00'
[2026-01-16T07:54:47.523+0000] {python.py:202} INFO - Done. Returned value was: ./iris.csv
[2026-01-16T07:54:47.553+0000] {taskinstance.py:1149} INFO - Marking task as SUCCESS. dag_id=ModelDevelop, task_id=get_data, execution_date=20260105T230000, start_date=20260116T075447, end_date=20260116T075447
[2026-01-16T07:54:47.603+0000] {local_task_job_runner.py:234} INFO - Task exited with return code 0
[2026-01-16T07:54:47.622+0000] {taskinstance.py:3312} INFO - 1 downstream tasks scheduled from follow-on schedule check
[2026-01-17T13:18:22.142+0000] {taskinstance.py:1979} INFO - Dependencies all met for dep_context=non-requeueable deps ti=<TaskInstance: ModelDevelop.get_data scheduled__2026-01-05T23:00:00+00:00 [queued]>
[2026-01-17T13:18:22.155+0000] {taskinstance.py:1979} INFO - Dependencies all met for dep_context=requeueable deps ti=<TaskInstance: ModelDevelop.get_data scheduled__2026-01-05T23:00:00+00:00 [queued]>
[2026-01-17T13:18:22.156+0000] {taskinstance.py:2193} INFO - Starting attempt 1 of 2
[2026-01-17T13:18:22.168+0000] {taskinstance.py:2217} INFO - Executing <Task(PythonOperator): get_data> on 2026-01-05 23:00:00+00:00
[2026-01-17T13:18:22.177+0000] {standard_task_runner.py:60} INFO - Started process 11670 to run task
[2026-01-17T13:18:22.187+0000] {standard_task_runner.py:87} INFO - Running: ['***', 'tasks', 'run', 'ModelDevelop', 'get_data', 'scheduled__2026-01-05T23:00:00+00:00', '--job-id', '177', '--raw', '--subdir', 'DAGS_FOLDER/example.py', '--cfg-path', '/tmp/tmpvnm4l7dt']
[2026-01-17T13:18:22.188+0000] {standard_task_runner.py:88} INFO - Job 177: Subtask get_data
[2026-01-17T13:18:22.218+0000] {warnings.py:109} WARNING - /home/***/.local/lib/python3.9/site-packages/***/settings.py:194: DeprecationWarning: The sql_alchemy_conn option in [core] has been moved to the sql_alchemy_conn option in [database] - the old setting has been used, but please update your config.
  SQL_ALCHEMY_CONN = conf.get("database", "SQL_ALCHEMY_CONN")

[2026-01-17T13:18:22.247+0000] {task_command.py:423} INFO - Running <TaskInstance: ModelDevelop.get_data scheduled__2026-01-05T23:00:00+00:00 [running]> on host ed3184b6b543
[2026-01-17T13:18:22.300+0000] {taskinstance.py:2513} INFO - Exporting env vars: AIRFLOW_CTX_DAG_OWNER='***' AIRFLOW_CTX_DAG_ID='ModelDevelop' AIRFLOW_CTX_TASK_ID='get_data' AIRFLOW_CTX_EXECUTION_DATE='2026-01-05T23:00:00+00:00' AIRFLOW_CTX_TRY_NUMBER='1' AIRFLOW_CTX_DAG_RUN_ID='scheduled__2026-01-05T23:00:00+00:00'
[2026-01-17T13:18:22.310+0000] {python.py:202} INFO - Done. Returned value was: ./iris.csv
[2026-01-17T13:18:22.339+0000] {taskinstance.py:1149} INFO - Marking task as SUCCESS. dag_id=ModelDevelop, task_id=get_data, execution_date=20260105T230000, start_date=20260117T131822, end_date=20260117T131822
[2026-01-17T13:18:22.404+0000] {local_task_job_runner.py:234} INFO - Task exited with return code 0
[2026-01-17T13:18:22.421+0000] {taskinstance.py:3312} INFO - 1 downstream tasks scheduled from follow-on schedule check
[2026-01-17T13:39:44.046+0000] {taskinstance.py:1979} INFO - Dependencies all met for dep_context=non-requeueable deps ti=<TaskInstance: ModelDevelop.get_data scheduled__2026-01-05T23:00:00+00:00 [queued]>
[2026-01-17T13:39:44.056+0000] {taskinstance.py:1979} INFO - Dependencies all met for dep_context=requeueable deps ti=<TaskInstance: ModelDevelop.get_data scheduled__2026-01-05T23:00:00+00:00 [queued]>
[2026-01-17T13:39:44.056+0000] {taskinstance.py:2193} INFO - Starting attempt 1 of 2
[2026-01-17T13:39:44.074+0000] {taskinstance.py:2217} INFO - Executing <Task(PythonOperator): get_data> on 2026-01-05 23:00:00+00:00
[2026-01-17T13:39:44.082+0000] {standard_task_runner.py:60} INFO - Started process 11705 to run task
[2026-01-17T13:39:44.086+0000] {standard_task_runner.py:87} INFO - Running: ['***', 'tasks', 'run', 'ModelDevelop', 'get_data', 'scheduled__2026-01-05T23:00:00+00:00', '--job-id', '179', '--raw', '--subdir', 'DAGS_FOLDER/example.py', '--cfg-path', '/tmp/tmpthxi6nw4']
[2026-01-17T13:39:44.087+0000] {standard_task_runner.py:88} INFO - Job 179: Subtask get_data
[2026-01-17T13:39:44.099+0000] {warnings.py:109} WARNING - /home/***/.local/lib/python3.9/site-packages/***/settings.py:194: DeprecationWarning: The sql_alchemy_conn option in [core] has been moved to the sql_alchemy_conn option in [database] - the old setting has been used, but please update your config.
  SQL_ALCHEMY_CONN = conf.get("database", "SQL_ALCHEMY_CONN")

[2026-01-17T13:39:44.128+0000] {task_command.py:423} INFO - Running <TaskInstance: ModelDevelop.get_data scheduled__2026-01-05T23:00:00+00:00 [running]> on host 5330652dc216
[2026-01-17T13:39:44.185+0000] {taskinstance.py:2513} INFO - Exporting env vars: AIRFLOW_CTX_DAG_OWNER='***' AIRFLOW_CTX_DAG_ID='ModelDevelop' AIRFLOW_CTX_TASK_ID='get_data' AIRFLOW_CTX_EXECUTION_DATE='2026-01-05T23:00:00+00:00' AIRFLOW_CTX_TRY_NUMBER='1' AIRFLOW_CTX_DAG_RUN_ID='scheduled__2026-01-05T23:00:00+00:00'
[2026-01-17T13:39:44.193+0000] {python.py:202} INFO - Done. Returned value was: ./iris.csv
[2026-01-17T13:39:44.207+0000] {taskinstance.py:1149} INFO - Marking task as SUCCESS. dag_id=ModelDevelop, task_id=get_data, execution_date=20260105T230000, start_date=20260117T133944, end_date=20260117T133944
[2026-01-17T13:39:44.258+0000] {local_task_job_runner.py:234} INFO - Task exited with return code 0
[2026-01-17T13:39:44.275+0000] {taskinstance.py:3312} INFO - 1 downstream tasks scheduled from follow-on schedule check
