[2026-01-16T07:55:39.060+0000] {taskinstance.py:1979} INFO - Dependencies all met for dep_context=non-requeueable deps ti=<TaskInstance: ModelDevelop.get_data scheduled__2026-01-09T06:00:00+00:00 [queued]>
[2026-01-16T07:55:39.066+0000] {taskinstance.py:1979} INFO - Dependencies all met for dep_context=requeueable deps ti=<TaskInstance: ModelDevelop.get_data scheduled__2026-01-09T06:00:00+00:00 [queued]>
[2026-01-16T07:55:39.066+0000] {taskinstance.py:2193} INFO - Starting attempt 1 of 2
[2026-01-16T07:55:39.073+0000] {taskinstance.py:2217} INFO - Executing <Task(PythonOperator): get_data> on 2026-01-09 06:00:00+00:00
[2026-01-16T07:55:39.080+0000] {standard_task_runner.py:60} INFO - Started process 22352 to run task
[2026-01-16T07:55:39.082+0000] {standard_task_runner.py:87} INFO - Running: ['***', 'tasks', 'run', 'ModelDevelop', 'get_data', 'scheduled__2026-01-09T06:00:00+00:00', '--job-id', '336', '--raw', '--subdir', 'DAGS_FOLDER/example.py', '--cfg-path', '/tmp/tmpgttoheqm']
[2026-01-16T07:55:39.083+0000] {standard_task_runner.py:88} INFO - Job 336: Subtask get_data
[2026-01-16T07:55:39.091+0000] {warnings.py:109} WARNING - /home/***/.local/lib/python3.9/site-packages/***/settings.py:194: DeprecationWarning: The sql_alchemy_conn option in [core] has been moved to the sql_alchemy_conn option in [database] - the old setting has been used, but please update your config.
  SQL_ALCHEMY_CONN = conf.get("database", "SQL_ALCHEMY_CONN")

[2026-01-16T07:55:39.117+0000] {task_command.py:423} INFO - Running <TaskInstance: ModelDevelop.get_data scheduled__2026-01-09T06:00:00+00:00 [running]> on host 8a4f043652f0
[2026-01-16T07:55:39.175+0000] {taskinstance.py:2513} INFO - Exporting env vars: AIRFLOW_CTX_DAG_OWNER='***' AIRFLOW_CTX_DAG_ID='ModelDevelop' AIRFLOW_CTX_TASK_ID='get_data' AIRFLOW_CTX_EXECUTION_DATE='2026-01-09T06:00:00+00:00' AIRFLOW_CTX_TRY_NUMBER='1' AIRFLOW_CTX_DAG_RUN_ID='scheduled__2026-01-09T06:00:00+00:00'
[2026-01-16T07:55:39.183+0000] {python.py:202} INFO - Done. Returned value was: ./iris.csv
[2026-01-16T07:55:39.199+0000] {taskinstance.py:1149} INFO - Marking task as SUCCESS. dag_id=ModelDevelop, task_id=get_data, execution_date=20260109T060000, start_date=20260116T075539, end_date=20260116T075539
[2026-01-16T07:55:39.254+0000] {local_task_job_runner.py:234} INFO - Task exited with return code 0
[2026-01-16T07:55:39.269+0000] {taskinstance.py:3312} INFO - 1 downstream tasks scheduled from follow-on schedule check
[2026-01-17T13:19:20.769+0000] {taskinstance.py:1979} INFO - Dependencies all met for dep_context=non-requeueable deps ti=<TaskInstance: ModelDevelop.get_data scheduled__2026-01-09T06:00:00+00:00 [queued]>
[2026-01-17T13:19:20.778+0000] {taskinstance.py:1979} INFO - Dependencies all met for dep_context=requeueable deps ti=<TaskInstance: ModelDevelop.get_data scheduled__2026-01-09T06:00:00+00:00 [queued]>
[2026-01-17T13:19:20.778+0000] {taskinstance.py:2193} INFO - Starting attempt 1 of 2
[2026-01-17T13:19:20.788+0000] {taskinstance.py:2217} INFO - Executing <Task(PythonOperator): get_data> on 2026-01-09 06:00:00+00:00
[2026-01-17T13:19:20.801+0000] {standard_task_runner.py:60} INFO - Started process 22366 to run task
[2026-01-17T13:19:20.806+0000] {standard_task_runner.py:87} INFO - Running: ['***', 'tasks', 'run', 'ModelDevelop', 'get_data', 'scheduled__2026-01-09T06:00:00+00:00', '--job-id', '338', '--raw', '--subdir', 'DAGS_FOLDER/example.py', '--cfg-path', '/tmp/tmpdsrf193j']
[2026-01-17T13:19:20.808+0000] {standard_task_runner.py:88} INFO - Job 338: Subtask get_data
[2026-01-17T13:19:20.823+0000] {warnings.py:109} WARNING - /home/***/.local/lib/python3.9/site-packages/***/settings.py:194: DeprecationWarning: The sql_alchemy_conn option in [core] has been moved to the sql_alchemy_conn option in [database] - the old setting has been used, but please update your config.
  SQL_ALCHEMY_CONN = conf.get("database", "SQL_ALCHEMY_CONN")

[2026-01-17T13:19:20.894+0000] {task_command.py:423} INFO - Running <TaskInstance: ModelDevelop.get_data scheduled__2026-01-09T06:00:00+00:00 [running]> on host ed3184b6b543
[2026-01-17T13:19:20.955+0000] {taskinstance.py:2513} INFO - Exporting env vars: AIRFLOW_CTX_DAG_OWNER='***' AIRFLOW_CTX_DAG_ID='ModelDevelop' AIRFLOW_CTX_TASK_ID='get_data' AIRFLOW_CTX_EXECUTION_DATE='2026-01-09T06:00:00+00:00' AIRFLOW_CTX_TRY_NUMBER='1' AIRFLOW_CTX_DAG_RUN_ID='scheduled__2026-01-09T06:00:00+00:00'
[2026-01-17T13:19:20.966+0000] {python.py:202} INFO - Done. Returned value was: ./iris.csv
[2026-01-17T13:19:20.983+0000] {taskinstance.py:1149} INFO - Marking task as SUCCESS. dag_id=ModelDevelop, task_id=get_data, execution_date=20260109T060000, start_date=20260117T131920, end_date=20260117T131920
[2026-01-17T13:19:21.018+0000] {local_task_job_runner.py:234} INFO - Task exited with return code 0
[2026-01-17T13:19:21.115+0000] {taskinstance.py:3312} INFO - 0 downstream tasks scheduled from follow-on schedule check
[2026-01-17T13:40:45.841+0000] {taskinstance.py:1979} INFO - Dependencies all met for dep_context=non-requeueable deps ti=<TaskInstance: ModelDevelop.get_data scheduled__2026-01-09T06:00:00+00:00 [queued]>
[2026-01-17T13:40:45.847+0000] {taskinstance.py:1979} INFO - Dependencies all met for dep_context=requeueable deps ti=<TaskInstance: ModelDevelop.get_data scheduled__2026-01-09T06:00:00+00:00 [queued]>
[2026-01-17T13:40:45.847+0000] {taskinstance.py:2193} INFO - Starting attempt 1 of 2
[2026-01-17T13:40:45.856+0000] {taskinstance.py:2217} INFO - Executing <Task(PythonOperator): get_data> on 2026-01-09 06:00:00+00:00
[2026-01-17T13:40:45.863+0000] {standard_task_runner.py:60} INFO - Started process 22864 to run task
[2026-01-17T13:40:45.865+0000] {standard_task_runner.py:87} INFO - Running: ['***', 'tasks', 'run', 'ModelDevelop', 'get_data', 'scheduled__2026-01-09T06:00:00+00:00', '--job-id', '344', '--raw', '--subdir', 'DAGS_FOLDER/example.py', '--cfg-path', '/tmp/tmpdq311gh1']
[2026-01-17T13:40:45.867+0000] {standard_task_runner.py:88} INFO - Job 344: Subtask get_data
[2026-01-17T13:40:45.876+0000] {warnings.py:109} WARNING - /home/***/.local/lib/python3.9/site-packages/***/settings.py:194: DeprecationWarning: The sql_alchemy_conn option in [core] has been moved to the sql_alchemy_conn option in [database] - the old setting has been used, but please update your config.
  SQL_ALCHEMY_CONN = conf.get("database", "SQL_ALCHEMY_CONN")

[2026-01-17T13:40:45.928+0000] {task_command.py:423} INFO - Running <TaskInstance: ModelDevelop.get_data scheduled__2026-01-09T06:00:00+00:00 [running]> on host 5330652dc216
[2026-01-17T13:40:46.065+0000] {taskinstance.py:2513} INFO - Exporting env vars: AIRFLOW_CTX_DAG_OWNER='***' AIRFLOW_CTX_DAG_ID='ModelDevelop' AIRFLOW_CTX_TASK_ID='get_data' AIRFLOW_CTX_EXECUTION_DATE='2026-01-09T06:00:00+00:00' AIRFLOW_CTX_TRY_NUMBER='1' AIRFLOW_CTX_DAG_RUN_ID='scheduled__2026-01-09T06:00:00+00:00'
[2026-01-17T13:40:46.076+0000] {python.py:202} INFO - Done. Returned value was: ./iris.csv
[2026-01-17T13:40:46.094+0000] {taskinstance.py:1149} INFO - Marking task as SUCCESS. dag_id=ModelDevelop, task_id=get_data, execution_date=20260109T060000, start_date=20260117T134045, end_date=20260117T134046
[2026-01-17T13:40:46.117+0000] {local_task_job_runner.py:234} INFO - Task exited with return code 0
[2026-01-17T13:40:46.153+0000] {taskinstance.py:3312} INFO - 1 downstream tasks scheduled from follow-on schedule check
