[2026-03-06T06:40:38.480+0000] {taskinstance.py:1979} INFO - Dependencies all met for dep_context=non-requeueable deps ti=<TaskInstance: KangDataDriftRetrainDAG.detect_drift manual__2026-03-06T06:40:35.813398+00:00 [queued]>
[2026-03-06T06:40:38.484+0000] {taskinstance.py:1979} INFO - Dependencies all met for dep_context=requeueable deps ti=<TaskInstance: KangDataDriftRetrainDAG.detect_drift manual__2026-03-06T06:40:35.813398+00:00 [queued]>
[2026-03-06T06:40:38.485+0000] {taskinstance.py:2193} INFO - Starting attempt 1 of 2
[2026-03-06T06:40:38.491+0000] {taskinstance.py:2217} INFO - Executing <Task(BranchPythonOperator): detect_drift> on 2026-03-06 06:40:35.813398+00:00
[2026-03-06T06:40:38.497+0000] {standard_task_runner.py:60} INFO - Started process 1286 to run task
[2026-03-06T06:40:38.499+0000] {standard_task_runner.py:87} INFO - Running: ['***', 'tasks', 'run', 'KangDataDriftRetrainDAG', 'detect_drift', 'manual__2026-03-06T06:40:35.813398+00:00', '--job-id', '27', '--raw', '--subdir', 'DAGS_FOLDER/kang_exercise_drift.py', '--cfg-path', '/tmp/tmpct59jd87']
[2026-03-06T06:40:38.500+0000] {standard_task_runner.py:88} INFO - Job 27: Subtask detect_drift
[2026-03-06T06:40:38.507+0000] {warnings.py:109} WARNING - /home/***/.local/lib/python3.9/site-packages/***/settings.py:194: DeprecationWarning: The sql_alchemy_conn option in [core] has been moved to the sql_alchemy_conn option in [database] - the old setting has been used, but please update your config.
  SQL_ALCHEMY_CONN = conf.get("database", "SQL_ALCHEMY_CONN")

[2026-03-06T06:40:38.529+0000] {task_command.py:423} INFO - Running <TaskInstance: KangDataDriftRetrainDAG.detect_drift manual__2026-03-06T06:40:35.813398+00:00 [running]> on host 1d66f61ade93
[2026-03-06T06:40:38.570+0000] {taskinstance.py:2513} INFO - Exporting env vars: AIRFLOW_CTX_DAG_OWNER='***' AIRFLOW_CTX_DAG_ID='KangDataDriftRetrainDAG' AIRFLOW_CTX_TASK_ID='detect_drift' AIRFLOW_CTX_EXECUTION_DATE='2026-03-06T06:40:35.813398+00:00' AIRFLOW_CTX_TRY_NUMBER='1' AIRFLOW_CTX_DAG_RUN_ID='manual__2026-03-06T06:40:35.813398+00:00'
[2026-03-06T06:40:38.578+0000] {taskinstance.py:2731} ERROR - Task failed with exception
Traceback (most recent call last):
  File "/home/airflow/.local/lib/python3.9/site-packages/airflow/models/taskinstance.py", line 444, in _execute_task
    result = _execute_callable(context=context, **execute_callable_kwargs)
  File "/home/airflow/.local/lib/python3.9/site-packages/airflow/models/taskinstance.py", line 414, in _execute_callable
    return execute_callable(context=context, **execute_callable_kwargs)
  File "/home/airflow/.local/lib/python3.9/site-packages/airflow/operators/python.py", line 234, in execute
    return self.do_branch(context, super().execute(context))
  File "/home/airflow/.local/lib/python3.9/site-packages/airflow/operators/python.py", line 200, in execute
    return_value = self.execute_callable()
  File "/home/airflow/.local/lib/python3.9/site-packages/airflow/operators/python.py", line 217, in execute_callable
    return self.python_callable(*self.op_args, **self.op_kwargs)
  File "/opt/airflow/dags/kang_exercise_drift.py", line 65, in detect_drift
    df = df.read_csv(path)
UnboundLocalError: local variable 'df' referenced before assignment
[2026-03-06T06:40:38.583+0000] {taskinstance.py:1149} INFO - Marking task as UP_FOR_RETRY. dag_id=KangDataDriftRetrainDAG, task_id=detect_drift, execution_date=20260306T064035, start_date=20260306T064038, end_date=20260306T064038
[2026-03-06T06:40:38.588+0000] {standard_task_runner.py:107} ERROR - Failed to execute job 27 for task detect_drift (local variable 'df' referenced before assignment; 1286)
[2026-03-06T06:40:38.631+0000] {local_task_job_runner.py:234} INFO - Task exited with return code 1
[2026-03-06T06:40:38.645+0000] {taskinstance.py:3312} INFO - 0 downstream tasks scheduled from follow-on schedule check
