[2026-01-16T07:55:37.365+0000] {taskinstance.py:1979} INFO - Dependencies all met for dep_context=non-requeueable deps ti=<TaskInstance: ModelDevelop.get_data scheduled__2026-01-08T17:00:00+00:00 [queued]>
[2026-01-16T07:55:37.374+0000] {taskinstance.py:1979} INFO - Dependencies all met for dep_context=requeueable deps ti=<TaskInstance: ModelDevelop.get_data scheduled__2026-01-08T17:00:00+00:00 [queued]>
[2026-01-16T07:55:37.374+0000] {taskinstance.py:2193} INFO - Starting attempt 1 of 2
[2026-01-16T07:55:37.392+0000] {taskinstance.py:2217} INFO - Executing <Task(PythonOperator): get_data> on 2026-01-08 17:00:00+00:00
[2026-01-16T07:55:37.401+0000] {standard_task_runner.py:60} INFO - Started process 21849 to run task
[2026-01-16T07:55:37.422+0000] {standard_task_runner.py:87} INFO - Running: ['***', 'tasks', 'run', 'ModelDevelop', 'get_data', 'scheduled__2026-01-08T17:00:00+00:00', '--job-id', '323', '--raw', '--subdir', 'DAGS_FOLDER/example.py', '--cfg-path', '/tmp/tmpgre8svdq']
[2026-01-16T07:55:37.423+0000] {standard_task_runner.py:88} INFO - Job 323: Subtask get_data
[2026-01-16T07:55:37.433+0000] {warnings.py:109} WARNING - /home/***/.local/lib/python3.9/site-packages/***/settings.py:194: DeprecationWarning: The sql_alchemy_conn option in [core] has been moved to the sql_alchemy_conn option in [database] - the old setting has been used, but please update your config.
  SQL_ALCHEMY_CONN = conf.get("database", "SQL_ALCHEMY_CONN")

[2026-01-16T07:55:37.497+0000] {task_command.py:423} INFO - Running <TaskInstance: ModelDevelop.get_data scheduled__2026-01-08T17:00:00+00:00 [running]> on host 8a4f043652f0
[2026-01-16T07:55:37.586+0000] {taskinstance.py:2513} INFO - Exporting env vars: AIRFLOW_CTX_DAG_OWNER='***' AIRFLOW_CTX_DAG_ID='ModelDevelop' AIRFLOW_CTX_TASK_ID='get_data' AIRFLOW_CTX_EXECUTION_DATE='2026-01-08T17:00:00+00:00' AIRFLOW_CTX_TRY_NUMBER='1' AIRFLOW_CTX_DAG_RUN_ID='scheduled__2026-01-08T17:00:00+00:00'
[2026-01-16T07:55:37.597+0000] {python.py:202} INFO - Done. Returned value was: ./iris.csv
[2026-01-16T07:55:37.612+0000] {taskinstance.py:1149} INFO - Marking task as SUCCESS. dag_id=ModelDevelop, task_id=get_data, execution_date=20260108T170000, start_date=20260116T075537, end_date=20260116T075537
[2026-01-16T07:55:37.672+0000] {local_task_job_runner.py:234} INFO - Task exited with return code 0
[2026-01-16T07:55:37.692+0000] {taskinstance.py:3312} INFO - 1 downstream tasks scheduled from follow-on schedule check
[2026-01-17T13:19:18.047+0000] {taskinstance.py:1979} INFO - Dependencies all met for dep_context=non-requeueable deps ti=<TaskInstance: ModelDevelop.get_data scheduled__2026-01-08T17:00:00+00:00 [queued]>
[2026-01-17T13:19:18.051+0000] {taskinstance.py:1979} INFO - Dependencies all met for dep_context=requeueable deps ti=<TaskInstance: ModelDevelop.get_data scheduled__2026-01-08T17:00:00+00:00 [queued]>
[2026-01-17T13:19:18.051+0000] {taskinstance.py:2193} INFO - Starting attempt 1 of 2
[2026-01-17T13:19:18.057+0000] {taskinstance.py:2217} INFO - Executing <Task(PythonOperator): get_data> on 2026-01-08 17:00:00+00:00
[2026-01-17T13:19:18.063+0000] {standard_task_runner.py:60} INFO - Started process 21680 to run task
[2026-01-17T13:19:18.065+0000] {standard_task_runner.py:87} INFO - Running: ['***', 'tasks', 'run', 'ModelDevelop', 'get_data', 'scheduled__2026-01-08T17:00:00+00:00', '--job-id', '324', '--raw', '--subdir', 'DAGS_FOLDER/example.py', '--cfg-path', '/tmp/tmp5m0rkiqt']
[2026-01-17T13:19:18.066+0000] {standard_task_runner.py:88} INFO - Job 324: Subtask get_data
[2026-01-17T13:19:18.075+0000] {warnings.py:109} WARNING - /home/***/.local/lib/python3.9/site-packages/***/settings.py:194: DeprecationWarning: The sql_alchemy_conn option in [core] has been moved to the sql_alchemy_conn option in [database] - the old setting has been used, but please update your config.
  SQL_ALCHEMY_CONN = conf.get("database", "SQL_ALCHEMY_CONN")

[2026-01-17T13:19:18.096+0000] {task_command.py:423} INFO - Running <TaskInstance: ModelDevelop.get_data scheduled__2026-01-08T17:00:00+00:00 [running]> on host ed3184b6b543
[2026-01-17T13:19:18.138+0000] {taskinstance.py:2513} INFO - Exporting env vars: AIRFLOW_CTX_DAG_OWNER='***' AIRFLOW_CTX_DAG_ID='ModelDevelop' AIRFLOW_CTX_TASK_ID='get_data' AIRFLOW_CTX_EXECUTION_DATE='2026-01-08T17:00:00+00:00' AIRFLOW_CTX_TRY_NUMBER='1' AIRFLOW_CTX_DAG_RUN_ID='scheduled__2026-01-08T17:00:00+00:00'
[2026-01-17T13:19:18.146+0000] {python.py:202} INFO - Done. Returned value was: ./iris.csv
[2026-01-17T13:19:18.159+0000] {taskinstance.py:1149} INFO - Marking task as SUCCESS. dag_id=ModelDevelop, task_id=get_data, execution_date=20260108T170000, start_date=20260117T131918, end_date=20260117T131918
[2026-01-17T13:19:18.196+0000] {local_task_job_runner.py:234} INFO - Task exited with return code 0
[2026-01-17T13:19:18.210+0000] {taskinstance.py:3312} INFO - 0 downstream tasks scheduled from follow-on schedule check
[2026-01-17T13:40:35.975+0000] {taskinstance.py:1979} INFO - Dependencies all met for dep_context=non-requeueable deps ti=<TaskInstance: ModelDevelop.get_data scheduled__2026-01-08T17:00:00+00:00 [queued]>
[2026-01-17T13:40:35.981+0000] {taskinstance.py:1979} INFO - Dependencies all met for dep_context=requeueable deps ti=<TaskInstance: ModelDevelop.get_data scheduled__2026-01-08T17:00:00+00:00 [queued]>
[2026-01-17T13:40:35.981+0000] {taskinstance.py:2193} INFO - Starting attempt 1 of 2
[2026-01-17T13:40:35.989+0000] {taskinstance.py:2217} INFO - Executing <Task(PythonOperator): get_data> on 2026-01-08 17:00:00+00:00
[2026-01-17T13:40:35.996+0000] {standard_task_runner.py:60} INFO - Started process 20818 to run task
[2026-01-17T13:40:35.998+0000] {standard_task_runner.py:87} INFO - Running: ['***', 'tasks', 'run', 'ModelDevelop', 'get_data', 'scheduled__2026-01-08T17:00:00+00:00', '--job-id', '313', '--raw', '--subdir', 'DAGS_FOLDER/example.py', '--cfg-path', '/tmp/tmpu8u4_kqa']
[2026-01-17T13:40:35.999+0000] {standard_task_runner.py:88} INFO - Job 313: Subtask get_data
[2026-01-17T13:40:36.007+0000] {warnings.py:109} WARNING - /home/***/.local/lib/python3.9/site-packages/***/settings.py:194: DeprecationWarning: The sql_alchemy_conn option in [core] has been moved to the sql_alchemy_conn option in [database] - the old setting has been used, but please update your config.
  SQL_ALCHEMY_CONN = conf.get("database", "SQL_ALCHEMY_CONN")

[2026-01-17T13:40:36.035+0000] {task_command.py:423} INFO - Running <TaskInstance: ModelDevelop.get_data scheduled__2026-01-08T17:00:00+00:00 [running]> on host 5330652dc216
[2026-01-17T13:40:36.134+0000] {taskinstance.py:2513} INFO - Exporting env vars: AIRFLOW_CTX_DAG_OWNER='***' AIRFLOW_CTX_DAG_ID='ModelDevelop' AIRFLOW_CTX_TASK_ID='get_data' AIRFLOW_CTX_EXECUTION_DATE='2026-01-08T17:00:00+00:00' AIRFLOW_CTX_TRY_NUMBER='1' AIRFLOW_CTX_DAG_RUN_ID='scheduled__2026-01-08T17:00:00+00:00'
[2026-01-17T13:40:36.145+0000] {python.py:202} INFO - Done. Returned value was: ./iris.csv
[2026-01-17T13:40:36.162+0000] {taskinstance.py:1149} INFO - Marking task as SUCCESS. dag_id=ModelDevelop, task_id=get_data, execution_date=20260108T170000, start_date=20260117T134035, end_date=20260117T134036
[2026-01-17T13:40:36.210+0000] {local_task_job_runner.py:234} INFO - Task exited with return code 0
[2026-01-17T13:40:36.231+0000] {taskinstance.py:3312} INFO - 0 downstream tasks scheduled from follow-on schedule check
