[2026-01-16T07:55:27.456+0000] {taskinstance.py:1979} INFO - Dependencies all met for dep_context=non-requeueable deps ti=<TaskInstance: ModelDevelop.get_data scheduled__2026-01-08T08:00:00+00:00 [queued]>
[2026-01-16T07:55:27.462+0000] {taskinstance.py:1979} INFO - Dependencies all met for dep_context=requeueable deps ti=<TaskInstance: ModelDevelop.get_data scheduled__2026-01-08T08:00:00+00:00 [queued]>
[2026-01-16T07:55:27.462+0000] {taskinstance.py:2193} INFO - Starting attempt 1 of 2
[2026-01-16T07:55:27.471+0000] {taskinstance.py:2217} INFO - Executing <Task(PythonOperator): get_data> on 2026-01-08 08:00:00+00:00
[2026-01-16T07:55:27.478+0000] {standard_task_runner.py:60} INFO - Started process 19913 to run task
[2026-01-16T07:55:27.502+0000] {standard_task_runner.py:87} INFO - Running: ['***', 'tasks', 'run', 'ModelDevelop', 'get_data', 'scheduled__2026-01-08T08:00:00+00:00', '--job-id', '298', '--raw', '--subdir', 'DAGS_FOLDER/example.py', '--cfg-path', '/tmp/tmp_f4ily73']
[2026-01-16T07:55:27.503+0000] {standard_task_runner.py:88} INFO - Job 298: Subtask get_data
[2026-01-16T07:55:27.544+0000] {warnings.py:109} WARNING - /home/***/.local/lib/python3.9/site-packages/***/settings.py:194: DeprecationWarning: The sql_alchemy_conn option in [core] has been moved to the sql_alchemy_conn option in [database] - the old setting has been used, but please update your config.
  SQL_ALCHEMY_CONN = conf.get("database", "SQL_ALCHEMY_CONN")

[2026-01-16T07:55:27.617+0000] {task_command.py:423} INFO - Running <TaskInstance: ModelDevelop.get_data scheduled__2026-01-08T08:00:00+00:00 [running]> on host 8a4f043652f0
[2026-01-16T07:55:27.694+0000] {taskinstance.py:2513} INFO - Exporting env vars: AIRFLOW_CTX_DAG_OWNER='***' AIRFLOW_CTX_DAG_ID='ModelDevelop' AIRFLOW_CTX_TASK_ID='get_data' AIRFLOW_CTX_EXECUTION_DATE='2026-01-08T08:00:00+00:00' AIRFLOW_CTX_TRY_NUMBER='1' AIRFLOW_CTX_DAG_RUN_ID='scheduled__2026-01-08T08:00:00+00:00'
[2026-01-16T07:55:27.704+0000] {python.py:202} INFO - Done. Returned value was: ./iris.csv
[2026-01-16T07:55:27.720+0000] {taskinstance.py:1149} INFO - Marking task as SUCCESS. dag_id=ModelDevelop, task_id=get_data, execution_date=20260108T080000, start_date=20260116T075527, end_date=20260116T075527
[2026-01-16T07:55:27.748+0000] {local_task_job_runner.py:234} INFO - Task exited with return code 0
[2026-01-16T07:55:27.814+0000] {taskinstance.py:3312} INFO - 0 downstream tasks scheduled from follow-on schedule check
[2026-01-17T13:19:05.882+0000] {taskinstance.py:1979} INFO - Dependencies all met for dep_context=non-requeueable deps ti=<TaskInstance: ModelDevelop.get_data scheduled__2026-01-08T08:00:00+00:00 [queued]>
[2026-01-17T13:19:05.889+0000] {taskinstance.py:1979} INFO - Dependencies all met for dep_context=requeueable deps ti=<TaskInstance: ModelDevelop.get_data scheduled__2026-01-08T08:00:00+00:00 [queued]>
[2026-01-17T13:19:05.889+0000] {taskinstance.py:2193} INFO - Starting attempt 1 of 2
[2026-01-17T13:19:05.903+0000] {taskinstance.py:2217} INFO - Executing <Task(PythonOperator): get_data> on 2026-01-08 08:00:00+00:00
[2026-01-17T13:19:05.912+0000] {standard_task_runner.py:60} INFO - Started process 19915 to run task
[2026-01-17T13:19:05.915+0000] {standard_task_runner.py:87} INFO - Running: ['***', 'tasks', 'run', 'ModelDevelop', 'get_data', 'scheduled__2026-01-08T08:00:00+00:00', '--job-id', '299', '--raw', '--subdir', 'DAGS_FOLDER/example.py', '--cfg-path', '/tmp/tmp7hoxq2tv']
[2026-01-17T13:19:05.916+0000] {standard_task_runner.py:88} INFO - Job 299: Subtask get_data
[2026-01-17T13:19:05.924+0000] {warnings.py:109} WARNING - /home/***/.local/lib/python3.9/site-packages/***/settings.py:194: DeprecationWarning: The sql_alchemy_conn option in [core] has been moved to the sql_alchemy_conn option in [database] - the old setting has been used, but please update your config.
  SQL_ALCHEMY_CONN = conf.get("database", "SQL_ALCHEMY_CONN")

[2026-01-17T13:19:05.951+0000] {task_command.py:423} INFO - Running <TaskInstance: ModelDevelop.get_data scheduled__2026-01-08T08:00:00+00:00 [running]> on host ed3184b6b543
[2026-01-17T13:19:06.002+0000] {taskinstance.py:2513} INFO - Exporting env vars: AIRFLOW_CTX_DAG_OWNER='***' AIRFLOW_CTX_DAG_ID='ModelDevelop' AIRFLOW_CTX_TASK_ID='get_data' AIRFLOW_CTX_EXECUTION_DATE='2026-01-08T08:00:00+00:00' AIRFLOW_CTX_TRY_NUMBER='1' AIRFLOW_CTX_DAG_RUN_ID='scheduled__2026-01-08T08:00:00+00:00'
[2026-01-17T13:19:06.012+0000] {python.py:202} INFO - Done. Returned value was: ./iris.csv
[2026-01-17T13:19:06.027+0000] {taskinstance.py:1149} INFO - Marking task as SUCCESS. dag_id=ModelDevelop, task_id=get_data, execution_date=20260108T080000, start_date=20260117T131905, end_date=20260117T131906
[2026-01-17T13:19:06.047+0000] {local_task_job_runner.py:234} INFO - Task exited with return code 0
[2026-01-17T13:19:06.075+0000] {taskinstance.py:3312} INFO - 1 downstream tasks scheduled from follow-on schedule check
[2026-01-17T13:40:34.968+0000] {taskinstance.py:1979} INFO - Dependencies all met for dep_context=non-requeueable deps ti=<TaskInstance: ModelDevelop.get_data scheduled__2026-01-08T08:00:00+00:00 [queued]>
[2026-01-17T13:40:34.973+0000] {taskinstance.py:1979} INFO - Dependencies all met for dep_context=requeueable deps ti=<TaskInstance: ModelDevelop.get_data scheduled__2026-01-08T08:00:00+00:00 [queued]>
[2026-01-17T13:40:34.973+0000] {taskinstance.py:2193} INFO - Starting attempt 1 of 2
[2026-01-17T13:40:34.981+0000] {taskinstance.py:2217} INFO - Executing <Task(PythonOperator): get_data> on 2026-01-08 08:00:00+00:00
[2026-01-17T13:40:34.998+0000] {standard_task_runner.py:60} INFO - Started process 20542 to run task
[2026-01-17T13:40:35.000+0000] {standard_task_runner.py:87} INFO - Running: ['***', 'tasks', 'run', 'ModelDevelop', 'get_data', 'scheduled__2026-01-08T08:00:00+00:00', '--job-id', '304', '--raw', '--subdir', 'DAGS_FOLDER/example.py', '--cfg-path', '/tmp/tmpyezgqm30']
[2026-01-17T13:40:35.001+0000] {standard_task_runner.py:88} INFO - Job 304: Subtask get_data
[2026-01-17T13:40:35.010+0000] {warnings.py:109} WARNING - /home/***/.local/lib/python3.9/site-packages/***/settings.py:194: DeprecationWarning: The sql_alchemy_conn option in [core] has been moved to the sql_alchemy_conn option in [database] - the old setting has been used, but please update your config.
  SQL_ALCHEMY_CONN = conf.get("database", "SQL_ALCHEMY_CONN")

[2026-01-17T13:40:35.039+0000] {task_command.py:423} INFO - Running <TaskInstance: ModelDevelop.get_data scheduled__2026-01-08T08:00:00+00:00 [running]> on host 5330652dc216
[2026-01-17T13:40:35.129+0000] {taskinstance.py:2513} INFO - Exporting env vars: AIRFLOW_CTX_DAG_OWNER='***' AIRFLOW_CTX_DAG_ID='ModelDevelop' AIRFLOW_CTX_TASK_ID='get_data' AIRFLOW_CTX_EXECUTION_DATE='2026-01-08T08:00:00+00:00' AIRFLOW_CTX_TRY_NUMBER='1' AIRFLOW_CTX_DAG_RUN_ID='scheduled__2026-01-08T08:00:00+00:00'
[2026-01-17T13:40:35.138+0000] {python.py:202} INFO - Done. Returned value was: ./iris.csv
[2026-01-17T13:40:35.152+0000] {taskinstance.py:1149} INFO - Marking task as SUCCESS. dag_id=ModelDevelop, task_id=get_data, execution_date=20260108T080000, start_date=20260117T134034, end_date=20260117T134035
[2026-01-17T13:40:35.174+0000] {local_task_job_runner.py:234} INFO - Task exited with return code 0
[2026-01-17T13:40:35.189+0000] {taskinstance.py:3312} INFO - 1 downstream tasks scheduled from follow-on schedule check
