[2026-03-06T06:36:03.897+0000] {taskinstance.py:1979} INFO - Dependencies all met for dep_context=non-requeueable deps ti=<TaskInstance: DataDriftRetrainPsDAG.detect_drift scheduled__2026-03-06T06:34:00+00:00 [queued]>
[2026-03-06T06:36:03.903+0000] {taskinstance.py:1979} INFO - Dependencies all met for dep_context=requeueable deps ti=<TaskInstance: DataDriftRetrainPsDAG.detect_drift scheduled__2026-03-06T06:34:00+00:00 [queued]>
[2026-03-06T06:36:03.904+0000] {taskinstance.py:2193} INFO - Starting attempt 1 of 2
[2026-03-06T06:36:03.914+0000] {taskinstance.py:2217} INFO - Executing <Task(BranchPythonOperator): detect_drift> on 2026-03-06 06:34:00+00:00
[2026-03-06T06:36:03.922+0000] {standard_task_runner.py:60} INFO - Started process 2882 to run task
[2026-03-06T06:36:03.925+0000] {standard_task_runner.py:87} INFO - Running: ['***', 'tasks', 'run', 'DataDriftRetrainPsDAG', 'detect_drift', 'scheduled__2026-03-06T06:34:00+00:00', '--job-id', '72', '--raw', '--subdir', 'DAGS_FOLDER/exercise_drift_ps.py', '--cfg-path', '/tmp/tmprjsiiifg']
[2026-03-06T06:36:03.926+0000] {standard_task_runner.py:88} INFO - Job 72: Subtask detect_drift
[2026-03-06T06:36:03.935+0000] {warnings.py:109} WARNING - /home/***/.local/lib/python3.9/site-packages/***/settings.py:194: DeprecationWarning: The sql_alchemy_conn option in [core] has been moved to the sql_alchemy_conn option in [database] - the old setting has been used, but please update your config.
  SQL_ALCHEMY_CONN = conf.get("database", "SQL_ALCHEMY_CONN")

[2026-03-06T06:36:03.968+0000] {task_command.py:423} INFO - Running <TaskInstance: DataDriftRetrainPsDAG.detect_drift scheduled__2026-03-06T06:34:00+00:00 [running]> on host 0dd5ae49d4e0
[2026-03-06T06:36:04.020+0000] {taskinstance.py:2513} INFO - Exporting env vars: AIRFLOW_CTX_DAG_OWNER='***' AIRFLOW_CTX_DAG_ID='DataDriftRetrainPsDAG' AIRFLOW_CTX_TASK_ID='detect_drift' AIRFLOW_CTX_EXECUTION_DATE='2026-03-06T06:34:00+00:00' AIRFLOW_CTX_TRY_NUMBER='1' AIRFLOW_CTX_DAG_RUN_ID='scheduled__2026-03-06T06:34:00+00:00'
[2026-03-06T06:36:04.034+0000] {logging_mixin.py:188} INFO - PSI scores: {'sepal length (cm)': 11.653674333391148, 'sepal width (cm)': 2.4716459640010062, 'petal length (cm)': 11.842834209644588, 'petal width (cm)': 4.215369883380266}
[2026-03-06T06:36:04.034+0000] {logging_mixin.py:188} INFO - AVG PSI: 7.545881097604252
[2026-03-06T06:36:04.034+0000] {python.py:202} INFO - Done. Returned value was: train_fit
[2026-03-06T06:36:04.034+0000] {branch.py:35} INFO - Branch into train_fit
[2026-03-06T06:36:04.034+0000] {skipmixin.py:178} INFO - Following branch train_fit
[2026-03-06T06:36:04.045+0000] {skipmixin.py:244} INFO - Skipping tasks [('no_drift', -1)]
[2026-03-06T06:36:04.070+0000] {taskinstance.py:1149} INFO - Marking task as SUCCESS. dag_id=DataDriftRetrainPsDAG, task_id=detect_drift, execution_date=20260306T063400, start_date=20260306T063603, end_date=20260306T063604
[2026-03-06T06:36:04.097+0000] {local_task_job_runner.py:234} INFO - Task exited with return code 0
[2026-03-06T06:36:04.116+0000] {taskinstance.py:3312} INFO - 1 downstream tasks scheduled from follow-on schedule check
