[2026-03-06T07:28:03.258+0000] {taskinstance.py:1979} INFO - Dependencies all met for dep_context=non-requeueable deps ti=<TaskInstance: DataDriftRetrainDAG.detect_drift scheduled__2026-03-06T07:26:00+00:00 [queued]>
[2026-03-06T07:28:03.265+0000] {taskinstance.py:1979} INFO - Dependencies all met for dep_context=requeueable deps ti=<TaskInstance: DataDriftRetrainDAG.detect_drift scheduled__2026-03-06T07:26:00+00:00 [queued]>
[2026-03-06T07:28:03.265+0000] {taskinstance.py:2193} INFO - Starting attempt 1 of 2
[2026-03-06T07:28:03.282+0000] {taskinstance.py:2217} INFO - Executing <Task(BranchPythonOperator): detect_drift> on 2026-03-06 07:26:00+00:00
[2026-03-06T07:28:03.290+0000] {standard_task_runner.py:60} INFO - Started process 9901 to run task
[2026-03-06T07:28:03.293+0000] {standard_task_runner.py:87} INFO - Running: ['***', 'tasks', 'run', 'DataDriftRetrainDAG', 'detect_drift', 'scheduled__2026-03-06T07:26:00+00:00', '--job-id', '227', '--raw', '--subdir', 'DAGS_FOLDER/exercise_drift.py', '--cfg-path', '/tmp/tmp9kirnjzx']
[2026-03-06T07:28:03.294+0000] {standard_task_runner.py:88} INFO - Job 227: Subtask detect_drift
[2026-03-06T07:28:03.318+0000] {warnings.py:109} WARNING - /home/***/.local/lib/python3.9/site-packages/***/settings.py:194: DeprecationWarning: The sql_alchemy_conn option in [core] has been moved to the sql_alchemy_conn option in [database] - the old setting has been used, but please update your config.
  SQL_ALCHEMY_CONN = conf.get("database", "SQL_ALCHEMY_CONN")

[2026-03-06T07:28:03.357+0000] {task_command.py:423} INFO - Running <TaskInstance: DataDriftRetrainDAG.detect_drift scheduled__2026-03-06T07:26:00+00:00 [running]> on host 0dd5ae49d4e0
[2026-03-06T07:28:03.412+0000] {taskinstance.py:2513} INFO - Exporting env vars: AIRFLOW_CTX_DAG_OWNER='***' AIRFLOW_CTX_DAG_ID='DataDriftRetrainDAG' AIRFLOW_CTX_TASK_ID='detect_drift' AIRFLOW_CTX_EXECUTION_DATE='2026-03-06T07:26:00+00:00' AIRFLOW_CTX_TRY_NUMBER='1' AIRFLOW_CTX_DAG_RUN_ID='scheduled__2026-03-06T07:26:00+00:00'
[2026-03-06T07:28:03.428+0000] {taskinstance.py:2731} ERROR - Task failed with exception
Traceback (most recent call last):
  File "/home/airflow/.local/lib/python3.9/site-packages/airflow/models/taskinstance.py", line 444, in _execute_task
    result = _execute_callable(context=context, **execute_callable_kwargs)
  File "/home/airflow/.local/lib/python3.9/site-packages/airflow/models/taskinstance.py", line 414, in _execute_callable
    return execute_callable(context=context, **execute_callable_kwargs)
  File "/home/airflow/.local/lib/python3.9/site-packages/airflow/operators/python.py", line 234, in execute
    return self.do_branch(context, super().execute(context))
  File "/home/airflow/.local/lib/python3.9/site-packages/airflow/operators/python.py", line 200, in execute
    return_value = self.execute_callable()
  File "/home/airflow/.local/lib/python3.9/site-packages/airflow/operators/python.py", line 217, in execute_callable
    return self.python_callable(*self.op_args, **self.op_kwargs)
  File "/opt/airflow/dags/exercise_drift.py", line 77, in detect_drift
    psi_scores[col] = calculate_psi(reference[col], X[col])
NameError: name 'calculate_psi' is not defined
[2026-03-06T07:28:03.435+0000] {taskinstance.py:1149} INFO - Marking task as UP_FOR_RETRY. dag_id=DataDriftRetrainDAG, task_id=detect_drift, execution_date=20260306T072600, start_date=20260306T072803, end_date=20260306T072803
[2026-03-06T07:28:03.443+0000] {standard_task_runner.py:107} ERROR - Failed to execute job 227 for task detect_drift (name 'calculate_psi' is not defined; 9901)
[2026-03-06T07:28:03.469+0000] {local_task_job_runner.py:234} INFO - Task exited with return code 1
[2026-03-06T07:28:03.493+0000] {taskinstance.py:3312} INFO - 0 downstream tasks scheduled from follow-on schedule check
