[2026-01-16T21:00:01.518+0000] {taskinstance.py:1979} INFO - Dependencies all met for dep_context=non-requeueable deps ti=<TaskInstance: ModelDevelop.get_data scheduled__2026-01-16T20:00:00+00:00 [queued]>
[2026-01-16T21:00:01.522+0000] {taskinstance.py:1979} INFO - Dependencies all met for dep_context=requeueable deps ti=<TaskInstance: ModelDevelop.get_data scheduled__2026-01-16T20:00:00+00:00 [queued]>
[2026-01-16T21:00:01.522+0000] {taskinstance.py:2193} INFO - Starting attempt 1 of 2
[2026-01-16T21:00:01.528+0000] {taskinstance.py:2217} INFO - Executing <Task(PythonOperator): get_data> on 2026-01-16 20:00:00+00:00
[2026-01-16T21:00:01.534+0000] {standard_task_runner.py:60} INFO - Started process 47810 to run task
[2026-01-16T21:00:01.536+0000] {standard_task_runner.py:87} INFO - Running: ['***', 'tasks', 'run', 'ModelDevelop', 'get_data', 'scheduled__2026-01-16T20:00:00+00:00', '--job-id', '714', '--raw', '--subdir', 'DAGS_FOLDER/example.py', '--cfg-path', '/tmp/tmpcwq83i9c']
[2026-01-16T21:00:01.537+0000] {standard_task_runner.py:88} INFO - Job 714: Subtask get_data
[2026-01-16T21:00:01.546+0000] {warnings.py:109} WARNING - /home/***/.local/lib/python3.9/site-packages/***/settings.py:194: DeprecationWarning: The sql_alchemy_conn option in [core] has been moved to the sql_alchemy_conn option in [database] - the old setting has been used, but please update your config.
  SQL_ALCHEMY_CONN = conf.get("database", "SQL_ALCHEMY_CONN")

[2026-01-16T21:00:01.568+0000] {task_command.py:423} INFO - Running <TaskInstance: ModelDevelop.get_data scheduled__2026-01-16T20:00:00+00:00 [running]> on host 8a4f043652f0
[2026-01-16T21:00:01.613+0000] {taskinstance.py:2513} INFO - Exporting env vars: AIRFLOW_CTX_DAG_OWNER='***' AIRFLOW_CTX_DAG_ID='ModelDevelop' AIRFLOW_CTX_TASK_ID='get_data' AIRFLOW_CTX_EXECUTION_DATE='2026-01-16T20:00:00+00:00' AIRFLOW_CTX_TRY_NUMBER='1' AIRFLOW_CTX_DAG_RUN_ID='scheduled__2026-01-16T20:00:00+00:00'
[2026-01-16T21:00:01.620+0000] {python.py:202} INFO - Done. Returned value was: ./iris.csv
[2026-01-16T21:00:01.632+0000] {taskinstance.py:1149} INFO - Marking task as SUCCESS. dag_id=ModelDevelop, task_id=get_data, execution_date=20260116T200000, start_date=20260116T210001, end_date=20260116T210001
[2026-01-16T21:00:01.668+0000] {local_task_job_runner.py:234} INFO - Task exited with return code 0
[2026-01-16T21:00:01.680+0000] {taskinstance.py:3312} INFO - 0 downstream tasks scheduled from follow-on schedule check
[2026-01-17T13:21:20.300+0000] {taskinstance.py:1979} INFO - Dependencies all met for dep_context=non-requeueable deps ti=<TaskInstance: ModelDevelop.get_data scheduled__2026-01-16T20:00:00+00:00 [queued]>
[2026-01-17T13:21:20.313+0000] {taskinstance.py:1979} INFO - Dependencies all met for dep_context=requeueable deps ti=<TaskInstance: ModelDevelop.get_data scheduled__2026-01-16T20:00:00+00:00 [queued]>
[2026-01-17T13:21:20.314+0000] {taskinstance.py:2193} INFO - Starting attempt 1 of 2
[2026-01-17T13:21:20.369+0000] {taskinstance.py:2217} INFO - Executing <Task(PythonOperator): get_data> on 2026-01-16 20:00:00+00:00
[2026-01-17T13:21:20.375+0000] {standard_task_runner.py:60} INFO - Started process 47814 to run task
[2026-01-17T13:21:20.378+0000] {standard_task_runner.py:87} INFO - Running: ['***', 'tasks', 'run', 'ModelDevelop', 'get_data', 'scheduled__2026-01-16T20:00:00+00:00', '--job-id', '712', '--raw', '--subdir', 'DAGS_FOLDER/example.py', '--cfg-path', '/tmp/tmp7qtineda']
[2026-01-17T13:21:20.379+0000] {standard_task_runner.py:88} INFO - Job 712: Subtask get_data
[2026-01-17T13:21:20.391+0000] {warnings.py:109} WARNING - /home/***/.local/lib/python3.9/site-packages/***/settings.py:194: DeprecationWarning: The sql_alchemy_conn option in [core] has been moved to the sql_alchemy_conn option in [database] - the old setting has been used, but please update your config.
  SQL_ALCHEMY_CONN = conf.get("database", "SQL_ALCHEMY_CONN")

[2026-01-17T13:21:20.418+0000] {task_command.py:423} INFO - Running <TaskInstance: ModelDevelop.get_data scheduled__2026-01-16T20:00:00+00:00 [running]> on host ed3184b6b543
[2026-01-17T13:21:20.544+0000] {taskinstance.py:2513} INFO - Exporting env vars: AIRFLOW_CTX_DAG_OWNER='***' AIRFLOW_CTX_DAG_ID='ModelDevelop' AIRFLOW_CTX_TASK_ID='get_data' AIRFLOW_CTX_EXECUTION_DATE='2026-01-16T20:00:00+00:00' AIRFLOW_CTX_TRY_NUMBER='1' AIRFLOW_CTX_DAG_RUN_ID='scheduled__2026-01-16T20:00:00+00:00'
[2026-01-17T13:21:20.554+0000] {python.py:202} INFO - Done. Returned value was: ./iris.csv
[2026-01-17T13:21:20.592+0000] {taskinstance.py:1149} INFO - Marking task as SUCCESS. dag_id=ModelDevelop, task_id=get_data, execution_date=20260116T200000, start_date=20260117T132120, end_date=20260117T132120
[2026-01-17T13:21:20.630+0000] {local_task_job_runner.py:234} INFO - Task exited with return code 0
[2026-01-17T13:21:20.701+0000] {taskinstance.py:3312} INFO - 0 downstream tasks scheduled from follow-on schedule check
[2026-01-17T13:42:47.373+0000] {taskinstance.py:1979} INFO - Dependencies all met for dep_context=non-requeueable deps ti=<TaskInstance: ModelDevelop.get_data scheduled__2026-01-16T20:00:00+00:00 [queued]>
[2026-01-17T13:42:47.377+0000] {taskinstance.py:1979} INFO - Dependencies all met for dep_context=requeueable deps ti=<TaskInstance: ModelDevelop.get_data scheduled__2026-01-16T20:00:00+00:00 [queued]>
[2026-01-17T13:42:47.377+0000] {taskinstance.py:2193} INFO - Starting attempt 1 of 2
[2026-01-17T13:42:47.384+0000] {taskinstance.py:2217} INFO - Executing <Task(PythonOperator): get_data> on 2026-01-16 20:00:00+00:00
[2026-01-17T13:42:47.390+0000] {standard_task_runner.py:60} INFO - Started process 46711 to run task
[2026-01-17T13:42:47.392+0000] {standard_task_runner.py:87} INFO - Running: ['***', 'tasks', 'run', 'ModelDevelop', 'get_data', 'scheduled__2026-01-16T20:00:00+00:00', '--job-id', '700', '--raw', '--subdir', 'DAGS_FOLDER/example.py', '--cfg-path', '/tmp/tmpcpzt3rf7']
[2026-01-17T13:42:47.393+0000] {standard_task_runner.py:88} INFO - Job 700: Subtask get_data
[2026-01-17T13:42:47.401+0000] {warnings.py:109} WARNING - /home/***/.local/lib/python3.9/site-packages/***/settings.py:194: DeprecationWarning: The sql_alchemy_conn option in [core] has been moved to the sql_alchemy_conn option in [database] - the old setting has been used, but please update your config.
  SQL_ALCHEMY_CONN = conf.get("database", "SQL_ALCHEMY_CONN")

[2026-01-17T13:42:47.425+0000] {task_command.py:423} INFO - Running <TaskInstance: ModelDevelop.get_data scheduled__2026-01-16T20:00:00+00:00 [running]> on host 5330652dc216
[2026-01-17T13:42:47.524+0000] {taskinstance.py:2513} INFO - Exporting env vars: AIRFLOW_CTX_DAG_OWNER='***' AIRFLOW_CTX_DAG_ID='ModelDevelop' AIRFLOW_CTX_TASK_ID='get_data' AIRFLOW_CTX_EXECUTION_DATE='2026-01-16T20:00:00+00:00' AIRFLOW_CTX_TRY_NUMBER='1' AIRFLOW_CTX_DAG_RUN_ID='scheduled__2026-01-16T20:00:00+00:00'
[2026-01-17T13:42:47.537+0000] {python.py:202} INFO - Done. Returned value was: ./iris.csv
[2026-01-17T13:42:47.572+0000] {taskinstance.py:1149} INFO - Marking task as SUCCESS. dag_id=ModelDevelop, task_id=get_data, execution_date=20260116T200000, start_date=20260117T134247, end_date=20260117T134247
[2026-01-17T13:42:47.604+0000] {local_task_job_runner.py:234} INFO - Task exited with return code 0
[2026-01-17T13:42:47.620+0000] {taskinstance.py:3312} INFO - 1 downstream tasks scheduled from follow-on schedule check
