[2026-01-16T07:57:29.733+0000] {taskinstance.py:1979} INFO - Dependencies all met for dep_context=non-requeueable deps ti=<TaskInstance: ModelDevelop.get_data scheduled__2026-01-16T01:00:00+00:00 [queued]>
[2026-01-16T07:57:29.737+0000] {taskinstance.py:1979} INFO - Dependencies all met for dep_context=requeueable deps ti=<TaskInstance: ModelDevelop.get_data scheduled__2026-01-16T01:00:00+00:00 [queued]>
[2026-01-16T07:57:29.737+0000] {taskinstance.py:2193} INFO - Starting attempt 1 of 2
[2026-01-16T07:57:29.744+0000] {taskinstance.py:2217} INFO - Executing <Task(PythonOperator): get_data> on 2026-01-16 01:00:00+00:00
[2026-01-16T07:57:29.749+0000] {standard_task_runner.py:60} INFO - Started process 45329 to run task
[2026-01-16T07:57:29.751+0000] {standard_task_runner.py:87} INFO - Running: ['***', 'tasks', 'run', 'ModelDevelop', 'get_data', 'scheduled__2026-01-16T01:00:00+00:00', '--job-id', '675', '--raw', '--subdir', 'DAGS_FOLDER/example.py', '--cfg-path', '/tmp/tmpwuixkn55']
[2026-01-16T07:57:29.752+0000] {standard_task_runner.py:88} INFO - Job 675: Subtask get_data
[2026-01-16T07:57:29.761+0000] {warnings.py:109} WARNING - /home/***/.local/lib/python3.9/site-packages/***/settings.py:194: DeprecationWarning: The sql_alchemy_conn option in [core] has been moved to the sql_alchemy_conn option in [database] - the old setting has been used, but please update your config.
  SQL_ALCHEMY_CONN = conf.get("database", "SQL_ALCHEMY_CONN")

[2026-01-16T07:57:29.783+0000] {task_command.py:423} INFO - Running <TaskInstance: ModelDevelop.get_data scheduled__2026-01-16T01:00:00+00:00 [running]> on host 8a4f043652f0
[2026-01-16T07:57:29.832+0000] {taskinstance.py:2513} INFO - Exporting env vars: AIRFLOW_CTX_DAG_OWNER='***' AIRFLOW_CTX_DAG_ID='ModelDevelop' AIRFLOW_CTX_TASK_ID='get_data' AIRFLOW_CTX_EXECUTION_DATE='2026-01-16T01:00:00+00:00' AIRFLOW_CTX_TRY_NUMBER='1' AIRFLOW_CTX_DAG_RUN_ID='scheduled__2026-01-16T01:00:00+00:00'
[2026-01-16T07:57:29.840+0000] {python.py:202} INFO - Done. Returned value was: ./iris.csv
[2026-01-16T07:57:29.852+0000] {taskinstance.py:1149} INFO - Marking task as SUCCESS. dag_id=ModelDevelop, task_id=get_data, execution_date=20260116T010000, start_date=20260116T075729, end_date=20260116T075729
[2026-01-16T07:57:29.883+0000] {local_task_job_runner.py:234} INFO - Task exited with return code 0
[2026-01-16T07:57:29.897+0000] {taskinstance.py:3312} INFO - 1 downstream tasks scheduled from follow-on schedule check
[2026-01-17T13:21:10.596+0000] {taskinstance.py:1979} INFO - Dependencies all met for dep_context=non-requeueable deps ti=<TaskInstance: ModelDevelop.get_data scheduled__2026-01-16T01:00:00+00:00 [queued]>
[2026-01-17T13:21:10.600+0000] {taskinstance.py:1979} INFO - Dependencies all met for dep_context=requeueable deps ti=<TaskInstance: ModelDevelop.get_data scheduled__2026-01-16T01:00:00+00:00 [queued]>
[2026-01-17T13:21:10.600+0000] {taskinstance.py:2193} INFO - Starting attempt 1 of 2
[2026-01-17T13:21:10.615+0000] {taskinstance.py:2217} INFO - Executing <Task(PythonOperator): get_data> on 2026-01-16 01:00:00+00:00
[2026-01-17T13:21:10.626+0000] {standard_task_runner.py:60} INFO - Started process 45566 to run task
[2026-01-17T13:21:10.638+0000] {standard_task_runner.py:87} INFO - Running: ['***', 'tasks', 'run', 'ModelDevelop', 'get_data', 'scheduled__2026-01-16T01:00:00+00:00', '--job-id', '676', '--raw', '--subdir', 'DAGS_FOLDER/example.py', '--cfg-path', '/tmp/tmp204e3z5b']
[2026-01-17T13:21:10.639+0000] {standard_task_runner.py:88} INFO - Job 676: Subtask get_data
[2026-01-17T13:21:10.684+0000] {warnings.py:109} WARNING - /home/***/.local/lib/python3.9/site-packages/***/settings.py:194: DeprecationWarning: The sql_alchemy_conn option in [core] has been moved to the sql_alchemy_conn option in [database] - the old setting has been used, but please update your config.
  SQL_ALCHEMY_CONN = conf.get("database", "SQL_ALCHEMY_CONN")

[2026-01-17T13:21:10.709+0000] {task_command.py:423} INFO - Running <TaskInstance: ModelDevelop.get_data scheduled__2026-01-16T01:00:00+00:00 [running]> on host ed3184b6b543
[2026-01-17T13:21:10.802+0000] {taskinstance.py:2513} INFO - Exporting env vars: AIRFLOW_CTX_DAG_OWNER='***' AIRFLOW_CTX_DAG_ID='ModelDevelop' AIRFLOW_CTX_TASK_ID='get_data' AIRFLOW_CTX_EXECUTION_DATE='2026-01-16T01:00:00+00:00' AIRFLOW_CTX_TRY_NUMBER='1' AIRFLOW_CTX_DAG_RUN_ID='scheduled__2026-01-16T01:00:00+00:00'
[2026-01-17T13:21:10.812+0000] {python.py:202} INFO - Done. Returned value was: ./iris.csv
[2026-01-17T13:21:10.828+0000] {taskinstance.py:1149} INFO - Marking task as SUCCESS. dag_id=ModelDevelop, task_id=get_data, execution_date=20260116T010000, start_date=20260117T132110, end_date=20260117T132110
[2026-01-17T13:21:10.852+0000] {local_task_job_runner.py:234} INFO - Task exited with return code 0
[2026-01-17T13:21:10.873+0000] {taskinstance.py:3312} INFO - 1 downstream tasks scheduled from follow-on schedule check
[2026-01-17T13:42:37.789+0000] {taskinstance.py:1979} INFO - Dependencies all met for dep_context=non-requeueable deps ti=<TaskInstance: ModelDevelop.get_data scheduled__2026-01-16T01:00:00+00:00 [queued]>
[2026-01-17T13:42:37.795+0000] {taskinstance.py:1979} INFO - Dependencies all met for dep_context=requeueable deps ti=<TaskInstance: ModelDevelop.get_data scheduled__2026-01-16T01:00:00+00:00 [queued]>
[2026-01-17T13:42:37.795+0000] {taskinstance.py:2193} INFO - Starting attempt 1 of 2
[2026-01-17T13:42:37.805+0000] {taskinstance.py:2217} INFO - Executing <Task(PythonOperator): get_data> on 2026-01-16 01:00:00+00:00
[2026-01-17T13:42:37.812+0000] {standard_task_runner.py:60} INFO - Started process 44373 to run task
[2026-01-17T13:42:37.814+0000] {standard_task_runner.py:87} INFO - Running: ['***', 'tasks', 'run', 'ModelDevelop', 'get_data', 'scheduled__2026-01-16T01:00:00+00:00', '--job-id', '666', '--raw', '--subdir', 'DAGS_FOLDER/example.py', '--cfg-path', '/tmp/tmpdbycdxlg']
[2026-01-17T13:42:37.815+0000] {standard_task_runner.py:88} INFO - Job 666: Subtask get_data
[2026-01-17T13:42:37.824+0000] {warnings.py:109} WARNING - /home/***/.local/lib/python3.9/site-packages/***/settings.py:194: DeprecationWarning: The sql_alchemy_conn option in [core] has been moved to the sql_alchemy_conn option in [database] - the old setting has been used, but please update your config.
  SQL_ALCHEMY_CONN = conf.get("database", "SQL_ALCHEMY_CONN")

[2026-01-17T13:42:37.856+0000] {task_command.py:423} INFO - Running <TaskInstance: ModelDevelop.get_data scheduled__2026-01-16T01:00:00+00:00 [running]> on host 5330652dc216
[2026-01-17T13:42:37.958+0000] {taskinstance.py:2513} INFO - Exporting env vars: AIRFLOW_CTX_DAG_OWNER='***' AIRFLOW_CTX_DAG_ID='ModelDevelop' AIRFLOW_CTX_TASK_ID='get_data' AIRFLOW_CTX_EXECUTION_DATE='2026-01-16T01:00:00+00:00' AIRFLOW_CTX_TRY_NUMBER='1' AIRFLOW_CTX_DAG_RUN_ID='scheduled__2026-01-16T01:00:00+00:00'
[2026-01-17T13:42:37.986+0000] {python.py:202} INFO - Done. Returned value was: ./iris.csv
[2026-01-17T13:42:38.046+0000] {taskinstance.py:1149} INFO - Marking task as SUCCESS. dag_id=ModelDevelop, task_id=get_data, execution_date=20260116T010000, start_date=20260117T134237, end_date=20260117T134238
[2026-01-17T13:42:38.106+0000] {local_task_job_runner.py:234} INFO - Task exited with return code 0
[2026-01-17T13:42:38.121+0000] {taskinstance.py:3312} INFO - 0 downstream tasks scheduled from follow-on schedule check
