[2026-01-17T08:00:01.207+0000] {taskinstance.py:1979} INFO - Dependencies all met for dep_context=non-requeueable deps ti=<TaskInstance: ModelDevelop.get_data scheduled__2026-01-17T07:00:00+00:00 [queued]>
[2026-01-17T08:00:01.211+0000] {taskinstance.py:1979} INFO - Dependencies all met for dep_context=requeueable deps ti=<TaskInstance: ModelDevelop.get_data scheduled__2026-01-17T07:00:00+00:00 [queued]>
[2026-01-17T08:00:01.211+0000] {taskinstance.py:2193} INFO - Starting attempt 1 of 2
[2026-01-17T08:00:01.218+0000] {taskinstance.py:2217} INFO - Executing <Task(PythonOperator): get_data> on 2026-01-17 07:00:00+00:00
[2026-01-17T08:00:01.223+0000] {standard_task_runner.py:60} INFO - Started process 49284 to run task
[2026-01-17T08:00:01.226+0000] {standard_task_runner.py:87} INFO - Running: ['***', 'tasks', 'run', 'ModelDevelop', 'get_data', 'scheduled__2026-01-17T07:00:00+00:00', '--job-id', '736', '--raw', '--subdir', 'DAGS_FOLDER/example.py', '--cfg-path', '/tmp/tmpn_acc0u_']
[2026-01-17T08:00:01.226+0000] {standard_task_runner.py:88} INFO - Job 736: Subtask get_data
[2026-01-17T08:00:01.236+0000] {warnings.py:109} WARNING - /home/***/.local/lib/python3.9/site-packages/***/settings.py:194: DeprecationWarning: The sql_alchemy_conn option in [core] has been moved to the sql_alchemy_conn option in [database] - the old setting has been used, but please update your config.
  SQL_ALCHEMY_CONN = conf.get("database", "SQL_ALCHEMY_CONN")

[2026-01-17T08:00:01.256+0000] {task_command.py:423} INFO - Running <TaskInstance: ModelDevelop.get_data scheduled__2026-01-17T07:00:00+00:00 [running]> on host 8a4f043652f0
[2026-01-17T08:00:01.298+0000] {taskinstance.py:2513} INFO - Exporting env vars: AIRFLOW_CTX_DAG_OWNER='***' AIRFLOW_CTX_DAG_ID='ModelDevelop' AIRFLOW_CTX_TASK_ID='get_data' AIRFLOW_CTX_EXECUTION_DATE='2026-01-17T07:00:00+00:00' AIRFLOW_CTX_TRY_NUMBER='1' AIRFLOW_CTX_DAG_RUN_ID='scheduled__2026-01-17T07:00:00+00:00'
[2026-01-17T08:00:01.306+0000] {python.py:202} INFO - Done. Returned value was: ./iris.csv
[2026-01-17T08:00:01.319+0000] {taskinstance.py:1149} INFO - Marking task as SUCCESS. dag_id=ModelDevelop, task_id=get_data, execution_date=20260117T070000, start_date=20260117T080001, end_date=20260117T080001
[2026-01-17T08:00:01.357+0000] {local_task_job_runner.py:234} INFO - Task exited with return code 0
[2026-01-17T08:00:01.372+0000] {taskinstance.py:3312} INFO - 1 downstream tasks scheduled from follow-on schedule check
[2026-01-17T13:21:21.649+0000] {taskinstance.py:1979} INFO - Dependencies all met for dep_context=non-requeueable deps ti=<TaskInstance: ModelDevelop.get_data scheduled__2026-01-17T07:00:00+00:00 [queued]>
[2026-01-17T13:21:21.664+0000] {taskinstance.py:1979} INFO - Dependencies all met for dep_context=requeueable deps ti=<TaskInstance: ModelDevelop.get_data scheduled__2026-01-17T07:00:00+00:00 [queued]>
[2026-01-17T13:21:21.664+0000] {taskinstance.py:2193} INFO - Starting attempt 1 of 2
[2026-01-17T13:21:21.688+0000] {taskinstance.py:2217} INFO - Executing <Task(PythonOperator): get_data> on 2026-01-17 07:00:00+00:00
[2026-01-17T13:21:21.696+0000] {standard_task_runner.py:60} INFO - Started process 48193 to run task
[2026-01-17T13:21:21.698+0000] {standard_task_runner.py:87} INFO - Running: ['***', 'tasks', 'run', 'ModelDevelop', 'get_data', 'scheduled__2026-01-17T07:00:00+00:00', '--job-id', '723', '--raw', '--subdir', 'DAGS_FOLDER/example.py', '--cfg-path', '/tmp/tmp7q5kfj4_']
[2026-01-17T13:21:21.699+0000] {standard_task_runner.py:88} INFO - Job 723: Subtask get_data
[2026-01-17T13:21:21.714+0000] {warnings.py:109} WARNING - /home/***/.local/lib/python3.9/site-packages/***/settings.py:194: DeprecationWarning: The sql_alchemy_conn option in [core] has been moved to the sql_alchemy_conn option in [database] - the old setting has been used, but please update your config.
  SQL_ALCHEMY_CONN = conf.get("database", "SQL_ALCHEMY_CONN")

[2026-01-17T13:21:21.780+0000] {task_command.py:423} INFO - Running <TaskInstance: ModelDevelop.get_data scheduled__2026-01-17T07:00:00+00:00 [running]> on host ed3184b6b543
[2026-01-17T13:21:21.871+0000] {taskinstance.py:2513} INFO - Exporting env vars: AIRFLOW_CTX_DAG_OWNER='***' AIRFLOW_CTX_DAG_ID='ModelDevelop' AIRFLOW_CTX_TASK_ID='get_data' AIRFLOW_CTX_EXECUTION_DATE='2026-01-17T07:00:00+00:00' AIRFLOW_CTX_TRY_NUMBER='1' AIRFLOW_CTX_DAG_RUN_ID='scheduled__2026-01-17T07:00:00+00:00'
[2026-01-17T13:21:21.881+0000] {python.py:202} INFO - Done. Returned value was: ./iris.csv
[2026-01-17T13:21:21.899+0000] {taskinstance.py:1149} INFO - Marking task as SUCCESS. dag_id=ModelDevelop, task_id=get_data, execution_date=20260117T070000, start_date=20260117T132121, end_date=20260117T132121
[2026-01-17T13:21:21.951+0000] {local_task_job_runner.py:234} INFO - Task exited with return code 0
[2026-01-17T13:21:21.990+0000] {taskinstance.py:3312} INFO - 1 downstream tasks scheduled from follow-on schedule check
[2026-01-17T13:42:56.722+0000] {taskinstance.py:1979} INFO - Dependencies all met for dep_context=non-requeueable deps ti=<TaskInstance: ModelDevelop.get_data scheduled__2026-01-17T07:00:00+00:00 [queued]>
[2026-01-17T13:42:56.727+0000] {taskinstance.py:1979} INFO - Dependencies all met for dep_context=requeueable deps ti=<TaskInstance: ModelDevelop.get_data scheduled__2026-01-17T07:00:00+00:00 [queued]>
[2026-01-17T13:42:56.728+0000] {taskinstance.py:2193} INFO - Starting attempt 1 of 2
[2026-01-17T13:42:56.735+0000] {taskinstance.py:2217} INFO - Executing <Task(PythonOperator): get_data> on 2026-01-17 07:00:00+00:00
[2026-01-17T13:42:56.741+0000] {standard_task_runner.py:60} INFO - Started process 48682 to run task
[2026-01-17T13:42:56.743+0000] {standard_task_runner.py:87} INFO - Running: ['***', 'tasks', 'run', 'ModelDevelop', 'get_data', 'scheduled__2026-01-17T07:00:00+00:00', '--job-id', '728', '--raw', '--subdir', 'DAGS_FOLDER/example.py', '--cfg-path', '/tmp/tmpewomtgby']
[2026-01-17T13:42:56.744+0000] {standard_task_runner.py:88} INFO - Job 728: Subtask get_data
[2026-01-17T13:42:56.753+0000] {warnings.py:109} WARNING - /home/***/.local/lib/python3.9/site-packages/***/settings.py:194: DeprecationWarning: The sql_alchemy_conn option in [core] has been moved to the sql_alchemy_conn option in [database] - the old setting has been used, but please update your config.
  SQL_ALCHEMY_CONN = conf.get("database", "SQL_ALCHEMY_CONN")

[2026-01-17T13:42:56.779+0000] {task_command.py:423} INFO - Running <TaskInstance: ModelDevelop.get_data scheduled__2026-01-17T07:00:00+00:00 [running]> on host 5330652dc216
[2026-01-17T13:42:56.828+0000] {taskinstance.py:2513} INFO - Exporting env vars: AIRFLOW_CTX_DAG_OWNER='***' AIRFLOW_CTX_DAG_ID='ModelDevelop' AIRFLOW_CTX_TASK_ID='get_data' AIRFLOW_CTX_EXECUTION_DATE='2026-01-17T07:00:00+00:00' AIRFLOW_CTX_TRY_NUMBER='1' AIRFLOW_CTX_DAG_RUN_ID='scheduled__2026-01-17T07:00:00+00:00'
[2026-01-17T13:42:56.837+0000] {python.py:202} INFO - Done. Returned value was: ./iris.csv
[2026-01-17T13:42:56.849+0000] {taskinstance.py:1149} INFO - Marking task as SUCCESS. dag_id=ModelDevelop, task_id=get_data, execution_date=20260117T070000, start_date=20260117T134256, end_date=20260117T134256
[2026-01-17T13:42:56.875+0000] {local_task_job_runner.py:234} INFO - Task exited with return code 0
[2026-01-17T13:42:56.889+0000] {taskinstance.py:3312} INFO - 1 downstream tasks scheduled from follow-on schedule check
