[2026-01-16T07:55:08.657+0000] {taskinstance.py:1979} INFO - Dependencies all met for dep_context=non-requeueable deps ti=<TaskInstance: ModelDevelop.get_data scheduled__2026-01-07T03:00:00+00:00 [queued]>
[2026-01-16T07:55:08.663+0000] {taskinstance.py:1979} INFO - Dependencies all met for dep_context=requeueable deps ti=<TaskInstance: ModelDevelop.get_data scheduled__2026-01-07T03:00:00+00:00 [queued]>
[2026-01-16T07:55:08.664+0000] {taskinstance.py:2193} INFO - Starting attempt 1 of 2
[2026-01-16T07:55:08.674+0000] {taskinstance.py:2217} INFO - Executing <Task(PythonOperator): get_data> on 2026-01-07 03:00:00+00:00
[2026-01-16T07:55:08.683+0000] {standard_task_runner.py:60} INFO - Started process 15728 to run task
[2026-01-16T07:55:08.694+0000] {standard_task_runner.py:87} INFO - Running: ['***', 'tasks', 'run', 'ModelDevelop', 'get_data', 'scheduled__2026-01-07T03:00:00+00:00', '--job-id', '237', '--raw', '--subdir', 'DAGS_FOLDER/example.py', '--cfg-path', '/tmp/tmp3cfbvltb']
[2026-01-16T07:55:08.695+0000] {standard_task_runner.py:88} INFO - Job 237: Subtask get_data
[2026-01-16T07:55:08.709+0000] {warnings.py:109} WARNING - /home/***/.local/lib/python3.9/site-packages/***/settings.py:194: DeprecationWarning: The sql_alchemy_conn option in [core] has been moved to the sql_alchemy_conn option in [database] - the old setting has been used, but please update your config.
  SQL_ALCHEMY_CONN = conf.get("database", "SQL_ALCHEMY_CONN")

[2026-01-16T07:55:08.747+0000] {task_command.py:423} INFO - Running <TaskInstance: ModelDevelop.get_data scheduled__2026-01-07T03:00:00+00:00 [running]> on host 8a4f043652f0
[2026-01-16T07:55:08.864+0000] {taskinstance.py:2513} INFO - Exporting env vars: AIRFLOW_CTX_DAG_OWNER='***' AIRFLOW_CTX_DAG_ID='ModelDevelop' AIRFLOW_CTX_TASK_ID='get_data' AIRFLOW_CTX_EXECUTION_DATE='2026-01-07T03:00:00+00:00' AIRFLOW_CTX_TRY_NUMBER='1' AIRFLOW_CTX_DAG_RUN_ID='scheduled__2026-01-07T03:00:00+00:00'
[2026-01-16T07:55:08.876+0000] {python.py:202} INFO - Done. Returned value was: ./iris.csv
[2026-01-16T07:55:08.955+0000] {taskinstance.py:1149} INFO - Marking task as SUCCESS. dag_id=ModelDevelop, task_id=get_data, execution_date=20260107T030000, start_date=20260116T075508, end_date=20260116T075508
[2026-01-16T07:55:09.020+0000] {local_task_job_runner.py:234} INFO - Task exited with return code 0
[2026-01-16T07:55:09.051+0000] {taskinstance.py:3312} INFO - 1 downstream tasks scheduled from follow-on schedule check
[2026-01-17T13:18:41.150+0000] {taskinstance.py:1979} INFO - Dependencies all met for dep_context=non-requeueable deps ti=<TaskInstance: ModelDevelop.get_data scheduled__2026-01-07T03:00:00+00:00 [queued]>
[2026-01-17T13:18:41.154+0000] {taskinstance.py:1979} INFO - Dependencies all met for dep_context=requeueable deps ti=<TaskInstance: ModelDevelop.get_data scheduled__2026-01-07T03:00:00+00:00 [queued]>
[2026-01-17T13:18:41.155+0000] {taskinstance.py:2193} INFO - Starting attempt 1 of 2
[2026-01-17T13:18:41.161+0000] {taskinstance.py:2217} INFO - Executing <Task(PythonOperator): get_data> on 2026-01-07 03:00:00+00:00
[2026-01-17T13:18:41.167+0000] {standard_task_runner.py:60} INFO - Started process 15521 to run task
[2026-01-17T13:18:41.169+0000] {standard_task_runner.py:87} INFO - Running: ['***', 'tasks', 'run', 'ModelDevelop', 'get_data', 'scheduled__2026-01-07T03:00:00+00:00', '--job-id', '237', '--raw', '--subdir', 'DAGS_FOLDER/example.py', '--cfg-path', '/tmp/tmpw4p5gn29']
[2026-01-17T13:18:41.170+0000] {standard_task_runner.py:88} INFO - Job 237: Subtask get_data
[2026-01-17T13:18:41.177+0000] {warnings.py:109} WARNING - /home/***/.local/lib/python3.9/site-packages/***/settings.py:194: DeprecationWarning: The sql_alchemy_conn option in [core] has been moved to the sql_alchemy_conn option in [database] - the old setting has been used, but please update your config.
  SQL_ALCHEMY_CONN = conf.get("database", "SQL_ALCHEMY_CONN")

[2026-01-17T13:18:41.199+0000] {task_command.py:423} INFO - Running <TaskInstance: ModelDevelop.get_data scheduled__2026-01-07T03:00:00+00:00 [running]> on host ed3184b6b543
[2026-01-17T13:18:41.244+0000] {taskinstance.py:2513} INFO - Exporting env vars: AIRFLOW_CTX_DAG_OWNER='***' AIRFLOW_CTX_DAG_ID='ModelDevelop' AIRFLOW_CTX_TASK_ID='get_data' AIRFLOW_CTX_EXECUTION_DATE='2026-01-07T03:00:00+00:00' AIRFLOW_CTX_TRY_NUMBER='1' AIRFLOW_CTX_DAG_RUN_ID='scheduled__2026-01-07T03:00:00+00:00'
[2026-01-17T13:18:41.252+0000] {python.py:202} INFO - Done. Returned value was: ./iris.csv
[2026-01-17T13:18:41.264+0000] {taskinstance.py:1149} INFO - Marking task as SUCCESS. dag_id=ModelDevelop, task_id=get_data, execution_date=20260107T030000, start_date=20260117T131841, end_date=20260117T131841
[2026-01-17T13:18:41.301+0000] {local_task_job_runner.py:234} INFO - Task exited with return code 0
[2026-01-17T13:18:41.317+0000] {taskinstance.py:3312} INFO - 1 downstream tasks scheduled from follow-on schedule check
[2026-01-17T13:40:11.727+0000] {taskinstance.py:1979} INFO - Dependencies all met for dep_context=non-requeueable deps ti=<TaskInstance: ModelDevelop.get_data scheduled__2026-01-07T03:00:00+00:00 [queued]>
[2026-01-17T13:40:11.733+0000] {taskinstance.py:1979} INFO - Dependencies all met for dep_context=requeueable deps ti=<TaskInstance: ModelDevelop.get_data scheduled__2026-01-07T03:00:00+00:00 [queued]>
[2026-01-17T13:40:11.733+0000] {taskinstance.py:2193} INFO - Starting attempt 1 of 2
[2026-01-17T13:40:11.741+0000] {taskinstance.py:2217} INFO - Executing <Task(PythonOperator): get_data> on 2026-01-07 03:00:00+00:00
[2026-01-17T13:40:11.747+0000] {standard_task_runner.py:60} INFO - Started process 16324 to run task
[2026-01-17T13:40:11.749+0000] {standard_task_runner.py:87} INFO - Running: ['***', 'tasks', 'run', 'ModelDevelop', 'get_data', 'scheduled__2026-01-07T03:00:00+00:00', '--job-id', '243', '--raw', '--subdir', 'DAGS_FOLDER/example.py', '--cfg-path', '/tmp/tmpdmqax0_7']
[2026-01-17T13:40:11.750+0000] {standard_task_runner.py:88} INFO - Job 243: Subtask get_data
[2026-01-17T13:40:11.759+0000] {warnings.py:109} WARNING - /home/***/.local/lib/python3.9/site-packages/***/settings.py:194: DeprecationWarning: The sql_alchemy_conn option in [core] has been moved to the sql_alchemy_conn option in [database] - the old setting has been used, but please update your config.
  SQL_ALCHEMY_CONN = conf.get("database", "SQL_ALCHEMY_CONN")

[2026-01-17T13:40:11.788+0000] {task_command.py:423} INFO - Running <TaskInstance: ModelDevelop.get_data scheduled__2026-01-07T03:00:00+00:00 [running]> on host 5330652dc216
[2026-01-17T13:40:11.842+0000] {taskinstance.py:2513} INFO - Exporting env vars: AIRFLOW_CTX_DAG_OWNER='***' AIRFLOW_CTX_DAG_ID='ModelDevelop' AIRFLOW_CTX_TASK_ID='get_data' AIRFLOW_CTX_EXECUTION_DATE='2026-01-07T03:00:00+00:00' AIRFLOW_CTX_TRY_NUMBER='1' AIRFLOW_CTX_DAG_RUN_ID='scheduled__2026-01-07T03:00:00+00:00'
[2026-01-17T13:40:11.850+0000] {python.py:202} INFO - Done. Returned value was: ./iris.csv
[2026-01-17T13:40:11.868+0000] {taskinstance.py:1149} INFO - Marking task as SUCCESS. dag_id=ModelDevelop, task_id=get_data, execution_date=20260107T030000, start_date=20260117T134011, end_date=20260117T134011
[2026-01-17T13:40:11.922+0000] {local_task_job_runner.py:234} INFO - Task exited with return code 0
[2026-01-17T13:40:11.947+0000] {taskinstance.py:3312} INFO - 1 downstream tasks scheduled from follow-on schedule check
