[2026-01-16T07:56:17.919+0000] {taskinstance.py:1979} INFO - Dependencies all met for dep_context=non-requeueable deps ti=<TaskInstance: ModelDevelop.get_data scheduled__2026-01-11T12:00:00+00:00 [queued]>
[2026-01-16T07:56:17.925+0000] {taskinstance.py:1979} INFO - Dependencies all met for dep_context=requeueable deps ti=<TaskInstance: ModelDevelop.get_data scheduled__2026-01-11T12:00:00+00:00 [queued]>
[2026-01-16T07:56:17.926+0000] {taskinstance.py:2193} INFO - Starting attempt 1 of 2
[2026-01-16T07:56:17.936+0000] {taskinstance.py:2217} INFO - Executing <Task(PythonOperator): get_data> on 2026-01-11 12:00:00+00:00
[2026-01-16T07:56:17.942+0000] {standard_task_runner.py:60} INFO - Started process 30497 to run task
[2026-01-16T07:56:17.945+0000] {standard_task_runner.py:87} INFO - Running: ['***', 'tasks', 'run', 'ModelDevelop', 'get_data', 'scheduled__2026-01-11T12:00:00+00:00', '--job-id', '455', '--raw', '--subdir', 'DAGS_FOLDER/example.py', '--cfg-path', '/tmp/tmp2c0nb8g0']
[2026-01-16T07:56:17.946+0000] {standard_task_runner.py:88} INFO - Job 455: Subtask get_data
[2026-01-16T07:56:17.961+0000] {warnings.py:109} WARNING - /home/***/.local/lib/python3.9/site-packages/***/settings.py:194: DeprecationWarning: The sql_alchemy_conn option in [core] has been moved to the sql_alchemy_conn option in [database] - the old setting has been used, but please update your config.
  SQL_ALCHEMY_CONN = conf.get("database", "SQL_ALCHEMY_CONN")

[2026-01-16T07:56:18.030+0000] {task_command.py:423} INFO - Running <TaskInstance: ModelDevelop.get_data scheduled__2026-01-11T12:00:00+00:00 [running]> on host 8a4f043652f0
[2026-01-16T07:56:18.095+0000] {taskinstance.py:2513} INFO - Exporting env vars: AIRFLOW_CTX_DAG_OWNER='***' AIRFLOW_CTX_DAG_ID='ModelDevelop' AIRFLOW_CTX_TASK_ID='get_data' AIRFLOW_CTX_EXECUTION_DATE='2026-01-11T12:00:00+00:00' AIRFLOW_CTX_TRY_NUMBER='1' AIRFLOW_CTX_DAG_RUN_ID='scheduled__2026-01-11T12:00:00+00:00'
[2026-01-16T07:56:18.107+0000] {python.py:202} INFO - Done. Returned value was: ./iris.csv
[2026-01-16T07:56:18.171+0000] {taskinstance.py:1149} INFO - Marking task as SUCCESS. dag_id=ModelDevelop, task_id=get_data, execution_date=20260111T120000, start_date=20260116T075617, end_date=20260116T075618
[2026-01-16T07:56:18.197+0000] {local_task_job_runner.py:234} INFO - Task exited with return code 0
[2026-01-16T07:56:18.232+0000] {taskinstance.py:3312} INFO - 1 downstream tasks scheduled from follow-on schedule check
[2026-01-17T13:20:00.465+0000] {taskinstance.py:1979} INFO - Dependencies all met for dep_context=non-requeueable deps ti=<TaskInstance: ModelDevelop.get_data scheduled__2026-01-11T12:00:00+00:00 [queued]>
[2026-01-17T13:20:00.484+0000] {taskinstance.py:1979} INFO - Dependencies all met for dep_context=requeueable deps ti=<TaskInstance: ModelDevelop.get_data scheduled__2026-01-11T12:00:00+00:00 [queued]>
[2026-01-17T13:20:00.484+0000] {taskinstance.py:2193} INFO - Starting attempt 1 of 2
[2026-01-17T13:20:00.494+0000] {taskinstance.py:2217} INFO - Executing <Task(PythonOperator): get_data> on 2026-01-11 12:00:00+00:00
[2026-01-17T13:20:00.502+0000] {standard_task_runner.py:60} INFO - Started process 30595 to run task
[2026-01-17T13:20:00.504+0000] {standard_task_runner.py:87} INFO - Running: ['***', 'tasks', 'run', 'ModelDevelop', 'get_data', 'scheduled__2026-01-11T12:00:00+00:00', '--job-id', '455', '--raw', '--subdir', 'DAGS_FOLDER/example.py', '--cfg-path', '/tmp/tmp9t8ctg5v']
[2026-01-17T13:20:00.504+0000] {standard_task_runner.py:88} INFO - Job 455: Subtask get_data
[2026-01-17T13:20:00.513+0000] {warnings.py:109} WARNING - /home/***/.local/lib/python3.9/site-packages/***/settings.py:194: DeprecationWarning: The sql_alchemy_conn option in [core] has been moved to the sql_alchemy_conn option in [database] - the old setting has been used, but please update your config.
  SQL_ALCHEMY_CONN = conf.get("database", "SQL_ALCHEMY_CONN")

[2026-01-17T13:20:00.540+0000] {task_command.py:423} INFO - Running <TaskInstance: ModelDevelop.get_data scheduled__2026-01-11T12:00:00+00:00 [running]> on host ed3184b6b543
[2026-01-17T13:20:00.592+0000] {taskinstance.py:2513} INFO - Exporting env vars: AIRFLOW_CTX_DAG_OWNER='***' AIRFLOW_CTX_DAG_ID='ModelDevelop' AIRFLOW_CTX_TASK_ID='get_data' AIRFLOW_CTX_EXECUTION_DATE='2026-01-11T12:00:00+00:00' AIRFLOW_CTX_TRY_NUMBER='1' AIRFLOW_CTX_DAG_RUN_ID='scheduled__2026-01-11T12:00:00+00:00'
[2026-01-17T13:20:00.601+0000] {python.py:202} INFO - Done. Returned value was: ./iris.csv
[2026-01-17T13:20:00.664+0000] {taskinstance.py:1149} INFO - Marking task as SUCCESS. dag_id=ModelDevelop, task_id=get_data, execution_date=20260111T120000, start_date=20260117T132000, end_date=20260117T132000
[2026-01-17T13:20:00.716+0000] {local_task_job_runner.py:234} INFO - Task exited with return code 0
[2026-01-17T13:20:00.790+0000] {taskinstance.py:3312} INFO - 0 downstream tasks scheduled from follow-on schedule check
[2026-01-17T13:41:22.493+0000] {taskinstance.py:1979} INFO - Dependencies all met for dep_context=non-requeueable deps ti=<TaskInstance: ModelDevelop.get_data scheduled__2026-01-11T12:00:00+00:00 [queued]>
[2026-01-17T13:41:22.499+0000] {taskinstance.py:1979} INFO - Dependencies all met for dep_context=requeueable deps ti=<TaskInstance: ModelDevelop.get_data scheduled__2026-01-11T12:00:00+00:00 [queued]>
[2026-01-17T13:41:22.499+0000] {taskinstance.py:2193} INFO - Starting attempt 1 of 2
[2026-01-17T13:41:22.506+0000] {taskinstance.py:2217} INFO - Executing <Task(PythonOperator): get_data> on 2026-01-11 12:00:00+00:00
[2026-01-17T13:41:22.513+0000] {standard_task_runner.py:60} INFO - Started process 29630 to run task
[2026-01-17T13:41:22.515+0000] {standard_task_runner.py:87} INFO - Running: ['***', 'tasks', 'run', 'ModelDevelop', 'get_data', 'scheduled__2026-01-11T12:00:00+00:00', '--job-id', '446', '--raw', '--subdir', 'DAGS_FOLDER/example.py', '--cfg-path', '/tmp/tmpcjelpdrs']
[2026-01-17T13:41:22.516+0000] {standard_task_runner.py:88} INFO - Job 446: Subtask get_data
[2026-01-17T13:41:22.524+0000] {warnings.py:109} WARNING - /home/***/.local/lib/python3.9/site-packages/***/settings.py:194: DeprecationWarning: The sql_alchemy_conn option in [core] has been moved to the sql_alchemy_conn option in [database] - the old setting has been used, but please update your config.
  SQL_ALCHEMY_CONN = conf.get("database", "SQL_ALCHEMY_CONN")

[2026-01-17T13:41:22.600+0000] {task_command.py:423} INFO - Running <TaskInstance: ModelDevelop.get_data scheduled__2026-01-11T12:00:00+00:00 [running]> on host 5330652dc216
[2026-01-17T13:41:22.683+0000] {taskinstance.py:2513} INFO - Exporting env vars: AIRFLOW_CTX_DAG_OWNER='***' AIRFLOW_CTX_DAG_ID='ModelDevelop' AIRFLOW_CTX_TASK_ID='get_data' AIRFLOW_CTX_EXECUTION_DATE='2026-01-11T12:00:00+00:00' AIRFLOW_CTX_TRY_NUMBER='1' AIRFLOW_CTX_DAG_RUN_ID='scheduled__2026-01-11T12:00:00+00:00'
[2026-01-17T13:41:22.692+0000] {python.py:202} INFO - Done. Returned value was: ./iris.csv
[2026-01-17T13:41:22.705+0000] {taskinstance.py:1149} INFO - Marking task as SUCCESS. dag_id=ModelDevelop, task_id=get_data, execution_date=20260111T120000, start_date=20260117T134122, end_date=20260117T134122
[2026-01-17T13:41:22.728+0000] {local_task_job_runner.py:234} INFO - Task exited with return code 0
[2026-01-17T13:41:22.744+0000] {taskinstance.py:3312} INFO - 1 downstream tasks scheduled from follow-on schedule check
