[2026-01-16T07:54:45.838+0000] {taskinstance.py:1979} INFO - Dependencies all met for dep_context=non-requeueable deps ti=<TaskInstance: ModelDevelop.get_data scheduled__2026-01-05T11:00:00+00:00 [queued]>
[2026-01-16T07:54:45.844+0000] {taskinstance.py:1979} INFO - Dependencies all met for dep_context=requeueable deps ti=<TaskInstance: ModelDevelop.get_data scheduled__2026-01-05T11:00:00+00:00 [queued]>
[2026-01-16T07:54:45.845+0000] {taskinstance.py:2193} INFO - Starting attempt 1 of 2
[2026-01-16T07:54:45.872+0000] {taskinstance.py:2217} INFO - Executing <Task(PythonOperator): get_data> on 2026-01-05 11:00:00+00:00
[2026-01-16T07:54:45.881+0000] {standard_task_runner.py:60} INFO - Started process 11197 to run task
[2026-01-16T07:54:45.894+0000] {standard_task_runner.py:87} INFO - Running: ['***', 'tasks', 'run', 'ModelDevelop', 'get_data', 'scheduled__2026-01-05T11:00:00+00:00', '--job-id', '165', '--raw', '--subdir', 'DAGS_FOLDER/example.py', '--cfg-path', '/tmp/tmpf2rshl0e']
[2026-01-16T07:54:45.897+0000] {standard_task_runner.py:88} INFO - Job 165: Subtask get_data
[2026-01-16T07:54:45.916+0000] {warnings.py:109} WARNING - /home/***/.local/lib/python3.9/site-packages/***/settings.py:194: DeprecationWarning: The sql_alchemy_conn option in [core] has been moved to the sql_alchemy_conn option in [database] - the old setting has been used, but please update your config.
  SQL_ALCHEMY_CONN = conf.get("database", "SQL_ALCHEMY_CONN")

[2026-01-16T07:54:45.944+0000] {task_command.py:423} INFO - Running <TaskInstance: ModelDevelop.get_data scheduled__2026-01-05T11:00:00+00:00 [running]> on host 8a4f043652f0
[2026-01-16T07:54:46.036+0000] {taskinstance.py:2513} INFO - Exporting env vars: AIRFLOW_CTX_DAG_OWNER='***' AIRFLOW_CTX_DAG_ID='ModelDevelop' AIRFLOW_CTX_TASK_ID='get_data' AIRFLOW_CTX_EXECUTION_DATE='2026-01-05T11:00:00+00:00' AIRFLOW_CTX_TRY_NUMBER='1' AIRFLOW_CTX_DAG_RUN_ID='scheduled__2026-01-05T11:00:00+00:00'
[2026-01-16T07:54:46.048+0000] {python.py:202} INFO - Done. Returned value was: ./iris.csv
[2026-01-16T07:54:46.073+0000] {taskinstance.py:1149} INFO - Marking task as SUCCESS. dag_id=ModelDevelop, task_id=get_data, execution_date=20260105T110000, start_date=20260116T075445, end_date=20260116T075446
[2026-01-16T07:54:46.099+0000] {local_task_job_runner.py:234} INFO - Task exited with return code 0
[2026-01-16T07:54:46.119+0000] {taskinstance.py:3312} INFO - 1 downstream tasks scheduled from follow-on schedule check
[2026-01-17T13:18:20.540+0000] {taskinstance.py:1979} INFO - Dependencies all met for dep_context=non-requeueable deps ti=<TaskInstance: ModelDevelop.get_data scheduled__2026-01-05T11:00:00+00:00 [queued]>
[2026-01-17T13:18:20.547+0000] {taskinstance.py:1979} INFO - Dependencies all met for dep_context=requeueable deps ti=<TaskInstance: ModelDevelop.get_data scheduled__2026-01-05T11:00:00+00:00 [queued]>
[2026-01-17T13:18:20.547+0000] {taskinstance.py:2193} INFO - Starting attempt 1 of 2
[2026-01-17T13:18:20.564+0000] {taskinstance.py:2217} INFO - Executing <Task(PythonOperator): get_data> on 2026-01-05 11:00:00+00:00
[2026-01-17T13:18:20.575+0000] {standard_task_runner.py:60} INFO - Started process 11162 to run task
[2026-01-17T13:18:20.582+0000] {standard_task_runner.py:87} INFO - Running: ['***', 'tasks', 'run', 'ModelDevelop', 'get_data', 'scheduled__2026-01-05T11:00:00+00:00', '--job-id', '164', '--raw', '--subdir', 'DAGS_FOLDER/example.py', '--cfg-path', '/tmp/tmp7ozp2igh']
[2026-01-17T13:18:20.583+0000] {standard_task_runner.py:88} INFO - Job 164: Subtask get_data
[2026-01-17T13:18:20.594+0000] {warnings.py:109} WARNING - /home/***/.local/lib/python3.9/site-packages/***/settings.py:194: DeprecationWarning: The sql_alchemy_conn option in [core] has been moved to the sql_alchemy_conn option in [database] - the old setting has been used, but please update your config.
  SQL_ALCHEMY_CONN = conf.get("database", "SQL_ALCHEMY_CONN")

[2026-01-17T13:18:20.625+0000] {task_command.py:423} INFO - Running <TaskInstance: ModelDevelop.get_data scheduled__2026-01-05T11:00:00+00:00 [running]> on host ed3184b6b543
[2026-01-17T13:18:20.695+0000] {taskinstance.py:2513} INFO - Exporting env vars: AIRFLOW_CTX_DAG_OWNER='***' AIRFLOW_CTX_DAG_ID='ModelDevelop' AIRFLOW_CTX_TASK_ID='get_data' AIRFLOW_CTX_EXECUTION_DATE='2026-01-05T11:00:00+00:00' AIRFLOW_CTX_TRY_NUMBER='1' AIRFLOW_CTX_DAG_RUN_ID='scheduled__2026-01-05T11:00:00+00:00'
[2026-01-17T13:18:20.719+0000] {python.py:202} INFO - Done. Returned value was: ./iris.csv
[2026-01-17T13:18:20.737+0000] {taskinstance.py:1149} INFO - Marking task as SUCCESS. dag_id=ModelDevelop, task_id=get_data, execution_date=20260105T110000, start_date=20260117T131820, end_date=20260117T131820
[2026-01-17T13:18:20.790+0000] {local_task_job_runner.py:234} INFO - Task exited with return code 0
[2026-01-17T13:18:20.824+0000] {taskinstance.py:3312} INFO - 1 downstream tasks scheduled from follow-on schedule check
[2026-01-17T13:39:42.337+0000] {taskinstance.py:1979} INFO - Dependencies all met for dep_context=non-requeueable deps ti=<TaskInstance: ModelDevelop.get_data scheduled__2026-01-05T11:00:00+00:00 [queued]>
[2026-01-17T13:39:42.352+0000] {taskinstance.py:1979} INFO - Dependencies all met for dep_context=requeueable deps ti=<TaskInstance: ModelDevelop.get_data scheduled__2026-01-05T11:00:00+00:00 [queued]>
[2026-01-17T13:39:42.352+0000] {taskinstance.py:2193} INFO - Starting attempt 1 of 2
[2026-01-17T13:39:42.362+0000] {taskinstance.py:2217} INFO - Executing <Task(PythonOperator): get_data> on 2026-01-05 11:00:00+00:00
[2026-01-17T13:39:42.370+0000] {standard_task_runner.py:60} INFO - Started process 11165 to run task
[2026-01-17T13:39:42.373+0000] {standard_task_runner.py:87} INFO - Running: ['***', 'tasks', 'run', 'ModelDevelop', 'get_data', 'scheduled__2026-01-05T11:00:00+00:00', '--job-id', '166', '--raw', '--subdir', 'DAGS_FOLDER/example.py', '--cfg-path', '/tmp/tmpn7b9vooc']
[2026-01-17T13:39:42.375+0000] {standard_task_runner.py:88} INFO - Job 166: Subtask get_data
[2026-01-17T13:39:42.385+0000] {warnings.py:109} WARNING - /home/***/.local/lib/python3.9/site-packages/***/settings.py:194: DeprecationWarning: The sql_alchemy_conn option in [core] has been moved to the sql_alchemy_conn option in [database] - the old setting has been used, but please update your config.
  SQL_ALCHEMY_CONN = conf.get("database", "SQL_ALCHEMY_CONN")

[2026-01-17T13:39:42.415+0000] {task_command.py:423} INFO - Running <TaskInstance: ModelDevelop.get_data scheduled__2026-01-05T11:00:00+00:00 [running]> on host 5330652dc216
[2026-01-17T13:39:42.502+0000] {taskinstance.py:2513} INFO - Exporting env vars: AIRFLOW_CTX_DAG_OWNER='***' AIRFLOW_CTX_DAG_ID='ModelDevelop' AIRFLOW_CTX_TASK_ID='get_data' AIRFLOW_CTX_EXECUTION_DATE='2026-01-05T11:00:00+00:00' AIRFLOW_CTX_TRY_NUMBER='1' AIRFLOW_CTX_DAG_RUN_ID='scheduled__2026-01-05T11:00:00+00:00'
[2026-01-17T13:39:42.512+0000] {python.py:202} INFO - Done. Returned value was: ./iris.csv
[2026-01-17T13:39:42.537+0000] {taskinstance.py:1149} INFO - Marking task as SUCCESS. dag_id=ModelDevelop, task_id=get_data, execution_date=20260105T110000, start_date=20260117T133942, end_date=20260117T133942
[2026-01-17T13:39:42.586+0000] {local_task_job_runner.py:234} INFO - Task exited with return code 0
[2026-01-17T13:39:42.604+0000] {taskinstance.py:3312} INFO - 1 downstream tasks scheduled from follow-on schedule check
