[2026-01-16T07:54:46.495+0000] {taskinstance.py:1979} INFO - Dependencies all met for dep_context=non-requeueable deps ti=<TaskInstance: ModelDevelop.get_data scheduled__2026-01-05T17:00:00+00:00 [queued]>
[2026-01-16T07:54:46.500+0000] {taskinstance.py:1979} INFO - Dependencies all met for dep_context=requeueable deps ti=<TaskInstance: ModelDevelop.get_data scheduled__2026-01-05T17:00:00+00:00 [queued]>
[2026-01-16T07:54:46.501+0000] {taskinstance.py:2193} INFO - Starting attempt 1 of 2
[2026-01-16T07:54:46.508+0000] {taskinstance.py:2217} INFO - Executing <Task(PythonOperator): get_data> on 2026-01-05 17:00:00+00:00
[2026-01-16T07:54:46.516+0000] {standard_task_runner.py:60} INFO - Started process 11370 to run task
[2026-01-16T07:54:46.518+0000] {standard_task_runner.py:87} INFO - Running: ['***', 'tasks', 'run', 'ModelDevelop', 'get_data', 'scheduled__2026-01-05T17:00:00+00:00', '--job-id', '171', '--raw', '--subdir', 'DAGS_FOLDER/example.py', '--cfg-path', '/tmp/tmpqqp73i8b']
[2026-01-16T07:54:46.519+0000] {standard_task_runner.py:88} INFO - Job 171: Subtask get_data
[2026-01-16T07:54:46.527+0000] {warnings.py:109} WARNING - /home/***/.local/lib/python3.9/site-packages/***/settings.py:194: DeprecationWarning: The sql_alchemy_conn option in [core] has been moved to the sql_alchemy_conn option in [database] - the old setting has been used, but please update your config.
  SQL_ALCHEMY_CONN = conf.get("database", "SQL_ALCHEMY_CONN")

[2026-01-16T07:54:46.606+0000] {task_command.py:423} INFO - Running <TaskInstance: ModelDevelop.get_data scheduled__2026-01-05T17:00:00+00:00 [running]> on host 8a4f043652f0
[2026-01-16T07:54:46.681+0000] {taskinstance.py:2513} INFO - Exporting env vars: AIRFLOW_CTX_DAG_OWNER='***' AIRFLOW_CTX_DAG_ID='ModelDevelop' AIRFLOW_CTX_TASK_ID='get_data' AIRFLOW_CTX_EXECUTION_DATE='2026-01-05T17:00:00+00:00' AIRFLOW_CTX_TRY_NUMBER='1' AIRFLOW_CTX_DAG_RUN_ID='scheduled__2026-01-05T17:00:00+00:00'
[2026-01-16T07:54:46.690+0000] {python.py:202} INFO - Done. Returned value was: ./iris.csv
[2026-01-16T07:54:46.705+0000] {taskinstance.py:1149} INFO - Marking task as SUCCESS. dag_id=ModelDevelop, task_id=get_data, execution_date=20260105T170000, start_date=20260116T075446, end_date=20260116T075446
[2026-01-16T07:54:46.730+0000] {local_task_job_runner.py:234} INFO - Task exited with return code 0
[2026-01-16T07:54:46.783+0000] {taskinstance.py:3312} INFO - 0 downstream tasks scheduled from follow-on schedule check
[2026-01-17T13:18:21.207+0000] {taskinstance.py:1979} INFO - Dependencies all met for dep_context=non-requeueable deps ti=<TaskInstance: ModelDevelop.get_data scheduled__2026-01-05T17:00:00+00:00 [queued]>
[2026-01-17T13:18:21.219+0000] {taskinstance.py:1979} INFO - Dependencies all met for dep_context=requeueable deps ti=<TaskInstance: ModelDevelop.get_data scheduled__2026-01-05T17:00:00+00:00 [queued]>
[2026-01-17T13:18:21.219+0000] {taskinstance.py:2193} INFO - Starting attempt 1 of 2
[2026-01-17T13:18:21.240+0000] {taskinstance.py:2217} INFO - Executing <Task(PythonOperator): get_data> on 2026-01-05 17:00:00+00:00
[2026-01-17T13:18:21.249+0000] {standard_task_runner.py:60} INFO - Started process 11338 to run task
[2026-01-17T13:18:21.270+0000] {standard_task_runner.py:87} INFO - Running: ['***', 'tasks', 'run', 'ModelDevelop', 'get_data', 'scheduled__2026-01-05T17:00:00+00:00', '--job-id', '171', '--raw', '--subdir', 'DAGS_FOLDER/example.py', '--cfg-path', '/tmp/tmpp2xxf9hu']
[2026-01-17T13:18:21.271+0000] {standard_task_runner.py:88} INFO - Job 171: Subtask get_data
[2026-01-17T13:18:21.282+0000] {warnings.py:109} WARNING - /home/***/.local/lib/python3.9/site-packages/***/settings.py:194: DeprecationWarning: The sql_alchemy_conn option in [core] has been moved to the sql_alchemy_conn option in [database] - the old setting has been used, but please update your config.
  SQL_ALCHEMY_CONN = conf.get("database", "SQL_ALCHEMY_CONN")

[2026-01-17T13:18:21.322+0000] {task_command.py:423} INFO - Running <TaskInstance: ModelDevelop.get_data scheduled__2026-01-05T17:00:00+00:00 [running]> on host ed3184b6b543
[2026-01-17T13:18:21.403+0000] {taskinstance.py:2513} INFO - Exporting env vars: AIRFLOW_CTX_DAG_OWNER='***' AIRFLOW_CTX_DAG_ID='ModelDevelop' AIRFLOW_CTX_TASK_ID='get_data' AIRFLOW_CTX_EXECUTION_DATE='2026-01-05T17:00:00+00:00' AIRFLOW_CTX_TRY_NUMBER='1' AIRFLOW_CTX_DAG_RUN_ID='scheduled__2026-01-05T17:00:00+00:00'
[2026-01-17T13:18:21.414+0000] {python.py:202} INFO - Done. Returned value was: ./iris.csv
[2026-01-17T13:18:21.430+0000] {taskinstance.py:1149} INFO - Marking task as SUCCESS. dag_id=ModelDevelop, task_id=get_data, execution_date=20260105T170000, start_date=20260117T131821, end_date=20260117T131821
[2026-01-17T13:18:21.465+0000] {local_task_job_runner.py:234} INFO - Task exited with return code 0
[2026-01-17T13:18:21.499+0000] {taskinstance.py:3312} INFO - 0 downstream tasks scheduled from follow-on schedule check
[2026-01-17T13:39:43.024+0000] {taskinstance.py:1979} INFO - Dependencies all met for dep_context=non-requeueable deps ti=<TaskInstance: ModelDevelop.get_data scheduled__2026-01-05T17:00:00+00:00 [queued]>
[2026-01-17T13:39:43.030+0000] {taskinstance.py:1979} INFO - Dependencies all met for dep_context=requeueable deps ti=<TaskInstance: ModelDevelop.get_data scheduled__2026-01-05T17:00:00+00:00 [queued]>
[2026-01-17T13:39:43.031+0000] {taskinstance.py:2193} INFO - Starting attempt 1 of 2
[2026-01-17T13:39:43.040+0000] {taskinstance.py:2217} INFO - Executing <Task(PythonOperator): get_data> on 2026-01-05 17:00:00+00:00
[2026-01-17T13:39:43.048+0000] {standard_task_runner.py:60} INFO - Started process 11342 to run task
[2026-01-17T13:39:43.050+0000] {standard_task_runner.py:87} INFO - Running: ['***', 'tasks', 'run', 'ModelDevelop', 'get_data', 'scheduled__2026-01-05T17:00:00+00:00', '--job-id', '171', '--raw', '--subdir', 'DAGS_FOLDER/example.py', '--cfg-path', '/tmp/tmpb2wju5he']
[2026-01-17T13:39:43.051+0000] {standard_task_runner.py:88} INFO - Job 171: Subtask get_data
[2026-01-17T13:39:43.069+0000] {warnings.py:109} WARNING - /home/***/.local/lib/python3.9/site-packages/***/settings.py:194: DeprecationWarning: The sql_alchemy_conn option in [core] has been moved to the sql_alchemy_conn option in [database] - the old setting has been used, but please update your config.
  SQL_ALCHEMY_CONN = conf.get("database", "SQL_ALCHEMY_CONN")

[2026-01-17T13:39:43.142+0000] {task_command.py:423} INFO - Running <TaskInstance: ModelDevelop.get_data scheduled__2026-01-05T17:00:00+00:00 [running]> on host 5330652dc216
[2026-01-17T13:39:43.227+0000] {taskinstance.py:2513} INFO - Exporting env vars: AIRFLOW_CTX_DAG_OWNER='***' AIRFLOW_CTX_DAG_ID='ModelDevelop' AIRFLOW_CTX_TASK_ID='get_data' AIRFLOW_CTX_EXECUTION_DATE='2026-01-05T17:00:00+00:00' AIRFLOW_CTX_TRY_NUMBER='1' AIRFLOW_CTX_DAG_RUN_ID='scheduled__2026-01-05T17:00:00+00:00'
[2026-01-17T13:39:43.237+0000] {python.py:202} INFO - Done. Returned value was: ./iris.csv
[2026-01-17T13:39:43.253+0000] {taskinstance.py:1149} INFO - Marking task as SUCCESS. dag_id=ModelDevelop, task_id=get_data, execution_date=20260105T170000, start_date=20260117T133943, end_date=20260117T133943
[2026-01-17T13:39:43.304+0000] {local_task_job_runner.py:234} INFO - Task exited with return code 0
[2026-01-17T13:39:43.361+0000] {taskinstance.py:3312} INFO - 0 downstream tasks scheduled from follow-on schedule check
