[2026-03-06T05:36:34.272+0000] {taskinstance.py:1979} INFO - Dependencies all met for dep_context=non-requeueable deps ti=<TaskInstance: ExampleDAG.get_data scheduled__2026-03-04T18:00:00+00:00 [queued]>
[2026-03-06T05:36:34.277+0000] {taskinstance.py:1979} INFO - Dependencies all met for dep_context=requeueable deps ti=<TaskInstance: ExampleDAG.get_data scheduled__2026-03-04T18:00:00+00:00 [queued]>
[2026-03-06T05:36:34.277+0000] {taskinstance.py:2193} INFO - Starting attempt 1 of 2
[2026-03-06T05:36:34.284+0000] {taskinstance.py:2217} INFO - Executing <Task(PythonOperator): get_data> on 2026-03-04 18:00:00+00:00
[2026-03-06T05:36:34.290+0000] {standard_task_runner.py:60} INFO - Started process 106 to run task
[2026-03-06T05:36:34.293+0000] {standard_task_runner.py:87} INFO - Running: ['***', 'tasks', 'run', 'ExampleDAG', 'get_data', 'scheduled__2026-03-04T18:00:00+00:00', '--job-id', '2', '--raw', '--subdir', 'DAGS_FOLDER/exercise_QAs.py', '--cfg-path', '/tmp/tmpooguaai5']
[2026-03-06T05:36:34.293+0000] {standard_task_runner.py:88} INFO - Job 2: Subtask get_data
[2026-03-06T05:36:34.301+0000] {warnings.py:109} WARNING - /home/***/.local/lib/python3.9/site-packages/***/settings.py:194: DeprecationWarning: The sql_alchemy_conn option in [core] has been moved to the sql_alchemy_conn option in [database] - the old setting has been used, but please update your config.
  SQL_ALCHEMY_CONN = conf.get("database", "SQL_ALCHEMY_CONN")

[2026-03-06T05:36:34.321+0000] {task_command.py:423} INFO - Running <TaskInstance: ExampleDAG.get_data scheduled__2026-03-04T18:00:00+00:00 [running]> on host bda1476c17c7
[2026-03-06T05:36:34.360+0000] {taskinstance.py:2513} INFO - Exporting env vars: AIRFLOW_CTX_DAG_OWNER='***' AIRFLOW_CTX_DAG_ID='ExampleDAG' AIRFLOW_CTX_TASK_ID='get_data' AIRFLOW_CTX_EXECUTION_DATE='2026-03-04T18:00:00+00:00' AIRFLOW_CTX_TRY_NUMBER='1' AIRFLOW_CTX_DAG_RUN_ID='scheduled__2026-03-04T18:00:00+00:00'
[2026-03-06T05:36:34.370+0000] {python.py:202} INFO - Done. Returned value was: ./iris.csv
[2026-03-06T05:36:34.381+0000] {taskinstance.py:1149} INFO - Marking task as SUCCESS. dag_id=ExampleDAG, task_id=get_data, execution_date=20260304T180000, start_date=20260306T053634, end_date=20260306T053634
[2026-03-06T05:36:34.424+0000] {local_task_job_runner.py:234} INFO - Task exited with return code 0
[2026-03-06T05:36:34.436+0000] {taskinstance.py:3312} INFO - 0 downstream tasks scheduled from follow-on schedule check
[2026-03-06T06:11:22.985+0000] {taskinstance.py:1979} INFO - Dependencies all met for dep_context=non-requeueable deps ti=<TaskInstance: ExampleDAG.get_data scheduled__2026-03-04T18:00:00+00:00 [queued]>
[2026-03-06T06:11:22.989+0000] {taskinstance.py:1979} INFO - Dependencies all met for dep_context=requeueable deps ti=<TaskInstance: ExampleDAG.get_data scheduled__2026-03-04T18:00:00+00:00 [queued]>
[2026-03-06T06:11:22.989+0000] {taskinstance.py:2193} INFO - Starting attempt 1 of 2
[2026-03-06T06:11:22.995+0000] {taskinstance.py:2217} INFO - Executing <Task(PythonOperator): get_data> on 2026-03-04 18:00:00+00:00
[2026-03-06T06:11:23.001+0000] {standard_task_runner.py:60} INFO - Started process 139 to run task
[2026-03-06T06:11:23.003+0000] {standard_task_runner.py:87} INFO - Running: ['***', 'tasks', 'run', 'ExampleDAG', 'get_data', 'scheduled__2026-03-04T18:00:00+00:00', '--job-id', '3', '--raw', '--subdir', 'DAGS_FOLDER/exercise_QAs.py', '--cfg-path', '/tmp/tmpye9mk_i_']
[2026-03-06T06:11:23.004+0000] {standard_task_runner.py:88} INFO - Job 3: Subtask get_data
[2026-03-06T06:11:23.011+0000] {warnings.py:109} WARNING - /home/***/.local/lib/python3.9/site-packages/***/settings.py:194: DeprecationWarning: The sql_alchemy_conn option in [core] has been moved to the sql_alchemy_conn option in [database] - the old setting has been used, but please update your config.
  SQL_ALCHEMY_CONN = conf.get("database", "SQL_ALCHEMY_CONN")

[2026-03-06T06:11:23.032+0000] {task_command.py:423} INFO - Running <TaskInstance: ExampleDAG.get_data scheduled__2026-03-04T18:00:00+00:00 [running]> on host 397460420dc1
[2026-03-06T06:11:23.078+0000] {taskinstance.py:2513} INFO - Exporting env vars: AIRFLOW_CTX_DAG_OWNER='***' AIRFLOW_CTX_DAG_ID='ExampleDAG' AIRFLOW_CTX_TASK_ID='get_data' AIRFLOW_CTX_EXECUTION_DATE='2026-03-04T18:00:00+00:00' AIRFLOW_CTX_TRY_NUMBER='1' AIRFLOW_CTX_DAG_RUN_ID='scheduled__2026-03-04T18:00:00+00:00'
[2026-03-06T06:11:23.086+0000] {python.py:202} INFO - Done. Returned value was: ./iris.csv
[2026-03-06T06:11:23.098+0000] {taskinstance.py:1149} INFO - Marking task as SUCCESS. dag_id=ExampleDAG, task_id=get_data, execution_date=20260304T180000, start_date=20260306T061122, end_date=20260306T061123
[2026-03-06T06:11:23.134+0000] {local_task_job_runner.py:234} INFO - Task exited with return code 0
[2026-03-06T06:11:23.147+0000] {taskinstance.py:3312} INFO - 0 downstream tasks scheduled from follow-on schedule check
