[2026-01-16T07:56:09.453+0000] {taskinstance.py:1979} INFO - Dependencies all met for dep_context=non-requeueable deps ti=<TaskInstance: ModelDevelop.get_data scheduled__2026-01-11T03:00:00+00:00 [queued]>
[2026-01-16T07:56:09.458+0000] {taskinstance.py:1979} INFO - Dependencies all met for dep_context=requeueable deps ti=<TaskInstance: ModelDevelop.get_data scheduled__2026-01-11T03:00:00+00:00 [queued]>
[2026-01-16T07:56:09.458+0000] {taskinstance.py:2193} INFO - Starting attempt 1 of 2
[2026-01-16T07:56:09.467+0000] {taskinstance.py:2217} INFO - Executing <Task(PythonOperator): get_data> on 2026-01-11 03:00:00+00:00
[2026-01-16T07:56:09.473+0000] {standard_task_runner.py:60} INFO - Started process 28484 to run task
[2026-01-16T07:56:09.476+0000] {standard_task_runner.py:87} INFO - Running: ['***', 'tasks', 'run', 'ModelDevelop', 'get_data', 'scheduled__2026-01-11T03:00:00+00:00', '--job-id', '429', '--raw', '--subdir', 'DAGS_FOLDER/example.py', '--cfg-path', '/tmp/tmp0qk4u7xx']
[2026-01-16T07:56:09.477+0000] {standard_task_runner.py:88} INFO - Job 429: Subtask get_data
[2026-01-16T07:56:09.485+0000] {warnings.py:109} WARNING - /home/***/.local/lib/python3.9/site-packages/***/settings.py:194: DeprecationWarning: The sql_alchemy_conn option in [core] has been moved to the sql_alchemy_conn option in [database] - the old setting has been used, but please update your config.
  SQL_ALCHEMY_CONN = conf.get("database", "SQL_ALCHEMY_CONN")

[2026-01-16T07:56:09.509+0000] {task_command.py:423} INFO - Running <TaskInstance: ModelDevelop.get_data scheduled__2026-01-11T03:00:00+00:00 [running]> on host 8a4f043652f0
[2026-01-16T07:56:09.556+0000] {taskinstance.py:2513} INFO - Exporting env vars: AIRFLOW_CTX_DAG_OWNER='***' AIRFLOW_CTX_DAG_ID='ModelDevelop' AIRFLOW_CTX_TASK_ID='get_data' AIRFLOW_CTX_EXECUTION_DATE='2026-01-11T03:00:00+00:00' AIRFLOW_CTX_TRY_NUMBER='1' AIRFLOW_CTX_DAG_RUN_ID='scheduled__2026-01-11T03:00:00+00:00'
[2026-01-16T07:56:09.564+0000] {python.py:202} INFO - Done. Returned value was: ./iris.csv
[2026-01-16T07:56:09.576+0000] {taskinstance.py:1149} INFO - Marking task as SUCCESS. dag_id=ModelDevelop, task_id=get_data, execution_date=20260111T030000, start_date=20260116T075609, end_date=20260116T075609
[2026-01-16T07:56:09.607+0000] {local_task_job_runner.py:234} INFO - Task exited with return code 0
[2026-01-16T07:56:09.622+0000] {taskinstance.py:3312} INFO - 1 downstream tasks scheduled from follow-on schedule check
[2026-01-17T13:19:51.597+0000] {taskinstance.py:1979} INFO - Dependencies all met for dep_context=non-requeueable deps ti=<TaskInstance: ModelDevelop.get_data scheduled__2026-01-11T03:00:00+00:00 [queued]>
[2026-01-17T13:19:51.608+0000] {taskinstance.py:1979} INFO - Dependencies all met for dep_context=requeueable deps ti=<TaskInstance: ModelDevelop.get_data scheduled__2026-01-11T03:00:00+00:00 [queued]>
[2026-01-17T13:19:51.608+0000] {taskinstance.py:2193} INFO - Starting attempt 1 of 2
[2026-01-17T13:19:51.623+0000] {taskinstance.py:2217} INFO - Executing <Task(PythonOperator): get_data> on 2026-01-11 03:00:00+00:00
[2026-01-17T13:19:51.632+0000] {standard_task_runner.py:60} INFO - Started process 28655 to run task
[2026-01-17T13:19:51.641+0000] {standard_task_runner.py:87} INFO - Running: ['***', 'tasks', 'run', 'ModelDevelop', 'get_data', 'scheduled__2026-01-11T03:00:00+00:00', '--job-id', '430', '--raw', '--subdir', 'DAGS_FOLDER/example.py', '--cfg-path', '/tmp/tmpg7f92qmg']
[2026-01-17T13:19:51.642+0000] {standard_task_runner.py:88} INFO - Job 430: Subtask get_data
[2026-01-17T13:19:51.654+0000] {warnings.py:109} WARNING - /home/***/.local/lib/python3.9/site-packages/***/settings.py:194: DeprecationWarning: The sql_alchemy_conn option in [core] has been moved to the sql_alchemy_conn option in [database] - the old setting has been used, but please update your config.
  SQL_ALCHEMY_CONN = conf.get("database", "SQL_ALCHEMY_CONN")

[2026-01-17T13:19:51.688+0000] {task_command.py:423} INFO - Running <TaskInstance: ModelDevelop.get_data scheduled__2026-01-11T03:00:00+00:00 [running]> on host ed3184b6b543
[2026-01-17T13:19:51.749+0000] {taskinstance.py:2513} INFO - Exporting env vars: AIRFLOW_CTX_DAG_OWNER='***' AIRFLOW_CTX_DAG_ID='ModelDevelop' AIRFLOW_CTX_TASK_ID='get_data' AIRFLOW_CTX_EXECUTION_DATE='2026-01-11T03:00:00+00:00' AIRFLOW_CTX_TRY_NUMBER='1' AIRFLOW_CTX_DAG_RUN_ID='scheduled__2026-01-11T03:00:00+00:00'
[2026-01-17T13:19:51.760+0000] {python.py:202} INFO - Done. Returned value was: ./iris.csv
[2026-01-17T13:19:51.805+0000] {taskinstance.py:1149} INFO - Marking task as SUCCESS. dag_id=ModelDevelop, task_id=get_data, execution_date=20260111T030000, start_date=20260117T131951, end_date=20260117T131951
[2026-01-17T13:19:51.859+0000] {local_task_job_runner.py:234} INFO - Task exited with return code 0
[2026-01-17T13:19:51.884+0000] {taskinstance.py:3312} INFO - 1 downstream tasks scheduled from follow-on schedule check
[2026-01-17T13:41:21.116+0000] {taskinstance.py:1979} INFO - Dependencies all met for dep_context=non-requeueable deps ti=<TaskInstance: ModelDevelop.get_data scheduled__2026-01-11T03:00:00+00:00 [queued]>
[2026-01-17T13:41:21.121+0000] {taskinstance.py:1979} INFO - Dependencies all met for dep_context=requeueable deps ti=<TaskInstance: ModelDevelop.get_data scheduled__2026-01-11T03:00:00+00:00 [queued]>
[2026-01-17T13:41:21.121+0000] {taskinstance.py:2193} INFO - Starting attempt 1 of 2
[2026-01-17T13:41:21.128+0000] {taskinstance.py:2217} INFO - Executing <Task(PythonOperator): get_data> on 2026-01-11 03:00:00+00:00
[2026-01-17T13:41:21.135+0000] {standard_task_runner.py:60} INFO - Started process 29254 to run task
[2026-01-17T13:41:21.137+0000] {standard_task_runner.py:87} INFO - Running: ['***', 'tasks', 'run', 'ModelDevelop', 'get_data', 'scheduled__2026-01-11T03:00:00+00:00', '--job-id', '436', '--raw', '--subdir', 'DAGS_FOLDER/example.py', '--cfg-path', '/tmp/tmpv49woyku']
[2026-01-17T13:41:21.138+0000] {standard_task_runner.py:88} INFO - Job 436: Subtask get_data
[2026-01-17T13:41:21.151+0000] {warnings.py:109} WARNING - /home/***/.local/lib/python3.9/site-packages/***/settings.py:194: DeprecationWarning: The sql_alchemy_conn option in [core] has been moved to the sql_alchemy_conn option in [database] - the old setting has been used, but please update your config.
  SQL_ALCHEMY_CONN = conf.get("database", "SQL_ALCHEMY_CONN")

[2026-01-17T13:41:21.199+0000] {task_command.py:423} INFO - Running <TaskInstance: ModelDevelop.get_data scheduled__2026-01-11T03:00:00+00:00 [running]> on host 5330652dc216
[2026-01-17T13:41:21.265+0000] {taskinstance.py:2513} INFO - Exporting env vars: AIRFLOW_CTX_DAG_OWNER='***' AIRFLOW_CTX_DAG_ID='ModelDevelop' AIRFLOW_CTX_TASK_ID='get_data' AIRFLOW_CTX_EXECUTION_DATE='2026-01-11T03:00:00+00:00' AIRFLOW_CTX_TRY_NUMBER='1' AIRFLOW_CTX_DAG_RUN_ID='scheduled__2026-01-11T03:00:00+00:00'
[2026-01-17T13:41:21.274+0000] {python.py:202} INFO - Done. Returned value was: ./iris.csv
[2026-01-17T13:41:21.289+0000] {taskinstance.py:1149} INFO - Marking task as SUCCESS. dag_id=ModelDevelop, task_id=get_data, execution_date=20260111T030000, start_date=20260117T134121, end_date=20260117T134121
[2026-01-17T13:41:21.349+0000] {local_task_job_runner.py:234} INFO - Task exited with return code 0
[2026-01-17T13:41:21.419+0000] {taskinstance.py:3312} INFO - 0 downstream tasks scheduled from follow-on schedule check
