[2026-01-16T07:54:23.574+0000] {taskinstance.py:1979} INFO - Dependencies all met for dep_context=non-requeueable deps ti=<TaskInstance: ModelDevelop.get_data scheduled__2026-01-04T04:00:00+00:00 [queued]>
[2026-01-16T07:54:23.581+0000] {taskinstance.py:1979} INFO - Dependencies all met for dep_context=requeueable deps ti=<TaskInstance: ModelDevelop.get_data scheduled__2026-01-04T04:00:00+00:00 [queued]>
[2026-01-16T07:54:23.581+0000] {taskinstance.py:2193} INFO - Starting attempt 1 of 2
[2026-01-16T07:54:23.591+0000] {taskinstance.py:2217} INFO - Executing <Task(PythonOperator): get_data> on 2026-01-04 04:00:00+00:00
[2026-01-16T07:54:23.598+0000] {standard_task_runner.py:60} INFO - Started process 6944 to run task
[2026-01-16T07:54:23.600+0000] {standard_task_runner.py:87} INFO - Running: ['***', 'tasks', 'run', 'ModelDevelop', 'get_data', 'scheduled__2026-01-04T04:00:00+00:00', '--job-id', '103', '--raw', '--subdir', 'DAGS_FOLDER/example.py', '--cfg-path', '/tmp/tmp_l9j_o2y']
[2026-01-16T07:54:23.601+0000] {standard_task_runner.py:88} INFO - Job 103: Subtask get_data
[2026-01-16T07:54:23.609+0000] {warnings.py:109} WARNING - /home/***/.local/lib/python3.9/site-packages/***/settings.py:194: DeprecationWarning: The sql_alchemy_conn option in [core] has been moved to the sql_alchemy_conn option in [database] - the old setting has been used, but please update your config.
  SQL_ALCHEMY_CONN = conf.get("database", "SQL_ALCHEMY_CONN")

[2026-01-16T07:54:23.638+0000] {task_command.py:423} INFO - Running <TaskInstance: ModelDevelop.get_data scheduled__2026-01-04T04:00:00+00:00 [running]> on host 8a4f043652f0
[2026-01-16T07:54:23.724+0000] {taskinstance.py:2513} INFO - Exporting env vars: AIRFLOW_CTX_DAG_OWNER='***' AIRFLOW_CTX_DAG_ID='ModelDevelop' AIRFLOW_CTX_TASK_ID='get_data' AIRFLOW_CTX_EXECUTION_DATE='2026-01-04T04:00:00+00:00' AIRFLOW_CTX_TRY_NUMBER='1' AIRFLOW_CTX_DAG_RUN_ID='scheduled__2026-01-04T04:00:00+00:00'
[2026-01-16T07:54:23.734+0000] {python.py:202} INFO - Done. Returned value was: ./iris.csv
[2026-01-16T07:54:23.751+0000] {taskinstance.py:1149} INFO - Marking task as SUCCESS. dag_id=ModelDevelop, task_id=get_data, execution_date=20260104T040000, start_date=20260116T075423, end_date=20260116T075423
[2026-01-16T07:54:23.812+0000] {local_task_job_runner.py:234} INFO - Task exited with return code 0
[2026-01-16T07:54:23.833+0000] {taskinstance.py:3312} INFO - 1 downstream tasks scheduled from follow-on schedule check
[2026-01-17T13:18:00.429+0000] {taskinstance.py:1979} INFO - Dependencies all met for dep_context=non-requeueable deps ti=<TaskInstance: ModelDevelop.get_data scheduled__2026-01-04T04:00:00+00:00 [queued]>
[2026-01-17T13:18:00.435+0000] {taskinstance.py:1979} INFO - Dependencies all met for dep_context=requeueable deps ti=<TaskInstance: ModelDevelop.get_data scheduled__2026-01-04T04:00:00+00:00 [queued]>
[2026-01-17T13:18:00.435+0000] {taskinstance.py:2193} INFO - Starting attempt 1 of 2
[2026-01-17T13:18:00.445+0000] {taskinstance.py:2217} INFO - Executing <Task(PythonOperator): get_data> on 2026-01-04 04:00:00+00:00
[2026-01-17T13:18:00.457+0000] {standard_task_runner.py:60} INFO - Started process 6945 to run task
[2026-01-17T13:18:00.460+0000] {standard_task_runner.py:87} INFO - Running: ['***', 'tasks', 'run', 'ModelDevelop', 'get_data', 'scheduled__2026-01-04T04:00:00+00:00', '--job-id', '103', '--raw', '--subdir', 'DAGS_FOLDER/example.py', '--cfg-path', '/tmp/tmpcz32cwse']
[2026-01-17T13:18:00.461+0000] {standard_task_runner.py:88} INFO - Job 103: Subtask get_data
[2026-01-17T13:18:00.472+0000] {warnings.py:109} WARNING - /home/***/.local/lib/python3.9/site-packages/***/settings.py:194: DeprecationWarning: The sql_alchemy_conn option in [core] has been moved to the sql_alchemy_conn option in [database] - the old setting has been used, but please update your config.
  SQL_ALCHEMY_CONN = conf.get("database", "SQL_ALCHEMY_CONN")

[2026-01-17T13:18:00.505+0000] {task_command.py:423} INFO - Running <TaskInstance: ModelDevelop.get_data scheduled__2026-01-04T04:00:00+00:00 [running]> on host ed3184b6b543
[2026-01-17T13:18:00.609+0000] {taskinstance.py:2513} INFO - Exporting env vars: AIRFLOW_CTX_DAG_OWNER='***' AIRFLOW_CTX_DAG_ID='ModelDevelop' AIRFLOW_CTX_TASK_ID='get_data' AIRFLOW_CTX_EXECUTION_DATE='2026-01-04T04:00:00+00:00' AIRFLOW_CTX_TRY_NUMBER='1' AIRFLOW_CTX_DAG_RUN_ID='scheduled__2026-01-04T04:00:00+00:00'
[2026-01-17T13:18:00.622+0000] {python.py:202} INFO - Done. Returned value was: ./iris.csv
[2026-01-17T13:18:00.638+0000] {taskinstance.py:1149} INFO - Marking task as SUCCESS. dag_id=ModelDevelop, task_id=get_data, execution_date=20260104T040000, start_date=20260117T131800, end_date=20260117T131800
[2026-01-17T13:18:00.673+0000] {local_task_job_runner.py:234} INFO - Task exited with return code 0
[2026-01-17T13:18:00.700+0000] {taskinstance.py:3312} INFO - 1 downstream tasks scheduled from follow-on schedule check
[2026-01-17T13:39:21.897+0000] {taskinstance.py:1979} INFO - Dependencies all met for dep_context=non-requeueable deps ti=<TaskInstance: ModelDevelop.get_data scheduled__2026-01-04T04:00:00+00:00 [queued]>
[2026-01-17T13:39:21.902+0000] {taskinstance.py:1979} INFO - Dependencies all met for dep_context=requeueable deps ti=<TaskInstance: ModelDevelop.get_data scheduled__2026-01-04T04:00:00+00:00 [queued]>
[2026-01-17T13:39:21.902+0000] {taskinstance.py:2193} INFO - Starting attempt 1 of 2
[2026-01-17T13:39:21.910+0000] {taskinstance.py:2217} INFO - Executing <Task(PythonOperator): get_data> on 2026-01-04 04:00:00+00:00
[2026-01-17T13:39:21.917+0000] {standard_task_runner.py:60} INFO - Started process 6877 to run task
[2026-01-17T13:39:21.919+0000] {standard_task_runner.py:87} INFO - Running: ['***', 'tasks', 'run', 'ModelDevelop', 'get_data', 'scheduled__2026-01-04T04:00:00+00:00', '--job-id', '102', '--raw', '--subdir', 'DAGS_FOLDER/example.py', '--cfg-path', '/tmp/tmpzrfgw126']
[2026-01-17T13:39:21.920+0000] {standard_task_runner.py:88} INFO - Job 102: Subtask get_data
[2026-01-17T13:39:21.928+0000] {warnings.py:109} WARNING - /home/***/.local/lib/python3.9/site-packages/***/settings.py:194: DeprecationWarning: The sql_alchemy_conn option in [core] has been moved to the sql_alchemy_conn option in [database] - the old setting has been used, but please update your config.
  SQL_ALCHEMY_CONN = conf.get("database", "SQL_ALCHEMY_CONN")

[2026-01-17T13:39:21.961+0000] {task_command.py:423} INFO - Running <TaskInstance: ModelDevelop.get_data scheduled__2026-01-04T04:00:00+00:00 [running]> on host 5330652dc216
[2026-01-17T13:39:22.073+0000] {taskinstance.py:2513} INFO - Exporting env vars: AIRFLOW_CTX_DAG_OWNER='***' AIRFLOW_CTX_DAG_ID='ModelDevelop' AIRFLOW_CTX_TASK_ID='get_data' AIRFLOW_CTX_EXECUTION_DATE='2026-01-04T04:00:00+00:00' AIRFLOW_CTX_TRY_NUMBER='1' AIRFLOW_CTX_DAG_RUN_ID='scheduled__2026-01-04T04:00:00+00:00'
[2026-01-17T13:39:22.082+0000] {python.py:202} INFO - Done. Returned value was: ./iris.csv
[2026-01-17T13:39:22.097+0000] {taskinstance.py:1149} INFO - Marking task as SUCCESS. dag_id=ModelDevelop, task_id=get_data, execution_date=20260104T040000, start_date=20260117T133921, end_date=20260117T133922
[2026-01-17T13:39:22.131+0000] {local_task_job_runner.py:234} INFO - Task exited with return code 0
[2026-01-17T13:39:22.151+0000] {taskinstance.py:3312} INFO - 1 downstream tasks scheduled from follow-on schedule check
