[2026-01-16T07:54:15.167+0000] {taskinstance.py:1979} INFO - Dependencies all met for dep_context=non-requeueable deps ti=<TaskInstance: ModelDevelop.get_data scheduled__2026-01-03T20:00:00+00:00 [queued]>
[2026-01-16T07:54:15.173+0000] {taskinstance.py:1979} INFO - Dependencies all met for dep_context=requeueable deps ti=<TaskInstance: ModelDevelop.get_data scheduled__2026-01-03T20:00:00+00:00 [queued]>
[2026-01-16T07:54:15.174+0000] {taskinstance.py:2193} INFO - Starting attempt 1 of 2
[2026-01-16T07:54:15.187+0000] {taskinstance.py:2217} INFO - Executing <Task(PythonOperator): get_data> on 2026-01-03 20:00:00+00:00
[2026-01-16T07:54:15.195+0000] {standard_task_runner.py:60} INFO - Started process 5104 to run task
[2026-01-16T07:54:15.210+0000] {standard_task_runner.py:87} INFO - Running: ['***', 'tasks', 'run', 'ModelDevelop', 'get_data', 'scheduled__2026-01-03T20:00:00+00:00', '--job-id', '78', '--raw', '--subdir', 'DAGS_FOLDER/example.py', '--cfg-path', '/tmp/tmp3_gl2ngw']
[2026-01-16T07:54:15.211+0000] {standard_task_runner.py:88} INFO - Job 78: Subtask get_data
[2026-01-16T07:54:15.230+0000] {warnings.py:109} WARNING - /home/***/.local/lib/python3.9/site-packages/***/settings.py:194: DeprecationWarning: The sql_alchemy_conn option in [core] has been moved to the sql_alchemy_conn option in [database] - the old setting has been used, but please update your config.
  SQL_ALCHEMY_CONN = conf.get("database", "SQL_ALCHEMY_CONN")

[2026-01-16T07:54:15.286+0000] {task_command.py:423} INFO - Running <TaskInstance: ModelDevelop.get_data scheduled__2026-01-03T20:00:00+00:00 [running]> on host 8a4f043652f0
[2026-01-16T07:54:15.377+0000] {taskinstance.py:2513} INFO - Exporting env vars: AIRFLOW_CTX_DAG_OWNER='***' AIRFLOW_CTX_DAG_ID='ModelDevelop' AIRFLOW_CTX_TASK_ID='get_data' AIRFLOW_CTX_EXECUTION_DATE='2026-01-03T20:00:00+00:00' AIRFLOW_CTX_TRY_NUMBER='1' AIRFLOW_CTX_DAG_RUN_ID='scheduled__2026-01-03T20:00:00+00:00'
[2026-01-16T07:54:15.387+0000] {python.py:202} INFO - Done. Returned value was: ./iris.csv
[2026-01-16T07:54:15.436+0000] {taskinstance.py:1149} INFO - Marking task as SUCCESS. dag_id=ModelDevelop, task_id=get_data, execution_date=20260103T200000, start_date=20260116T075415, end_date=20260116T075415
[2026-01-16T07:54:15.490+0000] {local_task_job_runner.py:234} INFO - Task exited with return code 0
[2026-01-16T07:54:15.507+0000] {taskinstance.py:3312} INFO - 1 downstream tasks scheduled from follow-on schedule check
[2026-01-17T13:17:50.413+0000] {taskinstance.py:1979} INFO - Dependencies all met for dep_context=non-requeueable deps ti=<TaskInstance: ModelDevelop.get_data scheduled__2026-01-03T20:00:00+00:00 [queued]>
[2026-01-17T13:17:50.418+0000] {taskinstance.py:1979} INFO - Dependencies all met for dep_context=requeueable deps ti=<TaskInstance: ModelDevelop.get_data scheduled__2026-01-03T20:00:00+00:00 [queued]>
[2026-01-17T13:17:50.418+0000] {taskinstance.py:2193} INFO - Starting attempt 1 of 2
[2026-01-17T13:17:50.446+0000] {taskinstance.py:2217} INFO - Executing <Task(PythonOperator): get_data> on 2026-01-03 20:00:00+00:00
[2026-01-17T13:17:50.453+0000] {standard_task_runner.py:60} INFO - Started process 5104 to run task
[2026-01-17T13:17:50.466+0000] {standard_task_runner.py:87} INFO - Running: ['***', 'tasks', 'run', 'ModelDevelop', 'get_data', 'scheduled__2026-01-03T20:00:00+00:00', '--job-id', '78', '--raw', '--subdir', 'DAGS_FOLDER/example.py', '--cfg-path', '/tmp/tmp5or8gzqa']
[2026-01-17T13:17:50.467+0000] {standard_task_runner.py:88} INFO - Job 78: Subtask get_data
[2026-01-17T13:17:50.514+0000] {warnings.py:109} WARNING - /home/***/.local/lib/python3.9/site-packages/***/settings.py:194: DeprecationWarning: The sql_alchemy_conn option in [core] has been moved to the sql_alchemy_conn option in [database] - the old setting has been used, but please update your config.
  SQL_ALCHEMY_CONN = conf.get("database", "SQL_ALCHEMY_CONN")

[2026-01-17T13:17:50.551+0000] {task_command.py:423} INFO - Running <TaskInstance: ModelDevelop.get_data scheduled__2026-01-03T20:00:00+00:00 [running]> on host ed3184b6b543
[2026-01-17T13:17:50.663+0000] {taskinstance.py:2513} INFO - Exporting env vars: AIRFLOW_CTX_DAG_OWNER='***' AIRFLOW_CTX_DAG_ID='ModelDevelop' AIRFLOW_CTX_TASK_ID='get_data' AIRFLOW_CTX_EXECUTION_DATE='2026-01-03T20:00:00+00:00' AIRFLOW_CTX_TRY_NUMBER='1' AIRFLOW_CTX_DAG_RUN_ID='scheduled__2026-01-03T20:00:00+00:00'
[2026-01-17T13:17:50.672+0000] {python.py:202} INFO - Done. Returned value was: ./iris.csv
[2026-01-17T13:17:50.686+0000] {taskinstance.py:1149} INFO - Marking task as SUCCESS. dag_id=ModelDevelop, task_id=get_data, execution_date=20260103T200000, start_date=20260117T131750, end_date=20260117T131750
[2026-01-17T13:17:50.715+0000] {local_task_job_runner.py:234} INFO - Task exited with return code 0
[2026-01-17T13:17:50.736+0000] {taskinstance.py:3312} INFO - 1 downstream tasks scheduled from follow-on schedule check
[2026-01-17T13:39:09.892+0000] {taskinstance.py:1979} INFO - Dependencies all met for dep_context=non-requeueable deps ti=<TaskInstance: ModelDevelop.get_data scheduled__2026-01-03T20:00:00+00:00 [queued]>
[2026-01-17T13:39:09.896+0000] {taskinstance.py:1979} INFO - Dependencies all met for dep_context=requeueable deps ti=<TaskInstance: ModelDevelop.get_data scheduled__2026-01-03T20:00:00+00:00 [queued]>
[2026-01-17T13:39:09.896+0000] {taskinstance.py:2193} INFO - Starting attempt 1 of 2
[2026-01-17T13:39:09.903+0000] {taskinstance.py:2217} INFO - Executing <Task(PythonOperator): get_data> on 2026-01-03 20:00:00+00:00
[2026-01-17T13:39:09.909+0000] {standard_task_runner.py:60} INFO - Started process 4971 to run task
[2026-01-17T13:39:09.911+0000] {standard_task_runner.py:87} INFO - Running: ['***', 'tasks', 'run', 'ModelDevelop', 'get_data', 'scheduled__2026-01-03T20:00:00+00:00', '--job-id', '79', '--raw', '--subdir', 'DAGS_FOLDER/example.py', '--cfg-path', '/tmp/tmp5qmh6x1n']
[2026-01-17T13:39:09.911+0000] {standard_task_runner.py:88} INFO - Job 79: Subtask get_data
[2026-01-17T13:39:09.919+0000] {warnings.py:109} WARNING - /home/***/.local/lib/python3.9/site-packages/***/settings.py:194: DeprecationWarning: The sql_alchemy_conn option in [core] has been moved to the sql_alchemy_conn option in [database] - the old setting has been used, but please update your config.
  SQL_ALCHEMY_CONN = conf.get("database", "SQL_ALCHEMY_CONN")

[2026-01-17T13:39:09.943+0000] {task_command.py:423} INFO - Running <TaskInstance: ModelDevelop.get_data scheduled__2026-01-03T20:00:00+00:00 [running]> on host 5330652dc216
[2026-01-17T13:39:10.021+0000] {taskinstance.py:2513} INFO - Exporting env vars: AIRFLOW_CTX_DAG_OWNER='***' AIRFLOW_CTX_DAG_ID='ModelDevelop' AIRFLOW_CTX_TASK_ID='get_data' AIRFLOW_CTX_EXECUTION_DATE='2026-01-03T20:00:00+00:00' AIRFLOW_CTX_TRY_NUMBER='1' AIRFLOW_CTX_DAG_RUN_ID='scheduled__2026-01-03T20:00:00+00:00'
[2026-01-17T13:39:10.029+0000] {python.py:202} INFO - Done. Returned value was: ./iris.csv
[2026-01-17T13:39:10.041+0000] {taskinstance.py:1149} INFO - Marking task as SUCCESS. dag_id=ModelDevelop, task_id=get_data, execution_date=20260103T200000, start_date=20260117T133909, end_date=20260117T133910
[2026-01-17T13:39:10.082+0000] {local_task_job_runner.py:234} INFO - Task exited with return code 0
[2026-01-17T13:39:10.097+0000] {taskinstance.py:3312} INFO - 1 downstream tasks scheduled from follow-on schedule check
