[2026-01-16T07:54:24.570+0000] {taskinstance.py:1979} INFO - Dependencies all met for dep_context=non-requeueable deps ti=<TaskInstance: ModelDevelop.get_data scheduled__2026-01-04T14:00:00+00:00 [queued]>
[2026-01-16T07:54:24.576+0000] {taskinstance.py:1979} INFO - Dependencies all met for dep_context=requeueable deps ti=<TaskInstance: ModelDevelop.get_data scheduled__2026-01-04T14:00:00+00:00 [queued]>
[2026-01-16T07:54:24.576+0000] {taskinstance.py:2193} INFO - Starting attempt 1 of 2
[2026-01-16T07:54:24.585+0000] {taskinstance.py:2217} INFO - Executing <Task(PythonOperator): get_data> on 2026-01-04 14:00:00+00:00
[2026-01-16T07:54:24.592+0000] {standard_task_runner.py:60} INFO - Started process 7221 to run task
[2026-01-16T07:54:24.594+0000] {standard_task_runner.py:87} INFO - Running: ['***', 'tasks', 'run', 'ModelDevelop', 'get_data', 'scheduled__2026-01-04T14:00:00+00:00', '--job-id', '112', '--raw', '--subdir', 'DAGS_FOLDER/example.py', '--cfg-path', '/tmp/tmpg5yaf_4h']
[2026-01-16T07:54:24.595+0000] {standard_task_runner.py:88} INFO - Job 112: Subtask get_data
[2026-01-16T07:54:24.604+0000] {warnings.py:109} WARNING - /home/***/.local/lib/python3.9/site-packages/***/settings.py:194: DeprecationWarning: The sql_alchemy_conn option in [core] has been moved to the sql_alchemy_conn option in [database] - the old setting has been used, but please update your config.
  SQL_ALCHEMY_CONN = conf.get("database", "SQL_ALCHEMY_CONN")

[2026-01-16T07:54:24.640+0000] {task_command.py:423} INFO - Running <TaskInstance: ModelDevelop.get_data scheduled__2026-01-04T14:00:00+00:00 [running]> on host 8a4f043652f0
[2026-01-16T07:54:24.763+0000] {taskinstance.py:2513} INFO - Exporting env vars: AIRFLOW_CTX_DAG_OWNER='***' AIRFLOW_CTX_DAG_ID='ModelDevelop' AIRFLOW_CTX_TASK_ID='get_data' AIRFLOW_CTX_EXECUTION_DATE='2026-01-04T14:00:00+00:00' AIRFLOW_CTX_TRY_NUMBER='1' AIRFLOW_CTX_DAG_RUN_ID='scheduled__2026-01-04T14:00:00+00:00'
[2026-01-16T07:54:24.774+0000] {python.py:202} INFO - Done. Returned value was: ./iris.csv
[2026-01-16T07:54:24.790+0000] {taskinstance.py:1149} INFO - Marking task as SUCCESS. dag_id=ModelDevelop, task_id=get_data, execution_date=20260104T140000, start_date=20260116T075424, end_date=20260116T075424
[2026-01-16T07:54:24.806+0000] {local_task_job_runner.py:234} INFO - Task exited with return code 0
[2026-01-16T07:54:24.832+0000] {taskinstance.py:3312} INFO - 1 downstream tasks scheduled from follow-on schedule check
[2026-01-17T13:18:01.487+0000] {taskinstance.py:1979} INFO - Dependencies all met for dep_context=non-requeueable deps ti=<TaskInstance: ModelDevelop.get_data scheduled__2026-01-04T14:00:00+00:00 [queued]>
[2026-01-17T13:18:01.493+0000] {taskinstance.py:1979} INFO - Dependencies all met for dep_context=requeueable deps ti=<TaskInstance: ModelDevelop.get_data scheduled__2026-01-04T14:00:00+00:00 [queued]>
[2026-01-17T13:18:01.493+0000] {taskinstance.py:2193} INFO - Starting attempt 1 of 2
[2026-01-17T13:18:01.524+0000] {taskinstance.py:2217} INFO - Executing <Task(PythonOperator): get_data> on 2026-01-04 14:00:00+00:00
[2026-01-17T13:18:01.533+0000] {standard_task_runner.py:60} INFO - Started process 7282 to run task
[2026-01-17T13:18:01.539+0000] {standard_task_runner.py:87} INFO - Running: ['***', 'tasks', 'run', 'ModelDevelop', 'get_data', 'scheduled__2026-01-04T14:00:00+00:00', '--job-id', '112', '--raw', '--subdir', 'DAGS_FOLDER/example.py', '--cfg-path', '/tmp/tmp1bi9fjsx']
[2026-01-17T13:18:01.540+0000] {standard_task_runner.py:88} INFO - Job 112: Subtask get_data
[2026-01-17T13:18:01.558+0000] {warnings.py:109} WARNING - /home/***/.local/lib/python3.9/site-packages/***/settings.py:194: DeprecationWarning: The sql_alchemy_conn option in [core] has been moved to the sql_alchemy_conn option in [database] - the old setting has been used, but please update your config.
  SQL_ALCHEMY_CONN = conf.get("database", "SQL_ALCHEMY_CONN")

[2026-01-17T13:18:01.592+0000] {task_command.py:423} INFO - Running <TaskInstance: ModelDevelop.get_data scheduled__2026-01-04T14:00:00+00:00 [running]> on host ed3184b6b543
[2026-01-17T13:18:01.652+0000] {taskinstance.py:2513} INFO - Exporting env vars: AIRFLOW_CTX_DAG_OWNER='***' AIRFLOW_CTX_DAG_ID='ModelDevelop' AIRFLOW_CTX_TASK_ID='get_data' AIRFLOW_CTX_EXECUTION_DATE='2026-01-04T14:00:00+00:00' AIRFLOW_CTX_TRY_NUMBER='1' AIRFLOW_CTX_DAG_RUN_ID='scheduled__2026-01-04T14:00:00+00:00'
[2026-01-17T13:18:01.663+0000] {python.py:202} INFO - Done. Returned value was: ./iris.csv
[2026-01-17T13:18:01.716+0000] {taskinstance.py:1149} INFO - Marking task as SUCCESS. dag_id=ModelDevelop, task_id=get_data, execution_date=20260104T140000, start_date=20260117T131801, end_date=20260117T131801
[2026-01-17T13:18:01.763+0000] {local_task_job_runner.py:234} INFO - Task exited with return code 0
[2026-01-17T13:18:01.786+0000] {taskinstance.py:3312} INFO - 1 downstream tasks scheduled from follow-on schedule check
[2026-01-17T13:39:23.205+0000] {taskinstance.py:1979} INFO - Dependencies all met for dep_context=non-requeueable deps ti=<TaskInstance: ModelDevelop.get_data scheduled__2026-01-04T14:00:00+00:00 [queued]>
[2026-01-17T13:39:23.217+0000] {taskinstance.py:1979} INFO - Dependencies all met for dep_context=requeueable deps ti=<TaskInstance: ModelDevelop.get_data scheduled__2026-01-04T14:00:00+00:00 [queued]>
[2026-01-17T13:39:23.217+0000] {taskinstance.py:2193} INFO - Starting attempt 1 of 2
[2026-01-17T13:39:23.263+0000] {taskinstance.py:2217} INFO - Executing <Task(PythonOperator): get_data> on 2026-01-04 14:00:00+00:00
[2026-01-17T13:39:23.271+0000] {standard_task_runner.py:60} INFO - Started process 7285 to run task
[2026-01-17T13:39:23.273+0000] {standard_task_runner.py:87} INFO - Running: ['***', 'tasks', 'run', 'ModelDevelop', 'get_data', 'scheduled__2026-01-04T14:00:00+00:00', '--job-id', '112', '--raw', '--subdir', 'DAGS_FOLDER/example.py', '--cfg-path', '/tmp/tmp4qsx1jqy']
[2026-01-17T13:39:23.274+0000] {standard_task_runner.py:88} INFO - Job 112: Subtask get_data
[2026-01-17T13:39:23.284+0000] {warnings.py:109} WARNING - /home/***/.local/lib/python3.9/site-packages/***/settings.py:194: DeprecationWarning: The sql_alchemy_conn option in [core] has been moved to the sql_alchemy_conn option in [database] - the old setting has been used, but please update your config.
  SQL_ALCHEMY_CONN = conf.get("database", "SQL_ALCHEMY_CONN")

[2026-01-17T13:39:23.316+0000] {task_command.py:423} INFO - Running <TaskInstance: ModelDevelop.get_data scheduled__2026-01-04T14:00:00+00:00 [running]> on host 5330652dc216
[2026-01-17T13:39:23.415+0000] {taskinstance.py:2513} INFO - Exporting env vars: AIRFLOW_CTX_DAG_OWNER='***' AIRFLOW_CTX_DAG_ID='ModelDevelop' AIRFLOW_CTX_TASK_ID='get_data' AIRFLOW_CTX_EXECUTION_DATE='2026-01-04T14:00:00+00:00' AIRFLOW_CTX_TRY_NUMBER='1' AIRFLOW_CTX_DAG_RUN_ID='scheduled__2026-01-04T14:00:00+00:00'
[2026-01-17T13:39:23.426+0000] {python.py:202} INFO - Done. Returned value was: ./iris.csv
[2026-01-17T13:39:23.451+0000] {taskinstance.py:1149} INFO - Marking task as SUCCESS. dag_id=ModelDevelop, task_id=get_data, execution_date=20260104T140000, start_date=20260117T133923, end_date=20260117T133923
[2026-01-17T13:39:23.485+0000] {local_task_job_runner.py:234} INFO - Task exited with return code 0
[2026-01-17T13:39:23.516+0000] {taskinstance.py:3312} INFO - 1 downstream tasks scheduled from follow-on schedule check
