[2026-01-16T07:56:48.813+0000] {taskinstance.py:1979} INFO - Dependencies all met for dep_context=non-requeueable deps ti=<TaskInstance: ModelDevelop.get_data scheduled__2026-01-13T21:00:00+00:00 [queued]>
[2026-01-16T07:56:48.819+0000] {taskinstance.py:1979} INFO - Dependencies all met for dep_context=requeueable deps ti=<TaskInstance: ModelDevelop.get_data scheduled__2026-01-13T21:00:00+00:00 [queued]>
[2026-01-16T07:56:48.819+0000] {taskinstance.py:2193} INFO - Starting attempt 1 of 2
[2026-01-16T07:56:48.827+0000] {taskinstance.py:2217} INFO - Executing <Task(PythonOperator): get_data> on 2026-01-13 21:00:00+00:00
[2026-01-16T07:56:48.835+0000] {standard_task_runner.py:60} INFO - Started process 37303 to run task
[2026-01-16T07:56:48.837+0000] {standard_task_runner.py:87} INFO - Running: ['***', 'tasks', 'run', 'ModelDevelop', 'get_data', 'scheduled__2026-01-13T21:00:00+00:00', '--job-id', '559', '--raw', '--subdir', 'DAGS_FOLDER/example.py', '--cfg-path', '/tmp/tmput7__7i7']
[2026-01-16T07:56:48.838+0000] {standard_task_runner.py:88} INFO - Job 559: Subtask get_data
[2026-01-16T07:56:48.851+0000] {warnings.py:109} WARNING - /home/***/.local/lib/python3.9/site-packages/***/settings.py:194: DeprecationWarning: The sql_alchemy_conn option in [core] has been moved to the sql_alchemy_conn option in [database] - the old setting has been used, but please update your config.
  SQL_ALCHEMY_CONN = conf.get("database", "SQL_ALCHEMY_CONN")

[2026-01-16T07:56:48.915+0000] {task_command.py:423} INFO - Running <TaskInstance: ModelDevelop.get_data scheduled__2026-01-13T21:00:00+00:00 [running]> on host 8a4f043652f0
[2026-01-16T07:56:49.015+0000] {taskinstance.py:2513} INFO - Exporting env vars: AIRFLOW_CTX_DAG_OWNER='***' AIRFLOW_CTX_DAG_ID='ModelDevelop' AIRFLOW_CTX_TASK_ID='get_data' AIRFLOW_CTX_EXECUTION_DATE='2026-01-13T21:00:00+00:00' AIRFLOW_CTX_TRY_NUMBER='1' AIRFLOW_CTX_DAG_RUN_ID='scheduled__2026-01-13T21:00:00+00:00'
[2026-01-16T07:56:49.027+0000] {python.py:202} INFO - Done. Returned value was: ./iris.csv
[2026-01-16T07:56:49.043+0000] {taskinstance.py:1149} INFO - Marking task as SUCCESS. dag_id=ModelDevelop, task_id=get_data, execution_date=20260113T210000, start_date=20260116T075648, end_date=20260116T075649
[2026-01-16T07:56:49.089+0000] {local_task_job_runner.py:234} INFO - Task exited with return code 0
[2026-01-16T07:56:49.125+0000] {taskinstance.py:3312} INFO - 1 downstream tasks scheduled from follow-on schedule check
[2026-01-17T13:20:32.201+0000] {taskinstance.py:1979} INFO - Dependencies all met for dep_context=non-requeueable deps ti=<TaskInstance: ModelDevelop.get_data scheduled__2026-01-13T21:00:00+00:00 [queued]>
[2026-01-17T13:20:32.206+0000] {taskinstance.py:1979} INFO - Dependencies all met for dep_context=requeueable deps ti=<TaskInstance: ModelDevelop.get_data scheduled__2026-01-13T21:00:00+00:00 [queued]>
[2026-01-17T13:20:32.206+0000] {taskinstance.py:2193} INFO - Starting attempt 1 of 2
[2026-01-17T13:20:32.214+0000] {taskinstance.py:2217} INFO - Executing <Task(PythonOperator): get_data> on 2026-01-13 21:00:00+00:00
[2026-01-17T13:20:32.221+0000] {standard_task_runner.py:60} INFO - Started process 37304 to run task
[2026-01-17T13:20:32.223+0000] {standard_task_runner.py:87} INFO - Running: ['***', 'tasks', 'run', 'ModelDevelop', 'get_data', 'scheduled__2026-01-13T21:00:00+00:00', '--job-id', '560', '--raw', '--subdir', 'DAGS_FOLDER/example.py', '--cfg-path', '/tmp/tmpxh3v031w']
[2026-01-17T13:20:32.224+0000] {standard_task_runner.py:88} INFO - Job 560: Subtask get_data
[2026-01-17T13:20:32.233+0000] {warnings.py:109} WARNING - /home/***/.local/lib/python3.9/site-packages/***/settings.py:194: DeprecationWarning: The sql_alchemy_conn option in [core] has been moved to the sql_alchemy_conn option in [database] - the old setting has been used, but please update your config.
  SQL_ALCHEMY_CONN = conf.get("database", "SQL_ALCHEMY_CONN")

[2026-01-17T13:20:32.313+0000] {task_command.py:423} INFO - Running <TaskInstance: ModelDevelop.get_data scheduled__2026-01-13T21:00:00+00:00 [running]> on host ed3184b6b543
[2026-01-17T13:20:32.457+0000] {taskinstance.py:2513} INFO - Exporting env vars: AIRFLOW_CTX_DAG_OWNER='***' AIRFLOW_CTX_DAG_ID='ModelDevelop' AIRFLOW_CTX_TASK_ID='get_data' AIRFLOW_CTX_EXECUTION_DATE='2026-01-13T21:00:00+00:00' AIRFLOW_CTX_TRY_NUMBER='1' AIRFLOW_CTX_DAG_RUN_ID='scheduled__2026-01-13T21:00:00+00:00'
[2026-01-17T13:20:32.469+0000] {python.py:202} INFO - Done. Returned value was: ./iris.csv
[2026-01-17T13:20:32.487+0000] {taskinstance.py:1149} INFO - Marking task as SUCCESS. dag_id=ModelDevelop, task_id=get_data, execution_date=20260113T210000, start_date=20260117T132032, end_date=20260117T132032
[2026-01-17T13:20:32.515+0000] {local_task_job_runner.py:234} INFO - Task exited with return code 0
[2026-01-17T13:20:32.543+0000] {taskinstance.py:3312} INFO - 1 downstream tasks scheduled from follow-on schedule check
[2026-01-17T13:42:07.117+0000] {taskinstance.py:1979} INFO - Dependencies all met for dep_context=non-requeueable deps ti=<TaskInstance: ModelDevelop.get_data scheduled__2026-01-13T21:00:00+00:00 [queued]>
[2026-01-17T13:42:07.123+0000] {taskinstance.py:1979} INFO - Dependencies all met for dep_context=requeueable deps ti=<TaskInstance: ModelDevelop.get_data scheduled__2026-01-13T21:00:00+00:00 [queued]>
[2026-01-17T13:42:07.123+0000] {taskinstance.py:2193} INFO - Starting attempt 1 of 2
[2026-01-17T13:42:07.132+0000] {taskinstance.py:2217} INFO - Executing <Task(PythonOperator): get_data> on 2026-01-13 21:00:00+00:00
[2026-01-17T13:42:07.139+0000] {standard_task_runner.py:60} INFO - Started process 37866 to run task
[2026-01-17T13:42:07.142+0000] {standard_task_runner.py:87} INFO - Running: ['***', 'tasks', 'run', 'ModelDevelop', 'get_data', 'scheduled__2026-01-13T21:00:00+00:00', '--job-id', '566', '--raw', '--subdir', 'DAGS_FOLDER/example.py', '--cfg-path', '/tmp/tmp7zh5jfqw']
[2026-01-17T13:42:07.143+0000] {standard_task_runner.py:88} INFO - Job 566: Subtask get_data
[2026-01-17T13:42:07.154+0000] {warnings.py:109} WARNING - /home/***/.local/lib/python3.9/site-packages/***/settings.py:194: DeprecationWarning: The sql_alchemy_conn option in [core] has been moved to the sql_alchemy_conn option in [database] - the old setting has been used, but please update your config.
  SQL_ALCHEMY_CONN = conf.get("database", "SQL_ALCHEMY_CONN")

[2026-01-17T13:42:07.188+0000] {task_command.py:423} INFO - Running <TaskInstance: ModelDevelop.get_data scheduled__2026-01-13T21:00:00+00:00 [running]> on host 5330652dc216
[2026-01-17T13:42:07.278+0000] {taskinstance.py:2513} INFO - Exporting env vars: AIRFLOW_CTX_DAG_OWNER='***' AIRFLOW_CTX_DAG_ID='ModelDevelop' AIRFLOW_CTX_TASK_ID='get_data' AIRFLOW_CTX_EXECUTION_DATE='2026-01-13T21:00:00+00:00' AIRFLOW_CTX_TRY_NUMBER='1' AIRFLOW_CTX_DAG_RUN_ID='scheduled__2026-01-13T21:00:00+00:00'
[2026-01-17T13:42:07.287+0000] {python.py:202} INFO - Done. Returned value was: ./iris.csv
[2026-01-17T13:42:07.300+0000] {taskinstance.py:1149} INFO - Marking task as SUCCESS. dag_id=ModelDevelop, task_id=get_data, execution_date=20260113T210000, start_date=20260117T134207, end_date=20260117T134207
[2026-01-17T13:42:07.354+0000] {local_task_job_runner.py:234} INFO - Task exited with return code 0
[2026-01-17T13:42:07.379+0000] {taskinstance.py:3312} INFO - 0 downstream tasks scheduled from follow-on schedule check
