[2026-01-16T11:00:01.248+0000] {taskinstance.py:1979} INFO - Dependencies all met for dep_context=non-requeueable deps ti=<TaskInstance: ModelDevelop.get_data scheduled__2026-01-16T10:00:00+00:00 [queued]>
[2026-01-16T11:00:01.252+0000] {taskinstance.py:1979} INFO - Dependencies all met for dep_context=requeueable deps ti=<TaskInstance: ModelDevelop.get_data scheduled__2026-01-16T10:00:00+00:00 [queued]>
[2026-01-16T11:00:01.252+0000] {taskinstance.py:2193} INFO - Starting attempt 1 of 2
[2026-01-16T11:00:01.258+0000] {taskinstance.py:2217} INFO - Executing <Task(PythonOperator): get_data> on 2026-01-16 10:00:00+00:00
[2026-01-16T11:00:01.264+0000] {standard_task_runner.py:60} INFO - Started process 46470 to run task
[2026-01-16T11:00:01.266+0000] {standard_task_runner.py:87} INFO - Running: ['***', 'tasks', 'run', 'ModelDevelop', 'get_data', 'scheduled__2026-01-16T10:00:00+00:00', '--job-id', '694', '--raw', '--subdir', 'DAGS_FOLDER/example.py', '--cfg-path', '/tmp/tmpez8q7qx4']
[2026-01-16T11:00:01.267+0000] {standard_task_runner.py:88} INFO - Job 694: Subtask get_data
[2026-01-16T11:00:01.276+0000] {warnings.py:109} WARNING - /home/***/.local/lib/python3.9/site-packages/***/settings.py:194: DeprecationWarning: The sql_alchemy_conn option in [core] has been moved to the sql_alchemy_conn option in [database] - the old setting has been used, but please update your config.
  SQL_ALCHEMY_CONN = conf.get("database", "SQL_ALCHEMY_CONN")

[2026-01-16T11:00:01.297+0000] {task_command.py:423} INFO - Running <TaskInstance: ModelDevelop.get_data scheduled__2026-01-16T10:00:00+00:00 [running]> on host 8a4f043652f0
[2026-01-16T11:00:01.342+0000] {taskinstance.py:2513} INFO - Exporting env vars: AIRFLOW_CTX_DAG_OWNER='***' AIRFLOW_CTX_DAG_ID='ModelDevelop' AIRFLOW_CTX_TASK_ID='get_data' AIRFLOW_CTX_EXECUTION_DATE='2026-01-16T10:00:00+00:00' AIRFLOW_CTX_TRY_NUMBER='1' AIRFLOW_CTX_DAG_RUN_ID='scheduled__2026-01-16T10:00:00+00:00'
[2026-01-16T11:00:01.349+0000] {python.py:202} INFO - Done. Returned value was: ./iris.csv
[2026-01-16T11:00:01.361+0000] {taskinstance.py:1149} INFO - Marking task as SUCCESS. dag_id=ModelDevelop, task_id=get_data, execution_date=20260116T100000, start_date=20260116T110001, end_date=20260116T110001
[2026-01-16T11:00:01.397+0000] {local_task_job_runner.py:234} INFO - Task exited with return code 0
[2026-01-16T11:00:01.412+0000] {taskinstance.py:3312} INFO - 1 downstream tasks scheduled from follow-on schedule check
[2026-01-17T13:21:11.433+0000] {taskinstance.py:1979} INFO - Dependencies all met for dep_context=non-requeueable deps ti=<TaskInstance: ModelDevelop.get_data scheduled__2026-01-16T10:00:00+00:00 [queued]>
[2026-01-17T13:21:11.438+0000] {taskinstance.py:1979} INFO - Dependencies all met for dep_context=requeueable deps ti=<TaskInstance: ModelDevelop.get_data scheduled__2026-01-16T10:00:00+00:00 [queued]>
[2026-01-17T13:21:11.439+0000] {taskinstance.py:2193} INFO - Starting attempt 1 of 2
[2026-01-17T13:21:11.447+0000] {taskinstance.py:2217} INFO - Executing <Task(PythonOperator): get_data> on 2026-01-16 10:00:00+00:00
[2026-01-17T13:21:11.453+0000] {standard_task_runner.py:60} INFO - Started process 45745 to run task
[2026-01-17T13:21:11.456+0000] {standard_task_runner.py:87} INFO - Running: ['***', 'tasks', 'run', 'ModelDevelop', 'get_data', 'scheduled__2026-01-16T10:00:00+00:00', '--job-id', '685', '--raw', '--subdir', 'DAGS_FOLDER/example.py', '--cfg-path', '/tmp/tmpcy1k2yj4']
[2026-01-17T13:21:11.457+0000] {standard_task_runner.py:88} INFO - Job 685: Subtask get_data
[2026-01-17T13:21:11.466+0000] {warnings.py:109} WARNING - /home/***/.local/lib/python3.9/site-packages/***/settings.py:194: DeprecationWarning: The sql_alchemy_conn option in [core] has been moved to the sql_alchemy_conn option in [database] - the old setting has been used, but please update your config.
  SQL_ALCHEMY_CONN = conf.get("database", "SQL_ALCHEMY_CONN")

[2026-01-17T13:21:11.492+0000] {task_command.py:423} INFO - Running <TaskInstance: ModelDevelop.get_data scheduled__2026-01-16T10:00:00+00:00 [running]> on host ed3184b6b543
[2026-01-17T13:21:11.558+0000] {taskinstance.py:2513} INFO - Exporting env vars: AIRFLOW_CTX_DAG_OWNER='***' AIRFLOW_CTX_DAG_ID='ModelDevelop' AIRFLOW_CTX_TASK_ID='get_data' AIRFLOW_CTX_EXECUTION_DATE='2026-01-16T10:00:00+00:00' AIRFLOW_CTX_TRY_NUMBER='1' AIRFLOW_CTX_DAG_RUN_ID='scheduled__2026-01-16T10:00:00+00:00'
[2026-01-17T13:21:11.568+0000] {python.py:202} INFO - Done. Returned value was: ./iris.csv
[2026-01-17T13:21:11.596+0000] {taskinstance.py:1149} INFO - Marking task as SUCCESS. dag_id=ModelDevelop, task_id=get_data, execution_date=20260116T100000, start_date=20260117T132111, end_date=20260117T132111
[2026-01-17T13:21:11.628+0000] {local_task_job_runner.py:234} INFO - Task exited with return code 0
[2026-01-17T13:21:11.644+0000] {taskinstance.py:3312} INFO - 1 downstream tasks scheduled from follow-on schedule check
[2026-01-17T13:42:46.005+0000] {taskinstance.py:1979} INFO - Dependencies all met for dep_context=non-requeueable deps ti=<TaskInstance: ModelDevelop.get_data scheduled__2026-01-16T10:00:00+00:00 [queued]>
[2026-01-17T13:42:46.024+0000] {taskinstance.py:1979} INFO - Dependencies all met for dep_context=requeueable deps ti=<TaskInstance: ModelDevelop.get_data scheduled__2026-01-16T10:00:00+00:00 [queued]>
[2026-01-17T13:42:46.024+0000] {taskinstance.py:2193} INFO - Starting attempt 1 of 2
[2026-01-17T13:42:46.049+0000] {taskinstance.py:2217} INFO - Executing <Task(PythonOperator): get_data> on 2026-01-16 10:00:00+00:00
[2026-01-17T13:42:46.057+0000] {standard_task_runner.py:60} INFO - Started process 46305 to run task
[2026-01-17T13:42:46.059+0000] {standard_task_runner.py:87} INFO - Running: ['***', 'tasks', 'run', 'ModelDevelop', 'get_data', 'scheduled__2026-01-16T10:00:00+00:00', '--job-id', '689', '--raw', '--subdir', 'DAGS_FOLDER/example.py', '--cfg-path', '/tmp/tmpl2c4bt_z']
[2026-01-17T13:42:46.060+0000] {standard_task_runner.py:88} INFO - Job 689: Subtask get_data
[2026-01-17T13:42:46.073+0000] {warnings.py:109} WARNING - /home/***/.local/lib/python3.9/site-packages/***/settings.py:194: DeprecationWarning: The sql_alchemy_conn option in [core] has been moved to the sql_alchemy_conn option in [database] - the old setting has been used, but please update your config.
  SQL_ALCHEMY_CONN = conf.get("database", "SQL_ALCHEMY_CONN")

[2026-01-17T13:42:46.103+0000] {task_command.py:423} INFO - Running <TaskInstance: ModelDevelop.get_data scheduled__2026-01-16T10:00:00+00:00 [running]> on host 5330652dc216
[2026-01-17T13:42:46.200+0000] {taskinstance.py:2513} INFO - Exporting env vars: AIRFLOW_CTX_DAG_OWNER='***' AIRFLOW_CTX_DAG_ID='ModelDevelop' AIRFLOW_CTX_TASK_ID='get_data' AIRFLOW_CTX_EXECUTION_DATE='2026-01-16T10:00:00+00:00' AIRFLOW_CTX_TRY_NUMBER='1' AIRFLOW_CTX_DAG_RUN_ID='scheduled__2026-01-16T10:00:00+00:00'
[2026-01-17T13:42:46.212+0000] {python.py:202} INFO - Done. Returned value was: ./iris.csv
[2026-01-17T13:42:46.227+0000] {taskinstance.py:1149} INFO - Marking task as SUCCESS. dag_id=ModelDevelop, task_id=get_data, execution_date=20260116T100000, start_date=20260117T134246, end_date=20260117T134246
[2026-01-17T13:42:46.272+0000] {local_task_job_runner.py:234} INFO - Task exited with return code 0
[2026-01-17T13:42:46.290+0000] {taskinstance.py:3312} INFO - 1 downstream tasks scheduled from follow-on schedule check
