[2026-01-16T07:55:27.752+0000] {taskinstance.py:1979} INFO - Dependencies all met for dep_context=non-requeueable deps ti=<TaskInstance: ModelDevelop.get_data scheduled__2026-01-08T11:00:00+00:00 [queued]>
[2026-01-16T07:55:27.758+0000] {taskinstance.py:1979} INFO - Dependencies all met for dep_context=requeueable deps ti=<TaskInstance: ModelDevelop.get_data scheduled__2026-01-08T11:00:00+00:00 [queued]>
[2026-01-16T07:55:27.758+0000] {taskinstance.py:2193} INFO - Starting attempt 1 of 2
[2026-01-16T07:55:27.810+0000] {taskinstance.py:2217} INFO - Executing <Task(PythonOperator): get_data> on 2026-01-08 11:00:00+00:00
[2026-01-16T07:55:27.834+0000] {standard_task_runner.py:87} INFO - Running: ['***', 'tasks', 'run', 'ModelDevelop', 'get_data', 'scheduled__2026-01-08T11:00:00+00:00', '--job-id', '301', '--raw', '--subdir', 'DAGS_FOLDER/example.py', '--cfg-path', '/tmp/tmpxulvqu7h']
[2026-01-16T07:55:27.835+0000] {standard_task_runner.py:88} INFO - Job 301: Subtask get_data
[2026-01-16T07:55:27.823+0000] {standard_task_runner.py:60} INFO - Started process 20016 to run task
[2026-01-16T07:55:27.870+0000] {warnings.py:109} WARNING - /home/***/.local/lib/python3.9/site-packages/***/settings.py:194: DeprecationWarning: The sql_alchemy_conn option in [core] has been moved to the sql_alchemy_conn option in [database] - the old setting has been used, but please update your config.
  SQL_ALCHEMY_CONN = conf.get("database", "SQL_ALCHEMY_CONN")

[2026-01-16T07:55:27.921+0000] {task_command.py:423} INFO - Running <TaskInstance: ModelDevelop.get_data scheduled__2026-01-08T11:00:00+00:00 [running]> on host 8a4f043652f0
[2026-01-16T07:55:28.051+0000] {taskinstance.py:2513} INFO - Exporting env vars: AIRFLOW_CTX_DAG_OWNER='***' AIRFLOW_CTX_DAG_ID='ModelDevelop' AIRFLOW_CTX_TASK_ID='get_data' AIRFLOW_CTX_EXECUTION_DATE='2026-01-08T11:00:00+00:00' AIRFLOW_CTX_TRY_NUMBER='1' AIRFLOW_CTX_DAG_RUN_ID='scheduled__2026-01-08T11:00:00+00:00'
[2026-01-16T07:55:28.062+0000] {python.py:202} INFO - Done. Returned value was: ./iris.csv
[2026-01-16T07:55:28.126+0000] {taskinstance.py:1149} INFO - Marking task as SUCCESS. dag_id=ModelDevelop, task_id=get_data, execution_date=20260108T110000, start_date=20260116T075527, end_date=20260116T075528
[2026-01-16T07:55:28.187+0000] {local_task_job_runner.py:234} INFO - Task exited with return code 0
[2026-01-16T07:55:28.264+0000] {taskinstance.py:3312} INFO - 0 downstream tasks scheduled from follow-on schedule check
[2026-01-17T13:19:06.156+0000] {taskinstance.py:1979} INFO - Dependencies all met for dep_context=non-requeueable deps ti=<TaskInstance: ModelDevelop.get_data scheduled__2026-01-08T11:00:00+00:00 [queued]>
[2026-01-17T13:19:06.166+0000] {taskinstance.py:1979} INFO - Dependencies all met for dep_context=requeueable deps ti=<TaskInstance: ModelDevelop.get_data scheduled__2026-01-08T11:00:00+00:00 [queued]>
[2026-01-17T13:19:06.166+0000] {taskinstance.py:2193} INFO - Starting attempt 1 of 2
[2026-01-17T13:19:06.228+0000] {taskinstance.py:2217} INFO - Executing <Task(PythonOperator): get_data> on 2026-01-08 11:00:00+00:00
[2026-01-17T13:19:06.239+0000] {standard_task_runner.py:60} INFO - Started process 20046 to run task
[2026-01-17T13:19:06.250+0000] {standard_task_runner.py:87} INFO - Running: ['***', 'tasks', 'run', 'ModelDevelop', 'get_data', 'scheduled__2026-01-08T11:00:00+00:00', '--job-id', '301', '--raw', '--subdir', 'DAGS_FOLDER/example.py', '--cfg-path', '/tmp/tmpi7mautwi']
[2026-01-17T13:19:06.251+0000] {standard_task_runner.py:88} INFO - Job 301: Subtask get_data
[2026-01-17T13:19:06.278+0000] {warnings.py:109} WARNING - /home/***/.local/lib/python3.9/site-packages/***/settings.py:194: DeprecationWarning: The sql_alchemy_conn option in [core] has been moved to the sql_alchemy_conn option in [database] - the old setting has been used, but please update your config.
  SQL_ALCHEMY_CONN = conf.get("database", "SQL_ALCHEMY_CONN")

[2026-01-17T13:19:06.330+0000] {task_command.py:423} INFO - Running <TaskInstance: ModelDevelop.get_data scheduled__2026-01-08T11:00:00+00:00 [running]> on host ed3184b6b543
[2026-01-17T13:19:06.443+0000] {taskinstance.py:2513} INFO - Exporting env vars: AIRFLOW_CTX_DAG_OWNER='***' AIRFLOW_CTX_DAG_ID='ModelDevelop' AIRFLOW_CTX_TASK_ID='get_data' AIRFLOW_CTX_EXECUTION_DATE='2026-01-08T11:00:00+00:00' AIRFLOW_CTX_TRY_NUMBER='1' AIRFLOW_CTX_DAG_RUN_ID='scheduled__2026-01-08T11:00:00+00:00'
[2026-01-17T13:19:06.453+0000] {python.py:202} INFO - Done. Returned value was: ./iris.csv
[2026-01-17T13:19:06.472+0000] {taskinstance.py:1149} INFO - Marking task as SUCCESS. dag_id=ModelDevelop, task_id=get_data, execution_date=20260108T110000, start_date=20260117T131906, end_date=20260117T131906
[2026-01-17T13:19:06.493+0000] {local_task_job_runner.py:234} INFO - Task exited with return code 0
[2026-01-17T13:19:06.540+0000] {taskinstance.py:3312} INFO - 1 downstream tasks scheduled from follow-on schedule check
[2026-01-17T13:40:35.197+0000] {taskinstance.py:1979} INFO - Dependencies all met for dep_context=non-requeueable deps ti=<TaskInstance: ModelDevelop.get_data scheduled__2026-01-08T11:00:00+00:00 [queued]>
[2026-01-17T13:40:35.202+0000] {taskinstance.py:1979} INFO - Dependencies all met for dep_context=requeueable deps ti=<TaskInstance: ModelDevelop.get_data scheduled__2026-01-08T11:00:00+00:00 [queued]>
[2026-01-17T13:40:35.202+0000] {taskinstance.py:2193} INFO - Starting attempt 1 of 2
[2026-01-17T13:40:35.292+0000] {taskinstance.py:2217} INFO - Executing <Task(PythonOperator): get_data> on 2026-01-08 11:00:00+00:00
[2026-01-17T13:40:35.300+0000] {standard_task_runner.py:60} INFO - Started process 20611 to run task
[2026-01-17T13:40:35.303+0000] {standard_task_runner.py:87} INFO - Running: ['***', 'tasks', 'run', 'ModelDevelop', 'get_data', 'scheduled__2026-01-08T11:00:00+00:00', '--job-id', '306', '--raw', '--subdir', 'DAGS_FOLDER/example.py', '--cfg-path', '/tmp/tmp1eqecg84']
[2026-01-17T13:40:35.304+0000] {standard_task_runner.py:88} INFO - Job 306: Subtask get_data
[2026-01-17T13:40:35.315+0000] {warnings.py:109} WARNING - /home/***/.local/lib/python3.9/site-packages/***/settings.py:194: DeprecationWarning: The sql_alchemy_conn option in [core] has been moved to the sql_alchemy_conn option in [database] - the old setting has been used, but please update your config.
  SQL_ALCHEMY_CONN = conf.get("database", "SQL_ALCHEMY_CONN")

[2026-01-17T13:40:35.345+0000] {task_command.py:423} INFO - Running <TaskInstance: ModelDevelop.get_data scheduled__2026-01-08T11:00:00+00:00 [running]> on host 5330652dc216
[2026-01-17T13:40:35.448+0000] {taskinstance.py:2513} INFO - Exporting env vars: AIRFLOW_CTX_DAG_OWNER='***' AIRFLOW_CTX_DAG_ID='ModelDevelop' AIRFLOW_CTX_TASK_ID='get_data' AIRFLOW_CTX_EXECUTION_DATE='2026-01-08T11:00:00+00:00' AIRFLOW_CTX_TRY_NUMBER='1' AIRFLOW_CTX_DAG_RUN_ID='scheduled__2026-01-08T11:00:00+00:00'
[2026-01-17T13:40:35.457+0000] {python.py:202} INFO - Done. Returned value was: ./iris.csv
[2026-01-17T13:40:35.472+0000] {taskinstance.py:1149} INFO - Marking task as SUCCESS. dag_id=ModelDevelop, task_id=get_data, execution_date=20260108T110000, start_date=20260117T134035, end_date=20260117T134035
[2026-01-17T13:40:35.515+0000] {local_task_job_runner.py:234} INFO - Task exited with return code 0
[2026-01-17T13:40:35.610+0000] {taskinstance.py:3312} INFO - 0 downstream tasks scheduled from follow-on schedule check
