[2026-03-06T07:28:06.219+0000] {taskinstance.py:1979} INFO - Dependencies all met for dep_context=non-requeueable deps ti=<TaskInstance: KangDataDriftRetrainDAG.train_fit scheduled__2026-03-06T07:26:00+00:00 [queued]>
[2026-03-06T07:28:06.224+0000] {taskinstance.py:1979} INFO - Dependencies all met for dep_context=requeueable deps ti=<TaskInstance: KangDataDriftRetrainDAG.train_fit scheduled__2026-03-06T07:26:00+00:00 [queued]>
[2026-03-06T07:28:06.225+0000] {taskinstance.py:2193} INFO - Starting attempt 1 of 2
[2026-03-06T07:28:06.232+0000] {taskinstance.py:2217} INFO - Executing <Task(PythonOperator): train_fit> on 2026-03-06 07:26:00+00:00
[2026-03-06T07:28:06.238+0000] {standard_task_runner.py:60} INFO - Started process 9923 to run task
[2026-03-06T07:28:06.240+0000] {standard_task_runner.py:87} INFO - Running: ['***', 'tasks', 'run', 'KangDataDriftRetrainDAG', 'train_fit', 'scheduled__2026-03-06T07:26:00+00:00', '--job-id', '183', '--raw', '--subdir', 'DAGS_FOLDER/kang_exercise_drift.py', '--cfg-path', '/tmp/tmpvllwlyf9']
[2026-03-06T07:28:06.241+0000] {standard_task_runner.py:88} INFO - Job 183: Subtask train_fit
[2026-03-06T07:28:06.248+0000] {warnings.py:109} WARNING - /home/***/.local/lib/python3.9/site-packages/***/settings.py:194: DeprecationWarning: The sql_alchemy_conn option in [core] has been moved to the sql_alchemy_conn option in [database] - the old setting has been used, but please update your config.
  SQL_ALCHEMY_CONN = conf.get("database", "SQL_ALCHEMY_CONN")

[2026-03-06T07:28:06.273+0000] {task_command.py:423} INFO - Running <TaskInstance: KangDataDriftRetrainDAG.train_fit scheduled__2026-03-06T07:26:00+00:00 [running]> on host 1d66f61ade93
[2026-03-06T07:28:06.324+0000] {taskinstance.py:2513} INFO - Exporting env vars: AIRFLOW_CTX_DAG_OWNER='***' AIRFLOW_CTX_DAG_ID='KangDataDriftRetrainDAG' AIRFLOW_CTX_TASK_ID='train_fit' AIRFLOW_CTX_EXECUTION_DATE='2026-03-06T07:26:00+00:00' AIRFLOW_CTX_TRY_NUMBER='1' AIRFLOW_CTX_DAG_RUN_ID='scheduled__2026-03-06T07:26:00+00:00'
[2026-03-06T07:28:06.438+0000] {logging_mixin.py:188} WARNING - 2026/03/06 07:28:06 WARNING mlflow.utils.git_utils: Failed to import Git (the Git executable is probably not on your PATH), so Git SHA is not available. Error: Failed to initialize: Bad git executable.
The git executable must be specified in one of the following ways:
    - be included in your $PATH
    - be set via $GIT_PYTHON_GIT_EXECUTABLE
    - explicitly set via git.refresh(<full-path-to-git-executable>)

All git commands will error until this is rectified.

This initial message can be silenced or aggravated in the future by setting the
$GIT_PYTHON_REFRESH environment variable. Use one of the following values:
    - quiet|q|silence|s|silent|none|n|0: for no message or exception
    - warn|w|warning|log|l|1: for a warning message (logging level CRITICAL, displayed by default)
    - error|e|exception|raise|r|2: for a raised exception

Example:
    export GIT_PYTHON_REFRESH=quiet
[2026-03-06T07:28:08.970+0000] {warnings.py:109} WARNING - /home/***/.local/lib/python3.9/site-packages/_distutils_hack/__init__.py:33: UserWarning: Setuptools is replacing distutils.
  warnings.warn("Setuptools is replacing distutils.")

[2026-03-06T07:28:09.012+0000] {logging_mixin.py:188} INFO - Retraining completed due to data drift
[2026-03-06T07:28:09.012+0000] {python.py:202} INFO - Done. Returned value was: None
[2026-03-06T07:28:09.020+0000] {taskinstance.py:1149} INFO - Marking task as SUCCESS. dag_id=KangDataDriftRetrainDAG, task_id=train_fit, execution_date=20260306T072600, start_date=20260306T072806, end_date=20260306T072809
[2026-03-06T07:28:09.054+0000] {local_task_job_runner.py:234} INFO - Task exited with return code 0
[2026-03-06T07:28:09.065+0000] {taskinstance.py:3312} INFO - 0 downstream tasks scheduled from follow-on schedule check
