[2026-01-16T07:56:37.162+0000] {taskinstance.py:1979} INFO - Dependencies all met for dep_context=non-requeueable deps ti=<TaskInstance: ModelDevelop.get_data scheduled__2026-01-12T19:00:00+00:00 [queued]>
[2026-01-16T07:56:37.169+0000] {taskinstance.py:1979} INFO - Dependencies all met for dep_context=requeueable deps ti=<TaskInstance: ModelDevelop.get_data scheduled__2026-01-12T19:00:00+00:00 [queued]>
[2026-01-16T07:56:37.170+0000] {taskinstance.py:2193} INFO - Starting attempt 1 of 2
[2026-01-16T07:56:37.181+0000] {taskinstance.py:2217} INFO - Executing <Task(PythonOperator): get_data> on 2026-01-12 19:00:00+00:00
[2026-01-16T07:56:37.188+0000] {standard_task_runner.py:60} INFO - Started process 34782 to run task
[2026-01-16T07:56:37.191+0000] {standard_task_runner.py:87} INFO - Running: ['***', 'tasks', 'run', 'ModelDevelop', 'get_data', 'scheduled__2026-01-12T19:00:00+00:00', '--job-id', '518', '--raw', '--subdir', 'DAGS_FOLDER/example.py', '--cfg-path', '/tmp/tmpixmpluqo']
[2026-01-16T07:56:37.192+0000] {standard_task_runner.py:88} INFO - Job 518: Subtask get_data
[2026-01-16T07:56:37.201+0000] {warnings.py:109} WARNING - /home/***/.local/lib/python3.9/site-packages/***/settings.py:194: DeprecationWarning: The sql_alchemy_conn option in [core] has been moved to the sql_alchemy_conn option in [database] - the old setting has been used, but please update your config.
  SQL_ALCHEMY_CONN = conf.get("database", "SQL_ALCHEMY_CONN")

[2026-01-16T07:56:37.227+0000] {task_command.py:423} INFO - Running <TaskInstance: ModelDevelop.get_data scheduled__2026-01-12T19:00:00+00:00 [running]> on host 8a4f043652f0
[2026-01-16T07:56:37.327+0000] {taskinstance.py:2513} INFO - Exporting env vars: AIRFLOW_CTX_DAG_OWNER='***' AIRFLOW_CTX_DAG_ID='ModelDevelop' AIRFLOW_CTX_TASK_ID='get_data' AIRFLOW_CTX_EXECUTION_DATE='2026-01-12T19:00:00+00:00' AIRFLOW_CTX_TRY_NUMBER='1' AIRFLOW_CTX_DAG_RUN_ID='scheduled__2026-01-12T19:00:00+00:00'
[2026-01-16T07:56:37.338+0000] {python.py:202} INFO - Done. Returned value was: ./iris.csv
[2026-01-16T07:56:37.354+0000] {taskinstance.py:1149} INFO - Marking task as SUCCESS. dag_id=ModelDevelop, task_id=get_data, execution_date=20260112T190000, start_date=20260116T075637, end_date=20260116T075637
[2026-01-16T07:56:37.403+0000] {local_task_job_runner.py:234} INFO - Task exited with return code 0
[2026-01-16T07:56:37.435+0000] {taskinstance.py:3312} INFO - 1 downstream tasks scheduled from follow-on schedule check
[2026-01-17T13:20:22.120+0000] {taskinstance.py:1979} INFO - Dependencies all met for dep_context=non-requeueable deps ti=<TaskInstance: ModelDevelop.get_data scheduled__2026-01-12T19:00:00+00:00 [queued]>
[2026-01-17T13:20:22.126+0000] {taskinstance.py:1979} INFO - Dependencies all met for dep_context=requeueable deps ti=<TaskInstance: ModelDevelop.get_data scheduled__2026-01-12T19:00:00+00:00 [queued]>
[2026-01-17T13:20:22.127+0000] {taskinstance.py:2193} INFO - Starting attempt 1 of 2
[2026-01-17T13:20:22.137+0000] {taskinstance.py:2217} INFO - Executing <Task(PythonOperator): get_data> on 2026-01-12 19:00:00+00:00
[2026-01-17T13:20:22.146+0000] {standard_task_runner.py:60} INFO - Started process 34882 to run task
[2026-01-17T13:20:22.148+0000] {standard_task_runner.py:87} INFO - Running: ['***', 'tasks', 'run', 'ModelDevelop', 'get_data', 'scheduled__2026-01-12T19:00:00+00:00', '--job-id', '517', '--raw', '--subdir', 'DAGS_FOLDER/example.py', '--cfg-path', '/tmp/tmpfq5x6ncl']
[2026-01-17T13:20:22.149+0000] {standard_task_runner.py:88} INFO - Job 517: Subtask get_data
[2026-01-17T13:20:22.161+0000] {warnings.py:109} WARNING - /home/***/.local/lib/python3.9/site-packages/***/settings.py:194: DeprecationWarning: The sql_alchemy_conn option in [core] has been moved to the sql_alchemy_conn option in [database] - the old setting has been used, but please update your config.
  SQL_ALCHEMY_CONN = conf.get("database", "SQL_ALCHEMY_CONN")

[2026-01-17T13:20:22.225+0000] {task_command.py:423} INFO - Running <TaskInstance: ModelDevelop.get_data scheduled__2026-01-12T19:00:00+00:00 [running]> on host ed3184b6b543
[2026-01-17T13:20:22.290+0000] {taskinstance.py:2513} INFO - Exporting env vars: AIRFLOW_CTX_DAG_OWNER='***' AIRFLOW_CTX_DAG_ID='ModelDevelop' AIRFLOW_CTX_TASK_ID='get_data' AIRFLOW_CTX_EXECUTION_DATE='2026-01-12T19:00:00+00:00' AIRFLOW_CTX_TRY_NUMBER='1' AIRFLOW_CTX_DAG_RUN_ID='scheduled__2026-01-12T19:00:00+00:00'
[2026-01-17T13:20:22.300+0000] {python.py:202} INFO - Done. Returned value was: ./iris.csv
[2026-01-17T13:20:22.314+0000] {taskinstance.py:1149} INFO - Marking task as SUCCESS. dag_id=ModelDevelop, task_id=get_data, execution_date=20260112T190000, start_date=20260117T132022, end_date=20260117T132022
[2026-01-17T13:20:22.362+0000] {local_task_job_runner.py:234} INFO - Task exited with return code 0
[2026-01-17T13:20:22.418+0000] {taskinstance.py:3312} INFO - 0 downstream tasks scheduled from follow-on schedule check
[2026-01-17T13:41:46.749+0000] {taskinstance.py:1979} INFO - Dependencies all met for dep_context=non-requeueable deps ti=<TaskInstance: ModelDevelop.get_data scheduled__2026-01-12T19:00:00+00:00 [queued]>
[2026-01-17T13:41:46.756+0000] {taskinstance.py:1979} INFO - Dependencies all met for dep_context=requeueable deps ti=<TaskInstance: ModelDevelop.get_data scheduled__2026-01-12T19:00:00+00:00 [queued]>
[2026-01-17T13:41:46.756+0000] {taskinstance.py:2193} INFO - Starting attempt 1 of 2
[2026-01-17T13:41:46.765+0000] {taskinstance.py:2217} INFO - Executing <Task(PythonOperator): get_data> on 2026-01-12 19:00:00+00:00
[2026-01-17T13:41:46.773+0000] {standard_task_runner.py:60} INFO - Started process 33782 to run task
[2026-01-17T13:41:46.775+0000] {standard_task_runner.py:87} INFO - Running: ['***', 'tasks', 'run', 'ModelDevelop', 'get_data', 'scheduled__2026-01-12T19:00:00+00:00', '--job-id', '506', '--raw', '--subdir', 'DAGS_FOLDER/example.py', '--cfg-path', '/tmp/tmpupd1uzun']
[2026-01-17T13:41:46.776+0000] {standard_task_runner.py:88} INFO - Job 506: Subtask get_data
[2026-01-17T13:41:46.784+0000] {warnings.py:109} WARNING - /home/***/.local/lib/python3.9/site-packages/***/settings.py:194: DeprecationWarning: The sql_alchemy_conn option in [core] has been moved to the sql_alchemy_conn option in [database] - the old setting has been used, but please update your config.
  SQL_ALCHEMY_CONN = conf.get("database", "SQL_ALCHEMY_CONN")

[2026-01-17T13:41:46.809+0000] {task_command.py:423} INFO - Running <TaskInstance: ModelDevelop.get_data scheduled__2026-01-12T19:00:00+00:00 [running]> on host 5330652dc216
[2026-01-17T13:41:46.924+0000] {taskinstance.py:2513} INFO - Exporting env vars: AIRFLOW_CTX_DAG_OWNER='***' AIRFLOW_CTX_DAG_ID='ModelDevelop' AIRFLOW_CTX_TASK_ID='get_data' AIRFLOW_CTX_EXECUTION_DATE='2026-01-12T19:00:00+00:00' AIRFLOW_CTX_TRY_NUMBER='1' AIRFLOW_CTX_DAG_RUN_ID='scheduled__2026-01-12T19:00:00+00:00'
[2026-01-17T13:41:46.933+0000] {python.py:202} INFO - Done. Returned value was: ./iris.csv
[2026-01-17T13:41:46.964+0000] {taskinstance.py:1149} INFO - Marking task as SUCCESS. dag_id=ModelDevelop, task_id=get_data, execution_date=20260112T190000, start_date=20260117T134146, end_date=20260117T134146
[2026-01-17T13:41:46.988+0000] {local_task_job_runner.py:234} INFO - Task exited with return code 0
[2026-01-17T13:41:47.003+0000] {taskinstance.py:3312} INFO - 1 downstream tasks scheduled from follow-on schedule check
