[2026-03-06T06:27:05.092+0000] {taskinstance.py:1979} INFO - Dependencies all met for dep_context=non-requeueable deps ti=<TaskInstance: DataDriftRetrainPsDAG.detect_drift scheduled__2026-03-06T06:22:00+00:00 [queued]>
[2026-03-06T06:27:05.096+0000] {taskinstance.py:1979} INFO - Dependencies all met for dep_context=requeueable deps ti=<TaskInstance: DataDriftRetrainPsDAG.detect_drift scheduled__2026-03-06T06:22:00+00:00 [queued]>
[2026-03-06T06:27:05.097+0000] {taskinstance.py:2193} INFO - Starting attempt 2 of 2
[2026-03-06T06:27:05.104+0000] {taskinstance.py:2217} INFO - Executing <Task(BranchPythonOperator): detect_drift> on 2026-03-06 06:22:00+00:00
[2026-03-06T06:27:05.109+0000] {standard_task_runner.py:60} INFO - Started process 1566 to run task
[2026-03-06T06:27:05.111+0000] {standard_task_runner.py:87} INFO - Running: ['***', 'tasks', 'run', 'DataDriftRetrainPsDAG', 'detect_drift', 'scheduled__2026-03-06T06:22:00+00:00', '--job-id', '43', '--raw', '--subdir', 'DAGS_FOLDER/exercise_drift_ps.py', '--cfg-path', '/tmp/tmp9f9kwuz0']
[2026-03-06T06:27:05.112+0000] {standard_task_runner.py:88} INFO - Job 43: Subtask detect_drift
[2026-03-06T06:27:05.119+0000] {warnings.py:109} WARNING - /home/***/.local/lib/python3.9/site-packages/***/settings.py:194: DeprecationWarning: The sql_alchemy_conn option in [core] has been moved to the sql_alchemy_conn option in [database] - the old setting has been used, but please update your config.
  SQL_ALCHEMY_CONN = conf.get("database", "SQL_ALCHEMY_CONN")

[2026-03-06T06:27:05.143+0000] {task_command.py:423} INFO - Running <TaskInstance: DataDriftRetrainPsDAG.detect_drift scheduled__2026-03-06T06:22:00+00:00 [running]> on host 0dd5ae49d4e0
[2026-03-06T06:27:05.185+0000] {taskinstance.py:2513} INFO - Exporting env vars: AIRFLOW_CTX_DAG_OWNER='***' AIRFLOW_CTX_DAG_ID='DataDriftRetrainPsDAG' AIRFLOW_CTX_TASK_ID='detect_drift' AIRFLOW_CTX_EXECUTION_DATE='2026-03-06T06:22:00+00:00' AIRFLOW_CTX_TRY_NUMBER='2' AIRFLOW_CTX_DAG_RUN_ID='scheduled__2026-03-06T06:22:00+00:00'
[2026-03-06T06:27:05.199+0000] {logging_mixin.py:188} INFO - PSI scores: {'sepal length (cm)': 11.729498379509511, 'sepal width (cm)': 10.084375387657389, 'petal length (cm)': 11.7115179469381, 'petal width (cm)': 0.21594441688851754}
[2026-03-06T06:27:05.199+0000] {logging_mixin.py:188} INFO - AVG PSI: 8.43533403274838
[2026-03-06T06:27:05.199+0000] {python.py:202} INFO - Done. Returned value was: train_fit
[2026-03-06T06:27:05.199+0000] {branch.py:35} INFO - Branch into train_fit
[2026-03-06T06:27:05.199+0000] {skipmixin.py:178} INFO - Following branch train_fit
[2026-03-06T06:27:05.210+0000] {skipmixin.py:244} INFO - Skipping tasks [('no_drift', -1)]
[2026-03-06T06:27:05.232+0000] {taskinstance.py:1149} INFO - Marking task as SUCCESS. dag_id=DataDriftRetrainPsDAG, task_id=detect_drift, execution_date=20260306T062200, start_date=20260306T062705, end_date=20260306T062705
[2026-03-06T06:27:05.283+0000] {local_task_job_runner.py:234} INFO - Task exited with return code 0
[2026-03-06T06:27:05.300+0000] {taskinstance.py:3312} INFO - 1 downstream tasks scheduled from follow-on schedule check
