[2026-03-06T06:55:06.377+0000] {taskinstance.py:1979} INFO - Dependencies all met for dep_context=non-requeueable deps ti=<TaskInstance: DataDriftRetrainDAG.detect_drift scheduled__2026-03-06T06:50:00+00:00 [queued]>
[2026-03-06T06:55:06.381+0000] {taskinstance.py:1979} INFO - Dependencies all met for dep_context=requeueable deps ti=<TaskInstance: DataDriftRetrainDAG.detect_drift scheduled__2026-03-06T06:50:00+00:00 [queued]>
[2026-03-06T06:55:06.381+0000] {taskinstance.py:2193} INFO - Starting attempt 2 of 2
[2026-03-06T06:55:06.388+0000] {taskinstance.py:2217} INFO - Executing <Task(BranchPythonOperator): detect_drift> on 2026-03-06 06:50:00+00:00
[2026-03-06T06:55:06.394+0000] {standard_task_runner.py:60} INFO - Started process 5446 to run task
[2026-03-06T06:55:06.396+0000] {standard_task_runner.py:87} INFO - Running: ['***', 'tasks', 'run', 'DataDriftRetrainDAG', 'detect_drift', 'scheduled__2026-03-06T06:50:00+00:00', '--job-id', '128', '--raw', '--subdir', 'DAGS_FOLDER/exercise_drift.py', '--cfg-path', '/tmp/tmpbz2h7cp5']
[2026-03-06T06:55:06.397+0000] {standard_task_runner.py:88} INFO - Job 128: Subtask detect_drift
[2026-03-06T06:55:06.405+0000] {warnings.py:109} WARNING - /home/***/.local/lib/python3.9/site-packages/***/settings.py:194: DeprecationWarning: The sql_alchemy_conn option in [core] has been moved to the sql_alchemy_conn option in [database] - the old setting has been used, but please update your config.
  SQL_ALCHEMY_CONN = conf.get("database", "SQL_ALCHEMY_CONN")

[2026-03-06T06:55:06.431+0000] {task_command.py:423} INFO - Running <TaskInstance: DataDriftRetrainDAG.detect_drift scheduled__2026-03-06T06:50:00+00:00 [running]> on host 0dd5ae49d4e0
[2026-03-06T06:55:06.477+0000] {taskinstance.py:2513} INFO - Exporting env vars: AIRFLOW_CTX_DAG_OWNER='***' AIRFLOW_CTX_DAG_ID='DataDriftRetrainDAG' AIRFLOW_CTX_TASK_ID='detect_drift' AIRFLOW_CTX_EXECUTION_DATE='2026-03-06T06:50:00+00:00' AIRFLOW_CTX_TRY_NUMBER='2' AIRFLOW_CTX_DAG_RUN_ID='scheduled__2026-03-06T06:50:00+00:00'
[2026-03-06T06:55:06.489+0000] {taskinstance.py:2731} ERROR - Task failed with exception
Traceback (most recent call last):
  File "/home/airflow/.local/lib/python3.9/site-packages/airflow/models/taskinstance.py", line 444, in _execute_task
    result = _execute_callable(context=context, **execute_callable_kwargs)
  File "/home/airflow/.local/lib/python3.9/site-packages/airflow/models/taskinstance.py", line 414, in _execute_callable
    return execute_callable(context=context, **execute_callable_kwargs)
  File "/home/airflow/.local/lib/python3.9/site-packages/airflow/operators/python.py", line 234, in execute
    return self.do_branch(context, super().execute(context))
  File "/home/airflow/.local/lib/python3.9/site-packages/airflow/operators/python.py", line 200, in execute
    return_value = self.execute_callable()
  File "/home/airflow/.local/lib/python3.9/site-packages/airflow/operators/python.py", line 217, in execute_callable
    return self.python_callable(*self.op_args, **self.op_kwargs)
  File "/opt/airflow/dags/exercise_drift.py", line 77, in detect_drift
    psi_scores[col] = calculate_psi(reference[col], X[col])
NameError: name 'calculate_psi' is not defined
[2026-03-06T06:55:06.494+0000] {taskinstance.py:1149} INFO - Marking task as FAILED. dag_id=DataDriftRetrainDAG, task_id=detect_drift, execution_date=20260306T065000, start_date=20260306T065506, end_date=20260306T065506
[2026-03-06T06:55:06.499+0000] {standard_task_runner.py:107} ERROR - Failed to execute job 128 for task detect_drift (name 'calculate_psi' is not defined; 5446)
[2026-03-06T06:55:06.528+0000] {local_task_job_runner.py:234} INFO - Task exited with return code 1
[2026-03-06T06:55:06.547+0000] {taskinstance.py:3312} INFO - 0 downstream tasks scheduled from follow-on schedule check
