[2026-03-06T06:33:04.528+0000] {taskinstance.py:1979} INFO - Dependencies all met for dep_context=non-requeueable deps ti=<TaskInstance: DataDriftRetrainDAG.detect_drift scheduled__2026-03-06T06:28:00+00:00 [queued]>
[2026-03-06T06:33:04.533+0000] {taskinstance.py:1979} INFO - Dependencies all met for dep_context=requeueable deps ti=<TaskInstance: DataDriftRetrainDAG.detect_drift scheduled__2026-03-06T06:28:00+00:00 [queued]>
[2026-03-06T06:33:04.533+0000] {taskinstance.py:2193} INFO - Starting attempt 2 of 2
[2026-03-06T06:33:04.540+0000] {taskinstance.py:2217} INFO - Executing <Task(BranchPythonOperator): detect_drift> on 2026-03-06 06:28:00+00:00
[2026-03-06T06:33:04.546+0000] {standard_task_runner.py:60} INFO - Started process 1594 to run task
[2026-03-06T06:33:04.548+0000] {standard_task_runner.py:87} INFO - Running: ['***', 'tasks', 'run', 'DataDriftRetrainDAG', 'detect_drift', 'scheduled__2026-03-06T06:28:00+00:00', '--job-id', '38', '--raw', '--subdir', 'DAGS_FOLDER/exercise_drift.py', '--cfg-path', '/tmp/tmpbtpbljix']
[2026-03-06T06:33:04.549+0000] {standard_task_runner.py:88} INFO - Job 38: Subtask detect_drift
[2026-03-06T06:33:04.556+0000] {warnings.py:109} WARNING - /home/***/.local/lib/python3.9/site-packages/***/settings.py:194: DeprecationWarning: The sql_alchemy_conn option in [core] has been moved to the sql_alchemy_conn option in [database] - the old setting has been used, but please update your config.
  SQL_ALCHEMY_CONN = conf.get("database", "SQL_ALCHEMY_CONN")

[2026-03-06T06:33:04.579+0000] {task_command.py:423} INFO - Running <TaskInstance: DataDriftRetrainDAG.detect_drift scheduled__2026-03-06T06:28:00+00:00 [running]> on host 397460420dc1
[2026-03-06T06:33:04.627+0000] {taskinstance.py:2513} INFO - Exporting env vars: AIRFLOW_CTX_DAG_OWNER='***' AIRFLOW_CTX_DAG_ID='DataDriftRetrainDAG' AIRFLOW_CTX_TASK_ID='detect_drift' AIRFLOW_CTX_EXECUTION_DATE='2026-03-06T06:28:00+00:00' AIRFLOW_CTX_TRY_NUMBER='2' AIRFLOW_CTX_DAG_RUN_ID='scheduled__2026-03-06T06:28:00+00:00'
[2026-03-06T06:33:04.642+0000] {logging_mixin.py:188} INFO - PSI scores: {'sepal length (cm)': 0.0, 'sepal width (cm)': 0.0, 'petal length (cm)': 0.0, 'petal width (cm)': 0.0}
[2026-03-06T06:33:04.642+0000] {logging_mixin.py:188} INFO - AVG PSI: 0.0
[2026-03-06T06:33:04.643+0000] {python.py:202} INFO - Done. Returned value was: no_drift
[2026-03-06T06:33:04.643+0000] {branch.py:35} INFO - Branch into no_drift
[2026-03-06T06:33:04.643+0000] {skipmixin.py:178} INFO - Following branch no_drift
[2026-03-06T06:33:04.656+0000] {skipmixin.py:244} INFO - Skipping tasks [('train_fit', -1)]
[2026-03-06T06:33:04.699+0000] {taskinstance.py:1149} INFO - Marking task as SUCCESS. dag_id=DataDriftRetrainDAG, task_id=detect_drift, execution_date=20260306T062800, start_date=20260306T063304, end_date=20260306T063304
[2026-03-06T06:33:04.720+0000] {local_task_job_runner.py:234} INFO - Task exited with return code 0
[2026-03-06T06:33:04.735+0000] {taskinstance.py:3312} INFO - 0 downstream tasks scheduled from follow-on schedule check
