[2026-01-16T07:53:47.223+0000] {taskinstance.py:1979} INFO - Dependencies all met for dep_context=non-requeueable deps ti=<TaskInstance: ModelDevelop.get_data scheduled__2026-01-02T01:00:00+00:00 [queued]>
[2026-01-16T07:53:47.229+0000] {taskinstance.py:1979} INFO - Dependencies all met for dep_context=requeueable deps ti=<TaskInstance: ModelDevelop.get_data scheduled__2026-01-02T01:00:00+00:00 [queued]>
[2026-01-16T07:53:47.229+0000] {taskinstance.py:2193} INFO - Starting attempt 1 of 2
[2026-01-16T07:53:47.237+0000] {taskinstance.py:2217} INFO - Executing <Task(PythonOperator): get_data> on 2026-01-02 01:00:00+00:00
[2026-01-16T07:53:47.244+0000] {standard_task_runner.py:60} INFO - Started process 607 to run task
[2026-01-16T07:53:47.247+0000] {standard_task_runner.py:87} INFO - Running: ['***', 'tasks', 'run', 'ModelDevelop', 'get_data', 'scheduled__2026-01-02T01:00:00+00:00', '--job-id', '8', '--raw', '--subdir', 'DAGS_FOLDER/example.py', '--cfg-path', '/tmp/tmpoji8s3hy']
[2026-01-16T07:53:47.248+0000] {standard_task_runner.py:88} INFO - Job 8: Subtask get_data
[2026-01-16T07:53:47.258+0000] {warnings.py:109} WARNING - /home/***/.local/lib/python3.9/site-packages/***/settings.py:194: DeprecationWarning: The sql_alchemy_conn option in [core] has been moved to the sql_alchemy_conn option in [database] - the old setting has been used, but please update your config.
  SQL_ALCHEMY_CONN = conf.get("database", "SQL_ALCHEMY_CONN")

[2026-01-16T07:53:47.284+0000] {task_command.py:423} INFO - Running <TaskInstance: ModelDevelop.get_data scheduled__2026-01-02T01:00:00+00:00 [running]> on host 8a4f043652f0
[2026-01-16T07:53:47.337+0000] {taskinstance.py:2513} INFO - Exporting env vars: AIRFLOW_CTX_DAG_OWNER='***' AIRFLOW_CTX_DAG_ID='ModelDevelop' AIRFLOW_CTX_TASK_ID='get_data' AIRFLOW_CTX_EXECUTION_DATE='2026-01-02T01:00:00+00:00' AIRFLOW_CTX_TRY_NUMBER='1' AIRFLOW_CTX_DAG_RUN_ID='scheduled__2026-01-02T01:00:00+00:00'
[2026-01-16T07:53:47.346+0000] {python.py:202} INFO - Done. Returned value was: ./iris.csv
[2026-01-16T07:53:47.360+0000] {taskinstance.py:1149} INFO - Marking task as SUCCESS. dag_id=ModelDevelop, task_id=get_data, execution_date=20260102T010000, start_date=20260116T075347, end_date=20260116T075347
[2026-01-16T07:53:47.378+0000] {local_task_job_runner.py:234} INFO - Task exited with return code 0
[2026-01-16T07:53:47.394+0000] {taskinstance.py:3312} INFO - 1 downstream tasks scheduled from follow-on schedule check
[2026-01-17T13:17:28.411+0000] {taskinstance.py:1979} INFO - Dependencies all met for dep_context=non-requeueable deps ti=<TaskInstance: ModelDevelop.get_data scheduled__2026-01-02T01:00:00+00:00 [queued]>
[2026-01-17T13:17:28.417+0000] {taskinstance.py:1979} INFO - Dependencies all met for dep_context=requeueable deps ti=<TaskInstance: ModelDevelop.get_data scheduled__2026-01-02T01:00:00+00:00 [queued]>
[2026-01-17T13:17:28.417+0000] {taskinstance.py:2193} INFO - Starting attempt 1 of 2
[2026-01-17T13:17:28.426+0000] {taskinstance.py:2217} INFO - Executing <Task(PythonOperator): get_data> on 2026-01-02 01:00:00+00:00
[2026-01-17T13:17:28.435+0000] {standard_task_runner.py:60} INFO - Started process 601 to run task
[2026-01-17T13:17:28.437+0000] {standard_task_runner.py:87} INFO - Running: ['***', 'tasks', 'run', 'ModelDevelop', 'get_data', 'scheduled__2026-01-02T01:00:00+00:00', '--job-id', '2', '--raw', '--subdir', 'DAGS_FOLDER/example.py', '--cfg-path', '/tmp/tmpw5exfhsw']
[2026-01-17T13:17:28.438+0000] {standard_task_runner.py:88} INFO - Job 2: Subtask get_data
[2026-01-17T13:17:28.446+0000] {warnings.py:109} WARNING - /home/***/.local/lib/python3.9/site-packages/***/settings.py:194: DeprecationWarning: The sql_alchemy_conn option in [core] has been moved to the sql_alchemy_conn option in [database] - the old setting has been used, but please update your config.
  SQL_ALCHEMY_CONN = conf.get("database", "SQL_ALCHEMY_CONN")

[2026-01-17T13:17:28.475+0000] {task_command.py:423} INFO - Running <TaskInstance: ModelDevelop.get_data scheduled__2026-01-02T01:00:00+00:00 [running]> on host ed3184b6b543
[2026-01-17T13:17:28.527+0000] {taskinstance.py:2513} INFO - Exporting env vars: AIRFLOW_CTX_DAG_OWNER='***' AIRFLOW_CTX_DAG_ID='ModelDevelop' AIRFLOW_CTX_TASK_ID='get_data' AIRFLOW_CTX_EXECUTION_DATE='2026-01-02T01:00:00+00:00' AIRFLOW_CTX_TRY_NUMBER='1' AIRFLOW_CTX_DAG_RUN_ID='scheduled__2026-01-02T01:00:00+00:00'
[2026-01-17T13:17:28.539+0000] {python.py:202} INFO - Done. Returned value was: ./iris.csv
[2026-01-17T13:17:28.555+0000] {taskinstance.py:1149} INFO - Marking task as SUCCESS. dag_id=ModelDevelop, task_id=get_data, execution_date=20260102T010000, start_date=20260117T131728, end_date=20260117T131728
[2026-01-17T13:17:28.609+0000] {local_task_job_runner.py:234} INFO - Task exited with return code 0
[2026-01-17T13:17:28.625+0000] {taskinstance.py:3312} INFO - 1 downstream tasks scheduled from follow-on schedule check
[2026-01-17T13:38:39.790+0000] {taskinstance.py:1979} INFO - Dependencies all met for dep_context=non-requeueable deps ti=<TaskInstance: ModelDevelop.get_data scheduled__2026-01-02T01:00:00+00:00 [queued]>
[2026-01-17T13:38:39.795+0000] {taskinstance.py:1979} INFO - Dependencies all met for dep_context=requeueable deps ti=<TaskInstance: ModelDevelop.get_data scheduled__2026-01-02T01:00:00+00:00 [queued]>
[2026-01-17T13:38:39.795+0000] {taskinstance.py:2193} INFO - Starting attempt 1 of 2
[2026-01-17T13:38:39.804+0000] {taskinstance.py:2217} INFO - Executing <Task(PythonOperator): get_data> on 2026-01-02 01:00:00+00:00
[2026-01-17T13:38:39.811+0000] {standard_task_runner.py:60} INFO - Started process 607 to run task
[2026-01-17T13:38:39.813+0000] {standard_task_runner.py:87} INFO - Running: ['***', 'tasks', 'run', 'ModelDevelop', 'get_data', 'scheduled__2026-01-02T01:00:00+00:00', '--job-id', '8', '--raw', '--subdir', 'DAGS_FOLDER/example.py', '--cfg-path', '/tmp/tmpiv1iu7h4']
[2026-01-17T13:38:39.814+0000] {standard_task_runner.py:88} INFO - Job 8: Subtask get_data
[2026-01-17T13:38:39.824+0000] {warnings.py:109} WARNING - /home/***/.local/lib/python3.9/site-packages/***/settings.py:194: DeprecationWarning: The sql_alchemy_conn option in [core] has been moved to the sql_alchemy_conn option in [database] - the old setting has been used, but please update your config.
  SQL_ALCHEMY_CONN = conf.get("database", "SQL_ALCHEMY_CONN")

[2026-01-17T13:38:39.854+0000] {task_command.py:423} INFO - Running <TaskInstance: ModelDevelop.get_data scheduled__2026-01-02T01:00:00+00:00 [running]> on host 5330652dc216
[2026-01-17T13:38:39.912+0000] {taskinstance.py:2513} INFO - Exporting env vars: AIRFLOW_CTX_DAG_OWNER='***' AIRFLOW_CTX_DAG_ID='ModelDevelop' AIRFLOW_CTX_TASK_ID='get_data' AIRFLOW_CTX_EXECUTION_DATE='2026-01-02T01:00:00+00:00' AIRFLOW_CTX_TRY_NUMBER='1' AIRFLOW_CTX_DAG_RUN_ID='scheduled__2026-01-02T01:00:00+00:00'
[2026-01-17T13:38:39.921+0000] {python.py:202} INFO - Done. Returned value was: ./iris.csv
[2026-01-17T13:38:39.934+0000] {taskinstance.py:1149} INFO - Marking task as SUCCESS. dag_id=ModelDevelop, task_id=get_data, execution_date=20260102T010000, start_date=20260117T133839, end_date=20260117T133839
[2026-01-17T13:38:39.985+0000] {local_task_job_runner.py:234} INFO - Task exited with return code 0
[2026-01-17T13:38:40.000+0000] {taskinstance.py:3312} INFO - 1 downstream tasks scheduled from follow-on schedule check
