[2026-01-16T07:55:28.181+0000] {taskinstance.py:1979} INFO - Dependencies all met for dep_context=non-requeueable deps ti=<TaskInstance: ModelDevelop.get_data scheduled__2026-01-08T13:00:00+00:00 [queued]>
[2026-01-16T07:55:28.186+0000] {taskinstance.py:1979} INFO - Dependencies all met for dep_context=requeueable deps ti=<TaskInstance: ModelDevelop.get_data scheduled__2026-01-08T13:00:00+00:00 [queued]>
[2026-01-16T07:55:28.186+0000] {taskinstance.py:2193} INFO - Starting attempt 1 of 2
[2026-01-16T07:55:28.194+0000] {taskinstance.py:2217} INFO - Executing <Task(PythonOperator): get_data> on 2026-01-08 13:00:00+00:00
[2026-01-16T07:55:28.201+0000] {standard_task_runner.py:60} INFO - Started process 20177 to run task
[2026-01-16T07:55:28.218+0000] {standard_task_runner.py:87} INFO - Running: ['***', 'tasks', 'run', 'ModelDevelop', 'get_data', 'scheduled__2026-01-08T13:00:00+00:00', '--job-id', '303', '--raw', '--subdir', 'DAGS_FOLDER/example.py', '--cfg-path', '/tmp/tmpmwn2ralt']
[2026-01-16T07:55:28.219+0000] {standard_task_runner.py:88} INFO - Job 303: Subtask get_data
[2026-01-16T07:55:28.241+0000] {warnings.py:109} WARNING - /home/***/.local/lib/python3.9/site-packages/***/settings.py:194: DeprecationWarning: The sql_alchemy_conn option in [core] has been moved to the sql_alchemy_conn option in [database] - the old setting has been used, but please update your config.
  SQL_ALCHEMY_CONN = conf.get("database", "SQL_ALCHEMY_CONN")

[2026-01-16T07:55:28.289+0000] {task_command.py:423} INFO - Running <TaskInstance: ModelDevelop.get_data scheduled__2026-01-08T13:00:00+00:00 [running]> on host 8a4f043652f0
[2026-01-16T07:55:28.348+0000] {taskinstance.py:2513} INFO - Exporting env vars: AIRFLOW_CTX_DAG_OWNER='***' AIRFLOW_CTX_DAG_ID='ModelDevelop' AIRFLOW_CTX_TASK_ID='get_data' AIRFLOW_CTX_EXECUTION_DATE='2026-01-08T13:00:00+00:00' AIRFLOW_CTX_TRY_NUMBER='1' AIRFLOW_CTX_DAG_RUN_ID='scheduled__2026-01-08T13:00:00+00:00'
[2026-01-16T07:55:28.358+0000] {python.py:202} INFO - Done. Returned value was: ./iris.csv
[2026-01-16T07:55:28.371+0000] {taskinstance.py:1149} INFO - Marking task as SUCCESS. dag_id=ModelDevelop, task_id=get_data, execution_date=20260108T130000, start_date=20260116T075528, end_date=20260116T075528
[2026-01-16T07:55:28.415+0000] {local_task_job_runner.py:234} INFO - Task exited with return code 0
[2026-01-16T07:55:28.436+0000] {taskinstance.py:3312} INFO - 1 downstream tasks scheduled from follow-on schedule check
[2026-01-17T13:19:06.523+0000] {taskinstance.py:1979} INFO - Dependencies all met for dep_context=non-requeueable deps ti=<TaskInstance: ModelDevelop.get_data scheduled__2026-01-08T13:00:00+00:00 [queued]>
[2026-01-17T13:19:06.533+0000] {taskinstance.py:1979} INFO - Dependencies all met for dep_context=requeueable deps ti=<TaskInstance: ModelDevelop.get_data scheduled__2026-01-08T13:00:00+00:00 [queued]>
[2026-01-17T13:19:06.533+0000] {taskinstance.py:2193} INFO - Starting attempt 1 of 2
[2026-01-17T13:19:06.545+0000] {taskinstance.py:2217} INFO - Executing <Task(PythonOperator): get_data> on 2026-01-08 13:00:00+00:00
[2026-01-17T13:19:06.555+0000] {standard_task_runner.py:60} INFO - Started process 20146 to run task
[2026-01-17T13:19:06.563+0000] {standard_task_runner.py:87} INFO - Running: ['***', 'tasks', 'run', 'ModelDevelop', 'get_data', 'scheduled__2026-01-08T13:00:00+00:00', '--job-id', '303', '--raw', '--subdir', 'DAGS_FOLDER/example.py', '--cfg-path', '/tmp/tmpxh58tlud']
[2026-01-17T13:19:06.564+0000] {standard_task_runner.py:88} INFO - Job 303: Subtask get_data
[2026-01-17T13:19:06.574+0000] {warnings.py:109} WARNING - /home/***/.local/lib/python3.9/site-packages/***/settings.py:194: DeprecationWarning: The sql_alchemy_conn option in [core] has been moved to the sql_alchemy_conn option in [database] - the old setting has been used, but please update your config.
  SQL_ALCHEMY_CONN = conf.get("database", "SQL_ALCHEMY_CONN")

[2026-01-17T13:19:06.602+0000] {task_command.py:423} INFO - Running <TaskInstance: ModelDevelop.get_data scheduled__2026-01-08T13:00:00+00:00 [running]> on host ed3184b6b543
[2026-01-17T13:19:06.703+0000] {taskinstance.py:2513} INFO - Exporting env vars: AIRFLOW_CTX_DAG_OWNER='***' AIRFLOW_CTX_DAG_ID='ModelDevelop' AIRFLOW_CTX_TASK_ID='get_data' AIRFLOW_CTX_EXECUTION_DATE='2026-01-08T13:00:00+00:00' AIRFLOW_CTX_TRY_NUMBER='1' AIRFLOW_CTX_DAG_RUN_ID='scheduled__2026-01-08T13:00:00+00:00'
[2026-01-17T13:19:06.714+0000] {python.py:202} INFO - Done. Returned value was: ./iris.csv
[2026-01-17T13:19:06.729+0000] {taskinstance.py:1149} INFO - Marking task as SUCCESS. dag_id=ModelDevelop, task_id=get_data, execution_date=20260108T130000, start_date=20260117T131906, end_date=20260117T131906
[2026-01-17T13:19:06.775+0000] {local_task_job_runner.py:234} INFO - Task exited with return code 0
[2026-01-17T13:19:06.811+0000] {taskinstance.py:3312} INFO - 1 downstream tasks scheduled from follow-on schedule check
[2026-01-17T13:40:35.641+0000] {taskinstance.py:1979} INFO - Dependencies all met for dep_context=non-requeueable deps ti=<TaskInstance: ModelDevelop.get_data scheduled__2026-01-08T13:00:00+00:00 [queued]>
[2026-01-17T13:40:35.648+0000] {taskinstance.py:1979} INFO - Dependencies all met for dep_context=requeueable deps ti=<TaskInstance: ModelDevelop.get_data scheduled__2026-01-08T13:00:00+00:00 [queued]>
[2026-01-17T13:40:35.648+0000] {taskinstance.py:2193} INFO - Starting attempt 1 of 2
[2026-01-17T13:40:35.661+0000] {taskinstance.py:2217} INFO - Executing <Task(PythonOperator): get_data> on 2026-01-08 13:00:00+00:00
[2026-01-17T13:40:35.669+0000] {standard_task_runner.py:60} INFO - Started process 20716 to run task
[2026-01-17T13:40:35.672+0000] {standard_task_runner.py:87} INFO - Running: ['***', 'tasks', 'run', 'ModelDevelop', 'get_data', 'scheduled__2026-01-08T13:00:00+00:00', '--job-id', '310', '--raw', '--subdir', 'DAGS_FOLDER/example.py', '--cfg-path', '/tmp/tmpbe8fu3co']
[2026-01-17T13:40:35.673+0000] {standard_task_runner.py:88} INFO - Job 310: Subtask get_data
[2026-01-17T13:40:35.698+0000] {warnings.py:109} WARNING - /home/***/.local/lib/python3.9/site-packages/***/settings.py:194: DeprecationWarning: The sql_alchemy_conn option in [core] has been moved to the sql_alchemy_conn option in [database] - the old setting has been used, but please update your config.
  SQL_ALCHEMY_CONN = conf.get("database", "SQL_ALCHEMY_CONN")

[2026-01-17T13:40:35.728+0000] {task_command.py:423} INFO - Running <TaskInstance: ModelDevelop.get_data scheduled__2026-01-08T13:00:00+00:00 [running]> on host 5330652dc216
[2026-01-17T13:40:35.782+0000] {taskinstance.py:2513} INFO - Exporting env vars: AIRFLOW_CTX_DAG_OWNER='***' AIRFLOW_CTX_DAG_ID='ModelDevelop' AIRFLOW_CTX_TASK_ID='get_data' AIRFLOW_CTX_EXECUTION_DATE='2026-01-08T13:00:00+00:00' AIRFLOW_CTX_TRY_NUMBER='1' AIRFLOW_CTX_DAG_RUN_ID='scheduled__2026-01-08T13:00:00+00:00'
[2026-01-17T13:40:35.791+0000] {python.py:202} INFO - Done. Returned value was: ./iris.csv
[2026-01-17T13:40:35.854+0000] {taskinstance.py:1149} INFO - Marking task as SUCCESS. dag_id=ModelDevelop, task_id=get_data, execution_date=20260108T130000, start_date=20260117T134035, end_date=20260117T134035
[2026-01-17T13:40:35.897+0000] {local_task_job_runner.py:234} INFO - Task exited with return code 0
[2026-01-17T13:40:35.922+0000] {taskinstance.py:3312} INFO - 1 downstream tasks scheduled from follow-on schedule check
