[2026-01-02T05:00:02.634+0000] {taskinstance.py:1165} INFO - Dependencies all met for <TaskInstance: ModelDevelop.train_fit scheduled__2026-01-02T04:00:00+00:00 [queued]>
[2026-01-02T05:00:02.639+0000] {taskinstance.py:1165} INFO - Dependencies all met for <TaskInstance: ModelDevelop.train_fit scheduled__2026-01-02T04:00:00+00:00 [queued]>
[2026-01-02T05:00:02.639+0000] {taskinstance.py:1362} INFO - 
--------------------------------------------------------------------------------
[2026-01-02T05:00:02.639+0000] {taskinstance.py:1363} INFO - Starting attempt 1 of 2
[2026-01-02T05:00:02.640+0000] {taskinstance.py:1364} INFO - 
--------------------------------------------------------------------------------
[2026-01-02T05:00:02.646+0000] {taskinstance.py:1383} INFO - Executing <Task(PythonOperator): train_fit> on 2026-01-02 04:00:00+00:00
[2026-01-02T05:00:02.650+0000] {standard_task_runner.py:54} INFO - Started process 984 to run task
[2026-01-02T05:00:02.653+0000] {standard_task_runner.py:82} INFO - Running: ['***', 'tasks', 'run', 'ModelDevelop', 'train_fit', 'scheduled__2026-01-02T04:00:00+00:00', '--job-id', '99', '--raw', '--subdir', 'DAGS_FOLDER/psjung_dag.py', '--cfg-path', '/tmp/tmp9vcg1jao']
[2026-01-02T05:00:02.653+0000] {standard_task_runner.py:83} INFO - Job 99: Subtask train_fit
[2026-01-02T05:00:02.653+0000] {dagbag.py:525} INFO - Filling up the DagBag from /opt/***/dags/psjung_dag.py
[2026-01-02T05:00:03.282+0000] {warnings.py:110} WARNING - /home/***/.local/lib/python3.7/site-packages/***/configuration.py:545: DeprecationWarning: The sql_alchemy_conn option in [core] has been moved to the sql_alchemy_conn option in [database] - the old setting has been used, but please update your config.
  option = self._get_environment_variables(deprecated_key, deprecated_section, key, section)

[2026-01-02T05:00:03.312+0000] {task_command.py:384} INFO - Running <TaskInstance: ModelDevelop.train_fit scheduled__2026-01-02T04:00:00+00:00 [running]> on host 81eec80a5533
[2026-01-02T05:00:03.349+0000] {taskinstance.py:1592} INFO - Exporting the following env vars:
AIRFLOW_CTX_DAG_OWNER=***
AIRFLOW_CTX_DAG_ID=ModelDevelop
AIRFLOW_CTX_TASK_ID=train_fit
AIRFLOW_CTX_EXECUTION_DATE=2026-01-02T04:00:00+00:00
AIRFLOW_CTX_TRY_NUMBER=1
AIRFLOW_CTX_DAG_RUN_ID=scheduled__2026-01-02T04:00:00+00:00
[2026-01-02T05:00:03.364+0000] {logging_mixin.py:117} INFO -      sepal_length  sepal_width  petal_length  petal_width  target
0             5.1          3.5           1.4          0.2       0
1             4.9          3.0           1.4          0.2       0
2             4.7          3.2           1.3          0.2       0
3             4.6          3.1           1.5          0.2       0
4             5.0          3.6           1.4          0.2       0
..            ...          ...           ...          ...     ...
145           6.7          3.0           5.2          2.3       2
146           6.3          2.5           5.0          1.9       2
147           6.5          3.0           5.2          2.0       2
148           6.2          3.4           5.4          2.3       2
149           5.9          3.0           5.1          1.8       2

[150 rows x 5 columns]
[2026-01-02T05:00:03.369+0000] {logging_mixin.py:117} INFO - Train Accuracy : 0.9833333333333333
[2026-01-02T05:00:03.369+0000] {logging_mixin.py:117} INFO - Valid Accuracy : 0.9333333333333333
[2026-01-02T05:00:03.374+0000] {logging_mixin.py:117} INFO - SC1
[2026-01-02T05:00:03.378+0000] {logging_mixin.py:117} INFO -      sepal_length  sepal_width  petal_length  petal_width
16            5.4          3.9           1.3          0.4
140           6.7          3.1           5.6          2.4
104           6.5          3.0           5.8          2.2
124           6.7          3.3           5.7          2.1
89            5.5          2.5           4.0          1.3
72            6.3          2.5           4.9          1.5
6             4.6          3.4           1.4          0.3
58            6.6          2.9           4.6          1.3
129           7.2          3.0           5.8          1.6
44            5.1          3.8           1.9          0.4
[2026-01-02T05:00:03.378+0000] {logging_mixin.py:117} INFO - SC2
[2026-01-02T05:00:03.416+0000] {logging_mixin.py:117} WARNING - 2026/01/02 05:00:03 WARNING mlflow.utils.git_utils: Failed to import Git (the Git executable is probably not on your PATH), so Git SHA is not available. Error: Failed to initialize: Bad git executable.
The git executable must be specified in one of the following ways:
    - be included in your $PATH
    - be set via $GIT_PYTHON_GIT_EXECUTABLE
    - explicitly set via git.refresh(<full-path-to-git-executable>)

All git commands will error until this is rectified.

This initial message can be silenced or aggravated in the future by setting the
$GIT_PYTHON_REFRESH environment variable. Use one of the following values:
    - quiet|q|silence|s|silent|none|n|0: for no message or exception
    - warn|w|warning|log|l|1: for a warning message (logging level CRITICAL, displayed by default)
    - error|e|exception|raise|r|2: for a raised exception

Example:
    export GIT_PYTHON_REFRESH=quiet
[2026-01-02T05:00:05.017+0000] {logging_mixin.py:117} INFO - ****Success Message*******
[2026-01-02T05:00:05.018+0000] {python.py:177} INFO - Done. Returned value was: None
[2026-01-02T05:00:05.026+0000] {taskinstance.py:1406} INFO - Marking task as SUCCESS. dag_id=ModelDevelop, task_id=train_fit, execution_date=20260102T040000, start_date=20260102T050002, end_date=20260102T050005
[2026-01-02T05:00:05.069+0000] {local_task_job.py:164} INFO - Task exited with return code 0
[2026-01-02T05:00:05.089+0000] {local_task_job.py:273} INFO - 0 downstream tasks scheduled from follow-on schedule check
[2026-01-02T06:05:08.948+0000] {taskinstance.py:1979} INFO - Dependencies all met for dep_context=non-requeueable deps ti=<TaskInstance: ModelDevelop.train_fit scheduled__2026-01-02T04:00:00+00:00 [queued]>
[2026-01-02T06:05:08.953+0000] {taskinstance.py:1979} INFO - Dependencies all met for dep_context=requeueable deps ti=<TaskInstance: ModelDevelop.train_fit scheduled__2026-01-02T04:00:00+00:00 [queued]>
[2026-01-02T06:05:08.953+0000] {taskinstance.py:2193} INFO - Starting attempt 1 of 2
[2026-01-02T06:05:08.961+0000] {taskinstance.py:2217} INFO - Executing <Task(PythonOperator): train_fit> on 2026-01-02 04:00:00+00:00
[2026-01-02T06:05:08.966+0000] {standard_task_runner.py:60} INFO - Started process 478 to run task
[2026-01-02T06:05:08.969+0000] {standard_task_runner.py:87} INFO - Running: ['***', 'tasks', 'run', 'ModelDevelop', 'train_fit', 'scheduled__2026-01-02T04:00:00+00:00', '--job-id', '11', '--raw', '--subdir', 'DAGS_FOLDER/psjung_dag.py', '--cfg-path', '/tmp/tmphhd39lca']
[2026-01-02T06:05:08.969+0000] {standard_task_runner.py:88} INFO - Job 11: Subtask train_fit
[2026-01-02T06:05:08.977+0000] {warnings.py:109} WARNING - /home/***/.local/lib/python3.9/site-packages/***/settings.py:194: DeprecationWarning: The sql_alchemy_conn option in [core] has been moved to the sql_alchemy_conn option in [database] - the old setting has been used, but please update your config.
  SQL_ALCHEMY_CONN = conf.get("database", "SQL_ALCHEMY_CONN")

[2026-01-02T06:05:09.000+0000] {task_command.py:423} INFO - Running <TaskInstance: ModelDevelop.train_fit scheduled__2026-01-02T04:00:00+00:00 [running]> on host a7950a218152
[2026-01-02T06:05:09.045+0000] {taskinstance.py:2513} INFO - Exporting env vars: AIRFLOW_CTX_DAG_OWNER='***' AIRFLOW_CTX_DAG_ID='ModelDevelop' AIRFLOW_CTX_TASK_ID='train_fit' AIRFLOW_CTX_EXECUTION_DATE='2026-01-02T04:00:00+00:00' AIRFLOW_CTX_TRY_NUMBER='1' AIRFLOW_CTX_DAG_RUN_ID='scheduled__2026-01-02T04:00:00+00:00'
[2026-01-02T06:05:09.063+0000] {logging_mixin.py:188} INFO -      sepal_length  sepal_width  petal_length  petal_width  target
0             5.1          3.5           1.4          0.2       0
1             4.9          3.0           1.4          0.2       0
2             4.7          3.2           1.3          0.2       0
3             4.6          3.1           1.5          0.2       0
4             5.0          3.6           1.4          0.2       0
..            ...          ...           ...          ...     ...
145           6.7          3.0           5.2          2.3       2
146           6.3          2.5           5.0          1.9       2
147           6.5          3.0           5.2          2.0       2
148           6.2          3.4           5.4          2.3       2
149           5.9          3.0           5.1          1.8       2

[150 rows x 5 columns]
[2026-01-02T06:05:09.071+0000] {logging_mixin.py:188} INFO - Train Accuracy : 0.9833333333333333
[2026-01-02T06:05:09.071+0000] {logging_mixin.py:188} INFO - Valid Accuracy : 0.9333333333333333
[2026-01-02T06:05:09.078+0000] {logging_mixin.py:188} INFO - SC1
[2026-01-02T06:05:09.083+0000] {logging_mixin.py:188} INFO -      sepal_length  sepal_width  petal_length  petal_width
16            5.4          3.9           1.3          0.4
140           6.7          3.1           5.6          2.4
104           6.5          3.0           5.8          2.2
124           6.7          3.3           5.7          2.1
89            5.5          2.5           4.0          1.3
72            6.3          2.5           4.9          1.5
6             4.6          3.4           1.4          0.3
58            6.6          2.9           4.6          1.3
129           7.2          3.0           5.8          1.6
44            5.1          3.8           1.9          0.4
[2026-01-02T06:05:09.083+0000] {logging_mixin.py:188} INFO - SC2
[2026-01-02T06:05:09.124+0000] {logging_mixin.py:188} WARNING - 2026/01/02 06:05:09 WARNING mlflow.utils.git_utils: Failed to import Git (the Git executable is probably not on your PATH), so Git SHA is not available. Error: Failed to initialize: Bad git executable.
The git executable must be specified in one of the following ways:
    - be included in your $PATH
    - be set via $GIT_PYTHON_GIT_EXECUTABLE
    - explicitly set via git.refresh(<full-path-to-git-executable>)

All git commands will error until this is rectified.

This initial message can be silenced or aggravated in the future by setting the
$GIT_PYTHON_REFRESH environment variable. Use one of the following values:
    - quiet|q|silence|s|silent|none|n|0: for no message or exception
    - warn|w|warning|log|l|1: for a warning message (logging level CRITICAL, displayed by default)
    - error|e|exception|raise|r|2: for a raised exception

Example:
    export GIT_PYTHON_REFRESH=quiet
[2026-01-02T06:05:11.312+0000] {warnings.py:109} WARNING - /home/***/.local/lib/python3.9/site-packages/_distutils_hack/__init__.py:33: UserWarning: Setuptools is replacing distutils.
  warnings.warn("Setuptools is replacing distutils.")

[2026-01-02T06:05:11.352+0000] {logging_mixin.py:188} INFO - ****Success Message*******
[2026-01-02T06:05:11.353+0000] {python.py:202} INFO - Done. Returned value was: None
[2026-01-02T06:05:11.359+0000] {taskinstance.py:1149} INFO - Marking task as SUCCESS. dag_id=ModelDevelop, task_id=train_fit, execution_date=20260102T040000, start_date=20260102T060508, end_date=20260102T060511
[2026-01-02T06:05:11.385+0000] {local_task_job_runner.py:234} INFO - Task exited with return code 0
[2026-01-02T06:05:11.395+0000] {taskinstance.py:3312} INFO - 0 downstream tasks scheduled from follow-on schedule check
