[2026-01-16T07:56:09.209+0000] {taskinstance.py:1979} INFO - Dependencies all met for dep_context=non-requeueable deps ti=<TaskInstance: ModelDevelop.get_data scheduled__2026-01-11T00:00:00+00:00 [queued]>
[2026-01-16T07:56:09.214+0000] {taskinstance.py:1979} INFO - Dependencies all met for dep_context=requeueable deps ti=<TaskInstance: ModelDevelop.get_data scheduled__2026-01-11T00:00:00+00:00 [queued]>
[2026-01-16T07:56:09.214+0000] {taskinstance.py:2193} INFO - Starting attempt 1 of 2
[2026-01-16T07:56:09.222+0000] {taskinstance.py:2217} INFO - Executing <Task(PythonOperator): get_data> on 2026-01-11 00:00:00+00:00
[2026-01-16T07:56:09.231+0000] {standard_task_runner.py:60} INFO - Started process 28481 to run task
[2026-01-16T07:56:09.233+0000] {standard_task_runner.py:87} INFO - Running: ['***', 'tasks', 'run', 'ModelDevelop', 'get_data', 'scheduled__2026-01-11T00:00:00+00:00', '--job-id', '426', '--raw', '--subdir', 'DAGS_FOLDER/example.py', '--cfg-path', '/tmp/tmp78qrl8w3']
[2026-01-16T07:56:09.234+0000] {standard_task_runner.py:88} INFO - Job 426: Subtask get_data
[2026-01-16T07:56:09.242+0000] {warnings.py:109} WARNING - /home/***/.local/lib/python3.9/site-packages/***/settings.py:194: DeprecationWarning: The sql_alchemy_conn option in [core] has been moved to the sql_alchemy_conn option in [database] - the old setting has been used, but please update your config.
  SQL_ALCHEMY_CONN = conf.get("database", "SQL_ALCHEMY_CONN")

[2026-01-16T07:56:09.268+0000] {task_command.py:423} INFO - Running <TaskInstance: ModelDevelop.get_data scheduled__2026-01-11T00:00:00+00:00 [running]> on host 8a4f043652f0
[2026-01-16T07:56:09.324+0000] {taskinstance.py:2513} INFO - Exporting env vars: AIRFLOW_CTX_DAG_OWNER='***' AIRFLOW_CTX_DAG_ID='ModelDevelop' AIRFLOW_CTX_TASK_ID='get_data' AIRFLOW_CTX_EXECUTION_DATE='2026-01-11T00:00:00+00:00' AIRFLOW_CTX_TRY_NUMBER='1' AIRFLOW_CTX_DAG_RUN_ID='scheduled__2026-01-11T00:00:00+00:00'
[2026-01-16T07:56:09.333+0000] {python.py:202} INFO - Done. Returned value was: ./iris.csv
[2026-01-16T07:56:09.347+0000] {taskinstance.py:1149} INFO - Marking task as SUCCESS. dag_id=ModelDevelop, task_id=get_data, execution_date=20260111T000000, start_date=20260116T075609, end_date=20260116T075609
[2026-01-16T07:56:09.365+0000] {local_task_job_runner.py:234} INFO - Task exited with return code 0
[2026-01-16T07:56:09.380+0000] {taskinstance.py:3312} INFO - 1 downstream tasks scheduled from follow-on schedule check
[2026-01-17T13:19:51.357+0000] {taskinstance.py:1979} INFO - Dependencies all met for dep_context=non-requeueable deps ti=<TaskInstance: ModelDevelop.get_data scheduled__2026-01-11T00:00:00+00:00 [queued]>
[2026-01-17T13:19:51.381+0000] {taskinstance.py:1979} INFO - Dependencies all met for dep_context=requeueable deps ti=<TaskInstance: ModelDevelop.get_data scheduled__2026-01-11T00:00:00+00:00 [queued]>
[2026-01-17T13:19:51.381+0000] {taskinstance.py:2193} INFO - Starting attempt 1 of 2
[2026-01-17T13:19:51.392+0000] {taskinstance.py:2217} INFO - Executing <Task(PythonOperator): get_data> on 2026-01-11 00:00:00+00:00
[2026-01-17T13:19:51.401+0000] {standard_task_runner.py:60} INFO - Started process 28586 to run task
[2026-01-17T13:19:51.403+0000] {standard_task_runner.py:87} INFO - Running: ['***', 'tasks', 'run', 'ModelDevelop', 'get_data', 'scheduled__2026-01-11T00:00:00+00:00', '--job-id', '427', '--raw', '--subdir', 'DAGS_FOLDER/example.py', '--cfg-path', '/tmp/tmpyr0bt5gn']
[2026-01-17T13:19:51.404+0000] {standard_task_runner.py:88} INFO - Job 427: Subtask get_data
[2026-01-17T13:19:51.413+0000] {warnings.py:109} WARNING - /home/***/.local/lib/python3.9/site-packages/***/settings.py:194: DeprecationWarning: The sql_alchemy_conn option in [core] has been moved to the sql_alchemy_conn option in [database] - the old setting has been used, but please update your config.
  SQL_ALCHEMY_CONN = conf.get("database", "SQL_ALCHEMY_CONN")

[2026-01-17T13:19:51.443+0000] {task_command.py:423} INFO - Running <TaskInstance: ModelDevelop.get_data scheduled__2026-01-11T00:00:00+00:00 [running]> on host ed3184b6b543
[2026-01-17T13:19:51.508+0000] {taskinstance.py:2513} INFO - Exporting env vars: AIRFLOW_CTX_DAG_OWNER='***' AIRFLOW_CTX_DAG_ID='ModelDevelop' AIRFLOW_CTX_TASK_ID='get_data' AIRFLOW_CTX_EXECUTION_DATE='2026-01-11T00:00:00+00:00' AIRFLOW_CTX_TRY_NUMBER='1' AIRFLOW_CTX_DAG_RUN_ID='scheduled__2026-01-11T00:00:00+00:00'
[2026-01-17T13:19:51.519+0000] {python.py:202} INFO - Done. Returned value was: ./iris.csv
[2026-01-17T13:19:51.535+0000] {taskinstance.py:1149} INFO - Marking task as SUCCESS. dag_id=ModelDevelop, task_id=get_data, execution_date=20260111T000000, start_date=20260117T131951, end_date=20260117T131951
[2026-01-17T13:19:51.576+0000] {local_task_job_runner.py:234} INFO - Task exited with return code 0
[2026-01-17T13:19:51.647+0000] {taskinstance.py:3312} INFO - 1 downstream tasks scheduled from follow-on schedule check
[2026-01-17T13:41:20.920+0000] {taskinstance.py:1979} INFO - Dependencies all met for dep_context=non-requeueable deps ti=<TaskInstance: ModelDevelop.get_data scheduled__2026-01-11T00:00:00+00:00 [queued]>
[2026-01-17T13:41:20.932+0000] {taskinstance.py:1979} INFO - Dependencies all met for dep_context=requeueable deps ti=<TaskInstance: ModelDevelop.get_data scheduled__2026-01-11T00:00:00+00:00 [queued]>
[2026-01-17T13:41:20.933+0000] {taskinstance.py:2193} INFO - Starting attempt 1 of 2
[2026-01-17T13:41:20.993+0000] {taskinstance.py:2217} INFO - Executing <Task(PythonOperator): get_data> on 2026-01-11 00:00:00+00:00
[2026-01-17T13:41:21.001+0000] {standard_task_runner.py:60} INFO - Started process 29188 to run task
[2026-01-17T13:41:21.004+0000] {standard_task_runner.py:87} INFO - Running: ['***', 'tasks', 'run', 'ModelDevelop', 'get_data', 'scheduled__2026-01-11T00:00:00+00:00', '--job-id', '433', '--raw', '--subdir', 'DAGS_FOLDER/example.py', '--cfg-path', '/tmp/tmphxgp9m35']
[2026-01-17T13:41:21.004+0000] {standard_task_runner.py:88} INFO - Job 433: Subtask get_data
[2026-01-17T13:41:21.034+0000] {warnings.py:109} WARNING - /home/***/.local/lib/python3.9/site-packages/***/settings.py:194: DeprecationWarning: The sql_alchemy_conn option in [core] has been moved to the sql_alchemy_conn option in [database] - the old setting has been used, but please update your config.
  SQL_ALCHEMY_CONN = conf.get("database", "SQL_ALCHEMY_CONN")

[2026-01-17T13:41:21.083+0000] {task_command.py:423} INFO - Running <TaskInstance: ModelDevelop.get_data scheduled__2026-01-11T00:00:00+00:00 [running]> on host 5330652dc216
[2026-01-17T13:41:21.150+0000] {taskinstance.py:2513} INFO - Exporting env vars: AIRFLOW_CTX_DAG_OWNER='***' AIRFLOW_CTX_DAG_ID='ModelDevelop' AIRFLOW_CTX_TASK_ID='get_data' AIRFLOW_CTX_EXECUTION_DATE='2026-01-11T00:00:00+00:00' AIRFLOW_CTX_TRY_NUMBER='1' AIRFLOW_CTX_DAG_RUN_ID='scheduled__2026-01-11T00:00:00+00:00'
[2026-01-17T13:41:21.163+0000] {python.py:202} INFO - Done. Returned value was: ./iris.csv
[2026-01-17T13:41:21.212+0000] {taskinstance.py:1149} INFO - Marking task as SUCCESS. dag_id=ModelDevelop, task_id=get_data, execution_date=20260111T000000, start_date=20260117T134120, end_date=20260117T134121
[2026-01-17T13:41:21.296+0000] {local_task_job_runner.py:234} INFO - Task exited with return code 0
[2026-01-17T13:41:21.314+0000] {taskinstance.py:3312} INFO - 1 downstream tasks scheduled from follow-on schedule check
