[2026-01-16T07:55:57.932+0000] {taskinstance.py:1979} INFO - Dependencies all met for dep_context=non-requeueable deps ti=<TaskInstance: ModelDevelop.get_data scheduled__2026-01-10T06:00:00+00:00 [queued]>
[2026-01-16T07:55:57.937+0000] {taskinstance.py:1979} INFO - Dependencies all met for dep_context=requeueable deps ti=<TaskInstance: ModelDevelop.get_data scheduled__2026-01-10T06:00:00+00:00 [queued]>
[2026-01-16T07:55:57.937+0000] {taskinstance.py:2193} INFO - Starting attempt 1 of 2
[2026-01-16T07:55:57.946+0000] {taskinstance.py:2217} INFO - Executing <Task(PythonOperator): get_data> on 2026-01-10 06:00:00+00:00
[2026-01-16T07:55:57.956+0000] {standard_task_runner.py:60} INFO - Started process 26241 to run task
[2026-01-16T07:55:57.962+0000] {standard_task_runner.py:87} INFO - Running: ['***', 'tasks', 'run', 'ModelDevelop', 'get_data', 'scheduled__2026-01-10T06:00:00+00:00', '--job-id', '392', '--raw', '--subdir', 'DAGS_FOLDER/example.py', '--cfg-path', '/tmp/tmpsf3n3uau']
[2026-01-16T07:55:57.963+0000] {standard_task_runner.py:88} INFO - Job 392: Subtask get_data
[2026-01-16T07:55:58.002+0000] {warnings.py:109} WARNING - /home/***/.local/lib/python3.9/site-packages/***/settings.py:194: DeprecationWarning: The sql_alchemy_conn option in [core] has been moved to the sql_alchemy_conn option in [database] - the old setting has been used, but please update your config.
  SQL_ALCHEMY_CONN = conf.get("database", "SQL_ALCHEMY_CONN")

[2026-01-16T07:55:58.036+0000] {task_command.py:423} INFO - Running <TaskInstance: ModelDevelop.get_data scheduled__2026-01-10T06:00:00+00:00 [running]> on host 8a4f043652f0
[2026-01-16T07:55:58.120+0000] {taskinstance.py:2513} INFO - Exporting env vars: AIRFLOW_CTX_DAG_OWNER='***' AIRFLOW_CTX_DAG_ID='ModelDevelop' AIRFLOW_CTX_TASK_ID='get_data' AIRFLOW_CTX_EXECUTION_DATE='2026-01-10T06:00:00+00:00' AIRFLOW_CTX_TRY_NUMBER='1' AIRFLOW_CTX_DAG_RUN_ID='scheduled__2026-01-10T06:00:00+00:00'
[2026-01-16T07:55:58.130+0000] {python.py:202} INFO - Done. Returned value was: ./iris.csv
[2026-01-16T07:55:58.145+0000] {taskinstance.py:1149} INFO - Marking task as SUCCESS. dag_id=ModelDevelop, task_id=get_data, execution_date=20260110T060000, start_date=20260116T075557, end_date=20260116T075558
[2026-01-16T07:55:58.184+0000] {local_task_job_runner.py:234} INFO - Task exited with return code 0
[2026-01-16T07:55:58.220+0000] {taskinstance.py:3312} INFO - 1 downstream tasks scheduled from follow-on schedule check
[2026-01-17T13:19:41.372+0000] {taskinstance.py:1979} INFO - Dependencies all met for dep_context=non-requeueable deps ti=<TaskInstance: ModelDevelop.get_data scheduled__2026-01-10T06:00:00+00:00 [queued]>
[2026-01-17T13:19:41.379+0000] {taskinstance.py:1979} INFO - Dependencies all met for dep_context=requeueable deps ti=<TaskInstance: ModelDevelop.get_data scheduled__2026-01-10T06:00:00+00:00 [queued]>
[2026-01-17T13:19:41.379+0000] {taskinstance.py:2193} INFO - Starting attempt 1 of 2
[2026-01-17T13:19:41.390+0000] {taskinstance.py:2217} INFO - Executing <Task(PythonOperator): get_data> on 2026-01-10 06:00:00+00:00
[2026-01-17T13:19:41.400+0000] {standard_task_runner.py:60} INFO - Started process 26373 to run task
[2026-01-17T13:19:41.402+0000] {standard_task_runner.py:87} INFO - Running: ['***', 'tasks', 'run', 'ModelDevelop', 'get_data', 'scheduled__2026-01-10T06:00:00+00:00', '--job-id', '392', '--raw', '--subdir', 'DAGS_FOLDER/example.py', '--cfg-path', '/tmp/tmp1adr5214']
[2026-01-17T13:19:41.403+0000] {standard_task_runner.py:88} INFO - Job 392: Subtask get_data
[2026-01-17T13:19:41.413+0000] {warnings.py:109} WARNING - /home/***/.local/lib/python3.9/site-packages/***/settings.py:194: DeprecationWarning: The sql_alchemy_conn option in [core] has been moved to the sql_alchemy_conn option in [database] - the old setting has been used, but please update your config.
  SQL_ALCHEMY_CONN = conf.get("database", "SQL_ALCHEMY_CONN")

[2026-01-17T13:19:41.445+0000] {task_command.py:423} INFO - Running <TaskInstance: ModelDevelop.get_data scheduled__2026-01-10T06:00:00+00:00 [running]> on host ed3184b6b543
[2026-01-17T13:19:41.506+0000] {taskinstance.py:2513} INFO - Exporting env vars: AIRFLOW_CTX_DAG_OWNER='***' AIRFLOW_CTX_DAG_ID='ModelDevelop' AIRFLOW_CTX_TASK_ID='get_data' AIRFLOW_CTX_EXECUTION_DATE='2026-01-10T06:00:00+00:00' AIRFLOW_CTX_TRY_NUMBER='1' AIRFLOW_CTX_DAG_RUN_ID='scheduled__2026-01-10T06:00:00+00:00'
[2026-01-17T13:19:41.516+0000] {python.py:202} INFO - Done. Returned value was: ./iris.csv
[2026-01-17T13:19:41.533+0000] {taskinstance.py:1149} INFO - Marking task as SUCCESS. dag_id=ModelDevelop, task_id=get_data, execution_date=20260110T060000, start_date=20260117T131941, end_date=20260117T131941
[2026-01-17T13:19:41.615+0000] {local_task_job_runner.py:234} INFO - Task exited with return code 0
[2026-01-17T13:19:41.630+0000] {taskinstance.py:3312} INFO - 1 downstream tasks scheduled from follow-on schedule check
[2026-01-17T13:41:09.401+0000] {taskinstance.py:1979} INFO - Dependencies all met for dep_context=non-requeueable deps ti=<TaskInstance: ModelDevelop.get_data scheduled__2026-01-10T06:00:00+00:00 [queued]>
[2026-01-17T13:41:09.407+0000] {taskinstance.py:1979} INFO - Dependencies all met for dep_context=requeueable deps ti=<TaskInstance: ModelDevelop.get_data scheduled__2026-01-10T06:00:00+00:00 [queued]>
[2026-01-17T13:41:09.408+0000] {taskinstance.py:2193} INFO - Starting attempt 1 of 2
[2026-01-17T13:41:09.419+0000] {taskinstance.py:2217} INFO - Executing <Task(PythonOperator): get_data> on 2026-01-10 06:00:00+00:00
[2026-01-17T13:41:09.427+0000] {standard_task_runner.py:60} INFO - Started process 26942 to run task
[2026-01-17T13:41:09.430+0000] {standard_task_runner.py:87} INFO - Running: ['***', 'tasks', 'run', 'ModelDevelop', 'get_data', 'scheduled__2026-01-10T06:00:00+00:00', '--job-id', '398', '--raw', '--subdir', 'DAGS_FOLDER/example.py', '--cfg-path', '/tmp/tmphshps7zp']
[2026-01-17T13:41:09.431+0000] {standard_task_runner.py:88} INFO - Job 398: Subtask get_data
[2026-01-17T13:41:09.466+0000] {warnings.py:109} WARNING - /home/***/.local/lib/python3.9/site-packages/***/settings.py:194: DeprecationWarning: The sql_alchemy_conn option in [core] has been moved to the sql_alchemy_conn option in [database] - the old setting has been used, but please update your config.
  SQL_ALCHEMY_CONN = conf.get("database", "SQL_ALCHEMY_CONN")

[2026-01-17T13:41:09.516+0000] {task_command.py:423} INFO - Running <TaskInstance: ModelDevelop.get_data scheduled__2026-01-10T06:00:00+00:00 [running]> on host 5330652dc216
[2026-01-17T13:41:09.570+0000] {taskinstance.py:2513} INFO - Exporting env vars: AIRFLOW_CTX_DAG_OWNER='***' AIRFLOW_CTX_DAG_ID='ModelDevelop' AIRFLOW_CTX_TASK_ID='get_data' AIRFLOW_CTX_EXECUTION_DATE='2026-01-10T06:00:00+00:00' AIRFLOW_CTX_TRY_NUMBER='1' AIRFLOW_CTX_DAG_RUN_ID='scheduled__2026-01-10T06:00:00+00:00'
[2026-01-17T13:41:09.578+0000] {python.py:202} INFO - Done. Returned value was: ./iris.csv
[2026-01-17T13:41:09.593+0000] {taskinstance.py:1149} INFO - Marking task as SUCCESS. dag_id=ModelDevelop, task_id=get_data, execution_date=20260110T060000, start_date=20260117T134109, end_date=20260117T134109
[2026-01-17T13:41:09.611+0000] {local_task_job_runner.py:234} INFO - Task exited with return code 0
[2026-01-17T13:41:09.657+0000] {taskinstance.py:3312} INFO - 1 downstream tasks scheduled from follow-on schedule check
