[2026-01-16T07:57:19.556+0000] {taskinstance.py:1979} INFO - Dependencies all met for dep_context=non-requeueable deps ti=<TaskInstance: ModelDevelop.get_data scheduled__2026-01-15T14:00:00+00:00 [queued]>
[2026-01-16T07:57:19.561+0000] {taskinstance.py:1979} INFO - Dependencies all met for dep_context=requeueable deps ti=<TaskInstance: ModelDevelop.get_data scheduled__2026-01-15T14:00:00+00:00 [queued]>
[2026-01-16T07:57:19.561+0000] {taskinstance.py:2193} INFO - Starting attempt 1 of 2
[2026-01-16T07:57:19.568+0000] {taskinstance.py:2217} INFO - Executing <Task(PythonOperator): get_data> on 2026-01-15 14:00:00+00:00
[2026-01-16T07:57:19.575+0000] {standard_task_runner.py:60} INFO - Started process 43427 to run task
[2026-01-16T07:57:19.577+0000] {standard_task_runner.py:87} INFO - Running: ['***', 'tasks', 'run', 'ModelDevelop', 'get_data', 'scheduled__2026-01-15T14:00:00+00:00', '--job-id', '648', '--raw', '--subdir', 'DAGS_FOLDER/example.py', '--cfg-path', '/tmp/tmprv8m21ki']
[2026-01-16T07:57:19.578+0000] {standard_task_runner.py:88} INFO - Job 648: Subtask get_data
[2026-01-16T07:57:19.586+0000] {warnings.py:109} WARNING - /home/***/.local/lib/python3.9/site-packages/***/settings.py:194: DeprecationWarning: The sql_alchemy_conn option in [core] has been moved to the sql_alchemy_conn option in [database] - the old setting has been used, but please update your config.
  SQL_ALCHEMY_CONN = conf.get("database", "SQL_ALCHEMY_CONN")

[2026-01-16T07:57:19.614+0000] {task_command.py:423} INFO - Running <TaskInstance: ModelDevelop.get_data scheduled__2026-01-15T14:00:00+00:00 [running]> on host 8a4f043652f0
[2026-01-16T07:57:19.699+0000] {taskinstance.py:2513} INFO - Exporting env vars: AIRFLOW_CTX_DAG_OWNER='***' AIRFLOW_CTX_DAG_ID='ModelDevelop' AIRFLOW_CTX_TASK_ID='get_data' AIRFLOW_CTX_EXECUTION_DATE='2026-01-15T14:00:00+00:00' AIRFLOW_CTX_TRY_NUMBER='1' AIRFLOW_CTX_DAG_RUN_ID='scheduled__2026-01-15T14:00:00+00:00'
[2026-01-16T07:57:19.709+0000] {python.py:202} INFO - Done. Returned value was: ./iris.csv
[2026-01-16T07:57:19.770+0000] {taskinstance.py:1149} INFO - Marking task as SUCCESS. dag_id=ModelDevelop, task_id=get_data, execution_date=20260115T140000, start_date=20260116T075719, end_date=20260116T075719
[2026-01-16T07:57:19.829+0000] {local_task_job_runner.py:234} INFO - Task exited with return code 0
[2026-01-16T07:57:19.873+0000] {taskinstance.py:3312} INFO - 0 downstream tasks scheduled from follow-on schedule check
[2026-01-17T13:21:00.969+0000] {taskinstance.py:1979} INFO - Dependencies all met for dep_context=non-requeueable deps ti=<TaskInstance: ModelDevelop.get_data scheduled__2026-01-15T14:00:00+00:00 [queued]>
[2026-01-17T13:21:00.975+0000] {taskinstance.py:1979} INFO - Dependencies all met for dep_context=requeueable deps ti=<TaskInstance: ModelDevelop.get_data scheduled__2026-01-15T14:00:00+00:00 [queued]>
[2026-01-17T13:21:00.975+0000] {taskinstance.py:2193} INFO - Starting attempt 1 of 2
[2026-01-17T13:21:00.985+0000] {taskinstance.py:2217} INFO - Executing <Task(PythonOperator): get_data> on 2026-01-15 14:00:00+00:00
[2026-01-17T13:21:00.994+0000] {standard_task_runner.py:60} INFO - Started process 43526 to run task
[2026-01-17T13:21:00.996+0000] {standard_task_runner.py:87} INFO - Running: ['***', 'tasks', 'run', 'ModelDevelop', 'get_data', 'scheduled__2026-01-15T14:00:00+00:00', '--job-id', '649', '--raw', '--subdir', 'DAGS_FOLDER/example.py', '--cfg-path', '/tmp/tmp6w7hn_kw']
[2026-01-17T13:21:00.997+0000] {standard_task_runner.py:88} INFO - Job 649: Subtask get_data
[2026-01-17T13:21:01.008+0000] {warnings.py:109} WARNING - /home/***/.local/lib/python3.9/site-packages/***/settings.py:194: DeprecationWarning: The sql_alchemy_conn option in [core] has been moved to the sql_alchemy_conn option in [database] - the old setting has been used, but please update your config.
  SQL_ALCHEMY_CONN = conf.get("database", "SQL_ALCHEMY_CONN")

[2026-01-17T13:21:01.045+0000] {task_command.py:423} INFO - Running <TaskInstance: ModelDevelop.get_data scheduled__2026-01-15T14:00:00+00:00 [running]> on host ed3184b6b543
[2026-01-17T13:21:01.152+0000] {taskinstance.py:2513} INFO - Exporting env vars: AIRFLOW_CTX_DAG_OWNER='***' AIRFLOW_CTX_DAG_ID='ModelDevelop' AIRFLOW_CTX_TASK_ID='get_data' AIRFLOW_CTX_EXECUTION_DATE='2026-01-15T14:00:00+00:00' AIRFLOW_CTX_TRY_NUMBER='1' AIRFLOW_CTX_DAG_RUN_ID='scheduled__2026-01-15T14:00:00+00:00'
[2026-01-17T13:21:01.164+0000] {python.py:202} INFO - Done. Returned value was: ./iris.csv
[2026-01-17T13:21:01.225+0000] {taskinstance.py:1149} INFO - Marking task as SUCCESS. dag_id=ModelDevelop, task_id=get_data, execution_date=20260115T140000, start_date=20260117T132100, end_date=20260117T132101
[2026-01-17T13:21:01.249+0000] {local_task_job_runner.py:234} INFO - Task exited with return code 0
[2026-01-17T13:21:01.292+0000] {taskinstance.py:3312} INFO - 1 downstream tasks scheduled from follow-on schedule check
[2026-01-17T13:42:35.368+0000] {taskinstance.py:1979} INFO - Dependencies all met for dep_context=non-requeueable deps ti=<TaskInstance: ModelDevelop.get_data scheduled__2026-01-15T14:00:00+00:00 [queued]>
[2026-01-17T13:42:35.372+0000] {taskinstance.py:1979} INFO - Dependencies all met for dep_context=requeueable deps ti=<TaskInstance: ModelDevelop.get_data scheduled__2026-01-15T14:00:00+00:00 [queued]>
[2026-01-17T13:42:35.373+0000] {taskinstance.py:2193} INFO - Starting attempt 1 of 2
[2026-01-17T13:42:35.378+0000] {taskinstance.py:2217} INFO - Executing <Task(PythonOperator): get_data> on 2026-01-15 14:00:00+00:00
[2026-01-17T13:42:35.384+0000] {standard_task_runner.py:60} INFO - Started process 43790 to run task
[2026-01-17T13:42:35.386+0000] {standard_task_runner.py:87} INFO - Running: ['***', 'tasks', 'run', 'ModelDevelop', 'get_data', 'scheduled__2026-01-15T14:00:00+00:00', '--job-id', '654', '--raw', '--subdir', 'DAGS_FOLDER/example.py', '--cfg-path', '/tmp/tmpi8rfzfhh']
[2026-01-17T13:42:35.387+0000] {standard_task_runner.py:88} INFO - Job 654: Subtask get_data
[2026-01-17T13:42:35.397+0000] {warnings.py:109} WARNING - /home/***/.local/lib/python3.9/site-packages/***/settings.py:194: DeprecationWarning: The sql_alchemy_conn option in [core] has been moved to the sql_alchemy_conn option in [database] - the old setting has been used, but please update your config.
  SQL_ALCHEMY_CONN = conf.get("database", "SQL_ALCHEMY_CONN")

[2026-01-17T13:42:35.418+0000] {task_command.py:423} INFO - Running <TaskInstance: ModelDevelop.get_data scheduled__2026-01-15T14:00:00+00:00 [running]> on host 5330652dc216
[2026-01-17T13:42:35.464+0000] {taskinstance.py:2513} INFO - Exporting env vars: AIRFLOW_CTX_DAG_OWNER='***' AIRFLOW_CTX_DAG_ID='ModelDevelop' AIRFLOW_CTX_TASK_ID='get_data' AIRFLOW_CTX_EXECUTION_DATE='2026-01-15T14:00:00+00:00' AIRFLOW_CTX_TRY_NUMBER='1' AIRFLOW_CTX_DAG_RUN_ID='scheduled__2026-01-15T14:00:00+00:00'
[2026-01-17T13:42:35.472+0000] {python.py:202} INFO - Done. Returned value was: ./iris.csv
[2026-01-17T13:42:35.484+0000] {taskinstance.py:1149} INFO - Marking task as SUCCESS. dag_id=ModelDevelop, task_id=get_data, execution_date=20260115T140000, start_date=20260117T134235, end_date=20260117T134235
[2026-01-17T13:42:35.518+0000] {local_task_job_runner.py:234} INFO - Task exited with return code 0
[2026-01-17T13:42:35.540+0000] {taskinstance.py:3312} INFO - 0 downstream tasks scheduled from follow-on schedule check
