[2026-01-16T07:55:48.724+0000] {taskinstance.py:1979} INFO - Dependencies all met for dep_context=non-requeueable deps ti=<TaskInstance: ModelDevelop.get_data scheduled__2026-01-09T15:00:00+00:00 [queued]>
[2026-01-16T07:55:48.729+0000] {taskinstance.py:1979} INFO - Dependencies all met for dep_context=requeueable deps ti=<TaskInstance: ModelDevelop.get_data scheduled__2026-01-09T15:00:00+00:00 [queued]>
[2026-01-16T07:55:48.730+0000] {taskinstance.py:2193} INFO - Starting attempt 1 of 2
[2026-01-16T07:55:48.739+0000] {taskinstance.py:2217} INFO - Executing <Task(PythonOperator): get_data> on 2026-01-09 15:00:00+00:00
[2026-01-16T07:55:48.746+0000] {standard_task_runner.py:60} INFO - Started process 24099 to run task
[2026-01-16T07:55:48.749+0000] {standard_task_runner.py:87} INFO - Running: ['***', 'tasks', 'run', 'ModelDevelop', 'get_data', 'scheduled__2026-01-09T15:00:00+00:00', '--job-id', '361', '--raw', '--subdir', 'DAGS_FOLDER/example.py', '--cfg-path', '/tmp/tmplc4ncjlq']
[2026-01-16T07:55:48.749+0000] {standard_task_runner.py:88} INFO - Job 361: Subtask get_data
[2026-01-16T07:55:48.761+0000] {warnings.py:109} WARNING - /home/***/.local/lib/python3.9/site-packages/***/settings.py:194: DeprecationWarning: The sql_alchemy_conn option in [core] has been moved to the sql_alchemy_conn option in [database] - the old setting has been used, but please update your config.
  SQL_ALCHEMY_CONN = conf.get("database", "SQL_ALCHEMY_CONN")

[2026-01-16T07:55:48.793+0000] {task_command.py:423} INFO - Running <TaskInstance: ModelDevelop.get_data scheduled__2026-01-09T15:00:00+00:00 [running]> on host 8a4f043652f0
[2026-01-16T07:55:48.852+0000] {taskinstance.py:2513} INFO - Exporting env vars: AIRFLOW_CTX_DAG_OWNER='***' AIRFLOW_CTX_DAG_ID='ModelDevelop' AIRFLOW_CTX_TASK_ID='get_data' AIRFLOW_CTX_EXECUTION_DATE='2026-01-09T15:00:00+00:00' AIRFLOW_CTX_TRY_NUMBER='1' AIRFLOW_CTX_DAG_RUN_ID='scheduled__2026-01-09T15:00:00+00:00'
[2026-01-16T07:55:48.863+0000] {python.py:202} INFO - Done. Returned value was: ./iris.csv
[2026-01-16T07:55:48.877+0000] {taskinstance.py:1149} INFO - Marking task as SUCCESS. dag_id=ModelDevelop, task_id=get_data, execution_date=20260109T150000, start_date=20260116T075548, end_date=20260116T075548
[2026-01-16T07:55:48.921+0000] {local_task_job_runner.py:234} INFO - Task exited with return code 0
[2026-01-16T07:55:48.952+0000] {taskinstance.py:3312} INFO - 1 downstream tasks scheduled from follow-on schedule check
[2026-01-17T13:19:30.192+0000] {taskinstance.py:1979} INFO - Dependencies all met for dep_context=non-requeueable deps ti=<TaskInstance: ModelDevelop.get_data scheduled__2026-01-09T15:00:00+00:00 [queued]>
[2026-01-17T13:19:30.197+0000] {taskinstance.py:1979} INFO - Dependencies all met for dep_context=requeueable deps ti=<TaskInstance: ModelDevelop.get_data scheduled__2026-01-09T15:00:00+00:00 [queued]>
[2026-01-17T13:19:30.197+0000] {taskinstance.py:2193} INFO - Starting attempt 1 of 2
[2026-01-17T13:19:30.204+0000] {taskinstance.py:2217} INFO - Executing <Task(PythonOperator): get_data> on 2026-01-09 15:00:00+00:00
[2026-01-17T13:19:30.211+0000] {standard_task_runner.py:60} INFO - Started process 24231 to run task
[2026-01-17T13:19:30.213+0000] {standard_task_runner.py:87} INFO - Running: ['***', 'tasks', 'run', 'ModelDevelop', 'get_data', 'scheduled__2026-01-09T15:00:00+00:00', '--job-id', '362', '--raw', '--subdir', 'DAGS_FOLDER/example.py', '--cfg-path', '/tmp/tmp9_21_aoc']
[2026-01-17T13:19:30.214+0000] {standard_task_runner.py:88} INFO - Job 362: Subtask get_data
[2026-01-17T13:19:30.222+0000] {warnings.py:109} WARNING - /home/***/.local/lib/python3.9/site-packages/***/settings.py:194: DeprecationWarning: The sql_alchemy_conn option in [core] has been moved to the sql_alchemy_conn option in [database] - the old setting has been used, but please update your config.
  SQL_ALCHEMY_CONN = conf.get("database", "SQL_ALCHEMY_CONN")

[2026-01-17T13:19:30.248+0000] {task_command.py:423} INFO - Running <TaskInstance: ModelDevelop.get_data scheduled__2026-01-09T15:00:00+00:00 [running]> on host ed3184b6b543
[2026-01-17T13:19:30.305+0000] {taskinstance.py:2513} INFO - Exporting env vars: AIRFLOW_CTX_DAG_OWNER='***' AIRFLOW_CTX_DAG_ID='ModelDevelop' AIRFLOW_CTX_TASK_ID='get_data' AIRFLOW_CTX_EXECUTION_DATE='2026-01-09T15:00:00+00:00' AIRFLOW_CTX_TRY_NUMBER='1' AIRFLOW_CTX_DAG_RUN_ID='scheduled__2026-01-09T15:00:00+00:00'
[2026-01-17T13:19:30.315+0000] {python.py:202} INFO - Done. Returned value was: ./iris.csv
[2026-01-17T13:19:30.332+0000] {taskinstance.py:1149} INFO - Marking task as SUCCESS. dag_id=ModelDevelop, task_id=get_data, execution_date=20260109T150000, start_date=20260117T131930, end_date=20260117T131930
[2026-01-17T13:19:30.385+0000] {local_task_job_runner.py:234} INFO - Task exited with return code 0
[2026-01-17T13:19:30.424+0000] {taskinstance.py:3312} INFO - 1 downstream tasks scheduled from follow-on schedule check
[2026-01-17T13:40:57.098+0000] {taskinstance.py:1979} INFO - Dependencies all met for dep_context=non-requeueable deps ti=<TaskInstance: ModelDevelop.get_data scheduled__2026-01-09T15:00:00+00:00 [queued]>
[2026-01-17T13:40:57.104+0000] {taskinstance.py:1979} INFO - Dependencies all met for dep_context=requeueable deps ti=<TaskInstance: ModelDevelop.get_data scheduled__2026-01-09T15:00:00+00:00 [queued]>
[2026-01-17T13:40:57.104+0000] {taskinstance.py:2193} INFO - Starting attempt 1 of 2
[2026-01-17T13:40:57.112+0000] {taskinstance.py:2217} INFO - Executing <Task(PythonOperator): get_data> on 2026-01-09 15:00:00+00:00
[2026-01-17T13:40:57.118+0000] {standard_task_runner.py:60} INFO - Started process 24765 to run task
[2026-01-17T13:40:57.121+0000] {standard_task_runner.py:87} INFO - Running: ['***', 'tasks', 'run', 'ModelDevelop', 'get_data', 'scheduled__2026-01-09T15:00:00+00:00', '--job-id', '367', '--raw', '--subdir', 'DAGS_FOLDER/example.py', '--cfg-path', '/tmp/tmp82tfhvtf']
[2026-01-17T13:40:57.122+0000] {standard_task_runner.py:88} INFO - Job 367: Subtask get_data
[2026-01-17T13:40:57.131+0000] {warnings.py:109} WARNING - /home/***/.local/lib/python3.9/site-packages/***/settings.py:194: DeprecationWarning: The sql_alchemy_conn option in [core] has been moved to the sql_alchemy_conn option in [database] - the old setting has been used, but please update your config.
  SQL_ALCHEMY_CONN = conf.get("database", "SQL_ALCHEMY_CONN")

[2026-01-17T13:40:57.161+0000] {task_command.py:423} INFO - Running <TaskInstance: ModelDevelop.get_data scheduled__2026-01-09T15:00:00+00:00 [running]> on host 5330652dc216
[2026-01-17T13:40:57.292+0000] {taskinstance.py:2513} INFO - Exporting env vars: AIRFLOW_CTX_DAG_OWNER='***' AIRFLOW_CTX_DAG_ID='ModelDevelop' AIRFLOW_CTX_TASK_ID='get_data' AIRFLOW_CTX_EXECUTION_DATE='2026-01-09T15:00:00+00:00' AIRFLOW_CTX_TRY_NUMBER='1' AIRFLOW_CTX_DAG_RUN_ID='scheduled__2026-01-09T15:00:00+00:00'
[2026-01-17T13:40:57.302+0000] {python.py:202} INFO - Done. Returned value was: ./iris.csv
[2026-01-17T13:40:57.317+0000] {taskinstance.py:1149} INFO - Marking task as SUCCESS. dag_id=ModelDevelop, task_id=get_data, execution_date=20260109T150000, start_date=20260117T134057, end_date=20260117T134057
[2026-01-17T13:40:57.373+0000] {local_task_job_runner.py:234} INFO - Task exited with return code 0
[2026-01-17T13:40:57.426+0000] {taskinstance.py:3312} INFO - 0 downstream tasks scheduled from follow-on schedule check
