[2026-01-16T07:55:07.417+0000] {taskinstance.py:1979} INFO - Dependencies all met for dep_context=non-requeueable deps ti=<TaskInstance: ModelDevelop.get_data scheduled__2026-01-06T16:00:00+00:00 [queued]>
[2026-01-16T07:55:07.424+0000] {taskinstance.py:1979} INFO - Dependencies all met for dep_context=requeueable deps ti=<TaskInstance: ModelDevelop.get_data scheduled__2026-01-06T16:00:00+00:00 [queued]>
[2026-01-16T07:55:07.424+0000] {taskinstance.py:2193} INFO - Starting attempt 1 of 2
[2026-01-16T07:55:07.490+0000] {taskinstance.py:2217} INFO - Executing <Task(PythonOperator): get_data> on 2026-01-06 16:00:00+00:00
[2026-01-16T07:55:07.500+0000] {standard_task_runner.py:60} INFO - Started process 15449 to run task
[2026-01-16T07:55:07.510+0000] {standard_task_runner.py:87} INFO - Running: ['***', 'tasks', 'run', 'ModelDevelop', 'get_data', 'scheduled__2026-01-06T16:00:00+00:00', '--job-id', '226', '--raw', '--subdir', 'DAGS_FOLDER/example.py', '--cfg-path', '/tmp/tmpa1_j0gmg']
[2026-01-16T07:55:07.511+0000] {standard_task_runner.py:88} INFO - Job 226: Subtask get_data
[2026-01-16T07:55:07.525+0000] {warnings.py:109} WARNING - /home/***/.local/lib/python3.9/site-packages/***/settings.py:194: DeprecationWarning: The sql_alchemy_conn option in [core] has been moved to the sql_alchemy_conn option in [database] - the old setting has been used, but please update your config.
  SQL_ALCHEMY_CONN = conf.get("database", "SQL_ALCHEMY_CONN")

[2026-01-16T07:55:07.558+0000] {task_command.py:423} INFO - Running <TaskInstance: ModelDevelop.get_data scheduled__2026-01-06T16:00:00+00:00 [running]> on host 8a4f043652f0
[2026-01-16T07:55:07.768+0000] {taskinstance.py:2513} INFO - Exporting env vars: AIRFLOW_CTX_DAG_OWNER='***' AIRFLOW_CTX_DAG_ID='ModelDevelop' AIRFLOW_CTX_TASK_ID='get_data' AIRFLOW_CTX_EXECUTION_DATE='2026-01-06T16:00:00+00:00' AIRFLOW_CTX_TRY_NUMBER='1' AIRFLOW_CTX_DAG_RUN_ID='scheduled__2026-01-06T16:00:00+00:00'
[2026-01-16T07:55:07.780+0000] {python.py:202} INFO - Done. Returned value was: ./iris.csv
[2026-01-16T07:55:07.828+0000] {taskinstance.py:1149} INFO - Marking task as SUCCESS. dag_id=ModelDevelop, task_id=get_data, execution_date=20260106T160000, start_date=20260116T075507, end_date=20260116T075507
[2026-01-16T07:55:07.887+0000] {local_task_job_runner.py:234} INFO - Task exited with return code 0
[2026-01-16T07:55:07.909+0000] {taskinstance.py:3312} INFO - 1 downstream tasks scheduled from follow-on schedule check
[2026-01-17T13:18:40.049+0000] {taskinstance.py:1979} INFO - Dependencies all met for dep_context=non-requeueable deps ti=<TaskInstance: ModelDevelop.get_data scheduled__2026-01-06T16:00:00+00:00 [queued]>
[2026-01-17T13:18:40.054+0000] {taskinstance.py:1979} INFO - Dependencies all met for dep_context=requeueable deps ti=<TaskInstance: ModelDevelop.get_data scheduled__2026-01-06T16:00:00+00:00 [queued]>
[2026-01-17T13:18:40.054+0000] {taskinstance.py:2193} INFO - Starting attempt 1 of 2
[2026-01-17T13:18:40.077+0000] {taskinstance.py:2217} INFO - Executing <Task(PythonOperator): get_data> on 2026-01-06 16:00:00+00:00
[2026-01-17T13:18:40.086+0000] {standard_task_runner.py:60} INFO - Started process 15383 to run task
[2026-01-17T13:18:40.088+0000] {standard_task_runner.py:87} INFO - Running: ['***', 'tasks', 'run', 'ModelDevelop', 'get_data', 'scheduled__2026-01-06T16:00:00+00:00', '--job-id', '226', '--raw', '--subdir', 'DAGS_FOLDER/example.py', '--cfg-path', '/tmp/tmpcjxyb82r']
[2026-01-17T13:18:40.089+0000] {standard_task_runner.py:88} INFO - Job 226: Subtask get_data
[2026-01-17T13:18:40.100+0000] {warnings.py:109} WARNING - /home/***/.local/lib/python3.9/site-packages/***/settings.py:194: DeprecationWarning: The sql_alchemy_conn option in [core] has been moved to the sql_alchemy_conn option in [database] - the old setting has been used, but please update your config.
  SQL_ALCHEMY_CONN = conf.get("database", "SQL_ALCHEMY_CONN")

[2026-01-17T13:18:40.127+0000] {task_command.py:423} INFO - Running <TaskInstance: ModelDevelop.get_data scheduled__2026-01-06T16:00:00+00:00 [running]> on host ed3184b6b543
[2026-01-17T13:18:40.229+0000] {taskinstance.py:2513} INFO - Exporting env vars: AIRFLOW_CTX_DAG_OWNER='***' AIRFLOW_CTX_DAG_ID='ModelDevelop' AIRFLOW_CTX_TASK_ID='get_data' AIRFLOW_CTX_EXECUTION_DATE='2026-01-06T16:00:00+00:00' AIRFLOW_CTX_TRY_NUMBER='1' AIRFLOW_CTX_DAG_RUN_ID='scheduled__2026-01-06T16:00:00+00:00'
[2026-01-17T13:18:40.237+0000] {python.py:202} INFO - Done. Returned value was: ./iris.csv
[2026-01-17T13:18:40.289+0000] {taskinstance.py:1149} INFO - Marking task as SUCCESS. dag_id=ModelDevelop, task_id=get_data, execution_date=20260106T160000, start_date=20260117T131840, end_date=20260117T131840
[2026-01-17T13:18:40.341+0000] {local_task_job_runner.py:234} INFO - Task exited with return code 0
[2026-01-17T13:18:40.357+0000] {taskinstance.py:3312} INFO - 1 downstream tasks scheduled from follow-on schedule check
[2026-01-17T13:40:00.017+0000] {taskinstance.py:1979} INFO - Dependencies all met for dep_context=non-requeueable deps ti=<TaskInstance: ModelDevelop.get_data scheduled__2026-01-06T16:00:00+00:00 [queued]>
[2026-01-17T13:40:00.022+0000] {taskinstance.py:1979} INFO - Dependencies all met for dep_context=requeueable deps ti=<TaskInstance: ModelDevelop.get_data scheduled__2026-01-06T16:00:00+00:00 [queued]>
[2026-01-17T13:40:00.022+0000] {taskinstance.py:2193} INFO - Starting attempt 1 of 2
[2026-01-17T13:40:00.028+0000] {taskinstance.py:2217} INFO - Executing <Task(PythonOperator): get_data> on 2026-01-06 16:00:00+00:00
[2026-01-17T13:40:00.034+0000] {standard_task_runner.py:60} INFO - Started process 15279 to run task
[2026-01-17T13:40:00.036+0000] {standard_task_runner.py:87} INFO - Running: ['***', 'tasks', 'run', 'ModelDevelop', 'get_data', 'scheduled__2026-01-06T16:00:00+00:00', '--job-id', '226', '--raw', '--subdir', 'DAGS_FOLDER/example.py', '--cfg-path', '/tmp/tmpeg8lyruo']
[2026-01-17T13:40:00.037+0000] {standard_task_runner.py:88} INFO - Job 226: Subtask get_data
[2026-01-17T13:40:00.047+0000] {warnings.py:109} WARNING - /home/***/.local/lib/python3.9/site-packages/***/settings.py:194: DeprecationWarning: The sql_alchemy_conn option in [core] has been moved to the sql_alchemy_conn option in [database] - the old setting has been used, but please update your config.
  SQL_ALCHEMY_CONN = conf.get("database", "SQL_ALCHEMY_CONN")

[2026-01-17T13:40:00.069+0000] {task_command.py:423} INFO - Running <TaskInstance: ModelDevelop.get_data scheduled__2026-01-06T16:00:00+00:00 [running]> on host 5330652dc216
[2026-01-17T13:40:00.114+0000] {taskinstance.py:2513} INFO - Exporting env vars: AIRFLOW_CTX_DAG_OWNER='***' AIRFLOW_CTX_DAG_ID='ModelDevelop' AIRFLOW_CTX_TASK_ID='get_data' AIRFLOW_CTX_EXECUTION_DATE='2026-01-06T16:00:00+00:00' AIRFLOW_CTX_TRY_NUMBER='1' AIRFLOW_CTX_DAG_RUN_ID='scheduled__2026-01-06T16:00:00+00:00'
[2026-01-17T13:40:00.122+0000] {python.py:202} INFO - Done. Returned value was: ./iris.csv
[2026-01-17T13:40:00.135+0000] {taskinstance.py:1149} INFO - Marking task as SUCCESS. dag_id=ModelDevelop, task_id=get_data, execution_date=20260106T160000, start_date=20260117T134000, end_date=20260117T134000
[2026-01-17T13:40:00.168+0000] {local_task_job_runner.py:234} INFO - Task exited with return code 0
[2026-01-17T13:40:00.183+0000] {taskinstance.py:3312} INFO - 1 downstream tasks scheduled from follow-on schedule check
