[2026-03-06T06:40:06.351+0000] {taskinstance.py:1979} INFO - Dependencies all met for dep_context=non-requeueable deps ti=<TaskInstance: WoongDataDriftRetrainDAG.detect_drift scheduled__2026-03-06T06:38:00+00:00 [queued]>
[2026-03-06T06:40:06.356+0000] {taskinstance.py:1979} INFO - Dependencies all met for dep_context=requeueable deps ti=<TaskInstance: WoongDataDriftRetrainDAG.detect_drift scheduled__2026-03-06T06:38:00+00:00 [queued]>
[2026-03-06T06:40:06.356+0000] {taskinstance.py:2193} INFO - Starting attempt 1 of 2
[2026-03-06T06:40:06.363+0000] {taskinstance.py:2217} INFO - Executing <Task(BranchPythonOperator): detect_drift> on 2026-03-06 06:38:00+00:00
[2026-03-06T06:40:06.368+0000] {standard_task_runner.py:60} INFO - Started process 1118 to run task
[2026-03-06T06:40:06.371+0000] {standard_task_runner.py:87} INFO - Running: ['***', 'tasks', 'run', 'WoongDataDriftRetrainDAG', 'detect_drift', 'scheduled__2026-03-06T06:38:00+00:00', '--job-id', '24', '--raw', '--subdir', 'DAGS_FOLDER/woong_execise_drift.py', '--cfg-path', '/tmp/tmpn91bydnl']
[2026-03-06T06:40:06.372+0000] {standard_task_runner.py:88} INFO - Job 24: Subtask detect_drift
[2026-03-06T06:40:06.383+0000] {warnings.py:109} WARNING - /home/***/.local/lib/python3.9/site-packages/***/settings.py:194: DeprecationWarning: The sql_alchemy_conn option in [core] has been moved to the sql_alchemy_conn option in [database] - the old setting has been used, but please update your config.
  SQL_ALCHEMY_CONN = conf.get("database", "SQL_ALCHEMY_CONN")

[2026-03-06T06:40:06.409+0000] {task_command.py:423} INFO - Running <TaskInstance: WoongDataDriftRetrainDAG.detect_drift scheduled__2026-03-06T06:38:00+00:00 [running]> on host 1d66f61ade93
[2026-03-06T06:40:06.470+0000] {taskinstance.py:2513} INFO - Exporting env vars: AIRFLOW_CTX_DAG_OWNER='***' AIRFLOW_CTX_DAG_ID='WoongDataDriftRetrainDAG' AIRFLOW_CTX_TASK_ID='detect_drift' AIRFLOW_CTX_EXECUTION_DATE='2026-03-06T06:38:00+00:00' AIRFLOW_CTX_TRY_NUMBER='1' AIRFLOW_CTX_DAG_RUN_ID='scheduled__2026-03-06T06:38:00+00:00'
[2026-03-06T06:40:06.491+0000] {logging_mixin.py:188} INFO - PSI scores: {'sepal length (cm)': 0.0, 'sepal width (cm)': 0.0, 'petal length (cm)': 0.0, 'petal width (cm)': 0.0}
[2026-03-06T06:40:06.491+0000] {logging_mixin.py:188} INFO - AVG PSI: 0.0
[2026-03-06T06:40:06.491+0000] {python.py:202} INFO - Done. Returned value was: train_fit
[2026-03-06T06:40:06.491+0000] {branch.py:35} INFO - Branch into train_fit
[2026-03-06T06:40:06.492+0000] {skipmixin.py:178} INFO - Following branch train_fit
[2026-03-06T06:40:06.503+0000] {skipmixin.py:244} INFO - Skipping tasks [('no_drift', -1)]
[2026-03-06T06:40:06.532+0000] {taskinstance.py:1149} INFO - Marking task as SUCCESS. dag_id=WoongDataDriftRetrainDAG, task_id=detect_drift, execution_date=20260306T063800, start_date=20260306T064006, end_date=20260306T064006
[2026-03-06T06:40:06.583+0000] {local_task_job_runner.py:234} INFO - Task exited with return code 0
[2026-03-06T06:40:06.606+0000] {taskinstance.py:3312} INFO - 1 downstream tasks scheduled from follow-on schedule check
