[2026-01-16T07:56:17.734+0000] {taskinstance.py:1979} INFO - Dependencies all met for dep_context=non-requeueable deps ti=<TaskInstance: ModelDevelop.get_data scheduled__2026-01-11T11:00:00+00:00 [queued]>
[2026-01-16T07:56:17.740+0000] {taskinstance.py:1979} INFO - Dependencies all met for dep_context=requeueable deps ti=<TaskInstance: ModelDevelop.get_data scheduled__2026-01-11T11:00:00+00:00 [queued]>
[2026-01-16T07:56:17.740+0000] {taskinstance.py:2193} INFO - Starting attempt 1 of 2
[2026-01-16T07:56:17.749+0000] {taskinstance.py:2217} INFO - Executing <Task(PythonOperator): get_data> on 2026-01-11 11:00:00+00:00
[2026-01-16T07:56:17.757+0000] {standard_task_runner.py:60} INFO - Started process 30461 to run task
[2026-01-16T07:56:17.759+0000] {standard_task_runner.py:87} INFO - Running: ['***', 'tasks', 'run', 'ModelDevelop', 'get_data', 'scheduled__2026-01-11T11:00:00+00:00', '--job-id', '453', '--raw', '--subdir', 'DAGS_FOLDER/example.py', '--cfg-path', '/tmp/tmp1q85krva']
[2026-01-16T07:56:17.760+0000] {standard_task_runner.py:88} INFO - Job 453: Subtask get_data
[2026-01-16T07:56:17.769+0000] {warnings.py:109} WARNING - /home/***/.local/lib/python3.9/site-packages/***/settings.py:194: DeprecationWarning: The sql_alchemy_conn option in [core] has been moved to the sql_alchemy_conn option in [database] - the old setting has been used, but please update your config.
  SQL_ALCHEMY_CONN = conf.get("database", "SQL_ALCHEMY_CONN")

[2026-01-16T07:56:17.797+0000] {task_command.py:423} INFO - Running <TaskInstance: ModelDevelop.get_data scheduled__2026-01-11T11:00:00+00:00 [running]> on host 8a4f043652f0
[2026-01-16T07:56:17.887+0000] {taskinstance.py:2513} INFO - Exporting env vars: AIRFLOW_CTX_DAG_OWNER='***' AIRFLOW_CTX_DAG_ID='ModelDevelop' AIRFLOW_CTX_TASK_ID='get_data' AIRFLOW_CTX_EXECUTION_DATE='2026-01-11T11:00:00+00:00' AIRFLOW_CTX_TRY_NUMBER='1' AIRFLOW_CTX_DAG_RUN_ID='scheduled__2026-01-11T11:00:00+00:00'
[2026-01-16T07:56:17.898+0000] {python.py:202} INFO - Done. Returned value was: ./iris.csv
[2026-01-16T07:56:17.914+0000] {taskinstance.py:1149} INFO - Marking task as SUCCESS. dag_id=ModelDevelop, task_id=get_data, execution_date=20260111T110000, start_date=20260116T075617, end_date=20260116T075617
[2026-01-16T07:56:17.972+0000] {local_task_job_runner.py:234} INFO - Task exited with return code 0
[2026-01-16T07:56:18.015+0000] {taskinstance.py:3312} INFO - 1 downstream tasks scheduled from follow-on schedule check
[2026-01-17T13:20:00.410+0000] {taskinstance.py:1979} INFO - Dependencies all met for dep_context=non-requeueable deps ti=<TaskInstance: ModelDevelop.get_data scheduled__2026-01-11T11:00:00+00:00 [queued]>
[2026-01-17T13:20:00.415+0000] {taskinstance.py:1979} INFO - Dependencies all met for dep_context=requeueable deps ti=<TaskInstance: ModelDevelop.get_data scheduled__2026-01-11T11:00:00+00:00 [queued]>
[2026-01-17T13:20:00.415+0000] {taskinstance.py:2193} INFO - Starting attempt 1 of 2
[2026-01-17T13:20:00.465+0000] {taskinstance.py:2217} INFO - Executing <Task(PythonOperator): get_data> on 2026-01-11 11:00:00+00:00
[2026-01-17T13:20:00.474+0000] {standard_task_runner.py:60} INFO - Started process 30593 to run task
[2026-01-17T13:20:00.488+0000] {standard_task_runner.py:87} INFO - Running: ['***', 'tasks', 'run', 'ModelDevelop', 'get_data', 'scheduled__2026-01-11T11:00:00+00:00', '--job-id', '453', '--raw', '--subdir', 'DAGS_FOLDER/example.py', '--cfg-path', '/tmp/tmphjsupfrb']
[2026-01-17T13:20:00.489+0000] {standard_task_runner.py:88} INFO - Job 453: Subtask get_data
[2026-01-17T13:20:00.500+0000] {warnings.py:109} WARNING - /home/***/.local/lib/python3.9/site-packages/***/settings.py:194: DeprecationWarning: The sql_alchemy_conn option in [core] has been moved to the sql_alchemy_conn option in [database] - the old setting has been used, but please update your config.
  SQL_ALCHEMY_CONN = conf.get("database", "SQL_ALCHEMY_CONN")

[2026-01-17T13:20:00.528+0000] {task_command.py:423} INFO - Running <TaskInstance: ModelDevelop.get_data scheduled__2026-01-11T11:00:00+00:00 [running]> on host ed3184b6b543
[2026-01-17T13:20:00.592+0000] {taskinstance.py:2513} INFO - Exporting env vars: AIRFLOW_CTX_DAG_OWNER='***' AIRFLOW_CTX_DAG_ID='ModelDevelop' AIRFLOW_CTX_TASK_ID='get_data' AIRFLOW_CTX_EXECUTION_DATE='2026-01-11T11:00:00+00:00' AIRFLOW_CTX_TRY_NUMBER='1' AIRFLOW_CTX_DAG_RUN_ID='scheduled__2026-01-11T11:00:00+00:00'
[2026-01-17T13:20:00.601+0000] {python.py:202} INFO - Done. Returned value was: ./iris.csv
[2026-01-17T13:20:00.684+0000] {taskinstance.py:1149} INFO - Marking task as SUCCESS. dag_id=ModelDevelop, task_id=get_data, execution_date=20260111T110000, start_date=20260117T132000, end_date=20260117T132000
[2026-01-17T13:20:00.739+0000] {local_task_job_runner.py:234} INFO - Task exited with return code 0
[2026-01-17T13:20:00.790+0000] {taskinstance.py:3312} INFO - 0 downstream tasks scheduled from follow-on schedule check
[2026-01-17T13:41:22.237+0000] {taskinstance.py:1979} INFO - Dependencies all met for dep_context=non-requeueable deps ti=<TaskInstance: ModelDevelop.get_data scheduled__2026-01-11T11:00:00+00:00 [queued]>
[2026-01-17T13:41:22.243+0000] {taskinstance.py:1979} INFO - Dependencies all met for dep_context=requeueable deps ti=<TaskInstance: ModelDevelop.get_data scheduled__2026-01-11T11:00:00+00:00 [queued]>
[2026-01-17T13:41:22.244+0000] {taskinstance.py:2193} INFO - Starting attempt 1 of 2
[2026-01-17T13:41:22.254+0000] {taskinstance.py:2217} INFO - Executing <Task(PythonOperator): get_data> on 2026-01-11 11:00:00+00:00
[2026-01-17T13:41:22.262+0000] {standard_task_runner.py:60} INFO - Started process 29561 to run task
[2026-01-17T13:41:22.265+0000] {standard_task_runner.py:87} INFO - Running: ['***', 'tasks', 'run', 'ModelDevelop', 'get_data', 'scheduled__2026-01-11T11:00:00+00:00', '--job-id', '444', '--raw', '--subdir', 'DAGS_FOLDER/example.py', '--cfg-path', '/tmp/tmpt51yrqll']
[2026-01-17T13:41:22.265+0000] {standard_task_runner.py:88} INFO - Job 444: Subtask get_data
[2026-01-17T13:41:22.275+0000] {warnings.py:109} WARNING - /home/***/.local/lib/python3.9/site-packages/***/settings.py:194: DeprecationWarning: The sql_alchemy_conn option in [core] has been moved to the sql_alchemy_conn option in [database] - the old setting has been used, but please update your config.
  SQL_ALCHEMY_CONN = conf.get("database", "SQL_ALCHEMY_CONN")

[2026-01-17T13:41:22.334+0000] {task_command.py:423} INFO - Running <TaskInstance: ModelDevelop.get_data scheduled__2026-01-11T11:00:00+00:00 [running]> on host 5330652dc216
[2026-01-17T13:41:22.453+0000] {taskinstance.py:2513} INFO - Exporting env vars: AIRFLOW_CTX_DAG_OWNER='***' AIRFLOW_CTX_DAG_ID='ModelDevelop' AIRFLOW_CTX_TASK_ID='get_data' AIRFLOW_CTX_EXECUTION_DATE='2026-01-11T11:00:00+00:00' AIRFLOW_CTX_TRY_NUMBER='1' AIRFLOW_CTX_DAG_RUN_ID='scheduled__2026-01-11T11:00:00+00:00'
[2026-01-17T13:41:22.463+0000] {python.py:202} INFO - Done. Returned value was: ./iris.csv
[2026-01-17T13:41:22.480+0000] {taskinstance.py:1149} INFO - Marking task as SUCCESS. dag_id=ModelDevelop, task_id=get_data, execution_date=20260111T110000, start_date=20260117T134122, end_date=20260117T134122
[2026-01-17T13:41:22.517+0000] {local_task_job_runner.py:234} INFO - Task exited with return code 0
[2026-01-17T13:41:22.539+0000] {taskinstance.py:3312} INFO - 1 downstream tasks scheduled from follow-on schedule check
