[2026-01-16T07:57:09.772+0000] {taskinstance.py:1979} INFO - Dependencies all met for dep_context=non-requeueable deps ti=<TaskInstance: ModelDevelop.get_data scheduled__2026-01-14T22:00:00+00:00 [queued]>
[2026-01-16T07:57:09.779+0000] {taskinstance.py:1979} INFO - Dependencies all met for dep_context=requeueable deps ti=<TaskInstance: ModelDevelop.get_data scheduled__2026-01-14T22:00:00+00:00 [queued]>
[2026-01-16T07:57:09.779+0000] {taskinstance.py:2193} INFO - Starting attempt 1 of 2
[2026-01-16T07:57:09.791+0000] {taskinstance.py:2217} INFO - Executing <Task(PythonOperator): get_data> on 2026-01-14 22:00:00+00:00
[2026-01-16T07:57:09.817+0000] {standard_task_runner.py:60} INFO - Started process 41318 to run task
[2026-01-16T07:57:09.822+0000] {standard_task_runner.py:87} INFO - Running: ['***', 'tasks', 'run', 'ModelDevelop', 'get_data', 'scheduled__2026-01-14T22:00:00+00:00', '--job-id', '617', '--raw', '--subdir', 'DAGS_FOLDER/example.py', '--cfg-path', '/tmp/tmprk5u8y5w']
[2026-01-16T07:57:09.823+0000] {standard_task_runner.py:88} INFO - Job 617: Subtask get_data
[2026-01-16T07:57:09.842+0000] {warnings.py:109} WARNING - /home/***/.local/lib/python3.9/site-packages/***/settings.py:194: DeprecationWarning: The sql_alchemy_conn option in [core] has been moved to the sql_alchemy_conn option in [database] - the old setting has been used, but please update your config.
  SQL_ALCHEMY_CONN = conf.get("database", "SQL_ALCHEMY_CONN")

[2026-01-16T07:57:09.875+0000] {task_command.py:423} INFO - Running <TaskInstance: ModelDevelop.get_data scheduled__2026-01-14T22:00:00+00:00 [running]> on host 8a4f043652f0
[2026-01-16T07:57:09.939+0000] {taskinstance.py:2513} INFO - Exporting env vars: AIRFLOW_CTX_DAG_OWNER='***' AIRFLOW_CTX_DAG_ID='ModelDevelop' AIRFLOW_CTX_TASK_ID='get_data' AIRFLOW_CTX_EXECUTION_DATE='2026-01-14T22:00:00+00:00' AIRFLOW_CTX_TRY_NUMBER='1' AIRFLOW_CTX_DAG_RUN_ID='scheduled__2026-01-14T22:00:00+00:00'
[2026-01-16T07:57:09.948+0000] {python.py:202} INFO - Done. Returned value was: ./iris.csv
[2026-01-16T07:57:09.990+0000] {taskinstance.py:1149} INFO - Marking task as SUCCESS. dag_id=ModelDevelop, task_id=get_data, execution_date=20260114T220000, start_date=20260116T075709, end_date=20260116T075709
[2026-01-16T07:57:10.040+0000] {local_task_job_runner.py:234} INFO - Task exited with return code 0
[2026-01-16T07:57:10.106+0000] {taskinstance.py:3312} INFO - 0 downstream tasks scheduled from follow-on schedule check
[2026-01-17T13:20:50.333+0000] {taskinstance.py:1979} INFO - Dependencies all met for dep_context=non-requeueable deps ti=<TaskInstance: ModelDevelop.get_data scheduled__2026-01-14T22:00:00+00:00 [queued]>
[2026-01-17T13:20:50.338+0000] {taskinstance.py:1979} INFO - Dependencies all met for dep_context=requeueable deps ti=<TaskInstance: ModelDevelop.get_data scheduled__2026-01-14T22:00:00+00:00 [queued]>
[2026-01-17T13:20:50.339+0000] {taskinstance.py:2193} INFO - Starting attempt 1 of 2
[2026-01-17T13:20:50.347+0000] {taskinstance.py:2217} INFO - Executing <Task(PythonOperator): get_data> on 2026-01-14 22:00:00+00:00
[2026-01-17T13:20:50.356+0000] {standard_task_runner.py:60} INFO - Started process 41380 to run task
[2026-01-17T13:20:50.359+0000] {standard_task_runner.py:87} INFO - Running: ['***', 'tasks', 'run', 'ModelDevelop', 'get_data', 'scheduled__2026-01-14T22:00:00+00:00', '--job-id', '617', '--raw', '--subdir', 'DAGS_FOLDER/example.py', '--cfg-path', '/tmp/tmp1rgh4bu0']
[2026-01-17T13:20:50.360+0000] {standard_task_runner.py:88} INFO - Job 617: Subtask get_data
[2026-01-17T13:20:50.371+0000] {warnings.py:109} WARNING - /home/***/.local/lib/python3.9/site-packages/***/settings.py:194: DeprecationWarning: The sql_alchemy_conn option in [core] has been moved to the sql_alchemy_conn option in [database] - the old setting has been used, but please update your config.
  SQL_ALCHEMY_CONN = conf.get("database", "SQL_ALCHEMY_CONN")

[2026-01-17T13:20:50.399+0000] {task_command.py:423} INFO - Running <TaskInstance: ModelDevelop.get_data scheduled__2026-01-14T22:00:00+00:00 [running]> on host ed3184b6b543
[2026-01-17T13:20:50.459+0000] {taskinstance.py:2513} INFO - Exporting env vars: AIRFLOW_CTX_DAG_OWNER='***' AIRFLOW_CTX_DAG_ID='ModelDevelop' AIRFLOW_CTX_TASK_ID='get_data' AIRFLOW_CTX_EXECUTION_DATE='2026-01-14T22:00:00+00:00' AIRFLOW_CTX_TRY_NUMBER='1' AIRFLOW_CTX_DAG_RUN_ID='scheduled__2026-01-14T22:00:00+00:00'
[2026-01-17T13:20:50.469+0000] {python.py:202} INFO - Done. Returned value was: ./iris.csv
[2026-01-17T13:20:50.504+0000] {taskinstance.py:1149} INFO - Marking task as SUCCESS. dag_id=ModelDevelop, task_id=get_data, execution_date=20260114T220000, start_date=20260117T132050, end_date=20260117T132050
[2026-01-17T13:20:50.572+0000] {local_task_job_runner.py:234} INFO - Task exited with return code 0
[2026-01-17T13:20:50.592+0000] {taskinstance.py:3312} INFO - 1 downstream tasks scheduled from follow-on schedule check
[2026-01-17T13:42:26.669+0000] {taskinstance.py:1979} INFO - Dependencies all met for dep_context=non-requeueable deps ti=<TaskInstance: ModelDevelop.get_data scheduled__2026-01-14T22:00:00+00:00 [queued]>
[2026-01-17T13:42:26.682+0000] {taskinstance.py:1979} INFO - Dependencies all met for dep_context=requeueable deps ti=<TaskInstance: ModelDevelop.get_data scheduled__2026-01-14T22:00:00+00:00 [queued]>
[2026-01-17T13:42:26.682+0000] {taskinstance.py:2193} INFO - Starting attempt 1 of 2
[2026-01-17T13:42:26.707+0000] {taskinstance.py:2217} INFO - Executing <Task(PythonOperator): get_data> on 2026-01-14 22:00:00+00:00
[2026-01-17T13:42:26.723+0000] {standard_task_runner.py:60} INFO - Started process 41949 to run task
[2026-01-17T13:42:26.734+0000] {standard_task_runner.py:87} INFO - Running: ['***', 'tasks', 'run', 'ModelDevelop', 'get_data', 'scheduled__2026-01-14T22:00:00+00:00', '--job-id', '622', '--raw', '--subdir', 'DAGS_FOLDER/example.py', '--cfg-path', '/tmp/tmpfr9g5oh7']
[2026-01-17T13:42:26.736+0000] {standard_task_runner.py:88} INFO - Job 622: Subtask get_data
[2026-01-17T13:42:26.774+0000] {warnings.py:109} WARNING - /home/***/.local/lib/python3.9/site-packages/***/settings.py:194: DeprecationWarning: The sql_alchemy_conn option in [core] has been moved to the sql_alchemy_conn option in [database] - the old setting has been used, but please update your config.
  SQL_ALCHEMY_CONN = conf.get("database", "SQL_ALCHEMY_CONN")

[2026-01-17T13:42:26.798+0000] {task_command.py:423} INFO - Running <TaskInstance: ModelDevelop.get_data scheduled__2026-01-14T22:00:00+00:00 [running]> on host 5330652dc216
[2026-01-17T13:42:26.856+0000] {taskinstance.py:2513} INFO - Exporting env vars: AIRFLOW_CTX_DAG_OWNER='***' AIRFLOW_CTX_DAG_ID='ModelDevelop' AIRFLOW_CTX_TASK_ID='get_data' AIRFLOW_CTX_EXECUTION_DATE='2026-01-14T22:00:00+00:00' AIRFLOW_CTX_TRY_NUMBER='1' AIRFLOW_CTX_DAG_RUN_ID='scheduled__2026-01-14T22:00:00+00:00'
[2026-01-17T13:42:26.865+0000] {python.py:202} INFO - Done. Returned value was: ./iris.csv
[2026-01-17T13:42:26.925+0000] {taskinstance.py:1149} INFO - Marking task as SUCCESS. dag_id=ModelDevelop, task_id=get_data, execution_date=20260114T220000, start_date=20260117T134226, end_date=20260117T134226
[2026-01-17T13:42:26.951+0000] {local_task_job_runner.py:234} INFO - Task exited with return code 0
[2026-01-17T13:42:26.979+0000] {taskinstance.py:3312} INFO - 1 downstream tasks scheduled from follow-on schedule check
