[2026-01-16T07:54:24.002+0000] {taskinstance.py:1979} INFO - Dependencies all met for dep_context=non-requeueable deps ti=<TaskInstance: ModelDevelop.get_data scheduled__2026-01-04T09:00:00+00:00 [queued]>
[2026-01-16T07:54:24.007+0000] {taskinstance.py:1979} INFO - Dependencies all met for dep_context=requeueable deps ti=<TaskInstance: ModelDevelop.get_data scheduled__2026-01-04T09:00:00+00:00 [queued]>
[2026-01-16T07:54:24.007+0000] {taskinstance.py:2193} INFO - Starting attempt 1 of 2
[2026-01-16T07:54:24.014+0000] {taskinstance.py:2217} INFO - Executing <Task(PythonOperator): get_data> on 2026-01-04 09:00:00+00:00
[2026-01-16T07:54:24.020+0000] {standard_task_runner.py:60} INFO - Started process 7049 to run task
[2026-01-16T07:54:24.023+0000] {standard_task_runner.py:87} INFO - Running: ['***', 'tasks', 'run', 'ModelDevelop', 'get_data', 'scheduled__2026-01-04T09:00:00+00:00', '--job-id', '107', '--raw', '--subdir', 'DAGS_FOLDER/example.py', '--cfg-path', '/tmp/tmpfh0cel42']
[2026-01-16T07:54:24.023+0000] {standard_task_runner.py:88} INFO - Job 107: Subtask get_data
[2026-01-16T07:54:24.031+0000] {warnings.py:109} WARNING - /home/***/.local/lib/python3.9/site-packages/***/settings.py:194: DeprecationWarning: The sql_alchemy_conn option in [core] has been moved to the sql_alchemy_conn option in [database] - the old setting has been used, but please update your config.
  SQL_ALCHEMY_CONN = conf.get("database", "SQL_ALCHEMY_CONN")

[2026-01-16T07:54:24.057+0000] {task_command.py:423} INFO - Running <TaskInstance: ModelDevelop.get_data scheduled__2026-01-04T09:00:00+00:00 [running]> on host 8a4f043652f0
[2026-01-16T07:54:24.180+0000] {taskinstance.py:2513} INFO - Exporting env vars: AIRFLOW_CTX_DAG_OWNER='***' AIRFLOW_CTX_DAG_ID='ModelDevelop' AIRFLOW_CTX_TASK_ID='get_data' AIRFLOW_CTX_EXECUTION_DATE='2026-01-04T09:00:00+00:00' AIRFLOW_CTX_TRY_NUMBER='1' AIRFLOW_CTX_DAG_RUN_ID='scheduled__2026-01-04T09:00:00+00:00'
[2026-01-16T07:54:24.189+0000] {python.py:202} INFO - Done. Returned value was: ./iris.csv
[2026-01-16T07:54:24.204+0000] {taskinstance.py:1149} INFO - Marking task as SUCCESS. dag_id=ModelDevelop, task_id=get_data, execution_date=20260104T090000, start_date=20260116T075424, end_date=20260116T075424
[2026-01-16T07:54:24.234+0000] {local_task_job_runner.py:234} INFO - Task exited with return code 0
[2026-01-16T07:54:24.262+0000] {taskinstance.py:3312} INFO - 0 downstream tasks scheduled from follow-on schedule check
[2026-01-17T13:18:01.001+0000] {taskinstance.py:1979} INFO - Dependencies all met for dep_context=non-requeueable deps ti=<TaskInstance: ModelDevelop.get_data scheduled__2026-01-04T09:00:00+00:00 [queued]>
[2026-01-17T13:18:01.008+0000] {taskinstance.py:1979} INFO - Dependencies all met for dep_context=requeueable deps ti=<TaskInstance: ModelDevelop.get_data scheduled__2026-01-04T09:00:00+00:00 [queued]>
[2026-01-17T13:18:01.009+0000] {taskinstance.py:2193} INFO - Starting attempt 1 of 2
[2026-01-17T13:18:01.020+0000] {taskinstance.py:2217} INFO - Executing <Task(PythonOperator): get_data> on 2026-01-04 09:00:00+00:00
[2026-01-17T13:18:01.031+0000] {standard_task_runner.py:60} INFO - Started process 7086 to run task
[2026-01-17T13:18:01.038+0000] {standard_task_runner.py:87} INFO - Running: ['***', 'tasks', 'run', 'ModelDevelop', 'get_data', 'scheduled__2026-01-04T09:00:00+00:00', '--job-id', '107', '--raw', '--subdir', 'DAGS_FOLDER/example.py', '--cfg-path', '/tmp/tmpa4ltub3l']
[2026-01-17T13:18:01.039+0000] {standard_task_runner.py:88} INFO - Job 107: Subtask get_data
[2026-01-17T13:18:01.058+0000] {warnings.py:109} WARNING - /home/***/.local/lib/python3.9/site-packages/***/settings.py:194: DeprecationWarning: The sql_alchemy_conn option in [core] has been moved to the sql_alchemy_conn option in [database] - the old setting has been used, but please update your config.
  SQL_ALCHEMY_CONN = conf.get("database", "SQL_ALCHEMY_CONN")

[2026-01-17T13:18:01.097+0000] {task_command.py:423} INFO - Running <TaskInstance: ModelDevelop.get_data scheduled__2026-01-04T09:00:00+00:00 [running]> on host ed3184b6b543
[2026-01-17T13:18:01.215+0000] {taskinstance.py:2513} INFO - Exporting env vars: AIRFLOW_CTX_DAG_OWNER='***' AIRFLOW_CTX_DAG_ID='ModelDevelop' AIRFLOW_CTX_TASK_ID='get_data' AIRFLOW_CTX_EXECUTION_DATE='2026-01-04T09:00:00+00:00' AIRFLOW_CTX_TRY_NUMBER='1' AIRFLOW_CTX_DAG_RUN_ID='scheduled__2026-01-04T09:00:00+00:00'
[2026-01-17T13:18:01.227+0000] {python.py:202} INFO - Done. Returned value was: ./iris.csv
[2026-01-17T13:18:01.275+0000] {taskinstance.py:1149} INFO - Marking task as SUCCESS. dag_id=ModelDevelop, task_id=get_data, execution_date=20260104T090000, start_date=20260117T131801, end_date=20260117T131801
[2026-01-17T13:18:01.372+0000] {local_task_job_runner.py:234} INFO - Task exited with return code 0
[2026-01-17T13:18:01.404+0000] {taskinstance.py:3312} INFO - 1 downstream tasks scheduled from follow-on schedule check
[2026-01-17T13:39:22.487+0000] {taskinstance.py:1979} INFO - Dependencies all met for dep_context=non-requeueable deps ti=<TaskInstance: ModelDevelop.get_data scheduled__2026-01-04T09:00:00+00:00 [queued]>
[2026-01-17T13:39:22.493+0000] {taskinstance.py:1979} INFO - Dependencies all met for dep_context=requeueable deps ti=<TaskInstance: ModelDevelop.get_data scheduled__2026-01-04T09:00:00+00:00 [queued]>
[2026-01-17T13:39:22.494+0000] {taskinstance.py:2193} INFO - Starting attempt 1 of 2
[2026-01-17T13:39:22.507+0000] {taskinstance.py:2217} INFO - Executing <Task(PythonOperator): get_data> on 2026-01-04 09:00:00+00:00
[2026-01-17T13:39:22.535+0000] {standard_task_runner.py:60} INFO - Started process 7081 to run task
[2026-01-17T13:39:22.540+0000] {standard_task_runner.py:87} INFO - Running: ['***', 'tasks', 'run', 'ModelDevelop', 'get_data', 'scheduled__2026-01-04T09:00:00+00:00', '--job-id', '107', '--raw', '--subdir', 'DAGS_FOLDER/example.py', '--cfg-path', '/tmp/tmp5flldrtx']
[2026-01-17T13:39:22.541+0000] {standard_task_runner.py:88} INFO - Job 107: Subtask get_data
[2026-01-17T13:39:22.567+0000] {warnings.py:109} WARNING - /home/***/.local/lib/python3.9/site-packages/***/settings.py:194: DeprecationWarning: The sql_alchemy_conn option in [core] has been moved to the sql_alchemy_conn option in [database] - the old setting has been used, but please update your config.
  SQL_ALCHEMY_CONN = conf.get("database", "SQL_ALCHEMY_CONN")

[2026-01-17T13:39:22.618+0000] {task_command.py:423} INFO - Running <TaskInstance: ModelDevelop.get_data scheduled__2026-01-04T09:00:00+00:00 [running]> on host 5330652dc216
[2026-01-17T13:39:22.715+0000] {taskinstance.py:2513} INFO - Exporting env vars: AIRFLOW_CTX_DAG_OWNER='***' AIRFLOW_CTX_DAG_ID='ModelDevelop' AIRFLOW_CTX_TASK_ID='get_data' AIRFLOW_CTX_EXECUTION_DATE='2026-01-04T09:00:00+00:00' AIRFLOW_CTX_TRY_NUMBER='1' AIRFLOW_CTX_DAG_RUN_ID='scheduled__2026-01-04T09:00:00+00:00'
[2026-01-17T13:39:22.725+0000] {python.py:202} INFO - Done. Returned value was: ./iris.csv
[2026-01-17T13:39:22.740+0000] {taskinstance.py:1149} INFO - Marking task as SUCCESS. dag_id=ModelDevelop, task_id=get_data, execution_date=20260104T090000, start_date=20260117T133922, end_date=20260117T133922
[2026-01-17T13:39:22.794+0000] {local_task_job_runner.py:234} INFO - Task exited with return code 0
[2026-01-17T13:39:22.812+0000] {taskinstance.py:3312} INFO - 0 downstream tasks scheduled from follow-on schedule check
