[2026-01-16T09:00:01.875+0000] {taskinstance.py:1979} INFO - Dependencies all met for dep_context=non-requeueable deps ti=<TaskInstance: ModelDevelop.get_data scheduled__2026-01-16T08:00:00+00:00 [queued]>
[2026-01-16T09:00:01.879+0000] {taskinstance.py:1979} INFO - Dependencies all met for dep_context=requeueable deps ti=<TaskInstance: ModelDevelop.get_data scheduled__2026-01-16T08:00:00+00:00 [queued]>
[2026-01-16T09:00:01.879+0000] {taskinstance.py:2193} INFO - Starting attempt 1 of 2
[2026-01-16T09:00:01.885+0000] {taskinstance.py:2217} INFO - Executing <Task(PythonOperator): get_data> on 2026-01-16 08:00:00+00:00
[2026-01-16T09:00:01.890+0000] {standard_task_runner.py:60} INFO - Started process 46202 to run task
[2026-01-16T09:00:01.893+0000] {standard_task_runner.py:87} INFO - Running: ['***', 'tasks', 'run', 'ModelDevelop', 'get_data', 'scheduled__2026-01-16T08:00:00+00:00', '--job-id', '690', '--raw', '--subdir', 'DAGS_FOLDER/example.py', '--cfg-path', '/tmp/tmpjcfzs75q']
[2026-01-16T09:00:01.893+0000] {standard_task_runner.py:88} INFO - Job 690: Subtask get_data
[2026-01-16T09:00:01.903+0000] {warnings.py:109} WARNING - /home/***/.local/lib/python3.9/site-packages/***/settings.py:194: DeprecationWarning: The sql_alchemy_conn option in [core] has been moved to the sql_alchemy_conn option in [database] - the old setting has been used, but please update your config.
  SQL_ALCHEMY_CONN = conf.get("database", "SQL_ALCHEMY_CONN")

[2026-01-16T09:00:01.925+0000] {task_command.py:423} INFO - Running <TaskInstance: ModelDevelop.get_data scheduled__2026-01-16T08:00:00+00:00 [running]> on host 8a4f043652f0
[2026-01-16T09:00:01.970+0000] {taskinstance.py:2513} INFO - Exporting env vars: AIRFLOW_CTX_DAG_OWNER='***' AIRFLOW_CTX_DAG_ID='ModelDevelop' AIRFLOW_CTX_TASK_ID='get_data' AIRFLOW_CTX_EXECUTION_DATE='2026-01-16T08:00:00+00:00' AIRFLOW_CTX_TRY_NUMBER='1' AIRFLOW_CTX_DAG_RUN_ID='scheduled__2026-01-16T08:00:00+00:00'
[2026-01-16T09:00:01.978+0000] {python.py:202} INFO - Done. Returned value was: ./iris.csv
[2026-01-16T09:00:01.991+0000] {taskinstance.py:1149} INFO - Marking task as SUCCESS. dag_id=ModelDevelop, task_id=get_data, execution_date=20260116T080000, start_date=20260116T090001, end_date=20260116T090001
[2026-01-16T09:00:02.024+0000] {local_task_job_runner.py:234} INFO - Task exited with return code 0
[2026-01-16T09:00:02.037+0000] {taskinstance.py:3312} INFO - 0 downstream tasks scheduled from follow-on schedule check
[2026-01-17T13:21:11.177+0000] {taskinstance.py:1979} INFO - Dependencies all met for dep_context=non-requeueable deps ti=<TaskInstance: ModelDevelop.get_data scheduled__2026-01-16T08:00:00+00:00 [queued]>
[2026-01-17T13:21:11.192+0000] {taskinstance.py:1979} INFO - Dependencies all met for dep_context=requeueable deps ti=<TaskInstance: ModelDevelop.get_data scheduled__2026-01-16T08:00:00+00:00 [queued]>
[2026-01-17T13:21:11.192+0000] {taskinstance.py:2193} INFO - Starting attempt 1 of 2
[2026-01-17T13:21:11.210+0000] {taskinstance.py:2217} INFO - Executing <Task(PythonOperator): get_data> on 2026-01-16 08:00:00+00:00
[2026-01-17T13:21:11.220+0000] {standard_task_runner.py:60} INFO - Started process 45704 to run task
[2026-01-17T13:21:11.225+0000] {standard_task_runner.py:87} INFO - Running: ['***', 'tasks', 'run', 'ModelDevelop', 'get_data', 'scheduled__2026-01-16T08:00:00+00:00', '--job-id', '683', '--raw', '--subdir', 'DAGS_FOLDER/example.py', '--cfg-path', '/tmp/tmp1px5vqcz']
[2026-01-17T13:21:11.226+0000] {standard_task_runner.py:88} INFO - Job 683: Subtask get_data
[2026-01-17T13:21:11.238+0000] {warnings.py:109} WARNING - /home/***/.local/lib/python3.9/site-packages/***/settings.py:194: DeprecationWarning: The sql_alchemy_conn option in [core] has been moved to the sql_alchemy_conn option in [database] - the old setting has been used, but please update your config.
  SQL_ALCHEMY_CONN = conf.get("database", "SQL_ALCHEMY_CONN")

[2026-01-17T13:21:11.267+0000] {task_command.py:423} INFO - Running <TaskInstance: ModelDevelop.get_data scheduled__2026-01-16T08:00:00+00:00 [running]> on host ed3184b6b543
[2026-01-17T13:21:11.362+0000] {taskinstance.py:2513} INFO - Exporting env vars: AIRFLOW_CTX_DAG_OWNER='***' AIRFLOW_CTX_DAG_ID='ModelDevelop' AIRFLOW_CTX_TASK_ID='get_data' AIRFLOW_CTX_EXECUTION_DATE='2026-01-16T08:00:00+00:00' AIRFLOW_CTX_TRY_NUMBER='1' AIRFLOW_CTX_DAG_RUN_ID='scheduled__2026-01-16T08:00:00+00:00'
[2026-01-17T13:21:11.373+0000] {python.py:202} INFO - Done. Returned value was: ./iris.csv
[2026-01-17T13:21:11.387+0000] {taskinstance.py:1149} INFO - Marking task as SUCCESS. dag_id=ModelDevelop, task_id=get_data, execution_date=20260116T080000, start_date=20260117T132111, end_date=20260117T132111
[2026-01-17T13:21:11.435+0000] {local_task_job_runner.py:234} INFO - Task exited with return code 0
[2026-01-17T13:21:11.452+0000] {taskinstance.py:3312} INFO - 1 downstream tasks scheduled from follow-on schedule check
[2026-01-17T13:42:45.875+0000] {taskinstance.py:1979} INFO - Dependencies all met for dep_context=non-requeueable deps ti=<TaskInstance: ModelDevelop.get_data scheduled__2026-01-16T08:00:00+00:00 [queued]>
[2026-01-17T13:42:45.882+0000] {taskinstance.py:1979} INFO - Dependencies all met for dep_context=requeueable deps ti=<TaskInstance: ModelDevelop.get_data scheduled__2026-01-16T08:00:00+00:00 [queued]>
[2026-01-17T13:42:45.882+0000] {taskinstance.py:2193} INFO - Starting attempt 1 of 2
[2026-01-17T13:42:45.900+0000] {taskinstance.py:2217} INFO - Executing <Task(PythonOperator): get_data> on 2026-01-16 08:00:00+00:00
[2026-01-17T13:42:45.910+0000] {standard_task_runner.py:60} INFO - Started process 46270 to run task
[2026-01-17T13:42:45.917+0000] {standard_task_runner.py:87} INFO - Running: ['***', 'tasks', 'run', 'ModelDevelop', 'get_data', 'scheduled__2026-01-16T08:00:00+00:00', '--job-id', '687', '--raw', '--subdir', 'DAGS_FOLDER/example.py', '--cfg-path', '/tmp/tmpwwlnwxud']
[2026-01-17T13:42:45.918+0000] {standard_task_runner.py:88} INFO - Job 687: Subtask get_data
[2026-01-17T13:42:45.928+0000] {warnings.py:109} WARNING - /home/***/.local/lib/python3.9/site-packages/***/settings.py:194: DeprecationWarning: The sql_alchemy_conn option in [core] has been moved to the sql_alchemy_conn option in [database] - the old setting has been used, but please update your config.
  SQL_ALCHEMY_CONN = conf.get("database", "SQL_ALCHEMY_CONN")

[2026-01-17T13:42:45.952+0000] {task_command.py:423} INFO - Running <TaskInstance: ModelDevelop.get_data scheduled__2026-01-16T08:00:00+00:00 [running]> on host 5330652dc216
[2026-01-17T13:42:46.057+0000] {taskinstance.py:2513} INFO - Exporting env vars: AIRFLOW_CTX_DAG_OWNER='***' AIRFLOW_CTX_DAG_ID='ModelDevelop' AIRFLOW_CTX_TASK_ID='get_data' AIRFLOW_CTX_EXECUTION_DATE='2026-01-16T08:00:00+00:00' AIRFLOW_CTX_TRY_NUMBER='1' AIRFLOW_CTX_DAG_RUN_ID='scheduled__2026-01-16T08:00:00+00:00'
[2026-01-17T13:42:46.067+0000] {python.py:202} INFO - Done. Returned value was: ./iris.csv
[2026-01-17T13:42:46.082+0000] {taskinstance.py:1149} INFO - Marking task as SUCCESS. dag_id=ModelDevelop, task_id=get_data, execution_date=20260116T080000, start_date=20260117T134245, end_date=20260117T134246
[2026-01-17T13:42:46.126+0000] {local_task_job_runner.py:234} INFO - Task exited with return code 0
[2026-01-17T13:42:46.155+0000] {taskinstance.py:3312} INFO - 1 downstream tasks scheduled from follow-on schedule check
