[2026-01-16T07:56:27.028+0000] {taskinstance.py:1979} INFO - Dependencies all met for dep_context=non-requeueable deps ti=<TaskInstance: ModelDevelop.get_data scheduled__2026-01-12T01:00:00+00:00 [queued]>
[2026-01-16T07:56:27.035+0000] {taskinstance.py:1979} INFO - Dependencies all met for dep_context=requeueable deps ti=<TaskInstance: ModelDevelop.get_data scheduled__2026-01-12T01:00:00+00:00 [queued]>
[2026-01-16T07:56:27.035+0000] {taskinstance.py:2193} INFO - Starting attempt 1 of 2
[2026-01-16T07:56:27.044+0000] {taskinstance.py:2217} INFO - Executing <Task(PythonOperator): get_data> on 2026-01-12 01:00:00+00:00
[2026-01-16T07:56:27.050+0000] {standard_task_runner.py:60} INFO - Started process 32570 to run task
[2026-01-16T07:56:27.052+0000] {standard_task_runner.py:87} INFO - Running: ['***', 'tasks', 'run', 'ModelDevelop', 'get_data', 'scheduled__2026-01-12T01:00:00+00:00', '--job-id', '483', '--raw', '--subdir', 'DAGS_FOLDER/example.py', '--cfg-path', '/tmp/tmp1gjm7fra']
[2026-01-16T07:56:27.053+0000] {standard_task_runner.py:88} INFO - Job 483: Subtask get_data
[2026-01-16T07:56:27.062+0000] {warnings.py:109} WARNING - /home/***/.local/lib/python3.9/site-packages/***/settings.py:194: DeprecationWarning: The sql_alchemy_conn option in [core] has been moved to the sql_alchemy_conn option in [database] - the old setting has been used, but please update your config.
  SQL_ALCHEMY_CONN = conf.get("database", "SQL_ALCHEMY_CONN")

[2026-01-16T07:56:27.098+0000] {task_command.py:423} INFO - Running <TaskInstance: ModelDevelop.get_data scheduled__2026-01-12T01:00:00+00:00 [running]> on host 8a4f043652f0
[2026-01-16T07:56:27.187+0000] {taskinstance.py:2513} INFO - Exporting env vars: AIRFLOW_CTX_DAG_OWNER='***' AIRFLOW_CTX_DAG_ID='ModelDevelop' AIRFLOW_CTX_TASK_ID='get_data' AIRFLOW_CTX_EXECUTION_DATE='2026-01-12T01:00:00+00:00' AIRFLOW_CTX_TRY_NUMBER='1' AIRFLOW_CTX_DAG_RUN_ID='scheduled__2026-01-12T01:00:00+00:00'
[2026-01-16T07:56:27.197+0000] {python.py:202} INFO - Done. Returned value was: ./iris.csv
[2026-01-16T07:56:27.211+0000] {taskinstance.py:1149} INFO - Marking task as SUCCESS. dag_id=ModelDevelop, task_id=get_data, execution_date=20260112T010000, start_date=20260116T075627, end_date=20260116T075627
[2026-01-16T07:56:27.264+0000] {local_task_job_runner.py:234} INFO - Task exited with return code 0
[2026-01-16T07:56:27.292+0000] {taskinstance.py:3312} INFO - 0 downstream tasks scheduled from follow-on schedule check
[2026-01-17T13:20:11.537+0000] {taskinstance.py:1979} INFO - Dependencies all met for dep_context=non-requeueable deps ti=<TaskInstance: ModelDevelop.get_data scheduled__2026-01-12T01:00:00+00:00 [queued]>
[2026-01-17T13:20:11.547+0000] {taskinstance.py:1979} INFO - Dependencies all met for dep_context=requeueable deps ti=<TaskInstance: ModelDevelop.get_data scheduled__2026-01-12T01:00:00+00:00 [queued]>
[2026-01-17T13:20:11.547+0000] {taskinstance.py:2193} INFO - Starting attempt 1 of 2
[2026-01-17T13:20:11.556+0000] {taskinstance.py:2217} INFO - Executing <Task(PythonOperator): get_data> on 2026-01-12 01:00:00+00:00
[2026-01-17T13:20:11.564+0000] {standard_task_runner.py:60} INFO - Started process 32670 to run task
[2026-01-17T13:20:11.566+0000] {standard_task_runner.py:87} INFO - Running: ['***', 'tasks', 'run', 'ModelDevelop', 'get_data', 'scheduled__2026-01-12T01:00:00+00:00', '--job-id', '484', '--raw', '--subdir', 'DAGS_FOLDER/example.py', '--cfg-path', '/tmp/tmp7ye8la4_']
[2026-01-17T13:20:11.566+0000] {standard_task_runner.py:88} INFO - Job 484: Subtask get_data
[2026-01-17T13:20:11.576+0000] {warnings.py:109} WARNING - /home/***/.local/lib/python3.9/site-packages/***/settings.py:194: DeprecationWarning: The sql_alchemy_conn option in [core] has been moved to the sql_alchemy_conn option in [database] - the old setting has been used, but please update your config.
  SQL_ALCHEMY_CONN = conf.get("database", "SQL_ALCHEMY_CONN")

[2026-01-17T13:20:11.602+0000] {task_command.py:423} INFO - Running <TaskInstance: ModelDevelop.get_data scheduled__2026-01-12T01:00:00+00:00 [running]> on host ed3184b6b543
[2026-01-17T13:20:11.714+0000] {taskinstance.py:2513} INFO - Exporting env vars: AIRFLOW_CTX_DAG_OWNER='***' AIRFLOW_CTX_DAG_ID='ModelDevelop' AIRFLOW_CTX_TASK_ID='get_data' AIRFLOW_CTX_EXECUTION_DATE='2026-01-12T01:00:00+00:00' AIRFLOW_CTX_TRY_NUMBER='1' AIRFLOW_CTX_DAG_RUN_ID='scheduled__2026-01-12T01:00:00+00:00'
[2026-01-17T13:20:11.725+0000] {python.py:202} INFO - Done. Returned value was: ./iris.csv
[2026-01-17T13:20:11.741+0000] {taskinstance.py:1149} INFO - Marking task as SUCCESS. dag_id=ModelDevelop, task_id=get_data, execution_date=20260112T010000, start_date=20260117T132011, end_date=20260117T132011
[2026-01-17T13:20:11.860+0000] {local_task_job_runner.py:234} INFO - Task exited with return code 0
[2026-01-17T13:20:11.900+0000] {taskinstance.py:3312} INFO - 1 downstream tasks scheduled from follow-on schedule check
[2026-01-17T13:41:33.041+0000] {taskinstance.py:1979} INFO - Dependencies all met for dep_context=non-requeueable deps ti=<TaskInstance: ModelDevelop.get_data scheduled__2026-01-12T01:00:00+00:00 [queued]>
[2026-01-17T13:41:33.047+0000] {taskinstance.py:1979} INFO - Dependencies all met for dep_context=requeueable deps ti=<TaskInstance: ModelDevelop.get_data scheduled__2026-01-12T01:00:00+00:00 [queued]>
[2026-01-17T13:41:33.047+0000] {taskinstance.py:2193} INFO - Starting attempt 1 of 2
[2026-01-17T13:41:33.057+0000] {taskinstance.py:2217} INFO - Executing <Task(PythonOperator): get_data> on 2026-01-12 01:00:00+00:00
[2026-01-17T13:41:33.064+0000] {standard_task_runner.py:60} INFO - Started process 31600 to run task
[2026-01-17T13:41:33.082+0000] {standard_task_runner.py:87} INFO - Running: ['***', 'tasks', 'run', 'ModelDevelop', 'get_data', 'scheduled__2026-01-12T01:00:00+00:00', '--job-id', '474', '--raw', '--subdir', 'DAGS_FOLDER/example.py', '--cfg-path', '/tmp/tmpg77grupq']
[2026-01-17T13:41:33.083+0000] {standard_task_runner.py:88} INFO - Job 474: Subtask get_data
[2026-01-17T13:41:33.137+0000] {warnings.py:109} WARNING - /home/***/.local/lib/python3.9/site-packages/***/settings.py:194: DeprecationWarning: The sql_alchemy_conn option in [core] has been moved to the sql_alchemy_conn option in [database] - the old setting has been used, but please update your config.
  SQL_ALCHEMY_CONN = conf.get("database", "SQL_ALCHEMY_CONN")

[2026-01-17T13:41:33.176+0000] {task_command.py:423} INFO - Running <TaskInstance: ModelDevelop.get_data scheduled__2026-01-12T01:00:00+00:00 [running]> on host 5330652dc216
[2026-01-17T13:41:33.235+0000] {taskinstance.py:2513} INFO - Exporting env vars: AIRFLOW_CTX_DAG_OWNER='***' AIRFLOW_CTX_DAG_ID='ModelDevelop' AIRFLOW_CTX_TASK_ID='get_data' AIRFLOW_CTX_EXECUTION_DATE='2026-01-12T01:00:00+00:00' AIRFLOW_CTX_TRY_NUMBER='1' AIRFLOW_CTX_DAG_RUN_ID='scheduled__2026-01-12T01:00:00+00:00'
[2026-01-17T13:41:33.243+0000] {python.py:202} INFO - Done. Returned value was: ./iris.csv
[2026-01-17T13:41:33.257+0000] {taskinstance.py:1149} INFO - Marking task as SUCCESS. dag_id=ModelDevelop, task_id=get_data, execution_date=20260112T010000, start_date=20260117T134133, end_date=20260117T134133
[2026-01-17T13:41:33.288+0000] {local_task_job_runner.py:234} INFO - Task exited with return code 0
[2026-01-17T13:41:33.308+0000] {taskinstance.py:3312} INFO - 1 downstream tasks scheduled from follow-on schedule check
