[2026-01-02T03:48:36.972+0000] {taskinstance.py:1165} INFO - Dependencies all met for <TaskInstance: ModelDevelop.get_data manual__2026-01-02T03:48:36.086188+00:00 [queued]>
[2026-01-02T03:48:36.977+0000] {taskinstance.py:1165} INFO - Dependencies all met for <TaskInstance: ModelDevelop.get_data manual__2026-01-02T03:48:36.086188+00:00 [queued]>
[2026-01-02T03:48:36.977+0000] {taskinstance.py:1362} INFO - 
--------------------------------------------------------------------------------
[2026-01-02T03:48:36.977+0000] {taskinstance.py:1363} INFO - Starting attempt 1 of 2
[2026-01-02T03:48:36.977+0000] {taskinstance.py:1364} INFO - 
--------------------------------------------------------------------------------
[2026-01-02T03:48:36.984+0000] {taskinstance.py:1383} INFO - Executing <Task(PythonOperator): get_data> on 2026-01-02 03:48:36.086188+00:00
[2026-01-02T03:48:36.988+0000] {standard_task_runner.py:54} INFO - Started process 273 to run task
[2026-01-02T03:48:36.990+0000] {standard_task_runner.py:82} INFO - Running: ['***', 'tasks', 'run', 'ModelDevelop', 'get_data', 'manual__2026-01-02T03:48:36.086188+00:00', '--job-id', '66', '--raw', '--subdir', 'DAGS_FOLDER/psjung_dag.py', '--cfg-path', '/tmp/tmppkf4j6mt']
[2026-01-02T03:48:36.990+0000] {standard_task_runner.py:83} INFO - Job 66: Subtask get_data
[2026-01-02T03:48:36.991+0000] {dagbag.py:525} INFO - Filling up the DagBag from /opt/***/dags/psjung_dag.py
[2026-01-02T03:48:37.596+0000] {warnings.py:110} WARNING - /home/***/.local/lib/python3.7/site-packages/***/configuration.py:545: DeprecationWarning: The sql_alchemy_conn option in [core] has been moved to the sql_alchemy_conn option in [database] - the old setting has been used, but please update your config.
  option = self._get_environment_variables(deprecated_key, deprecated_section, key, section)

[2026-01-02T03:48:37.625+0000] {task_command.py:384} INFO - Running <TaskInstance: ModelDevelop.get_data manual__2026-01-02T03:48:36.086188+00:00 [running]> on host 81eec80a5533
[2026-01-02T03:48:37.662+0000] {taskinstance.py:1592} INFO - Exporting the following env vars:
AIRFLOW_CTX_DAG_OWNER=***
AIRFLOW_CTX_DAG_ID=ModelDevelop
AIRFLOW_CTX_TASK_ID=get_data
AIRFLOW_CTX_EXECUTION_DATE=2026-01-02T03:48:36.086188+00:00
AIRFLOW_CTX_TRY_NUMBER=1
AIRFLOW_CTX_DAG_RUN_ID=manual__2026-01-02T03:48:36.086188+00:00
[2026-01-02T03:48:37.669+0000] {logging_mixin.py:117} INFO -     sepal_length  sepal_width  petal_length  petal_width  target
49           5.0          3.3           1.4          0.2       0
[2026-01-02T03:48:37.670+0000] {python.py:177} INFO - Done. Returned value was: ./iris.csv
[2026-01-02T03:48:37.683+0000] {taskinstance.py:1406} INFO - Marking task as SUCCESS. dag_id=ModelDevelop, task_id=get_data, execution_date=20260102T034836, start_date=20260102T034836, end_date=20260102T034837
[2026-01-02T03:48:37.722+0000] {local_task_job.py:164} INFO - Task exited with return code 0
[2026-01-02T03:48:37.738+0000] {local_task_job.py:273} INFO - 1 downstream tasks scheduled from follow-on schedule check
