[2026-01-16T07:53:47.168+0000] {taskinstance.py:1979} INFO - Dependencies all met for dep_context=non-requeueable deps ti=<TaskInstance: ModelDevelop.get_data scheduled__2026-01-02T06:00:00+00:00 [queued]>
[2026-01-16T07:53:47.175+0000] {taskinstance.py:1979} INFO - Dependencies all met for dep_context=requeueable deps ti=<TaskInstance: ModelDevelop.get_data scheduled__2026-01-02T06:00:00+00:00 [queued]>
[2026-01-16T07:53:47.175+0000] {taskinstance.py:2193} INFO - Starting attempt 1 of 2
[2026-01-16T07:53:47.185+0000] {taskinstance.py:2217} INFO - Executing <Task(PythonOperator): get_data> on 2026-01-02 06:00:00+00:00
[2026-01-16T07:53:47.193+0000] {standard_task_runner.py:60} INFO - Started process 602 to run task
[2026-01-16T07:53:47.196+0000] {standard_task_runner.py:87} INFO - Running: ['***', 'tasks', 'run', 'ModelDevelop', 'get_data', 'scheduled__2026-01-02T06:00:00+00:00', '--job-id', '3', '--raw', '--subdir', 'DAGS_FOLDER/example.py', '--cfg-path', '/tmp/tmpby_cu2wz']
[2026-01-16T07:53:47.197+0000] {standard_task_runner.py:88} INFO - Job 3: Subtask get_data
[2026-01-16T07:53:47.206+0000] {warnings.py:109} WARNING - /home/***/.local/lib/python3.9/site-packages/***/settings.py:194: DeprecationWarning: The sql_alchemy_conn option in [core] has been moved to the sql_alchemy_conn option in [database] - the old setting has been used, but please update your config.
  SQL_ALCHEMY_CONN = conf.get("database", "SQL_ALCHEMY_CONN")

[2026-01-16T07:53:47.235+0000] {task_command.py:423} INFO - Running <TaskInstance: ModelDevelop.get_data scheduled__2026-01-02T06:00:00+00:00 [running]> on host 8a4f043652f0
[2026-01-16T07:53:47.289+0000] {taskinstance.py:2513} INFO - Exporting env vars: AIRFLOW_CTX_DAG_OWNER='***' AIRFLOW_CTX_DAG_ID='ModelDevelop' AIRFLOW_CTX_TASK_ID='get_data' AIRFLOW_CTX_EXECUTION_DATE='2026-01-02T06:00:00+00:00' AIRFLOW_CTX_TRY_NUMBER='1' AIRFLOW_CTX_DAG_RUN_ID='scheduled__2026-01-02T06:00:00+00:00'
[2026-01-16T07:53:47.300+0000] {python.py:202} INFO - Done. Returned value was: ./iris.csv
[2026-01-16T07:53:47.316+0000] {taskinstance.py:1149} INFO - Marking task as SUCCESS. dag_id=ModelDevelop, task_id=get_data, execution_date=20260102T060000, start_date=20260116T075347, end_date=20260116T075347
[2026-01-16T07:53:47.368+0000] {local_task_job_runner.py:234} INFO - Task exited with return code 0
[2026-01-16T07:53:47.387+0000] {taskinstance.py:3312} INFO - 1 downstream tasks scheduled from follow-on schedule check
[2026-01-17T13:17:28.413+0000] {taskinstance.py:1979} INFO - Dependencies all met for dep_context=non-requeueable deps ti=<TaskInstance: ModelDevelop.get_data scheduled__2026-01-02T06:00:00+00:00 [queued]>
[2026-01-17T13:17:28.419+0000] {taskinstance.py:1979} INFO - Dependencies all met for dep_context=requeueable deps ti=<TaskInstance: ModelDevelop.get_data scheduled__2026-01-02T06:00:00+00:00 [queued]>
[2026-01-17T13:17:28.420+0000] {taskinstance.py:2193} INFO - Starting attempt 1 of 2
[2026-01-17T13:17:28.428+0000] {taskinstance.py:2217} INFO - Executing <Task(PythonOperator): get_data> on 2026-01-02 06:00:00+00:00
[2026-01-17T13:17:28.436+0000] {standard_task_runner.py:60} INFO - Started process 602 to run task
[2026-01-17T13:17:28.439+0000] {standard_task_runner.py:87} INFO - Running: ['***', 'tasks', 'run', 'ModelDevelop', 'get_data', 'scheduled__2026-01-02T06:00:00+00:00', '--job-id', '3', '--raw', '--subdir', 'DAGS_FOLDER/example.py', '--cfg-path', '/tmp/tmpl2fbch0s']
[2026-01-17T13:17:28.440+0000] {standard_task_runner.py:88} INFO - Job 3: Subtask get_data
[2026-01-17T13:17:28.452+0000] {warnings.py:109} WARNING - /home/***/.local/lib/python3.9/site-packages/***/settings.py:194: DeprecationWarning: The sql_alchemy_conn option in [core] has been moved to the sql_alchemy_conn option in [database] - the old setting has been used, but please update your config.
  SQL_ALCHEMY_CONN = conf.get("database", "SQL_ALCHEMY_CONN")

[2026-01-17T13:17:28.480+0000] {task_command.py:423} INFO - Running <TaskInstance: ModelDevelop.get_data scheduled__2026-01-02T06:00:00+00:00 [running]> on host ed3184b6b543
[2026-01-17T13:17:28.536+0000] {taskinstance.py:2513} INFO - Exporting env vars: AIRFLOW_CTX_DAG_OWNER='***' AIRFLOW_CTX_DAG_ID='ModelDevelop' AIRFLOW_CTX_TASK_ID='get_data' AIRFLOW_CTX_EXECUTION_DATE='2026-01-02T06:00:00+00:00' AIRFLOW_CTX_TRY_NUMBER='1' AIRFLOW_CTX_DAG_RUN_ID='scheduled__2026-01-02T06:00:00+00:00'
[2026-01-17T13:17:28.546+0000] {python.py:202} INFO - Done. Returned value was: ./iris.csv
[2026-01-17T13:17:28.561+0000] {taskinstance.py:1149} INFO - Marking task as SUCCESS. dag_id=ModelDevelop, task_id=get_data, execution_date=20260102T060000, start_date=20260117T131728, end_date=20260117T131728
[2026-01-17T13:17:28.611+0000] {local_task_job_runner.py:234} INFO - Task exited with return code 0
[2026-01-17T13:17:28.626+0000] {taskinstance.py:3312} INFO - 1 downstream tasks scheduled from follow-on schedule check
[2026-01-17T13:38:39.752+0000] {taskinstance.py:1979} INFO - Dependencies all met for dep_context=non-requeueable deps ti=<TaskInstance: ModelDevelop.get_data scheduled__2026-01-02T06:00:00+00:00 [queued]>
[2026-01-17T13:38:39.758+0000] {taskinstance.py:1979} INFO - Dependencies all met for dep_context=requeueable deps ti=<TaskInstance: ModelDevelop.get_data scheduled__2026-01-02T06:00:00+00:00 [queued]>
[2026-01-17T13:38:39.758+0000] {taskinstance.py:2193} INFO - Starting attempt 1 of 2
[2026-01-17T13:38:39.765+0000] {taskinstance.py:2217} INFO - Executing <Task(PythonOperator): get_data> on 2026-01-02 06:00:00+00:00
[2026-01-17T13:38:39.771+0000] {standard_task_runner.py:60} INFO - Started process 601 to run task
[2026-01-17T13:38:39.773+0000] {standard_task_runner.py:87} INFO - Running: ['***', 'tasks', 'run', 'ModelDevelop', 'get_data', 'scheduled__2026-01-02T06:00:00+00:00', '--job-id', '3', '--raw', '--subdir', 'DAGS_FOLDER/example.py', '--cfg-path', '/tmp/tmpdn8_lvus']
[2026-01-17T13:38:39.774+0000] {standard_task_runner.py:88} INFO - Job 3: Subtask get_data
[2026-01-17T13:38:39.786+0000] {warnings.py:109} WARNING - /home/***/.local/lib/python3.9/site-packages/***/settings.py:194: DeprecationWarning: The sql_alchemy_conn option in [core] has been moved to the sql_alchemy_conn option in [database] - the old setting has been used, but please update your config.
  SQL_ALCHEMY_CONN = conf.get("database", "SQL_ALCHEMY_CONN")

[2026-01-17T13:38:39.812+0000] {task_command.py:423} INFO - Running <TaskInstance: ModelDevelop.get_data scheduled__2026-01-02T06:00:00+00:00 [running]> on host 5330652dc216
[2026-01-17T13:38:39.870+0000] {taskinstance.py:2513} INFO - Exporting env vars: AIRFLOW_CTX_DAG_OWNER='***' AIRFLOW_CTX_DAG_ID='ModelDevelop' AIRFLOW_CTX_TASK_ID='get_data' AIRFLOW_CTX_EXECUTION_DATE='2026-01-02T06:00:00+00:00' AIRFLOW_CTX_TRY_NUMBER='1' AIRFLOW_CTX_DAG_RUN_ID='scheduled__2026-01-02T06:00:00+00:00'
[2026-01-17T13:38:39.882+0000] {python.py:202} INFO - Done. Returned value was: ./iris.csv
[2026-01-17T13:38:39.896+0000] {taskinstance.py:1149} INFO - Marking task as SUCCESS. dag_id=ModelDevelop, task_id=get_data, execution_date=20260102T060000, start_date=20260117T133839, end_date=20260117T133839
[2026-01-17T13:38:39.946+0000] {local_task_job_runner.py:234} INFO - Task exited with return code 0
[2026-01-17T13:38:39.964+0000] {taskinstance.py:3312} INFO - 1 downstream tasks scheduled from follow-on schedule check
