[2026-01-16T07:55:48.707+0000] {taskinstance.py:1979} INFO - Dependencies all met for dep_context=non-requeueable deps ti=<TaskInstance: ModelDevelop.get_data scheduled__2026-01-09T14:00:00+00:00 [queued]>
[2026-01-16T07:55:48.713+0000] {taskinstance.py:1979} INFO - Dependencies all met for dep_context=requeueable deps ti=<TaskInstance: ModelDevelop.get_data scheduled__2026-01-09T14:00:00+00:00 [queued]>
[2026-01-16T07:55:48.714+0000] {taskinstance.py:2193} INFO - Starting attempt 1 of 2
[2026-01-16T07:55:48.724+0000] {taskinstance.py:2217} INFO - Executing <Task(PythonOperator): get_data> on 2026-01-09 14:00:00+00:00
[2026-01-16T07:55:48.731+0000] {standard_task_runner.py:60} INFO - Started process 24096 to run task
[2026-01-16T07:55:48.733+0000] {standard_task_runner.py:87} INFO - Running: ['***', 'tasks', 'run', 'ModelDevelop', 'get_data', 'scheduled__2026-01-09T14:00:00+00:00', '--job-id', '360', '--raw', '--subdir', 'DAGS_FOLDER/example.py', '--cfg-path', '/tmp/tmpe54m4is9']
[2026-01-16T07:55:48.734+0000] {standard_task_runner.py:88} INFO - Job 360: Subtask get_data
[2026-01-16T07:55:48.744+0000] {warnings.py:109} WARNING - /home/***/.local/lib/python3.9/site-packages/***/settings.py:194: DeprecationWarning: The sql_alchemy_conn option in [core] has been moved to the sql_alchemy_conn option in [database] - the old setting has been used, but please update your config.
  SQL_ALCHEMY_CONN = conf.get("database", "SQL_ALCHEMY_CONN")

[2026-01-16T07:55:48.776+0000] {task_command.py:423} INFO - Running <TaskInstance: ModelDevelop.get_data scheduled__2026-01-09T14:00:00+00:00 [running]> on host 8a4f043652f0
[2026-01-16T07:55:48.836+0000] {taskinstance.py:2513} INFO - Exporting env vars: AIRFLOW_CTX_DAG_OWNER='***' AIRFLOW_CTX_DAG_ID='ModelDevelop' AIRFLOW_CTX_TASK_ID='get_data' AIRFLOW_CTX_EXECUTION_DATE='2026-01-09T14:00:00+00:00' AIRFLOW_CTX_TRY_NUMBER='1' AIRFLOW_CTX_DAG_RUN_ID='scheduled__2026-01-09T14:00:00+00:00'
[2026-01-16T07:55:48.848+0000] {python.py:202} INFO - Done. Returned value was: ./iris.csv
[2026-01-16T07:55:48.864+0000] {taskinstance.py:1149} INFO - Marking task as SUCCESS. dag_id=ModelDevelop, task_id=get_data, execution_date=20260109T140000, start_date=20260116T075548, end_date=20260116T075548
[2026-01-16T07:55:48.905+0000] {local_task_job_runner.py:234} INFO - Task exited with return code 0
[2026-01-16T07:55:48.925+0000] {taskinstance.py:3312} INFO - 1 downstream tasks scheduled from follow-on schedule check
[2026-01-17T13:19:30.118+0000] {taskinstance.py:1979} INFO - Dependencies all met for dep_context=non-requeueable deps ti=<TaskInstance: ModelDevelop.get_data scheduled__2026-01-09T14:00:00+00:00 [queued]>
[2026-01-17T13:19:30.125+0000] {taskinstance.py:1979} INFO - Dependencies all met for dep_context=requeueable deps ti=<TaskInstance: ModelDevelop.get_data scheduled__2026-01-09T14:00:00+00:00 [queued]>
[2026-01-17T13:19:30.125+0000] {taskinstance.py:2193} INFO - Starting attempt 1 of 2
[2026-01-17T13:19:30.135+0000] {taskinstance.py:2217} INFO - Executing <Task(PythonOperator): get_data> on 2026-01-09 14:00:00+00:00
[2026-01-17T13:19:30.146+0000] {standard_task_runner.py:60} INFO - Started process 24230 to run task
[2026-01-17T13:19:30.178+0000] {standard_task_runner.py:87} INFO - Running: ['***', 'tasks', 'run', 'ModelDevelop', 'get_data', 'scheduled__2026-01-09T14:00:00+00:00', '--job-id', '361', '--raw', '--subdir', 'DAGS_FOLDER/example.py', '--cfg-path', '/tmp/tmpvw0c_lrp']
[2026-01-17T13:19:30.179+0000] {standard_task_runner.py:88} INFO - Job 361: Subtask get_data
[2026-01-17T13:19:30.199+0000] {warnings.py:109} WARNING - /home/***/.local/lib/python3.9/site-packages/***/settings.py:194: DeprecationWarning: The sql_alchemy_conn option in [core] has been moved to the sql_alchemy_conn option in [database] - the old setting has been used, but please update your config.
  SQL_ALCHEMY_CONN = conf.get("database", "SQL_ALCHEMY_CONN")

[2026-01-17T13:19:30.228+0000] {task_command.py:423} INFO - Running <TaskInstance: ModelDevelop.get_data scheduled__2026-01-09T14:00:00+00:00 [running]> on host ed3184b6b543
[2026-01-17T13:19:30.291+0000] {taskinstance.py:2513} INFO - Exporting env vars: AIRFLOW_CTX_DAG_OWNER='***' AIRFLOW_CTX_DAG_ID='ModelDevelop' AIRFLOW_CTX_TASK_ID='get_data' AIRFLOW_CTX_EXECUTION_DATE='2026-01-09T14:00:00+00:00' AIRFLOW_CTX_TRY_NUMBER='1' AIRFLOW_CTX_DAG_RUN_ID='scheduled__2026-01-09T14:00:00+00:00'
[2026-01-17T13:19:30.303+0000] {python.py:202} INFO - Done. Returned value was: ./iris.csv
[2026-01-17T13:19:30.321+0000] {taskinstance.py:1149} INFO - Marking task as SUCCESS. dag_id=ModelDevelop, task_id=get_data, execution_date=20260109T140000, start_date=20260117T131930, end_date=20260117T131930
[2026-01-17T13:19:30.361+0000] {local_task_job_runner.py:234} INFO - Task exited with return code 0
[2026-01-17T13:19:30.396+0000] {taskinstance.py:3312} INFO - 1 downstream tasks scheduled from follow-on schedule check
[2026-01-17T13:40:57.023+0000] {taskinstance.py:1979} INFO - Dependencies all met for dep_context=non-requeueable deps ti=<TaskInstance: ModelDevelop.get_data scheduled__2026-01-09T14:00:00+00:00 [queued]>
[2026-01-17T13:40:57.029+0000] {taskinstance.py:1979} INFO - Dependencies all met for dep_context=requeueable deps ti=<TaskInstance: ModelDevelop.get_data scheduled__2026-01-09T14:00:00+00:00 [queued]>
[2026-01-17T13:40:57.029+0000] {taskinstance.py:2193} INFO - Starting attempt 1 of 2
[2026-01-17T13:40:57.082+0000] {taskinstance.py:2217} INFO - Executing <Task(PythonOperator): get_data> on 2026-01-09 14:00:00+00:00
[2026-01-17T13:40:57.089+0000] {standard_task_runner.py:60} INFO - Started process 24763 to run task
[2026-01-17T13:40:57.091+0000] {standard_task_runner.py:87} INFO - Running: ['***', 'tasks', 'run', 'ModelDevelop', 'get_data', 'scheduled__2026-01-09T14:00:00+00:00', '--job-id', '366', '--raw', '--subdir', 'DAGS_FOLDER/example.py', '--cfg-path', '/tmp/tmp05ihiy3k']
[2026-01-17T13:40:57.092+0000] {standard_task_runner.py:88} INFO - Job 366: Subtask get_data
[2026-01-17T13:40:57.101+0000] {warnings.py:109} WARNING - /home/***/.local/lib/python3.9/site-packages/***/settings.py:194: DeprecationWarning: The sql_alchemy_conn option in [core] has been moved to the sql_alchemy_conn option in [database] - the old setting has been used, but please update your config.
  SQL_ALCHEMY_CONN = conf.get("database", "SQL_ALCHEMY_CONN")

[2026-01-17T13:40:57.127+0000] {task_command.py:423} INFO - Running <TaskInstance: ModelDevelop.get_data scheduled__2026-01-09T14:00:00+00:00 [running]> on host 5330652dc216
[2026-01-17T13:40:57.175+0000] {taskinstance.py:2513} INFO - Exporting env vars: AIRFLOW_CTX_DAG_OWNER='***' AIRFLOW_CTX_DAG_ID='ModelDevelop' AIRFLOW_CTX_TASK_ID='get_data' AIRFLOW_CTX_EXECUTION_DATE='2026-01-09T14:00:00+00:00' AIRFLOW_CTX_TRY_NUMBER='1' AIRFLOW_CTX_DAG_RUN_ID='scheduled__2026-01-09T14:00:00+00:00'
[2026-01-17T13:40:57.184+0000] {python.py:202} INFO - Done. Returned value was: ./iris.csv
[2026-01-17T13:40:57.199+0000] {taskinstance.py:1149} INFO - Marking task as SUCCESS. dag_id=ModelDevelop, task_id=get_data, execution_date=20260109T140000, start_date=20260117T134057, end_date=20260117T134057
[2026-01-17T13:40:57.223+0000] {local_task_job_runner.py:234} INFO - Task exited with return code 0
[2026-01-17T13:40:57.264+0000] {taskinstance.py:3312} INFO - 1 downstream tasks scheduled from follow-on schedule check
