[2026-01-16T07:54:13.818+0000] {taskinstance.py:1979} INFO - Dependencies all met for dep_context=non-requeueable deps ti=<TaskInstance: ModelDevelop.get_data scheduled__2026-01-03T08:00:00+00:00 [queued]>
[2026-01-16T07:54:13.822+0000] {taskinstance.py:1979} INFO - Dependencies all met for dep_context=requeueable deps ti=<TaskInstance: ModelDevelop.get_data scheduled__2026-01-03T08:00:00+00:00 [queued]>
[2026-01-16T07:54:13.823+0000] {taskinstance.py:2193} INFO - Starting attempt 1 of 2
[2026-01-16T07:54:13.829+0000] {taskinstance.py:2217} INFO - Executing <Task(PythonOperator): get_data> on 2026-01-03 08:00:00+00:00
[2026-01-16T07:54:13.835+0000] {standard_task_runner.py:60} INFO - Started process 4664 to run task
[2026-01-16T07:54:13.837+0000] {standard_task_runner.py:87} INFO - Running: ['***', 'tasks', 'run', 'ModelDevelop', 'get_data', 'scheduled__2026-01-03T08:00:00+00:00', '--job-id', '66', '--raw', '--subdir', 'DAGS_FOLDER/example.py', '--cfg-path', '/tmp/tmpuk_hf5ts']
[2026-01-16T07:54:13.838+0000] {standard_task_runner.py:88} INFO - Job 66: Subtask get_data
[2026-01-16T07:54:13.847+0000] {warnings.py:109} WARNING - /home/***/.local/lib/python3.9/site-packages/***/settings.py:194: DeprecationWarning: The sql_alchemy_conn option in [core] has been moved to the sql_alchemy_conn option in [database] - the old setting has been used, but please update your config.
  SQL_ALCHEMY_CONN = conf.get("database", "SQL_ALCHEMY_CONN")

[2026-01-16T07:54:13.870+0000] {task_command.py:423} INFO - Running <TaskInstance: ModelDevelop.get_data scheduled__2026-01-03T08:00:00+00:00 [running]> on host 8a4f043652f0
[2026-01-16T07:54:13.959+0000] {taskinstance.py:2513} INFO - Exporting env vars: AIRFLOW_CTX_DAG_OWNER='***' AIRFLOW_CTX_DAG_ID='ModelDevelop' AIRFLOW_CTX_TASK_ID='get_data' AIRFLOW_CTX_EXECUTION_DATE='2026-01-03T08:00:00+00:00' AIRFLOW_CTX_TRY_NUMBER='1' AIRFLOW_CTX_DAG_RUN_ID='scheduled__2026-01-03T08:00:00+00:00'
[2026-01-16T07:54:13.969+0000] {python.py:202} INFO - Done. Returned value was: ./iris.csv
[2026-01-16T07:54:13.985+0000] {taskinstance.py:1149} INFO - Marking task as SUCCESS. dag_id=ModelDevelop, task_id=get_data, execution_date=20260103T080000, start_date=20260116T075413, end_date=20260116T075413
[2026-01-16T07:54:14.009+0000] {local_task_job_runner.py:234} INFO - Task exited with return code 0
[2026-01-16T07:54:14.056+0000] {taskinstance.py:3312} INFO - 1 downstream tasks scheduled from follow-on schedule check
[2026-01-17T13:17:48.982+0000] {taskinstance.py:1979} INFO - Dependencies all met for dep_context=non-requeueable deps ti=<TaskInstance: ModelDevelop.get_data scheduled__2026-01-03T08:00:00+00:00 [queued]>
[2026-01-17T13:17:48.987+0000] {taskinstance.py:1979} INFO - Dependencies all met for dep_context=requeueable deps ti=<TaskInstance: ModelDevelop.get_data scheduled__2026-01-03T08:00:00+00:00 [queued]>
[2026-01-17T13:17:48.988+0000] {taskinstance.py:2193} INFO - Starting attempt 1 of 2
[2026-01-17T13:17:48.996+0000] {taskinstance.py:2217} INFO - Executing <Task(PythonOperator): get_data> on 2026-01-03 08:00:00+00:00
[2026-01-17T13:17:49.006+0000] {standard_task_runner.py:60} INFO - Started process 4663 to run task
[2026-01-17T13:17:49.030+0000] {standard_task_runner.py:87} INFO - Running: ['***', 'tasks', 'run', 'ModelDevelop', 'get_data', 'scheduled__2026-01-03T08:00:00+00:00', '--job-id', '66', '--raw', '--subdir', 'DAGS_FOLDER/example.py', '--cfg-path', '/tmp/tmphnoifep8']
[2026-01-17T13:17:49.031+0000] {standard_task_runner.py:88} INFO - Job 66: Subtask get_data
[2026-01-17T13:17:49.045+0000] {warnings.py:109} WARNING - /home/***/.local/lib/python3.9/site-packages/***/settings.py:194: DeprecationWarning: The sql_alchemy_conn option in [core] has been moved to the sql_alchemy_conn option in [database] - the old setting has been used, but please update your config.
  SQL_ALCHEMY_CONN = conf.get("database", "SQL_ALCHEMY_CONN")

[2026-01-17T13:17:49.104+0000] {task_command.py:423} INFO - Running <TaskInstance: ModelDevelop.get_data scheduled__2026-01-03T08:00:00+00:00 [running]> on host ed3184b6b543
[2026-01-17T13:17:49.160+0000] {taskinstance.py:2513} INFO - Exporting env vars: AIRFLOW_CTX_DAG_OWNER='***' AIRFLOW_CTX_DAG_ID='ModelDevelop' AIRFLOW_CTX_TASK_ID='get_data' AIRFLOW_CTX_EXECUTION_DATE='2026-01-03T08:00:00+00:00' AIRFLOW_CTX_TRY_NUMBER='1' AIRFLOW_CTX_DAG_RUN_ID='scheduled__2026-01-03T08:00:00+00:00'
[2026-01-17T13:17:49.169+0000] {python.py:202} INFO - Done. Returned value was: ./iris.csv
[2026-01-17T13:17:49.183+0000] {taskinstance.py:1149} INFO - Marking task as SUCCESS. dag_id=ModelDevelop, task_id=get_data, execution_date=20260103T080000, start_date=20260117T131748, end_date=20260117T131749
[2026-01-17T13:17:49.238+0000] {local_task_job_runner.py:234} INFO - Task exited with return code 0
[2026-01-17T13:17:49.267+0000] {taskinstance.py:3312} INFO - 1 downstream tasks scheduled from follow-on schedule check
[2026-01-17T13:39:07.335+0000] {taskinstance.py:1979} INFO - Dependencies all met for dep_context=non-requeueable deps ti=<TaskInstance: ModelDevelop.get_data scheduled__2026-01-03T08:00:00+00:00 [queued]>
[2026-01-17T13:39:07.339+0000] {taskinstance.py:1979} INFO - Dependencies all met for dep_context=requeueable deps ti=<TaskInstance: ModelDevelop.get_data scheduled__2026-01-03T08:00:00+00:00 [queued]>
[2026-01-17T13:39:07.339+0000] {taskinstance.py:2193} INFO - Starting attempt 1 of 2
[2026-01-17T13:39:07.345+0000] {taskinstance.py:2217} INFO - Executing <Task(PythonOperator): get_data> on 2026-01-03 08:00:00+00:00
[2026-01-17T13:39:07.351+0000] {standard_task_runner.py:60} INFO - Started process 4394 to run task
[2026-01-17T13:39:07.353+0000] {standard_task_runner.py:87} INFO - Running: ['***', 'tasks', 'run', 'ModelDevelop', 'get_data', 'scheduled__2026-01-03T08:00:00+00:00', '--job-id', '66', '--raw', '--subdir', 'DAGS_FOLDER/example.py', '--cfg-path', '/tmp/tmp8ynwtrxt']
[2026-01-17T13:39:07.354+0000] {standard_task_runner.py:88} INFO - Job 66: Subtask get_data
[2026-01-17T13:39:07.363+0000] {warnings.py:109} WARNING - /home/***/.local/lib/python3.9/site-packages/***/settings.py:194: DeprecationWarning: The sql_alchemy_conn option in [core] has been moved to the sql_alchemy_conn option in [database] - the old setting has been used, but please update your config.
  SQL_ALCHEMY_CONN = conf.get("database", "SQL_ALCHEMY_CONN")

[2026-01-17T13:39:07.385+0000] {task_command.py:423} INFO - Running <TaskInstance: ModelDevelop.get_data scheduled__2026-01-03T08:00:00+00:00 [running]> on host 5330652dc216
[2026-01-17T13:39:07.427+0000] {taskinstance.py:2513} INFO - Exporting env vars: AIRFLOW_CTX_DAG_OWNER='***' AIRFLOW_CTX_DAG_ID='ModelDevelop' AIRFLOW_CTX_TASK_ID='get_data' AIRFLOW_CTX_EXECUTION_DATE='2026-01-03T08:00:00+00:00' AIRFLOW_CTX_TRY_NUMBER='1' AIRFLOW_CTX_DAG_RUN_ID='scheduled__2026-01-03T08:00:00+00:00'
[2026-01-17T13:39:07.434+0000] {python.py:202} INFO - Done. Returned value was: ./iris.csv
[2026-01-17T13:39:07.446+0000] {taskinstance.py:1149} INFO - Marking task as SUCCESS. dag_id=ModelDevelop, task_id=get_data, execution_date=20260103T080000, start_date=20260117T133907, end_date=20260117T133907
[2026-01-17T13:39:07.485+0000] {local_task_job_runner.py:234} INFO - Task exited with return code 0
[2026-01-17T13:39:07.502+0000] {taskinstance.py:3312} INFO - 0 downstream tasks scheduled from follow-on schedule check
