[2026-01-16T07:55:37.651+0000] {taskinstance.py:1979} INFO - Dependencies all met for dep_context=non-requeueable deps ti=<TaskInstance: ModelDevelop.get_data scheduled__2026-01-08T20:00:00+00:00 [queued]>
[2026-01-16T07:55:37.658+0000] {taskinstance.py:1979} INFO - Dependencies all met for dep_context=requeueable deps ti=<TaskInstance: ModelDevelop.get_data scheduled__2026-01-08T20:00:00+00:00 [queued]>
[2026-01-16T07:55:37.658+0000] {taskinstance.py:2193} INFO - Starting attempt 1 of 2
[2026-01-16T07:55:37.669+0000] {taskinstance.py:2217} INFO - Executing <Task(PythonOperator): get_data> on 2026-01-08 20:00:00+00:00
[2026-01-16T07:55:37.678+0000] {standard_task_runner.py:60} INFO - Started process 21917 to run task
[2026-01-16T07:55:37.680+0000] {standard_task_runner.py:87} INFO - Running: ['***', 'tasks', 'run', 'ModelDevelop', 'get_data', 'scheduled__2026-01-08T20:00:00+00:00', '--job-id', '325', '--raw', '--subdir', 'DAGS_FOLDER/example.py', '--cfg-path', '/tmp/tmpx3ox3fm2']
[2026-01-16T07:55:37.681+0000] {standard_task_runner.py:88} INFO - Job 325: Subtask get_data
[2026-01-16T07:55:37.691+0000] {warnings.py:109} WARNING - /home/***/.local/lib/python3.9/site-packages/***/settings.py:194: DeprecationWarning: The sql_alchemy_conn option in [core] has been moved to the sql_alchemy_conn option in [database] - the old setting has been used, but please update your config.
  SQL_ALCHEMY_CONN = conf.get("database", "SQL_ALCHEMY_CONN")

[2026-01-16T07:55:37.719+0000] {task_command.py:423} INFO - Running <TaskInstance: ModelDevelop.get_data scheduled__2026-01-08T20:00:00+00:00 [running]> on host 8a4f043652f0
[2026-01-16T07:55:37.777+0000] {taskinstance.py:2513} INFO - Exporting env vars: AIRFLOW_CTX_DAG_OWNER='***' AIRFLOW_CTX_DAG_ID='ModelDevelop' AIRFLOW_CTX_TASK_ID='get_data' AIRFLOW_CTX_EXECUTION_DATE='2026-01-08T20:00:00+00:00' AIRFLOW_CTX_TRY_NUMBER='1' AIRFLOW_CTX_DAG_RUN_ID='scheduled__2026-01-08T20:00:00+00:00'
[2026-01-16T07:55:37.790+0000] {python.py:202} INFO - Done. Returned value was: ./iris.csv
[2026-01-16T07:55:37.831+0000] {taskinstance.py:1149} INFO - Marking task as SUCCESS. dag_id=ModelDevelop, task_id=get_data, execution_date=20260108T200000, start_date=20260116T075537, end_date=20260116T075537
[2026-01-16T07:55:37.893+0000] {local_task_job_runner.py:234} INFO - Task exited with return code 0
[2026-01-16T07:55:37.911+0000] {taskinstance.py:3312} INFO - 1 downstream tasks scheduled from follow-on schedule check
[2026-01-17T13:19:19.680+0000] {taskinstance.py:1979} INFO - Dependencies all met for dep_context=non-requeueable deps ti=<TaskInstance: ModelDevelop.get_data scheduled__2026-01-08T20:00:00+00:00 [queued]>
[2026-01-17T13:19:19.685+0000] {taskinstance.py:1979} INFO - Dependencies all met for dep_context=requeueable deps ti=<TaskInstance: ModelDevelop.get_data scheduled__2026-01-08T20:00:00+00:00 [queued]>
[2026-01-17T13:19:19.685+0000] {taskinstance.py:2193} INFO - Starting attempt 1 of 2
[2026-01-17T13:19:19.693+0000] {taskinstance.py:2217} INFO - Executing <Task(PythonOperator): get_data> on 2026-01-08 20:00:00+00:00
[2026-01-17T13:19:19.702+0000] {standard_task_runner.py:60} INFO - Started process 22085 to run task
[2026-01-17T13:19:19.713+0000] {standard_task_runner.py:87} INFO - Running: ['***', 'tasks', 'run', 'ModelDevelop', 'get_data', 'scheduled__2026-01-08T20:00:00+00:00', '--job-id', '328', '--raw', '--subdir', 'DAGS_FOLDER/example.py', '--cfg-path', '/tmp/tmph8tm1epu']
[2026-01-17T13:19:19.714+0000] {standard_task_runner.py:88} INFO - Job 328: Subtask get_data
[2026-01-17T13:19:19.759+0000] {warnings.py:109} WARNING - /home/***/.local/lib/python3.9/site-packages/***/settings.py:194: DeprecationWarning: The sql_alchemy_conn option in [core] has been moved to the sql_alchemy_conn option in [database] - the old setting has been used, but please update your config.
  SQL_ALCHEMY_CONN = conf.get("database", "SQL_ALCHEMY_CONN")

[2026-01-17T13:19:19.789+0000] {task_command.py:423} INFO - Running <TaskInstance: ModelDevelop.get_data scheduled__2026-01-08T20:00:00+00:00 [running]> on host ed3184b6b543
[2026-01-17T13:19:19.918+0000] {taskinstance.py:2513} INFO - Exporting env vars: AIRFLOW_CTX_DAG_OWNER='***' AIRFLOW_CTX_DAG_ID='ModelDevelop' AIRFLOW_CTX_TASK_ID='get_data' AIRFLOW_CTX_EXECUTION_DATE='2026-01-08T20:00:00+00:00' AIRFLOW_CTX_TRY_NUMBER='1' AIRFLOW_CTX_DAG_RUN_ID='scheduled__2026-01-08T20:00:00+00:00'
[2026-01-17T13:19:19.930+0000] {python.py:202} INFO - Done. Returned value was: ./iris.csv
[2026-01-17T13:19:19.958+0000] {taskinstance.py:1149} INFO - Marking task as SUCCESS. dag_id=ModelDevelop, task_id=get_data, execution_date=20260108T200000, start_date=20260117T131919, end_date=20260117T131919
[2026-01-17T13:19:20.008+0000] {local_task_job_runner.py:234} INFO - Task exited with return code 0
[2026-01-17T13:19:20.039+0000] {taskinstance.py:3312} INFO - 0 downstream tasks scheduled from follow-on schedule check
[2026-01-17T13:40:36.362+0000] {taskinstance.py:1979} INFO - Dependencies all met for dep_context=non-requeueable deps ti=<TaskInstance: ModelDevelop.get_data scheduled__2026-01-08T20:00:00+00:00 [queued]>
[2026-01-17T13:40:36.368+0000] {taskinstance.py:1979} INFO - Dependencies all met for dep_context=requeueable deps ti=<TaskInstance: ModelDevelop.get_data scheduled__2026-01-08T20:00:00+00:00 [queued]>
[2026-01-17T13:40:36.368+0000] {taskinstance.py:2193} INFO - Starting attempt 1 of 2
[2026-01-17T13:40:36.429+0000] {taskinstance.py:2217} INFO - Executing <Task(PythonOperator): get_data> on 2026-01-08 20:00:00+00:00
[2026-01-17T13:40:36.439+0000] {standard_task_runner.py:60} INFO - Started process 20955 to run task
[2026-01-17T13:40:36.442+0000] {standard_task_runner.py:87} INFO - Running: ['***', 'tasks', 'run', 'ModelDevelop', 'get_data', 'scheduled__2026-01-08T20:00:00+00:00', '--job-id', '316', '--raw', '--subdir', 'DAGS_FOLDER/example.py', '--cfg-path', '/tmp/tmp0s0wswyr']
[2026-01-17T13:40:36.443+0000] {standard_task_runner.py:88} INFO - Job 316: Subtask get_data
[2026-01-17T13:40:36.454+0000] {warnings.py:109} WARNING - /home/***/.local/lib/python3.9/site-packages/***/settings.py:194: DeprecationWarning: The sql_alchemy_conn option in [core] has been moved to the sql_alchemy_conn option in [database] - the old setting has been used, but please update your config.
  SQL_ALCHEMY_CONN = conf.get("database", "SQL_ALCHEMY_CONN")

[2026-01-17T13:40:36.484+0000] {task_command.py:423} INFO - Running <TaskInstance: ModelDevelop.get_data scheduled__2026-01-08T20:00:00+00:00 [running]> on host 5330652dc216
[2026-01-17T13:40:36.568+0000] {taskinstance.py:2513} INFO - Exporting env vars: AIRFLOW_CTX_DAG_OWNER='***' AIRFLOW_CTX_DAG_ID='ModelDevelop' AIRFLOW_CTX_TASK_ID='get_data' AIRFLOW_CTX_EXECUTION_DATE='2026-01-08T20:00:00+00:00' AIRFLOW_CTX_TRY_NUMBER='1' AIRFLOW_CTX_DAG_RUN_ID='scheduled__2026-01-08T20:00:00+00:00'
[2026-01-17T13:40:36.578+0000] {python.py:202} INFO - Done. Returned value was: ./iris.csv
[2026-01-17T13:40:36.602+0000] {taskinstance.py:1149} INFO - Marking task as SUCCESS. dag_id=ModelDevelop, task_id=get_data, execution_date=20260108T200000, start_date=20260117T134036, end_date=20260117T134036
[2026-01-17T13:40:36.656+0000] {local_task_job_runner.py:234} INFO - Task exited with return code 0
[2026-01-17T13:40:36.673+0000] {taskinstance.py:3312} INFO - 1 downstream tasks scheduled from follow-on schedule check
