[2026-01-28T02:10:01.235+0000] {taskinstance.py:1979} INFO - Dependencies all met for dep_context=non-requeueable deps ti=<TaskInstance: DataDriftRetrainDAG.get_data scheduled__2026-01-28T02:08:00+00:00 [queued]>
[2026-01-28T02:10:01.238+0000] {taskinstance.py:1979} INFO - Dependencies all met for dep_context=requeueable deps ti=<TaskInstance: DataDriftRetrainDAG.get_data scheduled__2026-01-28T02:08:00+00:00 [queued]>
[2026-01-28T02:10:01.239+0000] {taskinstance.py:2193} INFO - Starting attempt 1 of 2
[2026-01-28T02:10:01.245+0000] {taskinstance.py:2217} INFO - Executing <Task(PythonOperator): get_data> on 2026-01-28 02:08:00+00:00
[2026-01-28T02:10:01.250+0000] {standard_task_runner.py:60} INFO - Started process 1427 to run task
[2026-01-28T02:10:01.252+0000] {standard_task_runner.py:87} INFO - Running: ['***', 'tasks', 'run', 'DataDriftRetrainDAG', 'get_data', 'scheduled__2026-01-28T02:08:00+00:00', '--job-id', '36', '--raw', '--subdir', 'DAGS_FOLDER/example_drift.py', '--cfg-path', '/tmp/tmpzucstxsb']
[2026-01-28T02:10:01.252+0000] {standard_task_runner.py:88} INFO - Job 36: Subtask get_data
[2026-01-28T02:10:01.259+0000] {warnings.py:109} WARNING - /home/***/.local/lib/python3.9/site-packages/***/settings.py:194: DeprecationWarning: The sql_alchemy_conn option in [core] has been moved to the sql_alchemy_conn option in [database] - the old setting has been used, but please update your config.
  SQL_ALCHEMY_CONN = conf.get("database", "SQL_ALCHEMY_CONN")

[2026-01-28T02:10:01.279+0000] {task_command.py:423} INFO - Running <TaskInstance: DataDriftRetrainDAG.get_data scheduled__2026-01-28T02:08:00+00:00 [running]> on host f59c28b2edea
[2026-01-28T02:10:01.322+0000] {taskinstance.py:2513} INFO - Exporting env vars: AIRFLOW_CTX_DAG_OWNER='***' AIRFLOW_CTX_DAG_ID='DataDriftRetrainDAG' AIRFLOW_CTX_TASK_ID='get_data' AIRFLOW_CTX_EXECUTION_DATE='2026-01-28T02:08:00+00:00' AIRFLOW_CTX_TRY_NUMBER='1' AIRFLOW_CTX_DAG_RUN_ID='scheduled__2026-01-28T02:08:00+00:00'
[2026-01-28T02:10:01.327+0000] {warnings.py:109} WARNING - /home/***/.local/lib/python3.9/site-packages/***/utils/context.py:315: AirflowContextDeprecationWarning: Accessing 'execution_date' from the template is deprecated and will be removed in a future version. Please use 'data_interval_start' or 'logical_date' instead.
  warnings.warn(_create_deprecation_warning(k, replacements))

[2026-01-28T02:10:01.331+0000] {python.py:202} INFO - Done. Returned value was: ./iris_drift.csv
[2026-01-28T02:10:01.342+0000] {taskinstance.py:1149} INFO - Marking task as SUCCESS. dag_id=DataDriftRetrainDAG, task_id=get_data, execution_date=20260128T020800, start_date=20260128T021001, end_date=20260128T021001
[2026-01-28T02:10:01.383+0000] {local_task_job_runner.py:234} INFO - Task exited with return code 0
[2026-01-28T02:10:01.400+0000] {taskinstance.py:3312} INFO - 1 downstream tasks scheduled from follow-on schedule check
[2026-01-28T02:10:48.674+0000] {taskinstance.py:1979} INFO - Dependencies all met for dep_context=non-requeueable deps ti=<TaskInstance: DataDriftRetrainDAG.get_data scheduled__2026-01-28T02:08:00+00:00 [queued]>
[2026-01-28T02:10:48.678+0000] {taskinstance.py:1979} INFO - Dependencies all met for dep_context=requeueable deps ti=<TaskInstance: DataDriftRetrainDAG.get_data scheduled__2026-01-28T02:08:00+00:00 [queued]>
[2026-01-28T02:10:48.678+0000] {taskinstance.py:2193} INFO - Starting attempt 1 of 2
[2026-01-28T02:10:48.684+0000] {taskinstance.py:2217} INFO - Executing <Task(PythonOperator): get_data> on 2026-01-28 02:08:00+00:00
[2026-01-28T02:10:48.690+0000] {standard_task_runner.py:60} INFO - Started process 1698 to run task
[2026-01-28T02:10:48.692+0000] {standard_task_runner.py:87} INFO - Running: ['***', 'tasks', 'run', 'DataDriftRetrainDAG', 'get_data', 'scheduled__2026-01-28T02:08:00+00:00', '--job-id', '43', '--raw', '--subdir', 'DAGS_FOLDER/example_drift.py', '--cfg-path', '/tmp/tmp4de7tywj']
[2026-01-28T02:10:48.693+0000] {standard_task_runner.py:88} INFO - Job 43: Subtask get_data
[2026-01-28T02:10:48.700+0000] {warnings.py:109} WARNING - /home/***/.local/lib/python3.9/site-packages/***/settings.py:194: DeprecationWarning: The sql_alchemy_conn option in [core] has been moved to the sql_alchemy_conn option in [database] - the old setting has been used, but please update your config.
  SQL_ALCHEMY_CONN = conf.get("database", "SQL_ALCHEMY_CONN")

[2026-01-28T02:10:48.723+0000] {task_command.py:423} INFO - Running <TaskInstance: DataDriftRetrainDAG.get_data scheduled__2026-01-28T02:08:00+00:00 [running]> on host f59c28b2edea
[2026-01-28T02:10:48.762+0000] {taskinstance.py:2513} INFO - Exporting env vars: AIRFLOW_CTX_DAG_OWNER='***' AIRFLOW_CTX_DAG_ID='DataDriftRetrainDAG' AIRFLOW_CTX_TASK_ID='get_data' AIRFLOW_CTX_EXECUTION_DATE='2026-01-28T02:08:00+00:00' AIRFLOW_CTX_TRY_NUMBER='1' AIRFLOW_CTX_DAG_RUN_ID='scheduled__2026-01-28T02:08:00+00:00'
[2026-01-28T02:10:48.767+0000] {warnings.py:109} WARNING - /home/***/.local/lib/python3.9/site-packages/***/utils/context.py:315: AirflowContextDeprecationWarning: Accessing 'execution_date' from the template is deprecated and will be removed in a future version. Please use 'data_interval_start' or 'logical_date' instead.
  warnings.warn(_create_deprecation_warning(k, replacements))

[2026-01-28T02:10:48.771+0000] {python.py:202} INFO - Done. Returned value was: ./iris_drift.csv
[2026-01-28T02:10:48.782+0000] {taskinstance.py:1149} INFO - Marking task as SUCCESS. dag_id=DataDriftRetrainDAG, task_id=get_data, execution_date=20260128T020800, start_date=20260128T021048, end_date=20260128T021048
[2026-01-28T02:10:48.823+0000] {local_task_job_runner.py:234} INFO - Task exited with return code 0
[2026-01-28T02:10:48.848+0000] {taskinstance.py:3312} INFO - 1 downstream tasks scheduled from follow-on schedule check
[2026-01-28T02:11:19.755+0000] {taskinstance.py:1979} INFO - Dependencies all met for dep_context=non-requeueable deps ti=<TaskInstance: DataDriftRetrainDAG.get_data scheduled__2026-01-28T02:08:00+00:00 [queued]>
[2026-01-28T02:11:19.760+0000] {taskinstance.py:1979} INFO - Dependencies all met for dep_context=requeueable deps ti=<TaskInstance: DataDriftRetrainDAG.get_data scheduled__2026-01-28T02:08:00+00:00 [queued]>
[2026-01-28T02:11:19.760+0000] {taskinstance.py:2193} INFO - Starting attempt 1 of 2
[2026-01-28T02:11:19.766+0000] {taskinstance.py:2217} INFO - Executing <Task(PythonOperator): get_data> on 2026-01-28 02:08:00+00:00
[2026-01-28T02:11:19.771+0000] {standard_task_runner.py:60} INFO - Started process 2034 to run task
[2026-01-28T02:11:19.773+0000] {standard_task_runner.py:87} INFO - Running: ['***', 'tasks', 'run', 'DataDriftRetrainDAG', 'get_data', 'scheduled__2026-01-28T02:08:00+00:00', '--job-id', '49', '--raw', '--subdir', 'DAGS_FOLDER/example_drift.py', '--cfg-path', '/tmp/tmp0zlussj8']
[2026-01-28T02:11:19.774+0000] {standard_task_runner.py:88} INFO - Job 49: Subtask get_data
[2026-01-28T02:11:19.782+0000] {warnings.py:109} WARNING - /home/***/.local/lib/python3.9/site-packages/***/settings.py:194: DeprecationWarning: The sql_alchemy_conn option in [core] has been moved to the sql_alchemy_conn option in [database] - the old setting has been used, but please update your config.
  SQL_ALCHEMY_CONN = conf.get("database", "SQL_ALCHEMY_CONN")

[2026-01-28T02:11:19.805+0000] {task_command.py:423} INFO - Running <TaskInstance: DataDriftRetrainDAG.get_data scheduled__2026-01-28T02:08:00+00:00 [running]> on host f59c28b2edea
[2026-01-28T02:11:19.843+0000] {taskinstance.py:2513} INFO - Exporting env vars: AIRFLOW_CTX_DAG_OWNER='***' AIRFLOW_CTX_DAG_ID='DataDriftRetrainDAG' AIRFLOW_CTX_TASK_ID='get_data' AIRFLOW_CTX_EXECUTION_DATE='2026-01-28T02:08:00+00:00' AIRFLOW_CTX_TRY_NUMBER='1' AIRFLOW_CTX_DAG_RUN_ID='scheduled__2026-01-28T02:08:00+00:00'
[2026-01-28T02:11:19.848+0000] {warnings.py:109} WARNING - /home/***/.local/lib/python3.9/site-packages/***/utils/context.py:315: AirflowContextDeprecationWarning: Accessing 'execution_date' from the template is deprecated and will be removed in a future version. Please use 'data_interval_start' or 'logical_date' instead.
  warnings.warn(_create_deprecation_warning(k, replacements))

[2026-01-28T02:11:19.851+0000] {python.py:202} INFO - Done. Returned value was: ./iris_drift.csv
[2026-01-28T02:11:19.862+0000] {taskinstance.py:1149} INFO - Marking task as SUCCESS. dag_id=DataDriftRetrainDAG, task_id=get_data, execution_date=20260128T020800, start_date=20260128T021119, end_date=20260128T021119
[2026-01-28T02:11:19.905+0000] {local_task_job_runner.py:234} INFO - Task exited with return code 0
[2026-01-28T02:11:19.934+0000] {taskinstance.py:3312} INFO - 1 downstream tasks scheduled from follow-on schedule check
