[2026-01-16T07:55:07.538+0000] {taskinstance.py:1979} INFO - Dependencies all met for dep_context=non-requeueable deps ti=<TaskInstance: ModelDevelop.get_data scheduled__2026-01-06T20:00:00+00:00 [queued]>
[2026-01-16T07:55:07.543+0000] {taskinstance.py:1979} INFO - Dependencies all met for dep_context=requeueable deps ti=<TaskInstance: ModelDevelop.get_data scheduled__2026-01-06T20:00:00+00:00 [queued]>
[2026-01-16T07:55:07.544+0000] {taskinstance.py:2193} INFO - Starting attempt 1 of 2
[2026-01-16T07:55:07.554+0000] {taskinstance.py:2217} INFO - Executing <Task(PythonOperator): get_data> on 2026-01-06 20:00:00+00:00
[2026-01-16T07:55:07.563+0000] {standard_task_runner.py:60} INFO - Started process 15454 to run task
[2026-01-16T07:55:07.566+0000] {standard_task_runner.py:87} INFO - Running: ['***', 'tasks', 'run', 'ModelDevelop', 'get_data', 'scheduled__2026-01-06T20:00:00+00:00', '--job-id', '229', '--raw', '--subdir', 'DAGS_FOLDER/example.py', '--cfg-path', '/tmp/tmpe7xlto52']
[2026-01-16T07:55:07.567+0000] {standard_task_runner.py:88} INFO - Job 229: Subtask get_data
[2026-01-16T07:55:07.584+0000] {warnings.py:109} WARNING - /home/***/.local/lib/python3.9/site-packages/***/settings.py:194: DeprecationWarning: The sql_alchemy_conn option in [core] has been moved to the sql_alchemy_conn option in [database] - the old setting has been used, but please update your config.
  SQL_ALCHEMY_CONN = conf.get("database", "SQL_ALCHEMY_CONN")

[2026-01-16T07:55:07.647+0000] {task_command.py:423} INFO - Running <TaskInstance: ModelDevelop.get_data scheduled__2026-01-06T20:00:00+00:00 [running]> on host 8a4f043652f0
[2026-01-16T07:55:07.752+0000] {taskinstance.py:2513} INFO - Exporting env vars: AIRFLOW_CTX_DAG_OWNER='***' AIRFLOW_CTX_DAG_ID='ModelDevelop' AIRFLOW_CTX_TASK_ID='get_data' AIRFLOW_CTX_EXECUTION_DATE='2026-01-06T20:00:00+00:00' AIRFLOW_CTX_TRY_NUMBER='1' AIRFLOW_CTX_DAG_RUN_ID='scheduled__2026-01-06T20:00:00+00:00'
[2026-01-16T07:55:07.817+0000] {python.py:202} INFO - Done. Returned value was: ./iris.csv
[2026-01-16T07:55:07.836+0000] {taskinstance.py:1149} INFO - Marking task as SUCCESS. dag_id=ModelDevelop, task_id=get_data, execution_date=20260106T200000, start_date=20260116T075507, end_date=20260116T075507
[2026-01-16T07:55:07.867+0000] {local_task_job_runner.py:234} INFO - Task exited with return code 0
[2026-01-16T07:55:07.886+0000] {taskinstance.py:3312} INFO - 1 downstream tasks scheduled from follow-on schedule check
[2026-01-17T13:18:40.336+0000] {taskinstance.py:1979} INFO - Dependencies all met for dep_context=non-requeueable deps ti=<TaskInstance: ModelDevelop.get_data scheduled__2026-01-06T20:00:00+00:00 [queued]>
[2026-01-17T13:18:40.341+0000] {taskinstance.py:1979} INFO - Dependencies all met for dep_context=requeueable deps ti=<TaskInstance: ModelDevelop.get_data scheduled__2026-01-06T20:00:00+00:00 [queued]>
[2026-01-17T13:18:40.341+0000] {taskinstance.py:2193} INFO - Starting attempt 1 of 2
[2026-01-17T13:18:40.348+0000] {taskinstance.py:2217} INFO - Executing <Task(PythonOperator): get_data> on 2026-01-06 20:00:00+00:00
[2026-01-17T13:18:40.354+0000] {standard_task_runner.py:60} INFO - Started process 15451 to run task
[2026-01-17T13:18:40.356+0000] {standard_task_runner.py:87} INFO - Running: ['***', 'tasks', 'run', 'ModelDevelop', 'get_data', 'scheduled__2026-01-06T20:00:00+00:00', '--job-id', '229', '--raw', '--subdir', 'DAGS_FOLDER/example.py', '--cfg-path', '/tmp/tmppa_pwcxl']
[2026-01-17T13:18:40.357+0000] {standard_task_runner.py:88} INFO - Job 229: Subtask get_data
[2026-01-17T13:18:40.365+0000] {warnings.py:109} WARNING - /home/***/.local/lib/python3.9/site-packages/***/settings.py:194: DeprecationWarning: The sql_alchemy_conn option in [core] has been moved to the sql_alchemy_conn option in [database] - the old setting has been used, but please update your config.
  SQL_ALCHEMY_CONN = conf.get("database", "SQL_ALCHEMY_CONN")

[2026-01-17T13:18:40.390+0000] {task_command.py:423} INFO - Running <TaskInstance: ModelDevelop.get_data scheduled__2026-01-06T20:00:00+00:00 [running]> on host ed3184b6b543
[2026-01-17T13:18:40.443+0000] {taskinstance.py:2513} INFO - Exporting env vars: AIRFLOW_CTX_DAG_OWNER='***' AIRFLOW_CTX_DAG_ID='ModelDevelop' AIRFLOW_CTX_TASK_ID='get_data' AIRFLOW_CTX_EXECUTION_DATE='2026-01-06T20:00:00+00:00' AIRFLOW_CTX_TRY_NUMBER='1' AIRFLOW_CTX_DAG_RUN_ID='scheduled__2026-01-06T20:00:00+00:00'
[2026-01-17T13:18:40.460+0000] {python.py:202} INFO - Done. Returned value was: ./iris.csv
[2026-01-17T13:18:40.529+0000] {taskinstance.py:1149} INFO - Marking task as SUCCESS. dag_id=ModelDevelop, task_id=get_data, execution_date=20260106T200000, start_date=20260117T131840, end_date=20260117T131840
[2026-01-17T13:18:40.568+0000] {local_task_job_runner.py:234} INFO - Task exited with return code 0
[2026-01-17T13:18:40.585+0000] {taskinstance.py:3312} INFO - 1 downstream tasks scheduled from follow-on schedule check
[2026-01-17T13:40:00.297+0000] {taskinstance.py:1979} INFO - Dependencies all met for dep_context=non-requeueable deps ti=<TaskInstance: ModelDevelop.get_data scheduled__2026-01-06T20:00:00+00:00 [queued]>
[2026-01-17T13:40:00.301+0000] {taskinstance.py:1979} INFO - Dependencies all met for dep_context=requeueable deps ti=<TaskInstance: ModelDevelop.get_data scheduled__2026-01-06T20:00:00+00:00 [queued]>
[2026-01-17T13:40:00.301+0000] {taskinstance.py:2193} INFO - Starting attempt 1 of 2
[2026-01-17T13:40:00.307+0000] {taskinstance.py:2217} INFO - Executing <Task(PythonOperator): get_data> on 2026-01-06 20:00:00+00:00
[2026-01-17T13:40:00.313+0000] {standard_task_runner.py:60} INFO - Started process 15283 to run task
[2026-01-17T13:40:00.315+0000] {standard_task_runner.py:87} INFO - Running: ['***', 'tasks', 'run', 'ModelDevelop', 'get_data', 'scheduled__2026-01-06T20:00:00+00:00', '--job-id', '230', '--raw', '--subdir', 'DAGS_FOLDER/example.py', '--cfg-path', '/tmp/tmpbx5aidov']
[2026-01-17T13:40:00.316+0000] {standard_task_runner.py:88} INFO - Job 230: Subtask get_data
[2026-01-17T13:40:00.323+0000] {warnings.py:109} WARNING - /home/***/.local/lib/python3.9/site-packages/***/settings.py:194: DeprecationWarning: The sql_alchemy_conn option in [core] has been moved to the sql_alchemy_conn option in [database] - the old setting has been used, but please update your config.
  SQL_ALCHEMY_CONN = conf.get("database", "SQL_ALCHEMY_CONN")

[2026-01-17T13:40:00.347+0000] {task_command.py:423} INFO - Running <TaskInstance: ModelDevelop.get_data scheduled__2026-01-06T20:00:00+00:00 [running]> on host 5330652dc216
[2026-01-17T13:40:00.394+0000] {taskinstance.py:2513} INFO - Exporting env vars: AIRFLOW_CTX_DAG_OWNER='***' AIRFLOW_CTX_DAG_ID='ModelDevelop' AIRFLOW_CTX_TASK_ID='get_data' AIRFLOW_CTX_EXECUTION_DATE='2026-01-06T20:00:00+00:00' AIRFLOW_CTX_TRY_NUMBER='1' AIRFLOW_CTX_DAG_RUN_ID='scheduled__2026-01-06T20:00:00+00:00'
[2026-01-17T13:40:00.402+0000] {python.py:202} INFO - Done. Returned value was: ./iris.csv
[2026-01-17T13:40:00.414+0000] {taskinstance.py:1149} INFO - Marking task as SUCCESS. dag_id=ModelDevelop, task_id=get_data, execution_date=20260106T200000, start_date=20260117T134000, end_date=20260117T134000
[2026-01-17T13:40:00.447+0000] {local_task_job_runner.py:234} INFO - Task exited with return code 0
[2026-01-17T13:40:00.461+0000] {taskinstance.py:3312} INFO - 1 downstream tasks scheduled from follow-on schedule check
