[2026-01-16T07:56:17.892+0000] {taskinstance.py:1979} INFO - Dependencies all met for dep_context=non-requeueable deps ti=<TaskInstance: ModelDevelop.get_data scheduled__2026-01-11T13:00:00+00:00 [queued]>
[2026-01-16T07:56:17.898+0000] {taskinstance.py:1979} INFO - Dependencies all met for dep_context=requeueable deps ti=<TaskInstance: ModelDevelop.get_data scheduled__2026-01-11T13:00:00+00:00 [queued]>
[2026-01-16T07:56:17.899+0000] {taskinstance.py:2193} INFO - Starting attempt 1 of 2
[2026-01-16T07:56:17.910+0000] {taskinstance.py:2217} INFO - Executing <Task(PythonOperator): get_data> on 2026-01-11 13:00:00+00:00
[2026-01-16T07:56:17.918+0000] {standard_task_runner.py:60} INFO - Started process 30495 to run task
[2026-01-16T07:56:17.921+0000] {standard_task_runner.py:87} INFO - Running: ['***', 'tasks', 'run', 'ModelDevelop', 'get_data', 'scheduled__2026-01-11T13:00:00+00:00', '--job-id', '454', '--raw', '--subdir', 'DAGS_FOLDER/example.py', '--cfg-path', '/tmp/tmp7dy_svx_']
[2026-01-16T07:56:17.922+0000] {standard_task_runner.py:88} INFO - Job 454: Subtask get_data
[2026-01-16T07:56:17.931+0000] {warnings.py:109} WARNING - /home/***/.local/lib/python3.9/site-packages/***/settings.py:194: DeprecationWarning: The sql_alchemy_conn option in [core] has been moved to the sql_alchemy_conn option in [database] - the old setting has been used, but please update your config.
  SQL_ALCHEMY_CONN = conf.get("database", "SQL_ALCHEMY_CONN")

[2026-01-16T07:56:17.967+0000] {task_command.py:423} INFO - Running <TaskInstance: ModelDevelop.get_data scheduled__2026-01-11T13:00:00+00:00 [running]> on host 8a4f043652f0
[2026-01-16T07:56:18.073+0000] {taskinstance.py:2513} INFO - Exporting env vars: AIRFLOW_CTX_DAG_OWNER='***' AIRFLOW_CTX_DAG_ID='ModelDevelop' AIRFLOW_CTX_TASK_ID='get_data' AIRFLOW_CTX_EXECUTION_DATE='2026-01-11T13:00:00+00:00' AIRFLOW_CTX_TRY_NUMBER='1' AIRFLOW_CTX_DAG_RUN_ID='scheduled__2026-01-11T13:00:00+00:00'
[2026-01-16T07:56:18.084+0000] {python.py:202} INFO - Done. Returned value was: ./iris.csv
[2026-01-16T07:56:18.101+0000] {taskinstance.py:1149} INFO - Marking task as SUCCESS. dag_id=ModelDevelop, task_id=get_data, execution_date=20260111T130000, start_date=20260116T075617, end_date=20260116T075618
[2026-01-16T07:56:18.133+0000] {local_task_job_runner.py:234} INFO - Task exited with return code 0
[2026-01-16T07:56:18.172+0000] {taskinstance.py:3312} INFO - 1 downstream tasks scheduled from follow-on schedule check
[2026-01-17T13:20:00.516+0000] {taskinstance.py:1979} INFO - Dependencies all met for dep_context=non-requeueable deps ti=<TaskInstance: ModelDevelop.get_data scheduled__2026-01-11T13:00:00+00:00 [queued]>
[2026-01-17T13:20:00.521+0000] {taskinstance.py:1979} INFO - Dependencies all met for dep_context=requeueable deps ti=<TaskInstance: ModelDevelop.get_data scheduled__2026-01-11T13:00:00+00:00 [queued]>
[2026-01-17T13:20:00.521+0000] {taskinstance.py:2193} INFO - Starting attempt 1 of 2
[2026-01-17T13:20:00.529+0000] {taskinstance.py:2217} INFO - Executing <Task(PythonOperator): get_data> on 2026-01-11 13:00:00+00:00
[2026-01-17T13:20:00.535+0000] {standard_task_runner.py:60} INFO - Started process 30596 to run task
[2026-01-17T13:20:00.538+0000] {standard_task_runner.py:87} INFO - Running: ['***', 'tasks', 'run', 'ModelDevelop', 'get_data', 'scheduled__2026-01-11T13:00:00+00:00', '--job-id', '456', '--raw', '--subdir', 'DAGS_FOLDER/example.py', '--cfg-path', '/tmp/tmpxvs4gldv']
[2026-01-17T13:20:00.539+0000] {standard_task_runner.py:88} INFO - Job 456: Subtask get_data
[2026-01-17T13:20:00.548+0000] {warnings.py:109} WARNING - /home/***/.local/lib/python3.9/site-packages/***/settings.py:194: DeprecationWarning: The sql_alchemy_conn option in [core] has been moved to the sql_alchemy_conn option in [database] - the old setting has been used, but please update your config.
  SQL_ALCHEMY_CONN = conf.get("database", "SQL_ALCHEMY_CONN")

[2026-01-17T13:20:00.573+0000] {task_command.py:423} INFO - Running <TaskInstance: ModelDevelop.get_data scheduled__2026-01-11T13:00:00+00:00 [running]> on host ed3184b6b543
[2026-01-17T13:20:00.671+0000] {taskinstance.py:2513} INFO - Exporting env vars: AIRFLOW_CTX_DAG_OWNER='***' AIRFLOW_CTX_DAG_ID='ModelDevelop' AIRFLOW_CTX_TASK_ID='get_data' AIRFLOW_CTX_EXECUTION_DATE='2026-01-11T13:00:00+00:00' AIRFLOW_CTX_TRY_NUMBER='1' AIRFLOW_CTX_DAG_RUN_ID='scheduled__2026-01-11T13:00:00+00:00'
[2026-01-17T13:20:00.682+0000] {python.py:202} INFO - Done. Returned value was: ./iris.csv
[2026-01-17T13:20:00.711+0000] {taskinstance.py:1149} INFO - Marking task as SUCCESS. dag_id=ModelDevelop, task_id=get_data, execution_date=20260111T130000, start_date=20260117T132000, end_date=20260117T132000
[2026-01-17T13:20:00.751+0000] {local_task_job_runner.py:234} INFO - Task exited with return code 0
[2026-01-17T13:20:00.766+0000] {taskinstance.py:3312} INFO - 1 downstream tasks scheduled from follow-on schedule check
[2026-01-17T13:41:22.469+0000] {taskinstance.py:1979} INFO - Dependencies all met for dep_context=non-requeueable deps ti=<TaskInstance: ModelDevelop.get_data scheduled__2026-01-11T13:00:00+00:00 [queued]>
[2026-01-17T13:41:22.475+0000] {taskinstance.py:1979} INFO - Dependencies all met for dep_context=requeueable deps ti=<TaskInstance: ModelDevelop.get_data scheduled__2026-01-11T13:00:00+00:00 [queued]>
[2026-01-17T13:41:22.475+0000] {taskinstance.py:2193} INFO - Starting attempt 1 of 2
[2026-01-17T13:41:22.482+0000] {taskinstance.py:2217} INFO - Executing <Task(PythonOperator): get_data> on 2026-01-11 13:00:00+00:00
[2026-01-17T13:41:22.490+0000] {standard_task_runner.py:60} INFO - Started process 29629 to run task
[2026-01-17T13:41:22.492+0000] {standard_task_runner.py:87} INFO - Running: ['***', 'tasks', 'run', 'ModelDevelop', 'get_data', 'scheduled__2026-01-11T13:00:00+00:00', '--job-id', '445', '--raw', '--subdir', 'DAGS_FOLDER/example.py', '--cfg-path', '/tmp/tmpwpurzout']
[2026-01-17T13:41:22.493+0000] {standard_task_runner.py:88} INFO - Job 445: Subtask get_data
[2026-01-17T13:41:22.504+0000] {warnings.py:109} WARNING - /home/***/.local/lib/python3.9/site-packages/***/settings.py:194: DeprecationWarning: The sql_alchemy_conn option in [core] has been moved to the sql_alchemy_conn option in [database] - the old setting has been used, but please update your config.
  SQL_ALCHEMY_CONN = conf.get("database", "SQL_ALCHEMY_CONN")

[2026-01-17T13:41:22.532+0000] {task_command.py:423} INFO - Running <TaskInstance: ModelDevelop.get_data scheduled__2026-01-11T13:00:00+00:00 [running]> on host 5330652dc216
[2026-01-17T13:41:22.638+0000] {taskinstance.py:2513} INFO - Exporting env vars: AIRFLOW_CTX_DAG_OWNER='***' AIRFLOW_CTX_DAG_ID='ModelDevelop' AIRFLOW_CTX_TASK_ID='get_data' AIRFLOW_CTX_EXECUTION_DATE='2026-01-11T13:00:00+00:00' AIRFLOW_CTX_TRY_NUMBER='1' AIRFLOW_CTX_DAG_RUN_ID='scheduled__2026-01-11T13:00:00+00:00'
[2026-01-17T13:41:22.650+0000] {python.py:202} INFO - Done. Returned value was: ./iris.csv
[2026-01-17T13:41:22.665+0000] {taskinstance.py:1149} INFO - Marking task as SUCCESS. dag_id=ModelDevelop, task_id=get_data, execution_date=20260111T130000, start_date=20260117T134122, end_date=20260117T134122
[2026-01-17T13:41:22.704+0000] {local_task_job_runner.py:234} INFO - Task exited with return code 0
[2026-01-17T13:41:22.722+0000] {taskinstance.py:3312} INFO - 1 downstream tasks scheduled from follow-on schedule check
