[2026-01-16T07:55:48.237+0000] {taskinstance.py:1979} INFO - Dependencies all met for dep_context=non-requeueable deps ti=<TaskInstance: ModelDevelop.get_data scheduled__2026-01-09T09:00:00+00:00 [queued]>
[2026-01-16T07:55:48.242+0000] {taskinstance.py:1979} INFO - Dependencies all met for dep_context=requeueable deps ti=<TaskInstance: ModelDevelop.get_data scheduled__2026-01-09T09:00:00+00:00 [queued]>
[2026-01-16T07:55:48.242+0000] {taskinstance.py:2193} INFO - Starting attempt 1 of 2
[2026-01-16T07:55:48.249+0000] {taskinstance.py:2217} INFO - Executing <Task(PythonOperator): get_data> on 2026-01-09 09:00:00+00:00
[2026-01-16T07:55:48.255+0000] {standard_task_runner.py:60} INFO - Started process 23993 to run task
[2026-01-16T07:55:48.257+0000] {standard_task_runner.py:87} INFO - Running: ['***', 'tasks', 'run', 'ModelDevelop', 'get_data', 'scheduled__2026-01-09T09:00:00+00:00', '--job-id', '355', '--raw', '--subdir', 'DAGS_FOLDER/example.py', '--cfg-path', '/tmp/tmpkx2e2qz3']
[2026-01-16T07:55:48.258+0000] {standard_task_runner.py:88} INFO - Job 355: Subtask get_data
[2026-01-16T07:55:48.266+0000] {warnings.py:109} WARNING - /home/***/.local/lib/python3.9/site-packages/***/settings.py:194: DeprecationWarning: The sql_alchemy_conn option in [core] has been moved to the sql_alchemy_conn option in [database] - the old setting has been used, but please update your config.
  SQL_ALCHEMY_CONN = conf.get("database", "SQL_ALCHEMY_CONN")

[2026-01-16T07:55:48.294+0000] {task_command.py:423} INFO - Running <TaskInstance: ModelDevelop.get_data scheduled__2026-01-09T09:00:00+00:00 [running]> on host 8a4f043652f0
[2026-01-16T07:55:48.350+0000] {taskinstance.py:2513} INFO - Exporting env vars: AIRFLOW_CTX_DAG_OWNER='***' AIRFLOW_CTX_DAG_ID='ModelDevelop' AIRFLOW_CTX_TASK_ID='get_data' AIRFLOW_CTX_EXECUTION_DATE='2026-01-09T09:00:00+00:00' AIRFLOW_CTX_TRY_NUMBER='1' AIRFLOW_CTX_DAG_RUN_ID='scheduled__2026-01-09T09:00:00+00:00'
[2026-01-16T07:55:48.359+0000] {python.py:202} INFO - Done. Returned value was: ./iris.csv
[2026-01-16T07:55:48.413+0000] {taskinstance.py:1149} INFO - Marking task as SUCCESS. dag_id=ModelDevelop, task_id=get_data, execution_date=20260109T090000, start_date=20260116T075548, end_date=20260116T075548
[2026-01-16T07:55:48.471+0000] {local_task_job_runner.py:234} INFO - Task exited with return code 0
[2026-01-16T07:55:48.506+0000] {taskinstance.py:3312} INFO - 0 downstream tasks scheduled from follow-on schedule check
[2026-01-17T13:19:29.623+0000] {taskinstance.py:1979} INFO - Dependencies all met for dep_context=non-requeueable deps ti=<TaskInstance: ModelDevelop.get_data scheduled__2026-01-09T09:00:00+00:00 [queued]>
[2026-01-17T13:19:29.628+0000] {taskinstance.py:1979} INFO - Dependencies all met for dep_context=requeueable deps ti=<TaskInstance: ModelDevelop.get_data scheduled__2026-01-09T09:00:00+00:00 [queued]>
[2026-01-17T13:19:29.628+0000] {taskinstance.py:2193} INFO - Starting attempt 1 of 2
[2026-01-17T13:19:29.713+0000] {taskinstance.py:2217} INFO - Executing <Task(PythonOperator): get_data> on 2026-01-09 09:00:00+00:00
[2026-01-17T13:19:29.721+0000] {standard_task_runner.py:60} INFO - Started process 24124 to run task
[2026-01-17T13:19:29.724+0000] {standard_task_runner.py:87} INFO - Running: ['***', 'tasks', 'run', 'ModelDevelop', 'get_data', 'scheduled__2026-01-09T09:00:00+00:00', '--job-id', '356', '--raw', '--subdir', 'DAGS_FOLDER/example.py', '--cfg-path', '/tmp/tmpnqs81kkl']
[2026-01-17T13:19:29.725+0000] {standard_task_runner.py:88} INFO - Job 356: Subtask get_data
[2026-01-17T13:19:29.735+0000] {warnings.py:109} WARNING - /home/***/.local/lib/python3.9/site-packages/***/settings.py:194: DeprecationWarning: The sql_alchemy_conn option in [core] has been moved to the sql_alchemy_conn option in [database] - the old setting has been used, but please update your config.
  SQL_ALCHEMY_CONN = conf.get("database", "SQL_ALCHEMY_CONN")

[2026-01-17T13:19:29.764+0000] {task_command.py:423} INFO - Running <TaskInstance: ModelDevelop.get_data scheduled__2026-01-09T09:00:00+00:00 [running]> on host ed3184b6b543
[2026-01-17T13:19:29.821+0000] {taskinstance.py:2513} INFO - Exporting env vars: AIRFLOW_CTX_DAG_OWNER='***' AIRFLOW_CTX_DAG_ID='ModelDevelop' AIRFLOW_CTX_TASK_ID='get_data' AIRFLOW_CTX_EXECUTION_DATE='2026-01-09T09:00:00+00:00' AIRFLOW_CTX_TRY_NUMBER='1' AIRFLOW_CTX_DAG_RUN_ID='scheduled__2026-01-09T09:00:00+00:00'
[2026-01-17T13:19:29.831+0000] {python.py:202} INFO - Done. Returned value was: ./iris.csv
[2026-01-17T13:19:29.848+0000] {taskinstance.py:1149} INFO - Marking task as SUCCESS. dag_id=ModelDevelop, task_id=get_data, execution_date=20260109T090000, start_date=20260117T131929, end_date=20260117T131929
[2026-01-17T13:19:29.896+0000] {local_task_job_runner.py:234} INFO - Task exited with return code 0
[2026-01-17T13:19:29.927+0000] {taskinstance.py:3312} INFO - 1 downstream tasks scheduled from follow-on schedule check
[2026-01-17T13:40:45.965+0000] {taskinstance.py:1979} INFO - Dependencies all met for dep_context=non-requeueable deps ti=<TaskInstance: ModelDevelop.get_data scheduled__2026-01-09T09:00:00+00:00 [queued]>
[2026-01-17T13:40:45.971+0000] {taskinstance.py:1979} INFO - Dependencies all met for dep_context=requeueable deps ti=<TaskInstance: ModelDevelop.get_data scheduled__2026-01-09T09:00:00+00:00 [queued]>
[2026-01-17T13:40:45.972+0000] {taskinstance.py:2193} INFO - Starting attempt 1 of 2
[2026-01-17T13:40:45.980+0000] {taskinstance.py:2217} INFO - Executing <Task(PythonOperator): get_data> on 2026-01-09 09:00:00+00:00
[2026-01-17T13:40:45.998+0000] {standard_task_runner.py:60} INFO - Started process 22962 to run task
[2026-01-17T13:40:46.001+0000] {standard_task_runner.py:87} INFO - Running: ['***', 'tasks', 'run', 'ModelDevelop', 'get_data', 'scheduled__2026-01-09T09:00:00+00:00', '--job-id', '345', '--raw', '--subdir', 'DAGS_FOLDER/example.py', '--cfg-path', '/tmp/tmp6tnhlis2']
[2026-01-17T13:40:46.002+0000] {standard_task_runner.py:88} INFO - Job 345: Subtask get_data
[2026-01-17T13:40:46.021+0000] {warnings.py:109} WARNING - /home/***/.local/lib/python3.9/site-packages/***/settings.py:194: DeprecationWarning: The sql_alchemy_conn option in [core] has been moved to the sql_alchemy_conn option in [database] - the old setting has been used, but please update your config.
  SQL_ALCHEMY_CONN = conf.get("database", "SQL_ALCHEMY_CONN")

[2026-01-17T13:40:46.069+0000] {task_command.py:423} INFO - Running <TaskInstance: ModelDevelop.get_data scheduled__2026-01-09T09:00:00+00:00 [running]> on host 5330652dc216
[2026-01-17T13:40:46.190+0000] {taskinstance.py:2513} INFO - Exporting env vars: AIRFLOW_CTX_DAG_OWNER='***' AIRFLOW_CTX_DAG_ID='ModelDevelop' AIRFLOW_CTX_TASK_ID='get_data' AIRFLOW_CTX_EXECUTION_DATE='2026-01-09T09:00:00+00:00' AIRFLOW_CTX_TRY_NUMBER='1' AIRFLOW_CTX_DAG_RUN_ID='scheduled__2026-01-09T09:00:00+00:00'
[2026-01-17T13:40:46.201+0000] {python.py:202} INFO - Done. Returned value was: ./iris.csv
[2026-01-17T13:40:46.228+0000] {taskinstance.py:1149} INFO - Marking task as SUCCESS. dag_id=ModelDevelop, task_id=get_data, execution_date=20260109T090000, start_date=20260117T134045, end_date=20260117T134046
[2026-01-17T13:40:46.263+0000] {local_task_job_runner.py:234} INFO - Task exited with return code 0
[2026-01-17T13:40:46.296+0000] {taskinstance.py:3312} INFO - 1 downstream tasks scheduled from follow-on schedule check
