[2026-01-16T07:56:37.538+0000] {taskinstance.py:1979} INFO - Dependencies all met for dep_context=non-requeueable deps ti=<TaskInstance: ModelDevelop.get_data scheduled__2026-01-12T22:00:00+00:00 [queued]>
[2026-01-16T07:56:37.544+0000] {taskinstance.py:1979} INFO - Dependencies all met for dep_context=requeueable deps ti=<TaskInstance: ModelDevelop.get_data scheduled__2026-01-12T22:00:00+00:00 [queued]>
[2026-01-16T07:56:37.544+0000] {taskinstance.py:2193} INFO - Starting attempt 1 of 2
[2026-01-16T07:56:37.553+0000] {taskinstance.py:2217} INFO - Executing <Task(PythonOperator): get_data> on 2026-01-12 22:00:00+00:00
[2026-01-16T07:56:37.560+0000] {standard_task_runner.py:60} INFO - Started process 34884 to run task
[2026-01-16T07:56:37.564+0000] {standard_task_runner.py:87} INFO - Running: ['***', 'tasks', 'run', 'ModelDevelop', 'get_data', 'scheduled__2026-01-12T22:00:00+00:00', '--job-id', '521', '--raw', '--subdir', 'DAGS_FOLDER/example.py', '--cfg-path', '/tmp/tmpk5xdpcee']
[2026-01-16T07:56:37.564+0000] {standard_task_runner.py:88} INFO - Job 521: Subtask get_data
[2026-01-16T07:56:37.575+0000] {warnings.py:109} WARNING - /home/***/.local/lib/python3.9/site-packages/***/settings.py:194: DeprecationWarning: The sql_alchemy_conn option in [core] has been moved to the sql_alchemy_conn option in [database] - the old setting has been used, but please update your config.
  SQL_ALCHEMY_CONN = conf.get("database", "SQL_ALCHEMY_CONN")

[2026-01-16T07:56:37.609+0000] {task_command.py:423} INFO - Running <TaskInstance: ModelDevelop.get_data scheduled__2026-01-12T22:00:00+00:00 [running]> on host 8a4f043652f0
[2026-01-16T07:56:37.678+0000] {taskinstance.py:2513} INFO - Exporting env vars: AIRFLOW_CTX_DAG_OWNER='***' AIRFLOW_CTX_DAG_ID='ModelDevelop' AIRFLOW_CTX_TASK_ID='get_data' AIRFLOW_CTX_EXECUTION_DATE='2026-01-12T22:00:00+00:00' AIRFLOW_CTX_TRY_NUMBER='1' AIRFLOW_CTX_DAG_RUN_ID='scheduled__2026-01-12T22:00:00+00:00'
[2026-01-16T07:56:37.689+0000] {python.py:202} INFO - Done. Returned value was: ./iris.csv
[2026-01-16T07:56:37.733+0000] {taskinstance.py:1149} INFO - Marking task as SUCCESS. dag_id=ModelDevelop, task_id=get_data, execution_date=20260112T220000, start_date=20260116T075637, end_date=20260116T075637
[2026-01-16T07:56:37.774+0000] {local_task_job_runner.py:234} INFO - Task exited with return code 0
[2026-01-16T07:56:37.791+0000] {taskinstance.py:3312} INFO - 1 downstream tasks scheduled from follow-on schedule check
[2026-01-17T13:20:22.263+0000] {taskinstance.py:1979} INFO - Dependencies all met for dep_context=non-requeueable deps ti=<TaskInstance: ModelDevelop.get_data scheduled__2026-01-12T22:00:00+00:00 [queued]>
[2026-01-17T13:20:22.268+0000] {taskinstance.py:1979} INFO - Dependencies all met for dep_context=requeueable deps ti=<TaskInstance: ModelDevelop.get_data scheduled__2026-01-12T22:00:00+00:00 [queued]>
[2026-01-17T13:20:22.269+0000] {taskinstance.py:2193} INFO - Starting attempt 1 of 2
[2026-01-17T13:20:22.279+0000] {taskinstance.py:2217} INFO - Executing <Task(PythonOperator): get_data> on 2026-01-12 22:00:00+00:00
[2026-01-17T13:20:22.287+0000] {standard_task_runner.py:60} INFO - Started process 34918 to run task
[2026-01-17T13:20:22.290+0000] {standard_task_runner.py:87} INFO - Running: ['***', 'tasks', 'run', 'ModelDevelop', 'get_data', 'scheduled__2026-01-12T22:00:00+00:00', '--job-id', '521', '--raw', '--subdir', 'DAGS_FOLDER/example.py', '--cfg-path', '/tmp/tmpw73qqf5u']
[2026-01-17T13:20:22.290+0000] {standard_task_runner.py:88} INFO - Job 521: Subtask get_data
[2026-01-17T13:20:22.299+0000] {warnings.py:109} WARNING - /home/***/.local/lib/python3.9/site-packages/***/settings.py:194: DeprecationWarning: The sql_alchemy_conn option in [core] has been moved to the sql_alchemy_conn option in [database] - the old setting has been used, but please update your config.
  SQL_ALCHEMY_CONN = conf.get("database", "SQL_ALCHEMY_CONN")

[2026-01-17T13:20:22.327+0000] {task_command.py:423} INFO - Running <TaskInstance: ModelDevelop.get_data scheduled__2026-01-12T22:00:00+00:00 [running]> on host ed3184b6b543
[2026-01-17T13:20:22.416+0000] {taskinstance.py:2513} INFO - Exporting env vars: AIRFLOW_CTX_DAG_OWNER='***' AIRFLOW_CTX_DAG_ID='ModelDevelop' AIRFLOW_CTX_TASK_ID='get_data' AIRFLOW_CTX_EXECUTION_DATE='2026-01-12T22:00:00+00:00' AIRFLOW_CTX_TRY_NUMBER='1' AIRFLOW_CTX_DAG_RUN_ID='scheduled__2026-01-12T22:00:00+00:00'
[2026-01-17T13:20:22.428+0000] {python.py:202} INFO - Done. Returned value was: ./iris.csv
[2026-01-17T13:20:22.446+0000] {taskinstance.py:1149} INFO - Marking task as SUCCESS. dag_id=ModelDevelop, task_id=get_data, execution_date=20260112T220000, start_date=20260117T132022, end_date=20260117T132022
[2026-01-17T13:20:22.502+0000] {local_task_job_runner.py:234} INFO - Task exited with return code 0
[2026-01-17T13:20:22.522+0000] {taskinstance.py:3312} INFO - 1 downstream tasks scheduled from follow-on schedule check
[2026-01-17T13:41:55.054+0000] {taskinstance.py:1979} INFO - Dependencies all met for dep_context=non-requeueable deps ti=<TaskInstance: ModelDevelop.get_data scheduled__2026-01-12T22:00:00+00:00 [queued]>
[2026-01-17T13:41:55.060+0000] {taskinstance.py:1979} INFO - Dependencies all met for dep_context=requeueable deps ti=<TaskInstance: ModelDevelop.get_data scheduled__2026-01-12T22:00:00+00:00 [queued]>
[2026-01-17T13:41:55.060+0000] {taskinstance.py:2193} INFO - Starting attempt 1 of 2
[2026-01-17T13:41:55.084+0000] {taskinstance.py:2217} INFO - Executing <Task(PythonOperator): get_data> on 2026-01-12 22:00:00+00:00
[2026-01-17T13:41:55.092+0000] {standard_task_runner.py:60} INFO - Started process 35485 to run task
[2026-01-17T13:41:55.094+0000] {standard_task_runner.py:87} INFO - Running: ['***', 'tasks', 'run', 'ModelDevelop', 'get_data', 'scheduled__2026-01-12T22:00:00+00:00', '--job-id', '526', '--raw', '--subdir', 'DAGS_FOLDER/example.py', '--cfg-path', '/tmp/tmp4fehcai5']
[2026-01-17T13:41:55.095+0000] {standard_task_runner.py:88} INFO - Job 526: Subtask get_data
[2026-01-17T13:41:55.108+0000] {warnings.py:109} WARNING - /home/***/.local/lib/python3.9/site-packages/***/settings.py:194: DeprecationWarning: The sql_alchemy_conn option in [core] has been moved to the sql_alchemy_conn option in [database] - the old setting has been used, but please update your config.
  SQL_ALCHEMY_CONN = conf.get("database", "SQL_ALCHEMY_CONN")

[2026-01-17T13:41:55.148+0000] {task_command.py:423} INFO - Running <TaskInstance: ModelDevelop.get_data scheduled__2026-01-12T22:00:00+00:00 [running]> on host 5330652dc216
[2026-01-17T13:41:55.252+0000] {taskinstance.py:2513} INFO - Exporting env vars: AIRFLOW_CTX_DAG_OWNER='***' AIRFLOW_CTX_DAG_ID='ModelDevelop' AIRFLOW_CTX_TASK_ID='get_data' AIRFLOW_CTX_EXECUTION_DATE='2026-01-12T22:00:00+00:00' AIRFLOW_CTX_TRY_NUMBER='1' AIRFLOW_CTX_DAG_RUN_ID='scheduled__2026-01-12T22:00:00+00:00'
[2026-01-17T13:41:55.262+0000] {python.py:202} INFO - Done. Returned value was: ./iris.csv
[2026-01-17T13:41:55.278+0000] {taskinstance.py:1149} INFO - Marking task as SUCCESS. dag_id=ModelDevelop, task_id=get_data, execution_date=20260112T220000, start_date=20260117T134155, end_date=20260117T134155
[2026-01-17T13:41:55.306+0000] {local_task_job_runner.py:234} INFO - Task exited with return code 0
[2026-01-17T13:41:55.396+0000] {taskinstance.py:3312} INFO - 0 downstream tasks scheduled from follow-on schedule check
