[2026-03-06T06:41:34.967+0000] {taskinstance.py:1979} INFO - Dependencies all met for dep_context=non-requeueable deps ti=<TaskInstance: KangDataDriftRetrainDAG.detect_drift scheduled__2026-03-06T06:36:00+00:00 [queued]>
[2026-03-06T06:41:34.971+0000] {taskinstance.py:1979} INFO - Dependencies all met for dep_context=requeueable deps ti=<TaskInstance: KangDataDriftRetrainDAG.detect_drift scheduled__2026-03-06T06:36:00+00:00 [queued]>
[2026-03-06T06:41:34.971+0000] {taskinstance.py:2193} INFO - Starting attempt 2 of 2
[2026-03-06T06:41:34.978+0000] {taskinstance.py:2217} INFO - Executing <Task(BranchPythonOperator): detect_drift> on 2026-03-06 06:36:00+00:00
[2026-03-06T06:41:34.983+0000] {standard_task_runner.py:60} INFO - Started process 1488 to run task
[2026-03-06T06:41:34.985+0000] {standard_task_runner.py:87} INFO - Running: ['***', 'tasks', 'run', 'KangDataDriftRetrainDAG', 'detect_drift', 'scheduled__2026-03-06T06:36:00+00:00', '--job-id', '31', '--raw', '--subdir', 'DAGS_FOLDER/kang_exercise_drift.py', '--cfg-path', '/tmp/tmph5q23haf']
[2026-03-06T06:41:34.986+0000] {standard_task_runner.py:88} INFO - Job 31: Subtask detect_drift
[2026-03-06T06:41:34.993+0000] {warnings.py:109} WARNING - /home/***/.local/lib/python3.9/site-packages/***/settings.py:194: DeprecationWarning: The sql_alchemy_conn option in [core] has been moved to the sql_alchemy_conn option in [database] - the old setting has been used, but please update your config.
  SQL_ALCHEMY_CONN = conf.get("database", "SQL_ALCHEMY_CONN")

[2026-03-06T06:41:35.016+0000] {task_command.py:423} INFO - Running <TaskInstance: KangDataDriftRetrainDAG.detect_drift scheduled__2026-03-06T06:36:00+00:00 [running]> on host 1d66f61ade93
[2026-03-06T06:41:35.054+0000] {taskinstance.py:2513} INFO - Exporting env vars: AIRFLOW_CTX_DAG_OWNER='***' AIRFLOW_CTX_DAG_ID='KangDataDriftRetrainDAG' AIRFLOW_CTX_TASK_ID='detect_drift' AIRFLOW_CTX_EXECUTION_DATE='2026-03-06T06:36:00+00:00' AIRFLOW_CTX_TRY_NUMBER='2' AIRFLOW_CTX_DAG_RUN_ID='scheduled__2026-03-06T06:36:00+00:00'
[2026-03-06T06:41:35.062+0000] {taskinstance.py:2731} ERROR - Task failed with exception
Traceback (most recent call last):
  File "/home/airflow/.local/lib/python3.9/site-packages/airflow/models/taskinstance.py", line 444, in _execute_task
    result = _execute_callable(context=context, **execute_callable_kwargs)
  File "/home/airflow/.local/lib/python3.9/site-packages/airflow/models/taskinstance.py", line 414, in _execute_callable
    return execute_callable(context=context, **execute_callable_kwargs)
  File "/home/airflow/.local/lib/python3.9/site-packages/airflow/operators/python.py", line 234, in execute
    return self.do_branch(context, super().execute(context))
  File "/home/airflow/.local/lib/python3.9/site-packages/airflow/operators/python.py", line 200, in execute
    return_value = self.execute_callable()
  File "/home/airflow/.local/lib/python3.9/site-packages/airflow/operators/python.py", line 217, in execute_callable
    return self.python_callable(*self.op_args, **self.op_kwargs)
  File "/opt/airflow/dags/kang_exercise_drift.py", line 65, in detect_drift
    df = df.read_csv(path)
UnboundLocalError: local variable 'df' referenced before assignment
[2026-03-06T06:41:35.067+0000] {taskinstance.py:1149} INFO - Marking task as FAILED. dag_id=KangDataDriftRetrainDAG, task_id=detect_drift, execution_date=20260306T063600, start_date=20260306T064134, end_date=20260306T064135
[2026-03-06T06:41:35.073+0000] {standard_task_runner.py:107} ERROR - Failed to execute job 31 for task detect_drift (local variable 'df' referenced before assignment; 1488)
[2026-03-06T06:41:35.117+0000] {local_task_job_runner.py:234} INFO - Task exited with return code 1
[2026-03-06T06:41:35.129+0000] {taskinstance.py:3312} INFO - 0 downstream tasks scheduled from follow-on schedule check
