[2026-01-16T07:54:01.331+0000] {taskinstance.py:1979} INFO - Dependencies all met for dep_context=non-requeueable deps ti=<TaskInstance: ModelDevelop.get_data scheduled__2026-01-03T05:00:00+00:00 [queued]>
[2026-01-16T07:54:01.338+0000] {taskinstance.py:1979} INFO - Dependencies all met for dep_context=requeueable deps ti=<TaskInstance: ModelDevelop.get_data scheduled__2026-01-03T05:00:00+00:00 [queued]>
[2026-01-16T07:54:01.338+0000] {taskinstance.py:2193} INFO - Starting attempt 1 of 2
[2026-01-16T07:54:01.347+0000] {taskinstance.py:2217} INFO - Executing <Task(PythonOperator): get_data> on 2026-01-03 05:00:00+00:00
[2026-01-16T07:54:01.356+0000] {standard_task_runner.py:60} INFO - Started process 3026 to run task
[2026-01-16T07:54:01.364+0000] {standard_task_runner.py:87} INFO - Running: ['***', 'tasks', 'run', 'ModelDevelop', 'get_data', 'scheduled__2026-01-03T05:00:00+00:00', '--job-id', '47', '--raw', '--subdir', 'DAGS_FOLDER/example.py', '--cfg-path', '/tmp/tmp5ebnv03a']
[2026-01-16T07:54:01.365+0000] {standard_task_runner.py:88} INFO - Job 47: Subtask get_data
[2026-01-16T07:54:01.374+0000] {warnings.py:109} WARNING - /home/***/.local/lib/python3.9/site-packages/***/settings.py:194: DeprecationWarning: The sql_alchemy_conn option in [core] has been moved to the sql_alchemy_conn option in [database] - the old setting has been used, but please update your config.
  SQL_ALCHEMY_CONN = conf.get("database", "SQL_ALCHEMY_CONN")

[2026-01-16T07:54:01.408+0000] {task_command.py:423} INFO - Running <TaskInstance: ModelDevelop.get_data scheduled__2026-01-03T05:00:00+00:00 [running]> on host 8a4f043652f0
[2026-01-16T07:54:01.499+0000] {taskinstance.py:2513} INFO - Exporting env vars: AIRFLOW_CTX_DAG_OWNER='***' AIRFLOW_CTX_DAG_ID='ModelDevelop' AIRFLOW_CTX_TASK_ID='get_data' AIRFLOW_CTX_EXECUTION_DATE='2026-01-03T05:00:00+00:00' AIRFLOW_CTX_TRY_NUMBER='1' AIRFLOW_CTX_DAG_RUN_ID='scheduled__2026-01-03T05:00:00+00:00'
[2026-01-16T07:54:01.508+0000] {python.py:202} INFO - Done. Returned value was: ./iris.csv
[2026-01-16T07:54:01.524+0000] {taskinstance.py:1149} INFO - Marking task as SUCCESS. dag_id=ModelDevelop, task_id=get_data, execution_date=20260103T050000, start_date=20260116T075401, end_date=20260116T075401
[2026-01-16T07:54:01.571+0000] {local_task_job_runner.py:234} INFO - Task exited with return code 0
[2026-01-16T07:54:01.609+0000] {taskinstance.py:3312} INFO - 1 downstream tasks scheduled from follow-on schedule check
[2026-01-17T13:17:40.978+0000] {taskinstance.py:1979} INFO - Dependencies all met for dep_context=non-requeueable deps ti=<TaskInstance: ModelDevelop.get_data scheduled__2026-01-03T05:00:00+00:00 [queued]>
[2026-01-17T13:17:40.984+0000] {taskinstance.py:1979} INFO - Dependencies all met for dep_context=requeueable deps ti=<TaskInstance: ModelDevelop.get_data scheduled__2026-01-03T05:00:00+00:00 [queued]>
[2026-01-17T13:17:40.984+0000] {taskinstance.py:2193} INFO - Starting attempt 1 of 2
[2026-01-17T13:17:40.992+0000] {taskinstance.py:2217} INFO - Executing <Task(PythonOperator): get_data> on 2026-01-03 05:00:00+00:00
[2026-01-17T13:17:40.999+0000] {standard_task_runner.py:60} INFO - Started process 2929 to run task
[2026-01-17T13:17:41.001+0000] {standard_task_runner.py:87} INFO - Running: ['***', 'tasks', 'run', 'ModelDevelop', 'get_data', 'scheduled__2026-01-03T05:00:00+00:00', '--job-id', '47', '--raw', '--subdir', 'DAGS_FOLDER/example.py', '--cfg-path', '/tmp/tmpplusl0xn']
[2026-01-17T13:17:41.002+0000] {standard_task_runner.py:88} INFO - Job 47: Subtask get_data
[2026-01-17T13:17:41.010+0000] {warnings.py:109} WARNING - /home/***/.local/lib/python3.9/site-packages/***/settings.py:194: DeprecationWarning: The sql_alchemy_conn option in [core] has been moved to the sql_alchemy_conn option in [database] - the old setting has been used, but please update your config.
  SQL_ALCHEMY_CONN = conf.get("database", "SQL_ALCHEMY_CONN")

[2026-01-17T13:17:41.036+0000] {task_command.py:423} INFO - Running <TaskInstance: ModelDevelop.get_data scheduled__2026-01-03T05:00:00+00:00 [running]> on host ed3184b6b543
[2026-01-17T13:17:41.089+0000] {taskinstance.py:2513} INFO - Exporting env vars: AIRFLOW_CTX_DAG_OWNER='***' AIRFLOW_CTX_DAG_ID='ModelDevelop' AIRFLOW_CTX_TASK_ID='get_data' AIRFLOW_CTX_EXECUTION_DATE='2026-01-03T05:00:00+00:00' AIRFLOW_CTX_TRY_NUMBER='1' AIRFLOW_CTX_DAG_RUN_ID='scheduled__2026-01-03T05:00:00+00:00'
[2026-01-17T13:17:41.099+0000] {python.py:202} INFO - Done. Returned value was: ./iris.csv
[2026-01-17T13:17:41.132+0000] {taskinstance.py:1149} INFO - Marking task as SUCCESS. dag_id=ModelDevelop, task_id=get_data, execution_date=20260103T050000, start_date=20260117T131740, end_date=20260117T131741
[2026-01-17T13:17:41.173+0000] {local_task_job_runner.py:234} INFO - Task exited with return code 0
[2026-01-17T13:17:41.256+0000] {taskinstance.py:3312} INFO - 0 downstream tasks scheduled from follow-on schedule check
[2026-01-17T13:38:59.856+0000] {taskinstance.py:1979} INFO - Dependencies all met for dep_context=non-requeueable deps ti=<TaskInstance: ModelDevelop.get_data scheduled__2026-01-03T05:00:00+00:00 [queued]>
[2026-01-17T13:38:59.862+0000] {taskinstance.py:1979} INFO - Dependencies all met for dep_context=requeueable deps ti=<TaskInstance: ModelDevelop.get_data scheduled__2026-01-03T05:00:00+00:00 [queued]>
[2026-01-17T13:38:59.862+0000] {taskinstance.py:2193} INFO - Starting attempt 1 of 2
[2026-01-17T13:38:59.870+0000] {taskinstance.py:2217} INFO - Executing <Task(PythonOperator): get_data> on 2026-01-03 05:00:00+00:00
[2026-01-17T13:38:59.876+0000] {standard_task_runner.py:60} INFO - Started process 2961 to run task
[2026-01-17T13:38:59.879+0000] {standard_task_runner.py:87} INFO - Running: ['***', 'tasks', 'run', 'ModelDevelop', 'get_data', 'scheduled__2026-01-03T05:00:00+00:00', '--job-id', '46', '--raw', '--subdir', 'DAGS_FOLDER/example.py', '--cfg-path', '/tmp/tmpm2mmigq0']
[2026-01-17T13:38:59.880+0000] {standard_task_runner.py:88} INFO - Job 46: Subtask get_data
[2026-01-17T13:38:59.889+0000] {warnings.py:109} WARNING - /home/***/.local/lib/python3.9/site-packages/***/settings.py:194: DeprecationWarning: The sql_alchemy_conn option in [core] has been moved to the sql_alchemy_conn option in [database] - the old setting has been used, but please update your config.
  SQL_ALCHEMY_CONN = conf.get("database", "SQL_ALCHEMY_CONN")

[2026-01-17T13:38:59.932+0000] {task_command.py:423} INFO - Running <TaskInstance: ModelDevelop.get_data scheduled__2026-01-03T05:00:00+00:00 [running]> on host 5330652dc216
[2026-01-17T13:39:00.040+0000] {taskinstance.py:2513} INFO - Exporting env vars: AIRFLOW_CTX_DAG_OWNER='***' AIRFLOW_CTX_DAG_ID='ModelDevelop' AIRFLOW_CTX_TASK_ID='get_data' AIRFLOW_CTX_EXECUTION_DATE='2026-01-03T05:00:00+00:00' AIRFLOW_CTX_TRY_NUMBER='1' AIRFLOW_CTX_DAG_RUN_ID='scheduled__2026-01-03T05:00:00+00:00'
[2026-01-17T13:39:00.052+0000] {python.py:202} INFO - Done. Returned value was: ./iris.csv
[2026-01-17T13:39:00.085+0000] {taskinstance.py:1149} INFO - Marking task as SUCCESS. dag_id=ModelDevelop, task_id=get_data, execution_date=20260103T050000, start_date=20260117T133859, end_date=20260117T133900
[2026-01-17T13:39:00.131+0000] {local_task_job_runner.py:234} INFO - Task exited with return code 0
[2026-01-17T13:39:00.150+0000] {taskinstance.py:3312} INFO - 1 downstream tasks scheduled from follow-on schedule check
