[2026-01-02T01:27:23.546+0000] {taskinstance.py:1165} INFO - Dependencies all met for <TaskInstance: ModelDevelop.get_data scheduled__2026-01-02T01:00:00+00:00 [queued]>
[2026-01-02T01:27:23.551+0000] {taskinstance.py:1165} INFO - Dependencies all met for <TaskInstance: ModelDevelop.get_data scheduled__2026-01-02T01:00:00+00:00 [queued]>
[2026-01-02T01:27:23.551+0000] {taskinstance.py:1362} INFO - 
--------------------------------------------------------------------------------
[2026-01-02T01:27:23.551+0000] {taskinstance.py:1363} INFO - Starting attempt 1 of 2
[2026-01-02T01:27:23.551+0000] {taskinstance.py:1364} INFO - 
--------------------------------------------------------------------------------
[2026-01-02T01:27:23.558+0000] {taskinstance.py:1383} INFO - Executing <Task(PythonOperator): get_data> on 2026-01-02 01:00:00+00:00
[2026-01-02T01:27:23.562+0000] {standard_task_runner.py:54} INFO - Started process 134 to run task
[2026-01-02T01:27:23.564+0000] {standard_task_runner.py:82} INFO - Running: ['***', 'tasks', 'run', 'ModelDevelop', 'get_data', 'scheduled__2026-01-02T01:00:00+00:00', '--job-id', '19', '--raw', '--subdir', 'DAGS_FOLDER/psjung_dag.py', '--cfg-path', '/tmp/tmp68mt0s8p']
[2026-01-02T01:27:23.564+0000] {standard_task_runner.py:83} INFO - Job 19: Subtask get_data
[2026-01-02T01:27:23.565+0000] {dagbag.py:525} INFO - Filling up the DagBag from /opt/***/dags/psjung_dag.py
[2026-01-02T01:27:24.229+0000] {warnings.py:110} WARNING - /home/***/.local/lib/python3.7/site-packages/***/configuration.py:545: DeprecationWarning: The sql_alchemy_conn option in [core] has been moved to the sql_alchemy_conn option in [database] - the old setting has been used, but please update your config.
  option = self._get_environment_variables(deprecated_key, deprecated_section, key, section)

[2026-01-02T01:27:24.263+0000] {task_command.py:384} INFO - Running <TaskInstance: ModelDevelop.get_data scheduled__2026-01-02T01:00:00+00:00 [running]> on host da0f76555d1e
[2026-01-02T01:27:24.312+0000] {taskinstance.py:1592} INFO - Exporting the following env vars:
AIRFLOW_CTX_DAG_OWNER=***
AIRFLOW_CTX_DAG_ID=ModelDevelop
AIRFLOW_CTX_TASK_ID=get_data
AIRFLOW_CTX_EXECUTION_DATE=2026-01-02T01:00:00+00:00
AIRFLOW_CTX_TRY_NUMBER=1
AIRFLOW_CTX_DAG_RUN_ID=scheduled__2026-01-02T01:00:00+00:00
[2026-01-02T01:27:24.315+0000] {taskinstance.py:1851} ERROR - Task failed with exception
Traceback (most recent call last):
  File "/home/airflow/.local/lib/python3.7/site-packages/pandas/io/sql.py", line 2056, in execute
    cur.execute(*args, **kwargs)
psycopg2.errors.UndefinedTable: relation "iris_data" does not exist
LINE 1: SELECT * FROM iris_data ORDER BY id DESC LIMIT 10
                      ^


The above exception was the direct cause of the following exception:

Traceback (most recent call last):
  File "/home/airflow/.local/lib/python3.7/site-packages/airflow/operators/python.py", line 175, in execute
    return_value = self.execute_callable()
  File "/home/airflow/.local/lib/python3.7/site-packages/airflow/operators/python.py", line 193, in execute_callable
    return self.python_callable(*self.op_args, **self.op_kwargs)
  File "/opt/airflow/dags/psjung_dag.py", line 42, in get_data
    df = pd.read_sql("SELECT * FROM iris_data ORDER BY id DESC LIMIT 10", db_connect)
  File "/home/airflow/.local/lib/python3.7/site-packages/pandas/io/sql.py", line 608, in read_sql
    chunksize=chunksize,
  File "/home/airflow/.local/lib/python3.7/site-packages/pandas/io/sql.py", line 2116, in read_query
    cursor = self.execute(*args)
  File "/home/airflow/.local/lib/python3.7/site-packages/pandas/io/sql.py", line 2068, in execute
    raise ex from exc
pandas.io.sql.DatabaseError: Execution failed on sql 'SELECT * FROM iris_data ORDER BY id DESC LIMIT 10': relation "iris_data" does not exist
LINE 1: SELECT * FROM iris_data ORDER BY id DESC LIMIT 10
                      ^

[2026-01-02T01:27:24.320+0000] {taskinstance.py:1406} INFO - Marking task as UP_FOR_RETRY. dag_id=ModelDevelop, task_id=get_data, execution_date=20260102T010000, start_date=20260102T012723, end_date=20260102T012724
[2026-01-02T01:27:24.327+0000] {standard_task_runner.py:107} ERROR - Failed to execute job 19 for task get_data (Execution failed on sql 'SELECT * FROM iris_data ORDER BY id DESC LIMIT 10': relation "iris_data" does not exist
LINE 1: SELECT * FROM iris_data ORDER BY id DESC LIMIT 10
                      ^
; 134)
[2026-01-02T01:27:24.376+0000] {local_task_job.py:164} INFO - Task exited with return code 1
[2026-01-02T01:27:24.395+0000] {local_task_job.py:273} INFO - 0 downstream tasks scheduled from follow-on schedule check
[2026-01-02T02:09:51.866+0000] {taskinstance.py:1165} INFO - Dependencies all met for <TaskInstance: ModelDevelop.get_data scheduled__2026-01-02T01:00:00+00:00 [queued]>
[2026-01-02T02:09:51.871+0000] {taskinstance.py:1165} INFO - Dependencies all met for <TaskInstance: ModelDevelop.get_data scheduled__2026-01-02T01:00:00+00:00 [queued]>
[2026-01-02T02:09:51.871+0000] {taskinstance.py:1362} INFO - 
--------------------------------------------------------------------------------
[2026-01-02T02:09:51.872+0000] {taskinstance.py:1363} INFO - Starting attempt 1 of 2
[2026-01-02T02:09:51.872+0000] {taskinstance.py:1364} INFO - 
--------------------------------------------------------------------------------
[2026-01-02T02:09:51.879+0000] {taskinstance.py:1383} INFO - Executing <Task(PythonOperator): get_data> on 2026-01-02 01:00:00+00:00
[2026-01-02T02:09:51.882+0000] {standard_task_runner.py:54} INFO - Started process 84 to run task
[2026-01-02T02:09:51.884+0000] {standard_task_runner.py:82} INFO - Running: ['***', 'tasks', 'run', 'ModelDevelop', 'get_data', 'scheduled__2026-01-02T01:00:00+00:00', '--job-id', '2', '--raw', '--subdir', 'DAGS_FOLDER/psjung_dag.py', '--cfg-path', '/tmp/tmp6c5ycyta']
[2026-01-02T02:09:51.885+0000] {standard_task_runner.py:83} INFO - Job 2: Subtask get_data
[2026-01-02T02:09:51.885+0000] {dagbag.py:525} INFO - Filling up the DagBag from /opt/***/dags/psjung_dag.py
[2026-01-02T02:09:52.983+0000] {warnings.py:110} WARNING - /home/***/.local/lib/python3.7/site-packages/***/configuration.py:545: DeprecationWarning: The sql_alchemy_conn option in [core] has been moved to the sql_alchemy_conn option in [database] - the old setting has been used, but please update your config.
  option = self._get_environment_variables(deprecated_key, deprecated_section, key, section)

[2026-01-02T02:09:53.017+0000] {task_command.py:384} INFO - Running <TaskInstance: ModelDevelop.get_data scheduled__2026-01-02T01:00:00+00:00 [running]> on host 81eec80a5533
[2026-01-02T02:09:53.070+0000] {taskinstance.py:1592} INFO - Exporting the following env vars:
AIRFLOW_CTX_DAG_OWNER=***
AIRFLOW_CTX_DAG_ID=ModelDevelop
AIRFLOW_CTX_TASK_ID=get_data
AIRFLOW_CTX_EXECUTION_DATE=2026-01-02T01:00:00+00:00
AIRFLOW_CTX_TRY_NUMBER=1
AIRFLOW_CTX_DAG_RUN_ID=scheduled__2026-01-02T01:00:00+00:00
[2026-01-02T02:09:53.081+0000] {logging_mixin.py:117} INFO -     sepal_length  sepal_width  petal_length  petal_width  target
90           5.5          2.6           4.4          1.2       1
[2026-01-02T02:09:53.082+0000] {python.py:177} INFO - Done. Returned value was:     sepal_length  sepal_width  petal_length  petal_width  target
90           5.5          2.6           4.4          1.2       1
[2026-01-02T02:09:53.093+0000] {xcom.py:600} ERROR - Could not serialize the XCom value into JSON. If you are using pickle instead of JSON for XCom, then you need to enable pickle support for XCom in your *** config.
[2026-01-02T02:09:53.093+0000] {taskinstance.py:1851} ERROR - Task failed with exception
Traceback (most recent call last):
  File "/home/airflow/.local/lib/python3.7/site-packages/airflow/utils/session.py", line 72, in wrapper
    return func(*args, **kwargs)
  File "/home/airflow/.local/lib/python3.7/site-packages/airflow/models/taskinstance.py", line 2385, in xcom_push
    session=session,
  File "/home/airflow/.local/lib/python3.7/site-packages/airflow/utils/session.py", line 72, in wrapper
    return func(*args, **kwargs)
  File "/home/airflow/.local/lib/python3.7/site-packages/airflow/models/xcom.py", line 212, in set
    map_index=map_index,
  File "/home/airflow/.local/lib/python3.7/site-packages/airflow/models/xcom.py", line 597, in serialize_value
    return json.dumps(value).encode('UTF-8')
  File "/usr/local/lib/python3.7/json/__init__.py", line 231, in dumps
    return _default_encoder.encode(obj)
  File "/usr/local/lib/python3.7/json/encoder.py", line 199, in encode
    chunks = self.iterencode(o, _one_shot=True)
  File "/usr/local/lib/python3.7/json/encoder.py", line 257, in iterencode
    return _iterencode(o, 0)
  File "/usr/local/lib/python3.7/json/encoder.py", line 179, in default
    raise TypeError(f'Object of type {o.__class__.__name__} '
TypeError: Object of type DataFrame is not JSON serializable
[2026-01-02T02:09:53.100+0000] {taskinstance.py:1406} INFO - Marking task as UP_FOR_RETRY. dag_id=ModelDevelop, task_id=get_data, execution_date=20260102T010000, start_date=20260102T020951, end_date=20260102T020953
[2026-01-02T02:09:53.107+0000] {standard_task_runner.py:107} ERROR - Failed to execute job 2 for task get_data (Object of type DataFrame is not JSON serializable; 84)
[2026-01-02T02:09:53.138+0000] {local_task_job.py:164} INFO - Task exited with return code 1
[2026-01-02T02:09:53.212+0000] {local_task_job.py:273} INFO - 0 downstream tasks scheduled from follow-on schedule check
[2026-01-02T02:12:33.305+0000] {taskinstance.py:1165} INFO - Dependencies all met for <TaskInstance: ModelDevelop.get_data scheduled__2026-01-02T01:00:00+00:00 [queued]>
[2026-01-02T02:12:33.310+0000] {taskinstance.py:1165} INFO - Dependencies all met for <TaskInstance: ModelDevelop.get_data scheduled__2026-01-02T01:00:00+00:00 [queued]>
[2026-01-02T02:12:33.310+0000] {taskinstance.py:1362} INFO - 
--------------------------------------------------------------------------------
[2026-01-02T02:12:33.310+0000] {taskinstance.py:1363} INFO - Starting attempt 1 of 2
[2026-01-02T02:12:33.310+0000] {taskinstance.py:1364} INFO - 
--------------------------------------------------------------------------------
[2026-01-02T02:12:33.332+0000] {taskinstance.py:1383} INFO - Executing <Task(PythonOperator): get_data> on 2026-01-02 01:00:00+00:00
[2026-01-02T02:12:33.336+0000] {standard_task_runner.py:54} INFO - Started process 134 to run task
[2026-01-02T02:12:33.338+0000] {standard_task_runner.py:82} INFO - Running: ['***', 'tasks', 'run', 'ModelDevelop', 'get_data', 'scheduled__2026-01-02T01:00:00+00:00', '--job-id', '19', '--raw', '--subdir', 'DAGS_FOLDER/psjung_dag.py', '--cfg-path', '/tmp/tmpo_0r1eih']
[2026-01-02T02:12:33.338+0000] {standard_task_runner.py:83} INFO - Job 19: Subtask get_data
[2026-01-02T02:12:33.338+0000] {dagbag.py:525} INFO - Filling up the DagBag from /opt/***/dags/psjung_dag.py
[2026-01-02T02:12:34.000+0000] {warnings.py:110} WARNING - /home/***/.local/lib/python3.7/site-packages/***/configuration.py:545: DeprecationWarning: The sql_alchemy_conn option in [core] has been moved to the sql_alchemy_conn option in [database] - the old setting has been used, but please update your config.
  option = self._get_environment_variables(deprecated_key, deprecated_section, key, section)

[2026-01-02T02:12:34.032+0000] {task_command.py:384} INFO - Running <TaskInstance: ModelDevelop.get_data scheduled__2026-01-02T01:00:00+00:00 [running]> on host 81eec80a5533
[2026-01-02T02:12:34.083+0000] {taskinstance.py:1592} INFO - Exporting the following env vars:
AIRFLOW_CTX_DAG_OWNER=***
AIRFLOW_CTX_DAG_ID=ModelDevelop
AIRFLOW_CTX_TASK_ID=get_data
AIRFLOW_CTX_EXECUTION_DATE=2026-01-02T01:00:00+00:00
AIRFLOW_CTX_TRY_NUMBER=1
AIRFLOW_CTX_DAG_RUN_ID=scheduled__2026-01-02T01:00:00+00:00
[2026-01-02T02:12:34.091+0000] {logging_mixin.py:117} INFO -      sepal_length  sepal_width  petal_length  petal_width  target
118           7.7          2.6           6.9          2.3       2
[2026-01-02T02:12:34.091+0000] {python.py:177} INFO - Done. Returned value was:      sepal_length  sepal_width  petal_length  petal_width  target
118           7.7          2.6           6.9          2.3       2
[2026-01-02T02:12:34.100+0000] {xcom.py:600} ERROR - Could not serialize the XCom value into JSON. If you are using pickle instead of JSON for XCom, then you need to enable pickle support for XCom in your *** config.
[2026-01-02T02:12:34.100+0000] {taskinstance.py:1851} ERROR - Task failed with exception
Traceback (most recent call last):
  File "/home/airflow/.local/lib/python3.7/site-packages/airflow/utils/session.py", line 72, in wrapper
    return func(*args, **kwargs)
  File "/home/airflow/.local/lib/python3.7/site-packages/airflow/models/taskinstance.py", line 2385, in xcom_push
    session=session,
  File "/home/airflow/.local/lib/python3.7/site-packages/airflow/utils/session.py", line 72, in wrapper
    return func(*args, **kwargs)
  File "/home/airflow/.local/lib/python3.7/site-packages/airflow/models/xcom.py", line 212, in set
    map_index=map_index,
  File "/home/airflow/.local/lib/python3.7/site-packages/airflow/models/xcom.py", line 597, in serialize_value
    return json.dumps(value).encode('UTF-8')
  File "/usr/local/lib/python3.7/json/__init__.py", line 231, in dumps
    return _default_encoder.encode(obj)
  File "/usr/local/lib/python3.7/json/encoder.py", line 199, in encode
    chunks = self.iterencode(o, _one_shot=True)
  File "/usr/local/lib/python3.7/json/encoder.py", line 257, in iterencode
    return _iterencode(o, 0)
  File "/usr/local/lib/python3.7/json/encoder.py", line 179, in default
    raise TypeError(f'Object of type {o.__class__.__name__} '
TypeError: Object of type DataFrame is not JSON serializable
[2026-01-02T02:12:34.107+0000] {taskinstance.py:1406} INFO - Marking task as UP_FOR_RETRY. dag_id=ModelDevelop, task_id=get_data, execution_date=20260102T010000, start_date=20260102T021233, end_date=20260102T021234
[2026-01-02T02:12:34.117+0000] {standard_task_runner.py:107} ERROR - Failed to execute job 19 for task get_data (Object of type DataFrame is not JSON serializable; 134)
[2026-01-02T02:12:34.150+0000] {local_task_job.py:164} INFO - Task exited with return code 1
[2026-01-02T02:12:34.228+0000] {local_task_job.py:273} INFO - 0 downstream tasks scheduled from follow-on schedule check
[2026-01-02T02:14:05.388+0000] {taskinstance.py:1165} INFO - Dependencies all met for <TaskInstance: ModelDevelop.get_data scheduled__2026-01-02T01:00:00+00:00 [queued]>
[2026-01-02T02:14:05.393+0000] {taskinstance.py:1165} INFO - Dependencies all met for <TaskInstance: ModelDevelop.get_data scheduled__2026-01-02T01:00:00+00:00 [queued]>
[2026-01-02T02:14:05.393+0000] {taskinstance.py:1362} INFO - 
--------------------------------------------------------------------------------
[2026-01-02T02:14:05.393+0000] {taskinstance.py:1363} INFO - Starting attempt 1 of 2
[2026-01-02T02:14:05.393+0000] {taskinstance.py:1364} INFO - 
--------------------------------------------------------------------------------
[2026-01-02T02:14:05.400+0000] {taskinstance.py:1383} INFO - Executing <Task(PythonOperator): get_data> on 2026-01-02 01:00:00+00:00
[2026-01-02T02:14:05.404+0000] {standard_task_runner.py:54} INFO - Started process 179 to run task
[2026-01-02T02:14:05.405+0000] {standard_task_runner.py:82} INFO - Running: ['***', 'tasks', 'run', 'ModelDevelop', 'get_data', 'scheduled__2026-01-02T01:00:00+00:00', '--job-id', '34', '--raw', '--subdir', 'DAGS_FOLDER/psjung_dag.py', '--cfg-path', '/tmp/tmp8rcwh1cq']
[2026-01-02T02:14:05.406+0000] {standard_task_runner.py:83} INFO - Job 34: Subtask get_data
[2026-01-02T02:14:05.406+0000] {dagbag.py:525} INFO - Filling up the DagBag from /opt/***/dags/psjung_dag.py
[2026-01-02T02:14:06.066+0000] {warnings.py:110} WARNING - /home/***/.local/lib/python3.7/site-packages/***/configuration.py:545: DeprecationWarning: The sql_alchemy_conn option in [core] has been moved to the sql_alchemy_conn option in [database] - the old setting has been used, but please update your config.
  option = self._get_environment_variables(deprecated_key, deprecated_section, key, section)

[2026-01-02T02:14:06.096+0000] {task_command.py:384} INFO - Running <TaskInstance: ModelDevelop.get_data scheduled__2026-01-02T01:00:00+00:00 [running]> on host 81eec80a5533
[2026-01-02T02:14:06.137+0000] {taskinstance.py:1592} INFO - Exporting the following env vars:
AIRFLOW_CTX_DAG_OWNER=***
AIRFLOW_CTX_DAG_ID=ModelDevelop
AIRFLOW_CTX_TASK_ID=get_data
AIRFLOW_CTX_EXECUTION_DATE=2026-01-02T01:00:00+00:00
AIRFLOW_CTX_TRY_NUMBER=1
AIRFLOW_CTX_DAG_RUN_ID=scheduled__2026-01-02T01:00:00+00:00
[2026-01-02T02:14:06.145+0000] {logging_mixin.py:117} INFO -     sepal_length  sepal_width  petal_length  petal_width  target
44           5.1          3.8           1.9          0.4       0
[2026-01-02T02:14:06.146+0000] {python.py:177} INFO - Done. Returned value was:     sepal_length  sepal_width  petal_length  petal_width  target
44           5.1          3.8           1.9          0.4       0
[2026-01-02T02:14:06.154+0000] {xcom.py:600} ERROR - Could not serialize the XCom value into JSON. If you are using pickle instead of JSON for XCom, then you need to enable pickle support for XCom in your *** config.
[2026-01-02T02:14:06.155+0000] {taskinstance.py:1851} ERROR - Task failed with exception
Traceback (most recent call last):
  File "/home/airflow/.local/lib/python3.7/site-packages/airflow/utils/session.py", line 72, in wrapper
    return func(*args, **kwargs)
  File "/home/airflow/.local/lib/python3.7/site-packages/airflow/models/taskinstance.py", line 2385, in xcom_push
    session=session,
  File "/home/airflow/.local/lib/python3.7/site-packages/airflow/utils/session.py", line 72, in wrapper
    return func(*args, **kwargs)
  File "/home/airflow/.local/lib/python3.7/site-packages/airflow/models/xcom.py", line 212, in set
    map_index=map_index,
  File "/home/airflow/.local/lib/python3.7/site-packages/airflow/models/xcom.py", line 597, in serialize_value
    return json.dumps(value).encode('UTF-8')
  File "/usr/local/lib/python3.7/json/__init__.py", line 231, in dumps
    return _default_encoder.encode(obj)
  File "/usr/local/lib/python3.7/json/encoder.py", line 199, in encode
    chunks = self.iterencode(o, _one_shot=True)
  File "/usr/local/lib/python3.7/json/encoder.py", line 257, in iterencode
    return _iterencode(o, 0)
  File "/usr/local/lib/python3.7/json/encoder.py", line 179, in default
    raise TypeError(f'Object of type {o.__class__.__name__} '
TypeError: Object of type DataFrame is not JSON serializable
[2026-01-02T02:14:06.160+0000] {taskinstance.py:1406} INFO - Marking task as UP_FOR_RETRY. dag_id=ModelDevelop, task_id=get_data, execution_date=20260102T010000, start_date=20260102T021405, end_date=20260102T021406
[2026-01-02T02:14:06.166+0000] {standard_task_runner.py:107} ERROR - Failed to execute job 34 for task get_data (Object of type DataFrame is not JSON serializable; 179)
[2026-01-02T02:14:06.218+0000] {local_task_job.py:164} INFO - Task exited with return code 1
[2026-01-02T02:14:06.237+0000] {local_task_job.py:273} INFO - 0 downstream tasks scheduled from follow-on schedule check
[2026-01-02T02:16:20.763+0000] {taskinstance.py:1165} INFO - Dependencies all met for <TaskInstance: ModelDevelop.get_data scheduled__2026-01-02T01:00:00+00:00 [queued]>
[2026-01-02T02:16:20.768+0000] {taskinstance.py:1165} INFO - Dependencies all met for <TaskInstance: ModelDevelop.get_data scheduled__2026-01-02T01:00:00+00:00 [queued]>
[2026-01-02T02:16:20.768+0000] {taskinstance.py:1362} INFO - 
--------------------------------------------------------------------------------
[2026-01-02T02:16:20.768+0000] {taskinstance.py:1363} INFO - Starting attempt 1 of 2
[2026-01-02T02:16:20.768+0000] {taskinstance.py:1364} INFO - 
--------------------------------------------------------------------------------
[2026-01-02T02:16:20.775+0000] {taskinstance.py:1383} INFO - Executing <Task(PythonOperator): get_data> on 2026-01-02 01:00:00+00:00
[2026-01-02T02:16:20.779+0000] {standard_task_runner.py:54} INFO - Started process 228 to run task
[2026-01-02T02:16:20.781+0000] {standard_task_runner.py:82} INFO - Running: ['***', 'tasks', 'run', 'ModelDevelop', 'get_data', 'scheduled__2026-01-02T01:00:00+00:00', '--job-id', '51', '--raw', '--subdir', 'DAGS_FOLDER/psjung_dag.py', '--cfg-path', '/tmp/tmpvj51nmk7']
[2026-01-02T02:16:20.781+0000] {standard_task_runner.py:83} INFO - Job 51: Subtask get_data
[2026-01-02T02:16:20.782+0000] {dagbag.py:525} INFO - Filling up the DagBag from /opt/***/dags/psjung_dag.py
[2026-01-02T02:16:21.389+0000] {warnings.py:110} WARNING - /home/***/.local/lib/python3.7/site-packages/***/configuration.py:545: DeprecationWarning: The sql_alchemy_conn option in [core] has been moved to the sql_alchemy_conn option in [database] - the old setting has been used, but please update your config.
  option = self._get_environment_variables(deprecated_key, deprecated_section, key, section)

[2026-01-02T02:16:21.420+0000] {task_command.py:384} INFO - Running <TaskInstance: ModelDevelop.get_data scheduled__2026-01-02T01:00:00+00:00 [running]> on host 81eec80a5533
[2026-01-02T02:16:21.456+0000] {taskinstance.py:1592} INFO - Exporting the following env vars:
AIRFLOW_CTX_DAG_OWNER=***
AIRFLOW_CTX_DAG_ID=ModelDevelop
AIRFLOW_CTX_TASK_ID=get_data
AIRFLOW_CTX_EXECUTION_DATE=2026-01-02T01:00:00+00:00
AIRFLOW_CTX_TRY_NUMBER=1
AIRFLOW_CTX_DAG_RUN_ID=scheduled__2026-01-02T01:00:00+00:00
[2026-01-02T02:16:21.464+0000] {logging_mixin.py:117} INFO -     sepal_length  sepal_width  petal_length  petal_width  target
56           6.3          3.3           4.7          1.6       1
[2026-01-02T02:16:21.464+0000] {python.py:177} INFO - Done. Returned value was:     sepal_length  sepal_width  petal_length  petal_width  target
56           6.3          3.3           4.7          1.6       1
[2026-01-02T02:16:21.471+0000] {xcom.py:600} ERROR - Could not serialize the XCom value into JSON. If you are using pickle instead of JSON for XCom, then you need to enable pickle support for XCom in your *** config.
[2026-01-02T02:16:21.471+0000] {taskinstance.py:1851} ERROR - Task failed with exception
Traceback (most recent call last):
  File "/home/airflow/.local/lib/python3.7/site-packages/airflow/utils/session.py", line 72, in wrapper
    return func(*args, **kwargs)
  File "/home/airflow/.local/lib/python3.7/site-packages/airflow/models/taskinstance.py", line 2385, in xcom_push
    session=session,
  File "/home/airflow/.local/lib/python3.7/site-packages/airflow/utils/session.py", line 72, in wrapper
    return func(*args, **kwargs)
  File "/home/airflow/.local/lib/python3.7/site-packages/airflow/models/xcom.py", line 212, in set
    map_index=map_index,
  File "/home/airflow/.local/lib/python3.7/site-packages/airflow/models/xcom.py", line 597, in serialize_value
    return json.dumps(value).encode('UTF-8')
  File "/usr/local/lib/python3.7/json/__init__.py", line 231, in dumps
    return _default_encoder.encode(obj)
  File "/usr/local/lib/python3.7/json/encoder.py", line 199, in encode
    chunks = self.iterencode(o, _one_shot=True)
  File "/usr/local/lib/python3.7/json/encoder.py", line 257, in iterencode
    return _iterencode(o, 0)
  File "/usr/local/lib/python3.7/json/encoder.py", line 179, in default
    raise TypeError(f'Object of type {o.__class__.__name__} '
TypeError: Object of type DataFrame is not JSON serializable
[2026-01-02T02:16:21.476+0000] {taskinstance.py:1406} INFO - Marking task as UP_FOR_RETRY. dag_id=ModelDevelop, task_id=get_data, execution_date=20260102T010000, start_date=20260102T021620, end_date=20260102T021621
[2026-01-02T02:16:21.482+0000] {standard_task_runner.py:107} ERROR - Failed to execute job 51 for task get_data (Object of type DataFrame is not JSON serializable; 228)
[2026-01-02T02:16:21.514+0000] {local_task_job.py:164} INFO - Task exited with return code 1
[2026-01-02T02:16:21.530+0000] {local_task_job.py:273} INFO - 0 downstream tasks scheduled from follow-on schedule check
[2026-01-02T02:24:11.226+0000] {taskinstance.py:1165} INFO - Dependencies all met for <TaskInstance: ModelDevelop.get_data scheduled__2026-01-02T01:00:00+00:00 [queued]>
[2026-01-02T02:24:11.231+0000] {taskinstance.py:1165} INFO - Dependencies all met for <TaskInstance: ModelDevelop.get_data scheduled__2026-01-02T01:00:00+00:00 [queued]>
[2026-01-02T02:24:11.231+0000] {taskinstance.py:1362} INFO - 
--------------------------------------------------------------------------------
[2026-01-02T02:24:11.231+0000] {taskinstance.py:1363} INFO - Starting attempt 1 of 2
[2026-01-02T02:24:11.231+0000] {taskinstance.py:1364} INFO - 
--------------------------------------------------------------------------------
[2026-01-02T02:24:11.238+0000] {taskinstance.py:1383} INFO - Executing <Task(PythonOperator): get_data> on 2026-01-02 01:00:00+00:00
[2026-01-02T02:24:11.242+0000] {standard_task_runner.py:54} INFO - Started process 240 to run task
[2026-01-02T02:24:11.245+0000] {standard_task_runner.py:82} INFO - Running: ['***', 'tasks', 'run', 'ModelDevelop', 'get_data', 'scheduled__2026-01-02T01:00:00+00:00', '--job-id', '55', '--raw', '--subdir', 'DAGS_FOLDER/psjung_dag.py', '--cfg-path', '/tmp/tmpfb2q0n_7']
[2026-01-02T02:24:11.245+0000] {standard_task_runner.py:83} INFO - Job 55: Subtask get_data
[2026-01-02T02:24:11.246+0000] {dagbag.py:525} INFO - Filling up the DagBag from /opt/***/dags/psjung_dag.py
[2026-01-02T02:24:11.853+0000] {warnings.py:110} WARNING - /home/***/.local/lib/python3.7/site-packages/***/configuration.py:545: DeprecationWarning: The sql_alchemy_conn option in [core] has been moved to the sql_alchemy_conn option in [database] - the old setting has been used, but please update your config.
  option = self._get_environment_variables(deprecated_key, deprecated_section, key, section)

[2026-01-02T02:24:11.882+0000] {task_command.py:384} INFO - Running <TaskInstance: ModelDevelop.get_data scheduled__2026-01-02T01:00:00+00:00 [running]> on host 81eec80a5533
[2026-01-02T02:24:11.919+0000] {taskinstance.py:1592} INFO - Exporting the following env vars:
AIRFLOW_CTX_DAG_OWNER=***
AIRFLOW_CTX_DAG_ID=ModelDevelop
AIRFLOW_CTX_TASK_ID=get_data
AIRFLOW_CTX_EXECUTION_DATE=2026-01-02T01:00:00+00:00
AIRFLOW_CTX_TRY_NUMBER=1
AIRFLOW_CTX_DAG_RUN_ID=scheduled__2026-01-02T01:00:00+00:00
[2026-01-02T02:24:11.927+0000] {logging_mixin.py:117} INFO -     sepal_length  sepal_width  petal_length  petal_width  target
48           5.3          3.7           1.5          0.2       0
[2026-01-02T02:24:11.928+0000] {python.py:177} INFO - Done. Returned value was: ./iris.csv
[2026-01-02T02:24:11.940+0000] {taskinstance.py:1406} INFO - Marking task as SUCCESS. dag_id=ModelDevelop, task_id=get_data, execution_date=20260102T010000, start_date=20260102T022411, end_date=20260102T022411
[2026-01-02T02:24:11.976+0000] {local_task_job.py:164} INFO - Task exited with return code 0
[2026-01-02T02:24:12.001+0000] {local_task_job.py:273} INFO - 1 downstream tasks scheduled from follow-on schedule check
[2026-01-02T03:47:41.552+0000] {taskinstance.py:1165} INFO - Dependencies all met for <TaskInstance: ModelDevelop.get_data scheduled__2026-01-02T01:00:00+00:00 [queued]>
[2026-01-02T03:47:41.557+0000] {taskinstance.py:1165} INFO - Dependencies all met for <TaskInstance: ModelDevelop.get_data scheduled__2026-01-02T01:00:00+00:00 [queued]>
[2026-01-02T03:47:41.557+0000] {taskinstance.py:1362} INFO - 
--------------------------------------------------------------------------------
[2026-01-02T03:47:41.557+0000] {taskinstance.py:1363} INFO - Starting attempt 1 of 2
[2026-01-02T03:47:41.557+0000] {taskinstance.py:1364} INFO - 
--------------------------------------------------------------------------------
[2026-01-02T03:47:41.564+0000] {taskinstance.py:1383} INFO - Executing <Task(PythonOperator): get_data> on 2026-01-02 01:00:00+00:00
[2026-01-02T03:47:41.567+0000] {standard_task_runner.py:54} INFO - Started process 262 to run task
[2026-01-02T03:47:41.569+0000] {standard_task_runner.py:82} INFO - Running: ['***', 'tasks', 'run', 'ModelDevelop', 'get_data', 'scheduled__2026-01-02T01:00:00+00:00', '--job-id', '62', '--raw', '--subdir', 'DAGS_FOLDER/psjung_dag.py', '--cfg-path', '/tmp/tmptd8cw4nd']
[2026-01-02T03:47:41.570+0000] {standard_task_runner.py:83} INFO - Job 62: Subtask get_data
[2026-01-02T03:47:41.570+0000] {dagbag.py:525} INFO - Filling up the DagBag from /opt/***/dags/psjung_dag.py
[2026-01-02T03:47:42.178+0000] {warnings.py:110} WARNING - /home/***/.local/lib/python3.7/site-packages/***/configuration.py:545: DeprecationWarning: The sql_alchemy_conn option in [core] has been moved to the sql_alchemy_conn option in [database] - the old setting has been used, but please update your config.
  option = self._get_environment_variables(deprecated_key, deprecated_section, key, section)

[2026-01-02T03:47:42.206+0000] {task_command.py:384} INFO - Running <TaskInstance: ModelDevelop.get_data scheduled__2026-01-02T01:00:00+00:00 [running]> on host 81eec80a5533
[2026-01-02T03:47:42.241+0000] {taskinstance.py:1592} INFO - Exporting the following env vars:
AIRFLOW_CTX_DAG_OWNER=***
AIRFLOW_CTX_DAG_ID=ModelDevelop
AIRFLOW_CTX_TASK_ID=get_data
AIRFLOW_CTX_EXECUTION_DATE=2026-01-02T01:00:00+00:00
AIRFLOW_CTX_TRY_NUMBER=1
AIRFLOW_CTX_DAG_RUN_ID=scheduled__2026-01-02T01:00:00+00:00
[2026-01-02T03:47:42.248+0000] {logging_mixin.py:117} INFO -     sepal_length  sepal_width  petal_length  petal_width  target
49           5.0          3.3           1.4          0.2       0
[2026-01-02T03:47:42.249+0000] {python.py:177} INFO - Done. Returned value was: ./iris.csv
[2026-01-02T03:47:42.262+0000] {taskinstance.py:1406} INFO - Marking task as SUCCESS. dag_id=ModelDevelop, task_id=get_data, execution_date=20260102T010000, start_date=20260102T034741, end_date=20260102T034742
[2026-01-02T03:47:42.302+0000] {local_task_job.py:164} INFO - Task exited with return code 0
[2026-01-02T03:47:42.316+0000] {local_task_job.py:273} INFO - 1 downstream tasks scheduled from follow-on schedule check
[2026-01-02T03:51:46.915+0000] {taskinstance.py:1165} INFO - Dependencies all met for <TaskInstance: ModelDevelop.get_data scheduled__2026-01-02T01:00:00+00:00 [queued]>
[2026-01-02T03:51:46.920+0000] {taskinstance.py:1165} INFO - Dependencies all met for <TaskInstance: ModelDevelop.get_data scheduled__2026-01-02T01:00:00+00:00 [queued]>
[2026-01-02T03:51:46.920+0000] {taskinstance.py:1362} INFO - 
--------------------------------------------------------------------------------
[2026-01-02T03:51:46.920+0000] {taskinstance.py:1363} INFO - Starting attempt 1 of 2
[2026-01-02T03:51:46.920+0000] {taskinstance.py:1364} INFO - 
--------------------------------------------------------------------------------
[2026-01-02T03:51:46.927+0000] {taskinstance.py:1383} INFO - Executing <Task(PythonOperator): get_data> on 2026-01-02 01:00:00+00:00
[2026-01-02T03:51:46.931+0000] {standard_task_runner.py:54} INFO - Started process 328 to run task
[2026-01-02T03:51:46.932+0000] {standard_task_runner.py:82} INFO - Running: ['***', 'tasks', 'run', 'ModelDevelop', 'get_data', 'scheduled__2026-01-02T01:00:00+00:00', '--job-id', '72', '--raw', '--subdir', 'DAGS_FOLDER/psjung_dag.py', '--cfg-path', '/tmp/tmpht1r7jz9']
[2026-01-02T03:51:46.933+0000] {standard_task_runner.py:83} INFO - Job 72: Subtask get_data
[2026-01-02T03:51:46.933+0000] {dagbag.py:525} INFO - Filling up the DagBag from /opt/***/dags/psjung_dag.py
[2026-01-02T03:51:47.535+0000] {warnings.py:110} WARNING - /home/***/.local/lib/python3.7/site-packages/***/configuration.py:545: DeprecationWarning: The sql_alchemy_conn option in [core] has been moved to the sql_alchemy_conn option in [database] - the old setting has been used, but please update your config.
  option = self._get_environment_variables(deprecated_key, deprecated_section, key, section)

[2026-01-02T03:51:47.561+0000] {task_command.py:384} INFO - Running <TaskInstance: ModelDevelop.get_data scheduled__2026-01-02T01:00:00+00:00 [running]> on host 81eec80a5533
[2026-01-02T03:51:47.595+0000] {taskinstance.py:1592} INFO - Exporting the following env vars:
AIRFLOW_CTX_DAG_OWNER=***
AIRFLOW_CTX_DAG_ID=ModelDevelop
AIRFLOW_CTX_TASK_ID=get_data
AIRFLOW_CTX_EXECUTION_DATE=2026-01-02T01:00:00+00:00
AIRFLOW_CTX_TRY_NUMBER=1
AIRFLOW_CTX_DAG_RUN_ID=scheduled__2026-01-02T01:00:00+00:00
[2026-01-02T03:51:47.599+0000] {python.py:177} INFO - Done. Returned value was: ./iris.csv
[2026-01-02T03:51:47.611+0000] {taskinstance.py:1406} INFO - Marking task as SUCCESS. dag_id=ModelDevelop, task_id=get_data, execution_date=20260102T010000, start_date=20260102T035146, end_date=20260102T035147
[2026-01-02T03:51:47.665+0000] {local_task_job.py:164} INFO - Task exited with return code 0
[2026-01-02T03:51:47.682+0000] {local_task_job.py:273} INFO - 1 downstream tasks scheduled from follow-on schedule check
[2026-01-02T03:56:22.537+0000] {taskinstance.py:1165} INFO - Dependencies all met for <TaskInstance: ModelDevelop.get_data scheduled__2026-01-02T01:00:00+00:00 [queued]>
[2026-01-02T03:56:22.542+0000] {taskinstance.py:1165} INFO - Dependencies all met for <TaskInstance: ModelDevelop.get_data scheduled__2026-01-02T01:00:00+00:00 [queued]>
[2026-01-02T03:56:22.542+0000] {taskinstance.py:1362} INFO - 
--------------------------------------------------------------------------------
[2026-01-02T03:56:22.542+0000] {taskinstance.py:1363} INFO - Starting attempt 1 of 2
[2026-01-02T03:56:22.542+0000] {taskinstance.py:1364} INFO - 
--------------------------------------------------------------------------------
[2026-01-02T03:56:22.549+0000] {taskinstance.py:1383} INFO - Executing <Task(PythonOperator): get_data> on 2026-01-02 01:00:00+00:00
[2026-01-02T03:56:22.552+0000] {standard_task_runner.py:54} INFO - Started process 571 to run task
[2026-01-02T03:56:22.554+0000] {standard_task_runner.py:82} INFO - Running: ['***', 'tasks', 'run', 'ModelDevelop', 'get_data', 'scheduled__2026-01-02T01:00:00+00:00', '--job-id', '81', '--raw', '--subdir', 'DAGS_FOLDER/psjung_dag.py', '--cfg-path', '/tmp/tmp36pfxd_5']
[2026-01-02T03:56:22.555+0000] {standard_task_runner.py:83} INFO - Job 81: Subtask get_data
[2026-01-02T03:56:22.555+0000] {dagbag.py:525} INFO - Filling up the DagBag from /opt/***/dags/psjung_dag.py
[2026-01-02T03:56:23.187+0000] {warnings.py:110} WARNING - /home/***/.local/lib/python3.7/site-packages/***/configuration.py:545: DeprecationWarning: The sql_alchemy_conn option in [core] has been moved to the sql_alchemy_conn option in [database] - the old setting has been used, but please update your config.
  option = self._get_environment_variables(deprecated_key, deprecated_section, key, section)

[2026-01-02T03:56:23.215+0000] {task_command.py:384} INFO - Running <TaskInstance: ModelDevelop.get_data scheduled__2026-01-02T01:00:00+00:00 [running]> on host 81eec80a5533
[2026-01-02T03:56:23.249+0000] {taskinstance.py:1592} INFO - Exporting the following env vars:
AIRFLOW_CTX_DAG_OWNER=***
AIRFLOW_CTX_DAG_ID=ModelDevelop
AIRFLOW_CTX_TASK_ID=get_data
AIRFLOW_CTX_EXECUTION_DATE=2026-01-02T01:00:00+00:00
AIRFLOW_CTX_TRY_NUMBER=1
AIRFLOW_CTX_DAG_RUN_ID=scheduled__2026-01-02T01:00:00+00:00
[2026-01-02T03:56:23.253+0000] {python.py:177} INFO - Done. Returned value was: ./iris.csv
[2026-01-02T03:56:23.266+0000] {taskinstance.py:1406} INFO - Marking task as SUCCESS. dag_id=ModelDevelop, task_id=get_data, execution_date=20260102T010000, start_date=20260102T035622, end_date=20260102T035623
[2026-01-02T03:56:23.287+0000] {local_task_job.py:164} INFO - Task exited with return code 0
[2026-01-02T03:56:23.302+0000] {local_task_job.py:273} INFO - 1 downstream tasks scheduled from follow-on schedule check
[2026-01-02T04:01:54.443+0000] {taskinstance.py:1165} INFO - Dependencies all met for <TaskInstance: ModelDevelop.get_data scheduled__2026-01-02T01:00:00+00:00 [queued]>
[2026-01-02T04:01:54.448+0000] {taskinstance.py:1165} INFO - Dependencies all met for <TaskInstance: ModelDevelop.get_data scheduled__2026-01-02T01:00:00+00:00 [queued]>
[2026-01-02T04:01:54.448+0000] {taskinstance.py:1362} INFO - 
--------------------------------------------------------------------------------
[2026-01-02T04:01:54.448+0000] {taskinstance.py:1363} INFO - Starting attempt 1 of 2
[2026-01-02T04:01:54.448+0000] {taskinstance.py:1364} INFO - 
--------------------------------------------------------------------------------
[2026-01-02T04:01:54.456+0000] {taskinstance.py:1383} INFO - Executing <Task(PythonOperator): get_data> on 2026-01-02 01:00:00+00:00
[2026-01-02T04:01:54.459+0000] {standard_task_runner.py:54} INFO - Started process 857 to run task
[2026-01-02T04:01:54.461+0000] {standard_task_runner.py:82} INFO - Running: ['***', 'tasks', 'run', 'ModelDevelop', 'get_data', 'scheduled__2026-01-02T01:00:00+00:00', '--job-id', '92', '--raw', '--subdir', 'DAGS_FOLDER/psjung_dag.py', '--cfg-path', '/tmp/tmpshrs47be']
[2026-01-02T04:01:54.462+0000] {standard_task_runner.py:83} INFO - Job 92: Subtask get_data
[2026-01-02T04:01:54.462+0000] {dagbag.py:525} INFO - Filling up the DagBag from /opt/***/dags/psjung_dag.py
[2026-01-02T04:01:55.100+0000] {warnings.py:110} WARNING - /home/***/.local/lib/python3.7/site-packages/***/configuration.py:545: DeprecationWarning: The sql_alchemy_conn option in [core] has been moved to the sql_alchemy_conn option in [database] - the old setting has been used, but please update your config.
  option = self._get_environment_variables(deprecated_key, deprecated_section, key, section)

[2026-01-02T04:01:55.127+0000] {task_command.py:384} INFO - Running <TaskInstance: ModelDevelop.get_data scheduled__2026-01-02T01:00:00+00:00 [running]> on host 81eec80a5533
[2026-01-02T04:01:55.165+0000] {taskinstance.py:1592} INFO - Exporting the following env vars:
AIRFLOW_CTX_DAG_OWNER=***
AIRFLOW_CTX_DAG_ID=ModelDevelop
AIRFLOW_CTX_TASK_ID=get_data
AIRFLOW_CTX_EXECUTION_DATE=2026-01-02T01:00:00+00:00
AIRFLOW_CTX_TRY_NUMBER=1
AIRFLOW_CTX_DAG_RUN_ID=scheduled__2026-01-02T01:00:00+00:00
[2026-01-02T04:01:55.169+0000] {python.py:177} INFO - Done. Returned value was: ./iris.csv
[2026-01-02T04:01:55.182+0000] {taskinstance.py:1406} INFO - Marking task as SUCCESS. dag_id=ModelDevelop, task_id=get_data, execution_date=20260102T010000, start_date=20260102T040154, end_date=20260102T040155
[2026-01-02T04:01:55.234+0000] {local_task_job.py:164} INFO - Task exited with return code 0
[2026-01-02T04:01:55.249+0000] {local_task_job.py:273} INFO - 1 downstream tasks scheduled from follow-on schedule check
[2026-01-02T06:05:07.049+0000] {taskinstance.py:1979} INFO - Dependencies all met for dep_context=non-requeueable deps ti=<TaskInstance: ModelDevelop.get_data scheduled__2026-01-02T01:00:00+00:00 [queued]>
[2026-01-02T06:05:07.053+0000] {taskinstance.py:1979} INFO - Dependencies all met for dep_context=requeueable deps ti=<TaskInstance: ModelDevelop.get_data scheduled__2026-01-02T01:00:00+00:00 [queued]>
[2026-01-02T06:05:07.054+0000] {taskinstance.py:2193} INFO - Starting attempt 1 of 2
[2026-01-02T06:05:07.060+0000] {taskinstance.py:2217} INFO - Executing <Task(PythonOperator): get_data> on 2026-01-02 01:00:00+00:00
[2026-01-02T06:05:07.066+0000] {standard_task_runner.py:60} INFO - Started process 275 to run task
[2026-01-02T06:05:07.068+0000] {standard_task_runner.py:87} INFO - Running: ['***', 'tasks', 'run', 'ModelDevelop', 'get_data', 'scheduled__2026-01-02T01:00:00+00:00', '--job-id', '7', '--raw', '--subdir', 'DAGS_FOLDER/psjung_dag.py', '--cfg-path', '/tmp/tmp25cykjpv']
[2026-01-02T06:05:07.069+0000] {standard_task_runner.py:88} INFO - Job 7: Subtask get_data
[2026-01-02T06:05:07.076+0000] {warnings.py:109} WARNING - /home/***/.local/lib/python3.9/site-packages/***/settings.py:194: DeprecationWarning: The sql_alchemy_conn option in [core] has been moved to the sql_alchemy_conn option in [database] - the old setting has been used, but please update your config.
  SQL_ALCHEMY_CONN = conf.get("database", "SQL_ALCHEMY_CONN")

[2026-01-02T06:05:07.097+0000] {task_command.py:423} INFO - Running <TaskInstance: ModelDevelop.get_data scheduled__2026-01-02T01:00:00+00:00 [running]> on host a7950a218152
[2026-01-02T06:05:07.139+0000] {taskinstance.py:2513} INFO - Exporting env vars: AIRFLOW_CTX_DAG_OWNER='***' AIRFLOW_CTX_DAG_ID='ModelDevelop' AIRFLOW_CTX_TASK_ID='get_data' AIRFLOW_CTX_EXECUTION_DATE='2026-01-02T01:00:00+00:00' AIRFLOW_CTX_TRY_NUMBER='1' AIRFLOW_CTX_DAG_RUN_ID='scheduled__2026-01-02T01:00:00+00:00'
[2026-01-02T06:05:07.147+0000] {python.py:202} INFO - Done. Returned value was: ./iris.csv
[2026-01-02T06:05:07.160+0000] {taskinstance.py:1149} INFO - Marking task as SUCCESS. dag_id=ModelDevelop, task_id=get_data, execution_date=20260102T010000, start_date=20260102T060507, end_date=20260102T060507
[2026-01-02T06:05:07.199+0000] {local_task_job_runner.py:234} INFO - Task exited with return code 0
[2026-01-02T06:05:07.212+0000] {taskinstance.py:3312} INFO - 1 downstream tasks scheduled from follow-on schedule check
