[2026-01-16T07:56:48.178+0000] {taskinstance.py:1979} INFO - Dependencies all met for dep_context=non-requeueable deps ti=<TaskInstance: ModelDevelop.get_data scheduled__2026-01-13T18:00:00+00:00 [queued]>
[2026-01-16T07:56:48.184+0000] {taskinstance.py:1979} INFO - Dependencies all met for dep_context=requeueable deps ti=<TaskInstance: ModelDevelop.get_data scheduled__2026-01-13T18:00:00+00:00 [queued]>
[2026-01-16T07:56:48.184+0000] {taskinstance.py:2193} INFO - Starting attempt 1 of 2
[2026-01-16T07:56:48.191+0000] {taskinstance.py:2217} INFO - Executing <Task(PythonOperator): get_data> on 2026-01-13 18:00:00+00:00
[2026-01-16T07:56:48.198+0000] {standard_task_runner.py:60} INFO - Started process 37069 to run task
[2026-01-16T07:56:48.201+0000] {standard_task_runner.py:87} INFO - Running: ['***', 'tasks', 'run', 'ModelDevelop', 'get_data', 'scheduled__2026-01-13T18:00:00+00:00', '--job-id', '556', '--raw', '--subdir', 'DAGS_FOLDER/example.py', '--cfg-path', '/tmp/tmpqv7ztun0']
[2026-01-16T07:56:48.202+0000] {standard_task_runner.py:88} INFO - Job 556: Subtask get_data
[2026-01-16T07:56:48.210+0000] {warnings.py:109} WARNING - /home/***/.local/lib/python3.9/site-packages/***/settings.py:194: DeprecationWarning: The sql_alchemy_conn option in [core] has been moved to the sql_alchemy_conn option in [database] - the old setting has been used, but please update your config.
  SQL_ALCHEMY_CONN = conf.get("database", "SQL_ALCHEMY_CONN")

[2026-01-16T07:56:48.235+0000] {task_command.py:423} INFO - Running <TaskInstance: ModelDevelop.get_data scheduled__2026-01-13T18:00:00+00:00 [running]> on host 8a4f043652f0
[2026-01-16T07:56:48.297+0000] {taskinstance.py:2513} INFO - Exporting env vars: AIRFLOW_CTX_DAG_OWNER='***' AIRFLOW_CTX_DAG_ID='ModelDevelop' AIRFLOW_CTX_TASK_ID='get_data' AIRFLOW_CTX_EXECUTION_DATE='2026-01-13T18:00:00+00:00' AIRFLOW_CTX_TRY_NUMBER='1' AIRFLOW_CTX_DAG_RUN_ID='scheduled__2026-01-13T18:00:00+00:00'
[2026-01-16T07:56:48.307+0000] {python.py:202} INFO - Done. Returned value was: ./iris.csv
[2026-01-16T07:56:48.372+0000] {taskinstance.py:1149} INFO - Marking task as SUCCESS. dag_id=ModelDevelop, task_id=get_data, execution_date=20260113T180000, start_date=20260116T075648, end_date=20260116T075648
[2026-01-16T07:56:48.413+0000] {local_task_job_runner.py:234} INFO - Task exited with return code 0
[2026-01-16T07:56:48.482+0000] {taskinstance.py:3312} INFO - 0 downstream tasks scheduled from follow-on schedule check
[2026-01-17T13:20:31.830+0000] {taskinstance.py:1979} INFO - Dependencies all met for dep_context=non-requeueable deps ti=<TaskInstance: ModelDevelop.get_data scheduled__2026-01-13T18:00:00+00:00 [queued]>
[2026-01-17T13:20:31.836+0000] {taskinstance.py:1979} INFO - Dependencies all met for dep_context=requeueable deps ti=<TaskInstance: ModelDevelop.get_data scheduled__2026-01-13T18:00:00+00:00 [queued]>
[2026-01-17T13:20:31.836+0000] {taskinstance.py:2193} INFO - Starting attempt 1 of 2
[2026-01-17T13:20:31.844+0000] {taskinstance.py:2217} INFO - Executing <Task(PythonOperator): get_data> on 2026-01-13 18:00:00+00:00
[2026-01-17T13:20:31.850+0000] {standard_task_runner.py:60} INFO - Started process 37202 to run task
[2026-01-17T13:20:31.853+0000] {standard_task_runner.py:87} INFO - Running: ['***', 'tasks', 'run', 'ModelDevelop', 'get_data', 'scheduled__2026-01-13T18:00:00+00:00', '--job-id', '557', '--raw', '--subdir', 'DAGS_FOLDER/example.py', '--cfg-path', '/tmp/tmpzh4p8heh']
[2026-01-17T13:20:31.854+0000] {standard_task_runner.py:88} INFO - Job 557: Subtask get_data
[2026-01-17T13:20:31.890+0000] {warnings.py:109} WARNING - /home/***/.local/lib/python3.9/site-packages/***/settings.py:194: DeprecationWarning: The sql_alchemy_conn option in [core] has been moved to the sql_alchemy_conn option in [database] - the old setting has been used, but please update your config.
  SQL_ALCHEMY_CONN = conf.get("database", "SQL_ALCHEMY_CONN")

[2026-01-17T13:20:31.942+0000] {task_command.py:423} INFO - Running <TaskInstance: ModelDevelop.get_data scheduled__2026-01-13T18:00:00+00:00 [running]> on host ed3184b6b543
[2026-01-17T13:20:32.002+0000] {taskinstance.py:2513} INFO - Exporting env vars: AIRFLOW_CTX_DAG_OWNER='***' AIRFLOW_CTX_DAG_ID='ModelDevelop' AIRFLOW_CTX_TASK_ID='get_data' AIRFLOW_CTX_EXECUTION_DATE='2026-01-13T18:00:00+00:00' AIRFLOW_CTX_TRY_NUMBER='1' AIRFLOW_CTX_DAG_RUN_ID='scheduled__2026-01-13T18:00:00+00:00'
[2026-01-17T13:20:32.014+0000] {python.py:202} INFO - Done. Returned value was: ./iris.csv
[2026-01-17T13:20:32.084+0000] {taskinstance.py:1149} INFO - Marking task as SUCCESS. dag_id=ModelDevelop, task_id=get_data, execution_date=20260113T180000, start_date=20260117T132031, end_date=20260117T132032
[2026-01-17T13:20:32.145+0000] {local_task_job_runner.py:234} INFO - Task exited with return code 0
[2026-01-17T13:20:32.185+0000] {taskinstance.py:3312} INFO - 0 downstream tasks scheduled from follow-on schedule check
[2026-01-17T13:42:06.853+0000] {taskinstance.py:1979} INFO - Dependencies all met for dep_context=non-requeueable deps ti=<TaskInstance: ModelDevelop.get_data scheduled__2026-01-13T18:00:00+00:00 [queued]>
[2026-01-17T13:42:06.872+0000] {taskinstance.py:1979} INFO - Dependencies all met for dep_context=requeueable deps ti=<TaskInstance: ModelDevelop.get_data scheduled__2026-01-13T18:00:00+00:00 [queued]>
[2026-01-17T13:42:06.872+0000] {taskinstance.py:2193} INFO - Starting attempt 1 of 2
[2026-01-17T13:42:06.927+0000] {taskinstance.py:2217} INFO - Executing <Task(PythonOperator): get_data> on 2026-01-13 18:00:00+00:00
[2026-01-17T13:42:06.934+0000] {standard_task_runner.py:60} INFO - Started process 37829 to run task
[2026-01-17T13:42:06.936+0000] {standard_task_runner.py:87} INFO - Running: ['***', 'tasks', 'run', 'ModelDevelop', 'get_data', 'scheduled__2026-01-13T18:00:00+00:00', '--job-id', '563', '--raw', '--subdir', 'DAGS_FOLDER/example.py', '--cfg-path', '/tmp/tmpoi946a0r']
[2026-01-17T13:42:06.936+0000] {standard_task_runner.py:88} INFO - Job 563: Subtask get_data
[2026-01-17T13:42:06.945+0000] {warnings.py:109} WARNING - /home/***/.local/lib/python3.9/site-packages/***/settings.py:194: DeprecationWarning: The sql_alchemy_conn option in [core] has been moved to the sql_alchemy_conn option in [database] - the old setting has been used, but please update your config.
  SQL_ALCHEMY_CONN = conf.get("database", "SQL_ALCHEMY_CONN")

[2026-01-17T13:42:06.976+0000] {task_command.py:423} INFO - Running <TaskInstance: ModelDevelop.get_data scheduled__2026-01-13T18:00:00+00:00 [running]> on host 5330652dc216
[2026-01-17T13:42:07.040+0000] {taskinstance.py:2513} INFO - Exporting env vars: AIRFLOW_CTX_DAG_OWNER='***' AIRFLOW_CTX_DAG_ID='ModelDevelop' AIRFLOW_CTX_TASK_ID='get_data' AIRFLOW_CTX_EXECUTION_DATE='2026-01-13T18:00:00+00:00' AIRFLOW_CTX_TRY_NUMBER='1' AIRFLOW_CTX_DAG_RUN_ID='scheduled__2026-01-13T18:00:00+00:00'
[2026-01-17T13:42:07.049+0000] {python.py:202} INFO - Done. Returned value was: ./iris.csv
[2026-01-17T13:42:07.092+0000] {taskinstance.py:1149} INFO - Marking task as SUCCESS. dag_id=ModelDevelop, task_id=get_data, execution_date=20260113T180000, start_date=20260117T134206, end_date=20260117T134207
[2026-01-17T13:42:07.148+0000] {local_task_job_runner.py:234} INFO - Task exited with return code 0
[2026-01-17T13:42:07.164+0000] {taskinstance.py:3312} INFO - 1 downstream tasks scheduled from follow-on schedule check
