[2026-01-16T07:54:14.360+0000] {taskinstance.py:1979} INFO - Dependencies all met for dep_context=non-requeueable deps ti=<TaskInstance: ModelDevelop.get_data scheduled__2026-01-03T15:00:00+00:00 [queued]>
[2026-01-16T07:54:14.365+0000] {taskinstance.py:1979} INFO - Dependencies all met for dep_context=requeueable deps ti=<TaskInstance: ModelDevelop.get_data scheduled__2026-01-03T15:00:00+00:00 [queued]>
[2026-01-16T07:54:14.365+0000] {taskinstance.py:2193} INFO - Starting attempt 1 of 2
[2026-01-16T07:54:14.374+0000] {taskinstance.py:2217} INFO - Executing <Task(PythonOperator): get_data> on 2026-01-03 15:00:00+00:00
[2026-01-16T07:54:14.382+0000] {standard_task_runner.py:60} INFO - Started process 4802 to run task
[2026-01-16T07:54:14.384+0000] {standard_task_runner.py:87} INFO - Running: ['***', 'tasks', 'run', 'ModelDevelop', 'get_data', 'scheduled__2026-01-03T15:00:00+00:00', '--job-id', '72', '--raw', '--subdir', 'DAGS_FOLDER/example.py', '--cfg-path', '/tmp/tmps43imtl2']
[2026-01-16T07:54:14.385+0000] {standard_task_runner.py:88} INFO - Job 72: Subtask get_data
[2026-01-16T07:54:14.393+0000] {warnings.py:109} WARNING - /home/***/.local/lib/python3.9/site-packages/***/settings.py:194: DeprecationWarning: The sql_alchemy_conn option in [core] has been moved to the sql_alchemy_conn option in [database] - the old setting has been used, but please update your config.
  SQL_ALCHEMY_CONN = conf.get("database", "SQL_ALCHEMY_CONN")

[2026-01-16T07:54:14.422+0000] {task_command.py:423} INFO - Running <TaskInstance: ModelDevelop.get_data scheduled__2026-01-03T15:00:00+00:00 [running]> on host 8a4f043652f0
[2026-01-16T07:54:14.531+0000] {taskinstance.py:2513} INFO - Exporting env vars: AIRFLOW_CTX_DAG_OWNER='***' AIRFLOW_CTX_DAG_ID='ModelDevelop' AIRFLOW_CTX_TASK_ID='get_data' AIRFLOW_CTX_EXECUTION_DATE='2026-01-03T15:00:00+00:00' AIRFLOW_CTX_TRY_NUMBER='1' AIRFLOW_CTX_DAG_RUN_ID='scheduled__2026-01-03T15:00:00+00:00'
[2026-01-16T07:54:14.542+0000] {python.py:202} INFO - Done. Returned value was: ./iris.csv
[2026-01-16T07:54:14.585+0000] {taskinstance.py:1149} INFO - Marking task as SUCCESS. dag_id=ModelDevelop, task_id=get_data, execution_date=20260103T150000, start_date=20260116T075414, end_date=20260116T075414
[2026-01-16T07:54:14.636+0000] {local_task_job_runner.py:234} INFO - Task exited with return code 0
[2026-01-16T07:54:14.659+0000] {taskinstance.py:3312} INFO - 1 downstream tasks scheduled from follow-on schedule check
[2026-01-17T13:17:49.765+0000] {taskinstance.py:1979} INFO - Dependencies all met for dep_context=non-requeueable deps ti=<TaskInstance: ModelDevelop.get_data scheduled__2026-01-03T15:00:00+00:00 [queued]>
[2026-01-17T13:17:49.770+0000] {taskinstance.py:1979} INFO - Dependencies all met for dep_context=requeueable deps ti=<TaskInstance: ModelDevelop.get_data scheduled__2026-01-03T15:00:00+00:00 [queued]>
[2026-01-17T13:17:49.770+0000] {taskinstance.py:2193} INFO - Starting attempt 1 of 2
[2026-01-17T13:17:49.777+0000] {taskinstance.py:2217} INFO - Executing <Task(PythonOperator): get_data> on 2026-01-03 15:00:00+00:00
[2026-01-17T13:17:49.786+0000] {standard_task_runner.py:60} INFO - Started process 4840 to run task
[2026-01-17T13:17:49.788+0000] {standard_task_runner.py:87} INFO - Running: ['***', 'tasks', 'run', 'ModelDevelop', 'get_data', 'scheduled__2026-01-03T15:00:00+00:00', '--job-id', '74', '--raw', '--subdir', 'DAGS_FOLDER/example.py', '--cfg-path', '/tmp/tmpku52z19h']
[2026-01-17T13:17:49.789+0000] {standard_task_runner.py:88} INFO - Job 74: Subtask get_data
[2026-01-17T13:17:49.799+0000] {warnings.py:109} WARNING - /home/***/.local/lib/python3.9/site-packages/***/settings.py:194: DeprecationWarning: The sql_alchemy_conn option in [core] has been moved to the sql_alchemy_conn option in [database] - the old setting has been used, but please update your config.
  SQL_ALCHEMY_CONN = conf.get("database", "SQL_ALCHEMY_CONN")

[2026-01-17T13:17:49.828+0000] {task_command.py:423} INFO - Running <TaskInstance: ModelDevelop.get_data scheduled__2026-01-03T15:00:00+00:00 [running]> on host ed3184b6b543
[2026-01-17T13:17:49.945+0000] {taskinstance.py:2513} INFO - Exporting env vars: AIRFLOW_CTX_DAG_OWNER='***' AIRFLOW_CTX_DAG_ID='ModelDevelop' AIRFLOW_CTX_TASK_ID='get_data' AIRFLOW_CTX_EXECUTION_DATE='2026-01-03T15:00:00+00:00' AIRFLOW_CTX_TRY_NUMBER='1' AIRFLOW_CTX_DAG_RUN_ID='scheduled__2026-01-03T15:00:00+00:00'
[2026-01-17T13:17:49.963+0000] {python.py:202} INFO - Done. Returned value was: ./iris.csv
[2026-01-17T13:17:49.988+0000] {taskinstance.py:1149} INFO - Marking task as SUCCESS. dag_id=ModelDevelop, task_id=get_data, execution_date=20260103T150000, start_date=20260117T131749, end_date=20260117T131749
[2026-01-17T13:17:50.040+0000] {local_task_job_runner.py:234} INFO - Task exited with return code 0
[2026-01-17T13:17:50.123+0000] {taskinstance.py:3312} INFO - 0 downstream tasks scheduled from follow-on schedule check
[2026-01-17T13:39:09.292+0000] {taskinstance.py:1979} INFO - Dependencies all met for dep_context=non-requeueable deps ti=<TaskInstance: ModelDevelop.get_data scheduled__2026-01-03T15:00:00+00:00 [queued]>
[2026-01-17T13:39:09.318+0000] {taskinstance.py:1979} INFO - Dependencies all met for dep_context=requeueable deps ti=<TaskInstance: ModelDevelop.get_data scheduled__2026-01-03T15:00:00+00:00 [queued]>
[2026-01-17T13:39:09.318+0000] {taskinstance.py:2193} INFO - Starting attempt 1 of 2
[2026-01-17T13:39:09.327+0000] {taskinstance.py:2217} INFO - Executing <Task(PythonOperator): get_data> on 2026-01-03 15:00:00+00:00
[2026-01-17T13:39:09.334+0000] {standard_task_runner.py:60} INFO - Started process 4870 to run task
[2026-01-17T13:39:09.336+0000] {standard_task_runner.py:87} INFO - Running: ['***', 'tasks', 'run', 'ModelDevelop', 'get_data', 'scheduled__2026-01-03T15:00:00+00:00', '--job-id', '74', '--raw', '--subdir', 'DAGS_FOLDER/example.py', '--cfg-path', '/tmp/tmp5_0e0dlw']
[2026-01-17T13:39:09.337+0000] {standard_task_runner.py:88} INFO - Job 74: Subtask get_data
[2026-01-17T13:39:09.346+0000] {warnings.py:109} WARNING - /home/***/.local/lib/python3.9/site-packages/***/settings.py:194: DeprecationWarning: The sql_alchemy_conn option in [core] has been moved to the sql_alchemy_conn option in [database] - the old setting has been used, but please update your config.
  SQL_ALCHEMY_CONN = conf.get("database", "SQL_ALCHEMY_CONN")

[2026-01-17T13:39:09.391+0000] {task_command.py:423} INFO - Running <TaskInstance: ModelDevelop.get_data scheduled__2026-01-03T15:00:00+00:00 [running]> on host 5330652dc216
[2026-01-17T13:39:09.459+0000] {taskinstance.py:2513} INFO - Exporting env vars: AIRFLOW_CTX_DAG_OWNER='***' AIRFLOW_CTX_DAG_ID='ModelDevelop' AIRFLOW_CTX_TASK_ID='get_data' AIRFLOW_CTX_EXECUTION_DATE='2026-01-03T15:00:00+00:00' AIRFLOW_CTX_TRY_NUMBER='1' AIRFLOW_CTX_DAG_RUN_ID='scheduled__2026-01-03T15:00:00+00:00'
[2026-01-17T13:39:09.468+0000] {python.py:202} INFO - Done. Returned value was: ./iris.csv
[2026-01-17T13:39:09.548+0000] {taskinstance.py:1149} INFO - Marking task as SUCCESS. dag_id=ModelDevelop, task_id=get_data, execution_date=20260103T150000, start_date=20260117T133909, end_date=20260117T133909
[2026-01-17T13:39:09.588+0000] {local_task_job_runner.py:234} INFO - Task exited with return code 0
[2026-01-17T13:39:09.603+0000] {taskinstance.py:3312} INFO - 1 downstream tasks scheduled from follow-on schedule check
