[2026-01-16T07:55:59.513+0000] {taskinstance.py:1979} INFO - Dependencies all met for dep_context=non-requeueable deps ti=<TaskInstance: ModelDevelop.get_data scheduled__2026-01-10T15:00:00+00:00 [queued]>
[2026-01-16T07:55:59.525+0000] {taskinstance.py:1979} INFO - Dependencies all met for dep_context=requeueable deps ti=<TaskInstance: ModelDevelop.get_data scheduled__2026-01-10T15:00:00+00:00 [queued]>
[2026-01-16T07:55:59.525+0000] {taskinstance.py:2193} INFO - Starting attempt 1 of 2
[2026-01-16T07:55:59.533+0000] {taskinstance.py:2217} INFO - Executing <Task(PythonOperator): get_data> on 2026-01-10 15:00:00+00:00
[2026-01-16T07:55:59.542+0000] {standard_task_runner.py:60} INFO - Started process 26711 to run task
[2026-01-16T07:55:59.545+0000] {standard_task_runner.py:87} INFO - Running: ['***', 'tasks', 'run', 'ModelDevelop', 'get_data', 'scheduled__2026-01-10T15:00:00+00:00', '--job-id', '404', '--raw', '--subdir', 'DAGS_FOLDER/example.py', '--cfg-path', '/tmp/tmpbii92_r4']
[2026-01-16T07:55:59.546+0000] {standard_task_runner.py:88} INFO - Job 404: Subtask get_data
[2026-01-16T07:55:59.554+0000] {warnings.py:109} WARNING - /home/***/.local/lib/python3.9/site-packages/***/settings.py:194: DeprecationWarning: The sql_alchemy_conn option in [core] has been moved to the sql_alchemy_conn option in [database] - the old setting has been used, but please update your config.
  SQL_ALCHEMY_CONN = conf.get("database", "SQL_ALCHEMY_CONN")

[2026-01-16T07:55:59.582+0000] {task_command.py:423} INFO - Running <TaskInstance: ModelDevelop.get_data scheduled__2026-01-10T15:00:00+00:00 [running]> on host 8a4f043652f0
[2026-01-16T07:55:59.646+0000] {taskinstance.py:2513} INFO - Exporting env vars: AIRFLOW_CTX_DAG_OWNER='***' AIRFLOW_CTX_DAG_ID='ModelDevelop' AIRFLOW_CTX_TASK_ID='get_data' AIRFLOW_CTX_EXECUTION_DATE='2026-01-10T15:00:00+00:00' AIRFLOW_CTX_TRY_NUMBER='1' AIRFLOW_CTX_DAG_RUN_ID='scheduled__2026-01-10T15:00:00+00:00'
[2026-01-16T07:55:59.654+0000] {python.py:202} INFO - Done. Returned value was: ./iris.csv
[2026-01-16T07:55:59.669+0000] {taskinstance.py:1149} INFO - Marking task as SUCCESS. dag_id=ModelDevelop, task_id=get_data, execution_date=20260110T150000, start_date=20260116T075559, end_date=20260116T075559
[2026-01-16T07:55:59.716+0000] {local_task_job_runner.py:234} INFO - Task exited with return code 0
[2026-01-16T07:55:59.730+0000] {taskinstance.py:3312} INFO - 1 downstream tasks scheduled from follow-on schedule check
[2026-01-17T13:19:42.730+0000] {taskinstance.py:1979} INFO - Dependencies all met for dep_context=non-requeueable deps ti=<TaskInstance: ModelDevelop.get_data scheduled__2026-01-10T15:00:00+00:00 [queued]>
[2026-01-17T13:19:42.736+0000] {taskinstance.py:1979} INFO - Dependencies all met for dep_context=requeueable deps ti=<TaskInstance: ModelDevelop.get_data scheduled__2026-01-10T15:00:00+00:00 [queued]>
[2026-01-17T13:19:42.736+0000] {taskinstance.py:2193} INFO - Starting attempt 1 of 2
[2026-01-17T13:19:42.748+0000] {taskinstance.py:2217} INFO - Executing <Task(PythonOperator): get_data> on 2026-01-10 15:00:00+00:00
[2026-01-17T13:19:42.757+0000] {standard_task_runner.py:60} INFO - Started process 26748 to run task
[2026-01-17T13:19:42.760+0000] {standard_task_runner.py:87} INFO - Running: ['***', 'tasks', 'run', 'ModelDevelop', 'get_data', 'scheduled__2026-01-10T15:00:00+00:00', '--job-id', '402', '--raw', '--subdir', 'DAGS_FOLDER/example.py', '--cfg-path', '/tmp/tmplondl606']
[2026-01-17T13:19:42.761+0000] {standard_task_runner.py:88} INFO - Job 402: Subtask get_data
[2026-01-17T13:19:42.770+0000] {warnings.py:109} WARNING - /home/***/.local/lib/python3.9/site-packages/***/settings.py:194: DeprecationWarning: The sql_alchemy_conn option in [core] has been moved to the sql_alchemy_conn option in [database] - the old setting has been used, but please update your config.
  SQL_ALCHEMY_CONN = conf.get("database", "SQL_ALCHEMY_CONN")

[2026-01-17T13:19:42.799+0000] {task_command.py:423} INFO - Running <TaskInstance: ModelDevelop.get_data scheduled__2026-01-10T15:00:00+00:00 [running]> on host ed3184b6b543
[2026-01-17T13:19:42.868+0000] {taskinstance.py:2513} INFO - Exporting env vars: AIRFLOW_CTX_DAG_OWNER='***' AIRFLOW_CTX_DAG_ID='ModelDevelop' AIRFLOW_CTX_TASK_ID='get_data' AIRFLOW_CTX_EXECUTION_DATE='2026-01-10T15:00:00+00:00' AIRFLOW_CTX_TRY_NUMBER='1' AIRFLOW_CTX_DAG_RUN_ID='scheduled__2026-01-10T15:00:00+00:00'
[2026-01-17T13:19:42.878+0000] {python.py:202} INFO - Done. Returned value was: ./iris.csv
[2026-01-17T13:19:42.922+0000] {taskinstance.py:1149} INFO - Marking task as SUCCESS. dag_id=ModelDevelop, task_id=get_data, execution_date=20260110T150000, start_date=20260117T131942, end_date=20260117T131942
[2026-01-17T13:19:42.972+0000] {local_task_job_runner.py:234} INFO - Task exited with return code 0
[2026-01-17T13:19:43.049+0000] {taskinstance.py:3312} INFO - 0 downstream tasks scheduled from follow-on schedule check
[2026-01-17T13:41:10.123+0000] {taskinstance.py:1979} INFO - Dependencies all met for dep_context=non-requeueable deps ti=<TaskInstance: ModelDevelop.get_data scheduled__2026-01-10T15:00:00+00:00 [queued]>
[2026-01-17T13:41:10.129+0000] {taskinstance.py:1979} INFO - Dependencies all met for dep_context=requeueable deps ti=<TaskInstance: ModelDevelop.get_data scheduled__2026-01-10T15:00:00+00:00 [queued]>
[2026-01-17T13:41:10.130+0000] {taskinstance.py:2193} INFO - Starting attempt 1 of 2
[2026-01-17T13:41:10.140+0000] {taskinstance.py:2217} INFO - Executing <Task(PythonOperator): get_data> on 2026-01-10 15:00:00+00:00
[2026-01-17T13:41:10.149+0000] {standard_task_runner.py:60} INFO - Started process 27118 to run task
[2026-01-17T13:41:10.151+0000] {standard_task_runner.py:87} INFO - Running: ['***', 'tasks', 'run', 'ModelDevelop', 'get_data', 'scheduled__2026-01-10T15:00:00+00:00', '--job-id', '407', '--raw', '--subdir', 'DAGS_FOLDER/example.py', '--cfg-path', '/tmp/tmp22nv957b']
[2026-01-17T13:41:10.152+0000] {standard_task_runner.py:88} INFO - Job 407: Subtask get_data
[2026-01-17T13:41:10.161+0000] {warnings.py:109} WARNING - /home/***/.local/lib/python3.9/site-packages/***/settings.py:194: DeprecationWarning: The sql_alchemy_conn option in [core] has been moved to the sql_alchemy_conn option in [database] - the old setting has been used, but please update your config.
  SQL_ALCHEMY_CONN = conf.get("database", "SQL_ALCHEMY_CONN")

[2026-01-17T13:41:10.233+0000] {task_command.py:423} INFO - Running <TaskInstance: ModelDevelop.get_data scheduled__2026-01-10T15:00:00+00:00 [running]> on host 5330652dc216
[2026-01-17T13:41:10.287+0000] {taskinstance.py:2513} INFO - Exporting env vars: AIRFLOW_CTX_DAG_OWNER='***' AIRFLOW_CTX_DAG_ID='ModelDevelop' AIRFLOW_CTX_TASK_ID='get_data' AIRFLOW_CTX_EXECUTION_DATE='2026-01-10T15:00:00+00:00' AIRFLOW_CTX_TRY_NUMBER='1' AIRFLOW_CTX_DAG_RUN_ID='scheduled__2026-01-10T15:00:00+00:00'
[2026-01-17T13:41:10.296+0000] {python.py:202} INFO - Done. Returned value was: ./iris.csv
[2026-01-17T13:41:10.313+0000] {taskinstance.py:1149} INFO - Marking task as SUCCESS. dag_id=ModelDevelop, task_id=get_data, execution_date=20260110T150000, start_date=20260117T134110, end_date=20260117T134110
[2026-01-17T13:41:10.366+0000] {local_task_job_runner.py:234} INFO - Task exited with return code 0
[2026-01-17T13:41:10.404+0000] {taskinstance.py:3312} INFO - 1 downstream tasks scheduled from follow-on schedule check
