[2026-01-16T07:57:20.240+0000] {taskinstance.py:1979} INFO - Dependencies all met for dep_context=non-requeueable deps ti=<TaskInstance: ModelDevelop.get_data scheduled__2026-01-15T20:00:00+00:00 [queued]>
[2026-01-16T07:57:20.246+0000] {taskinstance.py:1979} INFO - Dependencies all met for dep_context=requeueable deps ti=<TaskInstance: ModelDevelop.get_data scheduled__2026-01-15T20:00:00+00:00 [queued]>
[2026-01-16T07:57:20.247+0000] {taskinstance.py:2193} INFO - Starting attempt 1 of 2
[2026-01-16T07:57:20.260+0000] {taskinstance.py:2217} INFO - Executing <Task(PythonOperator): get_data> on 2026-01-15 20:00:00+00:00
[2026-01-16T07:57:20.272+0000] {standard_task_runner.py:60} INFO - Started process 43634 to run task
[2026-01-16T07:57:20.275+0000] {standard_task_runner.py:87} INFO - Running: ['***', 'tasks', 'run', 'ModelDevelop', 'get_data', 'scheduled__2026-01-15T20:00:00+00:00', '--job-id', '653', '--raw', '--subdir', 'DAGS_FOLDER/example.py', '--cfg-path', '/tmp/tmpdkpea0jy']
[2026-01-16T07:57:20.275+0000] {standard_task_runner.py:88} INFO - Job 653: Subtask get_data
[2026-01-16T07:57:20.293+0000] {warnings.py:109} WARNING - /home/***/.local/lib/python3.9/site-packages/***/settings.py:194: DeprecationWarning: The sql_alchemy_conn option in [core] has been moved to the sql_alchemy_conn option in [database] - the old setting has been used, but please update your config.
  SQL_ALCHEMY_CONN = conf.get("database", "SQL_ALCHEMY_CONN")

[2026-01-16T07:57:20.336+0000] {task_command.py:423} INFO - Running <TaskInstance: ModelDevelop.get_data scheduled__2026-01-15T20:00:00+00:00 [running]> on host 8a4f043652f0
[2026-01-16T07:57:20.419+0000] {taskinstance.py:2513} INFO - Exporting env vars: AIRFLOW_CTX_DAG_OWNER='***' AIRFLOW_CTX_DAG_ID='ModelDevelop' AIRFLOW_CTX_TASK_ID='get_data' AIRFLOW_CTX_EXECUTION_DATE='2026-01-15T20:00:00+00:00' AIRFLOW_CTX_TRY_NUMBER='1' AIRFLOW_CTX_DAG_RUN_ID='scheduled__2026-01-15T20:00:00+00:00'
[2026-01-16T07:57:20.430+0000] {python.py:202} INFO - Done. Returned value was: ./iris.csv
[2026-01-16T07:57:20.447+0000] {taskinstance.py:1149} INFO - Marking task as SUCCESS. dag_id=ModelDevelop, task_id=get_data, execution_date=20260115T200000, start_date=20260116T075720, end_date=20260116T075720
[2026-01-16T07:57:20.493+0000] {local_task_job_runner.py:234} INFO - Task exited with return code 0
[2026-01-16T07:57:20.530+0000] {taskinstance.py:3312} INFO - 1 downstream tasks scheduled from follow-on schedule check
[2026-01-17T13:21:01.637+0000] {taskinstance.py:1979} INFO - Dependencies all met for dep_context=non-requeueable deps ti=<TaskInstance: ModelDevelop.get_data scheduled__2026-01-15T20:00:00+00:00 [queued]>
[2026-01-17T13:21:01.643+0000] {taskinstance.py:1979} INFO - Dependencies all met for dep_context=requeueable deps ti=<TaskInstance: ModelDevelop.get_data scheduled__2026-01-15T20:00:00+00:00 [queued]>
[2026-01-17T13:21:01.643+0000] {taskinstance.py:2193} INFO - Starting attempt 1 of 2
[2026-01-17T13:21:01.653+0000] {taskinstance.py:2217} INFO - Executing <Task(PythonOperator): get_data> on 2026-01-15 20:00:00+00:00
[2026-01-17T13:21:01.678+0000] {standard_task_runner.py:60} INFO - Started process 43764 to run task
[2026-01-17T13:21:01.684+0000] {standard_task_runner.py:87} INFO - Running: ['***', 'tasks', 'run', 'ModelDevelop', 'get_data', 'scheduled__2026-01-15T20:00:00+00:00', '--job-id', '655', '--raw', '--subdir', 'DAGS_FOLDER/example.py', '--cfg-path', '/tmp/tmpixfs1sse']
[2026-01-17T13:21:01.685+0000] {standard_task_runner.py:88} INFO - Job 655: Subtask get_data
[2026-01-17T13:21:01.696+0000] {warnings.py:109} WARNING - /home/***/.local/lib/python3.9/site-packages/***/settings.py:194: DeprecationWarning: The sql_alchemy_conn option in [core] has been moved to the sql_alchemy_conn option in [database] - the old setting has been used, but please update your config.
  SQL_ALCHEMY_CONN = conf.get("database", "SQL_ALCHEMY_CONN")

[2026-01-17T13:21:01.732+0000] {task_command.py:423} INFO - Running <TaskInstance: ModelDevelop.get_data scheduled__2026-01-15T20:00:00+00:00 [running]> on host ed3184b6b543
[2026-01-17T13:21:01.800+0000] {taskinstance.py:2513} INFO - Exporting env vars: AIRFLOW_CTX_DAG_OWNER='***' AIRFLOW_CTX_DAG_ID='ModelDevelop' AIRFLOW_CTX_TASK_ID='get_data' AIRFLOW_CTX_EXECUTION_DATE='2026-01-15T20:00:00+00:00' AIRFLOW_CTX_TRY_NUMBER='1' AIRFLOW_CTX_DAG_RUN_ID='scheduled__2026-01-15T20:00:00+00:00'
[2026-01-17T13:21:01.813+0000] {python.py:202} INFO - Done. Returned value was: ./iris.csv
[2026-01-17T13:21:01.847+0000] {taskinstance.py:1149} INFO - Marking task as SUCCESS. dag_id=ModelDevelop, task_id=get_data, execution_date=20260115T200000, start_date=20260117T132101, end_date=20260117T132101
[2026-01-17T13:21:01.893+0000] {local_task_job_runner.py:234} INFO - Task exited with return code 0
[2026-01-17T13:21:01.909+0000] {taskinstance.py:3312} INFO - 1 downstream tasks scheduled from follow-on schedule check
[2026-01-17T13:42:37.163+0000] {taskinstance.py:1979} INFO - Dependencies all met for dep_context=non-requeueable deps ti=<TaskInstance: ModelDevelop.get_data scheduled__2026-01-15T20:00:00+00:00 [queued]>
[2026-01-17T13:42:37.170+0000] {taskinstance.py:1979} INFO - Dependencies all met for dep_context=requeueable deps ti=<TaskInstance: ModelDevelop.get_data scheduled__2026-01-15T20:00:00+00:00 [queued]>
[2026-01-17T13:42:37.170+0000] {taskinstance.py:2193} INFO - Starting attempt 1 of 2
[2026-01-17T13:42:37.184+0000] {taskinstance.py:2217} INFO - Executing <Task(PythonOperator): get_data> on 2026-01-15 20:00:00+00:00
[2026-01-17T13:42:37.195+0000] {standard_task_runner.py:60} INFO - Started process 44233 to run task
[2026-01-17T13:42:37.202+0000] {standard_task_runner.py:87} INFO - Running: ['***', 'tasks', 'run', 'ModelDevelop', 'get_data', 'scheduled__2026-01-15T20:00:00+00:00', '--job-id', '661', '--raw', '--subdir', 'DAGS_FOLDER/example.py', '--cfg-path', '/tmp/tmpnnpu19u_']
[2026-01-17T13:42:37.203+0000] {standard_task_runner.py:88} INFO - Job 661: Subtask get_data
[2026-01-17T13:42:37.227+0000] {warnings.py:109} WARNING - /home/***/.local/lib/python3.9/site-packages/***/settings.py:194: DeprecationWarning: The sql_alchemy_conn option in [core] has been moved to the sql_alchemy_conn option in [database] - the old setting has been used, but please update your config.
  SQL_ALCHEMY_CONN = conf.get("database", "SQL_ALCHEMY_CONN")

[2026-01-17T13:42:37.253+0000] {task_command.py:423} INFO - Running <TaskInstance: ModelDevelop.get_data scheduled__2026-01-15T20:00:00+00:00 [running]> on host 5330652dc216
[2026-01-17T13:42:37.305+0000] {taskinstance.py:2513} INFO - Exporting env vars: AIRFLOW_CTX_DAG_OWNER='***' AIRFLOW_CTX_DAG_ID='ModelDevelop' AIRFLOW_CTX_TASK_ID='get_data' AIRFLOW_CTX_EXECUTION_DATE='2026-01-15T20:00:00+00:00' AIRFLOW_CTX_TRY_NUMBER='1' AIRFLOW_CTX_DAG_RUN_ID='scheduled__2026-01-15T20:00:00+00:00'
[2026-01-17T13:42:37.317+0000] {python.py:202} INFO - Done. Returned value was: ./iris.csv
[2026-01-17T13:42:37.334+0000] {taskinstance.py:1149} INFO - Marking task as SUCCESS. dag_id=ModelDevelop, task_id=get_data, execution_date=20260115T200000, start_date=20260117T134237, end_date=20260117T134237
[2026-01-17T13:42:37.378+0000] {local_task_job_runner.py:234} INFO - Task exited with return code 0
[2026-01-17T13:42:37.400+0000] {taskinstance.py:3312} INFO - 1 downstream tasks scheduled from follow-on schedule check
