[2026-01-16T07:55:07.723+0000] {taskinstance.py:1979} INFO - Dependencies all met for dep_context=non-requeueable deps ti=<TaskInstance: ModelDevelop.get_data scheduled__2026-01-06T19:00:00+00:00 [queued]>
[2026-01-16T07:55:07.730+0000] {taskinstance.py:1979} INFO - Dependencies all met for dep_context=requeueable deps ti=<TaskInstance: ModelDevelop.get_data scheduled__2026-01-06T19:00:00+00:00 [queued]>
[2026-01-16T07:55:07.731+0000] {taskinstance.py:2193} INFO - Starting attempt 1 of 2
[2026-01-16T07:55:07.743+0000] {taskinstance.py:2217} INFO - Executing <Task(PythonOperator): get_data> on 2026-01-06 19:00:00+00:00
[2026-01-16T07:55:07.755+0000] {standard_task_runner.py:60} INFO - Started process 15518 to run task
[2026-01-16T07:55:07.810+0000] {standard_task_runner.py:87} INFO - Running: ['***', 'tasks', 'run', 'ModelDevelop', 'get_data', 'scheduled__2026-01-06T19:00:00+00:00', '--job-id', '230', '--raw', '--subdir', 'DAGS_FOLDER/example.py', '--cfg-path', '/tmp/tmpjr7r1kv7']
[2026-01-16T07:55:07.811+0000] {standard_task_runner.py:88} INFO - Job 230: Subtask get_data
[2026-01-16T07:55:07.824+0000] {warnings.py:109} WARNING - /home/***/.local/lib/python3.9/site-packages/***/settings.py:194: DeprecationWarning: The sql_alchemy_conn option in [core] has been moved to the sql_alchemy_conn option in [database] - the old setting has been used, but please update your config.
  SQL_ALCHEMY_CONN = conf.get("database", "SQL_ALCHEMY_CONN")

[2026-01-16T07:55:07.858+0000] {task_command.py:423} INFO - Running <TaskInstance: ModelDevelop.get_data scheduled__2026-01-06T19:00:00+00:00 [running]> on host 8a4f043652f0
[2026-01-16T07:55:07.930+0000] {taskinstance.py:2513} INFO - Exporting env vars: AIRFLOW_CTX_DAG_OWNER='***' AIRFLOW_CTX_DAG_ID='ModelDevelop' AIRFLOW_CTX_TASK_ID='get_data' AIRFLOW_CTX_EXECUTION_DATE='2026-01-06T19:00:00+00:00' AIRFLOW_CTX_TRY_NUMBER='1' AIRFLOW_CTX_DAG_RUN_ID='scheduled__2026-01-06T19:00:00+00:00'
[2026-01-16T07:55:07.942+0000] {python.py:202} INFO - Done. Returned value was: ./iris.csv
[2026-01-16T07:55:08.009+0000] {taskinstance.py:1149} INFO - Marking task as SUCCESS. dag_id=ModelDevelop, task_id=get_data, execution_date=20260106T190000, start_date=20260116T075507, end_date=20260116T075508
[2026-01-16T07:55:08.065+0000] {local_task_job_runner.py:234} INFO - Task exited with return code 0
[2026-01-16T07:55:08.100+0000] {taskinstance.py:3312} INFO - 1 downstream tasks scheduled from follow-on schedule check
[2026-01-17T13:18:40.360+0000] {taskinstance.py:1979} INFO - Dependencies all met for dep_context=non-requeueable deps ti=<TaskInstance: ModelDevelop.get_data scheduled__2026-01-06T19:00:00+00:00 [queued]>
[2026-01-17T13:18:40.366+0000] {taskinstance.py:1979} INFO - Dependencies all met for dep_context=requeueable deps ti=<TaskInstance: ModelDevelop.get_data scheduled__2026-01-06T19:00:00+00:00 [queued]>
[2026-01-17T13:18:40.366+0000] {taskinstance.py:2193} INFO - Starting attempt 1 of 2
[2026-01-17T13:18:40.373+0000] {taskinstance.py:2217} INFO - Executing <Task(PythonOperator): get_data> on 2026-01-06 19:00:00+00:00
[2026-01-17T13:18:40.379+0000] {standard_task_runner.py:60} INFO - Started process 15452 to run task
[2026-01-17T13:18:40.382+0000] {standard_task_runner.py:87} INFO - Running: ['***', 'tasks', 'run', 'ModelDevelop', 'get_data', 'scheduled__2026-01-06T19:00:00+00:00', '--job-id', '230', '--raw', '--subdir', 'DAGS_FOLDER/example.py', '--cfg-path', '/tmp/tmp31bbxb6i']
[2026-01-17T13:18:40.383+0000] {standard_task_runner.py:88} INFO - Job 230: Subtask get_data
[2026-01-17T13:18:40.391+0000] {warnings.py:109} WARNING - /home/***/.local/lib/python3.9/site-packages/***/settings.py:194: DeprecationWarning: The sql_alchemy_conn option in [core] has been moved to the sql_alchemy_conn option in [database] - the old setting has been used, but please update your config.
  SQL_ALCHEMY_CONN = conf.get("database", "SQL_ALCHEMY_CONN")

[2026-01-17T13:18:40.420+0000] {task_command.py:423} INFO - Running <TaskInstance: ModelDevelop.get_data scheduled__2026-01-06T19:00:00+00:00 [running]> on host ed3184b6b543
[2026-01-17T13:18:40.524+0000] {taskinstance.py:2513} INFO - Exporting env vars: AIRFLOW_CTX_DAG_OWNER='***' AIRFLOW_CTX_DAG_ID='ModelDevelop' AIRFLOW_CTX_TASK_ID='get_data' AIRFLOW_CTX_EXECUTION_DATE='2026-01-06T19:00:00+00:00' AIRFLOW_CTX_TRY_NUMBER='1' AIRFLOW_CTX_DAG_RUN_ID='scheduled__2026-01-06T19:00:00+00:00'
[2026-01-17T13:18:40.536+0000] {python.py:202} INFO - Done. Returned value was: ./iris.csv
[2026-01-17T13:18:40.556+0000] {taskinstance.py:1149} INFO - Marking task as SUCCESS. dag_id=ModelDevelop, task_id=get_data, execution_date=20260106T190000, start_date=20260117T131840, end_date=20260117T131840
[2026-01-17T13:18:40.593+0000] {local_task_job_runner.py:234} INFO - Task exited with return code 0
[2026-01-17T13:18:40.612+0000] {taskinstance.py:3312} INFO - 1 downstream tasks scheduled from follow-on schedule check
[2026-01-17T13:40:00.258+0000] {taskinstance.py:1979} INFO - Dependencies all met for dep_context=non-requeueable deps ti=<TaskInstance: ModelDevelop.get_data scheduled__2026-01-06T19:00:00+00:00 [queued]>
[2026-01-17T13:40:00.263+0000] {taskinstance.py:1979} INFO - Dependencies all met for dep_context=requeueable deps ti=<TaskInstance: ModelDevelop.get_data scheduled__2026-01-06T19:00:00+00:00 [queued]>
[2026-01-17T13:40:00.263+0000] {taskinstance.py:2193} INFO - Starting attempt 1 of 2
[2026-01-17T13:40:00.269+0000] {taskinstance.py:2217} INFO - Executing <Task(PythonOperator): get_data> on 2026-01-06 19:00:00+00:00
[2026-01-17T13:40:00.275+0000] {standard_task_runner.py:60} INFO - Started process 15282 to run task
[2026-01-17T13:40:00.277+0000] {standard_task_runner.py:87} INFO - Running: ['***', 'tasks', 'run', 'ModelDevelop', 'get_data', 'scheduled__2026-01-06T19:00:00+00:00', '--job-id', '229', '--raw', '--subdir', 'DAGS_FOLDER/example.py', '--cfg-path', '/tmp/tmpm6y2o3z7']
[2026-01-17T13:40:00.278+0000] {standard_task_runner.py:88} INFO - Job 229: Subtask get_data
[2026-01-17T13:40:00.286+0000] {warnings.py:109} WARNING - /home/***/.local/lib/python3.9/site-packages/***/settings.py:194: DeprecationWarning: The sql_alchemy_conn option in [core] has been moved to the sql_alchemy_conn option in [database] - the old setting has been used, but please update your config.
  SQL_ALCHEMY_CONN = conf.get("database", "SQL_ALCHEMY_CONN")

[2026-01-17T13:40:00.308+0000] {task_command.py:423} INFO - Running <TaskInstance: ModelDevelop.get_data scheduled__2026-01-06T19:00:00+00:00 [running]> on host 5330652dc216
[2026-01-17T13:40:00.354+0000] {taskinstance.py:2513} INFO - Exporting env vars: AIRFLOW_CTX_DAG_OWNER='***' AIRFLOW_CTX_DAG_ID='ModelDevelop' AIRFLOW_CTX_TASK_ID='get_data' AIRFLOW_CTX_EXECUTION_DATE='2026-01-06T19:00:00+00:00' AIRFLOW_CTX_TRY_NUMBER='1' AIRFLOW_CTX_DAG_RUN_ID='scheduled__2026-01-06T19:00:00+00:00'
[2026-01-17T13:40:00.362+0000] {python.py:202} INFO - Done. Returned value was: ./iris.csv
[2026-01-17T13:40:00.374+0000] {taskinstance.py:1149} INFO - Marking task as SUCCESS. dag_id=ModelDevelop, task_id=get_data, execution_date=20260106T190000, start_date=20260117T134000, end_date=20260117T134000
[2026-01-17T13:40:00.409+0000] {local_task_job_runner.py:234} INFO - Task exited with return code 0
[2026-01-17T13:40:00.423+0000] {taskinstance.py:3312} INFO - 1 downstream tasks scheduled from follow-on schedule check
