[2026-01-16T07:56:18.712+0000] {taskinstance.py:1979} INFO - Dependencies all met for dep_context=non-requeueable deps ti=<TaskInstance: ModelDevelop.get_data scheduled__2026-01-11T19:00:00+00:00 [queued]>
[2026-01-16T07:56:18.718+0000] {taskinstance.py:1979} INFO - Dependencies all met for dep_context=requeueable deps ti=<TaskInstance: ModelDevelop.get_data scheduled__2026-01-11T19:00:00+00:00 [queued]>
[2026-01-16T07:56:18.719+0000] {taskinstance.py:2193} INFO - Starting attempt 1 of 2
[2026-01-16T07:56:18.736+0000] {taskinstance.py:2217} INFO - Executing <Task(PythonOperator): get_data> on 2026-01-11 19:00:00+00:00
[2026-01-16T07:56:18.750+0000] {standard_task_runner.py:60} INFO - Started process 30766 to run task
[2026-01-16T07:56:18.753+0000] {standard_task_runner.py:87} INFO - Running: ['***', 'tasks', 'run', 'ModelDevelop', 'get_data', 'scheduled__2026-01-11T19:00:00+00:00', '--job-id', '461', '--raw', '--subdir', 'DAGS_FOLDER/example.py', '--cfg-path', '/tmp/tmpyd51smyk']
[2026-01-16T07:56:18.754+0000] {standard_task_runner.py:88} INFO - Job 461: Subtask get_data
[2026-01-16T07:56:18.778+0000] {warnings.py:109} WARNING - /home/***/.local/lib/python3.9/site-packages/***/settings.py:194: DeprecationWarning: The sql_alchemy_conn option in [core] has been moved to the sql_alchemy_conn option in [database] - the old setting has been used, but please update your config.
  SQL_ALCHEMY_CONN = conf.get("database", "SQL_ALCHEMY_CONN")

[2026-01-16T07:56:18.815+0000] {task_command.py:423} INFO - Running <TaskInstance: ModelDevelop.get_data scheduled__2026-01-11T19:00:00+00:00 [running]> on host 8a4f043652f0
[2026-01-16T07:56:18.867+0000] {taskinstance.py:2513} INFO - Exporting env vars: AIRFLOW_CTX_DAG_OWNER='***' AIRFLOW_CTX_DAG_ID='ModelDevelop' AIRFLOW_CTX_TASK_ID='get_data' AIRFLOW_CTX_EXECUTION_DATE='2026-01-11T19:00:00+00:00' AIRFLOW_CTX_TRY_NUMBER='1' AIRFLOW_CTX_DAG_RUN_ID='scheduled__2026-01-11T19:00:00+00:00'
[2026-01-16T07:56:18.875+0000] {python.py:202} INFO - Done. Returned value was: ./iris.csv
[2026-01-16T07:56:18.889+0000] {taskinstance.py:1149} INFO - Marking task as SUCCESS. dag_id=ModelDevelop, task_id=get_data, execution_date=20260111T190000, start_date=20260116T075618, end_date=20260116T075618
[2026-01-16T07:56:18.935+0000] {local_task_job_runner.py:234} INFO - Task exited with return code 0
[2026-01-16T07:56:18.954+0000] {taskinstance.py:3312} INFO - 1 downstream tasks scheduled from follow-on schedule check
[2026-01-17T13:20:01.245+0000] {taskinstance.py:1979} INFO - Dependencies all met for dep_context=non-requeueable deps ti=<TaskInstance: ModelDevelop.get_data scheduled__2026-01-11T19:00:00+00:00 [queued]>
[2026-01-17T13:20:01.252+0000] {taskinstance.py:1979} INFO - Dependencies all met for dep_context=requeueable deps ti=<TaskInstance: ModelDevelop.get_data scheduled__2026-01-11T19:00:00+00:00 [queued]>
[2026-01-17T13:20:01.252+0000] {taskinstance.py:2193} INFO - Starting attempt 1 of 2
[2026-01-17T13:20:01.262+0000] {taskinstance.py:2217} INFO - Executing <Task(PythonOperator): get_data> on 2026-01-11 19:00:00+00:00
[2026-01-17T13:20:01.268+0000] {standard_task_runner.py:60} INFO - Started process 30775 to run task
[2026-01-17T13:20:01.270+0000] {standard_task_runner.py:87} INFO - Running: ['***', 'tasks', 'run', 'ModelDevelop', 'get_data', 'scheduled__2026-01-11T19:00:00+00:00', '--job-id', '462', '--raw', '--subdir', 'DAGS_FOLDER/example.py', '--cfg-path', '/tmp/tmpdt6213jx']
[2026-01-17T13:20:01.271+0000] {standard_task_runner.py:88} INFO - Job 462: Subtask get_data
[2026-01-17T13:20:01.280+0000] {warnings.py:109} WARNING - /home/***/.local/lib/python3.9/site-packages/***/settings.py:194: DeprecationWarning: The sql_alchemy_conn option in [core] has been moved to the sql_alchemy_conn option in [database] - the old setting has been used, but please update your config.
  SQL_ALCHEMY_CONN = conf.get("database", "SQL_ALCHEMY_CONN")

[2026-01-17T13:20:01.306+0000] {task_command.py:423} INFO - Running <TaskInstance: ModelDevelop.get_data scheduled__2026-01-11T19:00:00+00:00 [running]> on host ed3184b6b543
[2026-01-17T13:20:01.464+0000] {taskinstance.py:2513} INFO - Exporting env vars: AIRFLOW_CTX_DAG_OWNER='***' AIRFLOW_CTX_DAG_ID='ModelDevelop' AIRFLOW_CTX_TASK_ID='get_data' AIRFLOW_CTX_EXECUTION_DATE='2026-01-11T19:00:00+00:00' AIRFLOW_CTX_TRY_NUMBER='1' AIRFLOW_CTX_DAG_RUN_ID='scheduled__2026-01-11T19:00:00+00:00'
[2026-01-17T13:20:01.476+0000] {python.py:202} INFO - Done. Returned value was: ./iris.csv
[2026-01-17T13:20:01.492+0000] {taskinstance.py:1149} INFO - Marking task as SUCCESS. dag_id=ModelDevelop, task_id=get_data, execution_date=20260111T190000, start_date=20260117T132001, end_date=20260117T132001
[2026-01-17T13:20:01.522+0000] {local_task_job_runner.py:234} INFO - Task exited with return code 0
[2026-01-17T13:20:01.540+0000] {taskinstance.py:3312} INFO - 1 downstream tasks scheduled from follow-on schedule check
[2026-01-17T13:41:32.100+0000] {taskinstance.py:1979} INFO - Dependencies all met for dep_context=non-requeueable deps ti=<TaskInstance: ModelDevelop.get_data scheduled__2026-01-11T19:00:00+00:00 [queued]>
[2026-01-17T13:41:32.106+0000] {taskinstance.py:1979} INFO - Dependencies all met for dep_context=requeueable deps ti=<TaskInstance: ModelDevelop.get_data scheduled__2026-01-11T19:00:00+00:00 [queued]>
[2026-01-17T13:41:32.106+0000] {taskinstance.py:2193} INFO - Starting attempt 1 of 2
[2026-01-17T13:41:32.122+0000] {taskinstance.py:2217} INFO - Executing <Task(PythonOperator): get_data> on 2026-01-11 19:00:00+00:00
[2026-01-17T13:41:32.186+0000] {standard_task_runner.py:60} INFO - Started process 31300 to run task
[2026-01-17T13:41:32.188+0000] {standard_task_runner.py:87} INFO - Running: ['***', 'tasks', 'run', 'ModelDevelop', 'get_data', 'scheduled__2026-01-11T19:00:00+00:00', '--job-id', '467', '--raw', '--subdir', 'DAGS_FOLDER/example.py', '--cfg-path', '/tmp/tmpmundqs0s']
[2026-01-17T13:41:32.189+0000] {standard_task_runner.py:88} INFO - Job 467: Subtask get_data
[2026-01-17T13:41:32.200+0000] {warnings.py:109} WARNING - /home/***/.local/lib/python3.9/site-packages/***/settings.py:194: DeprecationWarning: The sql_alchemy_conn option in [core] has been moved to the sql_alchemy_conn option in [database] - the old setting has been used, but please update your config.
  SQL_ALCHEMY_CONN = conf.get("database", "SQL_ALCHEMY_CONN")

[2026-01-17T13:41:32.268+0000] {task_command.py:423} INFO - Running <TaskInstance: ModelDevelop.get_data scheduled__2026-01-11T19:00:00+00:00 [running]> on host 5330652dc216
[2026-01-17T13:41:32.331+0000] {taskinstance.py:2513} INFO - Exporting env vars: AIRFLOW_CTX_DAG_OWNER='***' AIRFLOW_CTX_DAG_ID='ModelDevelop' AIRFLOW_CTX_TASK_ID='get_data' AIRFLOW_CTX_EXECUTION_DATE='2026-01-11T19:00:00+00:00' AIRFLOW_CTX_TRY_NUMBER='1' AIRFLOW_CTX_DAG_RUN_ID='scheduled__2026-01-11T19:00:00+00:00'
[2026-01-17T13:41:32.339+0000] {python.py:202} INFO - Done. Returned value was: ./iris.csv
[2026-01-17T13:41:32.353+0000] {taskinstance.py:1149} INFO - Marking task as SUCCESS. dag_id=ModelDevelop, task_id=get_data, execution_date=20260111T190000, start_date=20260117T134132, end_date=20260117T134132
[2026-01-17T13:41:32.401+0000] {local_task_job_runner.py:234} INFO - Task exited with return code 0
[2026-01-17T13:41:32.434+0000] {taskinstance.py:3312} INFO - 0 downstream tasks scheduled from follow-on schedule check
