[2026-01-16T22:00:01.667+0000] {taskinstance.py:1979} INFO - Dependencies all met for dep_context=non-requeueable deps ti=<TaskInstance: ModelDevelop.get_data scheduled__2026-01-16T21:00:00+00:00 [queued]>
[2026-01-16T22:00:01.671+0000] {taskinstance.py:1979} INFO - Dependencies all met for dep_context=requeueable deps ti=<TaskInstance: ModelDevelop.get_data scheduled__2026-01-16T21:00:00+00:00 [queued]>
[2026-01-16T22:00:01.671+0000] {taskinstance.py:2193} INFO - Starting attempt 1 of 2
[2026-01-16T22:00:01.677+0000] {taskinstance.py:2217} INFO - Executing <Task(PythonOperator): get_data> on 2026-01-16 21:00:00+00:00
[2026-01-16T22:00:01.683+0000] {standard_task_runner.py:60} INFO - Started process 47944 to run task
[2026-01-16T22:00:01.685+0000] {standard_task_runner.py:87} INFO - Running: ['***', 'tasks', 'run', 'ModelDevelop', 'get_data', 'scheduled__2026-01-16T21:00:00+00:00', '--job-id', '716', '--raw', '--subdir', 'DAGS_FOLDER/example.py', '--cfg-path', '/tmp/tmpd375i0qm']
[2026-01-16T22:00:01.686+0000] {standard_task_runner.py:88} INFO - Job 716: Subtask get_data
[2026-01-16T22:00:01.695+0000] {warnings.py:109} WARNING - /home/***/.local/lib/python3.9/site-packages/***/settings.py:194: DeprecationWarning: The sql_alchemy_conn option in [core] has been moved to the sql_alchemy_conn option in [database] - the old setting has been used, but please update your config.
  SQL_ALCHEMY_CONN = conf.get("database", "SQL_ALCHEMY_CONN")

[2026-01-16T22:00:01.717+0000] {task_command.py:423} INFO - Running <TaskInstance: ModelDevelop.get_data scheduled__2026-01-16T21:00:00+00:00 [running]> on host 8a4f043652f0
[2026-01-16T22:00:01.761+0000] {taskinstance.py:2513} INFO - Exporting env vars: AIRFLOW_CTX_DAG_OWNER='***' AIRFLOW_CTX_DAG_ID='ModelDevelop' AIRFLOW_CTX_TASK_ID='get_data' AIRFLOW_CTX_EXECUTION_DATE='2026-01-16T21:00:00+00:00' AIRFLOW_CTX_TRY_NUMBER='1' AIRFLOW_CTX_DAG_RUN_ID='scheduled__2026-01-16T21:00:00+00:00'
[2026-01-16T22:00:01.768+0000] {python.py:202} INFO - Done. Returned value was: ./iris.csv
[2026-01-16T22:00:01.780+0000] {taskinstance.py:1149} INFO - Marking task as SUCCESS. dag_id=ModelDevelop, task_id=get_data, execution_date=20260116T210000, start_date=20260116T220001, end_date=20260116T220001
[2026-01-16T22:00:01.817+0000] {local_task_job_runner.py:234} INFO - Task exited with return code 0
[2026-01-16T22:00:01.830+0000] {taskinstance.py:3312} INFO - 1 downstream tasks scheduled from follow-on schedule check
[2026-01-17T13:21:20.347+0000] {taskinstance.py:1979} INFO - Dependencies all met for dep_context=non-requeueable deps ti=<TaskInstance: ModelDevelop.get_data scheduled__2026-01-16T21:00:00+00:00 [queued]>
[2026-01-17T13:21:20.353+0000] {taskinstance.py:1979} INFO - Dependencies all met for dep_context=requeueable deps ti=<TaskInstance: ModelDevelop.get_data scheduled__2026-01-16T21:00:00+00:00 [queued]>
[2026-01-17T13:21:20.353+0000] {taskinstance.py:2193} INFO - Starting attempt 1 of 2
[2026-01-17T13:21:20.369+0000] {taskinstance.py:2217} INFO - Executing <Task(PythonOperator): get_data> on 2026-01-16 21:00:00+00:00
[2026-01-17T13:21:20.376+0000] {standard_task_runner.py:60} INFO - Started process 47815 to run task
[2026-01-17T13:21:20.379+0000] {standard_task_runner.py:87} INFO - Running: ['***', 'tasks', 'run', 'ModelDevelop', 'get_data', 'scheduled__2026-01-16T21:00:00+00:00', '--job-id', '713', '--raw', '--subdir', 'DAGS_FOLDER/example.py', '--cfg-path', '/tmp/tmp4r3f0gub']
[2026-01-17T13:21:20.380+0000] {standard_task_runner.py:88} INFO - Job 713: Subtask get_data
[2026-01-17T13:21:20.390+0000] {warnings.py:109} WARNING - /home/***/.local/lib/python3.9/site-packages/***/settings.py:194: DeprecationWarning: The sql_alchemy_conn option in [core] has been moved to the sql_alchemy_conn option in [database] - the old setting has been used, but please update your config.
  SQL_ALCHEMY_CONN = conf.get("database", "SQL_ALCHEMY_CONN")

[2026-01-17T13:21:20.418+0000] {task_command.py:423} INFO - Running <TaskInstance: ModelDevelop.get_data scheduled__2026-01-16T21:00:00+00:00 [running]> on host ed3184b6b543
[2026-01-17T13:21:20.522+0000] {taskinstance.py:2513} INFO - Exporting env vars: AIRFLOW_CTX_DAG_OWNER='***' AIRFLOW_CTX_DAG_ID='ModelDevelop' AIRFLOW_CTX_TASK_ID='get_data' AIRFLOW_CTX_EXECUTION_DATE='2026-01-16T21:00:00+00:00' AIRFLOW_CTX_TRY_NUMBER='1' AIRFLOW_CTX_DAG_RUN_ID='scheduled__2026-01-16T21:00:00+00:00'
[2026-01-17T13:21:20.531+0000] {python.py:202} INFO - Done. Returned value was: ./iris.csv
[2026-01-17T13:21:20.564+0000] {taskinstance.py:1149} INFO - Marking task as SUCCESS. dag_id=ModelDevelop, task_id=get_data, execution_date=20260116T210000, start_date=20260117T132120, end_date=20260117T132120
[2026-01-17T13:21:20.631+0000] {local_task_job_runner.py:234} INFO - Task exited with return code 0
[2026-01-17T13:21:20.702+0000] {taskinstance.py:3312} INFO - 0 downstream tasks scheduled from follow-on schedule check
[2026-01-17T13:42:47.612+0000] {taskinstance.py:1979} INFO - Dependencies all met for dep_context=non-requeueable deps ti=<TaskInstance: ModelDevelop.get_data scheduled__2026-01-16T21:00:00+00:00 [queued]>
[2026-01-17T13:42:47.618+0000] {taskinstance.py:1979} INFO - Dependencies all met for dep_context=requeueable deps ti=<TaskInstance: ModelDevelop.get_data scheduled__2026-01-16T21:00:00+00:00 [queued]>
[2026-01-17T13:42:47.618+0000] {taskinstance.py:2193} INFO - Starting attempt 1 of 2
[2026-01-17T13:42:47.626+0000] {taskinstance.py:2217} INFO - Executing <Task(PythonOperator): get_data> on 2026-01-16 21:00:00+00:00
[2026-01-17T13:42:47.633+0000] {standard_task_runner.py:60} INFO - Started process 46775 to run task
[2026-01-17T13:42:47.635+0000] {standard_task_runner.py:87} INFO - Running: ['***', 'tasks', 'run', 'ModelDevelop', 'get_data', 'scheduled__2026-01-16T21:00:00+00:00', '--job-id', '702', '--raw', '--subdir', 'DAGS_FOLDER/example.py', '--cfg-path', '/tmp/tmpv0zvqvpb']
[2026-01-17T13:42:47.636+0000] {standard_task_runner.py:88} INFO - Job 702: Subtask get_data
[2026-01-17T13:42:47.647+0000] {warnings.py:109} WARNING - /home/***/.local/lib/python3.9/site-packages/***/settings.py:194: DeprecationWarning: The sql_alchemy_conn option in [core] has been moved to the sql_alchemy_conn option in [database] - the old setting has been used, but please update your config.
  SQL_ALCHEMY_CONN = conf.get("database", "SQL_ALCHEMY_CONN")

[2026-01-17T13:42:47.671+0000] {task_command.py:423} INFO - Running <TaskInstance: ModelDevelop.get_data scheduled__2026-01-16T21:00:00+00:00 [running]> on host 5330652dc216
[2026-01-17T13:42:47.729+0000] {taskinstance.py:2513} INFO - Exporting env vars: AIRFLOW_CTX_DAG_OWNER='***' AIRFLOW_CTX_DAG_ID='ModelDevelop' AIRFLOW_CTX_TASK_ID='get_data' AIRFLOW_CTX_EXECUTION_DATE='2026-01-16T21:00:00+00:00' AIRFLOW_CTX_TRY_NUMBER='1' AIRFLOW_CTX_DAG_RUN_ID='scheduled__2026-01-16T21:00:00+00:00'
[2026-01-17T13:42:47.736+0000] {python.py:202} INFO - Done. Returned value was: ./iris.csv
[2026-01-17T13:42:47.752+0000] {taskinstance.py:1149} INFO - Marking task as SUCCESS. dag_id=ModelDevelop, task_id=get_data, execution_date=20260116T210000, start_date=20260117T134247, end_date=20260117T134247
[2026-01-17T13:42:47.807+0000] {local_task_job_runner.py:234} INFO - Task exited with return code 0
[2026-01-17T13:42:47.824+0000] {taskinstance.py:3312} INFO - 1 downstream tasks scheduled from follow-on schedule check
