[2026-01-16T07:55:07.801+0000] {taskinstance.py:1979} INFO - Dependencies all met for dep_context=non-requeueable deps ti=<TaskInstance: ModelDevelop.get_data scheduled__2026-01-06T21:00:00+00:00 [queued]>
[2026-01-16T07:55:07.814+0000] {taskinstance.py:1979} INFO - Dependencies all met for dep_context=requeueable deps ti=<TaskInstance: ModelDevelop.get_data scheduled__2026-01-06T21:00:00+00:00 [queued]>
[2026-01-16T07:55:07.815+0000] {taskinstance.py:2193} INFO - Starting attempt 1 of 2
[2026-01-16T07:55:07.838+0000] {taskinstance.py:2217} INFO - Executing <Task(PythonOperator): get_data> on 2026-01-06 21:00:00+00:00
[2026-01-16T07:55:07.845+0000] {standard_task_runner.py:60} INFO - Started process 15520 to run task
[2026-01-16T07:55:07.848+0000] {standard_task_runner.py:87} INFO - Running: ['***', 'tasks', 'run', 'ModelDevelop', 'get_data', 'scheduled__2026-01-06T21:00:00+00:00', '--job-id', '231', '--raw', '--subdir', 'DAGS_FOLDER/example.py', '--cfg-path', '/tmp/tmpigxyxori']
[2026-01-16T07:55:07.849+0000] {standard_task_runner.py:88} INFO - Job 231: Subtask get_data
[2026-01-16T07:55:07.858+0000] {warnings.py:109} WARNING - /home/***/.local/lib/python3.9/site-packages/***/settings.py:194: DeprecationWarning: The sql_alchemy_conn option in [core] has been moved to the sql_alchemy_conn option in [database] - the old setting has been used, but please update your config.
  SQL_ALCHEMY_CONN = conf.get("database", "SQL_ALCHEMY_CONN")

[2026-01-16T07:55:07.891+0000] {task_command.py:423} INFO - Running <TaskInstance: ModelDevelop.get_data scheduled__2026-01-06T21:00:00+00:00 [running]> on host 8a4f043652f0
[2026-01-16T07:55:08.006+0000] {taskinstance.py:2513} INFO - Exporting env vars: AIRFLOW_CTX_DAG_OWNER='***' AIRFLOW_CTX_DAG_ID='ModelDevelop' AIRFLOW_CTX_TASK_ID='get_data' AIRFLOW_CTX_EXECUTION_DATE='2026-01-06T21:00:00+00:00' AIRFLOW_CTX_TRY_NUMBER='1' AIRFLOW_CTX_DAG_RUN_ID='scheduled__2026-01-06T21:00:00+00:00'
[2026-01-16T07:55:08.020+0000] {python.py:202} INFO - Done. Returned value was: ./iris.csv
[2026-01-16T07:55:08.040+0000] {taskinstance.py:1149} INFO - Marking task as SUCCESS. dag_id=ModelDevelop, task_id=get_data, execution_date=20260106T210000, start_date=20260116T075507, end_date=20260116T075508
[2026-01-16T07:55:08.061+0000] {local_task_job_runner.py:234} INFO - Task exited with return code 0
[2026-01-16T07:55:08.104+0000] {taskinstance.py:3312} INFO - 1 downstream tasks scheduled from follow-on schedule check
[2026-01-17T13:18:40.443+0000] {taskinstance.py:1979} INFO - Dependencies all met for dep_context=non-requeueable deps ti=<TaskInstance: ModelDevelop.get_data scheduled__2026-01-06T21:00:00+00:00 [queued]>
[2026-01-17T13:18:40.449+0000] {taskinstance.py:1979} INFO - Dependencies all met for dep_context=requeueable deps ti=<TaskInstance: ModelDevelop.get_data scheduled__2026-01-06T21:00:00+00:00 [queued]>
[2026-01-17T13:18:40.449+0000] {taskinstance.py:2193} INFO - Starting attempt 1 of 2
[2026-01-17T13:18:40.457+0000] {taskinstance.py:2217} INFO - Executing <Task(PythonOperator): get_data> on 2026-01-06 21:00:00+00:00
[2026-01-17T13:18:40.467+0000] {standard_task_runner.py:60} INFO - Started process 15484 to run task
[2026-01-17T13:18:40.472+0000] {standard_task_runner.py:87} INFO - Running: ['***', 'tasks', 'run', 'ModelDevelop', 'get_data', 'scheduled__2026-01-06T21:00:00+00:00', '--job-id', '231', '--raw', '--subdir', 'DAGS_FOLDER/example.py', '--cfg-path', '/tmp/tmpiunkudxz']
[2026-01-17T13:18:40.472+0000] {standard_task_runner.py:88} INFO - Job 231: Subtask get_data
[2026-01-17T13:18:40.504+0000] {warnings.py:109} WARNING - /home/***/.local/lib/python3.9/site-packages/***/settings.py:194: DeprecationWarning: The sql_alchemy_conn option in [core] has been moved to the sql_alchemy_conn option in [database] - the old setting has been used, but please update your config.
  SQL_ALCHEMY_CONN = conf.get("database", "SQL_ALCHEMY_CONN")

[2026-01-17T13:18:40.538+0000] {task_command.py:423} INFO - Running <TaskInstance: ModelDevelop.get_data scheduled__2026-01-06T21:00:00+00:00 [running]> on host ed3184b6b543
[2026-01-17T13:18:40.603+0000] {taskinstance.py:2513} INFO - Exporting env vars: AIRFLOW_CTX_DAG_OWNER='***' AIRFLOW_CTX_DAG_ID='ModelDevelop' AIRFLOW_CTX_TASK_ID='get_data' AIRFLOW_CTX_EXECUTION_DATE='2026-01-06T21:00:00+00:00' AIRFLOW_CTX_TRY_NUMBER='1' AIRFLOW_CTX_DAG_RUN_ID='scheduled__2026-01-06T21:00:00+00:00'
[2026-01-17T13:18:40.611+0000] {python.py:202} INFO - Done. Returned value was: ./iris.csv
[2026-01-17T13:18:40.626+0000] {taskinstance.py:1149} INFO - Marking task as SUCCESS. dag_id=ModelDevelop, task_id=get_data, execution_date=20260106T210000, start_date=20260117T131840, end_date=20260117T131840
[2026-01-17T13:18:40.681+0000] {local_task_job_runner.py:234} INFO - Task exited with return code 0
[2026-01-17T13:18:40.696+0000] {taskinstance.py:3312} INFO - 1 downstream tasks scheduled from follow-on schedule check
[2026-01-17T13:40:00.399+0000] {taskinstance.py:1979} INFO - Dependencies all met for dep_context=non-requeueable deps ti=<TaskInstance: ModelDevelop.get_data scheduled__2026-01-06T21:00:00+00:00 [queued]>
[2026-01-17T13:40:00.403+0000] {taskinstance.py:1979} INFO - Dependencies all met for dep_context=requeueable deps ti=<TaskInstance: ModelDevelop.get_data scheduled__2026-01-06T21:00:00+00:00 [queued]>
[2026-01-17T13:40:00.403+0000] {taskinstance.py:2193} INFO - Starting attempt 1 of 2
[2026-01-17T13:40:00.409+0000] {taskinstance.py:2217} INFO - Executing <Task(PythonOperator): get_data> on 2026-01-06 21:00:00+00:00
[2026-01-17T13:40:00.415+0000] {standard_task_runner.py:60} INFO - Started process 15284 to run task
[2026-01-17T13:40:00.417+0000] {standard_task_runner.py:87} INFO - Running: ['***', 'tasks', 'run', 'ModelDevelop', 'get_data', 'scheduled__2026-01-06T21:00:00+00:00', '--job-id', '231', '--raw', '--subdir', 'DAGS_FOLDER/example.py', '--cfg-path', '/tmp/tmpd8ti9gt6']
[2026-01-17T13:40:00.418+0000] {standard_task_runner.py:88} INFO - Job 231: Subtask get_data
[2026-01-17T13:40:00.428+0000] {warnings.py:109} WARNING - /home/***/.local/lib/python3.9/site-packages/***/settings.py:194: DeprecationWarning: The sql_alchemy_conn option in [core] has been moved to the sql_alchemy_conn option in [database] - the old setting has been used, but please update your config.
  SQL_ALCHEMY_CONN = conf.get("database", "SQL_ALCHEMY_CONN")

[2026-01-17T13:40:00.450+0000] {task_command.py:423} INFO - Running <TaskInstance: ModelDevelop.get_data scheduled__2026-01-06T21:00:00+00:00 [running]> on host 5330652dc216
[2026-01-17T13:40:00.497+0000] {taskinstance.py:2513} INFO - Exporting env vars: AIRFLOW_CTX_DAG_OWNER='***' AIRFLOW_CTX_DAG_ID='ModelDevelop' AIRFLOW_CTX_TASK_ID='get_data' AIRFLOW_CTX_EXECUTION_DATE='2026-01-06T21:00:00+00:00' AIRFLOW_CTX_TRY_NUMBER='1' AIRFLOW_CTX_DAG_RUN_ID='scheduled__2026-01-06T21:00:00+00:00'
[2026-01-17T13:40:00.505+0000] {python.py:202} INFO - Done. Returned value was: ./iris.csv
[2026-01-17T13:40:00.517+0000] {taskinstance.py:1149} INFO - Marking task as SUCCESS. dag_id=ModelDevelop, task_id=get_data, execution_date=20260106T210000, start_date=20260117T134000, end_date=20260117T134000
[2026-01-17T13:40:00.549+0000] {local_task_job_runner.py:234} INFO - Task exited with return code 0
[2026-01-17T13:40:00.564+0000] {taskinstance.py:3312} INFO - 1 downstream tasks scheduled from follow-on schedule check
