[2026-01-16T07:55:38.258+0000] {taskinstance.py:1979} INFO - Dependencies all met for dep_context=non-requeueable deps ti=<TaskInstance: ModelDevelop.get_data scheduled__2026-01-09T01:00:00+00:00 [queued]>
[2026-01-16T07:55:38.263+0000] {taskinstance.py:1979} INFO - Dependencies all met for dep_context=requeueable deps ti=<TaskInstance: ModelDevelop.get_data scheduled__2026-01-09T01:00:00+00:00 [queued]>
[2026-01-16T07:55:38.263+0000] {taskinstance.py:2193} INFO - Starting attempt 1 of 2
[2026-01-16T07:55:38.270+0000] {taskinstance.py:2217} INFO - Executing <Task(PythonOperator): get_data> on 2026-01-09 01:00:00+00:00
[2026-01-16T07:55:38.277+0000] {standard_task_runner.py:60} INFO - Started process 22059 to run task
[2026-01-16T07:55:38.279+0000] {standard_task_runner.py:87} INFO - Running: ['***', 'tasks', 'run', 'ModelDevelop', 'get_data', 'scheduled__2026-01-09T01:00:00+00:00', '--job-id', '331', '--raw', '--subdir', 'DAGS_FOLDER/example.py', '--cfg-path', '/tmp/tmpt1u9czq5']
[2026-01-16T07:55:38.280+0000] {standard_task_runner.py:88} INFO - Job 331: Subtask get_data
[2026-01-16T07:55:38.289+0000] {warnings.py:109} WARNING - /home/***/.local/lib/python3.9/site-packages/***/settings.py:194: DeprecationWarning: The sql_alchemy_conn option in [core] has been moved to the sql_alchemy_conn option in [database] - the old setting has been used, but please update your config.
  SQL_ALCHEMY_CONN = conf.get("database", "SQL_ALCHEMY_CONN")

[2026-01-16T07:55:38.324+0000] {task_command.py:423} INFO - Running <TaskInstance: ModelDevelop.get_data scheduled__2026-01-09T01:00:00+00:00 [running]> on host 8a4f043652f0
[2026-01-16T07:55:38.463+0000] {taskinstance.py:2513} INFO - Exporting env vars: AIRFLOW_CTX_DAG_OWNER='***' AIRFLOW_CTX_DAG_ID='ModelDevelop' AIRFLOW_CTX_TASK_ID='get_data' AIRFLOW_CTX_EXECUTION_DATE='2026-01-09T01:00:00+00:00' AIRFLOW_CTX_TRY_NUMBER='1' AIRFLOW_CTX_DAG_RUN_ID='scheduled__2026-01-09T01:00:00+00:00'
[2026-01-16T07:55:38.472+0000] {python.py:202} INFO - Done. Returned value was: ./iris.csv
[2026-01-16T07:55:38.492+0000] {taskinstance.py:1149} INFO - Marking task as SUCCESS. dag_id=ModelDevelop, task_id=get_data, execution_date=20260109T010000, start_date=20260116T075538, end_date=20260116T075538
[2026-01-16T07:55:38.651+0000] {local_task_job_runner.py:234} INFO - Task exited with return code 0
[2026-01-16T07:55:38.679+0000] {taskinstance.py:3312} INFO - 1 downstream tasks scheduled from follow-on schedule check
[2026-01-17T13:19:20.142+0000] {taskinstance.py:1979} INFO - Dependencies all met for dep_context=non-requeueable deps ti=<TaskInstance: ModelDevelop.get_data scheduled__2026-01-09T01:00:00+00:00 [queued]>
[2026-01-17T13:19:20.147+0000] {taskinstance.py:1979} INFO - Dependencies all met for dep_context=requeueable deps ti=<TaskInstance: ModelDevelop.get_data scheduled__2026-01-09T01:00:00+00:00 [queued]>
[2026-01-17T13:19:20.147+0000] {taskinstance.py:2193} INFO - Starting attempt 1 of 2
[2026-01-17T13:19:20.155+0000] {taskinstance.py:2217} INFO - Executing <Task(PythonOperator): get_data> on 2026-01-09 01:00:00+00:00
[2026-01-17T13:19:20.164+0000] {standard_task_runner.py:60} INFO - Started process 22190 to run task
[2026-01-17T13:19:20.166+0000] {standard_task_runner.py:87} INFO - Running: ['***', 'tasks', 'run', 'ModelDevelop', 'get_data', 'scheduled__2026-01-09T01:00:00+00:00', '--job-id', '333', '--raw', '--subdir', 'DAGS_FOLDER/example.py', '--cfg-path', '/tmp/tmpo5d7ou1k']
[2026-01-17T13:19:20.167+0000] {standard_task_runner.py:88} INFO - Job 333: Subtask get_data
[2026-01-17T13:19:20.176+0000] {warnings.py:109} WARNING - /home/***/.local/lib/python3.9/site-packages/***/settings.py:194: DeprecationWarning: The sql_alchemy_conn option in [core] has been moved to the sql_alchemy_conn option in [database] - the old setting has been used, but please update your config.
  SQL_ALCHEMY_CONN = conf.get("database", "SQL_ALCHEMY_CONN")

[2026-01-17T13:19:20.204+0000] {task_command.py:423} INFO - Running <TaskInstance: ModelDevelop.get_data scheduled__2026-01-09T01:00:00+00:00 [running]> on host ed3184b6b543
[2026-01-17T13:19:20.259+0000] {taskinstance.py:2513} INFO - Exporting env vars: AIRFLOW_CTX_DAG_OWNER='***' AIRFLOW_CTX_DAG_ID='ModelDevelop' AIRFLOW_CTX_TASK_ID='get_data' AIRFLOW_CTX_EXECUTION_DATE='2026-01-09T01:00:00+00:00' AIRFLOW_CTX_TRY_NUMBER='1' AIRFLOW_CTX_DAG_RUN_ID='scheduled__2026-01-09T01:00:00+00:00'
[2026-01-17T13:19:20.268+0000] {python.py:202} INFO - Done. Returned value was: ./iris.csv
[2026-01-17T13:19:20.309+0000] {taskinstance.py:1149} INFO - Marking task as SUCCESS. dag_id=ModelDevelop, task_id=get_data, execution_date=20260109T010000, start_date=20260117T131920, end_date=20260117T131920
[2026-01-17T13:19:20.378+0000] {local_task_job_runner.py:234} INFO - Task exited with return code 0
[2026-01-17T13:19:20.460+0000] {taskinstance.py:3312} INFO - 0 downstream tasks scheduled from follow-on schedule check
[2026-01-17T13:40:45.102+0000] {taskinstance.py:1979} INFO - Dependencies all met for dep_context=non-requeueable deps ti=<TaskInstance: ModelDevelop.get_data scheduled__2026-01-09T01:00:00+00:00 [queued]>
[2026-01-17T13:40:45.107+0000] {taskinstance.py:1979} INFO - Dependencies all met for dep_context=requeueable deps ti=<TaskInstance: ModelDevelop.get_data scheduled__2026-01-09T01:00:00+00:00 [queued]>
[2026-01-17T13:40:45.107+0000] {taskinstance.py:2193} INFO - Starting attempt 1 of 2
[2026-01-17T13:40:45.116+0000] {taskinstance.py:2217} INFO - Executing <Task(PythonOperator): get_data> on 2026-01-09 01:00:00+00:00
[2026-01-17T13:40:45.125+0000] {standard_task_runner.py:60} INFO - Started process 22719 to run task
[2026-01-17T13:40:45.140+0000] {standard_task_runner.py:87} INFO - Running: ['***', 'tasks', 'run', 'ModelDevelop', 'get_data', 'scheduled__2026-01-09T01:00:00+00:00', '--job-id', '336', '--raw', '--subdir', 'DAGS_FOLDER/example.py', '--cfg-path', '/tmp/tmpq4uerd0g']
[2026-01-17T13:40:45.141+0000] {standard_task_runner.py:88} INFO - Job 336: Subtask get_data
[2026-01-17T13:40:45.178+0000] {warnings.py:109} WARNING - /home/***/.local/lib/python3.9/site-packages/***/settings.py:194: DeprecationWarning: The sql_alchemy_conn option in [core] has been moved to the sql_alchemy_conn option in [database] - the old setting has been used, but please update your config.
  SQL_ALCHEMY_CONN = conf.get("database", "SQL_ALCHEMY_CONN")

[2026-01-17T13:40:45.210+0000] {task_command.py:423} INFO - Running <TaskInstance: ModelDevelop.get_data scheduled__2026-01-09T01:00:00+00:00 [running]> on host 5330652dc216
[2026-01-17T13:40:45.297+0000] {taskinstance.py:2513} INFO - Exporting env vars: AIRFLOW_CTX_DAG_OWNER='***' AIRFLOW_CTX_DAG_ID='ModelDevelop' AIRFLOW_CTX_TASK_ID='get_data' AIRFLOW_CTX_EXECUTION_DATE='2026-01-09T01:00:00+00:00' AIRFLOW_CTX_TRY_NUMBER='1' AIRFLOW_CTX_DAG_RUN_ID='scheduled__2026-01-09T01:00:00+00:00'
[2026-01-17T13:40:45.306+0000] {python.py:202} INFO - Done. Returned value was: ./iris.csv
[2026-01-17T13:40:45.337+0000] {taskinstance.py:1149} INFO - Marking task as SUCCESS. dag_id=ModelDevelop, task_id=get_data, execution_date=20260109T010000, start_date=20260117T134045, end_date=20260117T134045
[2026-01-17T13:40:45.388+0000] {local_task_job_runner.py:234} INFO - Task exited with return code 0
[2026-01-17T13:40:45.427+0000] {taskinstance.py:3312} INFO - 0 downstream tasks scheduled from follow-on schedule check
