[2026-01-16T07:56:37.570+0000] {taskinstance.py:1979} INFO - Dependencies all met for dep_context=non-requeueable deps ti=<TaskInstance: ModelDevelop.get_data scheduled__2026-01-12T23:00:00+00:00 [queued]>
[2026-01-16T07:56:37.576+0000] {taskinstance.py:1979} INFO - Dependencies all met for dep_context=requeueable deps ti=<TaskInstance: ModelDevelop.get_data scheduled__2026-01-12T23:00:00+00:00 [queued]>
[2026-01-16T07:56:37.577+0000] {taskinstance.py:2193} INFO - Starting attempt 1 of 2
[2026-01-16T07:56:37.586+0000] {taskinstance.py:2217} INFO - Executing <Task(PythonOperator): get_data> on 2026-01-12 23:00:00+00:00
[2026-01-16T07:56:37.595+0000] {standard_task_runner.py:60} INFO - Started process 34885 to run task
[2026-01-16T07:56:37.598+0000] {standard_task_runner.py:87} INFO - Running: ['***', 'tasks', 'run', 'ModelDevelop', 'get_data', 'scheduled__2026-01-12T23:00:00+00:00', '--job-id', '522', '--raw', '--subdir', 'DAGS_FOLDER/example.py', '--cfg-path', '/tmp/tmpp1gfc28q']
[2026-01-16T07:56:37.599+0000] {standard_task_runner.py:88} INFO - Job 522: Subtask get_data
[2026-01-16T07:56:37.610+0000] {warnings.py:109} WARNING - /home/***/.local/lib/python3.9/site-packages/***/settings.py:194: DeprecationWarning: The sql_alchemy_conn option in [core] has been moved to the sql_alchemy_conn option in [database] - the old setting has been used, but please update your config.
  SQL_ALCHEMY_CONN = conf.get("database", "SQL_ALCHEMY_CONN")

[2026-01-16T07:56:37.645+0000] {task_command.py:423} INFO - Running <TaskInstance: ModelDevelop.get_data scheduled__2026-01-12T23:00:00+00:00 [running]> on host 8a4f043652f0
[2026-01-16T07:56:37.745+0000] {taskinstance.py:2513} INFO - Exporting env vars: AIRFLOW_CTX_DAG_OWNER='***' AIRFLOW_CTX_DAG_ID='ModelDevelop' AIRFLOW_CTX_TASK_ID='get_data' AIRFLOW_CTX_EXECUTION_DATE='2026-01-12T23:00:00+00:00' AIRFLOW_CTX_TRY_NUMBER='1' AIRFLOW_CTX_DAG_RUN_ID='scheduled__2026-01-12T23:00:00+00:00'
[2026-01-16T07:56:37.754+0000] {python.py:202} INFO - Done. Returned value was: ./iris.csv
[2026-01-16T07:56:37.771+0000] {taskinstance.py:1149} INFO - Marking task as SUCCESS. dag_id=ModelDevelop, task_id=get_data, execution_date=20260112T230000, start_date=20260116T075637, end_date=20260116T075637
[2026-01-16T07:56:37.810+0000] {local_task_job_runner.py:234} INFO - Task exited with return code 0
[2026-01-16T07:56:37.826+0000] {taskinstance.py:3312} INFO - 1 downstream tasks scheduled from follow-on schedule check
[2026-01-17T13:20:22.472+0000] {taskinstance.py:1979} INFO - Dependencies all met for dep_context=non-requeueable deps ti=<TaskInstance: ModelDevelop.get_data scheduled__2026-01-12T23:00:00+00:00 [queued]>
[2026-01-17T13:20:22.479+0000] {taskinstance.py:1979} INFO - Dependencies all met for dep_context=requeueable deps ti=<TaskInstance: ModelDevelop.get_data scheduled__2026-01-12T23:00:00+00:00 [queued]>
[2026-01-17T13:20:22.479+0000] {taskinstance.py:2193} INFO - Starting attempt 1 of 2
[2026-01-17T13:20:22.489+0000] {taskinstance.py:2217} INFO - Executing <Task(PythonOperator): get_data> on 2026-01-12 23:00:00+00:00
[2026-01-17T13:20:22.498+0000] {standard_task_runner.py:60} INFO - Started process 34956 to run task
[2026-01-17T13:20:22.501+0000] {standard_task_runner.py:87} INFO - Running: ['***', 'tasks', 'run', 'ModelDevelop', 'get_data', 'scheduled__2026-01-12T23:00:00+00:00', '--job-id', '522', '--raw', '--subdir', 'DAGS_FOLDER/example.py', '--cfg-path', '/tmp/tmphc2wvgox']
[2026-01-17T13:20:22.502+0000] {standard_task_runner.py:88} INFO - Job 522: Subtask get_data
[2026-01-17T13:20:22.511+0000] {warnings.py:109} WARNING - /home/***/.local/lib/python3.9/site-packages/***/settings.py:194: DeprecationWarning: The sql_alchemy_conn option in [core] has been moved to the sql_alchemy_conn option in [database] - the old setting has been used, but please update your config.
  SQL_ALCHEMY_CONN = conf.get("database", "SQL_ALCHEMY_CONN")

[2026-01-17T13:20:22.548+0000] {task_command.py:423} INFO - Running <TaskInstance: ModelDevelop.get_data scheduled__2026-01-12T23:00:00+00:00 [running]> on host ed3184b6b543
[2026-01-17T13:20:22.694+0000] {taskinstance.py:2513} INFO - Exporting env vars: AIRFLOW_CTX_DAG_OWNER='***' AIRFLOW_CTX_DAG_ID='ModelDevelop' AIRFLOW_CTX_TASK_ID='get_data' AIRFLOW_CTX_EXECUTION_DATE='2026-01-12T23:00:00+00:00' AIRFLOW_CTX_TRY_NUMBER='1' AIRFLOW_CTX_DAG_RUN_ID='scheduled__2026-01-12T23:00:00+00:00'
[2026-01-17T13:20:22.703+0000] {python.py:202} INFO - Done. Returned value was: ./iris.csv
[2026-01-17T13:20:22.720+0000] {taskinstance.py:1149} INFO - Marking task as SUCCESS. dag_id=ModelDevelop, task_id=get_data, execution_date=20260112T230000, start_date=20260117T132022, end_date=20260117T132022
[2026-01-17T13:20:22.753+0000] {local_task_job_runner.py:234} INFO - Task exited with return code 0
[2026-01-17T13:20:22.784+0000] {taskinstance.py:3312} INFO - 1 downstream tasks scheduled from follow-on schedule check
[2026-01-17T13:41:55.115+0000] {taskinstance.py:1979} INFO - Dependencies all met for dep_context=non-requeueable deps ti=<TaskInstance: ModelDevelop.get_data scheduled__2026-01-12T23:00:00+00:00 [queued]>
[2026-01-17T13:41:55.121+0000] {taskinstance.py:1979} INFO - Dependencies all met for dep_context=requeueable deps ti=<TaskInstance: ModelDevelop.get_data scheduled__2026-01-12T23:00:00+00:00 [queued]>
[2026-01-17T13:41:55.121+0000] {taskinstance.py:2193} INFO - Starting attempt 1 of 2
[2026-01-17T13:41:55.140+0000] {taskinstance.py:2217} INFO - Executing <Task(PythonOperator): get_data> on 2026-01-12 23:00:00+00:00
[2026-01-17T13:41:55.155+0000] {standard_task_runner.py:60} INFO - Started process 35549 to run task
[2026-01-17T13:41:55.170+0000] {standard_task_runner.py:87} INFO - Running: ['***', 'tasks', 'run', 'ModelDevelop', 'get_data', 'scheduled__2026-01-12T23:00:00+00:00', '--job-id', '527', '--raw', '--subdir', 'DAGS_FOLDER/example.py', '--cfg-path', '/tmp/tmpb45ebjms']
[2026-01-17T13:41:55.171+0000] {standard_task_runner.py:88} INFO - Job 527: Subtask get_data
[2026-01-17T13:41:55.206+0000] {warnings.py:109} WARNING - /home/***/.local/lib/python3.9/site-packages/***/settings.py:194: DeprecationWarning: The sql_alchemy_conn option in [core] has been moved to the sql_alchemy_conn option in [database] - the old setting has been used, but please update your config.
  SQL_ALCHEMY_CONN = conf.get("database", "SQL_ALCHEMY_CONN")

[2026-01-17T13:41:55.241+0000] {task_command.py:423} INFO - Running <TaskInstance: ModelDevelop.get_data scheduled__2026-01-12T23:00:00+00:00 [running]> on host 5330652dc216
[2026-01-17T13:41:55.324+0000] {taskinstance.py:2513} INFO - Exporting env vars: AIRFLOW_CTX_DAG_OWNER='***' AIRFLOW_CTX_DAG_ID='ModelDevelop' AIRFLOW_CTX_TASK_ID='get_data' AIRFLOW_CTX_EXECUTION_DATE='2026-01-12T23:00:00+00:00' AIRFLOW_CTX_TRY_NUMBER='1' AIRFLOW_CTX_DAG_RUN_ID='scheduled__2026-01-12T23:00:00+00:00'
[2026-01-17T13:41:55.337+0000] {python.py:202} INFO - Done. Returned value was: ./iris.csv
[2026-01-17T13:41:55.366+0000] {taskinstance.py:1149} INFO - Marking task as SUCCESS. dag_id=ModelDevelop, task_id=get_data, execution_date=20260112T230000, start_date=20260117T134155, end_date=20260117T134155
[2026-01-17T13:41:55.417+0000] {local_task_job_runner.py:234} INFO - Task exited with return code 0
[2026-01-17T13:41:55.440+0000] {taskinstance.py:3312} INFO - 1 downstream tasks scheduled from follow-on schedule check
