[2026-01-16T07:54:01.089+0000] {taskinstance.py:1979} INFO - Dependencies all met for dep_context=non-requeueable deps ti=<TaskInstance: ModelDevelop.get_data scheduled__2026-01-03T04:00:00+00:00 [queued]>
[2026-01-16T07:54:01.094+0000] {taskinstance.py:1979} INFO - Dependencies all met for dep_context=requeueable deps ti=<TaskInstance: ModelDevelop.get_data scheduled__2026-01-03T04:00:00+00:00 [queued]>
[2026-01-16T07:54:01.094+0000] {taskinstance.py:2193} INFO - Starting attempt 1 of 2
[2026-01-16T07:54:01.113+0000] {taskinstance.py:2217} INFO - Executing <Task(PythonOperator): get_data> on 2026-01-03 04:00:00+00:00
[2026-01-16T07:54:01.122+0000] {standard_task_runner.py:60} INFO - Started process 2931 to run task
[2026-01-16T07:54:01.124+0000] {standard_task_runner.py:87} INFO - Running: ['***', 'tasks', 'run', 'ModelDevelop', 'get_data', 'scheduled__2026-01-03T04:00:00+00:00', '--job-id', '46', '--raw', '--subdir', 'DAGS_FOLDER/example.py', '--cfg-path', '/tmp/tmptyabj898']
[2026-01-16T07:54:01.125+0000] {standard_task_runner.py:88} INFO - Job 46: Subtask get_data
[2026-01-16T07:54:01.135+0000] {warnings.py:109} WARNING - /home/***/.local/lib/python3.9/site-packages/***/settings.py:194: DeprecationWarning: The sql_alchemy_conn option in [core] has been moved to the sql_alchemy_conn option in [database] - the old setting has been used, but please update your config.
  SQL_ALCHEMY_CONN = conf.get("database", "SQL_ALCHEMY_CONN")

[2026-01-16T07:54:01.167+0000] {task_command.py:423} INFO - Running <TaskInstance: ModelDevelop.get_data scheduled__2026-01-03T04:00:00+00:00 [running]> on host 8a4f043652f0
[2026-01-16T07:54:01.261+0000] {taskinstance.py:2513} INFO - Exporting env vars: AIRFLOW_CTX_DAG_OWNER='***' AIRFLOW_CTX_DAG_ID='ModelDevelop' AIRFLOW_CTX_TASK_ID='get_data' AIRFLOW_CTX_EXECUTION_DATE='2026-01-03T04:00:00+00:00' AIRFLOW_CTX_TRY_NUMBER='1' AIRFLOW_CTX_DAG_RUN_ID='scheduled__2026-01-03T04:00:00+00:00'
[2026-01-16T07:54:01.272+0000] {python.py:202} INFO - Done. Returned value was: ./iris.csv
[2026-01-16T07:54:01.315+0000] {taskinstance.py:1149} INFO - Marking task as SUCCESS. dag_id=ModelDevelop, task_id=get_data, execution_date=20260103T040000, start_date=20260116T075401, end_date=20260116T075401
[2026-01-16T07:54:01.336+0000] {local_task_job_runner.py:234} INFO - Task exited with return code 0
[2026-01-16T07:54:01.364+0000] {taskinstance.py:3312} INFO - 1 downstream tasks scheduled from follow-on schedule check
[2026-01-17T13:17:40.824+0000] {taskinstance.py:1979} INFO - Dependencies all met for dep_context=non-requeueable deps ti=<TaskInstance: ModelDevelop.get_data scheduled__2026-01-03T04:00:00+00:00 [queued]>
[2026-01-17T13:17:40.830+0000] {taskinstance.py:1979} INFO - Dependencies all met for dep_context=requeueable deps ti=<TaskInstance: ModelDevelop.get_data scheduled__2026-01-03T04:00:00+00:00 [queued]>
[2026-01-17T13:17:40.831+0000] {taskinstance.py:2193} INFO - Starting attempt 1 of 2
[2026-01-17T13:17:40.842+0000] {taskinstance.py:2217} INFO - Executing <Task(PythonOperator): get_data> on 2026-01-03 04:00:00+00:00
[2026-01-17T13:17:40.851+0000] {standard_task_runner.py:60} INFO - Started process 2893 to run task
[2026-01-17T13:17:40.854+0000] {standard_task_runner.py:87} INFO - Running: ['***', 'tasks', 'run', 'ModelDevelop', 'get_data', 'scheduled__2026-01-03T04:00:00+00:00', '--job-id', '46', '--raw', '--subdir', 'DAGS_FOLDER/example.py', '--cfg-path', '/tmp/tmpe169k90m']
[2026-01-17T13:17:40.855+0000] {standard_task_runner.py:88} INFO - Job 46: Subtask get_data
[2026-01-17T13:17:40.864+0000] {warnings.py:109} WARNING - /home/***/.local/lib/python3.9/site-packages/***/settings.py:194: DeprecationWarning: The sql_alchemy_conn option in [core] has been moved to the sql_alchemy_conn option in [database] - the old setting has been used, but please update your config.
  SQL_ALCHEMY_CONN = conf.get("database", "SQL_ALCHEMY_CONN")

[2026-01-17T13:17:40.891+0000] {task_command.py:423} INFO - Running <TaskInstance: ModelDevelop.get_data scheduled__2026-01-03T04:00:00+00:00 [running]> on host ed3184b6b543
[2026-01-17T13:17:40.979+0000] {taskinstance.py:2513} INFO - Exporting env vars: AIRFLOW_CTX_DAG_OWNER='***' AIRFLOW_CTX_DAG_ID='ModelDevelop' AIRFLOW_CTX_TASK_ID='get_data' AIRFLOW_CTX_EXECUTION_DATE='2026-01-03T04:00:00+00:00' AIRFLOW_CTX_TRY_NUMBER='1' AIRFLOW_CTX_DAG_RUN_ID='scheduled__2026-01-03T04:00:00+00:00'
[2026-01-17T13:17:40.991+0000] {python.py:202} INFO - Done. Returned value was: ./iris.csv
[2026-01-17T13:17:41.007+0000] {taskinstance.py:1149} INFO - Marking task as SUCCESS. dag_id=ModelDevelop, task_id=get_data, execution_date=20260103T040000, start_date=20260117T131740, end_date=20260117T131741
[2026-01-17T13:17:41.067+0000] {local_task_job_runner.py:234} INFO - Task exited with return code 0
[2026-01-17T13:17:41.084+0000] {taskinstance.py:3312} INFO - 1 downstream tasks scheduled from follow-on schedule check
[2026-01-17T13:38:59.879+0000] {taskinstance.py:1979} INFO - Dependencies all met for dep_context=non-requeueable deps ti=<TaskInstance: ModelDevelop.get_data scheduled__2026-01-03T04:00:00+00:00 [queued]>
[2026-01-17T13:38:59.884+0000] {taskinstance.py:1979} INFO - Dependencies all met for dep_context=requeueable deps ti=<TaskInstance: ModelDevelop.get_data scheduled__2026-01-03T04:00:00+00:00 [queued]>
[2026-01-17T13:38:59.885+0000] {taskinstance.py:2193} INFO - Starting attempt 1 of 2
[2026-01-17T13:38:59.893+0000] {taskinstance.py:2217} INFO - Executing <Task(PythonOperator): get_data> on 2026-01-03 04:00:00+00:00
[2026-01-17T13:38:59.899+0000] {standard_task_runner.py:60} INFO - Started process 2963 to run task
[2026-01-17T13:38:59.901+0000] {standard_task_runner.py:87} INFO - Running: ['***', 'tasks', 'run', 'ModelDevelop', 'get_data', 'scheduled__2026-01-03T04:00:00+00:00', '--job-id', '47', '--raw', '--subdir', 'DAGS_FOLDER/example.py', '--cfg-path', '/tmp/tmpvv13f0xb']
[2026-01-17T13:38:59.902+0000] {standard_task_runner.py:88} INFO - Job 47: Subtask get_data
[2026-01-17T13:38:59.911+0000] {warnings.py:109} WARNING - /home/***/.local/lib/python3.9/site-packages/***/settings.py:194: DeprecationWarning: The sql_alchemy_conn option in [core] has been moved to the sql_alchemy_conn option in [database] - the old setting has been used, but please update your config.
  SQL_ALCHEMY_CONN = conf.get("database", "SQL_ALCHEMY_CONN")

[2026-01-17T13:38:59.970+0000] {task_command.py:423} INFO - Running <TaskInstance: ModelDevelop.get_data scheduled__2026-01-03T04:00:00+00:00 [running]> on host 5330652dc216
[2026-01-17T13:39:00.054+0000] {taskinstance.py:2513} INFO - Exporting env vars: AIRFLOW_CTX_DAG_OWNER='***' AIRFLOW_CTX_DAG_ID='ModelDevelop' AIRFLOW_CTX_TASK_ID='get_data' AIRFLOW_CTX_EXECUTION_DATE='2026-01-03T04:00:00+00:00' AIRFLOW_CTX_TRY_NUMBER='1' AIRFLOW_CTX_DAG_RUN_ID='scheduled__2026-01-03T04:00:00+00:00'
[2026-01-17T13:39:00.065+0000] {python.py:202} INFO - Done. Returned value was: ./iris.csv
[2026-01-17T13:39:00.083+0000] {taskinstance.py:1149} INFO - Marking task as SUCCESS. dag_id=ModelDevelop, task_id=get_data, execution_date=20260103T040000, start_date=20260117T133859, end_date=20260117T133900
[2026-01-17T13:39:00.115+0000] {local_task_job_runner.py:234} INFO - Task exited with return code 0
[2026-01-17T13:39:00.140+0000] {taskinstance.py:3312} INFO - 1 downstream tasks scheduled from follow-on schedule check
