[2026-01-16T07:55:17.768+0000] {taskinstance.py:1979} INFO - Dependencies all met for dep_context=non-requeueable deps ti=<TaskInstance: ModelDevelop.get_data scheduled__2026-01-07T14:00:00+00:00 [queued]>
[2026-01-16T07:55:17.775+0000] {taskinstance.py:1979} INFO - Dependencies all met for dep_context=requeueable deps ti=<TaskInstance: ModelDevelop.get_data scheduled__2026-01-07T14:00:00+00:00 [queued]>
[2026-01-16T07:55:17.775+0000] {taskinstance.py:2193} INFO - Starting attempt 1 of 2
[2026-01-16T07:55:17.787+0000] {taskinstance.py:2217} INFO - Executing <Task(PythonOperator): get_data> on 2026-01-07 14:00:00+00:00
[2026-01-16T07:55:17.795+0000] {standard_task_runner.py:60} INFO - Started process 17667 to run task
[2026-01-16T07:55:17.797+0000] {standard_task_runner.py:87} INFO - Running: ['***', 'tasks', 'run', 'ModelDevelop', 'get_data', 'scheduled__2026-01-07T14:00:00+00:00', '--job-id', '264', '--raw', '--subdir', 'DAGS_FOLDER/example.py', '--cfg-path', '/tmp/tmp1sqowdeq']
[2026-01-16T07:55:17.798+0000] {standard_task_runner.py:88} INFO - Job 264: Subtask get_data
[2026-01-16T07:55:17.807+0000] {warnings.py:109} WARNING - /home/***/.local/lib/python3.9/site-packages/***/settings.py:194: DeprecationWarning: The sql_alchemy_conn option in [core] has been moved to the sql_alchemy_conn option in [database] - the old setting has been used, but please update your config.
  SQL_ALCHEMY_CONN = conf.get("database", "SQL_ALCHEMY_CONN")

[2026-01-16T07:55:17.837+0000] {task_command.py:423} INFO - Running <TaskInstance: ModelDevelop.get_data scheduled__2026-01-07T14:00:00+00:00 [running]> on host 8a4f043652f0
[2026-01-16T07:55:17.922+0000] {taskinstance.py:2513} INFO - Exporting env vars: AIRFLOW_CTX_DAG_OWNER='***' AIRFLOW_CTX_DAG_ID='ModelDevelop' AIRFLOW_CTX_TASK_ID='get_data' AIRFLOW_CTX_EXECUTION_DATE='2026-01-07T14:00:00+00:00' AIRFLOW_CTX_TRY_NUMBER='1' AIRFLOW_CTX_DAG_RUN_ID='scheduled__2026-01-07T14:00:00+00:00'
[2026-01-16T07:55:17.933+0000] {python.py:202} INFO - Done. Returned value was: ./iris.csv
[2026-01-16T07:55:17.957+0000] {taskinstance.py:1149} INFO - Marking task as SUCCESS. dag_id=ModelDevelop, task_id=get_data, execution_date=20260107T140000, start_date=20260116T075517, end_date=20260116T075517
[2026-01-16T07:55:18.010+0000] {local_task_job_runner.py:234} INFO - Task exited with return code 0
[2026-01-16T07:55:18.031+0000] {taskinstance.py:3312} INFO - 1 downstream tasks scheduled from follow-on schedule check
[2026-01-17T13:18:51.408+0000] {taskinstance.py:1979} INFO - Dependencies all met for dep_context=non-requeueable deps ti=<TaskInstance: ModelDevelop.get_data scheduled__2026-01-07T14:00:00+00:00 [queued]>
[2026-01-17T13:18:51.415+0000] {taskinstance.py:1979} INFO - Dependencies all met for dep_context=requeueable deps ti=<TaskInstance: ModelDevelop.get_data scheduled__2026-01-07T14:00:00+00:00 [queued]>
[2026-01-17T13:18:51.415+0000] {taskinstance.py:2193} INFO - Starting attempt 1 of 2
[2026-01-17T13:18:51.448+0000] {taskinstance.py:2217} INFO - Executing <Task(PythonOperator): get_data> on 2026-01-07 14:00:00+00:00
[2026-01-17T13:18:51.456+0000] {standard_task_runner.py:60} INFO - Started process 17697 to run task
[2026-01-17T13:18:51.461+0000] {standard_task_runner.py:87} INFO - Running: ['***', 'tasks', 'run', 'ModelDevelop', 'get_data', 'scheduled__2026-01-07T14:00:00+00:00', '--job-id', '264', '--raw', '--subdir', 'DAGS_FOLDER/example.py', '--cfg-path', '/tmp/tmpek6lvj2l']
[2026-01-17T13:18:51.462+0000] {standard_task_runner.py:88} INFO - Job 264: Subtask get_data
[2026-01-17T13:18:51.490+0000] {warnings.py:109} WARNING - /home/***/.local/lib/python3.9/site-packages/***/settings.py:194: DeprecationWarning: The sql_alchemy_conn option in [core] has been moved to the sql_alchemy_conn option in [database] - the old setting has been used, but please update your config.
  SQL_ALCHEMY_CONN = conf.get("database", "SQL_ALCHEMY_CONN")

[2026-01-17T13:18:51.522+0000] {task_command.py:423} INFO - Running <TaskInstance: ModelDevelop.get_data scheduled__2026-01-07T14:00:00+00:00 [running]> on host ed3184b6b543
[2026-01-17T13:18:51.579+0000] {taskinstance.py:2513} INFO - Exporting env vars: AIRFLOW_CTX_DAG_OWNER='***' AIRFLOW_CTX_DAG_ID='ModelDevelop' AIRFLOW_CTX_TASK_ID='get_data' AIRFLOW_CTX_EXECUTION_DATE='2026-01-07T14:00:00+00:00' AIRFLOW_CTX_TRY_NUMBER='1' AIRFLOW_CTX_DAG_RUN_ID='scheduled__2026-01-07T14:00:00+00:00'
[2026-01-17T13:18:51.591+0000] {python.py:202} INFO - Done. Returned value was: ./iris.csv
[2026-01-17T13:18:51.608+0000] {taskinstance.py:1149} INFO - Marking task as SUCCESS. dag_id=ModelDevelop, task_id=get_data, execution_date=20260107T140000, start_date=20260117T131851, end_date=20260117T131851
[2026-01-17T13:18:51.678+0000] {local_task_job_runner.py:234} INFO - Task exited with return code 0
[2026-01-17T13:18:51.697+0000] {taskinstance.py:3312} INFO - 1 downstream tasks scheduled from follow-on schedule check
[2026-01-17T13:40:24.538+0000] {taskinstance.py:1979} INFO - Dependencies all met for dep_context=non-requeueable deps ti=<TaskInstance: ModelDevelop.get_data scheduled__2026-01-07T14:00:00+00:00 [queued]>
[2026-01-17T13:40:24.543+0000] {taskinstance.py:1979} INFO - Dependencies all met for dep_context=requeueable deps ti=<TaskInstance: ModelDevelop.get_data scheduled__2026-01-07T14:00:00+00:00 [queued]>
[2026-01-17T13:40:24.543+0000] {taskinstance.py:2193} INFO - Starting attempt 1 of 2
[2026-01-17T13:40:24.614+0000] {taskinstance.py:2217} INFO - Executing <Task(PythonOperator): get_data> on 2026-01-07 14:00:00+00:00
[2026-01-17T13:40:24.622+0000] {standard_task_runner.py:60} INFO - Started process 18333 to run task
[2026-01-17T13:40:24.624+0000] {standard_task_runner.py:87} INFO - Running: ['***', 'tasks', 'run', 'ModelDevelop', 'get_data', 'scheduled__2026-01-07T14:00:00+00:00', '--job-id', '270', '--raw', '--subdir', 'DAGS_FOLDER/example.py', '--cfg-path', '/tmp/tmpvjb6fwqf']
[2026-01-17T13:40:24.625+0000] {standard_task_runner.py:88} INFO - Job 270: Subtask get_data
[2026-01-17T13:40:24.635+0000] {warnings.py:109} WARNING - /home/***/.local/lib/python3.9/site-packages/***/settings.py:194: DeprecationWarning: The sql_alchemy_conn option in [core] has been moved to the sql_alchemy_conn option in [database] - the old setting has been used, but please update your config.
  SQL_ALCHEMY_CONN = conf.get("database", "SQL_ALCHEMY_CONN")

[2026-01-17T13:40:24.663+0000] {task_command.py:423} INFO - Running <TaskInstance: ModelDevelop.get_data scheduled__2026-01-07T14:00:00+00:00 [running]> on host 5330652dc216
[2026-01-17T13:40:24.808+0000] {taskinstance.py:2513} INFO - Exporting env vars: AIRFLOW_CTX_DAG_OWNER='***' AIRFLOW_CTX_DAG_ID='ModelDevelop' AIRFLOW_CTX_TASK_ID='get_data' AIRFLOW_CTX_EXECUTION_DATE='2026-01-07T14:00:00+00:00' AIRFLOW_CTX_TRY_NUMBER='1' AIRFLOW_CTX_DAG_RUN_ID='scheduled__2026-01-07T14:00:00+00:00'
[2026-01-17T13:40:24.818+0000] {python.py:202} INFO - Done. Returned value was: ./iris.csv
[2026-01-17T13:40:24.882+0000] {taskinstance.py:1149} INFO - Marking task as SUCCESS. dag_id=ModelDevelop, task_id=get_data, execution_date=20260107T140000, start_date=20260117T134024, end_date=20260117T134024
[2026-01-17T13:40:24.997+0000] {local_task_job_runner.py:234} INFO - Task exited with return code 0
[2026-01-17T13:40:25.017+0000] {taskinstance.py:3312} INFO - 1 downstream tasks scheduled from follow-on schedule check
