[2026-01-16T07:56:38.218+0000] {taskinstance.py:1979} INFO - Dependencies all met for dep_context=non-requeueable deps ti=<TaskInstance: ModelDevelop.get_data scheduled__2026-01-13T03:00:00+00:00 [queued]>
[2026-01-16T07:56:38.225+0000] {taskinstance.py:1979} INFO - Dependencies all met for dep_context=requeueable deps ti=<TaskInstance: ModelDevelop.get_data scheduled__2026-01-13T03:00:00+00:00 [queued]>
[2026-01-16T07:56:38.225+0000] {taskinstance.py:2193} INFO - Starting attempt 1 of 2
[2026-01-16T07:56:38.300+0000] {taskinstance.py:2217} INFO - Executing <Task(PythonOperator): get_data> on 2026-01-13 03:00:00+00:00
[2026-01-16T07:56:38.310+0000] {standard_task_runner.py:60} INFO - Started process 35092 to run task
[2026-01-16T07:56:38.319+0000] {standard_task_runner.py:87} INFO - Running: ['***', 'tasks', 'run', 'ModelDevelop', 'get_data', 'scheduled__2026-01-13T03:00:00+00:00', '--job-id', '526', '--raw', '--subdir', 'DAGS_FOLDER/example.py', '--cfg-path', '/tmp/tmp1wqetoku']
[2026-01-16T07:56:38.320+0000] {standard_task_runner.py:88} INFO - Job 526: Subtask get_data
[2026-01-16T07:56:38.362+0000] {warnings.py:109} WARNING - /home/***/.local/lib/python3.9/site-packages/***/settings.py:194: DeprecationWarning: The sql_alchemy_conn option in [core] has been moved to the sql_alchemy_conn option in [database] - the old setting has been used, but please update your config.
  SQL_ALCHEMY_CONN = conf.get("database", "SQL_ALCHEMY_CONN")

[2026-01-16T07:56:38.415+0000] {task_command.py:423} INFO - Running <TaskInstance: ModelDevelop.get_data scheduled__2026-01-13T03:00:00+00:00 [running]> on host 8a4f043652f0
[2026-01-16T07:56:38.489+0000] {taskinstance.py:2513} INFO - Exporting env vars: AIRFLOW_CTX_DAG_OWNER='***' AIRFLOW_CTX_DAG_ID='ModelDevelop' AIRFLOW_CTX_TASK_ID='get_data' AIRFLOW_CTX_EXECUTION_DATE='2026-01-13T03:00:00+00:00' AIRFLOW_CTX_TRY_NUMBER='1' AIRFLOW_CTX_DAG_RUN_ID='scheduled__2026-01-13T03:00:00+00:00'
[2026-01-16T07:56:38.500+0000] {python.py:202} INFO - Done. Returned value was: ./iris.csv
[2026-01-16T07:56:38.551+0000] {taskinstance.py:1149} INFO - Marking task as SUCCESS. dag_id=ModelDevelop, task_id=get_data, execution_date=20260113T030000, start_date=20260116T075638, end_date=20260116T075638
[2026-01-16T07:56:38.610+0000] {local_task_job_runner.py:234} INFO - Task exited with return code 0
[2026-01-16T07:56:38.652+0000] {taskinstance.py:3312} INFO - 1 downstream tasks scheduled from follow-on schedule check
[2026-01-17T13:20:22.906+0000] {taskinstance.py:1979} INFO - Dependencies all met for dep_context=non-requeueable deps ti=<TaskInstance: ModelDevelop.get_data scheduled__2026-01-13T03:00:00+00:00 [queued]>
[2026-01-17T13:20:22.911+0000] {taskinstance.py:1979} INFO - Dependencies all met for dep_context=requeueable deps ti=<TaskInstance: ModelDevelop.get_data scheduled__2026-01-13T03:00:00+00:00 [queued]>
[2026-01-17T13:20:22.912+0000] {taskinstance.py:2193} INFO - Starting attempt 1 of 2
[2026-01-17T13:20:22.920+0000] {taskinstance.py:2217} INFO - Executing <Task(PythonOperator): get_data> on 2026-01-13 03:00:00+00:00
[2026-01-17T13:20:22.927+0000] {standard_task_runner.py:60} INFO - Started process 35091 to run task
[2026-01-17T13:20:22.930+0000] {standard_task_runner.py:87} INFO - Running: ['***', 'tasks', 'run', 'ModelDevelop', 'get_data', 'scheduled__2026-01-13T03:00:00+00:00', '--job-id', '526', '--raw', '--subdir', 'DAGS_FOLDER/example.py', '--cfg-path', '/tmp/tmpug2gqr8n']
[2026-01-17T13:20:22.931+0000] {standard_task_runner.py:88} INFO - Job 526: Subtask get_data
[2026-01-17T13:20:22.940+0000] {warnings.py:109} WARNING - /home/***/.local/lib/python3.9/site-packages/***/settings.py:194: DeprecationWarning: The sql_alchemy_conn option in [core] has been moved to the sql_alchemy_conn option in [database] - the old setting has been used, but please update your config.
  SQL_ALCHEMY_CONN = conf.get("database", "SQL_ALCHEMY_CONN")

[2026-01-17T13:20:22.971+0000] {task_command.py:423} INFO - Running <TaskInstance: ModelDevelop.get_data scheduled__2026-01-13T03:00:00+00:00 [running]> on host ed3184b6b543
[2026-01-17T13:20:23.084+0000] {taskinstance.py:2513} INFO - Exporting env vars: AIRFLOW_CTX_DAG_OWNER='***' AIRFLOW_CTX_DAG_ID='ModelDevelop' AIRFLOW_CTX_TASK_ID='get_data' AIRFLOW_CTX_EXECUTION_DATE='2026-01-13T03:00:00+00:00' AIRFLOW_CTX_TRY_NUMBER='1' AIRFLOW_CTX_DAG_RUN_ID='scheduled__2026-01-13T03:00:00+00:00'
[2026-01-17T13:20:23.094+0000] {python.py:202} INFO - Done. Returned value was: ./iris.csv
[2026-01-17T13:20:23.118+0000] {taskinstance.py:1149} INFO - Marking task as SUCCESS. dag_id=ModelDevelop, task_id=get_data, execution_date=20260113T030000, start_date=20260117T132022, end_date=20260117T132023
[2026-01-17T13:20:23.262+0000] {local_task_job_runner.py:234} INFO - Task exited with return code 0
[2026-01-17T13:20:23.307+0000] {taskinstance.py:3312} INFO - 1 downstream tasks scheduled from follow-on schedule check
[2026-01-17T13:41:55.593+0000] {taskinstance.py:1979} INFO - Dependencies all met for dep_context=non-requeueable deps ti=<TaskInstance: ModelDevelop.get_data scheduled__2026-01-13T03:00:00+00:00 [queued]>
[2026-01-17T13:41:55.600+0000] {taskinstance.py:1979} INFO - Dependencies all met for dep_context=requeueable deps ti=<TaskInstance: ModelDevelop.get_data scheduled__2026-01-13T03:00:00+00:00 [queued]>
[2026-01-17T13:41:55.601+0000] {taskinstance.py:2193} INFO - Starting attempt 1 of 2
[2026-01-17T13:41:55.612+0000] {taskinstance.py:2217} INFO - Executing <Task(PythonOperator): get_data> on 2026-01-13 03:00:00+00:00
[2026-01-17T13:41:55.619+0000] {standard_task_runner.py:60} INFO - Started process 35652 to run task
[2026-01-17T13:41:55.621+0000] {standard_task_runner.py:87} INFO - Running: ['***', 'tasks', 'run', 'ModelDevelop', 'get_data', 'scheduled__2026-01-13T03:00:00+00:00', '--job-id', '531', '--raw', '--subdir', 'DAGS_FOLDER/example.py', '--cfg-path', '/tmp/tmp4upbe88u']
[2026-01-17T13:41:55.622+0000] {standard_task_runner.py:88} INFO - Job 531: Subtask get_data
[2026-01-17T13:41:55.632+0000] {warnings.py:109} WARNING - /home/***/.local/lib/python3.9/site-packages/***/settings.py:194: DeprecationWarning: The sql_alchemy_conn option in [core] has been moved to the sql_alchemy_conn option in [database] - the old setting has been used, but please update your config.
  SQL_ALCHEMY_CONN = conf.get("database", "SQL_ALCHEMY_CONN")

[2026-01-17T13:41:55.659+0000] {task_command.py:423} INFO - Running <TaskInstance: ModelDevelop.get_data scheduled__2026-01-13T03:00:00+00:00 [running]> on host 5330652dc216
[2026-01-17T13:41:55.718+0000] {taskinstance.py:2513} INFO - Exporting env vars: AIRFLOW_CTX_DAG_OWNER='***' AIRFLOW_CTX_DAG_ID='ModelDevelop' AIRFLOW_CTX_TASK_ID='get_data' AIRFLOW_CTX_EXECUTION_DATE='2026-01-13T03:00:00+00:00' AIRFLOW_CTX_TRY_NUMBER='1' AIRFLOW_CTX_DAG_RUN_ID='scheduled__2026-01-13T03:00:00+00:00'
[2026-01-17T13:41:55.728+0000] {python.py:202} INFO - Done. Returned value was: ./iris.csv
[2026-01-17T13:41:55.790+0000] {taskinstance.py:1149} INFO - Marking task as SUCCESS. dag_id=ModelDevelop, task_id=get_data, execution_date=20260113T030000, start_date=20260117T134155, end_date=20260117T134155
[2026-01-17T13:41:55.836+0000] {local_task_job_runner.py:234} INFO - Task exited with return code 0
[2026-01-17T13:41:55.853+0000] {taskinstance.py:3312} INFO - 0 downstream tasks scheduled from follow-on schedule check
