[2026-01-16T07:57:10.295+0000] {taskinstance.py:1979} INFO - Dependencies all met for dep_context=non-requeueable deps ti=<TaskInstance: ModelDevelop.get_data scheduled__2026-01-15T02:00:00+00:00 [queued]>
[2026-01-16T07:57:10.301+0000] {taskinstance.py:1979} INFO - Dependencies all met for dep_context=requeueable deps ti=<TaskInstance: ModelDevelop.get_data scheduled__2026-01-15T02:00:00+00:00 [queued]>
[2026-01-16T07:57:10.301+0000] {taskinstance.py:2193} INFO - Starting attempt 1 of 2
[2026-01-16T07:57:10.320+0000] {taskinstance.py:2217} INFO - Executing <Task(PythonOperator): get_data> on 2026-01-15 02:00:00+00:00
[2026-01-16T07:57:10.366+0000] {standard_task_runner.py:87} INFO - Running: ['***', 'tasks', 'run', 'ModelDevelop', 'get_data', 'scheduled__2026-01-15T02:00:00+00:00', '--job-id', '620', '--raw', '--subdir', 'DAGS_FOLDER/example.py', '--cfg-path', '/tmp/tmp9hbgnavc']
[2026-01-16T07:57:10.367+0000] {standard_task_runner.py:88} INFO - Job 620: Subtask get_data
[2026-01-16T07:57:10.355+0000] {standard_task_runner.py:60} INFO - Started process 41516 to run task
[2026-01-16T07:57:10.393+0000] {warnings.py:109} WARNING - /home/***/.local/lib/python3.9/site-packages/***/settings.py:194: DeprecationWarning: The sql_alchemy_conn option in [core] has been moved to the sql_alchemy_conn option in [database] - the old setting has been used, but please update your config.
  SQL_ALCHEMY_CONN = conf.get("database", "SQL_ALCHEMY_CONN")

[2026-01-16T07:57:10.448+0000] {task_command.py:423} INFO - Running <TaskInstance: ModelDevelop.get_data scheduled__2026-01-15T02:00:00+00:00 [running]> on host 8a4f043652f0
[2026-01-16T07:57:10.517+0000] {taskinstance.py:2513} INFO - Exporting env vars: AIRFLOW_CTX_DAG_OWNER='***' AIRFLOW_CTX_DAG_ID='ModelDevelop' AIRFLOW_CTX_TASK_ID='get_data' AIRFLOW_CTX_EXECUTION_DATE='2026-01-15T02:00:00+00:00' AIRFLOW_CTX_TRY_NUMBER='1' AIRFLOW_CTX_DAG_RUN_ID='scheduled__2026-01-15T02:00:00+00:00'
[2026-01-16T07:57:10.529+0000] {python.py:202} INFO - Done. Returned value was: ./iris.csv
[2026-01-16T07:57:10.547+0000] {taskinstance.py:1149} INFO - Marking task as SUCCESS. dag_id=ModelDevelop, task_id=get_data, execution_date=20260115T020000, start_date=20260116T075710, end_date=20260116T075710
[2026-01-16T07:57:10.599+0000] {local_task_job_runner.py:234} INFO - Task exited with return code 0
[2026-01-16T07:57:10.619+0000] {taskinstance.py:3312} INFO - 1 downstream tasks scheduled from follow-on schedule check
[2026-01-17T13:20:50.777+0000] {taskinstance.py:1979} INFO - Dependencies all met for dep_context=non-requeueable deps ti=<TaskInstance: ModelDevelop.get_data scheduled__2026-01-15T02:00:00+00:00 [queued]>
[2026-01-17T13:20:50.793+0000] {taskinstance.py:1979} INFO - Dependencies all met for dep_context=requeueable deps ti=<TaskInstance: ModelDevelop.get_data scheduled__2026-01-15T02:00:00+00:00 [queued]>
[2026-01-17T13:20:50.794+0000] {taskinstance.py:2193} INFO - Starting attempt 1 of 2
[2026-01-17T13:20:50.812+0000] {taskinstance.py:2217} INFO - Executing <Task(PythonOperator): get_data> on 2026-01-15 02:00:00+00:00
[2026-01-17T13:20:50.821+0000] {standard_task_runner.py:60} INFO - Started process 41490 to run task
[2026-01-17T13:20:50.830+0000] {standard_task_runner.py:87} INFO - Running: ['***', 'tasks', 'run', 'ModelDevelop', 'get_data', 'scheduled__2026-01-15T02:00:00+00:00', '--job-id', '621', '--raw', '--subdir', 'DAGS_FOLDER/example.py', '--cfg-path', '/tmp/tmpdv4clf3n']
[2026-01-17T13:20:50.831+0000] {standard_task_runner.py:88} INFO - Job 621: Subtask get_data
[2026-01-17T13:20:50.843+0000] {warnings.py:109} WARNING - /home/***/.local/lib/python3.9/site-packages/***/settings.py:194: DeprecationWarning: The sql_alchemy_conn option in [core] has been moved to the sql_alchemy_conn option in [database] - the old setting has been used, but please update your config.
  SQL_ALCHEMY_CONN = conf.get("database", "SQL_ALCHEMY_CONN")

[2026-01-17T13:20:50.923+0000] {task_command.py:423} INFO - Running <TaskInstance: ModelDevelop.get_data scheduled__2026-01-15T02:00:00+00:00 [running]> on host ed3184b6b543
[2026-01-17T13:20:50.986+0000] {taskinstance.py:2513} INFO - Exporting env vars: AIRFLOW_CTX_DAG_OWNER='***' AIRFLOW_CTX_DAG_ID='ModelDevelop' AIRFLOW_CTX_TASK_ID='get_data' AIRFLOW_CTX_EXECUTION_DATE='2026-01-15T02:00:00+00:00' AIRFLOW_CTX_TRY_NUMBER='1' AIRFLOW_CTX_DAG_RUN_ID='scheduled__2026-01-15T02:00:00+00:00'
[2026-01-17T13:20:50.995+0000] {python.py:202} INFO - Done. Returned value was: ./iris.csv
[2026-01-17T13:20:51.045+0000] {taskinstance.py:1149} INFO - Marking task as SUCCESS. dag_id=ModelDevelop, task_id=get_data, execution_date=20260115T020000, start_date=20260117T132050, end_date=20260117T132051
[2026-01-17T13:20:51.128+0000] {local_task_job_runner.py:234} INFO - Task exited with return code 0
[2026-01-17T13:20:51.156+0000] {taskinstance.py:3312} INFO - 1 downstream tasks scheduled from follow-on schedule check
[2026-01-17T13:42:27.005+0000] {taskinstance.py:1979} INFO - Dependencies all met for dep_context=non-requeueable deps ti=<TaskInstance: ModelDevelop.get_data scheduled__2026-01-15T02:00:00+00:00 [queued]>
[2026-01-17T13:42:27.012+0000] {taskinstance.py:1979} INFO - Dependencies all met for dep_context=requeueable deps ti=<TaskInstance: ModelDevelop.get_data scheduled__2026-01-15T02:00:00+00:00 [queued]>
[2026-01-17T13:42:27.012+0000] {taskinstance.py:2193} INFO - Starting attempt 1 of 2
[2026-01-17T13:42:27.023+0000] {taskinstance.py:2217} INFO - Executing <Task(PythonOperator): get_data> on 2026-01-15 02:00:00+00:00
[2026-01-17T13:42:27.033+0000] {standard_task_runner.py:60} INFO - Started process 42019 to run task
[2026-01-17T13:42:27.035+0000] {standard_task_runner.py:87} INFO - Running: ['***', 'tasks', 'run', 'ModelDevelop', 'get_data', 'scheduled__2026-01-15T02:00:00+00:00', '--job-id', '627', '--raw', '--subdir', 'DAGS_FOLDER/example.py', '--cfg-path', '/tmp/tmpuvhutj01']
[2026-01-17T13:42:27.036+0000] {standard_task_runner.py:88} INFO - Job 627: Subtask get_data
[2026-01-17T13:42:27.047+0000] {warnings.py:109} WARNING - /home/***/.local/lib/python3.9/site-packages/***/settings.py:194: DeprecationWarning: The sql_alchemy_conn option in [core] has been moved to the sql_alchemy_conn option in [database] - the old setting has been used, but please update your config.
  SQL_ALCHEMY_CONN = conf.get("database", "SQL_ALCHEMY_CONN")

[2026-01-17T13:42:27.078+0000] {task_command.py:423} INFO - Running <TaskInstance: ModelDevelop.get_data scheduled__2026-01-15T02:00:00+00:00 [running]> on host 5330652dc216
[2026-01-17T13:42:27.182+0000] {taskinstance.py:2513} INFO - Exporting env vars: AIRFLOW_CTX_DAG_OWNER='***' AIRFLOW_CTX_DAG_ID='ModelDevelop' AIRFLOW_CTX_TASK_ID='get_data' AIRFLOW_CTX_EXECUTION_DATE='2026-01-15T02:00:00+00:00' AIRFLOW_CTX_TRY_NUMBER='1' AIRFLOW_CTX_DAG_RUN_ID='scheduled__2026-01-15T02:00:00+00:00'
[2026-01-17T13:42:27.191+0000] {python.py:202} INFO - Done. Returned value was: ./iris.csv
[2026-01-17T13:42:27.207+0000] {taskinstance.py:1149} INFO - Marking task as SUCCESS. dag_id=ModelDevelop, task_id=get_data, execution_date=20260115T020000, start_date=20260117T134227, end_date=20260117T134227
[2026-01-17T13:42:27.251+0000] {local_task_job_runner.py:234} INFO - Task exited with return code 0
[2026-01-17T13:42:27.278+0000] {taskinstance.py:3312} INFO - 1 downstream tasks scheduled from follow-on schedule check
