[2026-01-16T18:00:01.365+0000] {taskinstance.py:1979} INFO - Dependencies all met for dep_context=non-requeueable deps ti=<TaskInstance: ModelDevelop.get_data scheduled__2026-01-16T17:00:00+00:00 [queued]>
[2026-01-16T18:00:01.369+0000] {taskinstance.py:1979} INFO - Dependencies all met for dep_context=requeueable deps ti=<TaskInstance: ModelDevelop.get_data scheduled__2026-01-16T17:00:00+00:00 [queued]>
[2026-01-16T18:00:01.369+0000] {taskinstance.py:2193} INFO - Starting attempt 1 of 2
[2026-01-16T18:00:01.375+0000] {taskinstance.py:2217} INFO - Executing <Task(PythonOperator): get_data> on 2026-01-16 17:00:00+00:00
[2026-01-16T18:00:01.381+0000] {standard_task_runner.py:60} INFO - Started process 47408 to run task
[2026-01-16T18:00:01.383+0000] {standard_task_runner.py:87} INFO - Running: ['***', 'tasks', 'run', 'ModelDevelop', 'get_data', 'scheduled__2026-01-16T17:00:00+00:00', '--job-id', '708', '--raw', '--subdir', 'DAGS_FOLDER/example.py', '--cfg-path', '/tmp/tmp2qoz571l']
[2026-01-16T18:00:01.384+0000] {standard_task_runner.py:88} INFO - Job 708: Subtask get_data
[2026-01-16T18:00:01.394+0000] {warnings.py:109} WARNING - /home/***/.local/lib/python3.9/site-packages/***/settings.py:194: DeprecationWarning: The sql_alchemy_conn option in [core] has been moved to the sql_alchemy_conn option in [database] - the old setting has been used, but please update your config.
  SQL_ALCHEMY_CONN = conf.get("database", "SQL_ALCHEMY_CONN")

[2026-01-16T18:00:01.416+0000] {task_command.py:423} INFO - Running <TaskInstance: ModelDevelop.get_data scheduled__2026-01-16T17:00:00+00:00 [running]> on host 8a4f043652f0
[2026-01-16T18:00:01.460+0000] {taskinstance.py:2513} INFO - Exporting env vars: AIRFLOW_CTX_DAG_OWNER='***' AIRFLOW_CTX_DAG_ID='ModelDevelop' AIRFLOW_CTX_TASK_ID='get_data' AIRFLOW_CTX_EXECUTION_DATE='2026-01-16T17:00:00+00:00' AIRFLOW_CTX_TRY_NUMBER='1' AIRFLOW_CTX_DAG_RUN_ID='scheduled__2026-01-16T17:00:00+00:00'
[2026-01-16T18:00:01.468+0000] {python.py:202} INFO - Done. Returned value was: ./iris.csv
[2026-01-16T18:00:01.480+0000] {taskinstance.py:1149} INFO - Marking task as SUCCESS. dag_id=ModelDevelop, task_id=get_data, execution_date=20260116T170000, start_date=20260116T180001, end_date=20260116T180001
[2026-01-16T18:00:01.515+0000] {local_task_job_runner.py:234} INFO - Task exited with return code 0
[2026-01-16T18:00:01.527+0000] {taskinstance.py:3312} INFO - 0 downstream tasks scheduled from follow-on schedule check
[2026-01-17T13:21:18.276+0000] {taskinstance.py:1979} INFO - Dependencies all met for dep_context=non-requeueable deps ti=<TaskInstance: ModelDevelop.get_data scheduled__2026-01-16T17:00:00+00:00 [queued]>
[2026-01-17T13:21:18.281+0000] {taskinstance.py:1979} INFO - Dependencies all met for dep_context=requeueable deps ti=<TaskInstance: ModelDevelop.get_data scheduled__2026-01-16T17:00:00+00:00 [queued]>
[2026-01-17T13:21:18.281+0000] {taskinstance.py:2193} INFO - Starting attempt 1 of 2
[2026-01-17T13:21:18.287+0000] {taskinstance.py:2217} INFO - Executing <Task(PythonOperator): get_data> on 2026-01-16 17:00:00+00:00
[2026-01-17T13:21:18.293+0000] {standard_task_runner.py:60} INFO - Started process 47408 to run task
[2026-01-17T13:21:18.296+0000] {standard_task_runner.py:87} INFO - Running: ['***', 'tasks', 'run', 'ModelDevelop', 'get_data', 'scheduled__2026-01-16T17:00:00+00:00', '--job-id', '708', '--raw', '--subdir', 'DAGS_FOLDER/example.py', '--cfg-path', '/tmp/tmpgyhnxc21']
[2026-01-17T13:21:18.296+0000] {standard_task_runner.py:88} INFO - Job 708: Subtask get_data
[2026-01-17T13:21:18.305+0000] {warnings.py:109} WARNING - /home/***/.local/lib/python3.9/site-packages/***/settings.py:194: DeprecationWarning: The sql_alchemy_conn option in [core] has been moved to the sql_alchemy_conn option in [database] - the old setting has been used, but please update your config.
  SQL_ALCHEMY_CONN = conf.get("database", "SQL_ALCHEMY_CONN")

[2026-01-17T13:21:18.327+0000] {task_command.py:423} INFO - Running <TaskInstance: ModelDevelop.get_data scheduled__2026-01-16T17:00:00+00:00 [running]> on host ed3184b6b543
[2026-01-17T13:21:18.371+0000] {taskinstance.py:2513} INFO - Exporting env vars: AIRFLOW_CTX_DAG_OWNER='***' AIRFLOW_CTX_DAG_ID='ModelDevelop' AIRFLOW_CTX_TASK_ID='get_data' AIRFLOW_CTX_EXECUTION_DATE='2026-01-16T17:00:00+00:00' AIRFLOW_CTX_TRY_NUMBER='1' AIRFLOW_CTX_DAG_RUN_ID='scheduled__2026-01-16T17:00:00+00:00'
[2026-01-17T13:21:18.379+0000] {python.py:202} INFO - Done. Returned value was: ./iris.csv
[2026-01-17T13:21:18.391+0000] {taskinstance.py:1149} INFO - Marking task as SUCCESS. dag_id=ModelDevelop, task_id=get_data, execution_date=20260116T170000, start_date=20260117T132118, end_date=20260117T132118
[2026-01-17T13:21:18.427+0000] {local_task_job_runner.py:234} INFO - Task exited with return code 0
[2026-01-17T13:21:18.453+0000] {taskinstance.py:3312} INFO - 0 downstream tasks scheduled from follow-on schedule check
[2026-01-17T13:42:46.885+0000] {taskinstance.py:1979} INFO - Dependencies all met for dep_context=non-requeueable deps ti=<TaskInstance: ModelDevelop.get_data scheduled__2026-01-16T17:00:00+00:00 [queued]>
[2026-01-17T13:42:46.891+0000] {taskinstance.py:1979} INFO - Dependencies all met for dep_context=requeueable deps ti=<TaskInstance: ModelDevelop.get_data scheduled__2026-01-16T17:00:00+00:00 [queued]>
[2026-01-17T13:42:46.891+0000] {taskinstance.py:2193} INFO - Starting attempt 1 of 2
[2026-01-17T13:42:46.900+0000] {taskinstance.py:2217} INFO - Executing <Task(PythonOperator): get_data> on 2026-01-16 17:00:00+00:00
[2026-01-17T13:42:46.921+0000] {standard_task_runner.py:60} INFO - Started process 46547 to run task
[2026-01-17T13:42:46.926+0000] {standard_task_runner.py:87} INFO - Running: ['***', 'tasks', 'run', 'ModelDevelop', 'get_data', 'scheduled__2026-01-16T17:00:00+00:00', '--job-id', '697', '--raw', '--subdir', 'DAGS_FOLDER/example.py', '--cfg-path', '/tmp/tmpf0welb02']
[2026-01-17T13:42:46.927+0000] {standard_task_runner.py:88} INFO - Job 697: Subtask get_data
[2026-01-17T13:42:46.936+0000] {warnings.py:109} WARNING - /home/***/.local/lib/python3.9/site-packages/***/settings.py:194: DeprecationWarning: The sql_alchemy_conn option in [core] has been moved to the sql_alchemy_conn option in [database] - the old setting has been used, but please update your config.
  SQL_ALCHEMY_CONN = conf.get("database", "SQL_ALCHEMY_CONN")

[2026-01-17T13:42:47.006+0000] {task_command.py:423} INFO - Running <TaskInstance: ModelDevelop.get_data scheduled__2026-01-16T17:00:00+00:00 [running]> on host 5330652dc216
[2026-01-17T13:42:47.106+0000] {taskinstance.py:2513} INFO - Exporting env vars: AIRFLOW_CTX_DAG_OWNER='***' AIRFLOW_CTX_DAG_ID='ModelDevelop' AIRFLOW_CTX_TASK_ID='get_data' AIRFLOW_CTX_EXECUTION_DATE='2026-01-16T17:00:00+00:00' AIRFLOW_CTX_TRY_NUMBER='1' AIRFLOW_CTX_DAG_RUN_ID='scheduled__2026-01-16T17:00:00+00:00'
[2026-01-17T13:42:47.116+0000] {python.py:202} INFO - Done. Returned value was: ./iris.csv
[2026-01-17T13:42:47.160+0000] {taskinstance.py:1149} INFO - Marking task as SUCCESS. dag_id=ModelDevelop, task_id=get_data, execution_date=20260116T170000, start_date=20260117T134246, end_date=20260117T134247
[2026-01-17T13:42:47.216+0000] {local_task_job_runner.py:234} INFO - Task exited with return code 0
[2026-01-17T13:42:47.235+0000] {taskinstance.py:3312} INFO - 1 downstream tasks scheduled from follow-on schedule check
