[2026-01-16T07:54:00.728+0000] {taskinstance.py:1979} INFO - Dependencies all met for dep_context=non-requeueable deps ti=<TaskInstance: ModelDevelop.get_data scheduled__2026-01-03T01:00:00+00:00 [queued]>
[2026-01-16T07:54:00.735+0000] {taskinstance.py:1979} INFO - Dependencies all met for dep_context=requeueable deps ti=<TaskInstance: ModelDevelop.get_data scheduled__2026-01-03T01:00:00+00:00 [queued]>
[2026-01-16T07:54:00.735+0000] {taskinstance.py:2193} INFO - Starting attempt 1 of 2
[2026-01-16T07:54:00.746+0000] {taskinstance.py:2217} INFO - Executing <Task(PythonOperator): get_data> on 2026-01-03 01:00:00+00:00
[2026-01-16T07:54:00.754+0000] {standard_task_runner.py:60} INFO - Started process 2797 to run task
[2026-01-16T07:54:00.756+0000] {standard_task_runner.py:87} INFO - Running: ['***', 'tasks', 'run', 'ModelDevelop', 'get_data', 'scheduled__2026-01-03T01:00:00+00:00', '--job-id', '43', '--raw', '--subdir', 'DAGS_FOLDER/example.py', '--cfg-path', '/tmp/tmp6phn7j5w']
[2026-01-16T07:54:00.757+0000] {standard_task_runner.py:88} INFO - Job 43: Subtask get_data
[2026-01-16T07:54:00.766+0000] {warnings.py:109} WARNING - /home/***/.local/lib/python3.9/site-packages/***/settings.py:194: DeprecationWarning: The sql_alchemy_conn option in [core] has been moved to the sql_alchemy_conn option in [database] - the old setting has been used, but please update your config.
  SQL_ALCHEMY_CONN = conf.get("database", "SQL_ALCHEMY_CONN")

[2026-01-16T07:54:00.798+0000] {task_command.py:423} INFO - Running <TaskInstance: ModelDevelop.get_data scheduled__2026-01-03T01:00:00+00:00 [running]> on host 8a4f043652f0
[2026-01-16T07:54:00.906+0000] {taskinstance.py:2513} INFO - Exporting env vars: AIRFLOW_CTX_DAG_OWNER='***' AIRFLOW_CTX_DAG_ID='ModelDevelop' AIRFLOW_CTX_TASK_ID='get_data' AIRFLOW_CTX_EXECUTION_DATE='2026-01-03T01:00:00+00:00' AIRFLOW_CTX_TRY_NUMBER='1' AIRFLOW_CTX_DAG_RUN_ID='scheduled__2026-01-03T01:00:00+00:00'
[2026-01-16T07:54:00.919+0000] {python.py:202} INFO - Done. Returned value was: ./iris.csv
[2026-01-16T07:54:00.937+0000] {taskinstance.py:1149} INFO - Marking task as SUCCESS. dag_id=ModelDevelop, task_id=get_data, execution_date=20260103T010000, start_date=20260116T075400, end_date=20260116T075400
[2026-01-16T07:54:00.969+0000] {local_task_job_runner.py:234} INFO - Task exited with return code 0
[2026-01-16T07:54:01.012+0000] {taskinstance.py:3312} INFO - 0 downstream tasks scheduled from follow-on schedule check
[2026-01-17T13:17:40.536+0000] {taskinstance.py:1979} INFO - Dependencies all met for dep_context=non-requeueable deps ti=<TaskInstance: ModelDevelop.get_data scheduled__2026-01-03T01:00:00+00:00 [queued]>
[2026-01-17T13:17:40.545+0000] {taskinstance.py:1979} INFO - Dependencies all met for dep_context=requeueable deps ti=<TaskInstance: ModelDevelop.get_data scheduled__2026-01-03T01:00:00+00:00 [queued]>
[2026-01-17T13:17:40.545+0000] {taskinstance.py:2193} INFO - Starting attempt 1 of 2
[2026-01-17T13:17:40.556+0000] {taskinstance.py:2217} INFO - Executing <Task(PythonOperator): get_data> on 2026-01-03 01:00:00+00:00
[2026-01-17T13:17:40.567+0000] {standard_task_runner.py:60} INFO - Started process 2794 to run task
[2026-01-17T13:17:40.578+0000] {standard_task_runner.py:87} INFO - Running: ['***', 'tasks', 'run', 'ModelDevelop', 'get_data', 'scheduled__2026-01-03T01:00:00+00:00', '--job-id', '43', '--raw', '--subdir', 'DAGS_FOLDER/example.py', '--cfg-path', '/tmp/tmpvqc8vt7o']
[2026-01-17T13:17:40.580+0000] {standard_task_runner.py:88} INFO - Job 43: Subtask get_data
[2026-01-17T13:17:40.591+0000] {warnings.py:109} WARNING - /home/***/.local/lib/python3.9/site-packages/***/settings.py:194: DeprecationWarning: The sql_alchemy_conn option in [core] has been moved to the sql_alchemy_conn option in [database] - the old setting has been used, but please update your config.
  SQL_ALCHEMY_CONN = conf.get("database", "SQL_ALCHEMY_CONN")

[2026-01-17T13:17:40.620+0000] {task_command.py:423} INFO - Running <TaskInstance: ModelDevelop.get_data scheduled__2026-01-03T01:00:00+00:00 [running]> on host ed3184b6b543
[2026-01-17T13:17:40.741+0000] {taskinstance.py:2513} INFO - Exporting env vars: AIRFLOW_CTX_DAG_OWNER='***' AIRFLOW_CTX_DAG_ID='ModelDevelop' AIRFLOW_CTX_TASK_ID='get_data' AIRFLOW_CTX_EXECUTION_DATE='2026-01-03T01:00:00+00:00' AIRFLOW_CTX_TRY_NUMBER='1' AIRFLOW_CTX_DAG_RUN_ID='scheduled__2026-01-03T01:00:00+00:00'
[2026-01-17T13:17:40.750+0000] {python.py:202} INFO - Done. Returned value was: ./iris.csv
[2026-01-17T13:17:40.808+0000] {taskinstance.py:1149} INFO - Marking task as SUCCESS. dag_id=ModelDevelop, task_id=get_data, execution_date=20260103T010000, start_date=20260117T131740, end_date=20260117T131740
[2026-01-17T13:17:40.869+0000] {local_task_job_runner.py:234} INFO - Task exited with return code 0
[2026-01-17T13:17:40.885+0000] {taskinstance.py:3312} INFO - 1 downstream tasks scheduled from follow-on schedule check
[2026-01-17T13:38:59.285+0000] {taskinstance.py:1979} INFO - Dependencies all met for dep_context=non-requeueable deps ti=<TaskInstance: ModelDevelop.get_data scheduled__2026-01-03T01:00:00+00:00 [queued]>
[2026-01-17T13:38:59.292+0000] {taskinstance.py:1979} INFO - Dependencies all met for dep_context=requeueable deps ti=<TaskInstance: ModelDevelop.get_data scheduled__2026-01-03T01:00:00+00:00 [queued]>
[2026-01-17T13:38:59.292+0000] {taskinstance.py:2193} INFO - Starting attempt 1 of 2
[2026-01-17T13:38:59.302+0000] {taskinstance.py:2217} INFO - Executing <Task(PythonOperator): get_data> on 2026-01-03 01:00:00+00:00
[2026-01-17T13:38:59.311+0000] {standard_task_runner.py:60} INFO - Started process 2734 to run task
[2026-01-17T13:38:59.313+0000] {standard_task_runner.py:87} INFO - Running: ['***', 'tasks', 'run', 'ModelDevelop', 'get_data', 'scheduled__2026-01-03T01:00:00+00:00', '--job-id', '43', '--raw', '--subdir', 'DAGS_FOLDER/example.py', '--cfg-path', '/tmp/tmpktov73yr']
[2026-01-17T13:38:59.314+0000] {standard_task_runner.py:88} INFO - Job 43: Subtask get_data
[2026-01-17T13:38:59.322+0000] {warnings.py:109} WARNING - /home/***/.local/lib/python3.9/site-packages/***/settings.py:194: DeprecationWarning: The sql_alchemy_conn option in [core] has been moved to the sql_alchemy_conn option in [database] - the old setting has been used, but please update your config.
  SQL_ALCHEMY_CONN = conf.get("database", "SQL_ALCHEMY_CONN")

[2026-01-17T13:38:59.354+0000] {task_command.py:423} INFO - Running <TaskInstance: ModelDevelop.get_data scheduled__2026-01-03T01:00:00+00:00 [running]> on host 5330652dc216
[2026-01-17T13:38:59.456+0000] {taskinstance.py:2513} INFO - Exporting env vars: AIRFLOW_CTX_DAG_OWNER='***' AIRFLOW_CTX_DAG_ID='ModelDevelop' AIRFLOW_CTX_TASK_ID='get_data' AIRFLOW_CTX_EXECUTION_DATE='2026-01-03T01:00:00+00:00' AIRFLOW_CTX_TRY_NUMBER='1' AIRFLOW_CTX_DAG_RUN_ID='scheduled__2026-01-03T01:00:00+00:00'
[2026-01-17T13:38:59.467+0000] {python.py:202} INFO - Done. Returned value was: ./iris.csv
[2026-01-17T13:38:59.508+0000] {taskinstance.py:1149} INFO - Marking task as SUCCESS. dag_id=ModelDevelop, task_id=get_data, execution_date=20260103T010000, start_date=20260117T133859, end_date=20260117T133859
[2026-01-17T13:38:59.566+0000] {local_task_job_runner.py:234} INFO - Task exited with return code 0
[2026-01-17T13:38:59.595+0000] {taskinstance.py:3312} INFO - 1 downstream tasks scheduled from follow-on schedule check
