[2026-01-16T07:55:08.852+0000] {taskinstance.py:1979} INFO - Dependencies all met for dep_context=non-requeueable deps ti=<TaskInstance: ModelDevelop.get_data scheduled__2026-01-07T04:00:00+00:00 [queued]>
[2026-01-16T07:55:08.859+0000] {taskinstance.py:1979} INFO - Dependencies all met for dep_context=requeueable deps ti=<TaskInstance: ModelDevelop.get_data scheduled__2026-01-07T04:00:00+00:00 [queued]>
[2026-01-16T07:55:08.859+0000] {taskinstance.py:2193} INFO - Starting attempt 1 of 2
[2026-01-16T07:55:08.870+0000] {taskinstance.py:2217} INFO - Executing <Task(PythonOperator): get_data> on 2026-01-07 04:00:00+00:00
[2026-01-16T07:55:08.880+0000] {standard_task_runner.py:60} INFO - Started process 15794 to run task
[2026-01-16T07:55:08.882+0000] {standard_task_runner.py:87} INFO - Running: ['***', 'tasks', 'run', 'ModelDevelop', 'get_data', 'scheduled__2026-01-07T04:00:00+00:00', '--job-id', '238', '--raw', '--subdir', 'DAGS_FOLDER/example.py', '--cfg-path', '/tmp/tmp3si19zdk']
[2026-01-16T07:55:08.883+0000] {standard_task_runner.py:88} INFO - Job 238: Subtask get_data
[2026-01-16T07:55:08.900+0000] {warnings.py:109} WARNING - /home/***/.local/lib/python3.9/site-packages/***/settings.py:194: DeprecationWarning: The sql_alchemy_conn option in [core] has been moved to the sql_alchemy_conn option in [database] - the old setting has been used, but please update your config.
  SQL_ALCHEMY_CONN = conf.get("database", "SQL_ALCHEMY_CONN")

[2026-01-16T07:55:08.956+0000] {task_command.py:423} INFO - Running <TaskInstance: ModelDevelop.get_data scheduled__2026-01-07T04:00:00+00:00 [running]> on host 8a4f043652f0
[2026-01-16T07:55:09.069+0000] {taskinstance.py:2513} INFO - Exporting env vars: AIRFLOW_CTX_DAG_OWNER='***' AIRFLOW_CTX_DAG_ID='ModelDevelop' AIRFLOW_CTX_TASK_ID='get_data' AIRFLOW_CTX_EXECUTION_DATE='2026-01-07T04:00:00+00:00' AIRFLOW_CTX_TRY_NUMBER='1' AIRFLOW_CTX_DAG_RUN_ID='scheduled__2026-01-07T04:00:00+00:00'
[2026-01-16T07:55:09.079+0000] {python.py:202} INFO - Done. Returned value was: ./iris.csv
[2026-01-16T07:55:09.099+0000] {taskinstance.py:1149} INFO - Marking task as SUCCESS. dag_id=ModelDevelop, task_id=get_data, execution_date=20260107T040000, start_date=20260116T075508, end_date=20260116T075509
[2026-01-16T07:55:09.150+0000] {local_task_job_runner.py:234} INFO - Task exited with return code 0
[2026-01-16T07:55:09.172+0000] {taskinstance.py:3312} INFO - 1 downstream tasks scheduled from follow-on schedule check
[2026-01-17T13:18:41.165+0000] {taskinstance.py:1979} INFO - Dependencies all met for dep_context=non-requeueable deps ti=<TaskInstance: ModelDevelop.get_data scheduled__2026-01-07T04:00:00+00:00 [queued]>
[2026-01-17T13:18:41.169+0000] {taskinstance.py:1979} INFO - Dependencies all met for dep_context=requeueable deps ti=<TaskInstance: ModelDevelop.get_data scheduled__2026-01-07T04:00:00+00:00 [queued]>
[2026-01-17T13:18:41.169+0000] {taskinstance.py:2193} INFO - Starting attempt 1 of 2
[2026-01-17T13:18:41.176+0000] {taskinstance.py:2217} INFO - Executing <Task(PythonOperator): get_data> on 2026-01-07 04:00:00+00:00
[2026-01-17T13:18:41.181+0000] {standard_task_runner.py:60} INFO - Started process 15522 to run task
[2026-01-17T13:18:41.183+0000] {standard_task_runner.py:87} INFO - Running: ['***', 'tasks', 'run', 'ModelDevelop', 'get_data', 'scheduled__2026-01-07T04:00:00+00:00', '--job-id', '238', '--raw', '--subdir', 'DAGS_FOLDER/example.py', '--cfg-path', '/tmp/tmpgk1wghe1']
[2026-01-17T13:18:41.184+0000] {standard_task_runner.py:88} INFO - Job 238: Subtask get_data
[2026-01-17T13:18:41.191+0000] {warnings.py:109} WARNING - /home/***/.local/lib/python3.9/site-packages/***/settings.py:194: DeprecationWarning: The sql_alchemy_conn option in [core] has been moved to the sql_alchemy_conn option in [database] - the old setting has been used, but please update your config.
  SQL_ALCHEMY_CONN = conf.get("database", "SQL_ALCHEMY_CONN")

[2026-01-17T13:18:41.214+0000] {task_command.py:423} INFO - Running <TaskInstance: ModelDevelop.get_data scheduled__2026-01-07T04:00:00+00:00 [running]> on host ed3184b6b543
[2026-01-17T13:18:41.259+0000] {taskinstance.py:2513} INFO - Exporting env vars: AIRFLOW_CTX_DAG_OWNER='***' AIRFLOW_CTX_DAG_ID='ModelDevelop' AIRFLOW_CTX_TASK_ID='get_data' AIRFLOW_CTX_EXECUTION_DATE='2026-01-07T04:00:00+00:00' AIRFLOW_CTX_TRY_NUMBER='1' AIRFLOW_CTX_DAG_RUN_ID='scheduled__2026-01-07T04:00:00+00:00'
[2026-01-17T13:18:41.267+0000] {python.py:202} INFO - Done. Returned value was: ./iris.csv
[2026-01-17T13:18:41.278+0000] {taskinstance.py:1149} INFO - Marking task as SUCCESS. dag_id=ModelDevelop, task_id=get_data, execution_date=20260107T040000, start_date=20260117T131841, end_date=20260117T131841
[2026-01-17T13:18:41.315+0000] {local_task_job_runner.py:234} INFO - Task exited with return code 0
[2026-01-17T13:18:41.330+0000] {taskinstance.py:3312} INFO - 1 downstream tasks scheduled from follow-on schedule check
[2026-01-17T13:40:11.963+0000] {taskinstance.py:1979} INFO - Dependencies all met for dep_context=non-requeueable deps ti=<TaskInstance: ModelDevelop.get_data scheduled__2026-01-07T04:00:00+00:00 [queued]>
[2026-01-17T13:40:11.969+0000] {taskinstance.py:1979} INFO - Dependencies all met for dep_context=requeueable deps ti=<TaskInstance: ModelDevelop.get_data scheduled__2026-01-07T04:00:00+00:00 [queued]>
[2026-01-17T13:40:11.970+0000] {taskinstance.py:2193} INFO - Starting attempt 1 of 2
[2026-01-17T13:40:11.980+0000] {taskinstance.py:2217} INFO - Executing <Task(PythonOperator): get_data> on 2026-01-07 04:00:00+00:00
[2026-01-17T13:40:11.989+0000] {standard_task_runner.py:60} INFO - Started process 16361 to run task
[2026-01-17T13:40:11.992+0000] {standard_task_runner.py:87} INFO - Running: ['***', 'tasks', 'run', 'ModelDevelop', 'get_data', 'scheduled__2026-01-07T04:00:00+00:00', '--job-id', '244', '--raw', '--subdir', 'DAGS_FOLDER/example.py', '--cfg-path', '/tmp/tmpwc5sc8cs']
[2026-01-17T13:40:11.992+0000] {standard_task_runner.py:88} INFO - Job 244: Subtask get_data
[2026-01-17T13:40:12.016+0000] {warnings.py:109} WARNING - /home/***/.local/lib/python3.9/site-packages/***/settings.py:194: DeprecationWarning: The sql_alchemy_conn option in [core] has been moved to the sql_alchemy_conn option in [database] - the old setting has been used, but please update your config.
  SQL_ALCHEMY_CONN = conf.get("database", "SQL_ALCHEMY_CONN")

[2026-01-17T13:40:12.074+0000] {task_command.py:423} INFO - Running <TaskInstance: ModelDevelop.get_data scheduled__2026-01-07T04:00:00+00:00 [running]> on host 5330652dc216
[2026-01-17T13:40:12.133+0000] {taskinstance.py:2513} INFO - Exporting env vars: AIRFLOW_CTX_DAG_OWNER='***' AIRFLOW_CTX_DAG_ID='ModelDevelop' AIRFLOW_CTX_TASK_ID='get_data' AIRFLOW_CTX_EXECUTION_DATE='2026-01-07T04:00:00+00:00' AIRFLOW_CTX_TRY_NUMBER='1' AIRFLOW_CTX_DAG_RUN_ID='scheduled__2026-01-07T04:00:00+00:00'
[2026-01-17T13:40:12.144+0000] {python.py:202} INFO - Done. Returned value was: ./iris.csv
[2026-01-17T13:40:12.160+0000] {taskinstance.py:1149} INFO - Marking task as SUCCESS. dag_id=ModelDevelop, task_id=get_data, execution_date=20260107T040000, start_date=20260117T134011, end_date=20260117T134012
[2026-01-17T13:40:12.205+0000] {local_task_job_runner.py:234} INFO - Task exited with return code 0
[2026-01-17T13:40:12.257+0000] {taskinstance.py:3312} INFO - 1 downstream tasks scheduled from follow-on schedule check
