[2026-01-16T07:57:20.308+0000] {taskinstance.py:1979} INFO - Dependencies all met for dep_context=non-requeueable deps ti=<TaskInstance: ModelDevelop.get_data scheduled__2026-01-15T19:00:00+00:00 [queued]>
[2026-01-16T07:57:20.315+0000] {taskinstance.py:1979} INFO - Dependencies all met for dep_context=requeueable deps ti=<TaskInstance: ModelDevelop.get_data scheduled__2026-01-15T19:00:00+00:00 [queued]>
[2026-01-16T07:57:20.316+0000] {taskinstance.py:2193} INFO - Starting attempt 1 of 2
[2026-01-16T07:57:20.369+0000] {taskinstance.py:2217} INFO - Executing <Task(PythonOperator): get_data> on 2026-01-15 19:00:00+00:00
[2026-01-16T07:57:20.377+0000] {standard_task_runner.py:60} INFO - Started process 43667 to run task
[2026-01-16T07:57:20.380+0000] {standard_task_runner.py:87} INFO - Running: ['***', 'tasks', 'run', 'ModelDevelop', 'get_data', 'scheduled__2026-01-15T19:00:00+00:00', '--job-id', '654', '--raw', '--subdir', 'DAGS_FOLDER/example.py', '--cfg-path', '/tmp/tmp3u3xnp1a']
[2026-01-16T07:57:20.381+0000] {standard_task_runner.py:88} INFO - Job 654: Subtask get_data
[2026-01-16T07:57:20.392+0000] {warnings.py:109} WARNING - /home/***/.local/lib/python3.9/site-packages/***/settings.py:194: DeprecationWarning: The sql_alchemy_conn option in [core] has been moved to the sql_alchemy_conn option in [database] - the old setting has been used, but please update your config.
  SQL_ALCHEMY_CONN = conf.get("database", "SQL_ALCHEMY_CONN")

[2026-01-16T07:57:20.422+0000] {task_command.py:423} INFO - Running <TaskInstance: ModelDevelop.get_data scheduled__2026-01-15T19:00:00+00:00 [running]> on host 8a4f043652f0
[2026-01-16T07:57:20.530+0000] {taskinstance.py:2513} INFO - Exporting env vars: AIRFLOW_CTX_DAG_OWNER='***' AIRFLOW_CTX_DAG_ID='ModelDevelop' AIRFLOW_CTX_TASK_ID='get_data' AIRFLOW_CTX_EXECUTION_DATE='2026-01-15T19:00:00+00:00' AIRFLOW_CTX_TRY_NUMBER='1' AIRFLOW_CTX_DAG_RUN_ID='scheduled__2026-01-15T19:00:00+00:00'
[2026-01-16T07:57:20.542+0000] {python.py:202} INFO - Done. Returned value was: ./iris.csv
[2026-01-16T07:57:20.576+0000] {taskinstance.py:1149} INFO - Marking task as SUCCESS. dag_id=ModelDevelop, task_id=get_data, execution_date=20260115T190000, start_date=20260116T075720, end_date=20260116T075720
[2026-01-16T07:57:20.634+0000] {local_task_job_runner.py:234} INFO - Task exited with return code 0
[2026-01-16T07:57:20.652+0000] {taskinstance.py:3312} INFO - 1 downstream tasks scheduled from follow-on schedule check
[2026-01-17T13:21:01.391+0000] {taskinstance.py:1979} INFO - Dependencies all met for dep_context=non-requeueable deps ti=<TaskInstance: ModelDevelop.get_data scheduled__2026-01-15T19:00:00+00:00 [queued]>
[2026-01-17T13:21:01.397+0000] {taskinstance.py:1979} INFO - Dependencies all met for dep_context=requeueable deps ti=<TaskInstance: ModelDevelop.get_data scheduled__2026-01-15T19:00:00+00:00 [queued]>
[2026-01-17T13:21:01.397+0000] {taskinstance.py:2193} INFO - Starting attempt 1 of 2
[2026-01-17T13:21:01.414+0000] {taskinstance.py:2217} INFO - Executing <Task(PythonOperator): get_data> on 2026-01-15 19:00:00+00:00
[2026-01-17T13:21:01.423+0000] {standard_task_runner.py:60} INFO - Started process 43634 to run task
[2026-01-17T13:21:01.426+0000] {standard_task_runner.py:87} INFO - Running: ['***', 'tasks', 'run', 'ModelDevelop', 'get_data', 'scheduled__2026-01-15T19:00:00+00:00', '--job-id', '654', '--raw', '--subdir', 'DAGS_FOLDER/example.py', '--cfg-path', '/tmp/tmpgib5f2ko']
[2026-01-17T13:21:01.426+0000] {standard_task_runner.py:88} INFO - Job 654: Subtask get_data
[2026-01-17T13:21:01.437+0000] {warnings.py:109} WARNING - /home/***/.local/lib/python3.9/site-packages/***/settings.py:194: DeprecationWarning: The sql_alchemy_conn option in [core] has been moved to the sql_alchemy_conn option in [database] - the old setting has been used, but please update your config.
  SQL_ALCHEMY_CONN = conf.get("database", "SQL_ALCHEMY_CONN")

[2026-01-17T13:21:01.469+0000] {task_command.py:423} INFO - Running <TaskInstance: ModelDevelop.get_data scheduled__2026-01-15T19:00:00+00:00 [running]> on host ed3184b6b543
[2026-01-17T13:21:01.550+0000] {taskinstance.py:2513} INFO - Exporting env vars: AIRFLOW_CTX_DAG_OWNER='***' AIRFLOW_CTX_DAG_ID='ModelDevelop' AIRFLOW_CTX_TASK_ID='get_data' AIRFLOW_CTX_EXECUTION_DATE='2026-01-15T19:00:00+00:00' AIRFLOW_CTX_TRY_NUMBER='1' AIRFLOW_CTX_DAG_RUN_ID='scheduled__2026-01-15T19:00:00+00:00'
[2026-01-17T13:21:01.560+0000] {python.py:202} INFO - Done. Returned value was: ./iris.csv
[2026-01-17T13:21:01.608+0000] {taskinstance.py:1149} INFO - Marking task as SUCCESS. dag_id=ModelDevelop, task_id=get_data, execution_date=20260115T190000, start_date=20260117T132101, end_date=20260117T132101
[2026-01-17T13:21:01.644+0000] {local_task_job_runner.py:234} INFO - Task exited with return code 0
[2026-01-17T13:21:01.675+0000] {taskinstance.py:3312} INFO - 1 downstream tasks scheduled from follow-on schedule check
[2026-01-17T13:42:37.142+0000] {taskinstance.py:1979} INFO - Dependencies all met for dep_context=non-requeueable deps ti=<TaskInstance: ModelDevelop.get_data scheduled__2026-01-15T19:00:00+00:00 [queued]>
[2026-01-17T13:42:37.147+0000] {taskinstance.py:1979} INFO - Dependencies all met for dep_context=requeueable deps ti=<TaskInstance: ModelDevelop.get_data scheduled__2026-01-15T19:00:00+00:00 [queued]>
[2026-01-17T13:42:37.148+0000] {taskinstance.py:2193} INFO - Starting attempt 1 of 2
[2026-01-17T13:42:37.156+0000] {taskinstance.py:2217} INFO - Executing <Task(PythonOperator): get_data> on 2026-01-15 19:00:00+00:00
[2026-01-17T13:42:37.164+0000] {standard_task_runner.py:60} INFO - Started process 44230 to run task
[2026-01-17T13:42:37.169+0000] {standard_task_runner.py:87} INFO - Running: ['***', 'tasks', 'run', 'ModelDevelop', 'get_data', 'scheduled__2026-01-15T19:00:00+00:00', '--job-id', '660', '--raw', '--subdir', 'DAGS_FOLDER/example.py', '--cfg-path', '/tmp/tmp93jq8_gc']
[2026-01-17T13:42:37.170+0000] {standard_task_runner.py:88} INFO - Job 660: Subtask get_data
[2026-01-17T13:42:37.187+0000] {warnings.py:109} WARNING - /home/***/.local/lib/python3.9/site-packages/***/settings.py:194: DeprecationWarning: The sql_alchemy_conn option in [core] has been moved to the sql_alchemy_conn option in [database] - the old setting has been used, but please update your config.
  SQL_ALCHEMY_CONN = conf.get("database", "SQL_ALCHEMY_CONN")

[2026-01-17T13:42:37.243+0000] {task_command.py:423} INFO - Running <TaskInstance: ModelDevelop.get_data scheduled__2026-01-15T19:00:00+00:00 [running]> on host 5330652dc216
[2026-01-17T13:42:37.305+0000] {taskinstance.py:2513} INFO - Exporting env vars: AIRFLOW_CTX_DAG_OWNER='***' AIRFLOW_CTX_DAG_ID='ModelDevelop' AIRFLOW_CTX_TASK_ID='get_data' AIRFLOW_CTX_EXECUTION_DATE='2026-01-15T19:00:00+00:00' AIRFLOW_CTX_TRY_NUMBER='1' AIRFLOW_CTX_DAG_RUN_ID='scheduled__2026-01-15T19:00:00+00:00'
[2026-01-17T13:42:37.316+0000] {python.py:202} INFO - Done. Returned value was: ./iris.csv
[2026-01-17T13:42:37.334+0000] {taskinstance.py:1149} INFO - Marking task as SUCCESS. dag_id=ModelDevelop, task_id=get_data, execution_date=20260115T190000, start_date=20260117T134237, end_date=20260117T134237
[2026-01-17T13:42:37.385+0000] {local_task_job_runner.py:234} INFO - Task exited with return code 0
[2026-01-17T13:42:37.421+0000] {taskinstance.py:3312} INFO - 1 downstream tasks scheduled from follow-on schedule check
