[2026-01-16T07:56:18.903+0000] {taskinstance.py:1979} INFO - Dependencies all met for dep_context=non-requeueable deps ti=<TaskInstance: ModelDevelop.get_data scheduled__2026-01-11T20:00:00+00:00 [queued]>
[2026-01-16T07:56:18.909+0000] {taskinstance.py:1979} INFO - Dependencies all met for dep_context=requeueable deps ti=<TaskInstance: ModelDevelop.get_data scheduled__2026-01-11T20:00:00+00:00 [queued]>
[2026-01-16T07:56:18.910+0000] {taskinstance.py:2193} INFO - Starting attempt 1 of 2
[2026-01-16T07:56:18.920+0000] {taskinstance.py:2217} INFO - Executing <Task(PythonOperator): get_data> on 2026-01-11 20:00:00+00:00
[2026-01-16T07:56:18.928+0000] {standard_task_runner.py:60} INFO - Started process 30770 to run task
[2026-01-16T07:56:18.930+0000] {standard_task_runner.py:87} INFO - Running: ['***', 'tasks', 'run', 'ModelDevelop', 'get_data', 'scheduled__2026-01-11T20:00:00+00:00', '--job-id', '462', '--raw', '--subdir', 'DAGS_FOLDER/example.py', '--cfg-path', '/tmp/tmpumpcnwbn']
[2026-01-16T07:56:18.931+0000] {standard_task_runner.py:88} INFO - Job 462: Subtask get_data
[2026-01-16T07:56:18.940+0000] {warnings.py:109} WARNING - /home/***/.local/lib/python3.9/site-packages/***/settings.py:194: DeprecationWarning: The sql_alchemy_conn option in [core] has been moved to the sql_alchemy_conn option in [database] - the old setting has been used, but please update your config.
  SQL_ALCHEMY_CONN = conf.get("database", "SQL_ALCHEMY_CONN")

[2026-01-16T07:56:18.982+0000] {task_command.py:423} INFO - Running <TaskInstance: ModelDevelop.get_data scheduled__2026-01-11T20:00:00+00:00 [running]> on host 8a4f043652f0
[2026-01-16T07:56:19.127+0000] {taskinstance.py:2513} INFO - Exporting env vars: AIRFLOW_CTX_DAG_OWNER='***' AIRFLOW_CTX_DAG_ID='ModelDevelop' AIRFLOW_CTX_TASK_ID='get_data' AIRFLOW_CTX_EXECUTION_DATE='2026-01-11T20:00:00+00:00' AIRFLOW_CTX_TRY_NUMBER='1' AIRFLOW_CTX_DAG_RUN_ID='scheduled__2026-01-11T20:00:00+00:00'
[2026-01-16T07:56:19.139+0000] {python.py:202} INFO - Done. Returned value was: ./iris.csv
[2026-01-16T07:56:19.156+0000] {taskinstance.py:1149} INFO - Marking task as SUCCESS. dag_id=ModelDevelop, task_id=get_data, execution_date=20260111T200000, start_date=20260116T075618, end_date=20260116T075619
[2026-01-16T07:56:19.263+0000] {local_task_job_runner.py:234} INFO - Task exited with return code 0
[2026-01-16T07:56:19.310+0000] {taskinstance.py:3312} INFO - 1 downstream tasks scheduled from follow-on schedule check
[2026-01-17T13:20:01.517+0000] {taskinstance.py:1979} INFO - Dependencies all met for dep_context=non-requeueable deps ti=<TaskInstance: ModelDevelop.get_data scheduled__2026-01-11T20:00:00+00:00 [queued]>
[2026-01-17T13:20:01.523+0000] {taskinstance.py:1979} INFO - Dependencies all met for dep_context=requeueable deps ti=<TaskInstance: ModelDevelop.get_data scheduled__2026-01-11T20:00:00+00:00 [queued]>
[2026-01-17T13:20:01.523+0000] {taskinstance.py:2193} INFO - Starting attempt 1 of 2
[2026-01-17T13:20:01.533+0000] {taskinstance.py:2217} INFO - Executing <Task(PythonOperator): get_data> on 2026-01-11 20:00:00+00:00
[2026-01-17T13:20:01.540+0000] {standard_task_runner.py:60} INFO - Started process 30936 to run task
[2026-01-17T13:20:01.542+0000] {standard_task_runner.py:87} INFO - Running: ['***', 'tasks', 'run', 'ModelDevelop', 'get_data', 'scheduled__2026-01-11T20:00:00+00:00', '--job-id', '464', '--raw', '--subdir', 'DAGS_FOLDER/example.py', '--cfg-path', '/tmp/tmpm0dfx66r']
[2026-01-17T13:20:01.543+0000] {standard_task_runner.py:88} INFO - Job 464: Subtask get_data
[2026-01-17T13:20:01.553+0000] {warnings.py:109} WARNING - /home/***/.local/lib/python3.9/site-packages/***/settings.py:194: DeprecationWarning: The sql_alchemy_conn option in [core] has been moved to the sql_alchemy_conn option in [database] - the old setting has been used, but please update your config.
  SQL_ALCHEMY_CONN = conf.get("database", "SQL_ALCHEMY_CONN")

[2026-01-17T13:20:01.583+0000] {task_command.py:423} INFO - Running <TaskInstance: ModelDevelop.get_data scheduled__2026-01-11T20:00:00+00:00 [running]> on host ed3184b6b543
[2026-01-17T13:20:01.638+0000] {taskinstance.py:2513} INFO - Exporting env vars: AIRFLOW_CTX_DAG_OWNER='***' AIRFLOW_CTX_DAG_ID='ModelDevelop' AIRFLOW_CTX_TASK_ID='get_data' AIRFLOW_CTX_EXECUTION_DATE='2026-01-11T20:00:00+00:00' AIRFLOW_CTX_TRY_NUMBER='1' AIRFLOW_CTX_DAG_RUN_ID='scheduled__2026-01-11T20:00:00+00:00'
[2026-01-17T13:20:01.646+0000] {python.py:202} INFO - Done. Returned value was: ./iris.csv
[2026-01-17T13:20:01.660+0000] {taskinstance.py:1149} INFO - Marking task as SUCCESS. dag_id=ModelDevelop, task_id=get_data, execution_date=20260111T200000, start_date=20260117T132001, end_date=20260117T132001
[2026-01-17T13:20:01.714+0000] {local_task_job_runner.py:234} INFO - Task exited with return code 0
[2026-01-17T13:20:01.743+0000] {taskinstance.py:3312} INFO - 1 downstream tasks scheduled from follow-on schedule check
[2026-01-17T13:41:32.314+0000] {taskinstance.py:1979} INFO - Dependencies all met for dep_context=non-requeueable deps ti=<TaskInstance: ModelDevelop.get_data scheduled__2026-01-11T20:00:00+00:00 [queued]>
[2026-01-17T13:41:32.320+0000] {taskinstance.py:1979} INFO - Dependencies all met for dep_context=requeueable deps ti=<TaskInstance: ModelDevelop.get_data scheduled__2026-01-11T20:00:00+00:00 [queued]>
[2026-01-17T13:41:32.320+0000] {taskinstance.py:2193} INFO - Starting attempt 1 of 2
[2026-01-17T13:41:32.416+0000] {taskinstance.py:2217} INFO - Executing <Task(PythonOperator): get_data> on 2026-01-11 20:00:00+00:00
[2026-01-17T13:41:32.426+0000] {standard_task_runner.py:60} INFO - Started process 31367 to run task
[2026-01-17T13:41:32.429+0000] {standard_task_runner.py:87} INFO - Running: ['***', 'tasks', 'run', 'ModelDevelop', 'get_data', 'scheduled__2026-01-11T20:00:00+00:00', '--job-id', '468', '--raw', '--subdir', 'DAGS_FOLDER/example.py', '--cfg-path', '/tmp/tmpaoqlkowr']
[2026-01-17T13:41:32.430+0000] {standard_task_runner.py:88} INFO - Job 468: Subtask get_data
[2026-01-17T13:41:32.441+0000] {warnings.py:109} WARNING - /home/***/.local/lib/python3.9/site-packages/***/settings.py:194: DeprecationWarning: The sql_alchemy_conn option in [core] has been moved to the sql_alchemy_conn option in [database] - the old setting has been used, but please update your config.
  SQL_ALCHEMY_CONN = conf.get("database", "SQL_ALCHEMY_CONN")

[2026-01-17T13:41:32.484+0000] {task_command.py:423} INFO - Running <TaskInstance: ModelDevelop.get_data scheduled__2026-01-11T20:00:00+00:00 [running]> on host 5330652dc216
[2026-01-17T13:41:32.592+0000] {taskinstance.py:2513} INFO - Exporting env vars: AIRFLOW_CTX_DAG_OWNER='***' AIRFLOW_CTX_DAG_ID='ModelDevelop' AIRFLOW_CTX_TASK_ID='get_data' AIRFLOW_CTX_EXECUTION_DATE='2026-01-11T20:00:00+00:00' AIRFLOW_CTX_TRY_NUMBER='1' AIRFLOW_CTX_DAG_RUN_ID='scheduled__2026-01-11T20:00:00+00:00'
[2026-01-17T13:41:32.604+0000] {python.py:202} INFO - Done. Returned value was: ./iris.csv
[2026-01-17T13:41:32.621+0000] {taskinstance.py:1149} INFO - Marking task as SUCCESS. dag_id=ModelDevelop, task_id=get_data, execution_date=20260111T200000, start_date=20260117T134132, end_date=20260117T134132
[2026-01-17T13:41:32.681+0000] {local_task_job_runner.py:234} INFO - Task exited with return code 0
[2026-01-17T13:41:32.698+0000] {taskinstance.py:3312} INFO - 1 downstream tasks scheduled from follow-on schedule check
