[2026-01-16T07:55:09.213+0000] {taskinstance.py:1979} INFO - Dependencies all met for dep_context=non-requeueable deps ti=<TaskInstance: ModelDevelop.get_data scheduled__2026-01-07T07:00:00+00:00 [queued]>
[2026-01-16T07:55:09.220+0000] {taskinstance.py:1979} INFO - Dependencies all met for dep_context=requeueable deps ti=<TaskInstance: ModelDevelop.get_data scheduled__2026-01-07T07:00:00+00:00 [queued]>
[2026-01-16T07:55:09.220+0000] {taskinstance.py:2193} INFO - Starting attempt 1 of 2
[2026-01-16T07:55:09.230+0000] {taskinstance.py:2217} INFO - Executing <Task(PythonOperator): get_data> on 2026-01-07 07:00:00+00:00
[2026-01-16T07:55:09.239+0000] {standard_task_runner.py:60} INFO - Started process 15863 to run task
[2026-01-16T07:55:09.241+0000] {standard_task_runner.py:87} INFO - Running: ['***', 'tasks', 'run', 'ModelDevelop', 'get_data', 'scheduled__2026-01-07T07:00:00+00:00', '--job-id', '241', '--raw', '--subdir', 'DAGS_FOLDER/example.py', '--cfg-path', '/tmp/tmppib547tj']
[2026-01-16T07:55:09.242+0000] {standard_task_runner.py:88} INFO - Job 241: Subtask get_data
[2026-01-16T07:55:09.254+0000] {warnings.py:109} WARNING - /home/***/.local/lib/python3.9/site-packages/***/settings.py:194: DeprecationWarning: The sql_alchemy_conn option in [core] has been moved to the sql_alchemy_conn option in [database] - the old setting has been used, but please update your config.
  SQL_ALCHEMY_CONN = conf.get("database", "SQL_ALCHEMY_CONN")

[2026-01-16T07:55:09.315+0000] {task_command.py:423} INFO - Running <TaskInstance: ModelDevelop.get_data scheduled__2026-01-07T07:00:00+00:00 [running]> on host 8a4f043652f0
[2026-01-16T07:55:09.407+0000] {taskinstance.py:2513} INFO - Exporting env vars: AIRFLOW_CTX_DAG_OWNER='***' AIRFLOW_CTX_DAG_ID='ModelDevelop' AIRFLOW_CTX_TASK_ID='get_data' AIRFLOW_CTX_EXECUTION_DATE='2026-01-07T07:00:00+00:00' AIRFLOW_CTX_TRY_NUMBER='1' AIRFLOW_CTX_DAG_RUN_ID='scheduled__2026-01-07T07:00:00+00:00'
[2026-01-16T07:55:09.418+0000] {python.py:202} INFO - Done. Returned value was: ./iris.csv
[2026-01-16T07:55:09.455+0000] {taskinstance.py:1149} INFO - Marking task as SUCCESS. dag_id=ModelDevelop, task_id=get_data, execution_date=20260107T070000, start_date=20260116T075509, end_date=20260116T075509
[2026-01-16T07:55:09.494+0000] {local_task_job_runner.py:234} INFO - Task exited with return code 0
[2026-01-16T07:55:09.532+0000] {taskinstance.py:3312} INFO - 1 downstream tasks scheduled from follow-on schedule check
[2026-01-17T13:18:43.206+0000] {taskinstance.py:1979} INFO - Dependencies all met for dep_context=non-requeueable deps ti=<TaskInstance: ModelDevelop.get_data scheduled__2026-01-07T07:00:00+00:00 [queued]>
[2026-01-17T13:18:43.213+0000] {taskinstance.py:1979} INFO - Dependencies all met for dep_context=requeueable deps ti=<TaskInstance: ModelDevelop.get_data scheduled__2026-01-07T07:00:00+00:00 [queued]>
[2026-01-17T13:18:43.213+0000] {taskinstance.py:2193} INFO - Starting attempt 1 of 2
[2026-01-17T13:18:43.222+0000] {taskinstance.py:2217} INFO - Executing <Task(PythonOperator): get_data> on 2026-01-07 07:00:00+00:00
[2026-01-17T13:18:43.231+0000] {standard_task_runner.py:60} INFO - Started process 16078 to run task
[2026-01-17T13:18:43.234+0000] {standard_task_runner.py:87} INFO - Running: ['***', 'tasks', 'run', 'ModelDevelop', 'get_data', 'scheduled__2026-01-07T07:00:00+00:00', '--job-id', '254', '--raw', '--subdir', 'DAGS_FOLDER/example.py', '--cfg-path', '/tmp/tmp8hp423qb']
[2026-01-17T13:18:43.235+0000] {standard_task_runner.py:88} INFO - Job 254: Subtask get_data
[2026-01-17T13:18:43.246+0000] {warnings.py:109} WARNING - /home/***/.local/lib/python3.9/site-packages/***/settings.py:194: DeprecationWarning: The sql_alchemy_conn option in [core] has been moved to the sql_alchemy_conn option in [database] - the old setting has been used, but please update your config.
  SQL_ALCHEMY_CONN = conf.get("database", "SQL_ALCHEMY_CONN")

[2026-01-17T13:18:43.277+0000] {task_command.py:423} INFO - Running <TaskInstance: ModelDevelop.get_data scheduled__2026-01-07T07:00:00+00:00 [running]> on host ed3184b6b543
[2026-01-17T13:18:43.335+0000] {taskinstance.py:2513} INFO - Exporting env vars: AIRFLOW_CTX_DAG_OWNER='***' AIRFLOW_CTX_DAG_ID='ModelDevelop' AIRFLOW_CTX_TASK_ID='get_data' AIRFLOW_CTX_EXECUTION_DATE='2026-01-07T07:00:00+00:00' AIRFLOW_CTX_TRY_NUMBER='1' AIRFLOW_CTX_DAG_RUN_ID='scheduled__2026-01-07T07:00:00+00:00'
[2026-01-17T13:18:43.345+0000] {python.py:202} INFO - Done. Returned value was: ./iris.csv
[2026-01-17T13:18:43.359+0000] {taskinstance.py:1149} INFO - Marking task as SUCCESS. dag_id=ModelDevelop, task_id=get_data, execution_date=20260107T070000, start_date=20260117T131843, end_date=20260117T131843
[2026-01-17T13:18:43.405+0000] {local_task_job_runner.py:234} INFO - Task exited with return code 0
[2026-01-17T13:18:43.426+0000] {taskinstance.py:3312} INFO - 1 downstream tasks scheduled from follow-on schedule check
[2026-01-17T13:40:12.129+0000] {taskinstance.py:1979} INFO - Dependencies all met for dep_context=non-requeueable deps ti=<TaskInstance: ModelDevelop.get_data scheduled__2026-01-07T07:00:00+00:00 [queued]>
[2026-01-17T13:40:12.135+0000] {taskinstance.py:1979} INFO - Dependencies all met for dep_context=requeueable deps ti=<TaskInstance: ModelDevelop.get_data scheduled__2026-01-07T07:00:00+00:00 [queued]>
[2026-01-17T13:40:12.136+0000] {taskinstance.py:2193} INFO - Starting attempt 1 of 2
[2026-01-17T13:40:12.146+0000] {taskinstance.py:2217} INFO - Executing <Task(PythonOperator): get_data> on 2026-01-07 07:00:00+00:00
[2026-01-17T13:40:12.155+0000] {standard_task_runner.py:60} INFO - Started process 16399 to run task
[2026-01-17T13:40:12.157+0000] {standard_task_runner.py:87} INFO - Running: ['***', 'tasks', 'run', 'ModelDevelop', 'get_data', 'scheduled__2026-01-07T07:00:00+00:00', '--job-id', '247', '--raw', '--subdir', 'DAGS_FOLDER/example.py', '--cfg-path', '/tmp/tmp9y50v4ni']
[2026-01-17T13:40:12.157+0000] {standard_task_runner.py:88} INFO - Job 247: Subtask get_data
[2026-01-17T13:40:12.174+0000] {warnings.py:109} WARNING - /home/***/.local/lib/python3.9/site-packages/***/settings.py:194: DeprecationWarning: The sql_alchemy_conn option in [core] has been moved to the sql_alchemy_conn option in [database] - the old setting has been used, but please update your config.
  SQL_ALCHEMY_CONN = conf.get("database", "SQL_ALCHEMY_CONN")

[2026-01-17T13:40:12.231+0000] {task_command.py:423} INFO - Running <TaskInstance: ModelDevelop.get_data scheduled__2026-01-07T07:00:00+00:00 [running]> on host 5330652dc216
[2026-01-17T13:40:12.296+0000] {taskinstance.py:2513} INFO - Exporting env vars: AIRFLOW_CTX_DAG_OWNER='***' AIRFLOW_CTX_DAG_ID='ModelDevelop' AIRFLOW_CTX_TASK_ID='get_data' AIRFLOW_CTX_EXECUTION_DATE='2026-01-07T07:00:00+00:00' AIRFLOW_CTX_TRY_NUMBER='1' AIRFLOW_CTX_DAG_RUN_ID='scheduled__2026-01-07T07:00:00+00:00'
[2026-01-17T13:40:12.305+0000] {python.py:202} INFO - Done. Returned value was: ./iris.csv
[2026-01-17T13:40:12.320+0000] {taskinstance.py:1149} INFO - Marking task as SUCCESS. dag_id=ModelDevelop, task_id=get_data, execution_date=20260107T070000, start_date=20260117T134012, end_date=20260117T134012
[2026-01-17T13:40:12.369+0000] {local_task_job_runner.py:234} INFO - Task exited with return code 0
[2026-01-17T13:40:12.385+0000] {taskinstance.py:3312} INFO - 1 downstream tasks scheduled from follow-on schedule check
