[2026-01-16T07:55:50.150+0000] {taskinstance.py:1979} INFO - Dependencies all met for dep_context=non-requeueable deps ti=<TaskInstance: ModelDevelop.get_data scheduled__2026-01-09T22:00:00+00:00 [queued]>
[2026-01-16T07:55:50.157+0000] {taskinstance.py:1979} INFO - Dependencies all met for dep_context=requeueable deps ti=<TaskInstance: ModelDevelop.get_data scheduled__2026-01-09T22:00:00+00:00 [queued]>
[2026-01-16T07:55:50.158+0000] {taskinstance.py:2193} INFO - Starting attempt 1 of 2
[2026-01-16T07:55:50.170+0000] {taskinstance.py:2217} INFO - Executing <Task(PythonOperator): get_data> on 2026-01-09 22:00:00+00:00
[2026-01-16T07:55:50.178+0000] {standard_task_runner.py:60} INFO - Started process 24538 to run task
[2026-01-16T07:55:50.181+0000] {standard_task_runner.py:87} INFO - Running: ['***', 'tasks', 'run', 'ModelDevelop', 'get_data', 'scheduled__2026-01-09T22:00:00+00:00', '--job-id', '372', '--raw', '--subdir', 'DAGS_FOLDER/example.py', '--cfg-path', '/tmp/tmpho3g39ct']
[2026-01-16T07:55:50.182+0000] {standard_task_runner.py:88} INFO - Job 372: Subtask get_data
[2026-01-16T07:55:50.192+0000] {warnings.py:109} WARNING - /home/***/.local/lib/python3.9/site-packages/***/settings.py:194: DeprecationWarning: The sql_alchemy_conn option in [core] has been moved to the sql_alchemy_conn option in [database] - the old setting has been used, but please update your config.
  SQL_ALCHEMY_CONN = conf.get("database", "SQL_ALCHEMY_CONN")

[2026-01-16T07:55:50.237+0000] {task_command.py:423} INFO - Running <TaskInstance: ModelDevelop.get_data scheduled__2026-01-09T22:00:00+00:00 [running]> on host 8a4f043652f0
[2026-01-16T07:55:50.335+0000] {taskinstance.py:2513} INFO - Exporting env vars: AIRFLOW_CTX_DAG_OWNER='***' AIRFLOW_CTX_DAG_ID='ModelDevelop' AIRFLOW_CTX_TASK_ID='get_data' AIRFLOW_CTX_EXECUTION_DATE='2026-01-09T22:00:00+00:00' AIRFLOW_CTX_TRY_NUMBER='1' AIRFLOW_CTX_DAG_RUN_ID='scheduled__2026-01-09T22:00:00+00:00'
[2026-01-16T07:55:50.348+0000] {python.py:202} INFO - Done. Returned value was: ./iris.csv
[2026-01-16T07:55:50.363+0000] {taskinstance.py:1149} INFO - Marking task as SUCCESS. dag_id=ModelDevelop, task_id=get_data, execution_date=20260109T220000, start_date=20260116T075550, end_date=20260116T075550
[2026-01-16T07:55:50.394+0000] {local_task_job_runner.py:234} INFO - Task exited with return code 0
[2026-01-16T07:55:50.411+0000] {taskinstance.py:3312} INFO - 1 downstream tasks scheduled from follow-on schedule check
[2026-01-17T13:19:31.282+0000] {taskinstance.py:1979} INFO - Dependencies all met for dep_context=non-requeueable deps ti=<TaskInstance: ModelDevelop.get_data scheduled__2026-01-09T22:00:00+00:00 [queued]>
[2026-01-17T13:19:31.296+0000] {taskinstance.py:1979} INFO - Dependencies all met for dep_context=requeueable deps ti=<TaskInstance: ModelDevelop.get_data scheduled__2026-01-09T22:00:00+00:00 [queued]>
[2026-01-17T13:19:31.296+0000] {taskinstance.py:2193} INFO - Starting attempt 1 of 2
[2026-01-17T13:19:31.320+0000] {taskinstance.py:2217} INFO - Executing <Task(PythonOperator): get_data> on 2026-01-09 22:00:00+00:00
[2026-01-17T13:19:31.330+0000] {standard_task_runner.py:60} INFO - Started process 24603 to run task
[2026-01-17T13:19:31.354+0000] {standard_task_runner.py:87} INFO - Running: ['***', 'tasks', 'run', 'ModelDevelop', 'get_data', 'scheduled__2026-01-09T22:00:00+00:00', '--job-id', '369', '--raw', '--subdir', 'DAGS_FOLDER/example.py', '--cfg-path', '/tmp/tmptzo8au5m']
[2026-01-17T13:19:31.355+0000] {standard_task_runner.py:88} INFO - Job 369: Subtask get_data
[2026-01-17T13:19:31.378+0000] {warnings.py:109} WARNING - /home/***/.local/lib/python3.9/site-packages/***/settings.py:194: DeprecationWarning: The sql_alchemy_conn option in [core] has been moved to the sql_alchemy_conn option in [database] - the old setting has been used, but please update your config.
  SQL_ALCHEMY_CONN = conf.get("database", "SQL_ALCHEMY_CONN")

[2026-01-17T13:19:31.434+0000] {task_command.py:423} INFO - Running <TaskInstance: ModelDevelop.get_data scheduled__2026-01-09T22:00:00+00:00 [running]> on host ed3184b6b543
[2026-01-17T13:19:31.485+0000] {taskinstance.py:2513} INFO - Exporting env vars: AIRFLOW_CTX_DAG_OWNER='***' AIRFLOW_CTX_DAG_ID='ModelDevelop' AIRFLOW_CTX_TASK_ID='get_data' AIRFLOW_CTX_EXECUTION_DATE='2026-01-09T22:00:00+00:00' AIRFLOW_CTX_TRY_NUMBER='1' AIRFLOW_CTX_DAG_RUN_ID='scheduled__2026-01-09T22:00:00+00:00'
[2026-01-17T13:19:31.494+0000] {python.py:202} INFO - Done. Returned value was: ./iris.csv
[2026-01-17T13:19:31.509+0000] {taskinstance.py:1149} INFO - Marking task as SUCCESS. dag_id=ModelDevelop, task_id=get_data, execution_date=20260109T220000, start_date=20260117T131931, end_date=20260117T131931
[2026-01-17T13:19:31.562+0000] {local_task_job_runner.py:234} INFO - Task exited with return code 0
[2026-01-17T13:19:31.604+0000] {taskinstance.py:3312} INFO - 1 downstream tasks scheduled from follow-on schedule check
[2026-01-17T13:40:57.820+0000] {taskinstance.py:1979} INFO - Dependencies all met for dep_context=non-requeueable deps ti=<TaskInstance: ModelDevelop.get_data scheduled__2026-01-09T22:00:00+00:00 [queued]>
[2026-01-17T13:40:57.827+0000] {taskinstance.py:1979} INFO - Dependencies all met for dep_context=requeueable deps ti=<TaskInstance: ModelDevelop.get_data scheduled__2026-01-09T22:00:00+00:00 [queued]>
[2026-01-17T13:40:57.827+0000] {taskinstance.py:2193} INFO - Starting attempt 1 of 2
[2026-01-17T13:40:57.838+0000] {taskinstance.py:2217} INFO - Executing <Task(PythonOperator): get_data> on 2026-01-09 22:00:00+00:00
[2026-01-17T13:40:57.847+0000] {standard_task_runner.py:60} INFO - Started process 24942 to run task
[2026-01-17T13:40:57.850+0000] {standard_task_runner.py:87} INFO - Running: ['***', 'tasks', 'run', 'ModelDevelop', 'get_data', 'scheduled__2026-01-09T22:00:00+00:00', '--job-id', '374', '--raw', '--subdir', 'DAGS_FOLDER/example.py', '--cfg-path', '/tmp/tmp_gv64di1']
[2026-01-17T13:40:57.851+0000] {standard_task_runner.py:88} INFO - Job 374: Subtask get_data
[2026-01-17T13:40:57.862+0000] {warnings.py:109} WARNING - /home/***/.local/lib/python3.9/site-packages/***/settings.py:194: DeprecationWarning: The sql_alchemy_conn option in [core] has been moved to the sql_alchemy_conn option in [database] - the old setting has been used, but please update your config.
  SQL_ALCHEMY_CONN = conf.get("database", "SQL_ALCHEMY_CONN")

[2026-01-17T13:40:57.892+0000] {task_command.py:423} INFO - Running <TaskInstance: ModelDevelop.get_data scheduled__2026-01-09T22:00:00+00:00 [running]> on host 5330652dc216
[2026-01-17T13:40:58.011+0000] {taskinstance.py:2513} INFO - Exporting env vars: AIRFLOW_CTX_DAG_OWNER='***' AIRFLOW_CTX_DAG_ID='ModelDevelop' AIRFLOW_CTX_TASK_ID='get_data' AIRFLOW_CTX_EXECUTION_DATE='2026-01-09T22:00:00+00:00' AIRFLOW_CTX_TRY_NUMBER='1' AIRFLOW_CTX_DAG_RUN_ID='scheduled__2026-01-09T22:00:00+00:00'
[2026-01-17T13:40:58.024+0000] {python.py:202} INFO - Done. Returned value was: ./iris.csv
[2026-01-17T13:40:58.050+0000] {taskinstance.py:1149} INFO - Marking task as SUCCESS. dag_id=ModelDevelop, task_id=get_data, execution_date=20260109T220000, start_date=20260117T134057, end_date=20260117T134058
[2026-01-17T13:40:58.103+0000] {local_task_job_runner.py:234} INFO - Task exited with return code 0
[2026-01-17T13:40:58.192+0000] {taskinstance.py:3312} INFO - 0 downstream tasks scheduled from follow-on schedule check
