[2026-01-16T07:55:37.680+0000] {taskinstance.py:1979} INFO - Dependencies all met for dep_context=non-requeueable deps ti=<TaskInstance: ModelDevelop.get_data scheduled__2026-01-08T21:00:00+00:00 [queued]>
[2026-01-16T07:55:37.686+0000] {taskinstance.py:1979} INFO - Dependencies all met for dep_context=requeueable deps ti=<TaskInstance: ModelDevelop.get_data scheduled__2026-01-08T21:00:00+00:00 [queued]>
[2026-01-16T07:55:37.686+0000] {taskinstance.py:2193} INFO - Starting attempt 1 of 2
[2026-01-16T07:55:37.697+0000] {taskinstance.py:2217} INFO - Executing <Task(PythonOperator): get_data> on 2026-01-08 21:00:00+00:00
[2026-01-16T07:55:37.706+0000] {standard_task_runner.py:60} INFO - Started process 21918 to run task
[2026-01-16T07:55:37.709+0000] {standard_task_runner.py:87} INFO - Running: ['***', 'tasks', 'run', 'ModelDevelop', 'get_data', 'scheduled__2026-01-08T21:00:00+00:00', '--job-id', '326', '--raw', '--subdir', 'DAGS_FOLDER/example.py', '--cfg-path', '/tmp/tmpyb00tjum']
[2026-01-16T07:55:37.710+0000] {standard_task_runner.py:88} INFO - Job 326: Subtask get_data
[2026-01-16T07:55:37.720+0000] {warnings.py:109} WARNING - /home/***/.local/lib/python3.9/site-packages/***/settings.py:194: DeprecationWarning: The sql_alchemy_conn option in [core] has been moved to the sql_alchemy_conn option in [database] - the old setting has been used, but please update your config.
  SQL_ALCHEMY_CONN = conf.get("database", "SQL_ALCHEMY_CONN")

[2026-01-16T07:55:37.747+0000] {task_command.py:423} INFO - Running <TaskInstance: ModelDevelop.get_data scheduled__2026-01-08T21:00:00+00:00 [running]> on host 8a4f043652f0
[2026-01-16T07:55:37.839+0000] {taskinstance.py:2513} INFO - Exporting env vars: AIRFLOW_CTX_DAG_OWNER='***' AIRFLOW_CTX_DAG_ID='ModelDevelop' AIRFLOW_CTX_TASK_ID='get_data' AIRFLOW_CTX_EXECUTION_DATE='2026-01-08T21:00:00+00:00' AIRFLOW_CTX_TRY_NUMBER='1' AIRFLOW_CTX_DAG_RUN_ID='scheduled__2026-01-08T21:00:00+00:00'
[2026-01-16T07:55:37.850+0000] {python.py:202} INFO - Done. Returned value was: ./iris.csv
[2026-01-16T07:55:37.867+0000] {taskinstance.py:1149} INFO - Marking task as SUCCESS. dag_id=ModelDevelop, task_id=get_data, execution_date=20260108T210000, start_date=20260116T075537, end_date=20260116T075537
[2026-01-16T07:55:37.921+0000] {local_task_job_runner.py:234} INFO - Task exited with return code 0
[2026-01-16T07:55:37.996+0000] {taskinstance.py:3312} INFO - 0 downstream tasks scheduled from follow-on schedule check
[2026-01-17T13:19:19.691+0000] {taskinstance.py:1979} INFO - Dependencies all met for dep_context=non-requeueable deps ti=<TaskInstance: ModelDevelop.get_data scheduled__2026-01-08T21:00:00+00:00 [queued]>
[2026-01-17T13:19:19.698+0000] {taskinstance.py:1979} INFO - Dependencies all met for dep_context=requeueable deps ti=<TaskInstance: ModelDevelop.get_data scheduled__2026-01-08T21:00:00+00:00 [queued]>
[2026-01-17T13:19:19.698+0000] {taskinstance.py:2193} INFO - Starting attempt 1 of 2
[2026-01-17T13:19:19.708+0000] {taskinstance.py:2217} INFO - Executing <Task(PythonOperator): get_data> on 2026-01-08 21:00:00+00:00
[2026-01-17T13:19:19.718+0000] {standard_task_runner.py:60} INFO - Started process 22086 to run task
[2026-01-17T13:19:19.734+0000] {standard_task_runner.py:87} INFO - Running: ['***', 'tasks', 'run', 'ModelDevelop', 'get_data', 'scheduled__2026-01-08T21:00:00+00:00', '--job-id', '329', '--raw', '--subdir', 'DAGS_FOLDER/example.py', '--cfg-path', '/tmp/tmp4n_pb92g']
[2026-01-17T13:19:19.735+0000] {standard_task_runner.py:88} INFO - Job 329: Subtask get_data
[2026-01-17T13:19:19.766+0000] {warnings.py:109} WARNING - /home/***/.local/lib/python3.9/site-packages/***/settings.py:194: DeprecationWarning: The sql_alchemy_conn option in [core] has been moved to the sql_alchemy_conn option in [database] - the old setting has been used, but please update your config.
  SQL_ALCHEMY_CONN = conf.get("database", "SQL_ALCHEMY_CONN")

[2026-01-17T13:19:19.801+0000] {task_command.py:423} INFO - Running <TaskInstance: ModelDevelop.get_data scheduled__2026-01-08T21:00:00+00:00 [running]> on host ed3184b6b543
[2026-01-17T13:19:19.948+0000] {taskinstance.py:2513} INFO - Exporting env vars: AIRFLOW_CTX_DAG_OWNER='***' AIRFLOW_CTX_DAG_ID='ModelDevelop' AIRFLOW_CTX_TASK_ID='get_data' AIRFLOW_CTX_EXECUTION_DATE='2026-01-08T21:00:00+00:00' AIRFLOW_CTX_TRY_NUMBER='1' AIRFLOW_CTX_DAG_RUN_ID='scheduled__2026-01-08T21:00:00+00:00'
[2026-01-17T13:19:19.958+0000] {python.py:202} INFO - Done. Returned value was: ./iris.csv
[2026-01-17T13:19:19.972+0000] {taskinstance.py:1149} INFO - Marking task as SUCCESS. dag_id=ModelDevelop, task_id=get_data, execution_date=20260108T210000, start_date=20260117T131919, end_date=20260117T131919
[2026-01-17T13:19:20.063+0000] {local_task_job_runner.py:234} INFO - Task exited with return code 0
[2026-01-17T13:19:20.092+0000] {taskinstance.py:3312} INFO - 1 downstream tasks scheduled from follow-on schedule check
[2026-01-17T13:40:36.563+0000] {taskinstance.py:1979} INFO - Dependencies all met for dep_context=non-requeueable deps ti=<TaskInstance: ModelDevelop.get_data scheduled__2026-01-08T21:00:00+00:00 [queued]>
[2026-01-17T13:40:36.573+0000] {taskinstance.py:1979} INFO - Dependencies all met for dep_context=requeueable deps ti=<TaskInstance: ModelDevelop.get_data scheduled__2026-01-08T21:00:00+00:00 [queued]>
[2026-01-17T13:40:36.573+0000] {taskinstance.py:2193} INFO - Starting attempt 1 of 2
[2026-01-17T13:40:36.592+0000] {taskinstance.py:2217} INFO - Executing <Task(PythonOperator): get_data> on 2026-01-08 21:00:00+00:00
[2026-01-17T13:40:36.601+0000] {standard_task_runner.py:60} INFO - Started process 21020 to run task
[2026-01-17T13:40:36.626+0000] {standard_task_runner.py:87} INFO - Running: ['***', 'tasks', 'run', 'ModelDevelop', 'get_data', 'scheduled__2026-01-08T21:00:00+00:00', '--job-id', '317', '--raw', '--subdir', 'DAGS_FOLDER/example.py', '--cfg-path', '/tmp/tmp04k9_dvw']
[2026-01-17T13:40:36.627+0000] {standard_task_runner.py:88} INFO - Job 317: Subtask get_data
[2026-01-17T13:40:36.658+0000] {warnings.py:109} WARNING - /home/***/.local/lib/python3.9/site-packages/***/settings.py:194: DeprecationWarning: The sql_alchemy_conn option in [core] has been moved to the sql_alchemy_conn option in [database] - the old setting has been used, but please update your config.
  SQL_ALCHEMY_CONN = conf.get("database", "SQL_ALCHEMY_CONN")

[2026-01-17T13:40:36.699+0000] {task_command.py:423} INFO - Running <TaskInstance: ModelDevelop.get_data scheduled__2026-01-08T21:00:00+00:00 [running]> on host 5330652dc216
[2026-01-17T13:40:36.799+0000] {taskinstance.py:2513} INFO - Exporting env vars: AIRFLOW_CTX_DAG_OWNER='***' AIRFLOW_CTX_DAG_ID='ModelDevelop' AIRFLOW_CTX_TASK_ID='get_data' AIRFLOW_CTX_EXECUTION_DATE='2026-01-08T21:00:00+00:00' AIRFLOW_CTX_TRY_NUMBER='1' AIRFLOW_CTX_DAG_RUN_ID='scheduled__2026-01-08T21:00:00+00:00'
[2026-01-17T13:40:36.808+0000] {python.py:202} INFO - Done. Returned value was: ./iris.csv
[2026-01-17T13:40:36.838+0000] {taskinstance.py:1149} INFO - Marking task as SUCCESS. dag_id=ModelDevelop, task_id=get_data, execution_date=20260108T210000, start_date=20260117T134036, end_date=20260117T134036
[2026-01-17T13:40:36.897+0000] {local_task_job_runner.py:234} INFO - Task exited with return code 0
[2026-01-17T13:40:36.915+0000] {taskinstance.py:3312} INFO - 1 downstream tasks scheduled from follow-on schedule check
