[2026-01-16T07:56:27.568+0000] {taskinstance.py:1979} INFO - Dependencies all met for dep_context=non-requeueable deps ti=<TaskInstance: ModelDevelop.get_data scheduled__2026-01-12T07:00:00+00:00 [queued]>
[2026-01-16T07:56:27.574+0000] {taskinstance.py:1979} INFO - Dependencies all met for dep_context=requeueable deps ti=<TaskInstance: ModelDevelop.get_data scheduled__2026-01-12T07:00:00+00:00 [queued]>
[2026-01-16T07:56:27.574+0000] {taskinstance.py:2193} INFO - Starting attempt 1 of 2
[2026-01-16T07:56:27.584+0000] {taskinstance.py:2217} INFO - Executing <Task(PythonOperator): get_data> on 2026-01-12 07:00:00+00:00
[2026-01-16T07:56:27.592+0000] {standard_task_runner.py:60} INFO - Started process 32708 to run task
[2026-01-16T07:56:27.595+0000] {standard_task_runner.py:87} INFO - Running: ['***', 'tasks', 'run', 'ModelDevelop', 'get_data', 'scheduled__2026-01-12T07:00:00+00:00', '--job-id', '489', '--raw', '--subdir', 'DAGS_FOLDER/example.py', '--cfg-path', '/tmp/tmpfd54b5c8']
[2026-01-16T07:56:27.596+0000] {standard_task_runner.py:88} INFO - Job 489: Subtask get_data
[2026-01-16T07:56:27.605+0000] {warnings.py:109} WARNING - /home/***/.local/lib/python3.9/site-packages/***/settings.py:194: DeprecationWarning: The sql_alchemy_conn option in [core] has been moved to the sql_alchemy_conn option in [database] - the old setting has been used, but please update your config.
  SQL_ALCHEMY_CONN = conf.get("database", "SQL_ALCHEMY_CONN")

[2026-01-16T07:56:27.644+0000] {task_command.py:423} INFO - Running <TaskInstance: ModelDevelop.get_data scheduled__2026-01-12T07:00:00+00:00 [running]> on host 8a4f043652f0
[2026-01-16T07:56:27.742+0000] {taskinstance.py:2513} INFO - Exporting env vars: AIRFLOW_CTX_DAG_OWNER='***' AIRFLOW_CTX_DAG_ID='ModelDevelop' AIRFLOW_CTX_TASK_ID='get_data' AIRFLOW_CTX_EXECUTION_DATE='2026-01-12T07:00:00+00:00' AIRFLOW_CTX_TRY_NUMBER='1' AIRFLOW_CTX_DAG_RUN_ID='scheduled__2026-01-12T07:00:00+00:00'
[2026-01-16T07:56:27.751+0000] {python.py:202} INFO - Done. Returned value was: ./iris.csv
[2026-01-16T07:56:27.768+0000] {taskinstance.py:1149} INFO - Marking task as SUCCESS. dag_id=ModelDevelop, task_id=get_data, execution_date=20260112T070000, start_date=20260116T075627, end_date=20260116T075627
[2026-01-16T07:56:27.807+0000] {local_task_job_runner.py:234} INFO - Task exited with return code 0
[2026-01-16T07:56:27.826+0000] {taskinstance.py:3312} INFO - 1 downstream tasks scheduled from follow-on schedule check
[2026-01-17T13:20:12.137+0000] {taskinstance.py:1979} INFO - Dependencies all met for dep_context=non-requeueable deps ti=<TaskInstance: ModelDevelop.get_data scheduled__2026-01-12T07:00:00+00:00 [queued]>
[2026-01-17T13:20:12.156+0000] {taskinstance.py:1979} INFO - Dependencies all met for dep_context=requeueable deps ti=<TaskInstance: ModelDevelop.get_data scheduled__2026-01-12T07:00:00+00:00 [queued]>
[2026-01-17T13:20:12.156+0000] {taskinstance.py:2193} INFO - Starting attempt 1 of 2
[2026-01-17T13:20:12.188+0000] {taskinstance.py:2217} INFO - Executing <Task(PythonOperator): get_data> on 2026-01-12 07:00:00+00:00
[2026-01-17T13:20:12.204+0000] {standard_task_runner.py:60} INFO - Started process 32840 to run task
[2026-01-17T13:20:12.209+0000] {standard_task_runner.py:87} INFO - Running: ['***', 'tasks', 'run', 'ModelDevelop', 'get_data', 'scheduled__2026-01-12T07:00:00+00:00', '--job-id', '489', '--raw', '--subdir', 'DAGS_FOLDER/example.py', '--cfg-path', '/tmp/tmpf3vztf8a']
[2026-01-17T13:20:12.210+0000] {standard_task_runner.py:88} INFO - Job 489: Subtask get_data
[2026-01-17T13:20:12.221+0000] {warnings.py:109} WARNING - /home/***/.local/lib/python3.9/site-packages/***/settings.py:194: DeprecationWarning: The sql_alchemy_conn option in [core] has been moved to the sql_alchemy_conn option in [database] - the old setting has been used, but please update your config.
  SQL_ALCHEMY_CONN = conf.get("database", "SQL_ALCHEMY_CONN")

[2026-01-17T13:20:12.250+0000] {task_command.py:423} INFO - Running <TaskInstance: ModelDevelop.get_data scheduled__2026-01-12T07:00:00+00:00 [running]> on host ed3184b6b543
[2026-01-17T13:20:12.308+0000] {taskinstance.py:2513} INFO - Exporting env vars: AIRFLOW_CTX_DAG_OWNER='***' AIRFLOW_CTX_DAG_ID='ModelDevelop' AIRFLOW_CTX_TASK_ID='get_data' AIRFLOW_CTX_EXECUTION_DATE='2026-01-12T07:00:00+00:00' AIRFLOW_CTX_TRY_NUMBER='1' AIRFLOW_CTX_DAG_RUN_ID='scheduled__2026-01-12T07:00:00+00:00'
[2026-01-17T13:20:12.320+0000] {python.py:202} INFO - Done. Returned value was: ./iris.csv
[2026-01-17T13:20:12.353+0000] {taskinstance.py:1149} INFO - Marking task as SUCCESS. dag_id=ModelDevelop, task_id=get_data, execution_date=20260112T070000, start_date=20260117T132012, end_date=20260117T132012
[2026-01-17T13:20:12.419+0000] {local_task_job_runner.py:234} INFO - Task exited with return code 0
[2026-01-17T13:20:12.438+0000] {taskinstance.py:3312} INFO - 1 downstream tasks scheduled from follow-on schedule check
[2026-01-17T13:41:45.454+0000] {taskinstance.py:1979} INFO - Dependencies all met for dep_context=non-requeueable deps ti=<TaskInstance: ModelDevelop.get_data scheduled__2026-01-12T07:00:00+00:00 [queued]>
[2026-01-17T13:41:45.460+0000] {taskinstance.py:1979} INFO - Dependencies all met for dep_context=requeueable deps ti=<TaskInstance: ModelDevelop.get_data scheduled__2026-01-12T07:00:00+00:00 [queued]>
[2026-01-17T13:41:45.460+0000] {taskinstance.py:2193} INFO - Starting attempt 1 of 2
[2026-01-17T13:41:45.468+0000] {taskinstance.py:2217} INFO - Executing <Task(PythonOperator): get_data> on 2026-01-12 07:00:00+00:00
[2026-01-17T13:41:45.479+0000] {standard_task_runner.py:60} INFO - Started process 33404 to run task
[2026-01-17T13:41:45.481+0000] {standard_task_runner.py:87} INFO - Running: ['***', 'tasks', 'run', 'ModelDevelop', 'get_data', 'scheduled__2026-01-12T07:00:00+00:00', '--job-id', '495', '--raw', '--subdir', 'DAGS_FOLDER/example.py', '--cfg-path', '/tmp/tmpx2v_12f4']
[2026-01-17T13:41:45.482+0000] {standard_task_runner.py:88} INFO - Job 495: Subtask get_data
[2026-01-17T13:41:45.494+0000] {warnings.py:109} WARNING - /home/***/.local/lib/python3.9/site-packages/***/settings.py:194: DeprecationWarning: The sql_alchemy_conn option in [core] has been moved to the sql_alchemy_conn option in [database] - the old setting has been used, but please update your config.
  SQL_ALCHEMY_CONN = conf.get("database", "SQL_ALCHEMY_CONN")

[2026-01-17T13:41:45.532+0000] {task_command.py:423} INFO - Running <TaskInstance: ModelDevelop.get_data scheduled__2026-01-12T07:00:00+00:00 [running]> on host 5330652dc216
[2026-01-17T13:41:45.619+0000] {taskinstance.py:2513} INFO - Exporting env vars: AIRFLOW_CTX_DAG_OWNER='***' AIRFLOW_CTX_DAG_ID='ModelDevelop' AIRFLOW_CTX_TASK_ID='get_data' AIRFLOW_CTX_EXECUTION_DATE='2026-01-12T07:00:00+00:00' AIRFLOW_CTX_TRY_NUMBER='1' AIRFLOW_CTX_DAG_RUN_ID='scheduled__2026-01-12T07:00:00+00:00'
[2026-01-17T13:41:45.629+0000] {python.py:202} INFO - Done. Returned value was: ./iris.csv
[2026-01-17T13:41:45.643+0000] {taskinstance.py:1149} INFO - Marking task as SUCCESS. dag_id=ModelDevelop, task_id=get_data, execution_date=20260112T070000, start_date=20260117T134145, end_date=20260117T134145
[2026-01-17T13:41:45.698+0000] {local_task_job_runner.py:234} INFO - Task exited with return code 0
[2026-01-17T13:41:45.712+0000] {taskinstance.py:3312} INFO - 0 downstream tasks scheduled from follow-on schedule check
