[2026-03-08T12:14:38.999+0000] {taskinstance.py:1979} INFO - Dependencies all met for dep_context=non-requeueable deps ti=<TaskInstance: ExampleDAG.get_data scheduled__2026-03-06T18:00:00+00:00 [queued]>
[2026-03-08T12:14:39.004+0000] {taskinstance.py:1979} INFO - Dependencies all met for dep_context=requeueable deps ti=<TaskInstance: ExampleDAG.get_data scheduled__2026-03-06T18:00:00+00:00 [queued]>
[2026-03-08T12:14:39.005+0000] {taskinstance.py:2193} INFO - Starting attempt 1 of 2
[2026-03-08T12:14:39.015+0000] {taskinstance.py:2217} INFO - Executing <Task(PythonOperator): get_data> on 2026-03-06 18:00:00+00:00
[2026-03-08T12:14:39.020+0000] {standard_task_runner.py:60} INFO - Started process 107 to run task
[2026-03-08T12:14:39.023+0000] {standard_task_runner.py:87} INFO - Running: ['***', 'tasks', 'run', 'ExampleDAG', 'get_data', 'scheduled__2026-03-06T18:00:00+00:00', '--job-id', '2', '--raw', '--subdir', 'DAGS_FOLDER/exercise_QAs.py', '--cfg-path', '/tmp/tmpd54iivn9']
[2026-03-08T12:14:39.023+0000] {standard_task_runner.py:88} INFO - Job 2: Subtask get_data
[2026-03-08T12:14:39.032+0000] {warnings.py:109} WARNING - /home/***/.local/lib/python3.9/site-packages/***/settings.py:194: DeprecationWarning: The sql_alchemy_conn option in [core] has been moved to the sql_alchemy_conn option in [database] - the old setting has been used, but please update your config.
  SQL_ALCHEMY_CONN = conf.get("database", "SQL_ALCHEMY_CONN")

[2026-03-08T12:14:39.053+0000] {task_command.py:423} INFO - Running <TaskInstance: ExampleDAG.get_data scheduled__2026-03-06T18:00:00+00:00 [running]> on host 80e438430d2d
[2026-03-08T12:14:39.095+0000] {taskinstance.py:2513} INFO - Exporting env vars: AIRFLOW_CTX_DAG_OWNER='***' AIRFLOW_CTX_DAG_ID='ExampleDAG' AIRFLOW_CTX_TASK_ID='get_data' AIRFLOW_CTX_EXECUTION_DATE='2026-03-06T18:00:00+00:00' AIRFLOW_CTX_TRY_NUMBER='1' AIRFLOW_CTX_DAG_RUN_ID='scheduled__2026-03-06T18:00:00+00:00'
[2026-03-08T12:14:39.104+0000] {python.py:202} INFO - Done. Returned value was: ./iris.csv
[2026-03-08T12:14:39.116+0000] {taskinstance.py:1149} INFO - Marking task as SUCCESS. dag_id=ExampleDAG, task_id=get_data, execution_date=20260306T180000, start_date=20260308T121438, end_date=20260308T121439
[2026-03-08T12:14:39.154+0000] {local_task_job_runner.py:234} INFO - Task exited with return code 0
[2026-03-08T12:14:39.170+0000] {taskinstance.py:3312} INFO - 1 downstream tasks scheduled from follow-on schedule check
[2026-03-08T12:20:14.128+0000] {taskinstance.py:1979} INFO - Dependencies all met for dep_context=non-requeueable deps ti=<TaskInstance: ExampleDAG.get_data scheduled__2026-03-06T18:00:00+00:00 [queued]>
[2026-03-08T12:20:14.132+0000] {taskinstance.py:1979} INFO - Dependencies all met for dep_context=requeueable deps ti=<TaskInstance: ExampleDAG.get_data scheduled__2026-03-06T18:00:00+00:00 [queued]>
[2026-03-08T12:20:14.132+0000] {taskinstance.py:2193} INFO - Starting attempt 1 of 2
[2026-03-08T12:20:14.138+0000] {taskinstance.py:2217} INFO - Executing <Task(PythonOperator): get_data> on 2026-03-06 18:00:00+00:00
[2026-03-08T12:20:14.143+0000] {standard_task_runner.py:60} INFO - Started process 140 to run task
[2026-03-08T12:20:14.145+0000] {standard_task_runner.py:87} INFO - Running: ['***', 'tasks', 'run', 'ExampleDAG', 'get_data', 'scheduled__2026-03-06T18:00:00+00:00', '--job-id', '3', '--raw', '--subdir', 'DAGS_FOLDER/exercise_QAs.py', '--cfg-path', '/tmp/tmp3b4ogi9v']
[2026-03-08T12:20:14.146+0000] {standard_task_runner.py:88} INFO - Job 3: Subtask get_data
[2026-03-08T12:20:14.153+0000] {warnings.py:109} WARNING - /home/***/.local/lib/python3.9/site-packages/***/settings.py:194: DeprecationWarning: The sql_alchemy_conn option in [core] has been moved to the sql_alchemy_conn option in [database] - the old setting has been used, but please update your config.
  SQL_ALCHEMY_CONN = conf.get("database", "SQL_ALCHEMY_CONN")

[2026-03-08T12:20:14.172+0000] {task_command.py:423} INFO - Running <TaskInstance: ExampleDAG.get_data scheduled__2026-03-06T18:00:00+00:00 [running]> on host bd54e6a53d9e
[2026-03-08T12:20:14.209+0000] {taskinstance.py:2513} INFO - Exporting env vars: AIRFLOW_CTX_DAG_OWNER='***' AIRFLOW_CTX_DAG_ID='ExampleDAG' AIRFLOW_CTX_TASK_ID='get_data' AIRFLOW_CTX_EXECUTION_DATE='2026-03-06T18:00:00+00:00' AIRFLOW_CTX_TRY_NUMBER='1' AIRFLOW_CTX_DAG_RUN_ID='scheduled__2026-03-06T18:00:00+00:00'
[2026-03-08T12:20:14.216+0000] {python.py:202} INFO - Done. Returned value was: ./iris.csv
[2026-03-08T12:20:14.228+0000] {taskinstance.py:1149} INFO - Marking task as SUCCESS. dag_id=ExampleDAG, task_id=get_data, execution_date=20260306T180000, start_date=20260308T122014, end_date=20260308T122014
[2026-03-08T12:20:14.277+0000] {local_task_job_runner.py:234} INFO - Task exited with return code 0
[2026-03-08T12:20:14.288+0000] {taskinstance.py:3312} INFO - 0 downstream tasks scheduled from follow-on schedule check
[2026-03-08T12:59:05.076+0000] {taskinstance.py:1979} INFO - Dependencies all met for dep_context=non-requeueable deps ti=<TaskInstance: ExampleDAG.get_data scheduled__2026-03-06T18:00:00+00:00 [queued]>
[2026-03-08T12:59:05.080+0000] {taskinstance.py:1979} INFO - Dependencies all met for dep_context=requeueable deps ti=<TaskInstance: ExampleDAG.get_data scheduled__2026-03-06T18:00:00+00:00 [queued]>
[2026-03-08T12:59:05.080+0000] {taskinstance.py:2193} INFO - Starting attempt 1 of 2
[2026-03-08T12:59:05.086+0000] {taskinstance.py:2217} INFO - Executing <Task(PythonOperator): get_data> on 2026-03-06 18:00:00+00:00
[2026-03-08T12:59:05.091+0000] {standard_task_runner.py:60} INFO - Started process 106 to run task
[2026-03-08T12:59:05.094+0000] {standard_task_runner.py:87} INFO - Running: ['***', 'tasks', 'run', 'ExampleDAG', 'get_data', 'scheduled__2026-03-06T18:00:00+00:00', '--job-id', '2', '--raw', '--subdir', 'DAGS_FOLDER/exercise_QAs.py', '--cfg-path', '/tmp/tmpuu3gxxyj']
[2026-03-08T12:59:05.095+0000] {standard_task_runner.py:88} INFO - Job 2: Subtask get_data
[2026-03-08T12:59:05.102+0000] {warnings.py:109} WARNING - /home/***/.local/lib/python3.9/site-packages/***/settings.py:194: DeprecationWarning: The sql_alchemy_conn option in [core] has been moved to the sql_alchemy_conn option in [database] - the old setting has been used, but please update your config.
  SQL_ALCHEMY_CONN = conf.get("database", "SQL_ALCHEMY_CONN")

[2026-03-08T12:59:05.123+0000] {task_command.py:423} INFO - Running <TaskInstance: ExampleDAG.get_data scheduled__2026-03-06T18:00:00+00:00 [running]> on host 6872b609bffe
[2026-03-08T12:59:05.163+0000] {taskinstance.py:2513} INFO - Exporting env vars: AIRFLOW_CTX_DAG_OWNER='***' AIRFLOW_CTX_DAG_ID='ExampleDAG' AIRFLOW_CTX_TASK_ID='get_data' AIRFLOW_CTX_EXECUTION_DATE='2026-03-06T18:00:00+00:00' AIRFLOW_CTX_TRY_NUMBER='1' AIRFLOW_CTX_DAG_RUN_ID='scheduled__2026-03-06T18:00:00+00:00'
[2026-03-08T12:59:05.172+0000] {python.py:202} INFO - Done. Returned value was: ./iris.csv
[2026-03-08T12:59:05.184+0000] {taskinstance.py:1149} INFO - Marking task as SUCCESS. dag_id=ExampleDAG, task_id=get_data, execution_date=20260306T180000, start_date=20260308T125905, end_date=20260308T125905
[2026-03-08T12:59:05.225+0000] {local_task_job_runner.py:234} INFO - Task exited with return code 0
[2026-03-08T12:59:05.238+0000] {taskinstance.py:3312} INFO - 1 downstream tasks scheduled from follow-on schedule check
