[2026-03-25T07:03:13.858+0000] {taskinstance.py:1979} INFO - Dependencies all met for dep_context=non-requeueable deps ti=<TaskInstance: ExampleDAG.get_data scheduled__2026-03-23T18:00:00+00:00 [queued]>
[2026-03-25T07:03:13.862+0000] {taskinstance.py:1979} INFO - Dependencies all met for dep_context=requeueable deps ti=<TaskInstance: ExampleDAG.get_data scheduled__2026-03-23T18:00:00+00:00 [queued]>
[2026-03-25T07:03:13.863+0000] {taskinstance.py:2193} INFO - Starting attempt 1 of 2
[2026-03-25T07:03:13.868+0000] {taskinstance.py:2217} INFO - Executing <Task(PythonOperator): get_data> on 2026-03-23 18:00:00+00:00
[2026-03-25T07:03:13.874+0000] {standard_task_runner.py:60} INFO - Started process 140 to run task
[2026-03-25T07:03:13.876+0000] {standard_task_runner.py:87} INFO - Running: ['***', 'tasks', 'run', 'ExampleDAG', 'get_data', 'scheduled__2026-03-23T18:00:00+00:00', '--job-id', '3', '--raw', '--subdir', 'DAGS_FOLDER/ExampleDAG.py', '--cfg-path', '/tmp/tmpa8qb5wik']
[2026-03-25T07:03:13.877+0000] {standard_task_runner.py:88} INFO - Job 3: Subtask get_data
[2026-03-25T07:03:13.884+0000] {warnings.py:109} WARNING - /home/***/.local/lib/python3.9/site-packages/***/settings.py:194: DeprecationWarning: The sql_alchemy_conn option in [core] has been moved to the sql_alchemy_conn option in [database] - the old setting has been used, but please update your config.
  SQL_ALCHEMY_CONN = conf.get("database", "SQL_ALCHEMY_CONN")

[2026-03-25T07:03:13.904+0000] {task_command.py:423} INFO - Running <TaskInstance: ExampleDAG.get_data scheduled__2026-03-23T18:00:00+00:00 [running]> on host 7bd7033660bb
[2026-03-25T07:03:13.944+0000] {taskinstance.py:2513} INFO - Exporting env vars: AIRFLOW_CTX_DAG_OWNER='***' AIRFLOW_CTX_DAG_ID='ExampleDAG' AIRFLOW_CTX_TASK_ID='get_data' AIRFLOW_CTX_EXECUTION_DATE='2026-03-23T18:00:00+00:00' AIRFLOW_CTX_TRY_NUMBER='1' AIRFLOW_CTX_DAG_RUN_ID='scheduled__2026-03-23T18:00:00+00:00'
[2026-03-25T07:03:13.952+0000] {python.py:202} INFO - Done. Returned value was: ./iris.csv
[2026-03-25T07:03:13.963+0000] {taskinstance.py:1149} INFO - Marking task as SUCCESS. dag_id=ExampleDAG, task_id=get_data, execution_date=20260323T180000, start_date=20260325T070313, end_date=20260325T070313
[2026-03-25T07:03:14.008+0000] {local_task_job_runner.py:234} INFO - Task exited with return code 0
[2026-03-25T07:03:14.020+0000] {taskinstance.py:3312} INFO - 0 downstream tasks scheduled from follow-on schedule check
[2026-03-25T07:43:15.215+0000] {taskinstance.py:1979} INFO - Dependencies all met for dep_context=non-requeueable deps ti=<TaskInstance: ExampleDAG.get_data scheduled__2026-03-23T18:00:00+00:00 [queued]>
[2026-03-25T07:43:15.219+0000] {taskinstance.py:1979} INFO - Dependencies all met for dep_context=requeueable deps ti=<TaskInstance: ExampleDAG.get_data scheduled__2026-03-23T18:00:00+00:00 [queued]>
[2026-03-25T07:43:15.219+0000] {taskinstance.py:2193} INFO - Starting attempt 1 of 2
[2026-03-25T07:43:15.225+0000] {taskinstance.py:2217} INFO - Executing <Task(PythonOperator): get_data> on 2026-03-23 18:00:00+00:00
[2026-03-25T07:43:15.231+0000] {standard_task_runner.py:60} INFO - Started process 140 to run task
[2026-03-25T07:43:15.233+0000] {standard_task_runner.py:87} INFO - Running: ['***', 'tasks', 'run', 'ExampleDAG', 'get_data', 'scheduled__2026-03-23T18:00:00+00:00', '--job-id', '3', '--raw', '--subdir', 'DAGS_FOLDER/ExampleDAG.py', '--cfg-path', '/tmp/tmp2o7pfmdx']
[2026-03-25T07:43:15.233+0000] {standard_task_runner.py:88} INFO - Job 3: Subtask get_data
[2026-03-25T07:43:15.240+0000] {warnings.py:109} WARNING - /home/***/.local/lib/python3.9/site-packages/***/settings.py:194: DeprecationWarning: The sql_alchemy_conn option in [core] has been moved to the sql_alchemy_conn option in [database] - the old setting has been used, but please update your config.
  SQL_ALCHEMY_CONN = conf.get("database", "SQL_ALCHEMY_CONN")

[2026-03-25T07:43:15.261+0000] {task_command.py:423} INFO - Running <TaskInstance: ExampleDAG.get_data scheduled__2026-03-23T18:00:00+00:00 [running]> on host 7b1e4626eb9b
[2026-03-25T07:43:15.301+0000] {taskinstance.py:2513} INFO - Exporting env vars: AIRFLOW_CTX_DAG_OWNER='***' AIRFLOW_CTX_DAG_ID='ExampleDAG' AIRFLOW_CTX_TASK_ID='get_data' AIRFLOW_CTX_EXECUTION_DATE='2026-03-23T18:00:00+00:00' AIRFLOW_CTX_TRY_NUMBER='1' AIRFLOW_CTX_DAG_RUN_ID='scheduled__2026-03-23T18:00:00+00:00'
[2026-03-25T07:43:15.309+0000] {python.py:202} INFO - Done. Returned value was: ./iris.csv
[2026-03-25T07:43:15.321+0000] {taskinstance.py:1149} INFO - Marking task as SUCCESS. dag_id=ExampleDAG, task_id=get_data, execution_date=20260323T180000, start_date=20260325T074315, end_date=20260325T074315
[2026-03-25T07:43:15.364+0000] {local_task_job_runner.py:234} INFO - Task exited with return code 0
[2026-03-25T07:43:15.377+0000] {taskinstance.py:3312} INFO - 0 downstream tasks scheduled from follow-on schedule check
