[2026-01-28T02:10:02.429+0000] {taskinstance.py:1979} INFO - Dependencies all met for dep_context=non-requeueable deps ti=<TaskInstance: DataDriftRetrainDAG.detect_drift scheduled__2026-01-28T02:08:00+00:00 [queued]>
[2026-01-28T02:10:02.433+0000] {taskinstance.py:1979} INFO - Dependencies all met for dep_context=requeueable deps ti=<TaskInstance: DataDriftRetrainDAG.detect_drift scheduled__2026-01-28T02:08:00+00:00 [queued]>
[2026-01-28T02:10:02.433+0000] {taskinstance.py:2193} INFO - Starting attempt 1 of 2
[2026-01-28T02:10:02.440+0000] {taskinstance.py:2217} INFO - Executing <Task(BranchPythonOperator): detect_drift> on 2026-01-28 02:08:00+00:00
[2026-01-28T02:10:02.445+0000] {standard_task_runner.py:60} INFO - Started process 1496 to run task
[2026-01-28T02:10:02.447+0000] {standard_task_runner.py:87} INFO - Running: ['***', 'tasks', 'run', 'DataDriftRetrainDAG', 'detect_drift', 'scheduled__2026-01-28T02:08:00+00:00', '--job-id', '39', '--raw', '--subdir', 'DAGS_FOLDER/example_drift.py', '--cfg-path', '/tmp/tmpq9n723sf']
[2026-01-28T02:10:02.448+0000] {standard_task_runner.py:88} INFO - Job 39: Subtask detect_drift
[2026-01-28T02:10:02.455+0000] {warnings.py:109} WARNING - /home/***/.local/lib/python3.9/site-packages/***/settings.py:194: DeprecationWarning: The sql_alchemy_conn option in [core] has been moved to the sql_alchemy_conn option in [database] - the old setting has been used, but please update your config.
  SQL_ALCHEMY_CONN = conf.get("database", "SQL_ALCHEMY_CONN")

[2026-01-28T02:10:02.476+0000] {task_command.py:423} INFO - Running <TaskInstance: DataDriftRetrainDAG.detect_drift scheduled__2026-01-28T02:08:00+00:00 [running]> on host f59c28b2edea
[2026-01-28T02:10:02.518+0000] {taskinstance.py:2513} INFO - Exporting env vars: AIRFLOW_CTX_DAG_OWNER='***' AIRFLOW_CTX_DAG_ID='DataDriftRetrainDAG' AIRFLOW_CTX_TASK_ID='detect_drift' AIRFLOW_CTX_EXECUTION_DATE='2026-01-28T02:08:00+00:00' AIRFLOW_CTX_TRY_NUMBER='1' AIRFLOW_CTX_DAG_RUN_ID='scheduled__2026-01-28T02:08:00+00:00'
[2026-01-28T02:10:02.530+0000] {logging_mixin.py:188} INFO - PSI scores: {'sepal length (cm)': 0.0, 'sepal width (cm)': 0.0, 'petal length (cm)': 0.0, 'petal width (cm)': 0.0}
[2026-01-28T02:10:02.530+0000] {logging_mixin.py:188} INFO - AVG PSI: 0.0
[2026-01-28T02:10:02.530+0000] {python.py:202} INFO - Done. Returned value was: no_drift
[2026-01-28T02:10:02.531+0000] {branch.py:35} INFO - Branch into no_drift
[2026-01-28T02:10:02.531+0000] {skipmixin.py:178} INFO - Following branch no_drift
[2026-01-28T02:10:02.539+0000] {skipmixin.py:244} INFO - Skipping tasks [('train_fit', -1)]
[2026-01-28T02:10:02.562+0000] {taskinstance.py:1149} INFO - Marking task as SUCCESS. dag_id=DataDriftRetrainDAG, task_id=detect_drift, execution_date=20260128T020800, start_date=20260128T021002, end_date=20260128T021002
[2026-01-28T02:10:02.579+0000] {local_task_job_runner.py:234} INFO - Task exited with return code 0
[2026-01-28T02:10:02.607+0000] {taskinstance.py:3312} INFO - 0 downstream tasks scheduled from follow-on schedule check
[2026-01-28T02:10:50.639+0000] {taskinstance.py:1979} INFO - Dependencies all met for dep_context=non-requeueable deps ti=<TaskInstance: DataDriftRetrainDAG.detect_drift scheduled__2026-01-28T02:08:00+00:00 [queued]>
[2026-01-28T02:10:50.643+0000] {taskinstance.py:1979} INFO - Dependencies all met for dep_context=requeueable deps ti=<TaskInstance: DataDriftRetrainDAG.detect_drift scheduled__2026-01-28T02:08:00+00:00 [queued]>
[2026-01-28T02:10:50.643+0000] {taskinstance.py:2193} INFO - Starting attempt 1 of 2
[2026-01-28T02:10:50.649+0000] {taskinstance.py:2217} INFO - Executing <Task(BranchPythonOperator): detect_drift> on 2026-01-28 02:08:00+00:00
[2026-01-28T02:10:50.654+0000] {standard_task_runner.py:60} INFO - Started process 1732 to run task
[2026-01-28T02:10:50.656+0000] {standard_task_runner.py:87} INFO - Running: ['***', 'tasks', 'run', 'DataDriftRetrainDAG', 'detect_drift', 'scheduled__2026-01-28T02:08:00+00:00', '--job-id', '44', '--raw', '--subdir', 'DAGS_FOLDER/example_drift.py', '--cfg-path', '/tmp/tmp1qxxfc6z']
[2026-01-28T02:10:50.657+0000] {standard_task_runner.py:88} INFO - Job 44: Subtask detect_drift
[2026-01-28T02:10:50.665+0000] {warnings.py:109} WARNING - /home/***/.local/lib/python3.9/site-packages/***/settings.py:194: DeprecationWarning: The sql_alchemy_conn option in [core] has been moved to the sql_alchemy_conn option in [database] - the old setting has been used, but please update your config.
  SQL_ALCHEMY_CONN = conf.get("database", "SQL_ALCHEMY_CONN")

[2026-01-28T02:10:50.688+0000] {task_command.py:423} INFO - Running <TaskInstance: DataDriftRetrainDAG.detect_drift scheduled__2026-01-28T02:08:00+00:00 [running]> on host f59c28b2edea
[2026-01-28T02:10:50.727+0000] {taskinstance.py:2513} INFO - Exporting env vars: AIRFLOW_CTX_DAG_OWNER='***' AIRFLOW_CTX_DAG_ID='DataDriftRetrainDAG' AIRFLOW_CTX_TASK_ID='detect_drift' AIRFLOW_CTX_EXECUTION_DATE='2026-01-28T02:08:00+00:00' AIRFLOW_CTX_TRY_NUMBER='1' AIRFLOW_CTX_DAG_RUN_ID='scheduled__2026-01-28T02:08:00+00:00'
[2026-01-28T02:10:50.740+0000] {logging_mixin.py:188} INFO - PSI scores: {'sepal length (cm)': 11.729498379509511, 'sepal width (cm)': 10.749310123474372, 'petal length (cm)': 11.7115179469381, 'petal width (cm)': 0.3814956586282767}
[2026-01-28T02:10:50.740+0000] {logging_mixin.py:188} INFO - AVG PSI: 8.642955527137564
[2026-01-28T02:10:50.740+0000] {python.py:202} INFO - Done. Returned value was: train_fit
[2026-01-28T02:10:50.740+0000] {branch.py:35} INFO - Branch into train_fit
[2026-01-28T02:10:50.740+0000] {skipmixin.py:178} INFO - Following branch train_fit
[2026-01-28T02:10:50.751+0000] {skipmixin.py:244} INFO - Skipping tasks [('no_drift', -1)]
[2026-01-28T02:10:50.774+0000] {taskinstance.py:1149} INFO - Marking task as SUCCESS. dag_id=DataDriftRetrainDAG, task_id=detect_drift, execution_date=20260128T020800, start_date=20260128T021050, end_date=20260128T021050
[2026-01-28T02:10:50.788+0000] {local_task_job_runner.py:234} INFO - Task exited with return code 0
[2026-01-28T02:10:50.810+0000] {taskinstance.py:3312} INFO - 0 downstream tasks scheduled from follow-on schedule check
[2026-01-28T02:11:20.877+0000] {taskinstance.py:1979} INFO - Dependencies all met for dep_context=non-requeueable deps ti=<TaskInstance: DataDriftRetrainDAG.detect_drift scheduled__2026-01-28T02:08:00+00:00 [queued]>
[2026-01-28T02:11:20.881+0000] {taskinstance.py:1979} INFO - Dependencies all met for dep_context=requeueable deps ti=<TaskInstance: DataDriftRetrainDAG.detect_drift scheduled__2026-01-28T02:08:00+00:00 [queued]>
[2026-01-28T02:11:20.881+0000] {taskinstance.py:2193} INFO - Starting attempt 1 of 2
[2026-01-28T02:11:20.887+0000] {taskinstance.py:2217} INFO - Executing <Task(BranchPythonOperator): detect_drift> on 2026-01-28 02:08:00+00:00
[2026-01-28T02:11:20.893+0000] {standard_task_runner.py:60} INFO - Started process 2068 to run task
[2026-01-28T02:11:20.895+0000] {standard_task_runner.py:87} INFO - Running: ['***', 'tasks', 'run', 'DataDriftRetrainDAG', 'detect_drift', 'scheduled__2026-01-28T02:08:00+00:00', '--job-id', '50', '--raw', '--subdir', 'DAGS_FOLDER/example_drift.py', '--cfg-path', '/tmp/tmpeqz9icaj']
[2026-01-28T02:11:20.896+0000] {standard_task_runner.py:88} INFO - Job 50: Subtask detect_drift
[2026-01-28T02:11:20.903+0000] {warnings.py:109} WARNING - /home/***/.local/lib/python3.9/site-packages/***/settings.py:194: DeprecationWarning: The sql_alchemy_conn option in [core] has been moved to the sql_alchemy_conn option in [database] - the old setting has been used, but please update your config.
  SQL_ALCHEMY_CONN = conf.get("database", "SQL_ALCHEMY_CONN")

[2026-01-28T02:11:20.926+0000] {task_command.py:423} INFO - Running <TaskInstance: DataDriftRetrainDAG.detect_drift scheduled__2026-01-28T02:08:00+00:00 [running]> on host f59c28b2edea
[2026-01-28T02:11:20.967+0000] {taskinstance.py:2513} INFO - Exporting env vars: AIRFLOW_CTX_DAG_OWNER='***' AIRFLOW_CTX_DAG_ID='DataDriftRetrainDAG' AIRFLOW_CTX_TASK_ID='detect_drift' AIRFLOW_CTX_EXECUTION_DATE='2026-01-28T02:08:00+00:00' AIRFLOW_CTX_TRY_NUMBER='1' AIRFLOW_CTX_DAG_RUN_ID='scheduled__2026-01-28T02:08:00+00:00'
[2026-01-28T02:11:20.979+0000] {logging_mixin.py:188} INFO - PSI scores: {'sepal length (cm)': 11.729498379509511, 'sepal width (cm)': 10.749310123474372, 'petal length (cm)': 11.7115179469381, 'petal width (cm)': 0.3814956586282767}
[2026-01-28T02:11:20.979+0000] {logging_mixin.py:188} INFO - AVG PSI: 8.642955527137564
[2026-01-28T02:11:20.980+0000] {python.py:202} INFO - Done. Returned value was: train_fit
[2026-01-28T02:11:20.980+0000] {branch.py:35} INFO - Branch into train_fit
[2026-01-28T02:11:20.980+0000] {skipmixin.py:178} INFO - Following branch train_fit
[2026-01-28T02:11:20.991+0000] {skipmixin.py:244} INFO - Skipping tasks [('no_drift', -1)]
[2026-01-28T02:11:21.014+0000] {taskinstance.py:1149} INFO - Marking task as SUCCESS. dag_id=DataDriftRetrainDAG, task_id=detect_drift, execution_date=20260128T020800, start_date=20260128T021120, end_date=20260128T021121
[2026-01-28T02:11:21.066+0000] {local_task_job_runner.py:234} INFO - Task exited with return code 0
[2026-01-28T02:11:21.078+0000] {taskinstance.py:3312} INFO - 0 downstream tasks scheduled from follow-on schedule check
