[2026-01-16T07:56:49.309+0000] {taskinstance.py:1979} INFO - Dependencies all met for dep_context=non-requeueable deps ti=<TaskInstance: ModelDevelop.get_data scheduled__2026-01-13T23:00:00+00:00 [queued]>
[2026-01-16T07:56:49.316+0000] {taskinstance.py:1979} INFO - Dependencies all met for dep_context=requeueable deps ti=<TaskInstance: ModelDevelop.get_data scheduled__2026-01-13T23:00:00+00:00 [queued]>
[2026-01-16T07:56:49.316+0000] {taskinstance.py:2193} INFO - Starting attempt 1 of 2
[2026-01-16T07:56:49.328+0000] {taskinstance.py:2217} INFO - Executing <Task(PythonOperator): get_data> on 2026-01-13 23:00:00+00:00
[2026-01-16T07:56:49.336+0000] {standard_task_runner.py:60} INFO - Started process 37497 to run task
[2026-01-16T07:56:49.339+0000] {standard_task_runner.py:87} INFO - Running: ['***', 'tasks', 'run', 'ModelDevelop', 'get_data', 'scheduled__2026-01-13T23:00:00+00:00', '--job-id', '563', '--raw', '--subdir', 'DAGS_FOLDER/example.py', '--cfg-path', '/tmp/tmphwty_hli']
[2026-01-16T07:56:49.339+0000] {standard_task_runner.py:88} INFO - Job 563: Subtask get_data
[2026-01-16T07:56:49.349+0000] {warnings.py:109} WARNING - /home/***/.local/lib/python3.9/site-packages/***/settings.py:194: DeprecationWarning: The sql_alchemy_conn option in [core] has been moved to the sql_alchemy_conn option in [database] - the old setting has been used, but please update your config.
  SQL_ALCHEMY_CONN = conf.get("database", "SQL_ALCHEMY_CONN")

[2026-01-16T07:56:49.376+0000] {task_command.py:423} INFO - Running <TaskInstance: ModelDevelop.get_data scheduled__2026-01-13T23:00:00+00:00 [running]> on host 8a4f043652f0
[2026-01-16T07:56:49.435+0000] {taskinstance.py:2513} INFO - Exporting env vars: AIRFLOW_CTX_DAG_OWNER='***' AIRFLOW_CTX_DAG_ID='ModelDevelop' AIRFLOW_CTX_TASK_ID='get_data' AIRFLOW_CTX_EXECUTION_DATE='2026-01-13T23:00:00+00:00' AIRFLOW_CTX_TRY_NUMBER='1' AIRFLOW_CTX_DAG_RUN_ID='scheduled__2026-01-13T23:00:00+00:00'
[2026-01-16T07:56:49.447+0000] {python.py:202} INFO - Done. Returned value was: ./iris.csv
[2026-01-16T07:56:49.462+0000] {taskinstance.py:1149} INFO - Marking task as SUCCESS. dag_id=ModelDevelop, task_id=get_data, execution_date=20260113T230000, start_date=20260116T075649, end_date=20260116T075649
[2026-01-16T07:56:49.516+0000] {local_task_job_runner.py:234} INFO - Task exited with return code 0
[2026-01-16T07:56:49.535+0000] {taskinstance.py:3312} INFO - 1 downstream tasks scheduled from follow-on schedule check
[2026-01-17T13:20:32.617+0000] {taskinstance.py:1979} INFO - Dependencies all met for dep_context=non-requeueable deps ti=<TaskInstance: ModelDevelop.get_data scheduled__2026-01-13T23:00:00+00:00 [queued]>
[2026-01-17T13:20:32.636+0000] {taskinstance.py:1979} INFO - Dependencies all met for dep_context=requeueable deps ti=<TaskInstance: ModelDevelop.get_data scheduled__2026-01-13T23:00:00+00:00 [queued]>
[2026-01-17T13:20:32.636+0000] {taskinstance.py:2193} INFO - Starting attempt 1 of 2
[2026-01-17T13:20:32.655+0000] {taskinstance.py:2217} INFO - Executing <Task(PythonOperator): get_data> on 2026-01-13 23:00:00+00:00
[2026-01-17T13:20:32.664+0000] {standard_task_runner.py:60} INFO - Started process 37468 to run task
[2026-01-17T13:20:32.666+0000] {standard_task_runner.py:87} INFO - Running: ['***', 'tasks', 'run', 'ModelDevelop', 'get_data', 'scheduled__2026-01-13T23:00:00+00:00', '--job-id', '562', '--raw', '--subdir', 'DAGS_FOLDER/example.py', '--cfg-path', '/tmp/tmpapth11uc']
[2026-01-17T13:20:32.667+0000] {standard_task_runner.py:88} INFO - Job 562: Subtask get_data
[2026-01-17T13:20:32.677+0000] {warnings.py:109} WARNING - /home/***/.local/lib/python3.9/site-packages/***/settings.py:194: DeprecationWarning: The sql_alchemy_conn option in [core] has been moved to the sql_alchemy_conn option in [database] - the old setting has been used, but please update your config.
  SQL_ALCHEMY_CONN = conf.get("database", "SQL_ALCHEMY_CONN")

[2026-01-17T13:20:32.707+0000] {task_command.py:423} INFO - Running <TaskInstance: ModelDevelop.get_data scheduled__2026-01-13T23:00:00+00:00 [running]> on host ed3184b6b543
[2026-01-17T13:20:32.839+0000] {taskinstance.py:2513} INFO - Exporting env vars: AIRFLOW_CTX_DAG_OWNER='***' AIRFLOW_CTX_DAG_ID='ModelDevelop' AIRFLOW_CTX_TASK_ID='get_data' AIRFLOW_CTX_EXECUTION_DATE='2026-01-13T23:00:00+00:00' AIRFLOW_CTX_TRY_NUMBER='1' AIRFLOW_CTX_DAG_RUN_ID='scheduled__2026-01-13T23:00:00+00:00'
[2026-01-17T13:20:32.851+0000] {python.py:202} INFO - Done. Returned value was: ./iris.csv
[2026-01-17T13:20:32.866+0000] {taskinstance.py:1149} INFO - Marking task as SUCCESS. dag_id=ModelDevelop, task_id=get_data, execution_date=20260113T230000, start_date=20260117T132032, end_date=20260117T132032
[2026-01-17T13:20:32.919+0000] {local_task_job_runner.py:234} INFO - Task exited with return code 0
[2026-01-17T13:20:32.968+0000] {taskinstance.py:3312} INFO - 1 downstream tasks scheduled from follow-on schedule check
[2026-01-17T13:42:07.462+0000] {taskinstance.py:1979} INFO - Dependencies all met for dep_context=non-requeueable deps ti=<TaskInstance: ModelDevelop.get_data scheduled__2026-01-13T23:00:00+00:00 [queued]>
[2026-01-17T13:42:07.480+0000] {taskinstance.py:1979} INFO - Dependencies all met for dep_context=requeueable deps ti=<TaskInstance: ModelDevelop.get_data scheduled__2026-01-13T23:00:00+00:00 [queued]>
[2026-01-17T13:42:07.480+0000] {taskinstance.py:2193} INFO - Starting attempt 1 of 2
[2026-01-17T13:42:07.512+0000] {taskinstance.py:2217} INFO - Executing <Task(PythonOperator): get_data> on 2026-01-13 23:00:00+00:00
[2026-01-17T13:42:07.525+0000] {standard_task_runner.py:60} INFO - Started process 38003 to run task
[2026-01-17T13:42:07.532+0000] {standard_task_runner.py:87} INFO - Running: ['***', 'tasks', 'run', 'ModelDevelop', 'get_data', 'scheduled__2026-01-13T23:00:00+00:00', '--job-id', '568', '--raw', '--subdir', 'DAGS_FOLDER/example.py', '--cfg-path', '/tmp/tmp5y3_byln']
[2026-01-17T13:42:07.533+0000] {standard_task_runner.py:88} INFO - Job 568: Subtask get_data
[2026-01-17T13:42:07.542+0000] {warnings.py:109} WARNING - /home/***/.local/lib/python3.9/site-packages/***/settings.py:194: DeprecationWarning: The sql_alchemy_conn option in [core] has been moved to the sql_alchemy_conn option in [database] - the old setting has been used, but please update your config.
  SQL_ALCHEMY_CONN = conf.get("database", "SQL_ALCHEMY_CONN")

[2026-01-17T13:42:07.574+0000] {task_command.py:423} INFO - Running <TaskInstance: ModelDevelop.get_data scheduled__2026-01-13T23:00:00+00:00 [running]> on host 5330652dc216
[2026-01-17T13:42:07.639+0000] {taskinstance.py:2513} INFO - Exporting env vars: AIRFLOW_CTX_DAG_OWNER='***' AIRFLOW_CTX_DAG_ID='ModelDevelop' AIRFLOW_CTX_TASK_ID='get_data' AIRFLOW_CTX_EXECUTION_DATE='2026-01-13T23:00:00+00:00' AIRFLOW_CTX_TRY_NUMBER='1' AIRFLOW_CTX_DAG_RUN_ID='scheduled__2026-01-13T23:00:00+00:00'
[2026-01-17T13:42:07.648+0000] {python.py:202} INFO - Done. Returned value was: ./iris.csv
[2026-01-17T13:42:07.667+0000] {taskinstance.py:1149} INFO - Marking task as SUCCESS. dag_id=ModelDevelop, task_id=get_data, execution_date=20260113T230000, start_date=20260117T134207, end_date=20260117T134207
[2026-01-17T13:42:07.699+0000] {local_task_job_runner.py:234} INFO - Task exited with return code 0
[2026-01-17T13:42:07.781+0000] {taskinstance.py:3312} INFO - 0 downstream tasks scheduled from follow-on schedule check
