[2026-01-17T09:00:01.468+0000] {taskinstance.py:1979} INFO - Dependencies all met for dep_context=non-requeueable deps ti=<TaskInstance: ModelDevelop.get_data scheduled__2026-01-17T08:00:00+00:00 [queued]>
[2026-01-17T09:00:01.472+0000] {taskinstance.py:1979} INFO - Dependencies all met for dep_context=requeueable deps ti=<TaskInstance: ModelDevelop.get_data scheduled__2026-01-17T08:00:00+00:00 [queued]>
[2026-01-17T09:00:01.473+0000] {taskinstance.py:2193} INFO - Starting attempt 1 of 2
[2026-01-17T09:00:01.478+0000] {taskinstance.py:2217} INFO - Executing <Task(PythonOperator): get_data> on 2026-01-17 08:00:00+00:00
[2026-01-17T09:00:01.484+0000] {standard_task_runner.py:60} INFO - Started process 49418 to run task
[2026-01-17T09:00:01.486+0000] {standard_task_runner.py:87} INFO - Running: ['***', 'tasks', 'run', 'ModelDevelop', 'get_data', 'scheduled__2026-01-17T08:00:00+00:00', '--job-id', '738', '--raw', '--subdir', 'DAGS_FOLDER/example.py', '--cfg-path', '/tmp/tmpnwd3_hlj']
[2026-01-17T09:00:01.487+0000] {standard_task_runner.py:88} INFO - Job 738: Subtask get_data
[2026-01-17T09:00:01.497+0000] {warnings.py:109} WARNING - /home/***/.local/lib/python3.9/site-packages/***/settings.py:194: DeprecationWarning: The sql_alchemy_conn option in [core] has been moved to the sql_alchemy_conn option in [database] - the old setting has been used, but please update your config.
  SQL_ALCHEMY_CONN = conf.get("database", "SQL_ALCHEMY_CONN")

[2026-01-17T09:00:01.518+0000] {task_command.py:423} INFO - Running <TaskInstance: ModelDevelop.get_data scheduled__2026-01-17T08:00:00+00:00 [running]> on host 8a4f043652f0
[2026-01-17T09:00:01.562+0000] {taskinstance.py:2513} INFO - Exporting env vars: AIRFLOW_CTX_DAG_OWNER='***' AIRFLOW_CTX_DAG_ID='ModelDevelop' AIRFLOW_CTX_TASK_ID='get_data' AIRFLOW_CTX_EXECUTION_DATE='2026-01-17T08:00:00+00:00' AIRFLOW_CTX_TRY_NUMBER='1' AIRFLOW_CTX_DAG_RUN_ID='scheduled__2026-01-17T08:00:00+00:00'
[2026-01-17T09:00:01.569+0000] {python.py:202} INFO - Done. Returned value was: ./iris.csv
[2026-01-17T09:00:01.581+0000] {taskinstance.py:1149} INFO - Marking task as SUCCESS. dag_id=ModelDevelop, task_id=get_data, execution_date=20260117T080000, start_date=20260117T090001, end_date=20260117T090001
[2026-01-17T09:00:01.618+0000] {local_task_job_runner.py:234} INFO - Task exited with return code 0
[2026-01-17T09:00:01.633+0000] {taskinstance.py:3312} INFO - 1 downstream tasks scheduled from follow-on schedule check
[2026-01-17T13:21:21.852+0000] {taskinstance.py:1979} INFO - Dependencies all met for dep_context=non-requeueable deps ti=<TaskInstance: ModelDevelop.get_data scheduled__2026-01-17T08:00:00+00:00 [queued]>
[2026-01-17T13:21:21.859+0000] {taskinstance.py:1979} INFO - Dependencies all met for dep_context=requeueable deps ti=<TaskInstance: ModelDevelop.get_data scheduled__2026-01-17T08:00:00+00:00 [queued]>
[2026-01-17T13:21:21.860+0000] {taskinstance.py:2193} INFO - Starting attempt 1 of 2
[2026-01-17T13:21:21.870+0000] {taskinstance.py:2217} INFO - Executing <Task(PythonOperator): get_data> on 2026-01-17 08:00:00+00:00
[2026-01-17T13:21:21.878+0000] {standard_task_runner.py:60} INFO - Started process 48290 to run task
[2026-01-17T13:21:21.880+0000] {standard_task_runner.py:87} INFO - Running: ['***', 'tasks', 'run', 'ModelDevelop', 'get_data', 'scheduled__2026-01-17T08:00:00+00:00', '--job-id', '724', '--raw', '--subdir', 'DAGS_FOLDER/example.py', '--cfg-path', '/tmp/tmps6xvo_lq']
[2026-01-17T13:21:21.881+0000] {standard_task_runner.py:88} INFO - Job 724: Subtask get_data
[2026-01-17T13:21:21.890+0000] {warnings.py:109} WARNING - /home/***/.local/lib/python3.9/site-packages/***/settings.py:194: DeprecationWarning: The sql_alchemy_conn option in [core] has been moved to the sql_alchemy_conn option in [database] - the old setting has been used, but please update your config.
  SQL_ALCHEMY_CONN = conf.get("database", "SQL_ALCHEMY_CONN")

[2026-01-17T13:21:21.920+0000] {task_command.py:423} INFO - Running <TaskInstance: ModelDevelop.get_data scheduled__2026-01-17T08:00:00+00:00 [running]> on host ed3184b6b543
[2026-01-17T13:21:22.017+0000] {taskinstance.py:2513} INFO - Exporting env vars: AIRFLOW_CTX_DAG_OWNER='***' AIRFLOW_CTX_DAG_ID='ModelDevelop' AIRFLOW_CTX_TASK_ID='get_data' AIRFLOW_CTX_EXECUTION_DATE='2026-01-17T08:00:00+00:00' AIRFLOW_CTX_TRY_NUMBER='1' AIRFLOW_CTX_DAG_RUN_ID='scheduled__2026-01-17T08:00:00+00:00'
[2026-01-17T13:21:22.030+0000] {python.py:202} INFO - Done. Returned value was: ./iris.csv
[2026-01-17T13:21:22.050+0000] {taskinstance.py:1149} INFO - Marking task as SUCCESS. dag_id=ModelDevelop, task_id=get_data, execution_date=20260117T080000, start_date=20260117T132121, end_date=20260117T132122
[2026-01-17T13:21:22.092+0000] {local_task_job_runner.py:234} INFO - Task exited with return code 0
[2026-01-17T13:21:22.112+0000] {taskinstance.py:3312} INFO - 1 downstream tasks scheduled from follow-on schedule check
[2026-01-17T13:42:56.832+0000] {taskinstance.py:1979} INFO - Dependencies all met for dep_context=non-requeueable deps ti=<TaskInstance: ModelDevelop.get_data scheduled__2026-01-17T08:00:00+00:00 [queued]>
[2026-01-17T13:42:56.836+0000] {taskinstance.py:1979} INFO - Dependencies all met for dep_context=requeueable deps ti=<TaskInstance: ModelDevelop.get_data scheduled__2026-01-17T08:00:00+00:00 [queued]>
[2026-01-17T13:42:56.836+0000] {taskinstance.py:2193} INFO - Starting attempt 1 of 2
[2026-01-17T13:42:56.843+0000] {taskinstance.py:2217} INFO - Executing <Task(PythonOperator): get_data> on 2026-01-17 08:00:00+00:00
[2026-01-17T13:42:56.849+0000] {standard_task_runner.py:60} INFO - Started process 48683 to run task
[2026-01-17T13:42:56.851+0000] {standard_task_runner.py:87} INFO - Running: ['***', 'tasks', 'run', 'ModelDevelop', 'get_data', 'scheduled__2026-01-17T08:00:00+00:00', '--job-id', '729', '--raw', '--subdir', 'DAGS_FOLDER/example.py', '--cfg-path', '/tmp/tmpb5bpbsyb']
[2026-01-17T13:42:56.852+0000] {standard_task_runner.py:88} INFO - Job 729: Subtask get_data
[2026-01-17T13:42:56.859+0000] {warnings.py:109} WARNING - /home/***/.local/lib/python3.9/site-packages/***/settings.py:194: DeprecationWarning: The sql_alchemy_conn option in [core] has been moved to the sql_alchemy_conn option in [database] - the old setting has been used, but please update your config.
  SQL_ALCHEMY_CONN = conf.get("database", "SQL_ALCHEMY_CONN")

[2026-01-17T13:42:56.883+0000] {task_command.py:423} INFO - Running <TaskInstance: ModelDevelop.get_data scheduled__2026-01-17T08:00:00+00:00 [running]> on host 5330652dc216
[2026-01-17T13:42:56.931+0000] {taskinstance.py:2513} INFO - Exporting env vars: AIRFLOW_CTX_DAG_OWNER='***' AIRFLOW_CTX_DAG_ID='ModelDevelop' AIRFLOW_CTX_TASK_ID='get_data' AIRFLOW_CTX_EXECUTION_DATE='2026-01-17T08:00:00+00:00' AIRFLOW_CTX_TRY_NUMBER='1' AIRFLOW_CTX_DAG_RUN_ID='scheduled__2026-01-17T08:00:00+00:00'
[2026-01-17T13:42:56.939+0000] {python.py:202} INFO - Done. Returned value was: ./iris.csv
[2026-01-17T13:42:56.950+0000] {taskinstance.py:1149} INFO - Marking task as SUCCESS. dag_id=ModelDevelop, task_id=get_data, execution_date=20260117T080000, start_date=20260117T134256, end_date=20260117T134256
[2026-01-17T13:42:56.983+0000] {local_task_job_runner.py:234} INFO - Task exited with return code 0
[2026-01-17T13:42:56.997+0000] {taskinstance.py:3312} INFO - 1 downstream tasks scheduled from follow-on schedule check
