[2026-01-16T07:54:15.511+0000] {taskinstance.py:1979} INFO - Dependencies all met for dep_context=non-requeueable deps ti=<TaskInstance: ModelDevelop.get_data scheduled__2026-01-03T22:00:00+00:00 [queued]>
[2026-01-16T07:54:15.528+0000] {taskinstance.py:1979} INFO - Dependencies all met for dep_context=requeueable deps ti=<TaskInstance: ModelDevelop.get_data scheduled__2026-01-03T22:00:00+00:00 [queued]>
[2026-01-16T07:54:15.528+0000] {taskinstance.py:2193} INFO - Starting attempt 1 of 2
[2026-01-16T07:54:15.551+0000] {taskinstance.py:2217} INFO - Executing <Task(PythonOperator): get_data> on 2026-01-03 22:00:00+00:00
[2026-01-16T07:54:15.561+0000] {standard_task_runner.py:60} INFO - Started process 5203 to run task
[2026-01-16T07:54:15.574+0000] {standard_task_runner.py:87} INFO - Running: ['***', 'tasks', 'run', 'ModelDevelop', 'get_data', 'scheduled__2026-01-03T22:00:00+00:00', '--job-id', '80', '--raw', '--subdir', 'DAGS_FOLDER/example.py', '--cfg-path', '/tmp/tmpzbwc489k']
[2026-01-16T07:54:15.575+0000] {standard_task_runner.py:88} INFO - Job 80: Subtask get_data
[2026-01-16T07:54:15.586+0000] {warnings.py:109} WARNING - /home/***/.local/lib/python3.9/site-packages/***/settings.py:194: DeprecationWarning: The sql_alchemy_conn option in [core] has been moved to the sql_alchemy_conn option in [database] - the old setting has been used, but please update your config.
  SQL_ALCHEMY_CONN = conf.get("database", "SQL_ALCHEMY_CONN")

[2026-01-16T07:54:15.614+0000] {task_command.py:423} INFO - Running <TaskInstance: ModelDevelop.get_data scheduled__2026-01-03T22:00:00+00:00 [running]> on host 8a4f043652f0
[2026-01-16T07:54:15.678+0000] {taskinstance.py:2513} INFO - Exporting env vars: AIRFLOW_CTX_DAG_OWNER='***' AIRFLOW_CTX_DAG_ID='ModelDevelop' AIRFLOW_CTX_TASK_ID='get_data' AIRFLOW_CTX_EXECUTION_DATE='2026-01-03T22:00:00+00:00' AIRFLOW_CTX_TRY_NUMBER='1' AIRFLOW_CTX_DAG_RUN_ID='scheduled__2026-01-03T22:00:00+00:00'
[2026-01-16T07:54:15.690+0000] {python.py:202} INFO - Done. Returned value was: ./iris.csv
[2026-01-16T07:54:15.733+0000] {taskinstance.py:1149} INFO - Marking task as SUCCESS. dag_id=ModelDevelop, task_id=get_data, execution_date=20260103T220000, start_date=20260116T075415, end_date=20260116T075415
[2026-01-16T07:54:15.790+0000] {local_task_job_runner.py:234} INFO - Task exited with return code 0
[2026-01-16T07:54:15.808+0000] {taskinstance.py:3312} INFO - 1 downstream tasks scheduled from follow-on schedule check
[2026-01-17T13:17:50.765+0000] {taskinstance.py:1979} INFO - Dependencies all met for dep_context=non-requeueable deps ti=<TaskInstance: ModelDevelop.get_data scheduled__2026-01-03T22:00:00+00:00 [queued]>
[2026-01-17T13:17:50.770+0000] {taskinstance.py:1979} INFO - Dependencies all met for dep_context=requeueable deps ti=<TaskInstance: ModelDevelop.get_data scheduled__2026-01-03T22:00:00+00:00 [queued]>
[2026-01-17T13:17:50.771+0000] {taskinstance.py:2193} INFO - Starting attempt 1 of 2
[2026-01-17T13:17:50.802+0000] {taskinstance.py:2217} INFO - Executing <Task(PythonOperator): get_data> on 2026-01-03 22:00:00+00:00
[2026-01-17T13:17:50.813+0000] {standard_task_runner.py:60} INFO - Started process 5236 to run task
[2026-01-17T13:17:50.830+0000] {standard_task_runner.py:87} INFO - Running: ['***', 'tasks', 'run', 'ModelDevelop', 'get_data', 'scheduled__2026-01-03T22:00:00+00:00', '--job-id', '81', '--raw', '--subdir', 'DAGS_FOLDER/example.py', '--cfg-path', '/tmp/tmprvp3rj1s']
[2026-01-17T13:17:50.830+0000] {standard_task_runner.py:88} INFO - Job 81: Subtask get_data
[2026-01-17T13:17:50.846+0000] {warnings.py:109} WARNING - /home/***/.local/lib/python3.9/site-packages/***/settings.py:194: DeprecationWarning: The sql_alchemy_conn option in [core] has been moved to the sql_alchemy_conn option in [database] - the old setting has been used, but please update your config.
  SQL_ALCHEMY_CONN = conf.get("database", "SQL_ALCHEMY_CONN")

[2026-01-17T13:17:50.898+0000] {task_command.py:423} INFO - Running <TaskInstance: ModelDevelop.get_data scheduled__2026-01-03T22:00:00+00:00 [running]> on host ed3184b6b543
[2026-01-17T13:17:50.952+0000] {taskinstance.py:2513} INFO - Exporting env vars: AIRFLOW_CTX_DAG_OWNER='***' AIRFLOW_CTX_DAG_ID='ModelDevelop' AIRFLOW_CTX_TASK_ID='get_data' AIRFLOW_CTX_EXECUTION_DATE='2026-01-03T22:00:00+00:00' AIRFLOW_CTX_TRY_NUMBER='1' AIRFLOW_CTX_DAG_RUN_ID='scheduled__2026-01-03T22:00:00+00:00'
[2026-01-17T13:17:50.964+0000] {python.py:202} INFO - Done. Returned value was: ./iris.csv
[2026-01-17T13:17:50.981+0000] {taskinstance.py:1149} INFO - Marking task as SUCCESS. dag_id=ModelDevelop, task_id=get_data, execution_date=20260103T220000, start_date=20260117T131750, end_date=20260117T131750
[2026-01-17T13:17:51.032+0000] {local_task_job_runner.py:234} INFO - Task exited with return code 0
[2026-01-17T13:17:51.069+0000] {taskinstance.py:3312} INFO - 1 downstream tasks scheduled from follow-on schedule check
[2026-01-17T13:39:10.127+0000] {taskinstance.py:1979} INFO - Dependencies all met for dep_context=non-requeueable deps ti=<TaskInstance: ModelDevelop.get_data scheduled__2026-01-03T22:00:00+00:00 [queued]>
[2026-01-17T13:39:10.131+0000] {taskinstance.py:1979} INFO - Dependencies all met for dep_context=requeueable deps ti=<TaskInstance: ModelDevelop.get_data scheduled__2026-01-03T22:00:00+00:00 [queued]>
[2026-01-17T13:39:10.131+0000] {taskinstance.py:2193} INFO - Starting attempt 1 of 2
[2026-01-17T13:39:10.137+0000] {taskinstance.py:2217} INFO - Executing <Task(PythonOperator): get_data> on 2026-01-03 22:00:00+00:00
[2026-01-17T13:39:10.143+0000] {standard_task_runner.py:60} INFO - Started process 5005 to run task
[2026-01-17T13:39:10.145+0000] {standard_task_runner.py:87} INFO - Running: ['***', 'tasks', 'run', 'ModelDevelop', 'get_data', 'scheduled__2026-01-03T22:00:00+00:00', '--job-id', '81', '--raw', '--subdir', 'DAGS_FOLDER/example.py', '--cfg-path', '/tmp/tmpnx2ejkh2']
[2026-01-17T13:39:10.146+0000] {standard_task_runner.py:88} INFO - Job 81: Subtask get_data
[2026-01-17T13:39:10.154+0000] {warnings.py:109} WARNING - /home/***/.local/lib/python3.9/site-packages/***/settings.py:194: DeprecationWarning: The sql_alchemy_conn option in [core] has been moved to the sql_alchemy_conn option in [database] - the old setting has been used, but please update your config.
  SQL_ALCHEMY_CONN = conf.get("database", "SQL_ALCHEMY_CONN")

[2026-01-17T13:39:10.176+0000] {task_command.py:423} INFO - Running <TaskInstance: ModelDevelop.get_data scheduled__2026-01-03T22:00:00+00:00 [running]> on host 5330652dc216
[2026-01-17T13:39:10.220+0000] {taskinstance.py:2513} INFO - Exporting env vars: AIRFLOW_CTX_DAG_OWNER='***' AIRFLOW_CTX_DAG_ID='ModelDevelop' AIRFLOW_CTX_TASK_ID='get_data' AIRFLOW_CTX_EXECUTION_DATE='2026-01-03T22:00:00+00:00' AIRFLOW_CTX_TRY_NUMBER='1' AIRFLOW_CTX_DAG_RUN_ID='scheduled__2026-01-03T22:00:00+00:00'
[2026-01-17T13:39:10.227+0000] {python.py:202} INFO - Done. Returned value was: ./iris.csv
[2026-01-17T13:39:10.240+0000] {taskinstance.py:1149} INFO - Marking task as SUCCESS. dag_id=ModelDevelop, task_id=get_data, execution_date=20260103T220000, start_date=20260117T133910, end_date=20260117T133910
[2026-01-17T13:39:10.277+0000] {local_task_job_runner.py:234} INFO - Task exited with return code 0
[2026-01-17T13:39:10.294+0000] {taskinstance.py:3312} INFO - 0 downstream tasks scheduled from follow-on schedule check
