[2026-01-16T07:54:01.687+0000] {taskinstance.py:1979} INFO - Dependencies all met for dep_context=non-requeueable deps ti=<TaskInstance: ModelDevelop.get_data scheduled__2026-01-03T07:00:00+00:00 [queued]>
[2026-01-16T07:54:01.693+0000] {taskinstance.py:1979} INFO - Dependencies all met for dep_context=requeueable deps ti=<TaskInstance: ModelDevelop.get_data scheduled__2026-01-03T07:00:00+00:00 [queued]>
[2026-01-16T07:54:01.693+0000] {taskinstance.py:2193} INFO - Starting attempt 1 of 2
[2026-01-16T07:54:01.701+0000] {taskinstance.py:2217} INFO - Executing <Task(PythonOperator): get_data> on 2026-01-03 07:00:00+00:00
[2026-01-16T07:54:01.708+0000] {standard_task_runner.py:60} INFO - Started process 3092 to run task
[2026-01-16T07:54:01.710+0000] {standard_task_runner.py:87} INFO - Running: ['***', 'tasks', 'run', 'ModelDevelop', 'get_data', 'scheduled__2026-01-03T07:00:00+00:00', '--job-id', '51', '--raw', '--subdir', 'DAGS_FOLDER/example.py', '--cfg-path', '/tmp/tmpls0dm_h1']
[2026-01-16T07:54:01.711+0000] {standard_task_runner.py:88} INFO - Job 51: Subtask get_data
[2026-01-16T07:54:01.719+0000] {warnings.py:109} WARNING - /home/***/.local/lib/python3.9/site-packages/***/settings.py:194: DeprecationWarning: The sql_alchemy_conn option in [core] has been moved to the sql_alchemy_conn option in [database] - the old setting has been used, but please update your config.
  SQL_ALCHEMY_CONN = conf.get("database", "SQL_ALCHEMY_CONN")

[2026-01-16T07:54:01.747+0000] {task_command.py:423} INFO - Running <TaskInstance: ModelDevelop.get_data scheduled__2026-01-03T07:00:00+00:00 [running]> on host 8a4f043652f0
[2026-01-16T07:54:01.799+0000] {taskinstance.py:2513} INFO - Exporting env vars: AIRFLOW_CTX_DAG_OWNER='***' AIRFLOW_CTX_DAG_ID='ModelDevelop' AIRFLOW_CTX_TASK_ID='get_data' AIRFLOW_CTX_EXECUTION_DATE='2026-01-03T07:00:00+00:00' AIRFLOW_CTX_TRY_NUMBER='1' AIRFLOW_CTX_DAG_RUN_ID='scheduled__2026-01-03T07:00:00+00:00'
[2026-01-16T07:54:01.807+0000] {python.py:202} INFO - Done. Returned value was: ./iris.csv
[2026-01-16T07:54:01.821+0000] {taskinstance.py:1149} INFO - Marking task as SUCCESS. dag_id=ModelDevelop, task_id=get_data, execution_date=20260103T070000, start_date=20260116T075401, end_date=20260116T075401
[2026-01-16T07:54:01.842+0000] {local_task_job_runner.py:234} INFO - Task exited with return code 0
[2026-01-16T07:54:01.861+0000] {taskinstance.py:3312} INFO - 1 downstream tasks scheduled from follow-on schedule check
[2026-01-17T13:17:41.279+0000] {taskinstance.py:1979} INFO - Dependencies all met for dep_context=non-requeueable deps ti=<TaskInstance: ModelDevelop.get_data scheduled__2026-01-03T07:00:00+00:00 [queued]>
[2026-01-17T13:17:41.286+0000] {taskinstance.py:1979} INFO - Dependencies all met for dep_context=requeueable deps ti=<TaskInstance: ModelDevelop.get_data scheduled__2026-01-03T07:00:00+00:00 [queued]>
[2026-01-17T13:17:41.286+0000] {taskinstance.py:2193} INFO - Starting attempt 1 of 2
[2026-01-17T13:17:41.296+0000] {taskinstance.py:2217} INFO - Executing <Task(PythonOperator): get_data> on 2026-01-03 07:00:00+00:00
[2026-01-17T13:17:41.304+0000] {standard_task_runner.py:60} INFO - Started process 3001 to run task
[2026-01-17T13:17:41.307+0000] {standard_task_runner.py:87} INFO - Running: ['***', 'tasks', 'run', 'ModelDevelop', 'get_data', 'scheduled__2026-01-03T07:00:00+00:00', '--job-id', '49', '--raw', '--subdir', 'DAGS_FOLDER/example.py', '--cfg-path', '/tmp/tmpjm98u2k3']
[2026-01-17T13:17:41.307+0000] {standard_task_runner.py:88} INFO - Job 49: Subtask get_data
[2026-01-17T13:17:41.315+0000] {warnings.py:109} WARNING - /home/***/.local/lib/python3.9/site-packages/***/settings.py:194: DeprecationWarning: The sql_alchemy_conn option in [core] has been moved to the sql_alchemy_conn option in [database] - the old setting has been used, but please update your config.
  SQL_ALCHEMY_CONN = conf.get("database", "SQL_ALCHEMY_CONN")

[2026-01-17T13:17:41.345+0000] {task_command.py:423} INFO - Running <TaskInstance: ModelDevelop.get_data scheduled__2026-01-03T07:00:00+00:00 [running]> on host ed3184b6b543
[2026-01-17T13:17:41.460+0000] {taskinstance.py:2513} INFO - Exporting env vars: AIRFLOW_CTX_DAG_OWNER='***' AIRFLOW_CTX_DAG_ID='ModelDevelop' AIRFLOW_CTX_TASK_ID='get_data' AIRFLOW_CTX_EXECUTION_DATE='2026-01-03T07:00:00+00:00' AIRFLOW_CTX_TRY_NUMBER='1' AIRFLOW_CTX_DAG_RUN_ID='scheduled__2026-01-03T07:00:00+00:00'
[2026-01-17T13:17:41.469+0000] {python.py:202} INFO - Done. Returned value was: ./iris.csv
[2026-01-17T13:17:41.484+0000] {taskinstance.py:1149} INFO - Marking task as SUCCESS. dag_id=ModelDevelop, task_id=get_data, execution_date=20260103T070000, start_date=20260117T131741, end_date=20260117T131741
[2026-01-17T13:17:41.599+0000] {local_task_job_runner.py:234} INFO - Task exited with return code 0
[2026-01-17T13:17:41.637+0000] {taskinstance.py:3312} INFO - 1 downstream tasks scheduled from follow-on schedule check
[2026-01-17T13:39:00.276+0000] {taskinstance.py:1979} INFO - Dependencies all met for dep_context=non-requeueable deps ti=<TaskInstance: ModelDevelop.get_data scheduled__2026-01-03T07:00:00+00:00 [queued]>
[2026-01-17T13:39:00.283+0000] {taskinstance.py:1979} INFO - Dependencies all met for dep_context=requeueable deps ti=<TaskInstance: ModelDevelop.get_data scheduled__2026-01-03T07:00:00+00:00 [queued]>
[2026-01-17T13:39:00.283+0000] {taskinstance.py:2193} INFO - Starting attempt 1 of 2
[2026-01-17T13:39:00.291+0000] {taskinstance.py:2217} INFO - Executing <Task(PythonOperator): get_data> on 2026-01-03 07:00:00+00:00
[2026-01-17T13:39:00.298+0000] {standard_task_runner.py:60} INFO - Started process 3090 to run task
[2026-01-17T13:39:00.300+0000] {standard_task_runner.py:87} INFO - Running: ['***', 'tasks', 'run', 'ModelDevelop', 'get_data', 'scheduled__2026-01-03T07:00:00+00:00', '--job-id', '49', '--raw', '--subdir', 'DAGS_FOLDER/example.py', '--cfg-path', '/tmp/tmp6u24t4gv']
[2026-01-17T13:39:00.301+0000] {standard_task_runner.py:88} INFO - Job 49: Subtask get_data
[2026-01-17T13:39:00.310+0000] {warnings.py:109} WARNING - /home/***/.local/lib/python3.9/site-packages/***/settings.py:194: DeprecationWarning: The sql_alchemy_conn option in [core] has been moved to the sql_alchemy_conn option in [database] - the old setting has been used, but please update your config.
  SQL_ALCHEMY_CONN = conf.get("database", "SQL_ALCHEMY_CONN")

[2026-01-17T13:39:00.339+0000] {task_command.py:423} INFO - Running <TaskInstance: ModelDevelop.get_data scheduled__2026-01-03T07:00:00+00:00 [running]> on host 5330652dc216
[2026-01-17T13:39:00.400+0000] {taskinstance.py:2513} INFO - Exporting env vars: AIRFLOW_CTX_DAG_OWNER='***' AIRFLOW_CTX_DAG_ID='ModelDevelop' AIRFLOW_CTX_TASK_ID='get_data' AIRFLOW_CTX_EXECUTION_DATE='2026-01-03T07:00:00+00:00' AIRFLOW_CTX_TRY_NUMBER='1' AIRFLOW_CTX_DAG_RUN_ID='scheduled__2026-01-03T07:00:00+00:00'
[2026-01-17T13:39:00.409+0000] {python.py:202} INFO - Done. Returned value was: ./iris.csv
[2026-01-17T13:39:00.423+0000] {taskinstance.py:1149} INFO - Marking task as SUCCESS. dag_id=ModelDevelop, task_id=get_data, execution_date=20260103T070000, start_date=20260117T133900, end_date=20260117T133900
[2026-01-17T13:39:00.472+0000] {local_task_job_runner.py:234} INFO - Task exited with return code 0
[2026-01-17T13:39:00.489+0000] {taskinstance.py:3312} INFO - 1 downstream tasks scheduled from follow-on schedule check
