[2026-01-28T02:10:51.734+0000] {taskinstance.py:1979} INFO - Dependencies all met for dep_context=non-requeueable deps ti=<TaskInstance: DataDriftRetrainDAG.train_fit scheduled__2026-01-28T02:08:00+00:00 [queued]>
[2026-01-28T02:10:51.739+0000] {taskinstance.py:1979} INFO - Dependencies all met for dep_context=requeueable deps ti=<TaskInstance: DataDriftRetrainDAG.train_fit scheduled__2026-01-28T02:08:00+00:00 [queued]>
[2026-01-28T02:10:51.739+0000] {taskinstance.py:2193} INFO - Starting attempt 1 of 2
[2026-01-28T02:10:51.745+0000] {taskinstance.py:2217} INFO - Executing <Task(PythonOperator): train_fit> on 2026-01-28 02:08:00+00:00
[2026-01-28T02:10:51.751+0000] {standard_task_runner.py:60} INFO - Started process 1766 to run task
[2026-01-28T02:10:51.753+0000] {standard_task_runner.py:87} INFO - Running: ['***', 'tasks', 'run', 'DataDriftRetrainDAG', 'train_fit', 'scheduled__2026-01-28T02:08:00+00:00', '--job-id', '45', '--raw', '--subdir', 'DAGS_FOLDER/example_drift.py', '--cfg-path', '/tmp/tmpqacj6dr6']
[2026-01-28T02:10:51.754+0000] {standard_task_runner.py:88} INFO - Job 45: Subtask train_fit
[2026-01-28T02:10:51.761+0000] {warnings.py:109} WARNING - /home/***/.local/lib/python3.9/site-packages/***/settings.py:194: DeprecationWarning: The sql_alchemy_conn option in [core] has been moved to the sql_alchemy_conn option in [database] - the old setting has been used, but please update your config.
  SQL_ALCHEMY_CONN = conf.get("database", "SQL_ALCHEMY_CONN")

[2026-01-28T02:10:51.783+0000] {task_command.py:423} INFO - Running <TaskInstance: DataDriftRetrainDAG.train_fit scheduled__2026-01-28T02:08:00+00:00 [running]> on host f59c28b2edea
[2026-01-28T02:10:51.822+0000] {taskinstance.py:2513} INFO - Exporting env vars: AIRFLOW_CTX_DAG_OWNER='***' AIRFLOW_CTX_DAG_ID='DataDriftRetrainDAG' AIRFLOW_CTX_TASK_ID='train_fit' AIRFLOW_CTX_EXECUTION_DATE='2026-01-28T02:08:00+00:00' AIRFLOW_CTX_TRY_NUMBER='1' AIRFLOW_CTX_DAG_RUN_ID='scheduled__2026-01-28T02:08:00+00:00'
[2026-01-28T02:10:51.880+0000] {logging_mixin.py:188} WARNING - 2026/01/28 02:10:51 WARNING mlflow.utils.git_utils: Failed to import Git (the Git executable is probably not on your PATH), so Git SHA is not available. Error: Failed to initialize: Bad git executable.
The git executable must be specified in one of the following ways:
    - be included in your $PATH
    - be set via $GIT_PYTHON_GIT_EXECUTABLE
    - explicitly set via git.refresh(<full-path-to-git-executable>)

All git commands will error until this is rectified.

This initial message can be silenced or aggravated in the future by setting the
$GIT_PYTHON_REFRESH environment variable. Use one of the following values:
    - quiet|q|silence|s|silent|none|n|0: for no message or exception
    - warn|w|warning|log|l|1: for a warning message (logging level CRITICAL, displayed by default)
    - error|e|exception|raise|r|2: for a raised exception

Example:
    export GIT_PYTHON_REFRESH=quiet
[2026-01-28T02:10:53.770+0000] {warnings.py:109} WARNING - /home/***/.local/lib/python3.9/site-packages/_distutils_hack/__init__.py:33: UserWarning: Setuptools is replacing distutils.
  warnings.warn("Setuptools is replacing distutils.")

[2026-01-28T02:10:53.813+0000] {logging_mixin.py:188} INFO - Retraining completed due to data drift
[2026-01-28T02:10:53.813+0000] {python.py:202} INFO - Done. Returned value was: None
[2026-01-28T02:10:53.820+0000] {taskinstance.py:1149} INFO - Marking task as SUCCESS. dag_id=DataDriftRetrainDAG, task_id=train_fit, execution_date=20260128T020800, start_date=20260128T021051, end_date=20260128T021053
[2026-01-28T02:10:53.848+0000] {local_task_job_runner.py:234} INFO - Task exited with return code 0
[2026-01-28T02:10:53.860+0000] {taskinstance.py:3312} INFO - 0 downstream tasks scheduled from follow-on schedule check
[2026-01-28T02:11:21.969+0000] {taskinstance.py:1979} INFO - Dependencies all met for dep_context=non-requeueable deps ti=<TaskInstance: DataDriftRetrainDAG.train_fit scheduled__2026-01-28T02:08:00+00:00 [queued]>
[2026-01-28T02:11:21.974+0000] {taskinstance.py:1979} INFO - Dependencies all met for dep_context=requeueable deps ti=<TaskInstance: DataDriftRetrainDAG.train_fit scheduled__2026-01-28T02:08:00+00:00 [queued]>
[2026-01-28T02:11:21.974+0000] {taskinstance.py:2193} INFO - Starting attempt 1 of 2
[2026-01-28T02:11:21.980+0000] {taskinstance.py:2217} INFO - Executing <Task(PythonOperator): train_fit> on 2026-01-28 02:08:00+00:00
[2026-01-28T02:11:21.987+0000] {standard_task_runner.py:60} INFO - Started process 2102 to run task
[2026-01-28T02:11:21.989+0000] {standard_task_runner.py:87} INFO - Running: ['***', 'tasks', 'run', 'DataDriftRetrainDAG', 'train_fit', 'scheduled__2026-01-28T02:08:00+00:00', '--job-id', '51', '--raw', '--subdir', 'DAGS_FOLDER/example_drift.py', '--cfg-path', '/tmp/tmpsictezxk']
[2026-01-28T02:11:21.990+0000] {standard_task_runner.py:88} INFO - Job 51: Subtask train_fit
[2026-01-28T02:11:21.998+0000] {warnings.py:109} WARNING - /home/***/.local/lib/python3.9/site-packages/***/settings.py:194: DeprecationWarning: The sql_alchemy_conn option in [core] has been moved to the sql_alchemy_conn option in [database] - the old setting has been used, but please update your config.
  SQL_ALCHEMY_CONN = conf.get("database", "SQL_ALCHEMY_CONN")

[2026-01-28T02:11:22.020+0000] {task_command.py:423} INFO - Running <TaskInstance: DataDriftRetrainDAG.train_fit scheduled__2026-01-28T02:08:00+00:00 [running]> on host f59c28b2edea
[2026-01-28T02:11:22.060+0000] {taskinstance.py:2513} INFO - Exporting env vars: AIRFLOW_CTX_DAG_OWNER='***' AIRFLOW_CTX_DAG_ID='DataDriftRetrainDAG' AIRFLOW_CTX_TASK_ID='train_fit' AIRFLOW_CTX_EXECUTION_DATE='2026-01-28T02:08:00+00:00' AIRFLOW_CTX_TRY_NUMBER='1' AIRFLOW_CTX_DAG_RUN_ID='scheduled__2026-01-28T02:08:00+00:00'
[2026-01-28T02:11:22.120+0000] {logging_mixin.py:188} WARNING - 2026/01/28 02:11:22 WARNING mlflow.utils.git_utils: Failed to import Git (the Git executable is probably not on your PATH), so Git SHA is not available. Error: Failed to initialize: Bad git executable.
The git executable must be specified in one of the following ways:
    - be included in your $PATH
    - be set via $GIT_PYTHON_GIT_EXECUTABLE
    - explicitly set via git.refresh(<full-path-to-git-executable>)

All git commands will error until this is rectified.

This initial message can be silenced or aggravated in the future by setting the
$GIT_PYTHON_REFRESH environment variable. Use one of the following values:
    - quiet|q|silence|s|silent|none|n|0: for no message or exception
    - warn|w|warning|log|l|1: for a warning message (logging level CRITICAL, displayed by default)
    - error|e|exception|raise|r|2: for a raised exception

Example:
    export GIT_PYTHON_REFRESH=quiet
[2026-01-28T02:11:24.000+0000] {warnings.py:109} WARNING - /home/***/.local/lib/python3.9/site-packages/_distutils_hack/__init__.py:33: UserWarning: Setuptools is replacing distutils.
  warnings.warn("Setuptools is replacing distutils.")

[2026-01-28T02:11:24.043+0000] {logging_mixin.py:188} INFO - Retraining completed due to data drift
[2026-01-28T02:11:24.043+0000] {python.py:202} INFO - Done. Returned value was: None
[2026-01-28T02:11:24.051+0000] {taskinstance.py:1149} INFO - Marking task as SUCCESS. dag_id=DataDriftRetrainDAG, task_id=train_fit, execution_date=20260128T020800, start_date=20260128T021121, end_date=20260128T021124
[2026-01-28T02:11:24.084+0000] {local_task_job_runner.py:234} INFO - Task exited with return code 0
[2026-01-28T02:11:24.094+0000] {taskinstance.py:3312} INFO - 0 downstream tasks scheduled from follow-on schedule check
