[2026-01-16T07:54:36.575+0000] {taskinstance.py:1979} INFO - Dependencies all met for dep_context=non-requeueable deps ti=<TaskInstance: ModelDevelop.get_data scheduled__2026-01-05T04:00:00+00:00 [queued]>
[2026-01-16T07:54:36.581+0000] {taskinstance.py:1979} INFO - Dependencies all met for dep_context=requeueable deps ti=<TaskInstance: ModelDevelop.get_data scheduled__2026-01-05T04:00:00+00:00 [queued]>
[2026-01-16T07:54:36.582+0000] {taskinstance.py:2193} INFO - Starting attempt 1 of 2
[2026-01-16T07:54:36.595+0000] {taskinstance.py:2217} INFO - Executing <Task(PythonOperator): get_data> on 2026-01-05 04:00:00+00:00
[2026-01-16T07:54:36.607+0000] {standard_task_runner.py:60} INFO - Started process 9360 to run task
[2026-01-16T07:54:36.611+0000] {standard_task_runner.py:87} INFO - Running: ['***', 'tasks', 'run', 'ModelDevelop', 'get_data', 'scheduled__2026-01-05T04:00:00+00:00', '--job-id', '142', '--raw', '--subdir', 'DAGS_FOLDER/example.py', '--cfg-path', '/tmp/tmp3hcg_s0j']
[2026-01-16T07:54:36.612+0000] {standard_task_runner.py:88} INFO - Job 142: Subtask get_data
[2026-01-16T07:54:36.624+0000] {warnings.py:109} WARNING - /home/***/.local/lib/python3.9/site-packages/***/settings.py:194: DeprecationWarning: The sql_alchemy_conn option in [core] has been moved to the sql_alchemy_conn option in [database] - the old setting has been used, but please update your config.
  SQL_ALCHEMY_CONN = conf.get("database", "SQL_ALCHEMY_CONN")

[2026-01-16T07:54:36.654+0000] {task_command.py:423} INFO - Running <TaskInstance: ModelDevelop.get_data scheduled__2026-01-05T04:00:00+00:00 [running]> on host 8a4f043652f0
[2026-01-16T07:54:36.767+0000] {taskinstance.py:2513} INFO - Exporting env vars: AIRFLOW_CTX_DAG_OWNER='***' AIRFLOW_CTX_DAG_ID='ModelDevelop' AIRFLOW_CTX_TASK_ID='get_data' AIRFLOW_CTX_EXECUTION_DATE='2026-01-05T04:00:00+00:00' AIRFLOW_CTX_TRY_NUMBER='1' AIRFLOW_CTX_DAG_RUN_ID='scheduled__2026-01-05T04:00:00+00:00'
[2026-01-16T07:54:36.778+0000] {python.py:202} INFO - Done. Returned value was: ./iris.csv
[2026-01-16T07:54:36.814+0000] {taskinstance.py:1149} INFO - Marking task as SUCCESS. dag_id=ModelDevelop, task_id=get_data, execution_date=20260105T040000, start_date=20260116T075436, end_date=20260116T075436
[2026-01-16T07:54:36.867+0000] {local_task_job_runner.py:234} INFO - Task exited with return code 0
[2026-01-16T07:54:36.888+0000] {taskinstance.py:3312} INFO - 1 downstream tasks scheduled from follow-on schedule check
[2026-01-17T13:18:11.362+0000] {taskinstance.py:1979} INFO - Dependencies all met for dep_context=non-requeueable deps ti=<TaskInstance: ModelDevelop.get_data scheduled__2026-01-05T04:00:00+00:00 [queued]>
[2026-01-17T13:18:11.369+0000] {taskinstance.py:1979} INFO - Dependencies all met for dep_context=requeueable deps ti=<TaskInstance: ModelDevelop.get_data scheduled__2026-01-05T04:00:00+00:00 [queued]>
[2026-01-17T13:18:11.369+0000] {taskinstance.py:2193} INFO - Starting attempt 1 of 2
[2026-01-17T13:18:11.392+0000] {taskinstance.py:2217} INFO - Executing <Task(PythonOperator): get_data> on 2026-01-05 04:00:00+00:00
[2026-01-17T13:18:11.402+0000] {standard_task_runner.py:60} INFO - Started process 9326 to run task
[2026-01-17T13:18:11.410+0000] {standard_task_runner.py:87} INFO - Running: ['***', 'tasks', 'run', 'ModelDevelop', 'get_data', 'scheduled__2026-01-05T04:00:00+00:00', '--job-id', '142', '--raw', '--subdir', 'DAGS_FOLDER/example.py', '--cfg-path', '/tmp/tmpc_fhg9eo']
[2026-01-17T13:18:11.411+0000] {standard_task_runner.py:88} INFO - Job 142: Subtask get_data
[2026-01-17T13:18:11.454+0000] {warnings.py:109} WARNING - /home/***/.local/lib/python3.9/site-packages/***/settings.py:194: DeprecationWarning: The sql_alchemy_conn option in [core] has been moved to the sql_alchemy_conn option in [database] - the old setting has been used, but please update your config.
  SQL_ALCHEMY_CONN = conf.get("database", "SQL_ALCHEMY_CONN")

[2026-01-17T13:18:11.501+0000] {task_command.py:423} INFO - Running <TaskInstance: ModelDevelop.get_data scheduled__2026-01-05T04:00:00+00:00 [running]> on host ed3184b6b543
[2026-01-17T13:18:11.559+0000] {taskinstance.py:2513} INFO - Exporting env vars: AIRFLOW_CTX_DAG_OWNER='***' AIRFLOW_CTX_DAG_ID='ModelDevelop' AIRFLOW_CTX_TASK_ID='get_data' AIRFLOW_CTX_EXECUTION_DATE='2026-01-05T04:00:00+00:00' AIRFLOW_CTX_TRY_NUMBER='1' AIRFLOW_CTX_DAG_RUN_ID='scheduled__2026-01-05T04:00:00+00:00'
[2026-01-17T13:18:11.567+0000] {python.py:202} INFO - Done. Returned value was: ./iris.csv
[2026-01-17T13:18:11.583+0000] {taskinstance.py:1149} INFO - Marking task as SUCCESS. dag_id=ModelDevelop, task_id=get_data, execution_date=20260105T040000, start_date=20260117T131811, end_date=20260117T131811
[2026-01-17T13:18:11.632+0000] {local_task_job_runner.py:234} INFO - Task exited with return code 0
[2026-01-17T13:18:11.649+0000] {taskinstance.py:3312} INFO - 1 downstream tasks scheduled from follow-on schedule check
[2026-01-17T13:39:33.012+0000] {taskinstance.py:1979} INFO - Dependencies all met for dep_context=non-requeueable deps ti=<TaskInstance: ModelDevelop.get_data scheduled__2026-01-05T04:00:00+00:00 [queued]>
[2026-01-17T13:39:33.017+0000] {taskinstance.py:1979} INFO - Dependencies all met for dep_context=requeueable deps ti=<TaskInstance: ModelDevelop.get_data scheduled__2026-01-05T04:00:00+00:00 [queued]>
[2026-01-17T13:39:33.017+0000] {taskinstance.py:2193} INFO - Starting attempt 1 of 2
[2026-01-17T13:39:33.023+0000] {taskinstance.py:2217} INFO - Executing <Task(PythonOperator): get_data> on 2026-01-05 04:00:00+00:00
[2026-01-17T13:39:33.029+0000] {standard_task_runner.py:60} INFO - Started process 9255 to run task
[2026-01-17T13:39:33.031+0000] {standard_task_runner.py:87} INFO - Running: ['***', 'tasks', 'run', 'ModelDevelop', 'get_data', 'scheduled__2026-01-05T04:00:00+00:00', '--job-id', '142', '--raw', '--subdir', 'DAGS_FOLDER/example.py', '--cfg-path', '/tmp/tmp5rw6wfx0']
[2026-01-17T13:39:33.032+0000] {standard_task_runner.py:88} INFO - Job 142: Subtask get_data
[2026-01-17T13:39:33.040+0000] {warnings.py:109} WARNING - /home/***/.local/lib/python3.9/site-packages/***/settings.py:194: DeprecationWarning: The sql_alchemy_conn option in [core] has been moved to the sql_alchemy_conn option in [database] - the old setting has been used, but please update your config.
  SQL_ALCHEMY_CONN = conf.get("database", "SQL_ALCHEMY_CONN")

[2026-01-17T13:39:33.063+0000] {task_command.py:423} INFO - Running <TaskInstance: ModelDevelop.get_data scheduled__2026-01-05T04:00:00+00:00 [running]> on host 5330652dc216
[2026-01-17T13:39:33.124+0000] {taskinstance.py:2513} INFO - Exporting env vars: AIRFLOW_CTX_DAG_OWNER='***' AIRFLOW_CTX_DAG_ID='ModelDevelop' AIRFLOW_CTX_TASK_ID='get_data' AIRFLOW_CTX_EXECUTION_DATE='2026-01-05T04:00:00+00:00' AIRFLOW_CTX_TRY_NUMBER='1' AIRFLOW_CTX_DAG_RUN_ID='scheduled__2026-01-05T04:00:00+00:00'
[2026-01-17T13:39:33.135+0000] {python.py:202} INFO - Done. Returned value was: ./iris.csv
[2026-01-17T13:39:33.151+0000] {taskinstance.py:1149} INFO - Marking task as SUCCESS. dag_id=ModelDevelop, task_id=get_data, execution_date=20260105T040000, start_date=20260117T133933, end_date=20260117T133933
[2026-01-17T13:39:33.203+0000] {local_task_job_runner.py:234} INFO - Task exited with return code 0
[2026-01-17T13:39:33.221+0000] {taskinstance.py:3312} INFO - 1 downstream tasks scheduled from follow-on schedule check
