[2026-01-16T07:56:59.077+0000] {taskinstance.py:1979} INFO - Dependencies all met for dep_context=non-requeueable deps ti=<TaskInstance: ModelDevelop.get_data scheduled__2026-01-14T02:00:00+00:00 [queued]>
[2026-01-16T07:56:59.083+0000] {taskinstance.py:1979} INFO - Dependencies all met for dep_context=requeueable deps ti=<TaskInstance: ModelDevelop.get_data scheduled__2026-01-14T02:00:00+00:00 [queued]>
[2026-01-16T07:56:59.083+0000] {taskinstance.py:2193} INFO - Starting attempt 1 of 2
[2026-01-16T07:56:59.131+0000] {taskinstance.py:2217} INFO - Executing <Task(PythonOperator): get_data> on 2026-01-14 02:00:00+00:00
[2026-01-16T07:56:59.141+0000] {standard_task_runner.py:60} INFO - Started process 39035 to run task
[2026-01-16T07:56:59.143+0000] {standard_task_runner.py:87} INFO - Running: ['***', 'tasks', 'run', 'ModelDevelop', 'get_data', 'scheduled__2026-01-14T02:00:00+00:00', '--job-id', '580', '--raw', '--subdir', 'DAGS_FOLDER/example.py', '--cfg-path', '/tmp/tmpw9z3bryo']
[2026-01-16T07:56:59.144+0000] {standard_task_runner.py:88} INFO - Job 580: Subtask get_data
[2026-01-16T07:56:59.165+0000] {warnings.py:109} WARNING - /home/***/.local/lib/python3.9/site-packages/***/settings.py:194: DeprecationWarning: The sql_alchemy_conn option in [core] has been moved to the sql_alchemy_conn option in [database] - the old setting has been used, but please update your config.
  SQL_ALCHEMY_CONN = conf.get("database", "SQL_ALCHEMY_CONN")

[2026-01-16T07:56:59.198+0000] {task_command.py:423} INFO - Running <TaskInstance: ModelDevelop.get_data scheduled__2026-01-14T02:00:00+00:00 [running]> on host 8a4f043652f0
[2026-01-16T07:56:59.288+0000] {taskinstance.py:2513} INFO - Exporting env vars: AIRFLOW_CTX_DAG_OWNER='***' AIRFLOW_CTX_DAG_ID='ModelDevelop' AIRFLOW_CTX_TASK_ID='get_data' AIRFLOW_CTX_EXECUTION_DATE='2026-01-14T02:00:00+00:00' AIRFLOW_CTX_TRY_NUMBER='1' AIRFLOW_CTX_DAG_RUN_ID='scheduled__2026-01-14T02:00:00+00:00'
[2026-01-16T07:56:59.301+0000] {python.py:202} INFO - Done. Returned value was: ./iris.csv
[2026-01-16T07:56:59.353+0000] {taskinstance.py:1149} INFO - Marking task as SUCCESS. dag_id=ModelDevelop, task_id=get_data, execution_date=20260114T020000, start_date=20260116T075659, end_date=20260116T075659
[2026-01-16T07:56:59.408+0000] {local_task_job_runner.py:234} INFO - Task exited with return code 0
[2026-01-16T07:56:59.425+0000] {taskinstance.py:3312} INFO - 1 downstream tasks scheduled from follow-on schedule check
[2026-01-17T13:20:40.244+0000] {taskinstance.py:1979} INFO - Dependencies all met for dep_context=non-requeueable deps ti=<TaskInstance: ModelDevelop.get_data scheduled__2026-01-14T02:00:00+00:00 [queued]>
[2026-01-17T13:20:40.250+0000] {taskinstance.py:1979} INFO - Dependencies all met for dep_context=requeueable deps ti=<TaskInstance: ModelDevelop.get_data scheduled__2026-01-14T02:00:00+00:00 [queued]>
[2026-01-17T13:20:40.251+0000] {taskinstance.py:2193} INFO - Starting attempt 1 of 2
[2026-01-17T13:20:40.261+0000] {taskinstance.py:2217} INFO - Executing <Task(PythonOperator): get_data> on 2026-01-14 02:00:00+00:00
[2026-01-17T13:20:40.269+0000] {standard_task_runner.py:60} INFO - Started process 39168 to run task
[2026-01-17T13:20:40.286+0000] {standard_task_runner.py:87} INFO - Running: ['***', 'tasks', 'run', 'ModelDevelop', 'get_data', 'scheduled__2026-01-14T02:00:00+00:00', '--job-id', '581', '--raw', '--subdir', 'DAGS_FOLDER/example.py', '--cfg-path', '/tmp/tmp157zeay0']
[2026-01-17T13:20:40.287+0000] {standard_task_runner.py:88} INFO - Job 581: Subtask get_data
[2026-01-17T13:20:40.327+0000] {warnings.py:109} WARNING - /home/***/.local/lib/python3.9/site-packages/***/settings.py:194: DeprecationWarning: The sql_alchemy_conn option in [core] has been moved to the sql_alchemy_conn option in [database] - the old setting has been used, but please update your config.
  SQL_ALCHEMY_CONN = conf.get("database", "SQL_ALCHEMY_CONN")

[2026-01-17T13:20:40.354+0000] {task_command.py:423} INFO - Running <TaskInstance: ModelDevelop.get_data scheduled__2026-01-14T02:00:00+00:00 [running]> on host ed3184b6b543
[2026-01-17T13:20:40.456+0000] {taskinstance.py:2513} INFO - Exporting env vars: AIRFLOW_CTX_DAG_OWNER='***' AIRFLOW_CTX_DAG_ID='ModelDevelop' AIRFLOW_CTX_TASK_ID='get_data' AIRFLOW_CTX_EXECUTION_DATE='2026-01-14T02:00:00+00:00' AIRFLOW_CTX_TRY_NUMBER='1' AIRFLOW_CTX_DAG_RUN_ID='scheduled__2026-01-14T02:00:00+00:00'
[2026-01-17T13:20:40.467+0000] {python.py:202} INFO - Done. Returned value was: ./iris.csv
[2026-01-17T13:20:40.521+0000] {taskinstance.py:1149} INFO - Marking task as SUCCESS. dag_id=ModelDevelop, task_id=get_data, execution_date=20260114T020000, start_date=20260117T132040, end_date=20260117T132040
[2026-01-17T13:20:40.576+0000] {local_task_job_runner.py:234} INFO - Task exited with return code 0
[2026-01-17T13:20:40.594+0000] {taskinstance.py:3312} INFO - 1 downstream tasks scheduled from follow-on schedule check
[2026-01-17T13:42:07.884+0000] {taskinstance.py:1979} INFO - Dependencies all met for dep_context=non-requeueable deps ti=<TaskInstance: ModelDevelop.get_data scheduled__2026-01-14T02:00:00+00:00 [queued]>
[2026-01-17T13:42:07.889+0000] {taskinstance.py:1979} INFO - Dependencies all met for dep_context=requeueable deps ti=<TaskInstance: ModelDevelop.get_data scheduled__2026-01-14T02:00:00+00:00 [queued]>
[2026-01-17T13:42:07.890+0000] {taskinstance.py:2193} INFO - Starting attempt 1 of 2
[2026-01-17T13:42:07.897+0000] {taskinstance.py:2217} INFO - Executing <Task(PythonOperator): get_data> on 2026-01-14 02:00:00+00:00
[2026-01-17T13:42:07.903+0000] {standard_task_runner.py:60} INFO - Started process 38105 to run task
[2026-01-17T13:42:07.906+0000] {standard_task_runner.py:87} INFO - Running: ['***', 'tasks', 'run', 'ModelDevelop', 'get_data', 'scheduled__2026-01-14T02:00:00+00:00', '--job-id', '571', '--raw', '--subdir', 'DAGS_FOLDER/example.py', '--cfg-path', '/tmp/tmpasmfj9id']
[2026-01-17T13:42:07.907+0000] {standard_task_runner.py:88} INFO - Job 571: Subtask get_data
[2026-01-17T13:42:07.915+0000] {warnings.py:109} WARNING - /home/***/.local/lib/python3.9/site-packages/***/settings.py:194: DeprecationWarning: The sql_alchemy_conn option in [core] has been moved to the sql_alchemy_conn option in [database] - the old setting has been used, but please update your config.
  SQL_ALCHEMY_CONN = conf.get("database", "SQL_ALCHEMY_CONN")

[2026-01-17T13:42:07.980+0000] {task_command.py:423} INFO - Running <TaskInstance: ModelDevelop.get_data scheduled__2026-01-14T02:00:00+00:00 [running]> on host 5330652dc216
[2026-01-17T13:42:08.094+0000] {taskinstance.py:2513} INFO - Exporting env vars: AIRFLOW_CTX_DAG_OWNER='***' AIRFLOW_CTX_DAG_ID='ModelDevelop' AIRFLOW_CTX_TASK_ID='get_data' AIRFLOW_CTX_EXECUTION_DATE='2026-01-14T02:00:00+00:00' AIRFLOW_CTX_TRY_NUMBER='1' AIRFLOW_CTX_DAG_RUN_ID='scheduled__2026-01-14T02:00:00+00:00'
[2026-01-17T13:42:08.105+0000] {python.py:202} INFO - Done. Returned value was: ./iris.csv
[2026-01-17T13:42:08.119+0000] {taskinstance.py:1149} INFO - Marking task as SUCCESS. dag_id=ModelDevelop, task_id=get_data, execution_date=20260114T020000, start_date=20260117T134207, end_date=20260117T134208
[2026-01-17T13:42:08.158+0000] {local_task_job_runner.py:234} INFO - Task exited with return code 0
[2026-01-17T13:42:08.176+0000] {taskinstance.py:3312} INFO - 1 downstream tasks scheduled from follow-on schedule check
