[2026-01-16T07:54:24.521+0000] {taskinstance.py:1979} INFO - Dependencies all met for dep_context=non-requeueable deps ti=<TaskInstance: ModelDevelop.get_data scheduled__2026-01-04T13:00:00+00:00 [queued]>
[2026-01-16T07:54:24.526+0000] {taskinstance.py:1979} INFO - Dependencies all met for dep_context=requeueable deps ti=<TaskInstance: ModelDevelop.get_data scheduled__2026-01-04T13:00:00+00:00 [queued]>
[2026-01-16T07:54:24.526+0000] {taskinstance.py:2193} INFO - Starting attempt 1 of 2
[2026-01-16T07:54:24.534+0000] {taskinstance.py:2217} INFO - Executing <Task(PythonOperator): get_data> on 2026-01-04 13:00:00+00:00
[2026-01-16T07:54:24.541+0000] {standard_task_runner.py:60} INFO - Started process 7218 to run task
[2026-01-16T07:54:24.543+0000] {standard_task_runner.py:87} INFO - Running: ['***', 'tasks', 'run', 'ModelDevelop', 'get_data', 'scheduled__2026-01-04T13:00:00+00:00', '--job-id', '111', '--raw', '--subdir', 'DAGS_FOLDER/example.py', '--cfg-path', '/tmp/tmpwzz0ycn9']
[2026-01-16T07:54:24.544+0000] {standard_task_runner.py:88} INFO - Job 111: Subtask get_data
[2026-01-16T07:54:24.553+0000] {warnings.py:109} WARNING - /home/***/.local/lib/python3.9/site-packages/***/settings.py:194: DeprecationWarning: The sql_alchemy_conn option in [core] has been moved to the sql_alchemy_conn option in [database] - the old setting has been used, but please update your config.
  SQL_ALCHEMY_CONN = conf.get("database", "SQL_ALCHEMY_CONN")

[2026-01-16T07:54:24.581+0000] {task_command.py:423} INFO - Running <TaskInstance: ModelDevelop.get_data scheduled__2026-01-04T13:00:00+00:00 [running]> on host 8a4f043652f0
[2026-01-16T07:54:24.683+0000] {taskinstance.py:2513} INFO - Exporting env vars: AIRFLOW_CTX_DAG_OWNER='***' AIRFLOW_CTX_DAG_ID='ModelDevelop' AIRFLOW_CTX_TASK_ID='get_data' AIRFLOW_CTX_EXECUTION_DATE='2026-01-04T13:00:00+00:00' AIRFLOW_CTX_TRY_NUMBER='1' AIRFLOW_CTX_DAG_RUN_ID='scheduled__2026-01-04T13:00:00+00:00'
[2026-01-16T07:54:24.693+0000] {python.py:202} INFO - Done. Returned value was: ./iris.csv
[2026-01-16T07:54:24.719+0000] {taskinstance.py:1149} INFO - Marking task as SUCCESS. dag_id=ModelDevelop, task_id=get_data, execution_date=20260104T130000, start_date=20260116T075424, end_date=20260116T075424
[2026-01-16T07:54:24.755+0000] {local_task_job_runner.py:234} INFO - Task exited with return code 0
[2026-01-16T07:54:24.821+0000] {taskinstance.py:3312} INFO - 0 downstream tasks scheduled from follow-on schedule check
[2026-01-17T13:18:01.471+0000] {taskinstance.py:1979} INFO - Dependencies all met for dep_context=non-requeueable deps ti=<TaskInstance: ModelDevelop.get_data scheduled__2026-01-04T13:00:00+00:00 [queued]>
[2026-01-17T13:18:01.476+0000] {taskinstance.py:1979} INFO - Dependencies all met for dep_context=requeueable deps ti=<TaskInstance: ModelDevelop.get_data scheduled__2026-01-04T13:00:00+00:00 [queued]>
[2026-01-17T13:18:01.477+0000] {taskinstance.py:2193} INFO - Starting attempt 1 of 2
[2026-01-17T13:18:01.484+0000] {taskinstance.py:2217} INFO - Executing <Task(PythonOperator): get_data> on 2026-01-04 13:00:00+00:00
[2026-01-17T13:18:01.491+0000] {standard_task_runner.py:60} INFO - Started process 7249 to run task
[2026-01-17T13:18:01.493+0000] {standard_task_runner.py:87} INFO - Running: ['***', 'tasks', 'run', 'ModelDevelop', 'get_data', 'scheduled__2026-01-04T13:00:00+00:00', '--job-id', '111', '--raw', '--subdir', 'DAGS_FOLDER/example.py', '--cfg-path', '/tmp/tmp__9wmn6j']
[2026-01-17T13:18:01.494+0000] {standard_task_runner.py:88} INFO - Job 111: Subtask get_data
[2026-01-17T13:18:01.504+0000] {warnings.py:109} WARNING - /home/***/.local/lib/python3.9/site-packages/***/settings.py:194: DeprecationWarning: The sql_alchemy_conn option in [core] has been moved to the sql_alchemy_conn option in [database] - the old setting has been used, but please update your config.
  SQL_ALCHEMY_CONN = conf.get("database", "SQL_ALCHEMY_CONN")

[2026-01-17T13:18:01.564+0000] {task_command.py:423} INFO - Running <TaskInstance: ModelDevelop.get_data scheduled__2026-01-04T13:00:00+00:00 [running]> on host ed3184b6b543
[2026-01-17T13:18:01.626+0000] {taskinstance.py:2513} INFO - Exporting env vars: AIRFLOW_CTX_DAG_OWNER='***' AIRFLOW_CTX_DAG_ID='ModelDevelop' AIRFLOW_CTX_TASK_ID='get_data' AIRFLOW_CTX_EXECUTION_DATE='2026-01-04T13:00:00+00:00' AIRFLOW_CTX_TRY_NUMBER='1' AIRFLOW_CTX_DAG_RUN_ID='scheduled__2026-01-04T13:00:00+00:00'
[2026-01-17T13:18:01.635+0000] {python.py:202} INFO - Done. Returned value was: ./iris.csv
[2026-01-17T13:18:01.664+0000] {taskinstance.py:1149} INFO - Marking task as SUCCESS. dag_id=ModelDevelop, task_id=get_data, execution_date=20260104T130000, start_date=20260117T131801, end_date=20260117T131801
[2026-01-17T13:18:01.705+0000] {local_task_job_runner.py:234} INFO - Task exited with return code 0
[2026-01-17T13:18:01.725+0000] {taskinstance.py:3312} INFO - 1 downstream tasks scheduled from follow-on schedule check
[2026-01-17T13:39:23.135+0000] {taskinstance.py:1979} INFO - Dependencies all met for dep_context=non-requeueable deps ti=<TaskInstance: ModelDevelop.get_data scheduled__2026-01-04T13:00:00+00:00 [queued]>
[2026-01-17T13:39:23.142+0000] {taskinstance.py:1979} INFO - Dependencies all met for dep_context=requeueable deps ti=<TaskInstance: ModelDevelop.get_data scheduled__2026-01-04T13:00:00+00:00 [queued]>
[2026-01-17T13:39:23.143+0000] {taskinstance.py:2193} INFO - Starting attempt 1 of 2
[2026-01-17T13:39:23.153+0000] {taskinstance.py:2217} INFO - Executing <Task(PythonOperator): get_data> on 2026-01-04 13:00:00+00:00
[2026-01-17T13:39:23.164+0000] {standard_task_runner.py:60} INFO - Started process 7284 to run task
[2026-01-17T13:39:23.184+0000] {standard_task_runner.py:87} INFO - Running: ['***', 'tasks', 'run', 'ModelDevelop', 'get_data', 'scheduled__2026-01-04T13:00:00+00:00', '--job-id', '111', '--raw', '--subdir', 'DAGS_FOLDER/example.py', '--cfg-path', '/tmp/tmp74739t6u']
[2026-01-17T13:39:23.185+0000] {standard_task_runner.py:88} INFO - Job 111: Subtask get_data
[2026-01-17T13:39:23.203+0000] {warnings.py:109} WARNING - /home/***/.local/lib/python3.9/site-packages/***/settings.py:194: DeprecationWarning: The sql_alchemy_conn option in [core] has been moved to the sql_alchemy_conn option in [database] - the old setting has been used, but please update your config.
  SQL_ALCHEMY_CONN = conf.get("database", "SQL_ALCHEMY_CONN")

[2026-01-17T13:39:23.244+0000] {task_command.py:423} INFO - Running <TaskInstance: ModelDevelop.get_data scheduled__2026-01-04T13:00:00+00:00 [running]> on host 5330652dc216
[2026-01-17T13:39:23.299+0000] {taskinstance.py:2513} INFO - Exporting env vars: AIRFLOW_CTX_DAG_OWNER='***' AIRFLOW_CTX_DAG_ID='ModelDevelop' AIRFLOW_CTX_TASK_ID='get_data' AIRFLOW_CTX_EXECUTION_DATE='2026-01-04T13:00:00+00:00' AIRFLOW_CTX_TRY_NUMBER='1' AIRFLOW_CTX_DAG_RUN_ID='scheduled__2026-01-04T13:00:00+00:00'
[2026-01-17T13:39:23.310+0000] {python.py:202} INFO - Done. Returned value was: ./iris.csv
[2026-01-17T13:39:23.326+0000] {taskinstance.py:1149} INFO - Marking task as SUCCESS. dag_id=ModelDevelop, task_id=get_data, execution_date=20260104T130000, start_date=20260117T133923, end_date=20260117T133923
[2026-01-17T13:39:23.379+0000] {local_task_job_runner.py:234} INFO - Task exited with return code 0
[2026-01-17T13:39:23.471+0000] {taskinstance.py:3312} INFO - 0 downstream tasks scheduled from follow-on schedule check
