[2026-01-16T07:56:37.326+0000] {taskinstance.py:1979} INFO - Dependencies all met for dep_context=non-requeueable deps ti=<TaskInstance: ModelDevelop.get_data scheduled__2026-01-12T21:00:00+00:00 [queued]>
[2026-01-16T07:56:37.333+0000] {taskinstance.py:1979} INFO - Dependencies all met for dep_context=requeueable deps ti=<TaskInstance: ModelDevelop.get_data scheduled__2026-01-12T21:00:00+00:00 [queued]>
[2026-01-16T07:56:37.333+0000] {taskinstance.py:2193} INFO - Starting attempt 1 of 2
[2026-01-16T07:56:37.343+0000] {taskinstance.py:2217} INFO - Executing <Task(PythonOperator): get_data> on 2026-01-12 21:00:00+00:00
[2026-01-16T07:56:37.350+0000] {standard_task_runner.py:60} INFO - Started process 34818 to run task
[2026-01-16T07:56:37.352+0000] {standard_task_runner.py:87} INFO - Running: ['***', 'tasks', 'run', 'ModelDevelop', 'get_data', 'scheduled__2026-01-12T21:00:00+00:00', '--job-id', '520', '--raw', '--subdir', 'DAGS_FOLDER/example.py', '--cfg-path', '/tmp/tmpybibpikl']
[2026-01-16T07:56:37.353+0000] {standard_task_runner.py:88} INFO - Job 520: Subtask get_data
[2026-01-16T07:56:37.363+0000] {warnings.py:109} WARNING - /home/***/.local/lib/python3.9/site-packages/***/settings.py:194: DeprecationWarning: The sql_alchemy_conn option in [core] has been moved to the sql_alchemy_conn option in [database] - the old setting has been used, but please update your config.
  SQL_ALCHEMY_CONN = conf.get("database", "SQL_ALCHEMY_CONN")

[2026-01-16T07:56:37.420+0000] {task_command.py:423} INFO - Running <TaskInstance: ModelDevelop.get_data scheduled__2026-01-12T21:00:00+00:00 [running]> on host 8a4f043652f0
[2026-01-16T07:56:37.516+0000] {taskinstance.py:2513} INFO - Exporting env vars: AIRFLOW_CTX_DAG_OWNER='***' AIRFLOW_CTX_DAG_ID='ModelDevelop' AIRFLOW_CTX_TASK_ID='get_data' AIRFLOW_CTX_EXECUTION_DATE='2026-01-12T21:00:00+00:00' AIRFLOW_CTX_TRY_NUMBER='1' AIRFLOW_CTX_DAG_RUN_ID='scheduled__2026-01-12T21:00:00+00:00'
[2026-01-16T07:56:37.528+0000] {python.py:202} INFO - Done. Returned value was: ./iris.csv
[2026-01-16T07:56:37.545+0000] {taskinstance.py:1149} INFO - Marking task as SUCCESS. dag_id=ModelDevelop, task_id=get_data, execution_date=20260112T210000, start_date=20260116T075637, end_date=20260116T075637
[2026-01-16T07:56:37.609+0000] {local_task_job_runner.py:234} INFO - Task exited with return code 0
[2026-01-16T07:56:37.626+0000] {taskinstance.py:3312} INFO - 1 downstream tasks scheduled from follow-on schedule check
[2026-01-17T13:20:22.197+0000] {taskinstance.py:1979} INFO - Dependencies all met for dep_context=non-requeueable deps ti=<TaskInstance: ModelDevelop.get_data scheduled__2026-01-12T21:00:00+00:00 [queued]>
[2026-01-17T13:20:22.208+0000] {taskinstance.py:1979} INFO - Dependencies all met for dep_context=requeueable deps ti=<TaskInstance: ModelDevelop.get_data scheduled__2026-01-12T21:00:00+00:00 [queued]>
[2026-01-17T13:20:22.208+0000] {taskinstance.py:2193} INFO - Starting attempt 1 of 2
[2026-01-17T13:20:22.227+0000] {taskinstance.py:2217} INFO - Executing <Task(PythonOperator): get_data> on 2026-01-12 21:00:00+00:00
[2026-01-17T13:20:22.236+0000] {standard_task_runner.py:60} INFO - Started process 34915 to run task
[2026-01-17T13:20:22.238+0000] {standard_task_runner.py:87} INFO - Running: ['***', 'tasks', 'run', 'ModelDevelop', 'get_data', 'scheduled__2026-01-12T21:00:00+00:00', '--job-id', '520', '--raw', '--subdir', 'DAGS_FOLDER/example.py', '--cfg-path', '/tmp/tmp61e6trod']
[2026-01-17T13:20:22.239+0000] {standard_task_runner.py:88} INFO - Job 520: Subtask get_data
[2026-01-17T13:20:22.250+0000] {warnings.py:109} WARNING - /home/***/.local/lib/python3.9/site-packages/***/settings.py:194: DeprecationWarning: The sql_alchemy_conn option in [core] has been moved to the sql_alchemy_conn option in [database] - the old setting has been used, but please update your config.
  SQL_ALCHEMY_CONN = conf.get("database", "SQL_ALCHEMY_CONN")

[2026-01-17T13:20:22.282+0000] {task_command.py:423} INFO - Running <TaskInstance: ModelDevelop.get_data scheduled__2026-01-12T21:00:00+00:00 [running]> on host ed3184b6b543
[2026-01-17T13:20:22.346+0000] {taskinstance.py:2513} INFO - Exporting env vars: AIRFLOW_CTX_DAG_OWNER='***' AIRFLOW_CTX_DAG_ID='ModelDevelop' AIRFLOW_CTX_TASK_ID='get_data' AIRFLOW_CTX_EXECUTION_DATE='2026-01-12T21:00:00+00:00' AIRFLOW_CTX_TRY_NUMBER='1' AIRFLOW_CTX_DAG_RUN_ID='scheduled__2026-01-12T21:00:00+00:00'
[2026-01-17T13:20:22.355+0000] {python.py:202} INFO - Done. Returned value was: ./iris.csv
[2026-01-17T13:20:22.386+0000] {taskinstance.py:1149} INFO - Marking task as SUCCESS. dag_id=ModelDevelop, task_id=get_data, execution_date=20260112T210000, start_date=20260117T132022, end_date=20260117T132022
[2026-01-17T13:20:22.452+0000] {local_task_job_runner.py:234} INFO - Task exited with return code 0
[2026-01-17T13:20:22.472+0000] {taskinstance.py:3312} INFO - 1 downstream tasks scheduled from follow-on schedule check
[2026-01-17T13:41:47.062+0000] {taskinstance.py:1979} INFO - Dependencies all met for dep_context=non-requeueable deps ti=<TaskInstance: ModelDevelop.get_data scheduled__2026-01-12T21:00:00+00:00 [queued]>
[2026-01-17T13:41:47.066+0000] {taskinstance.py:1979} INFO - Dependencies all met for dep_context=requeueable deps ti=<TaskInstance: ModelDevelop.get_data scheduled__2026-01-12T21:00:00+00:00 [queued]>
[2026-01-17T13:41:47.067+0000] {taskinstance.py:2193} INFO - Starting attempt 1 of 2
[2026-01-17T13:41:47.076+0000] {taskinstance.py:2217} INFO - Executing <Task(PythonOperator): get_data> on 2026-01-12 21:00:00+00:00
[2026-01-17T13:41:47.084+0000] {standard_task_runner.py:60} INFO - Started process 33883 to run task
[2026-01-17T13:41:47.106+0000] {standard_task_runner.py:87} INFO - Running: ['***', 'tasks', 'run', 'ModelDevelop', 'get_data', 'scheduled__2026-01-12T21:00:00+00:00', '--job-id', '509', '--raw', '--subdir', 'DAGS_FOLDER/example.py', '--cfg-path', '/tmp/tmpsfcr6r0j']
[2026-01-17T13:41:47.107+0000] {standard_task_runner.py:88} INFO - Job 509: Subtask get_data
[2026-01-17T13:41:47.140+0000] {warnings.py:109} WARNING - /home/***/.local/lib/python3.9/site-packages/***/settings.py:194: DeprecationWarning: The sql_alchemy_conn option in [core] has been moved to the sql_alchemy_conn option in [database] - the old setting has been used, but please update your config.
  SQL_ALCHEMY_CONN = conf.get("database", "SQL_ALCHEMY_CONN")

[2026-01-17T13:41:47.171+0000] {task_command.py:423} INFO - Running <TaskInstance: ModelDevelop.get_data scheduled__2026-01-12T21:00:00+00:00 [running]> on host 5330652dc216
[2026-01-17T13:41:47.226+0000] {taskinstance.py:2513} INFO - Exporting env vars: AIRFLOW_CTX_DAG_OWNER='***' AIRFLOW_CTX_DAG_ID='ModelDevelop' AIRFLOW_CTX_TASK_ID='get_data' AIRFLOW_CTX_EXECUTION_DATE='2026-01-12T21:00:00+00:00' AIRFLOW_CTX_TRY_NUMBER='1' AIRFLOW_CTX_DAG_RUN_ID='scheduled__2026-01-12T21:00:00+00:00'
[2026-01-17T13:41:47.235+0000] {python.py:202} INFO - Done. Returned value was: ./iris.csv
[2026-01-17T13:41:47.249+0000] {taskinstance.py:1149} INFO - Marking task as SUCCESS. dag_id=ModelDevelop, task_id=get_data, execution_date=20260112T210000, start_date=20260117T134147, end_date=20260117T134147
[2026-01-17T13:41:47.305+0000] {local_task_job_runner.py:234} INFO - Task exited with return code 0
[2026-01-17T13:41:47.329+0000] {taskinstance.py:3312} INFO - 1 downstream tasks scheduled from follow-on schedule check
