[2026-01-17T01:00:01.596+0000] {taskinstance.py:1979} INFO - Dependencies all met for dep_context=non-requeueable deps ti=<TaskInstance: ModelDevelop.get_data scheduled__2026-01-17T00:00:00+00:00 [queued]>
[2026-01-17T01:00:01.600+0000] {taskinstance.py:1979} INFO - Dependencies all met for dep_context=requeueable deps ti=<TaskInstance: ModelDevelop.get_data scheduled__2026-01-17T00:00:00+00:00 [queued]>
[2026-01-17T01:00:01.600+0000] {taskinstance.py:2193} INFO - Starting attempt 1 of 2
[2026-01-17T01:00:01.606+0000] {taskinstance.py:2217} INFO - Executing <Task(PythonOperator): get_data> on 2026-01-17 00:00:00+00:00
[2026-01-17T01:00:01.612+0000] {standard_task_runner.py:60} INFO - Started process 48346 to run task
[2026-01-17T01:00:01.614+0000] {standard_task_runner.py:87} INFO - Running: ['***', 'tasks', 'run', 'ModelDevelop', 'get_data', 'scheduled__2026-01-17T00:00:00+00:00', '--job-id', '722', '--raw', '--subdir', 'DAGS_FOLDER/example.py', '--cfg-path', '/tmp/tmpi3o8c_fu']
[2026-01-17T01:00:01.615+0000] {standard_task_runner.py:88} INFO - Job 722: Subtask get_data
[2026-01-17T01:00:01.625+0000] {warnings.py:109} WARNING - /home/***/.local/lib/python3.9/site-packages/***/settings.py:194: DeprecationWarning: The sql_alchemy_conn option in [core] has been moved to the sql_alchemy_conn option in [database] - the old setting has been used, but please update your config.
  SQL_ALCHEMY_CONN = conf.get("database", "SQL_ALCHEMY_CONN")

[2026-01-17T01:00:01.646+0000] {task_command.py:423} INFO - Running <TaskInstance: ModelDevelop.get_data scheduled__2026-01-17T00:00:00+00:00 [running]> on host 8a4f043652f0
[2026-01-17T01:00:01.689+0000] {taskinstance.py:2513} INFO - Exporting env vars: AIRFLOW_CTX_DAG_OWNER='***' AIRFLOW_CTX_DAG_ID='ModelDevelop' AIRFLOW_CTX_TASK_ID='get_data' AIRFLOW_CTX_EXECUTION_DATE='2026-01-17T00:00:00+00:00' AIRFLOW_CTX_TRY_NUMBER='1' AIRFLOW_CTX_DAG_RUN_ID='scheduled__2026-01-17T00:00:00+00:00'
[2026-01-17T01:00:01.697+0000] {python.py:202} INFO - Done. Returned value was: ./iris.csv
[2026-01-17T01:00:01.710+0000] {taskinstance.py:1149} INFO - Marking task as SUCCESS. dag_id=ModelDevelop, task_id=get_data, execution_date=20260117T000000, start_date=20260117T010001, end_date=20260117T010001
[2026-01-17T01:00:01.746+0000] {local_task_job_runner.py:234} INFO - Task exited with return code 0
[2026-01-17T01:00:01.757+0000] {taskinstance.py:3312} INFO - 0 downstream tasks scheduled from follow-on schedule check
[2026-01-17T13:21:20.616+0000] {taskinstance.py:1979} INFO - Dependencies all met for dep_context=non-requeueable deps ti=<TaskInstance: ModelDevelop.get_data scheduled__2026-01-17T00:00:00+00:00 [queued]>
[2026-01-17T13:21:20.621+0000] {taskinstance.py:1979} INFO - Dependencies all met for dep_context=requeueable deps ti=<TaskInstance: ModelDevelop.get_data scheduled__2026-01-17T00:00:00+00:00 [queued]>
[2026-01-17T13:21:20.621+0000] {taskinstance.py:2193} INFO - Starting attempt 1 of 2
[2026-01-17T13:21:20.694+0000] {taskinstance.py:2217} INFO - Executing <Task(PythonOperator): get_data> on 2026-01-17 00:00:00+00:00
[2026-01-17T13:21:20.702+0000] {standard_task_runner.py:60} INFO - Started process 47916 to run task
[2026-01-17T13:21:20.707+0000] {standard_task_runner.py:87} INFO - Running: ['***', 'tasks', 'run', 'ModelDevelop', 'get_data', 'scheduled__2026-01-17T00:00:00+00:00', '--job-id', '716', '--raw', '--subdir', 'DAGS_FOLDER/example.py', '--cfg-path', '/tmp/tmptiv29zcj']
[2026-01-17T13:21:20.708+0000] {standard_task_runner.py:88} INFO - Job 716: Subtask get_data
[2026-01-17T13:21:20.762+0000] {warnings.py:109} WARNING - /home/***/.local/lib/python3.9/site-packages/***/settings.py:194: DeprecationWarning: The sql_alchemy_conn option in [core] has been moved to the sql_alchemy_conn option in [database] - the old setting has been used, but please update your config.
  SQL_ALCHEMY_CONN = conf.get("database", "SQL_ALCHEMY_CONN")

[2026-01-17T13:21:20.808+0000] {task_command.py:423} INFO - Running <TaskInstance: ModelDevelop.get_data scheduled__2026-01-17T00:00:00+00:00 [running]> on host ed3184b6b543
[2026-01-17T13:21:20.864+0000] {taskinstance.py:2513} INFO - Exporting env vars: AIRFLOW_CTX_DAG_OWNER='***' AIRFLOW_CTX_DAG_ID='ModelDevelop' AIRFLOW_CTX_TASK_ID='get_data' AIRFLOW_CTX_EXECUTION_DATE='2026-01-17T00:00:00+00:00' AIRFLOW_CTX_TRY_NUMBER='1' AIRFLOW_CTX_DAG_RUN_ID='scheduled__2026-01-17T00:00:00+00:00'
[2026-01-17T13:21:20.876+0000] {python.py:202} INFO - Done. Returned value was: ./iris.csv
[2026-01-17T13:21:20.893+0000] {taskinstance.py:1149} INFO - Marking task as SUCCESS. dag_id=ModelDevelop, task_id=get_data, execution_date=20260117T000000, start_date=20260117T132120, end_date=20260117T132120
[2026-01-17T13:21:20.918+0000] {local_task_job_runner.py:234} INFO - Task exited with return code 0
[2026-01-17T13:21:21.110+0000] {taskinstance.py:3312} INFO - 1 downstream tasks scheduled from follow-on schedule check
[2026-01-17T13:42:55.980+0000] {taskinstance.py:1979} INFO - Dependencies all met for dep_context=non-requeueable deps ti=<TaskInstance: ModelDevelop.get_data scheduled__2026-01-17T00:00:00+00:00 [queued]>
[2026-01-17T13:42:55.986+0000] {taskinstance.py:1979} INFO - Dependencies all met for dep_context=requeueable deps ti=<TaskInstance: ModelDevelop.get_data scheduled__2026-01-17T00:00:00+00:00 [queued]>
[2026-01-17T13:42:55.986+0000] {taskinstance.py:2193} INFO - Starting attempt 1 of 2
[2026-01-17T13:42:55.996+0000] {taskinstance.py:2217} INFO - Executing <Task(PythonOperator): get_data> on 2026-01-17 00:00:00+00:00
[2026-01-17T13:42:56.004+0000] {standard_task_runner.py:60} INFO - Started process 48452 to run task
[2026-01-17T13:42:56.007+0000] {standard_task_runner.py:87} INFO - Running: ['***', 'tasks', 'run', 'ModelDevelop', 'get_data', 'scheduled__2026-01-17T00:00:00+00:00', '--job-id', '721', '--raw', '--subdir', 'DAGS_FOLDER/example.py', '--cfg-path', '/tmp/tmp507mb96m']
[2026-01-17T13:42:56.008+0000] {standard_task_runner.py:88} INFO - Job 721: Subtask get_data
[2026-01-17T13:42:56.017+0000] {warnings.py:109} WARNING - /home/***/.local/lib/python3.9/site-packages/***/settings.py:194: DeprecationWarning: The sql_alchemy_conn option in [core] has been moved to the sql_alchemy_conn option in [database] - the old setting has been used, but please update your config.
  SQL_ALCHEMY_CONN = conf.get("database", "SQL_ALCHEMY_CONN")

[2026-01-17T13:42:56.068+0000] {task_command.py:423} INFO - Running <TaskInstance: ModelDevelop.get_data scheduled__2026-01-17T00:00:00+00:00 [running]> on host 5330652dc216
[2026-01-17T13:42:56.154+0000] {taskinstance.py:2513} INFO - Exporting env vars: AIRFLOW_CTX_DAG_OWNER='***' AIRFLOW_CTX_DAG_ID='ModelDevelop' AIRFLOW_CTX_TASK_ID='get_data' AIRFLOW_CTX_EXECUTION_DATE='2026-01-17T00:00:00+00:00' AIRFLOW_CTX_TRY_NUMBER='1' AIRFLOW_CTX_DAG_RUN_ID='scheduled__2026-01-17T00:00:00+00:00'
[2026-01-17T13:42:56.162+0000] {python.py:202} INFO - Done. Returned value was: ./iris.csv
[2026-01-17T13:42:56.178+0000] {taskinstance.py:1149} INFO - Marking task as SUCCESS. dag_id=ModelDevelop, task_id=get_data, execution_date=20260117T000000, start_date=20260117T134255, end_date=20260117T134256
[2026-01-17T13:42:56.299+0000] {local_task_job_runner.py:234} INFO - Task exited with return code 0
[2026-01-17T13:42:56.317+0000] {taskinstance.py:3312} INFO - 1 downstream tasks scheduled from follow-on schedule check
