[2026-01-16T07:54:45.648+0000] {taskinstance.py:1979} INFO - Dependencies all met for dep_context=non-requeueable deps ti=<TaskInstance: ModelDevelop.get_data scheduled__2026-01-05T10:00:00+00:00 [queued]>
[2026-01-16T07:54:45.654+0000] {taskinstance.py:1979} INFO - Dependencies all met for dep_context=requeueable deps ti=<TaskInstance: ModelDevelop.get_data scheduled__2026-01-05T10:00:00+00:00 [queued]>
[2026-01-16T07:54:45.654+0000] {taskinstance.py:2193} INFO - Starting attempt 1 of 2
[2026-01-16T07:54:45.748+0000] {taskinstance.py:2217} INFO - Executing <Task(PythonOperator): get_data> on 2026-01-05 10:00:00+00:00
[2026-01-16T07:54:45.757+0000] {standard_task_runner.py:60} INFO - Started process 11164 to run task
[2026-01-16T07:54:45.759+0000] {standard_task_runner.py:87} INFO - Running: ['***', 'tasks', 'run', 'ModelDevelop', 'get_data', 'scheduled__2026-01-05T10:00:00+00:00', '--job-id', '163', '--raw', '--subdir', 'DAGS_FOLDER/example.py', '--cfg-path', '/tmp/tmpxulpprui']
[2026-01-16T07:54:45.760+0000] {standard_task_runner.py:88} INFO - Job 163: Subtask get_data
[2026-01-16T07:54:45.771+0000] {warnings.py:109} WARNING - /home/***/.local/lib/python3.9/site-packages/***/settings.py:194: DeprecationWarning: The sql_alchemy_conn option in [core] has been moved to the sql_alchemy_conn option in [database] - the old setting has been used, but please update your config.
  SQL_ALCHEMY_CONN = conf.get("database", "SQL_ALCHEMY_CONN")

[2026-01-16T07:54:45.799+0000] {task_command.py:423} INFO - Running <TaskInstance: ModelDevelop.get_data scheduled__2026-01-05T10:00:00+00:00 [running]> on host 8a4f043652f0
[2026-01-16T07:54:45.890+0000] {taskinstance.py:2513} INFO - Exporting env vars: AIRFLOW_CTX_DAG_OWNER='***' AIRFLOW_CTX_DAG_ID='ModelDevelop' AIRFLOW_CTX_TASK_ID='get_data' AIRFLOW_CTX_EXECUTION_DATE='2026-01-05T10:00:00+00:00' AIRFLOW_CTX_TRY_NUMBER='1' AIRFLOW_CTX_DAG_RUN_ID='scheduled__2026-01-05T10:00:00+00:00'
[2026-01-16T07:54:45.902+0000] {python.py:202} INFO - Done. Returned value was: ./iris.csv
[2026-01-16T07:54:45.924+0000] {taskinstance.py:1149} INFO - Marking task as SUCCESS. dag_id=ModelDevelop, task_id=get_data, execution_date=20260105T100000, start_date=20260116T075445, end_date=20260116T075445
[2026-01-16T07:54:45.971+0000] {local_task_job_runner.py:234} INFO - Task exited with return code 0
[2026-01-16T07:54:45.990+0000] {taskinstance.py:3312} INFO - 1 downstream tasks scheduled from follow-on schedule check
[2026-01-17T13:18:20.612+0000] {taskinstance.py:1979} INFO - Dependencies all met for dep_context=non-requeueable deps ti=<TaskInstance: ModelDevelop.get_data scheduled__2026-01-05T10:00:00+00:00 [queued]>
[2026-01-17T13:18:20.618+0000] {taskinstance.py:1979} INFO - Dependencies all met for dep_context=requeueable deps ti=<TaskInstance: ModelDevelop.get_data scheduled__2026-01-05T10:00:00+00:00 [queued]>
[2026-01-17T13:18:20.618+0000] {taskinstance.py:2193} INFO - Starting attempt 1 of 2
[2026-01-17T13:18:20.628+0000] {taskinstance.py:2217} INFO - Executing <Task(PythonOperator): get_data> on 2026-01-05 10:00:00+00:00
[2026-01-17T13:18:20.634+0000] {standard_task_runner.py:60} INFO - Started process 11165 to run task
[2026-01-17T13:18:20.636+0000] {standard_task_runner.py:87} INFO - Running: ['***', 'tasks', 'run', 'ModelDevelop', 'get_data', 'scheduled__2026-01-05T10:00:00+00:00', '--job-id', '165', '--raw', '--subdir', 'DAGS_FOLDER/example.py', '--cfg-path', '/tmp/tmpcqjgbp_0']
[2026-01-17T13:18:20.637+0000] {standard_task_runner.py:88} INFO - Job 165: Subtask get_data
[2026-01-17T13:18:20.645+0000] {warnings.py:109} WARNING - /home/***/.local/lib/python3.9/site-packages/***/settings.py:194: DeprecationWarning: The sql_alchemy_conn option in [core] has been moved to the sql_alchemy_conn option in [database] - the old setting has been used, but please update your config.
  SQL_ALCHEMY_CONN = conf.get("database", "SQL_ALCHEMY_CONN")

[2026-01-17T13:18:20.687+0000] {task_command.py:423} INFO - Running <TaskInstance: ModelDevelop.get_data scheduled__2026-01-05T10:00:00+00:00 [running]> on host ed3184b6b543
[2026-01-17T13:18:20.817+0000] {taskinstance.py:2513} INFO - Exporting env vars: AIRFLOW_CTX_DAG_OWNER='***' AIRFLOW_CTX_DAG_ID='ModelDevelop' AIRFLOW_CTX_TASK_ID='get_data' AIRFLOW_CTX_EXECUTION_DATE='2026-01-05T10:00:00+00:00' AIRFLOW_CTX_TRY_NUMBER='1' AIRFLOW_CTX_DAG_RUN_ID='scheduled__2026-01-05T10:00:00+00:00'
[2026-01-17T13:18:20.828+0000] {python.py:202} INFO - Done. Returned value was: ./iris.csv
[2026-01-17T13:18:20.846+0000] {taskinstance.py:1149} INFO - Marking task as SUCCESS. dag_id=ModelDevelop, task_id=get_data, execution_date=20260105T100000, start_date=20260117T131820, end_date=20260117T131820
[2026-01-17T13:18:20.892+0000] {local_task_job_runner.py:234} INFO - Task exited with return code 0
[2026-01-17T13:18:20.945+0000] {taskinstance.py:3312} INFO - 0 downstream tasks scheduled from follow-on schedule check
[2026-01-17T13:39:42.297+0000] {taskinstance.py:1979} INFO - Dependencies all met for dep_context=non-requeueable deps ti=<TaskInstance: ModelDevelop.get_data scheduled__2026-01-05T10:00:00+00:00 [queued]>
[2026-01-17T13:39:42.306+0000] {taskinstance.py:1979} INFO - Dependencies all met for dep_context=requeueable deps ti=<TaskInstance: ModelDevelop.get_data scheduled__2026-01-05T10:00:00+00:00 [queued]>
[2026-01-17T13:39:42.307+0000] {taskinstance.py:2193} INFO - Starting attempt 1 of 2
[2026-01-17T13:39:42.317+0000] {taskinstance.py:2217} INFO - Executing <Task(PythonOperator): get_data> on 2026-01-05 10:00:00+00:00
[2026-01-17T13:39:42.330+0000] {standard_task_runner.py:60} INFO - Started process 11163 to run task
[2026-01-17T13:39:42.338+0000] {standard_task_runner.py:87} INFO - Running: ['***', 'tasks', 'run', 'ModelDevelop', 'get_data', 'scheduled__2026-01-05T10:00:00+00:00', '--job-id', '164', '--raw', '--subdir', 'DAGS_FOLDER/example.py', '--cfg-path', '/tmp/tmpf2zrs0tg']
[2026-01-17T13:39:42.339+0000] {standard_task_runner.py:88} INFO - Job 164: Subtask get_data
[2026-01-17T13:39:42.365+0000] {warnings.py:109} WARNING - /home/***/.local/lib/python3.9/site-packages/***/settings.py:194: DeprecationWarning: The sql_alchemy_conn option in [core] has been moved to the sql_alchemy_conn option in [database] - the old setting has been used, but please update your config.
  SQL_ALCHEMY_CONN = conf.get("database", "SQL_ALCHEMY_CONN")

[2026-01-17T13:39:42.394+0000] {task_command.py:423} INFO - Running <TaskInstance: ModelDevelop.get_data scheduled__2026-01-05T10:00:00+00:00 [running]> on host 5330652dc216
[2026-01-17T13:39:42.491+0000] {taskinstance.py:2513} INFO - Exporting env vars: AIRFLOW_CTX_DAG_OWNER='***' AIRFLOW_CTX_DAG_ID='ModelDevelop' AIRFLOW_CTX_TASK_ID='get_data' AIRFLOW_CTX_EXECUTION_DATE='2026-01-05T10:00:00+00:00' AIRFLOW_CTX_TRY_NUMBER='1' AIRFLOW_CTX_DAG_RUN_ID='scheduled__2026-01-05T10:00:00+00:00'
[2026-01-17T13:39:42.502+0000] {python.py:202} INFO - Done. Returned value was: ./iris.csv
[2026-01-17T13:39:42.524+0000] {taskinstance.py:1149} INFO - Marking task as SUCCESS. dag_id=ModelDevelop, task_id=get_data, execution_date=20260105T100000, start_date=20260117T133942, end_date=20260117T133942
[2026-01-17T13:39:42.568+0000] {local_task_job_runner.py:234} INFO - Task exited with return code 0
[2026-01-17T13:39:42.583+0000] {taskinstance.py:3312} INFO - 0 downstream tasks scheduled from follow-on schedule check
