[2026-01-16T07:57:29.981+0000] {taskinstance.py:1979} INFO - Dependencies all met for dep_context=non-requeueable deps ti=<TaskInstance: ModelDevelop.get_data scheduled__2026-01-16T05:00:00+00:00 [queued]>
[2026-01-16T07:57:29.985+0000] {taskinstance.py:1979} INFO - Dependencies all met for dep_context=requeueable deps ti=<TaskInstance: ModelDevelop.get_data scheduled__2026-01-16T05:00:00+00:00 [queued]>
[2026-01-16T07:57:29.985+0000] {taskinstance.py:2193} INFO - Starting attempt 1 of 2
[2026-01-16T07:57:29.991+0000] {taskinstance.py:2217} INFO - Executing <Task(PythonOperator): get_data> on 2026-01-16 05:00:00+00:00
[2026-01-16T07:57:29.997+0000] {standard_task_runner.py:60} INFO - Started process 45333 to run task
[2026-01-16T07:57:29.999+0000] {standard_task_runner.py:87} INFO - Running: ['***', 'tasks', 'run', 'ModelDevelop', 'get_data', 'scheduled__2026-01-16T05:00:00+00:00', '--job-id', '679', '--raw', '--subdir', 'DAGS_FOLDER/example.py', '--cfg-path', '/tmp/tmpx142q3kt']
[2026-01-16T07:57:30.000+0000] {standard_task_runner.py:88} INFO - Job 679: Subtask get_data
[2026-01-16T07:57:30.008+0000] {warnings.py:109} WARNING - /home/***/.local/lib/python3.9/site-packages/***/settings.py:194: DeprecationWarning: The sql_alchemy_conn option in [core] has been moved to the sql_alchemy_conn option in [database] - the old setting has been used, but please update your config.
  SQL_ALCHEMY_CONN = conf.get("database", "SQL_ALCHEMY_CONN")

[2026-01-16T07:57:30.035+0000] {task_command.py:423} INFO - Running <TaskInstance: ModelDevelop.get_data scheduled__2026-01-16T05:00:00+00:00 [running]> on host 8a4f043652f0
[2026-01-16T07:57:30.082+0000] {taskinstance.py:2513} INFO - Exporting env vars: AIRFLOW_CTX_DAG_OWNER='***' AIRFLOW_CTX_DAG_ID='ModelDevelop' AIRFLOW_CTX_TASK_ID='get_data' AIRFLOW_CTX_EXECUTION_DATE='2026-01-16T05:00:00+00:00' AIRFLOW_CTX_TRY_NUMBER='1' AIRFLOW_CTX_DAG_RUN_ID='scheduled__2026-01-16T05:00:00+00:00'
[2026-01-16T07:57:30.091+0000] {python.py:202} INFO - Done. Returned value was: ./iris.csv
[2026-01-16T07:57:30.104+0000] {taskinstance.py:1149} INFO - Marking task as SUCCESS. dag_id=ModelDevelop, task_id=get_data, execution_date=20260116T050000, start_date=20260116T075729, end_date=20260116T075730
[2026-01-16T07:57:30.131+0000] {local_task_job_runner.py:234} INFO - Task exited with return code 0
[2026-01-16T07:57:30.146+0000] {taskinstance.py:3312} INFO - 1 downstream tasks scheduled from follow-on schedule check
[2026-01-17T13:21:10.862+0000] {taskinstance.py:1979} INFO - Dependencies all met for dep_context=non-requeueable deps ti=<TaskInstance: ModelDevelop.get_data scheduled__2026-01-16T05:00:00+00:00 [queued]>
[2026-01-17T13:21:10.869+0000] {taskinstance.py:1979} INFO - Dependencies all met for dep_context=requeueable deps ti=<TaskInstance: ModelDevelop.get_data scheduled__2026-01-16T05:00:00+00:00 [queued]>
[2026-01-17T13:21:10.869+0000] {taskinstance.py:2193} INFO - Starting attempt 1 of 2
[2026-01-17T13:21:10.880+0000] {taskinstance.py:2217} INFO - Executing <Task(PythonOperator): get_data> on 2026-01-16 05:00:00+00:00
[2026-01-17T13:21:10.891+0000] {standard_task_runner.py:60} INFO - Started process 45636 to run task
[2026-01-17T13:21:10.898+0000] {standard_task_runner.py:87} INFO - Running: ['***', 'tasks', 'run', 'ModelDevelop', 'get_data', 'scheduled__2026-01-16T05:00:00+00:00', '--job-id', '680', '--raw', '--subdir', 'DAGS_FOLDER/example.py', '--cfg-path', '/tmp/tmp1z3ng0mr']
[2026-01-17T13:21:10.899+0000] {standard_task_runner.py:88} INFO - Job 680: Subtask get_data
[2026-01-17T13:21:10.909+0000] {warnings.py:109} WARNING - /home/***/.local/lib/python3.9/site-packages/***/settings.py:194: DeprecationWarning: The sql_alchemy_conn option in [core] has been moved to the sql_alchemy_conn option in [database] - the old setting has been used, but please update your config.
  SQL_ALCHEMY_CONN = conf.get("database", "SQL_ALCHEMY_CONN")

[2026-01-17T13:21:10.938+0000] {task_command.py:423} INFO - Running <TaskInstance: ModelDevelop.get_data scheduled__2026-01-16T05:00:00+00:00 [running]> on host ed3184b6b543
[2026-01-17T13:21:11.045+0000] {taskinstance.py:2513} INFO - Exporting env vars: AIRFLOW_CTX_DAG_OWNER='***' AIRFLOW_CTX_DAG_ID='ModelDevelop' AIRFLOW_CTX_TASK_ID='get_data' AIRFLOW_CTX_EXECUTION_DATE='2026-01-16T05:00:00+00:00' AIRFLOW_CTX_TRY_NUMBER='1' AIRFLOW_CTX_DAG_RUN_ID='scheduled__2026-01-16T05:00:00+00:00'
[2026-01-17T13:21:11.056+0000] {python.py:202} INFO - Done. Returned value was: ./iris.csv
[2026-01-17T13:21:11.073+0000] {taskinstance.py:1149} INFO - Marking task as SUCCESS. dag_id=ModelDevelop, task_id=get_data, execution_date=20260116T050000, start_date=20260117T132110, end_date=20260117T132111
[2026-01-17T13:21:11.106+0000] {local_task_job_runner.py:234} INFO - Task exited with return code 0
[2026-01-17T13:21:11.187+0000] {taskinstance.py:3312} INFO - 0 downstream tasks scheduled from follow-on schedule check
[2026-01-17T13:42:38.581+0000] {taskinstance.py:1979} INFO - Dependencies all met for dep_context=non-requeueable deps ti=<TaskInstance: ModelDevelop.get_data scheduled__2026-01-16T05:00:00+00:00 [queued]>
[2026-01-17T13:42:38.586+0000] {taskinstance.py:1979} INFO - Dependencies all met for dep_context=requeueable deps ti=<TaskInstance: ModelDevelop.get_data scheduled__2026-01-16T05:00:00+00:00 [queued]>
[2026-01-17T13:42:38.586+0000] {taskinstance.py:2193} INFO - Starting attempt 1 of 2
[2026-01-17T13:42:38.594+0000] {taskinstance.py:2217} INFO - Executing <Task(PythonOperator): get_data> on 2026-01-16 05:00:00+00:00
[2026-01-17T13:42:38.600+0000] {standard_task_runner.py:60} INFO - Started process 44671 to run task
[2026-01-17T13:42:38.602+0000] {standard_task_runner.py:87} INFO - Running: ['***', 'tasks', 'run', 'ModelDevelop', 'get_data', 'scheduled__2026-01-16T05:00:00+00:00', '--job-id', '671', '--raw', '--subdir', 'DAGS_FOLDER/example.py', '--cfg-path', '/tmp/tmp8w0t_3kb']
[2026-01-17T13:42:38.603+0000] {standard_task_runner.py:88} INFO - Job 671: Subtask get_data
[2026-01-17T13:42:38.613+0000] {warnings.py:109} WARNING - /home/***/.local/lib/python3.9/site-packages/***/settings.py:194: DeprecationWarning: The sql_alchemy_conn option in [core] has been moved to the sql_alchemy_conn option in [database] - the old setting has been used, but please update your config.
  SQL_ALCHEMY_CONN = conf.get("database", "SQL_ALCHEMY_CONN")

[2026-01-17T13:42:38.645+0000] {task_command.py:423} INFO - Running <TaskInstance: ModelDevelop.get_data scheduled__2026-01-16T05:00:00+00:00 [running]> on host 5330652dc216
[2026-01-17T13:42:38.741+0000] {taskinstance.py:2513} INFO - Exporting env vars: AIRFLOW_CTX_DAG_OWNER='***' AIRFLOW_CTX_DAG_ID='ModelDevelop' AIRFLOW_CTX_TASK_ID='get_data' AIRFLOW_CTX_EXECUTION_DATE='2026-01-16T05:00:00+00:00' AIRFLOW_CTX_TRY_NUMBER='1' AIRFLOW_CTX_DAG_RUN_ID='scheduled__2026-01-16T05:00:00+00:00'
[2026-01-17T13:42:38.749+0000] {python.py:202} INFO - Done. Returned value was: ./iris.csv
[2026-01-17T13:42:38.782+0000] {taskinstance.py:1149} INFO - Marking task as SUCCESS. dag_id=ModelDevelop, task_id=get_data, execution_date=20260116T050000, start_date=20260117T134238, end_date=20260117T134238
[2026-01-17T13:42:38.814+0000] {local_task_job_runner.py:234} INFO - Task exited with return code 0
[2026-01-17T13:42:38.844+0000] {taskinstance.py:3312} INFO - 1 downstream tasks scheduled from follow-on schedule check
