[2026-01-17T11:00:01.824+0000] {taskinstance.py:1979} INFO - Dependencies all met for dep_context=non-requeueable deps ti=<TaskInstance: ModelDevelop.get_data scheduled__2026-01-17T10:00:00+00:00 [queued]>
[2026-01-17T11:00:01.828+0000] {taskinstance.py:1979} INFO - Dependencies all met for dep_context=requeueable deps ti=<TaskInstance: ModelDevelop.get_data scheduled__2026-01-17T10:00:00+00:00 [queued]>
[2026-01-17T11:00:01.828+0000] {taskinstance.py:2193} INFO - Starting attempt 1 of 2
[2026-01-17T11:00:01.835+0000] {taskinstance.py:2217} INFO - Executing <Task(PythonOperator): get_data> on 2026-01-17 10:00:00+00:00
[2026-01-17T11:00:01.840+0000] {standard_task_runner.py:60} INFO - Started process 49686 to run task
[2026-01-17T11:00:01.843+0000] {standard_task_runner.py:87} INFO - Running: ['***', 'tasks', 'run', 'ModelDevelop', 'get_data', 'scheduled__2026-01-17T10:00:00+00:00', '--job-id', '742', '--raw', '--subdir', 'DAGS_FOLDER/example.py', '--cfg-path', '/tmp/tmpuv_u_acv']
[2026-01-17T11:00:01.843+0000] {standard_task_runner.py:88} INFO - Job 742: Subtask get_data
[2026-01-17T11:00:01.853+0000] {warnings.py:109} WARNING - /home/***/.local/lib/python3.9/site-packages/***/settings.py:194: DeprecationWarning: The sql_alchemy_conn option in [core] has been moved to the sql_alchemy_conn option in [database] - the old setting has been used, but please update your config.
  SQL_ALCHEMY_CONN = conf.get("database", "SQL_ALCHEMY_CONN")

[2026-01-17T11:00:01.874+0000] {task_command.py:423} INFO - Running <TaskInstance: ModelDevelop.get_data scheduled__2026-01-17T10:00:00+00:00 [running]> on host 8a4f043652f0
[2026-01-17T11:00:01.917+0000] {taskinstance.py:2513} INFO - Exporting env vars: AIRFLOW_CTX_DAG_OWNER='***' AIRFLOW_CTX_DAG_ID='ModelDevelop' AIRFLOW_CTX_TASK_ID='get_data' AIRFLOW_CTX_EXECUTION_DATE='2026-01-17T10:00:00+00:00' AIRFLOW_CTX_TRY_NUMBER='1' AIRFLOW_CTX_DAG_RUN_ID='scheduled__2026-01-17T10:00:00+00:00'
[2026-01-17T11:00:01.925+0000] {python.py:202} INFO - Done. Returned value was: ./iris.csv
[2026-01-17T11:00:01.937+0000] {taskinstance.py:1149} INFO - Marking task as SUCCESS. dag_id=ModelDevelop, task_id=get_data, execution_date=20260117T100000, start_date=20260117T110001, end_date=20260117T110001
[2026-01-17T11:00:01.974+0000] {local_task_job_runner.py:234} INFO - Task exited with return code 0
[2026-01-17T11:00:01.992+0000] {taskinstance.py:3312} INFO - 1 downstream tasks scheduled from follow-on schedule check
[2026-01-17T13:21:28.669+0000] {taskinstance.py:1979} INFO - Dependencies all met for dep_context=non-requeueable deps ti=<TaskInstance: ModelDevelop.get_data scheduled__2026-01-17T10:00:00+00:00 [queued]>
[2026-01-17T13:21:28.673+0000] {taskinstance.py:1979} INFO - Dependencies all met for dep_context=requeueable deps ti=<TaskInstance: ModelDevelop.get_data scheduled__2026-01-17T10:00:00+00:00 [queued]>
[2026-01-17T13:21:28.673+0000] {taskinstance.py:2193} INFO - Starting attempt 1 of 2
[2026-01-17T13:21:28.679+0000] {taskinstance.py:2217} INFO - Executing <Task(PythonOperator): get_data> on 2026-01-17 10:00:00+00:00
[2026-01-17T13:21:28.685+0000] {standard_task_runner.py:60} INFO - Started process 49651 to run task
[2026-01-17T13:21:28.686+0000] {standard_task_runner.py:87} INFO - Running: ['***', 'tasks', 'run', 'ModelDevelop', 'get_data', 'scheduled__2026-01-17T10:00:00+00:00', '--job-id', '740', '--raw', '--subdir', 'DAGS_FOLDER/example.py', '--cfg-path', '/tmp/tmpcbu_vqn1']
[2026-01-17T13:21:28.687+0000] {standard_task_runner.py:88} INFO - Job 740: Subtask get_data
[2026-01-17T13:21:28.697+0000] {warnings.py:109} WARNING - /home/***/.local/lib/python3.9/site-packages/***/settings.py:194: DeprecationWarning: The sql_alchemy_conn option in [core] has been moved to the sql_alchemy_conn option in [database] - the old setting has been used, but please update your config.
  SQL_ALCHEMY_CONN = conf.get("database", "SQL_ALCHEMY_CONN")

[2026-01-17T13:21:28.719+0000] {task_command.py:423} INFO - Running <TaskInstance: ModelDevelop.get_data scheduled__2026-01-17T10:00:00+00:00 [running]> on host ed3184b6b543
[2026-01-17T13:21:28.762+0000] {taskinstance.py:2513} INFO - Exporting env vars: AIRFLOW_CTX_DAG_OWNER='***' AIRFLOW_CTX_DAG_ID='ModelDevelop' AIRFLOW_CTX_TASK_ID='get_data' AIRFLOW_CTX_EXECUTION_DATE='2026-01-17T10:00:00+00:00' AIRFLOW_CTX_TRY_NUMBER='1' AIRFLOW_CTX_DAG_RUN_ID='scheduled__2026-01-17T10:00:00+00:00'
[2026-01-17T13:21:28.770+0000] {python.py:202} INFO - Done. Returned value was: ./iris.csv
[2026-01-17T13:21:28.782+0000] {taskinstance.py:1149} INFO - Marking task as SUCCESS. dag_id=ModelDevelop, task_id=get_data, execution_date=20260117T100000, start_date=20260117T132128, end_date=20260117T132128
[2026-01-17T13:21:28.818+0000] {local_task_job_runner.py:234} INFO - Task exited with return code 0
[2026-01-17T13:21:28.832+0000] {taskinstance.py:3312} INFO - 1 downstream tasks scheduled from follow-on schedule check
[2026-01-17T13:42:56.969+0000] {taskinstance.py:1979} INFO - Dependencies all met for dep_context=non-requeueable deps ti=<TaskInstance: ModelDevelop.get_data scheduled__2026-01-17T10:00:00+00:00 [queued]>
[2026-01-17T13:42:56.973+0000] {taskinstance.py:1979} INFO - Dependencies all met for dep_context=requeueable deps ti=<TaskInstance: ModelDevelop.get_data scheduled__2026-01-17T10:00:00+00:00 [queued]>
[2026-01-17T13:42:56.973+0000] {taskinstance.py:2193} INFO - Starting attempt 1 of 2
[2026-01-17T13:42:56.980+0000] {taskinstance.py:2217} INFO - Executing <Task(PythonOperator): get_data> on 2026-01-17 10:00:00+00:00
[2026-01-17T13:42:56.986+0000] {standard_task_runner.py:60} INFO - Started process 48685 to run task
[2026-01-17T13:42:56.988+0000] {standard_task_runner.py:87} INFO - Running: ['***', 'tasks', 'run', 'ModelDevelop', 'get_data', 'scheduled__2026-01-17T10:00:00+00:00', '--job-id', '731', '--raw', '--subdir', 'DAGS_FOLDER/example.py', '--cfg-path', '/tmp/tmpsae9iki4']
[2026-01-17T13:42:56.988+0000] {standard_task_runner.py:88} INFO - Job 731: Subtask get_data
[2026-01-17T13:42:56.995+0000] {warnings.py:109} WARNING - /home/***/.local/lib/python3.9/site-packages/***/settings.py:194: DeprecationWarning: The sql_alchemy_conn option in [core] has been moved to the sql_alchemy_conn option in [database] - the old setting has been used, but please update your config.
  SQL_ALCHEMY_CONN = conf.get("database", "SQL_ALCHEMY_CONN")

[2026-01-17T13:42:57.019+0000] {task_command.py:423} INFO - Running <TaskInstance: ModelDevelop.get_data scheduled__2026-01-17T10:00:00+00:00 [running]> on host 5330652dc216
[2026-01-17T13:42:57.064+0000] {taskinstance.py:2513} INFO - Exporting env vars: AIRFLOW_CTX_DAG_OWNER='***' AIRFLOW_CTX_DAG_ID='ModelDevelop' AIRFLOW_CTX_TASK_ID='get_data' AIRFLOW_CTX_EXECUTION_DATE='2026-01-17T10:00:00+00:00' AIRFLOW_CTX_TRY_NUMBER='1' AIRFLOW_CTX_DAG_RUN_ID='scheduled__2026-01-17T10:00:00+00:00'
[2026-01-17T13:42:57.072+0000] {python.py:202} INFO - Done. Returned value was: ./iris.csv
[2026-01-17T13:42:57.085+0000] {taskinstance.py:1149} INFO - Marking task as SUCCESS. dag_id=ModelDevelop, task_id=get_data, execution_date=20260117T100000, start_date=20260117T134256, end_date=20260117T134257
[2026-01-17T13:42:57.119+0000] {local_task_job_runner.py:234} INFO - Task exited with return code 0
[2026-01-17T13:42:57.160+0000] {taskinstance.py:3312} INFO - 0 downstream tasks scheduled from follow-on schedule check
