[2026-01-16T07:54:35.613+0000] {taskinstance.py:1979} INFO - Dependencies all met for dep_context=non-requeueable deps ti=<TaskInstance: ModelDevelop.get_data scheduled__2026-01-04T20:00:00+00:00 [queued]>
[2026-01-16T07:54:35.619+0000] {taskinstance.py:1979} INFO - Dependencies all met for dep_context=requeueable deps ti=<TaskInstance: ModelDevelop.get_data scheduled__2026-01-04T20:00:00+00:00 [queued]>
[2026-01-16T07:54:35.619+0000] {taskinstance.py:2193} INFO - Starting attempt 1 of 2
[2026-01-16T07:54:35.630+0000] {taskinstance.py:2217} INFO - Executing <Task(PythonOperator): get_data> on 2026-01-04 20:00:00+00:00
[2026-01-16T07:54:35.640+0000] {standard_task_runner.py:60} INFO - Started process 9088 to run task
[2026-01-16T07:54:35.642+0000] {standard_task_runner.py:87} INFO - Running: ['***', 'tasks', 'run', 'ModelDevelop', 'get_data', 'scheduled__2026-01-04T20:00:00+00:00', '--job-id', '134', '--raw', '--subdir', 'DAGS_FOLDER/example.py', '--cfg-path', '/tmp/tmpqaa3bah8']
[2026-01-16T07:54:35.643+0000] {standard_task_runner.py:88} INFO - Job 134: Subtask get_data
[2026-01-16T07:54:35.678+0000] {warnings.py:109} WARNING - /home/***/.local/lib/python3.9/site-packages/***/settings.py:194: DeprecationWarning: The sql_alchemy_conn option in [core] has been moved to the sql_alchemy_conn option in [database] - the old setting has been used, but please update your config.
  SQL_ALCHEMY_CONN = conf.get("database", "SQL_ALCHEMY_CONN")

[2026-01-16T07:54:35.731+0000] {task_command.py:423} INFO - Running <TaskInstance: ModelDevelop.get_data scheduled__2026-01-04T20:00:00+00:00 [running]> on host 8a4f043652f0
[2026-01-16T07:54:35.787+0000] {taskinstance.py:2513} INFO - Exporting env vars: AIRFLOW_CTX_DAG_OWNER='***' AIRFLOW_CTX_DAG_ID='ModelDevelop' AIRFLOW_CTX_TASK_ID='get_data' AIRFLOW_CTX_EXECUTION_DATE='2026-01-04T20:00:00+00:00' AIRFLOW_CTX_TRY_NUMBER='1' AIRFLOW_CTX_DAG_RUN_ID='scheduled__2026-01-04T20:00:00+00:00'
[2026-01-16T07:54:35.795+0000] {python.py:202} INFO - Done. Returned value was: ./iris.csv
[2026-01-16T07:54:35.809+0000] {taskinstance.py:1149} INFO - Marking task as SUCCESS. dag_id=ModelDevelop, task_id=get_data, execution_date=20260104T200000, start_date=20260116T075435, end_date=20260116T075435
[2026-01-16T07:54:35.856+0000] {local_task_job_runner.py:234} INFO - Task exited with return code 0
[2026-01-16T07:54:35.934+0000] {taskinstance.py:3312} INFO - 0 downstream tasks scheduled from follow-on schedule check
[2026-01-17T13:18:10.505+0000] {taskinstance.py:1979} INFO - Dependencies all met for dep_context=non-requeueable deps ti=<TaskInstance: ModelDevelop.get_data scheduled__2026-01-04T20:00:00+00:00 [queued]>
[2026-01-17T13:18:10.511+0000] {taskinstance.py:1979} INFO - Dependencies all met for dep_context=requeueable deps ti=<TaskInstance: ModelDevelop.get_data scheduled__2026-01-04T20:00:00+00:00 [queued]>
[2026-01-17T13:18:10.511+0000] {taskinstance.py:2193} INFO - Starting attempt 1 of 2
[2026-01-17T13:18:10.540+0000] {taskinstance.py:2217} INFO - Executing <Task(PythonOperator): get_data> on 2026-01-04 20:00:00+00:00
[2026-01-17T13:18:10.550+0000] {standard_task_runner.py:60} INFO - Started process 9085 to run task
[2026-01-17T13:18:10.562+0000] {standard_task_runner.py:87} INFO - Running: ['***', 'tasks', 'run', 'ModelDevelop', 'get_data', 'scheduled__2026-01-04T20:00:00+00:00', '--job-id', '134', '--raw', '--subdir', 'DAGS_FOLDER/example.py', '--cfg-path', '/tmp/tmplsy9f2w1']
[2026-01-17T13:18:10.563+0000] {standard_task_runner.py:88} INFO - Job 134: Subtask get_data
[2026-01-17T13:18:10.590+0000] {warnings.py:109} WARNING - /home/***/.local/lib/python3.9/site-packages/***/settings.py:194: DeprecationWarning: The sql_alchemy_conn option in [core] has been moved to the sql_alchemy_conn option in [database] - the old setting has been used, but please update your config.
  SQL_ALCHEMY_CONN = conf.get("database", "SQL_ALCHEMY_CONN")

[2026-01-17T13:18:10.618+0000] {task_command.py:423} INFO - Running <TaskInstance: ModelDevelop.get_data scheduled__2026-01-04T20:00:00+00:00 [running]> on host ed3184b6b543
[2026-01-17T13:18:10.728+0000] {taskinstance.py:2513} INFO - Exporting env vars: AIRFLOW_CTX_DAG_OWNER='***' AIRFLOW_CTX_DAG_ID='ModelDevelop' AIRFLOW_CTX_TASK_ID='get_data' AIRFLOW_CTX_EXECUTION_DATE='2026-01-04T20:00:00+00:00' AIRFLOW_CTX_TRY_NUMBER='1' AIRFLOW_CTX_DAG_RUN_ID='scheduled__2026-01-04T20:00:00+00:00'
[2026-01-17T13:18:10.737+0000] {python.py:202} INFO - Done. Returned value was: ./iris.csv
[2026-01-17T13:18:10.753+0000] {taskinstance.py:1149} INFO - Marking task as SUCCESS. dag_id=ModelDevelop, task_id=get_data, execution_date=20260104T200000, start_date=20260117T131810, end_date=20260117T131810
[2026-01-17T13:18:10.815+0000] {local_task_job_runner.py:234} INFO - Task exited with return code 0
[2026-01-17T13:18:10.851+0000] {taskinstance.py:3312} INFO - 0 downstream tasks scheduled from follow-on schedule check
[2026-01-17T13:39:32.218+0000] {taskinstance.py:1979} INFO - Dependencies all met for dep_context=non-requeueable deps ti=<TaskInstance: ModelDevelop.get_data scheduled__2026-01-04T20:00:00+00:00 [queued]>
[2026-01-17T13:39:32.224+0000] {taskinstance.py:1979} INFO - Dependencies all met for dep_context=requeueable deps ti=<TaskInstance: ModelDevelop.get_data scheduled__2026-01-04T20:00:00+00:00 [queued]>
[2026-01-17T13:39:32.224+0000] {taskinstance.py:2193} INFO - Starting attempt 1 of 2
[2026-01-17T13:39:32.232+0000] {taskinstance.py:2217} INFO - Executing <Task(PythonOperator): get_data> on 2026-01-04 20:00:00+00:00
[2026-01-17T13:39:32.240+0000] {standard_task_runner.py:60} INFO - Started process 9053 to run task
[2026-01-17T13:39:32.242+0000] {standard_task_runner.py:87} INFO - Running: ['***', 'tasks', 'run', 'ModelDevelop', 'get_data', 'scheduled__2026-01-04T20:00:00+00:00', '--job-id', '133', '--raw', '--subdir', 'DAGS_FOLDER/example.py', '--cfg-path', '/tmp/tmpvynl1y7r']
[2026-01-17T13:39:32.243+0000] {standard_task_runner.py:88} INFO - Job 133: Subtask get_data
[2026-01-17T13:39:32.260+0000] {warnings.py:109} WARNING - /home/***/.local/lib/python3.9/site-packages/***/settings.py:194: DeprecationWarning: The sql_alchemy_conn option in [core] has been moved to the sql_alchemy_conn option in [database] - the old setting has been used, but please update your config.
  SQL_ALCHEMY_CONN = conf.get("database", "SQL_ALCHEMY_CONN")

[2026-01-17T13:39:32.324+0000] {task_command.py:423} INFO - Running <TaskInstance: ModelDevelop.get_data scheduled__2026-01-04T20:00:00+00:00 [running]> on host 5330652dc216
[2026-01-17T13:39:32.395+0000] {taskinstance.py:2513} INFO - Exporting env vars: AIRFLOW_CTX_DAG_OWNER='***' AIRFLOW_CTX_DAG_ID='ModelDevelop' AIRFLOW_CTX_TASK_ID='get_data' AIRFLOW_CTX_EXECUTION_DATE='2026-01-04T20:00:00+00:00' AIRFLOW_CTX_TRY_NUMBER='1' AIRFLOW_CTX_DAG_RUN_ID='scheduled__2026-01-04T20:00:00+00:00'
[2026-01-17T13:39:32.407+0000] {python.py:202} INFO - Done. Returned value was: ./iris.csv
[2026-01-17T13:39:32.448+0000] {taskinstance.py:1149} INFO - Marking task as SUCCESS. dag_id=ModelDevelop, task_id=get_data, execution_date=20260104T200000, start_date=20260117T133932, end_date=20260117T133932
[2026-01-17T13:39:32.496+0000] {local_task_job_runner.py:234} INFO - Task exited with return code 0
[2026-01-17T13:39:32.516+0000] {taskinstance.py:3312} INFO - 1 downstream tasks scheduled from follow-on schedule check
