[2026-01-16T07:54:36.089+0000] {taskinstance.py:1979} INFO - Dependencies all met for dep_context=non-requeueable deps ti=<TaskInstance: ModelDevelop.get_data scheduled__2026-01-05T01:00:00+00:00 [queued]>
[2026-01-16T07:54:36.095+0000] {taskinstance.py:1979} INFO - Dependencies all met for dep_context=requeueable deps ti=<TaskInstance: ModelDevelop.get_data scheduled__2026-01-05T01:00:00+00:00 [queued]>
[2026-01-16T07:54:36.095+0000] {taskinstance.py:2193} INFO - Starting attempt 1 of 2
[2026-01-16T07:54:36.105+0000] {taskinstance.py:2217} INFO - Executing <Task(PythonOperator): get_data> on 2026-01-05 01:00:00+00:00
[2026-01-16T07:54:36.116+0000] {standard_task_runner.py:60} INFO - Started process 9193 to run task
[2026-01-16T07:54:36.119+0000] {standard_task_runner.py:87} INFO - Running: ['***', 'tasks', 'run', 'ModelDevelop', 'get_data', 'scheduled__2026-01-05T01:00:00+00:00', '--job-id', '138', '--raw', '--subdir', 'DAGS_FOLDER/example.py', '--cfg-path', '/tmp/tmpkcippucy']
[2026-01-16T07:54:36.120+0000] {standard_task_runner.py:88} INFO - Job 138: Subtask get_data
[2026-01-16T07:54:36.160+0000] {warnings.py:109} WARNING - /home/***/.local/lib/python3.9/site-packages/***/settings.py:194: DeprecationWarning: The sql_alchemy_conn option in [core] has been moved to the sql_alchemy_conn option in [database] - the old setting has been used, but please update your config.
  SQL_ALCHEMY_CONN = conf.get("database", "SQL_ALCHEMY_CONN")

[2026-01-16T07:54:36.193+0000] {task_command.py:423} INFO - Running <TaskInstance: ModelDevelop.get_data scheduled__2026-01-05T01:00:00+00:00 [running]> on host 8a4f043652f0
[2026-01-16T07:54:36.318+0000] {taskinstance.py:2513} INFO - Exporting env vars: AIRFLOW_CTX_DAG_OWNER='***' AIRFLOW_CTX_DAG_ID='ModelDevelop' AIRFLOW_CTX_TASK_ID='get_data' AIRFLOW_CTX_EXECUTION_DATE='2026-01-05T01:00:00+00:00' AIRFLOW_CTX_TRY_NUMBER='1' AIRFLOW_CTX_DAG_RUN_ID='scheduled__2026-01-05T01:00:00+00:00'
[2026-01-16T07:54:36.327+0000] {python.py:202} INFO - Done. Returned value was: ./iris.csv
[2026-01-16T07:54:36.340+0000] {taskinstance.py:1149} INFO - Marking task as SUCCESS. dag_id=ModelDevelop, task_id=get_data, execution_date=20260105T010000, start_date=20260116T075436, end_date=20260116T075436
[2026-01-16T07:54:36.384+0000] {local_task_job_runner.py:234} INFO - Task exited with return code 0
[2026-01-16T07:54:36.400+0000] {taskinstance.py:3312} INFO - 1 downstream tasks scheduled from follow-on schedule check
[2026-01-17T13:18:11.166+0000] {taskinstance.py:1979} INFO - Dependencies all met for dep_context=non-requeueable deps ti=<TaskInstance: ModelDevelop.get_data scheduled__2026-01-05T01:00:00+00:00 [queued]>
[2026-01-17T13:18:11.172+0000] {taskinstance.py:1979} INFO - Dependencies all met for dep_context=requeueable deps ti=<TaskInstance: ModelDevelop.get_data scheduled__2026-01-05T01:00:00+00:00 [queued]>
[2026-01-17T13:18:11.172+0000] {taskinstance.py:2193} INFO - Starting attempt 1 of 2
[2026-01-17T13:18:11.226+0000] {taskinstance.py:2217} INFO - Executing <Task(PythonOperator): get_data> on 2026-01-05 01:00:00+00:00
[2026-01-17T13:18:11.234+0000] {standard_task_runner.py:60} INFO - Started process 9260 to run task
[2026-01-17T13:18:11.239+0000] {standard_task_runner.py:87} INFO - Running: ['***', 'tasks', 'run', 'ModelDevelop', 'get_data', 'scheduled__2026-01-05T01:00:00+00:00', '--job-id', '140', '--raw', '--subdir', 'DAGS_FOLDER/example.py', '--cfg-path', '/tmp/tmpj_ldty49']
[2026-01-17T13:18:11.240+0000] {standard_task_runner.py:88} INFO - Job 140: Subtask get_data
[2026-01-17T13:18:11.286+0000] {warnings.py:109} WARNING - /home/***/.local/lib/python3.9/site-packages/***/settings.py:194: DeprecationWarning: The sql_alchemy_conn option in [core] has been moved to the sql_alchemy_conn option in [database] - the old setting has been used, but please update your config.
  SQL_ALCHEMY_CONN = conf.get("database", "SQL_ALCHEMY_CONN")

[2026-01-17T13:18:11.327+0000] {task_command.py:423} INFO - Running <TaskInstance: ModelDevelop.get_data scheduled__2026-01-05T01:00:00+00:00 [running]> on host ed3184b6b543
[2026-01-17T13:18:11.480+0000] {taskinstance.py:2513} INFO - Exporting env vars: AIRFLOW_CTX_DAG_OWNER='***' AIRFLOW_CTX_DAG_ID='ModelDevelop' AIRFLOW_CTX_TASK_ID='get_data' AIRFLOW_CTX_EXECUTION_DATE='2026-01-05T01:00:00+00:00' AIRFLOW_CTX_TRY_NUMBER='1' AIRFLOW_CTX_DAG_RUN_ID='scheduled__2026-01-05T01:00:00+00:00'
[2026-01-17T13:18:11.492+0000] {python.py:202} INFO - Done. Returned value was: ./iris.csv
[2026-01-17T13:18:11.510+0000] {taskinstance.py:1149} INFO - Marking task as SUCCESS. dag_id=ModelDevelop, task_id=get_data, execution_date=20260105T010000, start_date=20260117T131811, end_date=20260117T131811
[2026-01-17T13:18:11.539+0000] {local_task_job_runner.py:234} INFO - Task exited with return code 0
[2026-01-17T13:18:11.589+0000] {taskinstance.py:3312} INFO - 0 downstream tasks scheduled from follow-on schedule check
[2026-01-17T13:39:32.862+0000] {taskinstance.py:1979} INFO - Dependencies all met for dep_context=non-requeueable deps ti=<TaskInstance: ModelDevelop.get_data scheduled__2026-01-05T01:00:00+00:00 [queued]>
[2026-01-17T13:39:32.869+0000] {taskinstance.py:1979} INFO - Dependencies all met for dep_context=requeueable deps ti=<TaskInstance: ModelDevelop.get_data scheduled__2026-01-05T01:00:00+00:00 [queued]>
[2026-01-17T13:39:32.869+0000] {taskinstance.py:2193} INFO - Starting attempt 1 of 2
[2026-01-17T13:39:32.877+0000] {taskinstance.py:2217} INFO - Executing <Task(PythonOperator): get_data> on 2026-01-05 01:00:00+00:00
[2026-01-17T13:39:32.883+0000] {standard_task_runner.py:60} INFO - Started process 9253 to run task
[2026-01-17T13:39:32.885+0000] {standard_task_runner.py:87} INFO - Running: ['***', 'tasks', 'run', 'ModelDevelop', 'get_data', 'scheduled__2026-01-05T01:00:00+00:00', '--job-id', '140', '--raw', '--subdir', 'DAGS_FOLDER/example.py', '--cfg-path', '/tmp/tmpftn7we5h']
[2026-01-17T13:39:32.886+0000] {standard_task_runner.py:88} INFO - Job 140: Subtask get_data
[2026-01-17T13:39:32.894+0000] {warnings.py:109} WARNING - /home/***/.local/lib/python3.9/site-packages/***/settings.py:194: DeprecationWarning: The sql_alchemy_conn option in [core] has been moved to the sql_alchemy_conn option in [database] - the old setting has been used, but please update your config.
  SQL_ALCHEMY_CONN = conf.get("database", "SQL_ALCHEMY_CONN")

[2026-01-17T13:39:32.919+0000] {task_command.py:423} INFO - Running <TaskInstance: ModelDevelop.get_data scheduled__2026-01-05T01:00:00+00:00 [running]> on host 5330652dc216
[2026-01-17T13:39:32.974+0000] {taskinstance.py:2513} INFO - Exporting env vars: AIRFLOW_CTX_DAG_OWNER='***' AIRFLOW_CTX_DAG_ID='ModelDevelop' AIRFLOW_CTX_TASK_ID='get_data' AIRFLOW_CTX_EXECUTION_DATE='2026-01-05T01:00:00+00:00' AIRFLOW_CTX_TRY_NUMBER='1' AIRFLOW_CTX_DAG_RUN_ID='scheduled__2026-01-05T01:00:00+00:00'
[2026-01-17T13:39:32.983+0000] {python.py:202} INFO - Done. Returned value was: ./iris.csv
[2026-01-17T13:39:32.997+0000] {taskinstance.py:1149} INFO - Marking task as SUCCESS. dag_id=ModelDevelop, task_id=get_data, execution_date=20260105T010000, start_date=20260117T133932, end_date=20260117T133932
[2026-01-17T13:39:33.017+0000] {local_task_job_runner.py:234} INFO - Task exited with return code 0
[2026-01-17T13:39:33.059+0000] {taskinstance.py:3312} INFO - 0 downstream tasks scheduled from follow-on schedule check
