[2026-01-16T07:54:15.729+0000] {taskinstance.py:1979} INFO - Dependencies all met for dep_context=non-requeueable deps ti=<TaskInstance: ModelDevelop.get_data scheduled__2026-01-03T23:00:00+00:00 [queued]>
[2026-01-16T07:54:15.752+0000] {taskinstance.py:1979} INFO - Dependencies all met for dep_context=requeueable deps ti=<TaskInstance: ModelDevelop.get_data scheduled__2026-01-03T23:00:00+00:00 [queued]>
[2026-01-16T07:54:15.752+0000] {taskinstance.py:2193} INFO - Starting attempt 1 of 2
[2026-01-16T07:54:15.767+0000] {taskinstance.py:2217} INFO - Executing <Task(PythonOperator): get_data> on 2026-01-03 23:00:00+00:00
[2026-01-16T07:54:15.775+0000] {standard_task_runner.py:60} INFO - Started process 5240 to run task
[2026-01-16T07:54:15.777+0000] {standard_task_runner.py:87} INFO - Running: ['***', 'tasks', 'run', 'ModelDevelop', 'get_data', 'scheduled__2026-01-03T23:00:00+00:00', '--job-id', '82', '--raw', '--subdir', 'DAGS_FOLDER/example.py', '--cfg-path', '/tmp/tmp3u3esgg_']
[2026-01-16T07:54:15.778+0000] {standard_task_runner.py:88} INFO - Job 82: Subtask get_data
[2026-01-16T07:54:15.790+0000] {warnings.py:109} WARNING - /home/***/.local/lib/python3.9/site-packages/***/settings.py:194: DeprecationWarning: The sql_alchemy_conn option in [core] has been moved to the sql_alchemy_conn option in [database] - the old setting has been used, but please update your config.
  SQL_ALCHEMY_CONN = conf.get("database", "SQL_ALCHEMY_CONN")

[2026-01-16T07:54:15.834+0000] {task_command.py:423} INFO - Running <TaskInstance: ModelDevelop.get_data scheduled__2026-01-03T23:00:00+00:00 [running]> on host 8a4f043652f0
[2026-01-16T07:54:15.911+0000] {taskinstance.py:2513} INFO - Exporting env vars: AIRFLOW_CTX_DAG_OWNER='***' AIRFLOW_CTX_DAG_ID='ModelDevelop' AIRFLOW_CTX_TASK_ID='get_data' AIRFLOW_CTX_EXECUTION_DATE='2026-01-03T23:00:00+00:00' AIRFLOW_CTX_TRY_NUMBER='1' AIRFLOW_CTX_DAG_RUN_ID='scheduled__2026-01-03T23:00:00+00:00'
[2026-01-16T07:54:15.921+0000] {python.py:202} INFO - Done. Returned value was: ./iris.csv
[2026-01-16T07:54:15.938+0000] {taskinstance.py:1149} INFO - Marking task as SUCCESS. dag_id=ModelDevelop, task_id=get_data, execution_date=20260103T230000, start_date=20260116T075415, end_date=20260116T075415
[2026-01-16T07:54:15.992+0000] {local_task_job_runner.py:234} INFO - Task exited with return code 0
[2026-01-16T07:54:16.052+0000] {taskinstance.py:3312} INFO - 0 downstream tasks scheduled from follow-on schedule check
[2026-01-17T13:17:51.100+0000] {taskinstance.py:1979} INFO - Dependencies all met for dep_context=non-requeueable deps ti=<TaskInstance: ModelDevelop.get_data scheduled__2026-01-03T23:00:00+00:00 [queued]>
[2026-01-17T13:17:51.106+0000] {taskinstance.py:1979} INFO - Dependencies all met for dep_context=requeueable deps ti=<TaskInstance: ModelDevelop.get_data scheduled__2026-01-03T23:00:00+00:00 [queued]>
[2026-01-17T13:17:51.106+0000] {taskinstance.py:2193} INFO - Starting attempt 1 of 2
[2026-01-17T13:17:51.116+0000] {taskinstance.py:2217} INFO - Executing <Task(PythonOperator): get_data> on 2026-01-03 23:00:00+00:00
[2026-01-17T13:17:51.125+0000] {standard_task_runner.py:60} INFO - Started process 5272 to run task
[2026-01-17T13:17:51.127+0000] {standard_task_runner.py:87} INFO - Running: ['***', 'tasks', 'run', 'ModelDevelop', 'get_data', 'scheduled__2026-01-03T23:00:00+00:00', '--job-id', '85', '--raw', '--subdir', 'DAGS_FOLDER/example.py', '--cfg-path', '/tmp/tmp8ewexz_9']
[2026-01-17T13:17:51.128+0000] {standard_task_runner.py:88} INFO - Job 85: Subtask get_data
[2026-01-17T13:17:51.137+0000] {warnings.py:109} WARNING - /home/***/.local/lib/python3.9/site-packages/***/settings.py:194: DeprecationWarning: The sql_alchemy_conn option in [core] has been moved to the sql_alchemy_conn option in [database] - the old setting has been used, but please update your config.
  SQL_ALCHEMY_CONN = conf.get("database", "SQL_ALCHEMY_CONN")

[2026-01-17T13:17:51.170+0000] {task_command.py:423} INFO - Running <TaskInstance: ModelDevelop.get_data scheduled__2026-01-03T23:00:00+00:00 [running]> on host ed3184b6b543
[2026-01-17T13:17:51.232+0000] {taskinstance.py:2513} INFO - Exporting env vars: AIRFLOW_CTX_DAG_OWNER='***' AIRFLOW_CTX_DAG_ID='ModelDevelop' AIRFLOW_CTX_TASK_ID='get_data' AIRFLOW_CTX_EXECUTION_DATE='2026-01-03T23:00:00+00:00' AIRFLOW_CTX_TRY_NUMBER='1' AIRFLOW_CTX_DAG_RUN_ID='scheduled__2026-01-03T23:00:00+00:00'
[2026-01-17T13:17:51.243+0000] {python.py:202} INFO - Done. Returned value was: ./iris.csv
[2026-01-17T13:17:51.257+0000] {taskinstance.py:1149} INFO - Marking task as SUCCESS. dag_id=ModelDevelop, task_id=get_data, execution_date=20260103T230000, start_date=20260117T131751, end_date=20260117T131751
[2026-01-17T13:17:51.300+0000] {local_task_job_runner.py:234} INFO - Task exited with return code 0
[2026-01-17T13:17:51.316+0000] {taskinstance.py:3312} INFO - 1 downstream tasks scheduled from follow-on schedule check
[2026-01-17T13:39:10.185+0000] {taskinstance.py:1979} INFO - Dependencies all met for dep_context=non-requeueable deps ti=<TaskInstance: ModelDevelop.get_data scheduled__2026-01-03T23:00:00+00:00 [queued]>
[2026-01-17T13:39:10.190+0000] {taskinstance.py:1979} INFO - Dependencies all met for dep_context=requeueable deps ti=<TaskInstance: ModelDevelop.get_data scheduled__2026-01-03T23:00:00+00:00 [queued]>
[2026-01-17T13:39:10.190+0000] {taskinstance.py:2193} INFO - Starting attempt 1 of 2
[2026-01-17T13:39:10.197+0000] {taskinstance.py:2217} INFO - Executing <Task(PythonOperator): get_data> on 2026-01-03 23:00:00+00:00
[2026-01-17T13:39:10.202+0000] {standard_task_runner.py:60} INFO - Started process 5007 to run task
[2026-01-17T13:39:10.205+0000] {standard_task_runner.py:87} INFO - Running: ['***', 'tasks', 'run', 'ModelDevelop', 'get_data', 'scheduled__2026-01-03T23:00:00+00:00', '--job-id', '83', '--raw', '--subdir', 'DAGS_FOLDER/example.py', '--cfg-path', '/tmp/tmp7f5aa8v8']
[2026-01-17T13:39:10.205+0000] {standard_task_runner.py:88} INFO - Job 83: Subtask get_data
[2026-01-17T13:39:10.215+0000] {warnings.py:109} WARNING - /home/***/.local/lib/python3.9/site-packages/***/settings.py:194: DeprecationWarning: The sql_alchemy_conn option in [core] has been moved to the sql_alchemy_conn option in [database] - the old setting has been used, but please update your config.
  SQL_ALCHEMY_CONN = conf.get("database", "SQL_ALCHEMY_CONN")

[2026-01-17T13:39:10.238+0000] {task_command.py:423} INFO - Running <TaskInstance: ModelDevelop.get_data scheduled__2026-01-03T23:00:00+00:00 [running]> on host 5330652dc216
[2026-01-17T13:39:10.284+0000] {taskinstance.py:2513} INFO - Exporting env vars: AIRFLOW_CTX_DAG_OWNER='***' AIRFLOW_CTX_DAG_ID='ModelDevelop' AIRFLOW_CTX_TASK_ID='get_data' AIRFLOW_CTX_EXECUTION_DATE='2026-01-03T23:00:00+00:00' AIRFLOW_CTX_TRY_NUMBER='1' AIRFLOW_CTX_DAG_RUN_ID='scheduled__2026-01-03T23:00:00+00:00'
[2026-01-17T13:39:10.292+0000] {python.py:202} INFO - Done. Returned value was: ./iris.csv
[2026-01-17T13:39:10.305+0000] {taskinstance.py:1149} INFO - Marking task as SUCCESS. dag_id=ModelDevelop, task_id=get_data, execution_date=20260103T230000, start_date=20260117T133910, end_date=20260117T133910
[2026-01-17T13:39:10.336+0000] {local_task_job_runner.py:234} INFO - Task exited with return code 0
[2026-01-17T13:39:10.353+0000] {taskinstance.py:3312} INFO - 1 downstream tasks scheduled from follow-on schedule check
