[2026-01-16T07:57:10.862+0000] {taskinstance.py:1979} INFO - Dependencies all met for dep_context=non-requeueable deps ti=<TaskInstance: ModelDevelop.get_data scheduled__2026-01-15T05:00:00+00:00 [queued]>
[2026-01-16T07:57:10.867+0000] {taskinstance.py:1979} INFO - Dependencies all met for dep_context=requeueable deps ti=<TaskInstance: ModelDevelop.get_data scheduled__2026-01-15T05:00:00+00:00 [queued]>
[2026-01-16T07:57:10.868+0000] {taskinstance.py:2193} INFO - Starting attempt 1 of 2
[2026-01-16T07:57:10.875+0000] {taskinstance.py:2217} INFO - Executing <Task(PythonOperator): get_data> on 2026-01-15 05:00:00+00:00
[2026-01-16T07:57:10.881+0000] {standard_task_runner.py:60} INFO - Started process 41615 to run task
[2026-01-16T07:57:10.884+0000] {standard_task_runner.py:87} INFO - Running: ['***', 'tasks', 'run', 'ModelDevelop', 'get_data', 'scheduled__2026-01-15T05:00:00+00:00', '--job-id', '624', '--raw', '--subdir', 'DAGS_FOLDER/example.py', '--cfg-path', '/tmp/tmp863_htgk']
[2026-01-16T07:57:10.885+0000] {standard_task_runner.py:88} INFO - Job 624: Subtask get_data
[2026-01-16T07:57:10.896+0000] {warnings.py:109} WARNING - /home/***/.local/lib/python3.9/site-packages/***/settings.py:194: DeprecationWarning: The sql_alchemy_conn option in [core] has been moved to the sql_alchemy_conn option in [database] - the old setting has been used, but please update your config.
  SQL_ALCHEMY_CONN = conf.get("database", "SQL_ALCHEMY_CONN")

[2026-01-16T07:57:10.923+0000] {task_command.py:423} INFO - Running <TaskInstance: ModelDevelop.get_data scheduled__2026-01-15T05:00:00+00:00 [running]> on host 8a4f043652f0
[2026-01-16T07:57:10.987+0000] {taskinstance.py:2513} INFO - Exporting env vars: AIRFLOW_CTX_DAG_OWNER='***' AIRFLOW_CTX_DAG_ID='ModelDevelop' AIRFLOW_CTX_TASK_ID='get_data' AIRFLOW_CTX_EXECUTION_DATE='2026-01-15T05:00:00+00:00' AIRFLOW_CTX_TRY_NUMBER='1' AIRFLOW_CTX_DAG_RUN_ID='scheduled__2026-01-15T05:00:00+00:00'
[2026-01-16T07:57:10.998+0000] {python.py:202} INFO - Done. Returned value was: ./iris.csv
[2026-01-16T07:57:11.019+0000] {taskinstance.py:1149} INFO - Marking task as SUCCESS. dag_id=ModelDevelop, task_id=get_data, execution_date=20260115T050000, start_date=20260116T075710, end_date=20260116T075711
[2026-01-16T07:57:11.056+0000] {local_task_job_runner.py:234} INFO - Task exited with return code 0
[2026-01-16T07:57:11.075+0000] {taskinstance.py:3312} INFO - 1 downstream tasks scheduled from follow-on schedule check
[2026-01-17T13:20:51.183+0000] {taskinstance.py:1979} INFO - Dependencies all met for dep_context=non-requeueable deps ti=<TaskInstance: ModelDevelop.get_data scheduled__2026-01-15T05:00:00+00:00 [queued]>
[2026-01-17T13:20:51.188+0000] {taskinstance.py:1979} INFO - Dependencies all met for dep_context=requeueable deps ti=<TaskInstance: ModelDevelop.get_data scheduled__2026-01-15T05:00:00+00:00 [queued]>
[2026-01-17T13:20:51.189+0000] {taskinstance.py:2193} INFO - Starting attempt 1 of 2
[2026-01-17T13:20:51.197+0000] {taskinstance.py:2217} INFO - Executing <Task(PythonOperator): get_data> on 2026-01-15 05:00:00+00:00
[2026-01-17T13:20:51.206+0000] {standard_task_runner.py:60} INFO - Started process 41653 to run task
[2026-01-17T13:20:51.211+0000] {standard_task_runner.py:87} INFO - Running: ['***', 'tasks', 'run', 'ModelDevelop', 'get_data', 'scheduled__2026-01-15T05:00:00+00:00', '--job-id', '624', '--raw', '--subdir', 'DAGS_FOLDER/example.py', '--cfg-path', '/tmp/tmp36km5y3o']
[2026-01-17T13:20:51.211+0000] {standard_task_runner.py:88} INFO - Job 624: Subtask get_data
[2026-01-17T13:20:51.242+0000] {warnings.py:109} WARNING - /home/***/.local/lib/python3.9/site-packages/***/settings.py:194: DeprecationWarning: The sql_alchemy_conn option in [core] has been moved to the sql_alchemy_conn option in [database] - the old setting has been used, but please update your config.
  SQL_ALCHEMY_CONN = conf.get("database", "SQL_ALCHEMY_CONN")

[2026-01-17T13:20:51.291+0000] {task_command.py:423} INFO - Running <TaskInstance: ModelDevelop.get_data scheduled__2026-01-15T05:00:00+00:00 [running]> on host ed3184b6b543
[2026-01-17T13:20:51.354+0000] {taskinstance.py:2513} INFO - Exporting env vars: AIRFLOW_CTX_DAG_OWNER='***' AIRFLOW_CTX_DAG_ID='ModelDevelop' AIRFLOW_CTX_TASK_ID='get_data' AIRFLOW_CTX_EXECUTION_DATE='2026-01-15T05:00:00+00:00' AIRFLOW_CTX_TRY_NUMBER='1' AIRFLOW_CTX_DAG_RUN_ID='scheduled__2026-01-15T05:00:00+00:00'
[2026-01-17T13:20:51.363+0000] {python.py:202} INFO - Done. Returned value was: ./iris.csv
[2026-01-17T13:20:51.379+0000] {taskinstance.py:1149} INFO - Marking task as SUCCESS. dag_id=ModelDevelop, task_id=get_data, execution_date=20260115T050000, start_date=20260117T132051, end_date=20260117T132051
[2026-01-17T13:20:51.460+0000] {local_task_job_runner.py:234} INFO - Task exited with return code 0
[2026-01-17T13:20:51.480+0000] {taskinstance.py:3312} INFO - 1 downstream tasks scheduled from follow-on schedule check
[2026-01-17T13:42:27.337+0000] {taskinstance.py:1979} INFO - Dependencies all met for dep_context=non-requeueable deps ti=<TaskInstance: ModelDevelop.get_data scheduled__2026-01-15T05:00:00+00:00 [queued]>
[2026-01-17T13:42:27.343+0000] {taskinstance.py:1979} INFO - Dependencies all met for dep_context=requeueable deps ti=<TaskInstance: ModelDevelop.get_data scheduled__2026-01-15T05:00:00+00:00 [queued]>
[2026-01-17T13:42:27.343+0000] {taskinstance.py:2193} INFO - Starting attempt 1 of 2
[2026-01-17T13:42:27.353+0000] {taskinstance.py:2217} INFO - Executing <Task(PythonOperator): get_data> on 2026-01-15 05:00:00+00:00
[2026-01-17T13:42:27.361+0000] {standard_task_runner.py:60} INFO - Started process 42088 to run task
[2026-01-17T13:42:27.363+0000] {standard_task_runner.py:87} INFO - Running: ['***', 'tasks', 'run', 'ModelDevelop', 'get_data', 'scheduled__2026-01-15T05:00:00+00:00', '--job-id', '629', '--raw', '--subdir', 'DAGS_FOLDER/example.py', '--cfg-path', '/tmp/tmp9vt2kqmo']
[2026-01-17T13:42:27.364+0000] {standard_task_runner.py:88} INFO - Job 629: Subtask get_data
[2026-01-17T13:42:27.373+0000] {warnings.py:109} WARNING - /home/***/.local/lib/python3.9/site-packages/***/settings.py:194: DeprecationWarning: The sql_alchemy_conn option in [core] has been moved to the sql_alchemy_conn option in [database] - the old setting has been used, but please update your config.
  SQL_ALCHEMY_CONN = conf.get("database", "SQL_ALCHEMY_CONN")

[2026-01-17T13:42:27.401+0000] {task_command.py:423} INFO - Running <TaskInstance: ModelDevelop.get_data scheduled__2026-01-15T05:00:00+00:00 [running]> on host 5330652dc216
[2026-01-17T13:42:27.508+0000] {taskinstance.py:2513} INFO - Exporting env vars: AIRFLOW_CTX_DAG_OWNER='***' AIRFLOW_CTX_DAG_ID='ModelDevelop' AIRFLOW_CTX_TASK_ID='get_data' AIRFLOW_CTX_EXECUTION_DATE='2026-01-15T05:00:00+00:00' AIRFLOW_CTX_TRY_NUMBER='1' AIRFLOW_CTX_DAG_RUN_ID='scheduled__2026-01-15T05:00:00+00:00'
[2026-01-17T13:42:27.521+0000] {python.py:202} INFO - Done. Returned value was: ./iris.csv
[2026-01-17T13:42:27.539+0000] {taskinstance.py:1149} INFO - Marking task as SUCCESS. dag_id=ModelDevelop, task_id=get_data, execution_date=20260115T050000, start_date=20260117T134227, end_date=20260117T134227
[2026-01-17T13:42:27.575+0000] {local_task_job_runner.py:234} INFO - Task exited with return code 0
[2026-01-17T13:42:27.628+0000] {taskinstance.py:3312} INFO - 0 downstream tasks scheduled from follow-on schedule check
