[2026-01-16T07:54:23.770+0000] {taskinstance.py:1979} INFO - Dependencies all met for dep_context=non-requeueable deps ti=<TaskInstance: ModelDevelop.get_data scheduled__2026-01-04T08:00:00+00:00 [queued]>
[2026-01-16T07:54:23.776+0000] {taskinstance.py:1979} INFO - Dependencies all met for dep_context=requeueable deps ti=<TaskInstance: ModelDevelop.get_data scheduled__2026-01-04T08:00:00+00:00 [queued]>
[2026-01-16T07:54:23.776+0000] {taskinstance.py:2193} INFO - Starting attempt 1 of 2
[2026-01-16T07:54:23.785+0000] {taskinstance.py:2217} INFO - Executing <Task(PythonOperator): get_data> on 2026-01-04 08:00:00+00:00
[2026-01-16T07:54:23.795+0000] {standard_task_runner.py:60} INFO - Started process 7011 to run task
[2026-01-16T07:54:23.821+0000] {standard_task_runner.py:87} INFO - Running: ['***', 'tasks', 'run', 'ModelDevelop', 'get_data', 'scheduled__2026-01-04T08:00:00+00:00', '--job-id', '105', '--raw', '--subdir', 'DAGS_FOLDER/example.py', '--cfg-path', '/tmp/tmppg6597qa']
[2026-01-16T07:54:23.822+0000] {standard_task_runner.py:88} INFO - Job 105: Subtask get_data
[2026-01-16T07:54:23.832+0000] {warnings.py:109} WARNING - /home/***/.local/lib/python3.9/site-packages/***/settings.py:194: DeprecationWarning: The sql_alchemy_conn option in [core] has been moved to the sql_alchemy_conn option in [database] - the old setting has been used, but please update your config.
  SQL_ALCHEMY_CONN = conf.get("database", "SQL_ALCHEMY_CONN")

[2026-01-16T07:54:23.862+0000] {task_command.py:423} INFO - Running <TaskInstance: ModelDevelop.get_data scheduled__2026-01-04T08:00:00+00:00 [running]> on host 8a4f043652f0
[2026-01-16T07:54:23.952+0000] {taskinstance.py:2513} INFO - Exporting env vars: AIRFLOW_CTX_DAG_OWNER='***' AIRFLOW_CTX_DAG_ID='ModelDevelop' AIRFLOW_CTX_TASK_ID='get_data' AIRFLOW_CTX_EXECUTION_DATE='2026-01-04T08:00:00+00:00' AIRFLOW_CTX_TRY_NUMBER='1' AIRFLOW_CTX_DAG_RUN_ID='scheduled__2026-01-04T08:00:00+00:00'
[2026-01-16T07:54:23.964+0000] {python.py:202} INFO - Done. Returned value was: ./iris.csv
[2026-01-16T07:54:23.986+0000] {taskinstance.py:1149} INFO - Marking task as SUCCESS. dag_id=ModelDevelop, task_id=get_data, execution_date=20260104T080000, start_date=20260116T075423, end_date=20260116T075423
[2026-01-16T07:54:24.013+0000] {local_task_job_runner.py:234} INFO - Task exited with return code 0
[2026-01-16T07:54:24.039+0000] {taskinstance.py:3312} INFO - 1 downstream tasks scheduled from follow-on schedule check
[2026-01-17T13:18:00.785+0000] {taskinstance.py:1979} INFO - Dependencies all met for dep_context=non-requeueable deps ti=<TaskInstance: ModelDevelop.get_data scheduled__2026-01-04T08:00:00+00:00 [queued]>
[2026-01-17T13:18:00.792+0000] {taskinstance.py:1979} INFO - Dependencies all met for dep_context=requeueable deps ti=<TaskInstance: ModelDevelop.get_data scheduled__2026-01-04T08:00:00+00:00 [queued]>
[2026-01-17T13:18:00.793+0000] {taskinstance.py:2193} INFO - Starting attempt 1 of 2
[2026-01-17T13:18:00.803+0000] {taskinstance.py:2217} INFO - Executing <Task(PythonOperator): get_data> on 2026-01-04 08:00:00+00:00
[2026-01-17T13:18:00.812+0000] {standard_task_runner.py:60} INFO - Started process 7018 to run task
[2026-01-17T13:18:00.815+0000] {standard_task_runner.py:87} INFO - Running: ['***', 'tasks', 'run', 'ModelDevelop', 'get_data', 'scheduled__2026-01-04T08:00:00+00:00', '--job-id', '106', '--raw', '--subdir', 'DAGS_FOLDER/example.py', '--cfg-path', '/tmp/tmp7boll4hc']
[2026-01-17T13:18:00.815+0000] {standard_task_runner.py:88} INFO - Job 106: Subtask get_data
[2026-01-17T13:18:00.825+0000] {warnings.py:109} WARNING - /home/***/.local/lib/python3.9/site-packages/***/settings.py:194: DeprecationWarning: The sql_alchemy_conn option in [core] has been moved to the sql_alchemy_conn option in [database] - the old setting has been used, but please update your config.
  SQL_ALCHEMY_CONN = conf.get("database", "SQL_ALCHEMY_CONN")

[2026-01-17T13:18:00.853+0000] {task_command.py:423} INFO - Running <TaskInstance: ModelDevelop.get_data scheduled__2026-01-04T08:00:00+00:00 [running]> on host ed3184b6b543
[2026-01-17T13:18:00.944+0000] {taskinstance.py:2513} INFO - Exporting env vars: AIRFLOW_CTX_DAG_OWNER='***' AIRFLOW_CTX_DAG_ID='ModelDevelop' AIRFLOW_CTX_TASK_ID='get_data' AIRFLOW_CTX_EXECUTION_DATE='2026-01-04T08:00:00+00:00' AIRFLOW_CTX_TRY_NUMBER='1' AIRFLOW_CTX_DAG_RUN_ID='scheduled__2026-01-04T08:00:00+00:00'
[2026-01-17T13:18:00.954+0000] {python.py:202} INFO - Done. Returned value was: ./iris.csv
[2026-01-17T13:18:00.971+0000] {taskinstance.py:1149} INFO - Marking task as SUCCESS. dag_id=ModelDevelop, task_id=get_data, execution_date=20260104T080000, start_date=20260117T131800, end_date=20260117T131800
[2026-01-17T13:18:01.027+0000] {local_task_job_runner.py:234} INFO - Task exited with return code 0
[2026-01-17T13:18:01.055+0000] {taskinstance.py:3312} INFO - 1 downstream tasks scheduled from follow-on schedule check
[2026-01-17T13:39:22.468+0000] {taskinstance.py:1979} INFO - Dependencies all met for dep_context=non-requeueable deps ti=<TaskInstance: ModelDevelop.get_data scheduled__2026-01-04T08:00:00+00:00 [queued]>
[2026-01-17T13:39:22.475+0000] {taskinstance.py:1979} INFO - Dependencies all met for dep_context=requeueable deps ti=<TaskInstance: ModelDevelop.get_data scheduled__2026-01-04T08:00:00+00:00 [queued]>
[2026-01-17T13:39:22.475+0000] {taskinstance.py:2193} INFO - Starting attempt 1 of 2
[2026-01-17T13:39:22.504+0000] {taskinstance.py:2217} INFO - Executing <Task(PythonOperator): get_data> on 2026-01-04 08:00:00+00:00
[2026-01-17T13:39:22.512+0000] {standard_task_runner.py:60} INFO - Started process 7048 to run task
[2026-01-17T13:39:22.522+0000] {standard_task_runner.py:87} INFO - Running: ['***', 'tasks', 'run', 'ModelDevelop', 'get_data', 'scheduled__2026-01-04T08:00:00+00:00', '--job-id', '106', '--raw', '--subdir', 'DAGS_FOLDER/example.py', '--cfg-path', '/tmp/tmp42fewxcc']
[2026-01-17T13:39:22.523+0000] {standard_task_runner.py:88} INFO - Job 106: Subtask get_data
[2026-01-17T13:39:22.578+0000] {warnings.py:109} WARNING - /home/***/.local/lib/python3.9/site-packages/***/settings.py:194: DeprecationWarning: The sql_alchemy_conn option in [core] has been moved to the sql_alchemy_conn option in [database] - the old setting has been used, but please update your config.
  SQL_ALCHEMY_CONN = conf.get("database", "SQL_ALCHEMY_CONN")

[2026-01-17T13:39:22.617+0000] {task_command.py:423} INFO - Running <TaskInstance: ModelDevelop.get_data scheduled__2026-01-04T08:00:00+00:00 [running]> on host 5330652dc216
[2026-01-17T13:39:22.718+0000] {taskinstance.py:2513} INFO - Exporting env vars: AIRFLOW_CTX_DAG_OWNER='***' AIRFLOW_CTX_DAG_ID='ModelDevelop' AIRFLOW_CTX_TASK_ID='get_data' AIRFLOW_CTX_EXECUTION_DATE='2026-01-04T08:00:00+00:00' AIRFLOW_CTX_TRY_NUMBER='1' AIRFLOW_CTX_DAG_RUN_ID='scheduled__2026-01-04T08:00:00+00:00'
[2026-01-17T13:39:22.727+0000] {python.py:202} INFO - Done. Returned value was: ./iris.csv
[2026-01-17T13:39:22.742+0000] {taskinstance.py:1149} INFO - Marking task as SUCCESS. dag_id=ModelDevelop, task_id=get_data, execution_date=20260104T080000, start_date=20260117T133922, end_date=20260117T133922
[2026-01-17T13:39:22.779+0000] {local_task_job_runner.py:234} INFO - Task exited with return code 0
[2026-01-17T13:39:22.793+0000] {taskinstance.py:3312} INFO - 0 downstream tasks scheduled from follow-on schedule check
