[2026-01-16T07:54:37.154+0000] {taskinstance.py:1979} INFO - Dependencies all met for dep_context=non-requeueable deps ti=<TaskInstance: ModelDevelop.get_data scheduled__2026-01-05T07:00:00+00:00 [queued]>
[2026-01-16T07:54:37.161+0000] {taskinstance.py:1979} INFO - Dependencies all met for dep_context=requeueable deps ti=<TaskInstance: ModelDevelop.get_data scheduled__2026-01-05T07:00:00+00:00 [queued]>
[2026-01-16T07:54:37.161+0000] {taskinstance.py:2193} INFO - Starting attempt 1 of 2
[2026-01-16T07:54:37.169+0000] {taskinstance.py:2217} INFO - Executing <Task(PythonOperator): get_data> on 2026-01-05 07:00:00+00:00
[2026-01-16T07:54:37.178+0000] {standard_task_runner.py:60} INFO - Started process 9498 to run task
[2026-01-16T07:54:37.181+0000] {standard_task_runner.py:87} INFO - Running: ['***', 'tasks', 'run', 'ModelDevelop', 'get_data', 'scheduled__2026-01-05T07:00:00+00:00', '--job-id', '147', '--raw', '--subdir', 'DAGS_FOLDER/example.py', '--cfg-path', '/tmp/tmpf8ox6ka9']
[2026-01-16T07:54:37.181+0000] {standard_task_runner.py:88} INFO - Job 147: Subtask get_data
[2026-01-16T07:54:37.192+0000] {warnings.py:109} WARNING - /home/***/.local/lib/python3.9/site-packages/***/settings.py:194: DeprecationWarning: The sql_alchemy_conn option in [core] has been moved to the sql_alchemy_conn option in [database] - the old setting has been used, but please update your config.
  SQL_ALCHEMY_CONN = conf.get("database", "SQL_ALCHEMY_CONN")

[2026-01-16T07:54:37.252+0000] {task_command.py:423} INFO - Running <TaskInstance: ModelDevelop.get_data scheduled__2026-01-05T07:00:00+00:00 [running]> on host 8a4f043652f0
[2026-01-16T07:54:37.325+0000] {taskinstance.py:2513} INFO - Exporting env vars: AIRFLOW_CTX_DAG_OWNER='***' AIRFLOW_CTX_DAG_ID='ModelDevelop' AIRFLOW_CTX_TASK_ID='get_data' AIRFLOW_CTX_EXECUTION_DATE='2026-01-05T07:00:00+00:00' AIRFLOW_CTX_TRY_NUMBER='1' AIRFLOW_CTX_DAG_RUN_ID='scheduled__2026-01-05T07:00:00+00:00'
[2026-01-16T07:54:37.336+0000] {python.py:202} INFO - Done. Returned value was: ./iris.csv
[2026-01-16T07:54:37.353+0000] {taskinstance.py:1149} INFO - Marking task as SUCCESS. dag_id=ModelDevelop, task_id=get_data, execution_date=20260105T070000, start_date=20260116T075437, end_date=20260116T075437
[2026-01-16T07:54:37.393+0000] {local_task_job_runner.py:234} INFO - Task exited with return code 0
[2026-01-16T07:54:37.432+0000] {taskinstance.py:3312} INFO - 1 downstream tasks scheduled from follow-on schedule check
[2026-01-17T13:18:11.955+0000] {taskinstance.py:1979} INFO - Dependencies all met for dep_context=non-requeueable deps ti=<TaskInstance: ModelDevelop.get_data scheduled__2026-01-05T07:00:00+00:00 [queued]>
[2026-01-17T13:18:11.961+0000] {taskinstance.py:1979} INFO - Dependencies all met for dep_context=requeueable deps ti=<TaskInstance: ModelDevelop.get_data scheduled__2026-01-05T07:00:00+00:00 [queued]>
[2026-01-17T13:18:11.962+0000] {taskinstance.py:2193} INFO - Starting attempt 1 of 2
[2026-01-17T13:18:11.972+0000] {taskinstance.py:2217} INFO - Executing <Task(PythonOperator): get_data> on 2026-01-05 07:00:00+00:00
[2026-01-17T13:18:11.992+0000] {standard_task_runner.py:60} INFO - Started process 9496 to run task
[2026-01-17T13:18:12.006+0000] {standard_task_runner.py:87} INFO - Running: ['***', 'tasks', 'run', 'ModelDevelop', 'get_data', 'scheduled__2026-01-05T07:00:00+00:00', '--job-id', '145', '--raw', '--subdir', 'DAGS_FOLDER/example.py', '--cfg-path', '/tmp/tmpb0lodlra']
[2026-01-17T13:18:12.007+0000] {standard_task_runner.py:88} INFO - Job 145: Subtask get_data
[2026-01-17T13:18:12.037+0000] {warnings.py:109} WARNING - /home/***/.local/lib/python3.9/site-packages/***/settings.py:194: DeprecationWarning: The sql_alchemy_conn option in [core] has been moved to the sql_alchemy_conn option in [database] - the old setting has been used, but please update your config.
  SQL_ALCHEMY_CONN = conf.get("database", "SQL_ALCHEMY_CONN")

[2026-01-17T13:18:12.062+0000] {task_command.py:423} INFO - Running <TaskInstance: ModelDevelop.get_data scheduled__2026-01-05T07:00:00+00:00 [running]> on host ed3184b6b543
[2026-01-17T13:18:12.166+0000] {taskinstance.py:2513} INFO - Exporting env vars: AIRFLOW_CTX_DAG_OWNER='***' AIRFLOW_CTX_DAG_ID='ModelDevelop' AIRFLOW_CTX_TASK_ID='get_data' AIRFLOW_CTX_EXECUTION_DATE='2026-01-05T07:00:00+00:00' AIRFLOW_CTX_TRY_NUMBER='1' AIRFLOW_CTX_DAG_RUN_ID='scheduled__2026-01-05T07:00:00+00:00'
[2026-01-17T13:18:12.178+0000] {python.py:202} INFO - Done. Returned value was: ./iris.csv
[2026-01-17T13:18:12.197+0000] {taskinstance.py:1149} INFO - Marking task as SUCCESS. dag_id=ModelDevelop, task_id=get_data, execution_date=20260105T070000, start_date=20260117T131811, end_date=20260117T131812
[2026-01-17T13:18:12.256+0000] {local_task_job_runner.py:234} INFO - Task exited with return code 0
[2026-01-17T13:18:12.297+0000] {taskinstance.py:3312} INFO - 0 downstream tasks scheduled from follow-on schedule check
[2026-01-17T13:39:33.503+0000] {taskinstance.py:1979} INFO - Dependencies all met for dep_context=non-requeueable deps ti=<TaskInstance: ModelDevelop.get_data scheduled__2026-01-05T07:00:00+00:00 [queued]>
[2026-01-17T13:39:33.520+0000] {taskinstance.py:1979} INFO - Dependencies all met for dep_context=requeueable deps ti=<TaskInstance: ModelDevelop.get_data scheduled__2026-01-05T07:00:00+00:00 [queued]>
[2026-01-17T13:39:33.520+0000] {taskinstance.py:2193} INFO - Starting attempt 1 of 2
[2026-01-17T13:39:33.551+0000] {taskinstance.py:2217} INFO - Executing <Task(PythonOperator): get_data> on 2026-01-05 07:00:00+00:00
[2026-01-17T13:39:33.570+0000] {standard_task_runner.py:60} INFO - Started process 9436 to run task
[2026-01-17T13:39:33.578+0000] {standard_task_runner.py:87} INFO - Running: ['***', 'tasks', 'run', 'ModelDevelop', 'get_data', 'scheduled__2026-01-05T07:00:00+00:00', '--job-id', '147', '--raw', '--subdir', 'DAGS_FOLDER/example.py', '--cfg-path', '/tmp/tmpugmvnw14']
[2026-01-17T13:39:33.579+0000] {standard_task_runner.py:88} INFO - Job 147: Subtask get_data
[2026-01-17T13:39:33.635+0000] {warnings.py:109} WARNING - /home/***/.local/lib/python3.9/site-packages/***/settings.py:194: DeprecationWarning: The sql_alchemy_conn option in [core] has been moved to the sql_alchemy_conn option in [database] - the old setting has been used, but please update your config.
  SQL_ALCHEMY_CONN = conf.get("database", "SQL_ALCHEMY_CONN")

[2026-01-17T13:39:33.704+0000] {task_command.py:423} INFO - Running <TaskInstance: ModelDevelop.get_data scheduled__2026-01-05T07:00:00+00:00 [running]> on host 5330652dc216
[2026-01-17T13:39:33.811+0000] {taskinstance.py:2513} INFO - Exporting env vars: AIRFLOW_CTX_DAG_OWNER='***' AIRFLOW_CTX_DAG_ID='ModelDevelop' AIRFLOW_CTX_TASK_ID='get_data' AIRFLOW_CTX_EXECUTION_DATE='2026-01-05T07:00:00+00:00' AIRFLOW_CTX_TRY_NUMBER='1' AIRFLOW_CTX_DAG_RUN_ID='scheduled__2026-01-05T07:00:00+00:00'
[2026-01-17T13:39:33.822+0000] {python.py:202} INFO - Done. Returned value was: ./iris.csv
[2026-01-17T13:39:33.838+0000] {taskinstance.py:1149} INFO - Marking task as SUCCESS. dag_id=ModelDevelop, task_id=get_data, execution_date=20260105T070000, start_date=20260117T133933, end_date=20260117T133933
[2026-01-17T13:39:33.895+0000] {local_task_job_runner.py:234} INFO - Task exited with return code 0
[2026-01-17T13:39:33.914+0000] {taskinstance.py:3312} INFO - 1 downstream tasks scheduled from follow-on schedule check
