[2026-01-16T14:00:01.789+0000] {taskinstance.py:1979} INFO - Dependencies all met for dep_context=non-requeueable deps ti=<TaskInstance: ModelDevelop.get_data scheduled__2026-01-16T13:00:00+00:00 [queued]>
[2026-01-16T14:00:01.793+0000] {taskinstance.py:1979} INFO - Dependencies all met for dep_context=requeueable deps ti=<TaskInstance: ModelDevelop.get_data scheduled__2026-01-16T13:00:00+00:00 [queued]>
[2026-01-16T14:00:01.793+0000] {taskinstance.py:2193} INFO - Starting attempt 1 of 2
[2026-01-16T14:00:01.799+0000] {taskinstance.py:2217} INFO - Executing <Task(PythonOperator): get_data> on 2026-01-16 13:00:00+00:00
[2026-01-16T14:00:01.805+0000] {standard_task_runner.py:60} INFO - Started process 46872 to run task
[2026-01-16T14:00:01.807+0000] {standard_task_runner.py:87} INFO - Running: ['***', 'tasks', 'run', 'ModelDevelop', 'get_data', 'scheduled__2026-01-16T13:00:00+00:00', '--job-id', '700', '--raw', '--subdir', 'DAGS_FOLDER/example.py', '--cfg-path', '/tmp/tmpq089whn9']
[2026-01-16T14:00:01.808+0000] {standard_task_runner.py:88} INFO - Job 700: Subtask get_data
[2026-01-16T14:00:01.817+0000] {warnings.py:109} WARNING - /home/***/.local/lib/python3.9/site-packages/***/settings.py:194: DeprecationWarning: The sql_alchemy_conn option in [core] has been moved to the sql_alchemy_conn option in [database] - the old setting has been used, but please update your config.
  SQL_ALCHEMY_CONN = conf.get("database", "SQL_ALCHEMY_CONN")

[2026-01-16T14:00:01.838+0000] {task_command.py:423} INFO - Running <TaskInstance: ModelDevelop.get_data scheduled__2026-01-16T13:00:00+00:00 [running]> on host 8a4f043652f0
[2026-01-16T14:00:01.880+0000] {taskinstance.py:2513} INFO - Exporting env vars: AIRFLOW_CTX_DAG_OWNER='***' AIRFLOW_CTX_DAG_ID='ModelDevelop' AIRFLOW_CTX_TASK_ID='get_data' AIRFLOW_CTX_EXECUTION_DATE='2026-01-16T13:00:00+00:00' AIRFLOW_CTX_TRY_NUMBER='1' AIRFLOW_CTX_DAG_RUN_ID='scheduled__2026-01-16T13:00:00+00:00'
[2026-01-16T14:00:01.888+0000] {python.py:202} INFO - Done. Returned value was: ./iris.csv
[2026-01-16T14:00:01.901+0000] {taskinstance.py:1149} INFO - Marking task as SUCCESS. dag_id=ModelDevelop, task_id=get_data, execution_date=20260116T130000, start_date=20260116T140001, end_date=20260116T140001
[2026-01-16T14:00:01.938+0000] {local_task_job_runner.py:234} INFO - Task exited with return code 0
[2026-01-16T14:00:01.951+0000] {taskinstance.py:3312} INFO - 0 downstream tasks scheduled from follow-on schedule check
[2026-01-17T13:21:11.843+0000] {taskinstance.py:1979} INFO - Dependencies all met for dep_context=non-requeueable deps ti=<TaskInstance: ModelDevelop.get_data scheduled__2026-01-16T13:00:00+00:00 [queued]>
[2026-01-17T13:21:11.850+0000] {taskinstance.py:1979} INFO - Dependencies all met for dep_context=requeueable deps ti=<TaskInstance: ModelDevelop.get_data scheduled__2026-01-16T13:00:00+00:00 [queued]>
[2026-01-17T13:21:11.850+0000] {taskinstance.py:2193} INFO - Starting attempt 1 of 2
[2026-01-17T13:21:11.859+0000] {taskinstance.py:2217} INFO - Executing <Task(PythonOperator): get_data> on 2026-01-16 13:00:00+00:00
[2026-01-17T13:21:11.899+0000] {standard_task_runner.py:60} INFO - Started process 45942 to run task
[2026-01-17T13:21:11.911+0000] {standard_task_runner.py:87} INFO - Running: ['***', 'tasks', 'run', 'ModelDevelop', 'get_data', 'scheduled__2026-01-16T13:00:00+00:00', '--job-id', '688', '--raw', '--subdir', 'DAGS_FOLDER/example.py', '--cfg-path', '/tmp/tmpdevhrm4u']
[2026-01-17T13:21:11.912+0000] {standard_task_runner.py:88} INFO - Job 688: Subtask get_data
[2026-01-17T13:21:11.929+0000] {warnings.py:109} WARNING - /home/***/.local/lib/python3.9/site-packages/***/settings.py:194: DeprecationWarning: The sql_alchemy_conn option in [core] has been moved to the sql_alchemy_conn option in [database] - the old setting has been used, but please update your config.
  SQL_ALCHEMY_CONN = conf.get("database", "SQL_ALCHEMY_CONN")

[2026-01-17T13:21:11.967+0000] {task_command.py:423} INFO - Running <TaskInstance: ModelDevelop.get_data scheduled__2026-01-16T13:00:00+00:00 [running]> on host ed3184b6b543
[2026-01-17T13:21:12.036+0000] {taskinstance.py:2513} INFO - Exporting env vars: AIRFLOW_CTX_DAG_OWNER='***' AIRFLOW_CTX_DAG_ID='ModelDevelop' AIRFLOW_CTX_TASK_ID='get_data' AIRFLOW_CTX_EXECUTION_DATE='2026-01-16T13:00:00+00:00' AIRFLOW_CTX_TRY_NUMBER='1' AIRFLOW_CTX_DAG_RUN_ID='scheduled__2026-01-16T13:00:00+00:00'
[2026-01-17T13:21:12.047+0000] {python.py:202} INFO - Done. Returned value was: ./iris.csv
[2026-01-17T13:21:12.082+0000] {taskinstance.py:1149} INFO - Marking task as SUCCESS. dag_id=ModelDevelop, task_id=get_data, execution_date=20260116T130000, start_date=20260117T132111, end_date=20260117T132112
[2026-01-17T13:21:12.138+0000] {local_task_job_runner.py:234} INFO - Task exited with return code 0
[2026-01-17T13:21:12.195+0000] {taskinstance.py:3312} INFO - 0 downstream tasks scheduled from follow-on schedule check
[2026-01-17T13:42:46.301+0000] {taskinstance.py:1979} INFO - Dependencies all met for dep_context=non-requeueable deps ti=<TaskInstance: ModelDevelop.get_data scheduled__2026-01-16T13:00:00+00:00 [queued]>
[2026-01-17T13:42:46.306+0000] {taskinstance.py:1979} INFO - Dependencies all met for dep_context=requeueable deps ti=<TaskInstance: ModelDevelop.get_data scheduled__2026-01-16T13:00:00+00:00 [queued]>
[2026-01-17T13:42:46.306+0000] {taskinstance.py:2193} INFO - Starting attempt 1 of 2
[2026-01-17T13:42:46.314+0000] {taskinstance.py:2217} INFO - Executing <Task(PythonOperator): get_data> on 2026-01-16 13:00:00+00:00
[2026-01-17T13:42:46.321+0000] {standard_task_runner.py:60} INFO - Started process 46344 to run task
[2026-01-17T13:42:46.323+0000] {standard_task_runner.py:87} INFO - Running: ['***', 'tasks', 'run', 'ModelDevelop', 'get_data', 'scheduled__2026-01-16T13:00:00+00:00', '--job-id', '692', '--raw', '--subdir', 'DAGS_FOLDER/example.py', '--cfg-path', '/tmp/tmp1omnu_qy']
[2026-01-17T13:42:46.324+0000] {standard_task_runner.py:88} INFO - Job 692: Subtask get_data
[2026-01-17T13:42:46.333+0000] {warnings.py:109} WARNING - /home/***/.local/lib/python3.9/site-packages/***/settings.py:194: DeprecationWarning: The sql_alchemy_conn option in [core] has been moved to the sql_alchemy_conn option in [database] - the old setting has been used, but please update your config.
  SQL_ALCHEMY_CONN = conf.get("database", "SQL_ALCHEMY_CONN")

[2026-01-17T13:42:46.366+0000] {task_command.py:423} INFO - Running <TaskInstance: ModelDevelop.get_data scheduled__2026-01-16T13:00:00+00:00 [running]> on host 5330652dc216
[2026-01-17T13:42:46.476+0000] {taskinstance.py:2513} INFO - Exporting env vars: AIRFLOW_CTX_DAG_OWNER='***' AIRFLOW_CTX_DAG_ID='ModelDevelop' AIRFLOW_CTX_TASK_ID='get_data' AIRFLOW_CTX_EXECUTION_DATE='2026-01-16T13:00:00+00:00' AIRFLOW_CTX_TRY_NUMBER='1' AIRFLOW_CTX_DAG_RUN_ID='scheduled__2026-01-16T13:00:00+00:00'
[2026-01-17T13:42:46.484+0000] {python.py:202} INFO - Done. Returned value was: ./iris.csv
[2026-01-17T13:42:46.501+0000] {taskinstance.py:1149} INFO - Marking task as SUCCESS. dag_id=ModelDevelop, task_id=get_data, execution_date=20260116T130000, start_date=20260117T134246, end_date=20260117T134246
[2026-01-17T13:42:46.536+0000] {local_task_job_runner.py:234} INFO - Task exited with return code 0
[2026-01-17T13:42:46.556+0000] {taskinstance.py:3312} INFO - 1 downstream tasks scheduled from follow-on schedule check
