[2026-01-16T07:53:47.226+0000] {taskinstance.py:1979} INFO - Dependencies all met for dep_context=non-requeueable deps ti=<TaskInstance: ModelDevelop.get_data scheduled__2026-01-02T04:00:00+00:00 [queued]>
[2026-01-16T07:53:47.231+0000] {taskinstance.py:1979} INFO - Dependencies all met for dep_context=requeueable deps ti=<TaskInstance: ModelDevelop.get_data scheduled__2026-01-02T04:00:00+00:00 [queued]>
[2026-01-16T07:53:47.232+0000] {taskinstance.py:2193} INFO - Starting attempt 1 of 2
[2026-01-16T07:53:47.240+0000] {taskinstance.py:2217} INFO - Executing <Task(PythonOperator): get_data> on 2026-01-02 04:00:00+00:00
[2026-01-16T07:53:47.246+0000] {standard_task_runner.py:60} INFO - Started process 608 to run task
[2026-01-16T07:53:47.248+0000] {standard_task_runner.py:87} INFO - Running: ['***', 'tasks', 'run', 'ModelDevelop', 'get_data', 'scheduled__2026-01-02T04:00:00+00:00', '--job-id', '9', '--raw', '--subdir', 'DAGS_FOLDER/example.py', '--cfg-path', '/tmp/tmp1xjw_wkx']
[2026-01-16T07:53:47.249+0000] {standard_task_runner.py:88} INFO - Job 9: Subtask get_data
[2026-01-16T07:53:47.259+0000] {warnings.py:109} WARNING - /home/***/.local/lib/python3.9/site-packages/***/settings.py:194: DeprecationWarning: The sql_alchemy_conn option in [core] has been moved to the sql_alchemy_conn option in [database] - the old setting has been used, but please update your config.
  SQL_ALCHEMY_CONN = conf.get("database", "SQL_ALCHEMY_CONN")

[2026-01-16T07:53:47.289+0000] {task_command.py:423} INFO - Running <TaskInstance: ModelDevelop.get_data scheduled__2026-01-02T04:00:00+00:00 [running]> on host 8a4f043652f0
[2026-01-16T07:53:47.343+0000] {taskinstance.py:2513} INFO - Exporting env vars: AIRFLOW_CTX_DAG_OWNER='***' AIRFLOW_CTX_DAG_ID='ModelDevelop' AIRFLOW_CTX_TASK_ID='get_data' AIRFLOW_CTX_EXECUTION_DATE='2026-01-02T04:00:00+00:00' AIRFLOW_CTX_TRY_NUMBER='1' AIRFLOW_CTX_DAG_RUN_ID='scheduled__2026-01-02T04:00:00+00:00'
[2026-01-16T07:53:47.353+0000] {python.py:202} INFO - Done. Returned value was: ./iris.csv
[2026-01-16T07:53:47.368+0000] {taskinstance.py:1149} INFO - Marking task as SUCCESS. dag_id=ModelDevelop, task_id=get_data, execution_date=20260102T040000, start_date=20260116T075347, end_date=20260116T075347
[2026-01-16T07:53:47.420+0000] {local_task_job_runner.py:234} INFO - Task exited with return code 0
[2026-01-16T07:53:47.436+0000] {taskinstance.py:3312} INFO - 1 downstream tasks scheduled from follow-on schedule check
[2026-01-17T13:17:28.476+0000] {taskinstance.py:1979} INFO - Dependencies all met for dep_context=non-requeueable deps ti=<TaskInstance: ModelDevelop.get_data scheduled__2026-01-02T04:00:00+00:00 [queued]>
[2026-01-17T13:17:28.482+0000] {taskinstance.py:1979} INFO - Dependencies all met for dep_context=requeueable deps ti=<TaskInstance: ModelDevelop.get_data scheduled__2026-01-02T04:00:00+00:00 [queued]>
[2026-01-17T13:17:28.482+0000] {taskinstance.py:2193} INFO - Starting attempt 1 of 2
[2026-01-17T13:17:28.490+0000] {taskinstance.py:2217} INFO - Executing <Task(PythonOperator): get_data> on 2026-01-02 04:00:00+00:00
[2026-01-17T13:17:28.496+0000] {standard_task_runner.py:60} INFO - Started process 607 to run task
[2026-01-17T13:17:28.499+0000] {standard_task_runner.py:87} INFO - Running: ['***', 'tasks', 'run', 'ModelDevelop', 'get_data', 'scheduled__2026-01-02T04:00:00+00:00', '--job-id', '8', '--raw', '--subdir', 'DAGS_FOLDER/example.py', '--cfg-path', '/tmp/tmpq6pxm6wm']
[2026-01-17T13:17:28.500+0000] {standard_task_runner.py:88} INFO - Job 8: Subtask get_data
[2026-01-17T13:17:28.509+0000] {warnings.py:109} WARNING - /home/***/.local/lib/python3.9/site-packages/***/settings.py:194: DeprecationWarning: The sql_alchemy_conn option in [core] has been moved to the sql_alchemy_conn option in [database] - the old setting has been used, but please update your config.
  SQL_ALCHEMY_CONN = conf.get("database", "SQL_ALCHEMY_CONN")

[2026-01-17T13:17:28.538+0000] {task_command.py:423} INFO - Running <TaskInstance: ModelDevelop.get_data scheduled__2026-01-02T04:00:00+00:00 [running]> on host ed3184b6b543
[2026-01-17T13:17:28.592+0000] {taskinstance.py:2513} INFO - Exporting env vars: AIRFLOW_CTX_DAG_OWNER='***' AIRFLOW_CTX_DAG_ID='ModelDevelop' AIRFLOW_CTX_TASK_ID='get_data' AIRFLOW_CTX_EXECUTION_DATE='2026-01-02T04:00:00+00:00' AIRFLOW_CTX_TRY_NUMBER='1' AIRFLOW_CTX_DAG_RUN_ID='scheduled__2026-01-02T04:00:00+00:00'
[2026-01-17T13:17:28.602+0000] {python.py:202} INFO - Done. Returned value was: ./iris.csv
[2026-01-17T13:17:28.616+0000] {taskinstance.py:1149} INFO - Marking task as SUCCESS. dag_id=ModelDevelop, task_id=get_data, execution_date=20260102T040000, start_date=20260117T131728, end_date=20260117T131728
[2026-01-17T13:17:28.670+0000] {local_task_job_runner.py:234} INFO - Task exited with return code 0
[2026-01-17T13:17:28.685+0000] {taskinstance.py:3312} INFO - 1 downstream tasks scheduled from follow-on schedule check
[2026-01-17T13:38:39.786+0000] {taskinstance.py:1979} INFO - Dependencies all met for dep_context=non-requeueable deps ti=<TaskInstance: ModelDevelop.get_data scheduled__2026-01-02T04:00:00+00:00 [queued]>
[2026-01-17T13:38:39.793+0000] {taskinstance.py:1979} INFO - Dependencies all met for dep_context=requeueable deps ti=<TaskInstance: ModelDevelop.get_data scheduled__2026-01-02T04:00:00+00:00 [queued]>
[2026-01-17T13:38:39.794+0000] {taskinstance.py:2193} INFO - Starting attempt 1 of 2
[2026-01-17T13:38:39.802+0000] {taskinstance.py:2217} INFO - Executing <Task(PythonOperator): get_data> on 2026-01-02 04:00:00+00:00
[2026-01-17T13:38:39.808+0000] {standard_task_runner.py:60} INFO - Started process 605 to run task
[2026-01-17T13:38:39.811+0000] {standard_task_runner.py:87} INFO - Running: ['***', 'tasks', 'run', 'ModelDevelop', 'get_data', 'scheduled__2026-01-02T04:00:00+00:00', '--job-id', '6', '--raw', '--subdir', 'DAGS_FOLDER/example.py', '--cfg-path', '/tmp/tmpqvwqraac']
[2026-01-17T13:38:39.812+0000] {standard_task_runner.py:88} INFO - Job 6: Subtask get_data
[2026-01-17T13:38:39.822+0000] {warnings.py:109} WARNING - /home/***/.local/lib/python3.9/site-packages/***/settings.py:194: DeprecationWarning: The sql_alchemy_conn option in [core] has been moved to the sql_alchemy_conn option in [database] - the old setting has been used, but please update your config.
  SQL_ALCHEMY_CONN = conf.get("database", "SQL_ALCHEMY_CONN")

[2026-01-17T13:38:39.850+0000] {task_command.py:423} INFO - Running <TaskInstance: ModelDevelop.get_data scheduled__2026-01-02T04:00:00+00:00 [running]> on host 5330652dc216
[2026-01-17T13:38:39.905+0000] {taskinstance.py:2513} INFO - Exporting env vars: AIRFLOW_CTX_DAG_OWNER='***' AIRFLOW_CTX_DAG_ID='ModelDevelop' AIRFLOW_CTX_TASK_ID='get_data' AIRFLOW_CTX_EXECUTION_DATE='2026-01-02T04:00:00+00:00' AIRFLOW_CTX_TRY_NUMBER='1' AIRFLOW_CTX_DAG_RUN_ID='scheduled__2026-01-02T04:00:00+00:00'
[2026-01-17T13:38:39.917+0000] {python.py:202} INFO - Done. Returned value was: ./iris.csv
[2026-01-17T13:38:39.931+0000] {taskinstance.py:1149} INFO - Marking task as SUCCESS. dag_id=ModelDevelop, task_id=get_data, execution_date=20260102T040000, start_date=20260117T133839, end_date=20260117T133839
[2026-01-17T13:38:39.983+0000] {local_task_job_runner.py:234} INFO - Task exited with return code 0
[2026-01-17T13:38:39.997+0000] {taskinstance.py:3312} INFO - 1 downstream tasks scheduled from follow-on schedule check
