[2026-01-16T07:57:09.352+0000] {taskinstance.py:1979} INFO - Dependencies all met for dep_context=non-requeueable deps ti=<TaskInstance: ModelDevelop.get_data scheduled__2026-01-14T21:00:00+00:00 [queued]>
[2026-01-16T07:57:09.359+0000] {taskinstance.py:1979} INFO - Dependencies all met for dep_context=requeueable deps ti=<TaskInstance: ModelDevelop.get_data scheduled__2026-01-14T21:00:00+00:00 [queued]>
[2026-01-16T07:57:09.359+0000] {taskinstance.py:2193} INFO - Starting attempt 1 of 2
[2026-01-16T07:57:09.370+0000] {taskinstance.py:2217} INFO - Executing <Task(PythonOperator): get_data> on 2026-01-14 21:00:00+00:00
[2026-01-16T07:57:09.418+0000] {standard_task_runner.py:60} INFO - Started process 41215 to run task
[2026-01-16T07:57:09.422+0000] {standard_task_runner.py:87} INFO - Running: ['***', 'tasks', 'run', 'ModelDevelop', 'get_data', 'scheduled__2026-01-14T21:00:00+00:00', '--job-id', '615', '--raw', '--subdir', 'DAGS_FOLDER/example.py', '--cfg-path', '/tmp/tmpz3c4pamd']
[2026-01-16T07:57:09.423+0000] {standard_task_runner.py:88} INFO - Job 615: Subtask get_data
[2026-01-16T07:57:09.452+0000] {warnings.py:109} WARNING - /home/***/.local/lib/python3.9/site-packages/***/settings.py:194: DeprecationWarning: The sql_alchemy_conn option in [core] has been moved to the sql_alchemy_conn option in [database] - the old setting has been used, but please update your config.
  SQL_ALCHEMY_CONN = conf.get("database", "SQL_ALCHEMY_CONN")

[2026-01-16T07:57:09.487+0000] {task_command.py:423} INFO - Running <TaskInstance: ModelDevelop.get_data scheduled__2026-01-14T21:00:00+00:00 [running]> on host 8a4f043652f0
[2026-01-16T07:57:09.554+0000] {taskinstance.py:2513} INFO - Exporting env vars: AIRFLOW_CTX_DAG_OWNER='***' AIRFLOW_CTX_DAG_ID='ModelDevelop' AIRFLOW_CTX_TASK_ID='get_data' AIRFLOW_CTX_EXECUTION_DATE='2026-01-14T21:00:00+00:00' AIRFLOW_CTX_TRY_NUMBER='1' AIRFLOW_CTX_DAG_RUN_ID='scheduled__2026-01-14T21:00:00+00:00'
[2026-01-16T07:57:09.563+0000] {python.py:202} INFO - Done. Returned value was: ./iris.csv
[2026-01-16T07:57:09.605+0000] {taskinstance.py:1149} INFO - Marking task as SUCCESS. dag_id=ModelDevelop, task_id=get_data, execution_date=20260114T210000, start_date=20260116T075709, end_date=20260116T075709
[2026-01-16T07:57:09.679+0000] {local_task_job_runner.py:234} INFO - Task exited with return code 0
[2026-01-16T07:57:09.714+0000] {taskinstance.py:3312} INFO - 1 downstream tasks scheduled from follow-on schedule check
[2026-01-17T13:20:50.203+0000] {taskinstance.py:1979} INFO - Dependencies all met for dep_context=non-requeueable deps ti=<TaskInstance: ModelDevelop.get_data scheduled__2026-01-14T21:00:00+00:00 [queued]>
[2026-01-17T13:20:50.215+0000] {taskinstance.py:1979} INFO - Dependencies all met for dep_context=requeueable deps ti=<TaskInstance: ModelDevelop.get_data scheduled__2026-01-14T21:00:00+00:00 [queued]>
[2026-01-17T13:20:50.215+0000] {taskinstance.py:2193} INFO - Starting attempt 1 of 2
[2026-01-17T13:20:50.321+0000] {taskinstance.py:2217} INFO - Executing <Task(PythonOperator): get_data> on 2026-01-14 21:00:00+00:00
[2026-01-17T13:20:50.330+0000] {standard_task_runner.py:60} INFO - Started process 41379 to run task
[2026-01-17T13:20:50.333+0000] {standard_task_runner.py:87} INFO - Running: ['***', 'tasks', 'run', 'ModelDevelop', 'get_data', 'scheduled__2026-01-14T21:00:00+00:00', '--job-id', '616', '--raw', '--subdir', 'DAGS_FOLDER/example.py', '--cfg-path', '/tmp/tmpxn3gc_j2']
[2026-01-17T13:20:50.334+0000] {standard_task_runner.py:88} INFO - Job 616: Subtask get_data
[2026-01-17T13:20:50.345+0000] {warnings.py:109} WARNING - /home/***/.local/lib/python3.9/site-packages/***/settings.py:194: DeprecationWarning: The sql_alchemy_conn option in [core] has been moved to the sql_alchemy_conn option in [database] - the old setting has been used, but please update your config.
  SQL_ALCHEMY_CONN = conf.get("database", "SQL_ALCHEMY_CONN")

[2026-01-17T13:20:50.375+0000] {task_command.py:423} INFO - Running <TaskInstance: ModelDevelop.get_data scheduled__2026-01-14T21:00:00+00:00 [running]> on host ed3184b6b543
[2026-01-17T13:20:50.433+0000] {taskinstance.py:2513} INFO - Exporting env vars: AIRFLOW_CTX_DAG_OWNER='***' AIRFLOW_CTX_DAG_ID='ModelDevelop' AIRFLOW_CTX_TASK_ID='get_data' AIRFLOW_CTX_EXECUTION_DATE='2026-01-14T21:00:00+00:00' AIRFLOW_CTX_TRY_NUMBER='1' AIRFLOW_CTX_DAG_RUN_ID='scheduled__2026-01-14T21:00:00+00:00'
[2026-01-17T13:20:50.444+0000] {python.py:202} INFO - Done. Returned value was: ./iris.csv
[2026-01-17T13:20:50.459+0000] {taskinstance.py:1149} INFO - Marking task as SUCCESS. dag_id=ModelDevelop, task_id=get_data, execution_date=20260114T210000, start_date=20260117T132050, end_date=20260117T132050
[2026-01-17T13:20:50.504+0000] {local_task_job_runner.py:234} INFO - Task exited with return code 0
[2026-01-17T13:20:50.544+0000] {taskinstance.py:3312} INFO - 1 downstream tasks scheduled from follow-on schedule check
[2026-01-17T13:42:18.751+0000] {taskinstance.py:1979} INFO - Dependencies all met for dep_context=non-requeueable deps ti=<TaskInstance: ModelDevelop.get_data scheduled__2026-01-14T21:00:00+00:00 [queued]>
[2026-01-17T13:42:18.757+0000] {taskinstance.py:1979} INFO - Dependencies all met for dep_context=requeueable deps ti=<TaskInstance: ModelDevelop.get_data scheduled__2026-01-14T21:00:00+00:00 [queued]>
[2026-01-17T13:42:18.757+0000] {taskinstance.py:2193} INFO - Starting attempt 1 of 2
[2026-01-17T13:42:18.765+0000] {taskinstance.py:2217} INFO - Executing <Task(PythonOperator): get_data> on 2026-01-14 21:00:00+00:00
[2026-01-17T13:42:18.773+0000] {standard_task_runner.py:60} INFO - Started process 40112 to run task
[2026-01-17T13:42:18.775+0000] {standard_task_runner.py:87} INFO - Running: ['***', 'tasks', 'run', 'ModelDevelop', 'get_data', 'scheduled__2026-01-14T21:00:00+00:00', '--job-id', '606', '--raw', '--subdir', 'DAGS_FOLDER/example.py', '--cfg-path', '/tmp/tmpvamuzmlb']
[2026-01-17T13:42:18.776+0000] {standard_task_runner.py:88} INFO - Job 606: Subtask get_data
[2026-01-17T13:42:18.783+0000] {warnings.py:109} WARNING - /home/***/.local/lib/python3.9/site-packages/***/settings.py:194: DeprecationWarning: The sql_alchemy_conn option in [core] has been moved to the sql_alchemy_conn option in [database] - the old setting has been used, but please update your config.
  SQL_ALCHEMY_CONN = conf.get("database", "SQL_ALCHEMY_CONN")

[2026-01-17T13:42:18.806+0000] {task_command.py:423} INFO - Running <TaskInstance: ModelDevelop.get_data scheduled__2026-01-14T21:00:00+00:00 [running]> on host 5330652dc216
[2026-01-17T13:42:18.849+0000] {taskinstance.py:2513} INFO - Exporting env vars: AIRFLOW_CTX_DAG_OWNER='***' AIRFLOW_CTX_DAG_ID='ModelDevelop' AIRFLOW_CTX_TASK_ID='get_data' AIRFLOW_CTX_EXECUTION_DATE='2026-01-14T21:00:00+00:00' AIRFLOW_CTX_TRY_NUMBER='1' AIRFLOW_CTX_DAG_RUN_ID='scheduled__2026-01-14T21:00:00+00:00'
[2026-01-17T13:42:18.857+0000] {python.py:202} INFO - Done. Returned value was: ./iris.csv
[2026-01-17T13:42:18.871+0000] {taskinstance.py:1149} INFO - Marking task as SUCCESS. dag_id=ModelDevelop, task_id=get_data, execution_date=20260114T210000, start_date=20260117T134218, end_date=20260117T134218
[2026-01-17T13:42:18.907+0000] {local_task_job_runner.py:234} INFO - Task exited with return code 0
[2026-01-17T13:42:18.926+0000] {taskinstance.py:3312} INFO - 1 downstream tasks scheduled from follow-on schedule check
