[2026-01-16T07:57:10.320+0000] {taskinstance.py:1979} INFO - Dependencies all met for dep_context=non-requeueable deps ti=<TaskInstance: ModelDevelop.get_data scheduled__2026-01-15T03:00:00+00:00 [queued]>
[2026-01-16T07:57:10.325+0000] {taskinstance.py:1979} INFO - Dependencies all met for dep_context=requeueable deps ti=<TaskInstance: ModelDevelop.get_data scheduled__2026-01-15T03:00:00+00:00 [queued]>
[2026-01-16T07:57:10.326+0000] {taskinstance.py:2193} INFO - Starting attempt 1 of 2
[2026-01-16T07:57:10.336+0000] {taskinstance.py:2217} INFO - Executing <Task(PythonOperator): get_data> on 2026-01-15 03:00:00+00:00
[2026-01-16T07:57:10.426+0000] {standard_task_runner.py:60} INFO - Started process 41519 to run task
[2026-01-16T07:57:10.434+0000] {standard_task_runner.py:87} INFO - Running: ['***', 'tasks', 'run', 'ModelDevelop', 'get_data', 'scheduled__2026-01-15T03:00:00+00:00', '--job-id', '621', '--raw', '--subdir', 'DAGS_FOLDER/example.py', '--cfg-path', '/tmp/tmp8jkjz214']
[2026-01-16T07:57:10.435+0000] {standard_task_runner.py:88} INFO - Job 621: Subtask get_data
[2026-01-16T07:57:10.447+0000] {warnings.py:109} WARNING - /home/***/.local/lib/python3.9/site-packages/***/settings.py:194: DeprecationWarning: The sql_alchemy_conn option in [core] has been moved to the sql_alchemy_conn option in [database] - the old setting has been used, but please update your config.
  SQL_ALCHEMY_CONN = conf.get("database", "SQL_ALCHEMY_CONN")

[2026-01-16T07:57:10.482+0000] {task_command.py:423} INFO - Running <TaskInstance: ModelDevelop.get_data scheduled__2026-01-15T03:00:00+00:00 [running]> on host 8a4f043652f0
[2026-01-16T07:57:10.558+0000] {taskinstance.py:2513} INFO - Exporting env vars: AIRFLOW_CTX_DAG_OWNER='***' AIRFLOW_CTX_DAG_ID='ModelDevelop' AIRFLOW_CTX_TASK_ID='get_data' AIRFLOW_CTX_EXECUTION_DATE='2026-01-15T03:00:00+00:00' AIRFLOW_CTX_TRY_NUMBER='1' AIRFLOW_CTX_DAG_RUN_ID='scheduled__2026-01-15T03:00:00+00:00'
[2026-01-16T07:57:10.570+0000] {python.py:202} INFO - Done. Returned value was: ./iris.csv
[2026-01-16T07:57:10.618+0000] {taskinstance.py:1149} INFO - Marking task as SUCCESS. dag_id=ModelDevelop, task_id=get_data, execution_date=20260115T030000, start_date=20260116T075710, end_date=20260116T075710
[2026-01-16T07:57:10.683+0000] {local_task_job_runner.py:234} INFO - Task exited with return code 0
[2026-01-16T07:57:10.720+0000] {taskinstance.py:3312} INFO - 1 downstream tasks scheduled from follow-on schedule check
[2026-01-17T13:20:50.974+0000] {taskinstance.py:1979} INFO - Dependencies all met for dep_context=non-requeueable deps ti=<TaskInstance: ModelDevelop.get_data scheduled__2026-01-15T03:00:00+00:00 [queued]>
[2026-01-17T13:20:50.980+0000] {taskinstance.py:1979} INFO - Dependencies all met for dep_context=requeueable deps ti=<TaskInstance: ModelDevelop.get_data scheduled__2026-01-15T03:00:00+00:00 [queued]>
[2026-01-17T13:20:50.980+0000] {taskinstance.py:2193} INFO - Starting attempt 1 of 2
[2026-01-17T13:20:51.068+0000] {taskinstance.py:2217} INFO - Executing <Task(PythonOperator): get_data> on 2026-01-15 03:00:00+00:00
[2026-01-17T13:20:51.076+0000] {standard_task_runner.py:60} INFO - Started process 41588 to run task
[2026-01-17T13:20:51.079+0000] {standard_task_runner.py:87} INFO - Running: ['***', 'tasks', 'run', 'ModelDevelop', 'get_data', 'scheduled__2026-01-15T03:00:00+00:00', '--job-id', '622', '--raw', '--subdir', 'DAGS_FOLDER/example.py', '--cfg-path', '/tmp/tmpjx0318po']
[2026-01-17T13:20:51.080+0000] {standard_task_runner.py:88} INFO - Job 622: Subtask get_data
[2026-01-17T13:20:51.110+0000] {warnings.py:109} WARNING - /home/***/.local/lib/python3.9/site-packages/***/settings.py:194: DeprecationWarning: The sql_alchemy_conn option in [core] has been moved to the sql_alchemy_conn option in [database] - the old setting has been used, but please update your config.
  SQL_ALCHEMY_CONN = conf.get("database", "SQL_ALCHEMY_CONN")

[2026-01-17T13:20:51.171+0000] {task_command.py:423} INFO - Running <TaskInstance: ModelDevelop.get_data scheduled__2026-01-15T03:00:00+00:00 [running]> on host ed3184b6b543
[2026-01-17T13:20:51.287+0000] {taskinstance.py:2513} INFO - Exporting env vars: AIRFLOW_CTX_DAG_OWNER='***' AIRFLOW_CTX_DAG_ID='ModelDevelop' AIRFLOW_CTX_TASK_ID='get_data' AIRFLOW_CTX_EXECUTION_DATE='2026-01-15T03:00:00+00:00' AIRFLOW_CTX_TRY_NUMBER='1' AIRFLOW_CTX_DAG_RUN_ID='scheduled__2026-01-15T03:00:00+00:00'
[2026-01-17T13:20:51.299+0000] {python.py:202} INFO - Done. Returned value was: ./iris.csv
[2026-01-17T13:20:51.317+0000] {taskinstance.py:1149} INFO - Marking task as SUCCESS. dag_id=ModelDevelop, task_id=get_data, execution_date=20260115T030000, start_date=20260117T132050, end_date=20260117T132051
[2026-01-17T13:20:51.375+0000] {local_task_job_runner.py:234} INFO - Task exited with return code 0
[2026-01-17T13:20:51.440+0000] {taskinstance.py:3312} INFO - 0 downstream tasks scheduled from follow-on schedule check
[2026-01-17T13:42:26.951+0000] {taskinstance.py:1979} INFO - Dependencies all met for dep_context=non-requeueable deps ti=<TaskInstance: ModelDevelop.get_data scheduled__2026-01-15T03:00:00+00:00 [queued]>
[2026-01-17T13:42:26.964+0000] {taskinstance.py:1979} INFO - Dependencies all met for dep_context=requeueable deps ti=<TaskInstance: ModelDevelop.get_data scheduled__2026-01-15T03:00:00+00:00 [queued]>
[2026-01-17T13:42:26.964+0000] {taskinstance.py:2193} INFO - Starting attempt 1 of 2
[2026-01-17T13:42:26.984+0000] {taskinstance.py:2217} INFO - Executing <Task(PythonOperator): get_data> on 2026-01-15 03:00:00+00:00
[2026-01-17T13:42:27.006+0000] {standard_task_runner.py:60} INFO - Started process 42017 to run task
[2026-01-17T13:42:27.013+0000] {standard_task_runner.py:87} INFO - Running: ['***', 'tasks', 'run', 'ModelDevelop', 'get_data', 'scheduled__2026-01-15T03:00:00+00:00', '--job-id', '626', '--raw', '--subdir', 'DAGS_FOLDER/example.py', '--cfg-path', '/tmp/tmpw1bx39_0']
[2026-01-17T13:42:27.014+0000] {standard_task_runner.py:88} INFO - Job 626: Subtask get_data
[2026-01-17T13:42:27.022+0000] {warnings.py:109} WARNING - /home/***/.local/lib/python3.9/site-packages/***/settings.py:194: DeprecationWarning: The sql_alchemy_conn option in [core] has been moved to the sql_alchemy_conn option in [database] - the old setting has been used, but please update your config.
  SQL_ALCHEMY_CONN = conf.get("database", "SQL_ALCHEMY_CONN")

[2026-01-17T13:42:27.054+0000] {task_command.py:423} INFO - Running <TaskInstance: ModelDevelop.get_data scheduled__2026-01-15T03:00:00+00:00 [running]> on host 5330652dc216
[2026-01-17T13:42:27.152+0000] {taskinstance.py:2513} INFO - Exporting env vars: AIRFLOW_CTX_DAG_OWNER='***' AIRFLOW_CTX_DAG_ID='ModelDevelop' AIRFLOW_CTX_TASK_ID='get_data' AIRFLOW_CTX_EXECUTION_DATE='2026-01-15T03:00:00+00:00' AIRFLOW_CTX_TRY_NUMBER='1' AIRFLOW_CTX_DAG_RUN_ID='scheduled__2026-01-15T03:00:00+00:00'
[2026-01-17T13:42:27.163+0000] {python.py:202} INFO - Done. Returned value was: ./iris.csv
[2026-01-17T13:42:27.181+0000] {taskinstance.py:1149} INFO - Marking task as SUCCESS. dag_id=ModelDevelop, task_id=get_data, execution_date=20260115T030000, start_date=20260117T134226, end_date=20260117T134227
[2026-01-17T13:42:27.224+0000] {local_task_job_runner.py:234} INFO - Task exited with return code 0
[2026-01-17T13:42:27.242+0000] {taskinstance.py:3312} INFO - 1 downstream tasks scheduled from follow-on schedule check
