[2026-01-16T07:54:57.505+0000] {taskinstance.py:1979} INFO - Dependencies all met for dep_context=non-requeueable deps ti=<TaskInstance: ModelDevelop.get_data scheduled__2026-01-06T14:00:00+00:00 [queued]>
[2026-01-16T07:54:57.521+0000] {taskinstance.py:1979} INFO - Dependencies all met for dep_context=requeueable deps ti=<TaskInstance: ModelDevelop.get_data scheduled__2026-01-06T14:00:00+00:00 [queued]>
[2026-01-16T07:54:57.522+0000] {taskinstance.py:2193} INFO - Starting attempt 1 of 2
[2026-01-16T07:54:57.536+0000] {taskinstance.py:2217} INFO - Executing <Task(PythonOperator): get_data> on 2026-01-06 14:00:00+00:00
[2026-01-16T07:54:57.547+0000] {standard_task_runner.py:60} INFO - Started process 13749 to run task
[2026-01-16T07:54:57.550+0000] {standard_task_runner.py:87} INFO - Running: ['***', 'tasks', 'run', 'ModelDevelop', 'get_data', 'scheduled__2026-01-06T14:00:00+00:00', '--job-id', '208', '--raw', '--subdir', 'DAGS_FOLDER/example.py', '--cfg-path', '/tmp/tmpu84iwbl_']
[2026-01-16T07:54:57.551+0000] {standard_task_runner.py:88} INFO - Job 208: Subtask get_data
[2026-01-16T07:54:57.563+0000] {warnings.py:109} WARNING - /home/***/.local/lib/python3.9/site-packages/***/settings.py:194: DeprecationWarning: The sql_alchemy_conn option in [core] has been moved to the sql_alchemy_conn option in [database] - the old setting has been used, but please update your config.
  SQL_ALCHEMY_CONN = conf.get("database", "SQL_ALCHEMY_CONN")

[2026-01-16T07:54:57.597+0000] {task_command.py:423} INFO - Running <TaskInstance: ModelDevelop.get_data scheduled__2026-01-06T14:00:00+00:00 [running]> on host 8a4f043652f0
[2026-01-16T07:54:57.675+0000] {taskinstance.py:2513} INFO - Exporting env vars: AIRFLOW_CTX_DAG_OWNER='***' AIRFLOW_CTX_DAG_ID='ModelDevelop' AIRFLOW_CTX_TASK_ID='get_data' AIRFLOW_CTX_EXECUTION_DATE='2026-01-06T14:00:00+00:00' AIRFLOW_CTX_TRY_NUMBER='1' AIRFLOW_CTX_DAG_RUN_ID='scheduled__2026-01-06T14:00:00+00:00'
[2026-01-16T07:54:57.684+0000] {python.py:202} INFO - Done. Returned value was: ./iris.csv
[2026-01-16T07:54:57.699+0000] {taskinstance.py:1149} INFO - Marking task as SUCCESS. dag_id=ModelDevelop, task_id=get_data, execution_date=20260106T140000, start_date=20260116T075457, end_date=20260116T075457
[2026-01-16T07:54:57.722+0000] {local_task_job_runner.py:234} INFO - Task exited with return code 0
[2026-01-16T07:54:57.747+0000] {taskinstance.py:3312} INFO - 1 downstream tasks scheduled from follow-on schedule check
[2026-01-17T13:18:31.489+0000] {taskinstance.py:1979} INFO - Dependencies all met for dep_context=non-requeueable deps ti=<TaskInstance: ModelDevelop.get_data scheduled__2026-01-06T14:00:00+00:00 [queued]>
[2026-01-17T13:18:31.496+0000] {taskinstance.py:1979} INFO - Dependencies all met for dep_context=requeueable deps ti=<TaskInstance: ModelDevelop.get_data scheduled__2026-01-06T14:00:00+00:00 [queued]>
[2026-01-17T13:18:31.496+0000] {taskinstance.py:2193} INFO - Starting attempt 1 of 2
[2026-01-17T13:18:31.556+0000] {taskinstance.py:2217} INFO - Executing <Task(PythonOperator): get_data> on 2026-01-06 14:00:00+00:00
[2026-01-17T13:18:31.565+0000] {standard_task_runner.py:60} INFO - Started process 13782 to run task
[2026-01-17T13:18:31.574+0000] {standard_task_runner.py:87} INFO - Running: ['***', 'tasks', 'run', 'ModelDevelop', 'get_data', 'scheduled__2026-01-06T14:00:00+00:00', '--job-id', '208', '--raw', '--subdir', 'DAGS_FOLDER/example.py', '--cfg-path', '/tmp/tmprqmtg8s1']
[2026-01-17T13:18:31.580+0000] {standard_task_runner.py:88} INFO - Job 208: Subtask get_data
[2026-01-17T13:18:31.604+0000] {warnings.py:109} WARNING - /home/***/.local/lib/python3.9/site-packages/***/settings.py:194: DeprecationWarning: The sql_alchemy_conn option in [core] has been moved to the sql_alchemy_conn option in [database] - the old setting has been used, but please update your config.
  SQL_ALCHEMY_CONN = conf.get("database", "SQL_ALCHEMY_CONN")

[2026-01-17T13:18:31.632+0000] {task_command.py:423} INFO - Running <TaskInstance: ModelDevelop.get_data scheduled__2026-01-06T14:00:00+00:00 [running]> on host ed3184b6b543
[2026-01-17T13:18:31.729+0000] {taskinstance.py:2513} INFO - Exporting env vars: AIRFLOW_CTX_DAG_OWNER='***' AIRFLOW_CTX_DAG_ID='ModelDevelop' AIRFLOW_CTX_TASK_ID='get_data' AIRFLOW_CTX_EXECUTION_DATE='2026-01-06T14:00:00+00:00' AIRFLOW_CTX_TRY_NUMBER='1' AIRFLOW_CTX_DAG_RUN_ID='scheduled__2026-01-06T14:00:00+00:00'
[2026-01-17T13:18:31.743+0000] {python.py:202} INFO - Done. Returned value was: ./iris.csv
[2026-01-17T13:18:31.762+0000] {taskinstance.py:1149} INFO - Marking task as SUCCESS. dag_id=ModelDevelop, task_id=get_data, execution_date=20260106T140000, start_date=20260117T131831, end_date=20260117T131831
[2026-01-17T13:18:31.799+0000] {local_task_job_runner.py:234} INFO - Task exited with return code 0
[2026-01-17T13:18:31.821+0000] {taskinstance.py:3312} INFO - 1 downstream tasks scheduled from follow-on schedule check
[2026-01-17T13:39:54.015+0000] {taskinstance.py:1979} INFO - Dependencies all met for dep_context=non-requeueable deps ti=<TaskInstance: ModelDevelop.get_data scheduled__2026-01-06T14:00:00+00:00 [queued]>
[2026-01-17T13:39:54.032+0000] {taskinstance.py:1979} INFO - Dependencies all met for dep_context=requeueable deps ti=<TaskInstance: ModelDevelop.get_data scheduled__2026-01-06T14:00:00+00:00 [queued]>
[2026-01-17T13:39:54.032+0000] {taskinstance.py:2193} INFO - Starting attempt 1 of 2
[2026-01-17T13:39:54.051+0000] {taskinstance.py:2217} INFO - Executing <Task(PythonOperator): get_data> on 2026-01-06 14:00:00+00:00
[2026-01-17T13:39:54.061+0000] {standard_task_runner.py:60} INFO - Started process 13817 to run task
[2026-01-17T13:39:54.074+0000] {standard_task_runner.py:87} INFO - Running: ['***', 'tasks', 'run', 'ModelDevelop', 'get_data', 'scheduled__2026-01-06T14:00:00+00:00', '--job-id', '209', '--raw', '--subdir', 'DAGS_FOLDER/example.py', '--cfg-path', '/tmp/tmp2b9fy65f']
[2026-01-17T13:39:54.075+0000] {standard_task_runner.py:88} INFO - Job 209: Subtask get_data
[2026-01-17T13:39:54.087+0000] {warnings.py:109} WARNING - /home/***/.local/lib/python3.9/site-packages/***/settings.py:194: DeprecationWarning: The sql_alchemy_conn option in [core] has been moved to the sql_alchemy_conn option in [database] - the old setting has been used, but please update your config.
  SQL_ALCHEMY_CONN = conf.get("database", "SQL_ALCHEMY_CONN")

[2026-01-17T13:39:54.128+0000] {task_command.py:423} INFO - Running <TaskInstance: ModelDevelop.get_data scheduled__2026-01-06T14:00:00+00:00 [running]> on host 5330652dc216
[2026-01-17T13:39:54.194+0000] {taskinstance.py:2513} INFO - Exporting env vars: AIRFLOW_CTX_DAG_OWNER='***' AIRFLOW_CTX_DAG_ID='ModelDevelop' AIRFLOW_CTX_TASK_ID='get_data' AIRFLOW_CTX_EXECUTION_DATE='2026-01-06T14:00:00+00:00' AIRFLOW_CTX_TRY_NUMBER='1' AIRFLOW_CTX_DAG_RUN_ID='scheduled__2026-01-06T14:00:00+00:00'
[2026-01-17T13:39:54.206+0000] {python.py:202} INFO - Done. Returned value was: ./iris.csv
[2026-01-17T13:39:54.232+0000] {taskinstance.py:1149} INFO - Marking task as SUCCESS. dag_id=ModelDevelop, task_id=get_data, execution_date=20260106T140000, start_date=20260117T133954, end_date=20260117T133954
[2026-01-17T13:39:54.258+0000] {local_task_job_runner.py:234} INFO - Task exited with return code 0
[2026-01-17T13:39:54.280+0000] {taskinstance.py:3312} INFO - 1 downstream tasks scheduled from follow-on schedule check
