[2026-01-16T07:56:09.798+0000] {taskinstance.py:1979} INFO - Dependencies all met for dep_context=non-requeueable deps ti=<TaskInstance: ModelDevelop.get_data scheduled__2026-01-11T07:00:00+00:00 [queued]>
[2026-01-16T07:56:09.802+0000] {taskinstance.py:1979} INFO - Dependencies all met for dep_context=requeueable deps ti=<TaskInstance: ModelDevelop.get_data scheduled__2026-01-11T07:00:00+00:00 [queued]>
[2026-01-16T07:56:09.802+0000] {taskinstance.py:2193} INFO - Starting attempt 1 of 2
[2026-01-16T07:56:09.808+0000] {taskinstance.py:2217} INFO - Executing <Task(PythonOperator): get_data> on 2026-01-11 07:00:00+00:00
[2026-01-16T07:56:09.815+0000] {standard_task_runner.py:60} INFO - Started process 28487 to run task
[2026-01-16T07:56:09.817+0000] {standard_task_runner.py:87} INFO - Running: ['***', 'tasks', 'run', 'ModelDevelop', 'get_data', 'scheduled__2026-01-11T07:00:00+00:00', '--job-id', '432', '--raw', '--subdir', 'DAGS_FOLDER/example.py', '--cfg-path', '/tmp/tmpmpg4k_v3']
[2026-01-16T07:56:09.817+0000] {standard_task_runner.py:88} INFO - Job 432: Subtask get_data
[2026-01-16T07:56:09.825+0000] {warnings.py:109} WARNING - /home/***/.local/lib/python3.9/site-packages/***/settings.py:194: DeprecationWarning: The sql_alchemy_conn option in [core] has been moved to the sql_alchemy_conn option in [database] - the old setting has been used, but please update your config.
  SQL_ALCHEMY_CONN = conf.get("database", "SQL_ALCHEMY_CONN")

[2026-01-16T07:56:09.847+0000] {task_command.py:423} INFO - Running <TaskInstance: ModelDevelop.get_data scheduled__2026-01-11T07:00:00+00:00 [running]> on host 8a4f043652f0
[2026-01-16T07:56:09.893+0000] {taskinstance.py:2513} INFO - Exporting env vars: AIRFLOW_CTX_DAG_OWNER='***' AIRFLOW_CTX_DAG_ID='ModelDevelop' AIRFLOW_CTX_TASK_ID='get_data' AIRFLOW_CTX_EXECUTION_DATE='2026-01-11T07:00:00+00:00' AIRFLOW_CTX_TRY_NUMBER='1' AIRFLOW_CTX_DAG_RUN_ID='scheduled__2026-01-11T07:00:00+00:00'
[2026-01-16T07:56:09.900+0000] {python.py:202} INFO - Done. Returned value was: ./iris.csv
[2026-01-16T07:56:09.913+0000] {taskinstance.py:1149} INFO - Marking task as SUCCESS. dag_id=ModelDevelop, task_id=get_data, execution_date=20260111T070000, start_date=20260116T075609, end_date=20260116T075609
[2026-01-16T07:56:09.948+0000] {local_task_job_runner.py:234} INFO - Task exited with return code 0
[2026-01-16T07:56:09.964+0000] {taskinstance.py:3312} INFO - 1 downstream tasks scheduled from follow-on schedule check
[2026-01-17T13:19:52.324+0000] {taskinstance.py:1979} INFO - Dependencies all met for dep_context=non-requeueable deps ti=<TaskInstance: ModelDevelop.get_data scheduled__2026-01-11T07:00:00+00:00 [queued]>
[2026-01-17T13:19:52.329+0000] {taskinstance.py:1979} INFO - Dependencies all met for dep_context=requeueable deps ti=<TaskInstance: ModelDevelop.get_data scheduled__2026-01-11T07:00:00+00:00 [queued]>
[2026-01-17T13:19:52.329+0000] {taskinstance.py:2193} INFO - Starting attempt 1 of 2
[2026-01-17T13:19:52.371+0000] {taskinstance.py:2217} INFO - Executing <Task(PythonOperator): get_data> on 2026-01-11 07:00:00+00:00
[2026-01-17T13:19:52.380+0000] {standard_task_runner.py:60} INFO - Started process 28862 to run task
[2026-01-17T13:19:52.383+0000] {standard_task_runner.py:87} INFO - Running: ['***', 'tasks', 'run', 'ModelDevelop', 'get_data', 'scheduled__2026-01-11T07:00:00+00:00', '--job-id', '434', '--raw', '--subdir', 'DAGS_FOLDER/example.py', '--cfg-path', '/tmp/tmptnyk0v7t']
[2026-01-17T13:19:52.383+0000] {standard_task_runner.py:88} INFO - Job 434: Subtask get_data
[2026-01-17T13:19:52.392+0000] {warnings.py:109} WARNING - /home/***/.local/lib/python3.9/site-packages/***/settings.py:194: DeprecationWarning: The sql_alchemy_conn option in [core] has been moved to the sql_alchemy_conn option in [database] - the old setting has been used, but please update your config.
  SQL_ALCHEMY_CONN = conf.get("database", "SQL_ALCHEMY_CONN")

[2026-01-17T13:19:52.444+0000] {task_command.py:423} INFO - Running <TaskInstance: ModelDevelop.get_data scheduled__2026-01-11T07:00:00+00:00 [running]> on host ed3184b6b543
[2026-01-17T13:19:52.567+0000] {taskinstance.py:2513} INFO - Exporting env vars: AIRFLOW_CTX_DAG_OWNER='***' AIRFLOW_CTX_DAG_ID='ModelDevelop' AIRFLOW_CTX_TASK_ID='get_data' AIRFLOW_CTX_EXECUTION_DATE='2026-01-11T07:00:00+00:00' AIRFLOW_CTX_TRY_NUMBER='1' AIRFLOW_CTX_DAG_RUN_ID='scheduled__2026-01-11T07:00:00+00:00'
[2026-01-17T13:19:52.577+0000] {python.py:202} INFO - Done. Returned value was: ./iris.csv
[2026-01-17T13:19:52.599+0000] {taskinstance.py:1149} INFO - Marking task as SUCCESS. dag_id=ModelDevelop, task_id=get_data, execution_date=20260111T070000, start_date=20260117T131952, end_date=20260117T131952
[2026-01-17T13:19:52.639+0000] {local_task_job_runner.py:234} INFO - Task exited with return code 0
[2026-01-17T13:19:52.661+0000] {taskinstance.py:3312} INFO - 1 downstream tasks scheduled from follow-on schedule check
[2026-01-17T13:41:21.608+0000] {taskinstance.py:1979} INFO - Dependencies all met for dep_context=non-requeueable deps ti=<TaskInstance: ModelDevelop.get_data scheduled__2026-01-11T07:00:00+00:00 [queued]>
[2026-01-17T13:41:21.632+0000] {taskinstance.py:1979} INFO - Dependencies all met for dep_context=requeueable deps ti=<TaskInstance: ModelDevelop.get_data scheduled__2026-01-11T07:00:00+00:00 [queued]>
[2026-01-17T13:41:21.632+0000] {taskinstance.py:2193} INFO - Starting attempt 1 of 2
[2026-01-17T13:41:21.644+0000] {taskinstance.py:2217} INFO - Executing <Task(PythonOperator): get_data> on 2026-01-11 07:00:00+00:00
[2026-01-17T13:41:21.651+0000] {standard_task_runner.py:60} INFO - Started process 29391 to run task
[2026-01-17T13:41:21.653+0000] {standard_task_runner.py:87} INFO - Running: ['***', 'tasks', 'run', 'ModelDevelop', 'get_data', 'scheduled__2026-01-11T07:00:00+00:00', '--job-id', '439', '--raw', '--subdir', 'DAGS_FOLDER/example.py', '--cfg-path', '/tmp/tmpdjryypl8']
[2026-01-17T13:41:21.654+0000] {standard_task_runner.py:88} INFO - Job 439: Subtask get_data
[2026-01-17T13:41:21.663+0000] {warnings.py:109} WARNING - /home/***/.local/lib/python3.9/site-packages/***/settings.py:194: DeprecationWarning: The sql_alchemy_conn option in [core] has been moved to the sql_alchemy_conn option in [database] - the old setting has been used, but please update your config.
  SQL_ALCHEMY_CONN = conf.get("database", "SQL_ALCHEMY_CONN")

[2026-01-17T13:41:21.692+0000] {task_command.py:423} INFO - Running <TaskInstance: ModelDevelop.get_data scheduled__2026-01-11T07:00:00+00:00 [running]> on host 5330652dc216
[2026-01-17T13:41:21.792+0000] {taskinstance.py:2513} INFO - Exporting env vars: AIRFLOW_CTX_DAG_OWNER='***' AIRFLOW_CTX_DAG_ID='ModelDevelop' AIRFLOW_CTX_TASK_ID='get_data' AIRFLOW_CTX_EXECUTION_DATE='2026-01-11T07:00:00+00:00' AIRFLOW_CTX_TRY_NUMBER='1' AIRFLOW_CTX_DAG_RUN_ID='scheduled__2026-01-11T07:00:00+00:00'
[2026-01-17T13:41:21.803+0000] {python.py:202} INFO - Done. Returned value was: ./iris.csv
[2026-01-17T13:41:21.820+0000] {taskinstance.py:1149} INFO - Marking task as SUCCESS. dag_id=ModelDevelop, task_id=get_data, execution_date=20260111T070000, start_date=20260117T134121, end_date=20260117T134121
[2026-01-17T13:41:21.866+0000] {local_task_job_runner.py:234} INFO - Task exited with return code 0
[2026-01-17T13:41:21.891+0000] {taskinstance.py:3312} INFO - 1 downstream tasks scheduled from follow-on schedule check
