[2026-01-16T07:54:57.113+0000] {taskinstance.py:1979} INFO - Dependencies all met for dep_context=non-requeueable deps ti=<TaskInstance: ModelDevelop.get_data scheduled__2026-01-06T11:00:00+00:00 [queued]>
[2026-01-16T07:54:57.119+0000] {taskinstance.py:1979} INFO - Dependencies all met for dep_context=requeueable deps ti=<TaskInstance: ModelDevelop.get_data scheduled__2026-01-06T11:00:00+00:00 [queued]>
[2026-01-16T07:54:57.119+0000] {taskinstance.py:2193} INFO - Starting attempt 1 of 2
[2026-01-16T07:54:57.135+0000] {taskinstance.py:2217} INFO - Executing <Task(PythonOperator): get_data> on 2026-01-06 11:00:00+00:00
[2026-01-16T07:54:57.145+0000] {standard_task_runner.py:60} INFO - Started process 13616 to run task
[2026-01-16T07:54:57.162+0000] {standard_task_runner.py:87} INFO - Running: ['***', 'tasks', 'run', 'ModelDevelop', 'get_data', 'scheduled__2026-01-06T11:00:00+00:00', '--job-id', '205', '--raw', '--subdir', 'DAGS_FOLDER/example.py', '--cfg-path', '/tmp/tmpm33_r3kd']
[2026-01-16T07:54:57.163+0000] {standard_task_runner.py:88} INFO - Job 205: Subtask get_data
[2026-01-16T07:54:57.186+0000] {warnings.py:109} WARNING - /home/***/.local/lib/python3.9/site-packages/***/settings.py:194: DeprecationWarning: The sql_alchemy_conn option in [core] has been moved to the sql_alchemy_conn option in [database] - the old setting has been used, but please update your config.
  SQL_ALCHEMY_CONN = conf.get("database", "SQL_ALCHEMY_CONN")

[2026-01-16T07:54:57.256+0000] {task_command.py:423} INFO - Running <TaskInstance: ModelDevelop.get_data scheduled__2026-01-06T11:00:00+00:00 [running]> on host 8a4f043652f0
[2026-01-16T07:54:57.363+0000] {taskinstance.py:2513} INFO - Exporting env vars: AIRFLOW_CTX_DAG_OWNER='***' AIRFLOW_CTX_DAG_ID='ModelDevelop' AIRFLOW_CTX_TASK_ID='get_data' AIRFLOW_CTX_EXECUTION_DATE='2026-01-06T11:00:00+00:00' AIRFLOW_CTX_TRY_NUMBER='1' AIRFLOW_CTX_DAG_RUN_ID='scheduled__2026-01-06T11:00:00+00:00'
[2026-01-16T07:54:57.373+0000] {python.py:202} INFO - Done. Returned value was: ./iris.csv
[2026-01-16T07:54:57.391+0000] {taskinstance.py:1149} INFO - Marking task as SUCCESS. dag_id=ModelDevelop, task_id=get_data, execution_date=20260106T110000, start_date=20260116T075457, end_date=20260116T075457
[2026-01-16T07:54:57.447+0000] {local_task_job_runner.py:234} INFO - Task exited with return code 0
[2026-01-16T07:54:57.468+0000] {taskinstance.py:3312} INFO - 1 downstream tasks scheduled from follow-on schedule check
[2026-01-17T13:18:30.932+0000] {taskinstance.py:1979} INFO - Dependencies all met for dep_context=non-requeueable deps ti=<TaskInstance: ModelDevelop.get_data scheduled__2026-01-06T11:00:00+00:00 [queued]>
[2026-01-17T13:18:30.941+0000] {taskinstance.py:1979} INFO - Dependencies all met for dep_context=requeueable deps ti=<TaskInstance: ModelDevelop.get_data scheduled__2026-01-06T11:00:00+00:00 [queued]>
[2026-01-17T13:18:30.941+0000] {taskinstance.py:2193} INFO - Starting attempt 1 of 2
[2026-01-17T13:18:30.956+0000] {taskinstance.py:2217} INFO - Executing <Task(PythonOperator): get_data> on 2026-01-06 11:00:00+00:00
[2026-01-17T13:18:30.965+0000] {standard_task_runner.py:60} INFO - Started process 13552 to run task
[2026-01-17T13:18:30.970+0000] {standard_task_runner.py:87} INFO - Running: ['***', 'tasks', 'run', 'ModelDevelop', 'get_data', 'scheduled__2026-01-06T11:00:00+00:00', '--job-id', '205', '--raw', '--subdir', 'DAGS_FOLDER/example.py', '--cfg-path', '/tmp/tmpdac6t7ep']
[2026-01-17T13:18:30.971+0000] {standard_task_runner.py:88} INFO - Job 205: Subtask get_data
[2026-01-17T13:18:30.984+0000] {warnings.py:109} WARNING - /home/***/.local/lib/python3.9/site-packages/***/settings.py:194: DeprecationWarning: The sql_alchemy_conn option in [core] has been moved to the sql_alchemy_conn option in [database] - the old setting has been used, but please update your config.
  SQL_ALCHEMY_CONN = conf.get("database", "SQL_ALCHEMY_CONN")

[2026-01-17T13:18:31.015+0000] {task_command.py:423} INFO - Running <TaskInstance: ModelDevelop.get_data scheduled__2026-01-06T11:00:00+00:00 [running]> on host ed3184b6b543
[2026-01-17T13:18:31.152+0000] {taskinstance.py:2513} INFO - Exporting env vars: AIRFLOW_CTX_DAG_OWNER='***' AIRFLOW_CTX_DAG_ID='ModelDevelop' AIRFLOW_CTX_TASK_ID='get_data' AIRFLOW_CTX_EXECUTION_DATE='2026-01-06T11:00:00+00:00' AIRFLOW_CTX_TRY_NUMBER='1' AIRFLOW_CTX_DAG_RUN_ID='scheduled__2026-01-06T11:00:00+00:00'
[2026-01-17T13:18:31.166+0000] {python.py:202} INFO - Done. Returned value was: ./iris.csv
[2026-01-17T13:18:31.189+0000] {taskinstance.py:1149} INFO - Marking task as SUCCESS. dag_id=ModelDevelop, task_id=get_data, execution_date=20260106T110000, start_date=20260117T131830, end_date=20260117T131831
[2026-01-17T13:18:31.220+0000] {local_task_job_runner.py:234} INFO - Task exited with return code 0
[2026-01-17T13:18:31.237+0000] {taskinstance.py:3312} INFO - 1 downstream tasks scheduled from follow-on schedule check
[2026-01-17T13:39:53.397+0000] {taskinstance.py:1979} INFO - Dependencies all met for dep_context=non-requeueable deps ti=<TaskInstance: ModelDevelop.get_data scheduled__2026-01-06T11:00:00+00:00 [queued]>
[2026-01-17T13:39:53.402+0000] {taskinstance.py:1979} INFO - Dependencies all met for dep_context=requeueable deps ti=<TaskInstance: ModelDevelop.get_data scheduled__2026-01-06T11:00:00+00:00 [queued]>
[2026-01-17T13:39:53.402+0000] {taskinstance.py:2193} INFO - Starting attempt 1 of 2
[2026-01-17T13:39:53.409+0000] {taskinstance.py:2217} INFO - Executing <Task(PythonOperator): get_data> on 2026-01-06 11:00:00+00:00
[2026-01-17T13:39:53.416+0000] {standard_task_runner.py:60} INFO - Started process 13550 to run task
[2026-01-17T13:39:53.418+0000] {standard_task_runner.py:87} INFO - Running: ['***', 'tasks', 'run', 'ModelDevelop', 'get_data', 'scheduled__2026-01-06T11:00:00+00:00', '--job-id', '206', '--raw', '--subdir', 'DAGS_FOLDER/example.py', '--cfg-path', '/tmp/tmpx4xb7v6y']
[2026-01-17T13:39:53.419+0000] {standard_task_runner.py:88} INFO - Job 206: Subtask get_data
[2026-01-17T13:39:53.429+0000] {warnings.py:109} WARNING - /home/***/.local/lib/python3.9/site-packages/***/settings.py:194: DeprecationWarning: The sql_alchemy_conn option in [core] has been moved to the sql_alchemy_conn option in [database] - the old setting has been used, but please update your config.
  SQL_ALCHEMY_CONN = conf.get("database", "SQL_ALCHEMY_CONN")

[2026-01-17T13:39:53.459+0000] {task_command.py:423} INFO - Running <TaskInstance: ModelDevelop.get_data scheduled__2026-01-06T11:00:00+00:00 [running]> on host 5330652dc216
[2026-01-17T13:39:53.515+0000] {taskinstance.py:2513} INFO - Exporting env vars: AIRFLOW_CTX_DAG_OWNER='***' AIRFLOW_CTX_DAG_ID='ModelDevelop' AIRFLOW_CTX_TASK_ID='get_data' AIRFLOW_CTX_EXECUTION_DATE='2026-01-06T11:00:00+00:00' AIRFLOW_CTX_TRY_NUMBER='1' AIRFLOW_CTX_DAG_RUN_ID='scheduled__2026-01-06T11:00:00+00:00'
[2026-01-17T13:39:53.523+0000] {python.py:202} INFO - Done. Returned value was: ./iris.csv
[2026-01-17T13:39:53.537+0000] {taskinstance.py:1149} INFO - Marking task as SUCCESS. dag_id=ModelDevelop, task_id=get_data, execution_date=20260106T110000, start_date=20260117T133953, end_date=20260117T133953
[2026-01-17T13:39:53.590+0000] {local_task_job_runner.py:234} INFO - Task exited with return code 0
[2026-01-17T13:39:53.636+0000] {taskinstance.py:3312} INFO - 0 downstream tasks scheduled from follow-on schedule check
