[2026-01-17T07:00:01.290+0000] {taskinstance.py:1979} INFO - Dependencies all met for dep_context=non-requeueable deps ti=<TaskInstance: ModelDevelop.get_data scheduled__2026-01-17T06:00:00+00:00 [queued]>
[2026-01-17T07:00:01.294+0000] {taskinstance.py:1979} INFO - Dependencies all met for dep_context=requeueable deps ti=<TaskInstance: ModelDevelop.get_data scheduled__2026-01-17T06:00:00+00:00 [queued]>
[2026-01-17T07:00:01.294+0000] {taskinstance.py:2193} INFO - Starting attempt 1 of 2
[2026-01-17T07:00:01.300+0000] {taskinstance.py:2217} INFO - Executing <Task(PythonOperator): get_data> on 2026-01-17 06:00:00+00:00
[2026-01-17T07:00:01.306+0000] {standard_task_runner.py:60} INFO - Started process 49150 to run task
[2026-01-17T07:00:01.308+0000] {standard_task_runner.py:87} INFO - Running: ['***', 'tasks', 'run', 'ModelDevelop', 'get_data', 'scheduled__2026-01-17T06:00:00+00:00', '--job-id', '734', '--raw', '--subdir', 'DAGS_FOLDER/example.py', '--cfg-path', '/tmp/tmpnm498g7c']
[2026-01-17T07:00:01.309+0000] {standard_task_runner.py:88} INFO - Job 734: Subtask get_data
[2026-01-17T07:00:01.318+0000] {warnings.py:109} WARNING - /home/***/.local/lib/python3.9/site-packages/***/settings.py:194: DeprecationWarning: The sql_alchemy_conn option in [core] has been moved to the sql_alchemy_conn option in [database] - the old setting has been used, but please update your config.
  SQL_ALCHEMY_CONN = conf.get("database", "SQL_ALCHEMY_CONN")

[2026-01-17T07:00:01.339+0000] {task_command.py:423} INFO - Running <TaskInstance: ModelDevelop.get_data scheduled__2026-01-17T06:00:00+00:00 [running]> on host 8a4f043652f0
[2026-01-17T07:00:01.383+0000] {taskinstance.py:2513} INFO - Exporting env vars: AIRFLOW_CTX_DAG_OWNER='***' AIRFLOW_CTX_DAG_ID='ModelDevelop' AIRFLOW_CTX_TASK_ID='get_data' AIRFLOW_CTX_EXECUTION_DATE='2026-01-17T06:00:00+00:00' AIRFLOW_CTX_TRY_NUMBER='1' AIRFLOW_CTX_DAG_RUN_ID='scheduled__2026-01-17T06:00:00+00:00'
[2026-01-17T07:00:01.390+0000] {python.py:202} INFO - Done. Returned value was: ./iris.csv
[2026-01-17T07:00:01.402+0000] {taskinstance.py:1149} INFO - Marking task as SUCCESS. dag_id=ModelDevelop, task_id=get_data, execution_date=20260117T060000, start_date=20260117T070001, end_date=20260117T070001
[2026-01-17T07:00:01.440+0000] {local_task_job_runner.py:234} INFO - Task exited with return code 0
[2026-01-17T07:00:01.460+0000] {taskinstance.py:3312} INFO - 1 downstream tasks scheduled from follow-on schedule check
[2026-01-17T13:21:21.473+0000] {taskinstance.py:1979} INFO - Dependencies all met for dep_context=non-requeueable deps ti=<TaskInstance: ModelDevelop.get_data scheduled__2026-01-17T06:00:00+00:00 [queued]>
[2026-01-17T13:21:21.478+0000] {taskinstance.py:1979} INFO - Dependencies all met for dep_context=requeueable deps ti=<TaskInstance: ModelDevelop.get_data scheduled__2026-01-17T06:00:00+00:00 [queued]>
[2026-01-17T13:21:21.479+0000] {taskinstance.py:2193} INFO - Starting attempt 1 of 2
[2026-01-17T13:21:21.486+0000] {taskinstance.py:2217} INFO - Executing <Task(PythonOperator): get_data> on 2026-01-17 06:00:00+00:00
[2026-01-17T13:21:21.492+0000] {standard_task_runner.py:60} INFO - Started process 48158 to run task
[2026-01-17T13:21:21.495+0000] {standard_task_runner.py:87} INFO - Running: ['***', 'tasks', 'run', 'ModelDevelop', 'get_data', 'scheduled__2026-01-17T06:00:00+00:00', '--job-id', '722', '--raw', '--subdir', 'DAGS_FOLDER/example.py', '--cfg-path', '/tmp/tmpij26qyfu']
[2026-01-17T13:21:21.495+0000] {standard_task_runner.py:88} INFO - Job 722: Subtask get_data
[2026-01-17T13:21:21.504+0000] {warnings.py:109} WARNING - /home/***/.local/lib/python3.9/site-packages/***/settings.py:194: DeprecationWarning: The sql_alchemy_conn option in [core] has been moved to the sql_alchemy_conn option in [database] - the old setting has been used, but please update your config.
  SQL_ALCHEMY_CONN = conf.get("database", "SQL_ALCHEMY_CONN")

[2026-01-17T13:21:21.530+0000] {task_command.py:423} INFO - Running <TaskInstance: ModelDevelop.get_data scheduled__2026-01-17T06:00:00+00:00 [running]> on host ed3184b6b543
[2026-01-17T13:21:21.583+0000] {taskinstance.py:2513} INFO - Exporting env vars: AIRFLOW_CTX_DAG_OWNER='***' AIRFLOW_CTX_DAG_ID='ModelDevelop' AIRFLOW_CTX_TASK_ID='get_data' AIRFLOW_CTX_EXECUTION_DATE='2026-01-17T06:00:00+00:00' AIRFLOW_CTX_TRY_NUMBER='1' AIRFLOW_CTX_DAG_RUN_ID='scheduled__2026-01-17T06:00:00+00:00'
[2026-01-17T13:21:21.591+0000] {python.py:202} INFO - Done. Returned value was: ./iris.csv
[2026-01-17T13:21:21.607+0000] {taskinstance.py:1149} INFO - Marking task as SUCCESS. dag_id=ModelDevelop, task_id=get_data, execution_date=20260117T060000, start_date=20260117T132121, end_date=20260117T132121
[2026-01-17T13:21:21.666+0000] {local_task_job_runner.py:234} INFO - Task exited with return code 0
[2026-01-17T13:21:21.704+0000] {taskinstance.py:3312} INFO - 1 downstream tasks scheduled from follow-on schedule check
[2026-01-17T13:42:56.576+0000] {taskinstance.py:1979} INFO - Dependencies all met for dep_context=non-requeueable deps ti=<TaskInstance: ModelDevelop.get_data scheduled__2026-01-17T06:00:00+00:00 [queued]>
[2026-01-17T13:42:56.588+0000] {taskinstance.py:1979} INFO - Dependencies all met for dep_context=requeueable deps ti=<TaskInstance: ModelDevelop.get_data scheduled__2026-01-17T06:00:00+00:00 [queued]>
[2026-01-17T13:42:56.588+0000] {taskinstance.py:2193} INFO - Starting attempt 1 of 2
[2026-01-17T13:42:56.604+0000] {taskinstance.py:2217} INFO - Executing <Task(PythonOperator): get_data> on 2026-01-17 06:00:00+00:00
[2026-01-17T13:42:56.614+0000] {standard_task_runner.py:60} INFO - Started process 48681 to run task
[2026-01-17T13:42:56.621+0000] {standard_task_runner.py:87} INFO - Running: ['***', 'tasks', 'run', 'ModelDevelop', 'get_data', 'scheduled__2026-01-17T06:00:00+00:00', '--job-id', '727', '--raw', '--subdir', 'DAGS_FOLDER/example.py', '--cfg-path', '/tmp/tmp0tat4jgq']
[2026-01-17T13:42:56.622+0000] {standard_task_runner.py:88} INFO - Job 727: Subtask get_data
[2026-01-17T13:42:56.647+0000] {warnings.py:109} WARNING - /home/***/.local/lib/python3.9/site-packages/***/settings.py:194: DeprecationWarning: The sql_alchemy_conn option in [core] has been moved to the sql_alchemy_conn option in [database] - the old setting has been used, but please update your config.
  SQL_ALCHEMY_CONN = conf.get("database", "SQL_ALCHEMY_CONN")

[2026-01-17T13:42:56.683+0000] {task_command.py:423} INFO - Running <TaskInstance: ModelDevelop.get_data scheduled__2026-01-17T06:00:00+00:00 [running]> on host 5330652dc216
[2026-01-17T13:42:56.741+0000] {taskinstance.py:2513} INFO - Exporting env vars: AIRFLOW_CTX_DAG_OWNER='***' AIRFLOW_CTX_DAG_ID='ModelDevelop' AIRFLOW_CTX_TASK_ID='get_data' AIRFLOW_CTX_EXECUTION_DATE='2026-01-17T06:00:00+00:00' AIRFLOW_CTX_TRY_NUMBER='1' AIRFLOW_CTX_DAG_RUN_ID='scheduled__2026-01-17T06:00:00+00:00'
[2026-01-17T13:42:56.749+0000] {python.py:202} INFO - Done. Returned value was: ./iris.csv
[2026-01-17T13:42:56.763+0000] {taskinstance.py:1149} INFO - Marking task as SUCCESS. dag_id=ModelDevelop, task_id=get_data, execution_date=20260117T060000, start_date=20260117T134256, end_date=20260117T134256
[2026-01-17T13:42:56.806+0000] {local_task_job_runner.py:234} INFO - Task exited with return code 0
[2026-01-17T13:42:56.825+0000] {taskinstance.py:3312} INFO - 1 downstream tasks scheduled from follow-on schedule check
