[2026-01-16T07:55:09.079+0000] {taskinstance.py:1979} INFO - Dependencies all met for dep_context=non-requeueable deps ti=<TaskInstance: ModelDevelop.get_data scheduled__2026-01-07T06:00:00+00:00 [queued]>
[2026-01-16T07:55:09.090+0000] {taskinstance.py:1979} INFO - Dependencies all met for dep_context=requeueable deps ti=<TaskInstance: ModelDevelop.get_data scheduled__2026-01-07T06:00:00+00:00 [queued]>
[2026-01-16T07:55:09.091+0000] {taskinstance.py:2193} INFO - Starting attempt 1 of 2
[2026-01-16T07:55:09.100+0000] {taskinstance.py:2217} INFO - Executing <Task(PythonOperator): get_data> on 2026-01-07 06:00:00+00:00
[2026-01-16T07:55:09.119+0000] {standard_task_runner.py:60} INFO - Started process 15861 to run task
[2026-01-16T07:55:09.122+0000] {standard_task_runner.py:87} INFO - Running: ['***', 'tasks', 'run', 'ModelDevelop', 'get_data', 'scheduled__2026-01-07T06:00:00+00:00', '--job-id', '240', '--raw', '--subdir', 'DAGS_FOLDER/example.py', '--cfg-path', '/tmp/tmpn2p_qe5e']
[2026-01-16T07:55:09.123+0000] {standard_task_runner.py:88} INFO - Job 240: Subtask get_data
[2026-01-16T07:55:09.132+0000] {warnings.py:109} WARNING - /home/***/.local/lib/python3.9/site-packages/***/settings.py:194: DeprecationWarning: The sql_alchemy_conn option in [core] has been moved to the sql_alchemy_conn option in [database] - the old setting has been used, but please update your config.
  SQL_ALCHEMY_CONN = conf.get("database", "SQL_ALCHEMY_CONN")

[2026-01-16T07:55:09.163+0000] {task_command.py:423} INFO - Running <TaskInstance: ModelDevelop.get_data scheduled__2026-01-07T06:00:00+00:00 [running]> on host 8a4f043652f0
[2026-01-16T07:55:09.223+0000] {taskinstance.py:2513} INFO - Exporting env vars: AIRFLOW_CTX_DAG_OWNER='***' AIRFLOW_CTX_DAG_ID='ModelDevelop' AIRFLOW_CTX_TASK_ID='get_data' AIRFLOW_CTX_EXECUTION_DATE='2026-01-07T06:00:00+00:00' AIRFLOW_CTX_TRY_NUMBER='1' AIRFLOW_CTX_DAG_RUN_ID='scheduled__2026-01-07T06:00:00+00:00'
[2026-01-16T07:55:09.232+0000] {python.py:202} INFO - Done. Returned value was: ./iris.csv
[2026-01-16T07:55:09.249+0000] {taskinstance.py:1149} INFO - Marking task as SUCCESS. dag_id=ModelDevelop, task_id=get_data, execution_date=20260107T060000, start_date=20260116T075509, end_date=20260116T075509
[2026-01-16T07:55:09.335+0000] {local_task_job_runner.py:234} INFO - Task exited with return code 0
[2026-01-16T07:55:09.366+0000] {taskinstance.py:3312} INFO - 1 downstream tasks scheduled from follow-on schedule check
[2026-01-17T13:18:43.040+0000] {taskinstance.py:1979} INFO - Dependencies all met for dep_context=non-requeueable deps ti=<TaskInstance: ModelDevelop.get_data scheduled__2026-01-07T06:00:00+00:00 [queued]>
[2026-01-17T13:18:43.046+0000] {taskinstance.py:1979} INFO - Dependencies all met for dep_context=requeueable deps ti=<TaskInstance: ModelDevelop.get_data scheduled__2026-01-07T06:00:00+00:00 [queued]>
[2026-01-17T13:18:43.046+0000] {taskinstance.py:2193} INFO - Starting attempt 1 of 2
[2026-01-17T13:18:43.105+0000] {taskinstance.py:2217} INFO - Executing <Task(PythonOperator): get_data> on 2026-01-07 06:00:00+00:00
[2026-01-17T13:18:43.115+0000] {standard_task_runner.py:60} INFO - Started process 16077 to run task
[2026-01-17T13:18:43.119+0000] {standard_task_runner.py:87} INFO - Running: ['***', 'tasks', 'run', 'ModelDevelop', 'get_data', 'scheduled__2026-01-07T06:00:00+00:00', '--job-id', '251', '--raw', '--subdir', 'DAGS_FOLDER/example.py', '--cfg-path', '/tmp/tmpf8cygo89']
[2026-01-17T13:18:43.120+0000] {standard_task_runner.py:88} INFO - Job 251: Subtask get_data
[2026-01-17T13:18:43.130+0000] {warnings.py:109} WARNING - /home/***/.local/lib/python3.9/site-packages/***/settings.py:194: DeprecationWarning: The sql_alchemy_conn option in [core] has been moved to the sql_alchemy_conn option in [database] - the old setting has been used, but please update your config.
  SQL_ALCHEMY_CONN = conf.get("database", "SQL_ALCHEMY_CONN")

[2026-01-17T13:18:43.162+0000] {task_command.py:423} INFO - Running <TaskInstance: ModelDevelop.get_data scheduled__2026-01-07T06:00:00+00:00 [running]> on host ed3184b6b543
[2026-01-17T13:18:43.228+0000] {taskinstance.py:2513} INFO - Exporting env vars: AIRFLOW_CTX_DAG_OWNER='***' AIRFLOW_CTX_DAG_ID='ModelDevelop' AIRFLOW_CTX_TASK_ID='get_data' AIRFLOW_CTX_EXECUTION_DATE='2026-01-07T06:00:00+00:00' AIRFLOW_CTX_TRY_NUMBER='1' AIRFLOW_CTX_DAG_RUN_ID='scheduled__2026-01-07T06:00:00+00:00'
[2026-01-17T13:18:43.239+0000] {python.py:202} INFO - Done. Returned value was: ./iris.csv
[2026-01-17T13:18:43.256+0000] {taskinstance.py:1149} INFO - Marking task as SUCCESS. dag_id=ModelDevelop, task_id=get_data, execution_date=20260107T060000, start_date=20260117T131843, end_date=20260117T131843
[2026-01-17T13:18:43.290+0000] {local_task_job_runner.py:234} INFO - Task exited with return code 0
[2026-01-17T13:18:43.308+0000] {taskinstance.py:3312} INFO - 1 downstream tasks scheduled from follow-on schedule check
[2026-01-17T13:40:12.067+0000] {taskinstance.py:1979} INFO - Dependencies all met for dep_context=non-requeueable deps ti=<TaskInstance: ModelDevelop.get_data scheduled__2026-01-07T06:00:00+00:00 [queued]>
[2026-01-17T13:40:12.073+0000] {taskinstance.py:1979} INFO - Dependencies all met for dep_context=requeueable deps ti=<TaskInstance: ModelDevelop.get_data scheduled__2026-01-07T06:00:00+00:00 [queued]>
[2026-01-17T13:40:12.074+0000] {taskinstance.py:2193} INFO - Starting attempt 1 of 2
[2026-01-17T13:40:12.084+0000] {taskinstance.py:2217} INFO - Executing <Task(PythonOperator): get_data> on 2026-01-07 06:00:00+00:00
[2026-01-17T13:40:12.091+0000] {standard_task_runner.py:60} INFO - Started process 16397 to run task
[2026-01-17T13:40:12.094+0000] {standard_task_runner.py:87} INFO - Running: ['***', 'tasks', 'run', 'ModelDevelop', 'get_data', 'scheduled__2026-01-07T06:00:00+00:00', '--job-id', '246', '--raw', '--subdir', 'DAGS_FOLDER/example.py', '--cfg-path', '/tmp/tmpi2so9rtg']
[2026-01-17T13:40:12.095+0000] {standard_task_runner.py:88} INFO - Job 246: Subtask get_data
[2026-01-17T13:40:12.103+0000] {warnings.py:109} WARNING - /home/***/.local/lib/python3.9/site-packages/***/settings.py:194: DeprecationWarning: The sql_alchemy_conn option in [core] has been moved to the sql_alchemy_conn option in [database] - the old setting has been used, but please update your config.
  SQL_ALCHEMY_CONN = conf.get("database", "SQL_ALCHEMY_CONN")

[2026-01-17T13:40:12.133+0000] {task_command.py:423} INFO - Running <TaskInstance: ModelDevelop.get_data scheduled__2026-01-07T06:00:00+00:00 [running]> on host 5330652dc216
[2026-01-17T13:40:12.236+0000] {taskinstance.py:2513} INFO - Exporting env vars: AIRFLOW_CTX_DAG_OWNER='***' AIRFLOW_CTX_DAG_ID='ModelDevelop' AIRFLOW_CTX_TASK_ID='get_data' AIRFLOW_CTX_EXECUTION_DATE='2026-01-07T06:00:00+00:00' AIRFLOW_CTX_TRY_NUMBER='1' AIRFLOW_CTX_DAG_RUN_ID='scheduled__2026-01-07T06:00:00+00:00'
[2026-01-17T13:40:12.248+0000] {python.py:202} INFO - Done. Returned value was: ./iris.csv
[2026-01-17T13:40:12.267+0000] {taskinstance.py:1149} INFO - Marking task as SUCCESS. dag_id=ModelDevelop, task_id=get_data, execution_date=20260107T060000, start_date=20260117T134012, end_date=20260117T134012
[2026-01-17T13:40:12.306+0000] {local_task_job_runner.py:234} INFO - Task exited with return code 0
[2026-01-17T13:40:12.323+0000] {taskinstance.py:3312} INFO - 1 downstream tasks scheduled from follow-on schedule check
