[2026-03-06T06:56:05.775+0000] {taskinstance.py:1979} INFO - Dependencies all met for dep_context=non-requeueable deps ti=<TaskInstance: DataDriftRetrainDAG_student_2_1.train_fit scheduled__2026-03-06T06:54:00+00:00 [queued]>
[2026-03-06T06:56:05.784+0000] {taskinstance.py:1979} INFO - Dependencies all met for dep_context=requeueable deps ti=<TaskInstance: DataDriftRetrainDAG_student_2_1.train_fit scheduled__2026-03-06T06:54:00+00:00 [queued]>
[2026-03-06T06:56:05.784+0000] {taskinstance.py:2193} INFO - Starting attempt 1 of 2
[2026-03-06T06:56:05.796+0000] {taskinstance.py:2217} INFO - Executing <Task(PythonOperator): train_fit> on 2026-03-06 06:54:00+00:00
[2026-03-06T06:56:05.812+0000] {standard_task_runner.py:60} INFO - Started process 5114 to run task
[2026-03-06T06:56:05.816+0000] {standard_task_runner.py:87} INFO - Running: ['***', 'tasks', 'run', 'DataDriftRetrainDAG_student_2_1', 'train_fit', 'scheduled__2026-03-06T06:54:00+00:00', '--job-id', '131', '--raw', '--subdir', 'DAGS_FOLDER/exercise_drift_student_2_1.py', '--cfg-path', '/tmp/tmp4wos61_h']
[2026-03-06T06:56:05.817+0000] {standard_task_runner.py:88} INFO - Job 131: Subtask train_fit
[2026-03-06T06:56:05.830+0000] {warnings.py:109} WARNING - /home/***/.local/lib/python3.9/site-packages/***/settings.py:194: DeprecationWarning: The sql_alchemy_conn option in [core] has been moved to the sql_alchemy_conn option in [database] - the old setting has been used, but please update your config.
  SQL_ALCHEMY_CONN = conf.get("database", "SQL_ALCHEMY_CONN")

[2026-03-06T06:56:05.869+0000] {task_command.py:423} INFO - Running <TaskInstance: DataDriftRetrainDAG_student_2_1.train_fit scheduled__2026-03-06T06:54:00+00:00 [running]> on host 7d97343e2d4a
[2026-03-06T06:56:05.958+0000] {taskinstance.py:2513} INFO - Exporting env vars: AIRFLOW_CTX_DAG_OWNER='***' AIRFLOW_CTX_DAG_ID='DataDriftRetrainDAG_student_2_1' AIRFLOW_CTX_TASK_ID='train_fit' AIRFLOW_CTX_EXECUTION_DATE='2026-03-06T06:54:00+00:00' AIRFLOW_CTX_TRY_NUMBER='1' AIRFLOW_CTX_DAG_RUN_ID='scheduled__2026-03-06T06:54:00+00:00'
[2026-03-06T06:56:06.026+0000] {logging_mixin.py:188} WARNING - 2026/03/06 06:56:06 WARNING mlflow.utils.git_utils: Failed to import Git (the Git executable is probably not on your PATH), so Git SHA is not available. Error: Failed to initialize: Bad git executable.
The git executable must be specified in one of the following ways:
    - be included in your $PATH
    - be set via $GIT_PYTHON_GIT_EXECUTABLE
    - explicitly set via git.refresh(<full-path-to-git-executable>)

All git commands will error until this is rectified.

This initial message can be silenced or aggravated in the future by setting the
$GIT_PYTHON_REFRESH environment variable. Use one of the following values:
    - quiet|q|silence|s|silent|none|n|0: for no message or exception
    - warn|w|warning|log|l|1: for a warning message (logging level CRITICAL, displayed by default)
    - error|e|exception|raise|r|2: for a raised exception

Example:
    export GIT_PYTHON_REFRESH=quiet
[2026-03-06T06:56:08.903+0000] {warnings.py:109} WARNING - /home/***/.local/lib/python3.9/site-packages/_distutils_hack/__init__.py:33: UserWarning: Setuptools is replacing distutils.
  warnings.warn("Setuptools is replacing distutils.")

[2026-03-06T06:56:08.950+0000] {logging_mixin.py:188} INFO - Retraining completed due to data drift
[2026-03-06T06:56:08.950+0000] {python.py:202} INFO - Done. Returned value was: None
[2026-03-06T06:56:08.958+0000] {taskinstance.py:1149} INFO - Marking task as SUCCESS. dag_id=DataDriftRetrainDAG_student_2_1, task_id=train_fit, execution_date=20260306T065400, start_date=20260306T065605, end_date=20260306T065608
[2026-03-06T06:56:09.000+0000] {local_task_job_runner.py:234} INFO - Task exited with return code 0
[2026-03-06T06:56:09.012+0000] {taskinstance.py:3312} INFO - 0 downstream tasks scheduled from follow-on schedule check
