[2026-01-16T07:53:47.762+0000] {taskinstance.py:1979} INFO - Dependencies all met for dep_context=non-requeueable deps ti=<TaskInstance: ModelDevelop.get_data scheduled__2026-01-02T15:00:00+00:00 [queued]>
[2026-01-16T07:53:47.770+0000] {taskinstance.py:1979} INFO - Dependencies all met for dep_context=requeueable deps ti=<TaskInstance: ModelDevelop.get_data scheduled__2026-01-02T15:00:00+00:00 [queued]>
[2026-01-16T07:53:47.770+0000] {taskinstance.py:2193} INFO - Starting attempt 1 of 2
[2026-01-16T07:53:47.780+0000] {taskinstance.py:2217} INFO - Executing <Task(PythonOperator): get_data> on 2026-01-02 15:00:00+00:00
[2026-01-16T07:53:47.789+0000] {standard_task_runner.py:60} INFO - Started process 629 to run task
[2026-01-16T07:53:47.791+0000] {standard_task_runner.py:87} INFO - Running: ['***', 'tasks', 'run', 'ModelDevelop', 'get_data', 'scheduled__2026-01-02T15:00:00+00:00', '--job-id', '17', '--raw', '--subdir', 'DAGS_FOLDER/example.py', '--cfg-path', '/tmp/tmp4zz33hkv']
[2026-01-16T07:53:47.792+0000] {standard_task_runner.py:88} INFO - Job 17: Subtask get_data
[2026-01-16T07:53:47.801+0000] {warnings.py:109} WARNING - /home/***/.local/lib/python3.9/site-packages/***/settings.py:194: DeprecationWarning: The sql_alchemy_conn option in [core] has been moved to the sql_alchemy_conn option in [database] - the old setting has been used, but please update your config.
  SQL_ALCHEMY_CONN = conf.get("database", "SQL_ALCHEMY_CONN")

[2026-01-16T07:53:47.831+0000] {task_command.py:423} INFO - Running <TaskInstance: ModelDevelop.get_data scheduled__2026-01-02T15:00:00+00:00 [running]> on host 8a4f043652f0
[2026-01-16T07:53:47.888+0000] {taskinstance.py:2513} INFO - Exporting env vars: AIRFLOW_CTX_DAG_OWNER='***' AIRFLOW_CTX_DAG_ID='ModelDevelop' AIRFLOW_CTX_TASK_ID='get_data' AIRFLOW_CTX_EXECUTION_DATE='2026-01-02T15:00:00+00:00' AIRFLOW_CTX_TRY_NUMBER='1' AIRFLOW_CTX_DAG_RUN_ID='scheduled__2026-01-02T15:00:00+00:00'
[2026-01-16T07:53:47.899+0000] {python.py:202} INFO - Done. Returned value was: ./iris.csv
[2026-01-16T07:53:47.914+0000] {taskinstance.py:1149} INFO - Marking task as SUCCESS. dag_id=ModelDevelop, task_id=get_data, execution_date=20260102T150000, start_date=20260116T075347, end_date=20260116T075347
[2026-01-16T07:53:47.964+0000] {local_task_job_runner.py:234} INFO - Task exited with return code 0
[2026-01-16T07:53:48.015+0000] {taskinstance.py:3312} INFO - 0 downstream tasks scheduled from follow-on schedule check
[2026-01-17T13:17:28.949+0000] {taskinstance.py:1979} INFO - Dependencies all met for dep_context=non-requeueable deps ti=<TaskInstance: ModelDevelop.get_data scheduled__2026-01-02T15:00:00+00:00 [queued]>
[2026-01-17T13:17:28.954+0000] {taskinstance.py:1979} INFO - Dependencies all met for dep_context=requeueable deps ti=<TaskInstance: ModelDevelop.get_data scheduled__2026-01-02T15:00:00+00:00 [queued]>
[2026-01-17T13:17:28.954+0000] {taskinstance.py:2193} INFO - Starting attempt 1 of 2
[2026-01-17T13:17:28.960+0000] {taskinstance.py:2217} INFO - Executing <Task(PythonOperator): get_data> on 2026-01-02 15:00:00+00:00
[2026-01-17T13:17:28.965+0000] {standard_task_runner.py:60} INFO - Started process 616 to run task
[2026-01-17T13:17:28.967+0000] {standard_task_runner.py:87} INFO - Running: ['***', 'tasks', 'run', 'ModelDevelop', 'get_data', 'scheduled__2026-01-02T15:00:00+00:00', '--job-id', '17', '--raw', '--subdir', 'DAGS_FOLDER/example.py', '--cfg-path', '/tmp/tmp1c_4_odg']
[2026-01-17T13:17:28.968+0000] {standard_task_runner.py:88} INFO - Job 17: Subtask get_data
[2026-01-17T13:17:28.976+0000] {warnings.py:109} WARNING - /home/***/.local/lib/python3.9/site-packages/***/settings.py:194: DeprecationWarning: The sql_alchemy_conn option in [core] has been moved to the sql_alchemy_conn option in [database] - the old setting has been used, but please update your config.
  SQL_ALCHEMY_CONN = conf.get("database", "SQL_ALCHEMY_CONN")

[2026-01-17T13:17:29.000+0000] {task_command.py:423} INFO - Running <TaskInstance: ModelDevelop.get_data scheduled__2026-01-02T15:00:00+00:00 [running]> on host ed3184b6b543
[2026-01-17T13:17:29.040+0000] {taskinstance.py:2513} INFO - Exporting env vars: AIRFLOW_CTX_DAG_OWNER='***' AIRFLOW_CTX_DAG_ID='ModelDevelop' AIRFLOW_CTX_TASK_ID='get_data' AIRFLOW_CTX_EXECUTION_DATE='2026-01-02T15:00:00+00:00' AIRFLOW_CTX_TRY_NUMBER='1' AIRFLOW_CTX_DAG_RUN_ID='scheduled__2026-01-02T15:00:00+00:00'
[2026-01-17T13:17:29.049+0000] {python.py:202} INFO - Done. Returned value was: ./iris.csv
[2026-01-17T13:17:29.061+0000] {taskinstance.py:1149} INFO - Marking task as SUCCESS. dag_id=ModelDevelop, task_id=get_data, execution_date=20260102T150000, start_date=20260117T131728, end_date=20260117T131729
[2026-01-17T13:17:29.099+0000] {local_task_job_runner.py:234} INFO - Task exited with return code 0
[2026-01-17T13:17:29.111+0000] {taskinstance.py:3312} INFO - 1 downstream tasks scheduled from follow-on schedule check
[2026-01-17T13:38:40.320+0000] {taskinstance.py:1979} INFO - Dependencies all met for dep_context=non-requeueable deps ti=<TaskInstance: ModelDevelop.get_data scheduled__2026-01-02T15:00:00+00:00 [queued]>
[2026-01-17T13:38:40.326+0000] {taskinstance.py:1979} INFO - Dependencies all met for dep_context=requeueable deps ti=<TaskInstance: ModelDevelop.get_data scheduled__2026-01-02T15:00:00+00:00 [queued]>
[2026-01-17T13:38:40.326+0000] {taskinstance.py:2193} INFO - Starting attempt 1 of 2
[2026-01-17T13:38:40.338+0000] {taskinstance.py:2217} INFO - Executing <Task(PythonOperator): get_data> on 2026-01-02 15:00:00+00:00
[2026-01-17T13:38:40.345+0000] {standard_task_runner.py:60} INFO - Started process 629 to run task
[2026-01-17T13:38:40.348+0000] {standard_task_runner.py:87} INFO - Running: ['***', 'tasks', 'run', 'ModelDevelop', 'get_data', 'scheduled__2026-01-02T15:00:00+00:00', '--job-id', '17', '--raw', '--subdir', 'DAGS_FOLDER/example.py', '--cfg-path', '/tmp/tmp1clgnc2s']
[2026-01-17T13:38:40.349+0000] {standard_task_runner.py:88} INFO - Job 17: Subtask get_data
[2026-01-17T13:38:40.359+0000] {warnings.py:109} WARNING - /home/***/.local/lib/python3.9/site-packages/***/settings.py:194: DeprecationWarning: The sql_alchemy_conn option in [core] has been moved to the sql_alchemy_conn option in [database] - the old setting has been used, but please update your config.
  SQL_ALCHEMY_CONN = conf.get("database", "SQL_ALCHEMY_CONN")

[2026-01-17T13:38:40.391+0000] {task_command.py:423} INFO - Running <TaskInstance: ModelDevelop.get_data scheduled__2026-01-02T15:00:00+00:00 [running]> on host 5330652dc216
[2026-01-17T13:38:40.449+0000] {taskinstance.py:2513} INFO - Exporting env vars: AIRFLOW_CTX_DAG_OWNER='***' AIRFLOW_CTX_DAG_ID='ModelDevelop' AIRFLOW_CTX_TASK_ID='get_data' AIRFLOW_CTX_EXECUTION_DATE='2026-01-02T15:00:00+00:00' AIRFLOW_CTX_TRY_NUMBER='1' AIRFLOW_CTX_DAG_RUN_ID='scheduled__2026-01-02T15:00:00+00:00'
[2026-01-17T13:38:40.460+0000] {python.py:202} INFO - Done. Returned value was: ./iris.csv
[2026-01-17T13:38:40.477+0000] {taskinstance.py:1149} INFO - Marking task as SUCCESS. dag_id=ModelDevelop, task_id=get_data, execution_date=20260102T150000, start_date=20260117T133840, end_date=20260117T133840
[2026-01-17T13:38:40.520+0000] {local_task_job_runner.py:234} INFO - Task exited with return code 0
[2026-01-17T13:38:40.561+0000] {taskinstance.py:3312} INFO - 0 downstream tasks scheduled from follow-on schedule check
