[2026-01-16T07:55:58.427+0000] {taskinstance.py:1979} INFO - Dependencies all met for dep_context=non-requeueable deps ti=<TaskInstance: ModelDevelop.get_data scheduled__2026-01-10T10:00:00+00:00 [queued]>
[2026-01-16T07:55:58.434+0000] {taskinstance.py:1979} INFO - Dependencies all met for dep_context=requeueable deps ti=<TaskInstance: ModelDevelop.get_data scheduled__2026-01-10T10:00:00+00:00 [queued]>
[2026-01-16T07:55:58.435+0000] {taskinstance.py:2193} INFO - Starting attempt 1 of 2
[2026-01-16T07:55:58.445+0000] {taskinstance.py:2217} INFO - Executing <Task(PythonOperator): get_data> on 2026-01-10 10:00:00+00:00
[2026-01-16T07:55:58.454+0000] {standard_task_runner.py:60} INFO - Started process 26348 to run task
[2026-01-16T07:55:58.457+0000] {standard_task_runner.py:87} INFO - Running: ['***', 'tasks', 'run', 'ModelDevelop', 'get_data', 'scheduled__2026-01-10T10:00:00+00:00', '--job-id', '396', '--raw', '--subdir', 'DAGS_FOLDER/example.py', '--cfg-path', '/tmp/tmpikqu27be']
[2026-01-16T07:55:58.458+0000] {standard_task_runner.py:88} INFO - Job 396: Subtask get_data
[2026-01-16T07:55:58.467+0000] {warnings.py:109} WARNING - /home/***/.local/lib/python3.9/site-packages/***/settings.py:194: DeprecationWarning: The sql_alchemy_conn option in [core] has been moved to the sql_alchemy_conn option in [database] - the old setting has been used, but please update your config.
  SQL_ALCHEMY_CONN = conf.get("database", "SQL_ALCHEMY_CONN")

[2026-01-16T07:55:58.498+0000] {task_command.py:423} INFO - Running <TaskInstance: ModelDevelop.get_data scheduled__2026-01-10T10:00:00+00:00 [running]> on host 8a4f043652f0
[2026-01-16T07:55:58.607+0000] {taskinstance.py:2513} INFO - Exporting env vars: AIRFLOW_CTX_DAG_OWNER='***' AIRFLOW_CTX_DAG_ID='ModelDevelop' AIRFLOW_CTX_TASK_ID='get_data' AIRFLOW_CTX_EXECUTION_DATE='2026-01-10T10:00:00+00:00' AIRFLOW_CTX_TRY_NUMBER='1' AIRFLOW_CTX_DAG_RUN_ID='scheduled__2026-01-10T10:00:00+00:00'
[2026-01-16T07:55:58.615+0000] {python.py:202} INFO - Done. Returned value was: ./iris.csv
[2026-01-16T07:55:58.632+0000] {taskinstance.py:1149} INFO - Marking task as SUCCESS. dag_id=ModelDevelop, task_id=get_data, execution_date=20260110T100000, start_date=20260116T075558, end_date=20260116T075558
[2026-01-16T07:55:58.669+0000] {local_task_job_runner.py:234} INFO - Task exited with return code 0
[2026-01-16T07:55:58.687+0000] {taskinstance.py:3312} INFO - 1 downstream tasks scheduled from follow-on schedule check
[2026-01-17T13:19:42.015+0000] {taskinstance.py:1979} INFO - Dependencies all met for dep_context=non-requeueable deps ti=<TaskInstance: ModelDevelop.get_data scheduled__2026-01-10T10:00:00+00:00 [queued]>
[2026-01-17T13:19:42.021+0000] {taskinstance.py:1979} INFO - Dependencies all met for dep_context=requeueable deps ti=<TaskInstance: ModelDevelop.get_data scheduled__2026-01-10T10:00:00+00:00 [queued]>
[2026-01-17T13:19:42.021+0000] {taskinstance.py:2193} INFO - Starting attempt 1 of 2
[2026-01-17T13:19:42.050+0000] {taskinstance.py:2217} INFO - Executing <Task(PythonOperator): get_data> on 2026-01-10 10:00:00+00:00
[2026-01-17T13:19:42.058+0000] {standard_task_runner.py:60} INFO - Started process 26513 to run task
[2026-01-17T13:19:42.061+0000] {standard_task_runner.py:87} INFO - Running: ['***', 'tasks', 'run', 'ModelDevelop', 'get_data', 'scheduled__2026-01-10T10:00:00+00:00', '--job-id', '398', '--raw', '--subdir', 'DAGS_FOLDER/example.py', '--cfg-path', '/tmp/tmpdxnj8r9h']
[2026-01-17T13:19:42.062+0000] {standard_task_runner.py:88} INFO - Job 398: Subtask get_data
[2026-01-17T13:19:42.072+0000] {warnings.py:109} WARNING - /home/***/.local/lib/python3.9/site-packages/***/settings.py:194: DeprecationWarning: The sql_alchemy_conn option in [core] has been moved to the sql_alchemy_conn option in [database] - the old setting has been used, but please update your config.
  SQL_ALCHEMY_CONN = conf.get("database", "SQL_ALCHEMY_CONN")

[2026-01-17T13:19:42.102+0000] {task_command.py:423} INFO - Running <TaskInstance: ModelDevelop.get_data scheduled__2026-01-10T10:00:00+00:00 [running]> on host ed3184b6b543
[2026-01-17T13:19:42.205+0000] {taskinstance.py:2513} INFO - Exporting env vars: AIRFLOW_CTX_DAG_OWNER='***' AIRFLOW_CTX_DAG_ID='ModelDevelop' AIRFLOW_CTX_TASK_ID='get_data' AIRFLOW_CTX_EXECUTION_DATE='2026-01-10T10:00:00+00:00' AIRFLOW_CTX_TRY_NUMBER='1' AIRFLOW_CTX_DAG_RUN_ID='scheduled__2026-01-10T10:00:00+00:00'
[2026-01-17T13:19:42.218+0000] {python.py:202} INFO - Done. Returned value was: ./iris.csv
[2026-01-17T13:19:42.267+0000] {taskinstance.py:1149} INFO - Marking task as SUCCESS. dag_id=ModelDevelop, task_id=get_data, execution_date=20260110T100000, start_date=20260117T131942, end_date=20260117T131942
[2026-01-17T13:19:42.316+0000] {local_task_job_runner.py:234} INFO - Task exited with return code 0
[2026-01-17T13:19:42.336+0000] {taskinstance.py:3312} INFO - 1 downstream tasks scheduled from follow-on schedule check
[2026-01-17T13:41:09.641+0000] {taskinstance.py:1979} INFO - Dependencies all met for dep_context=non-requeueable deps ti=<TaskInstance: ModelDevelop.get_data scheduled__2026-01-10T10:00:00+00:00 [queued]>
[2026-01-17T13:41:09.647+0000] {taskinstance.py:1979} INFO - Dependencies all met for dep_context=requeueable deps ti=<TaskInstance: ModelDevelop.get_data scheduled__2026-01-10T10:00:00+00:00 [queued]>
[2026-01-17T13:41:09.647+0000] {taskinstance.py:2193} INFO - Starting attempt 1 of 2
[2026-01-17T13:41:09.657+0000] {taskinstance.py:2217} INFO - Executing <Task(PythonOperator): get_data> on 2026-01-10 10:00:00+00:00
[2026-01-17T13:41:09.666+0000] {standard_task_runner.py:60} INFO - Started process 27010 to run task
[2026-01-17T13:41:09.682+0000] {standard_task_runner.py:87} INFO - Running: ['***', 'tasks', 'run', 'ModelDevelop', 'get_data', 'scheduled__2026-01-10T10:00:00+00:00', '--job-id', '402', '--raw', '--subdir', 'DAGS_FOLDER/example.py', '--cfg-path', '/tmp/tmpow84jl7i']
[2026-01-17T13:41:09.683+0000] {standard_task_runner.py:88} INFO - Job 402: Subtask get_data
[2026-01-17T13:41:09.738+0000] {warnings.py:109} WARNING - /home/***/.local/lib/python3.9/site-packages/***/settings.py:194: DeprecationWarning: The sql_alchemy_conn option in [core] has been moved to the sql_alchemy_conn option in [database] - the old setting has been used, but please update your config.
  SQL_ALCHEMY_CONN = conf.get("database", "SQL_ALCHEMY_CONN")

[2026-01-17T13:41:09.774+0000] {task_command.py:423} INFO - Running <TaskInstance: ModelDevelop.get_data scheduled__2026-01-10T10:00:00+00:00 [running]> on host 5330652dc216
[2026-01-17T13:41:09.837+0000] {taskinstance.py:2513} INFO - Exporting env vars: AIRFLOW_CTX_DAG_OWNER='***' AIRFLOW_CTX_DAG_ID='ModelDevelop' AIRFLOW_CTX_TASK_ID='get_data' AIRFLOW_CTX_EXECUTION_DATE='2026-01-10T10:00:00+00:00' AIRFLOW_CTX_TRY_NUMBER='1' AIRFLOW_CTX_DAG_RUN_ID='scheduled__2026-01-10T10:00:00+00:00'
[2026-01-17T13:41:09.848+0000] {python.py:202} INFO - Done. Returned value was: ./iris.csv
[2026-01-17T13:41:09.870+0000] {taskinstance.py:1149} INFO - Marking task as SUCCESS. dag_id=ModelDevelop, task_id=get_data, execution_date=20260110T100000, start_date=20260117T134109, end_date=20260117T134109
[2026-01-17T13:41:09.922+0000] {local_task_job_runner.py:234} INFO - Task exited with return code 0
[2026-01-17T13:41:09.948+0000] {taskinstance.py:3312} INFO - 1 downstream tasks scheduled from follow-on schedule check
