[2026-01-16T07:53:59.862+0000] {taskinstance.py:1979} INFO - Dependencies all met for dep_context=non-requeueable deps ti=<TaskInstance: ModelDevelop.get_data scheduled__2026-01-02T18:00:00+00:00 [queued]>
[2026-01-16T07:53:59.868+0000] {taskinstance.py:1979} INFO - Dependencies all met for dep_context=requeueable deps ti=<TaskInstance: ModelDevelop.get_data scheduled__2026-01-02T18:00:00+00:00 [queued]>
[2026-01-16T07:53:59.869+0000] {taskinstance.py:2193} INFO - Starting attempt 1 of 2
[2026-01-16T07:53:59.880+0000] {taskinstance.py:2217} INFO - Executing <Task(PythonOperator): get_data> on 2026-01-02 18:00:00+00:00
[2026-01-16T07:53:59.891+0000] {standard_task_runner.py:60} INFO - Started process 2554 to run task
[2026-01-16T07:53:59.910+0000] {standard_task_runner.py:87} INFO - Running: ['***', 'tasks', 'run', 'ModelDevelop', 'get_data', 'scheduled__2026-01-02T18:00:00+00:00', '--job-id', '36', '--raw', '--subdir', 'DAGS_FOLDER/example.py', '--cfg-path', '/tmp/tmpdhkkfj3o']
[2026-01-16T07:53:59.911+0000] {standard_task_runner.py:88} INFO - Job 36: Subtask get_data
[2026-01-16T07:53:59.921+0000] {warnings.py:109} WARNING - /home/***/.local/lib/python3.9/site-packages/***/settings.py:194: DeprecationWarning: The sql_alchemy_conn option in [core] has been moved to the sql_alchemy_conn option in [database] - the old setting has been used, but please update your config.
  SQL_ALCHEMY_CONN = conf.get("database", "SQL_ALCHEMY_CONN")

[2026-01-16T07:53:59.946+0000] {task_command.py:423} INFO - Running <TaskInstance: ModelDevelop.get_data scheduled__2026-01-02T18:00:00+00:00 [running]> on host 8a4f043652f0
[2026-01-16T07:54:00.035+0000] {taskinstance.py:2513} INFO - Exporting env vars: AIRFLOW_CTX_DAG_OWNER='***' AIRFLOW_CTX_DAG_ID='ModelDevelop' AIRFLOW_CTX_TASK_ID='get_data' AIRFLOW_CTX_EXECUTION_DATE='2026-01-02T18:00:00+00:00' AIRFLOW_CTX_TRY_NUMBER='1' AIRFLOW_CTX_DAG_RUN_ID='scheduled__2026-01-02T18:00:00+00:00'
[2026-01-16T07:54:00.047+0000] {python.py:202} INFO - Done. Returned value was: ./iris.csv
[2026-01-16T07:54:00.065+0000] {taskinstance.py:1149} INFO - Marking task as SUCCESS. dag_id=ModelDevelop, task_id=get_data, execution_date=20260102T180000, start_date=20260116T075359, end_date=20260116T075400
[2026-01-16T07:54:00.111+0000] {local_task_job_runner.py:234} INFO - Task exited with return code 0
[2026-01-16T07:54:00.132+0000] {taskinstance.py:3312} INFO - 1 downstream tasks scheduled from follow-on schedule check
[2026-01-17T13:17:39.832+0000] {taskinstance.py:1979} INFO - Dependencies all met for dep_context=non-requeueable deps ti=<TaskInstance: ModelDevelop.get_data scheduled__2026-01-02T18:00:00+00:00 [queued]>
[2026-01-17T13:17:39.838+0000] {taskinstance.py:1979} INFO - Dependencies all met for dep_context=requeueable deps ti=<TaskInstance: ModelDevelop.get_data scheduled__2026-01-02T18:00:00+00:00 [queued]>
[2026-01-17T13:17:39.838+0000] {taskinstance.py:2193} INFO - Starting attempt 1 of 2
[2026-01-17T13:17:39.847+0000] {taskinstance.py:2217} INFO - Executing <Task(PythonOperator): get_data> on 2026-01-02 18:00:00+00:00
[2026-01-17T13:17:39.853+0000] {standard_task_runner.py:60} INFO - Started process 2589 to run task
[2026-01-17T13:17:39.856+0000] {standard_task_runner.py:87} INFO - Running: ['***', 'tasks', 'run', 'ModelDevelop', 'get_data', 'scheduled__2026-01-02T18:00:00+00:00', '--job-id', '37', '--raw', '--subdir', 'DAGS_FOLDER/example.py', '--cfg-path', '/tmp/tmpwnjfspge']
[2026-01-17T13:17:39.857+0000] {standard_task_runner.py:88} INFO - Job 37: Subtask get_data
[2026-01-17T13:17:39.867+0000] {warnings.py:109} WARNING - /home/***/.local/lib/python3.9/site-packages/***/settings.py:194: DeprecationWarning: The sql_alchemy_conn option in [core] has been moved to the sql_alchemy_conn option in [database] - the old setting has been used, but please update your config.
  SQL_ALCHEMY_CONN = conf.get("database", "SQL_ALCHEMY_CONN")

[2026-01-17T13:17:39.894+0000] {task_command.py:423} INFO - Running <TaskInstance: ModelDevelop.get_data scheduled__2026-01-02T18:00:00+00:00 [running]> on host ed3184b6b543
[2026-01-17T13:17:40.037+0000] {taskinstance.py:2513} INFO - Exporting env vars: AIRFLOW_CTX_DAG_OWNER='***' AIRFLOW_CTX_DAG_ID='ModelDevelop' AIRFLOW_CTX_TASK_ID='get_data' AIRFLOW_CTX_EXECUTION_DATE='2026-01-02T18:00:00+00:00' AIRFLOW_CTX_TRY_NUMBER='1' AIRFLOW_CTX_DAG_RUN_ID='scheduled__2026-01-02T18:00:00+00:00'
[2026-01-17T13:17:40.048+0000] {python.py:202} INFO - Done. Returned value was: ./iris.csv
[2026-01-17T13:17:40.065+0000] {taskinstance.py:1149} INFO - Marking task as SUCCESS. dag_id=ModelDevelop, task_id=get_data, execution_date=20260102T180000, start_date=20260117T131739, end_date=20260117T131740
[2026-01-17T13:17:40.118+0000] {local_task_job_runner.py:234} INFO - Task exited with return code 0
[2026-01-17T13:17:40.152+0000] {taskinstance.py:3312} INFO - 0 downstream tasks scheduled from follow-on schedule check
[2026-01-17T13:38:58.560+0000] {taskinstance.py:1979} INFO - Dependencies all met for dep_context=non-requeueable deps ti=<TaskInstance: ModelDevelop.get_data scheduled__2026-01-02T18:00:00+00:00 [queued]>
[2026-01-17T13:38:58.566+0000] {taskinstance.py:1979} INFO - Dependencies all met for dep_context=requeueable deps ti=<TaskInstance: ModelDevelop.get_data scheduled__2026-01-02T18:00:00+00:00 [queued]>
[2026-01-17T13:38:58.567+0000] {taskinstance.py:2193} INFO - Starting attempt 1 of 2
[2026-01-17T13:38:58.648+0000] {taskinstance.py:2217} INFO - Executing <Task(PythonOperator): get_data> on 2026-01-02 18:00:00+00:00
[2026-01-17T13:38:58.658+0000] {standard_task_runner.py:60} INFO - Started process 2618 to run task
[2026-01-17T13:38:58.684+0000] {standard_task_runner.py:87} INFO - Running: ['***', 'tasks', 'run', 'ModelDevelop', 'get_data', 'scheduled__2026-01-02T18:00:00+00:00', '--job-id', '36', '--raw', '--subdir', 'DAGS_FOLDER/example.py', '--cfg-path', '/tmp/tmpuvtbedsb']
[2026-01-17T13:38:58.685+0000] {standard_task_runner.py:88} INFO - Job 36: Subtask get_data
[2026-01-17T13:38:58.694+0000] {warnings.py:109} WARNING - /home/***/.local/lib/python3.9/site-packages/***/settings.py:194: DeprecationWarning: The sql_alchemy_conn option in [core] has been moved to the sql_alchemy_conn option in [database] - the old setting has been used, but please update your config.
  SQL_ALCHEMY_CONN = conf.get("database", "SQL_ALCHEMY_CONN")

[2026-01-17T13:38:58.746+0000] {task_command.py:423} INFO - Running <TaskInstance: ModelDevelop.get_data scheduled__2026-01-02T18:00:00+00:00 [running]> on host 5330652dc216
[2026-01-17T13:38:58.804+0000] {taskinstance.py:2513} INFO - Exporting env vars: AIRFLOW_CTX_DAG_OWNER='***' AIRFLOW_CTX_DAG_ID='ModelDevelop' AIRFLOW_CTX_TASK_ID='get_data' AIRFLOW_CTX_EXECUTION_DATE='2026-01-02T18:00:00+00:00' AIRFLOW_CTX_TRY_NUMBER='1' AIRFLOW_CTX_DAG_RUN_ID='scheduled__2026-01-02T18:00:00+00:00'
[2026-01-17T13:38:58.813+0000] {python.py:202} INFO - Done. Returned value was: ./iris.csv
[2026-01-17T13:38:58.827+0000] {taskinstance.py:1149} INFO - Marking task as SUCCESS. dag_id=ModelDevelop, task_id=get_data, execution_date=20260102T180000, start_date=20260117T133858, end_date=20260117T133858
[2026-01-17T13:38:58.889+0000] {local_task_job_runner.py:234} INFO - Task exited with return code 0
[2026-01-17T13:38:58.905+0000] {taskinstance.py:3312} INFO - 1 downstream tasks scheduled from follow-on schedule check
