[2026-01-16T07:55:08.432+0000] {taskinstance.py:1979} INFO - Dependencies all met for dep_context=non-requeueable deps ti=<TaskInstance: ModelDevelop.get_data scheduled__2026-01-07T02:00:00+00:00 [queued]>
[2026-01-16T07:55:08.439+0000] {taskinstance.py:1979} INFO - Dependencies all met for dep_context=requeueable deps ti=<TaskInstance: ModelDevelop.get_data scheduled__2026-01-07T02:00:00+00:00 [queued]>
[2026-01-16T07:55:08.439+0000] {taskinstance.py:2193} INFO - Starting attempt 1 of 2
[2026-01-16T07:55:08.449+0000] {taskinstance.py:2217} INFO - Executing <Task(PythonOperator): get_data> on 2026-01-07 02:00:00+00:00
[2026-01-16T07:55:08.460+0000] {standard_task_runner.py:60} INFO - Started process 15661 to run task
[2026-01-16T07:55:08.462+0000] {standard_task_runner.py:87} INFO - Running: ['***', 'tasks', 'run', 'ModelDevelop', 'get_data', 'scheduled__2026-01-07T02:00:00+00:00', '--job-id', '236', '--raw', '--subdir', 'DAGS_FOLDER/example.py', '--cfg-path', '/tmp/tmp4iizu09d']
[2026-01-16T07:55:08.463+0000] {standard_task_runner.py:88} INFO - Job 236: Subtask get_data
[2026-01-16T07:55:08.474+0000] {warnings.py:109} WARNING - /home/***/.local/lib/python3.9/site-packages/***/settings.py:194: DeprecationWarning: The sql_alchemy_conn option in [core] has been moved to the sql_alchemy_conn option in [database] - the old setting has been used, but please update your config.
  SQL_ALCHEMY_CONN = conf.get("database", "SQL_ALCHEMY_CONN")

[2026-01-16T07:55:08.519+0000] {task_command.py:423} INFO - Running <TaskInstance: ModelDevelop.get_data scheduled__2026-01-07T02:00:00+00:00 [running]> on host 8a4f043652f0
[2026-01-16T07:55:08.608+0000] {taskinstance.py:2513} INFO - Exporting env vars: AIRFLOW_CTX_DAG_OWNER='***' AIRFLOW_CTX_DAG_ID='ModelDevelop' AIRFLOW_CTX_TASK_ID='get_data' AIRFLOW_CTX_EXECUTION_DATE='2026-01-07T02:00:00+00:00' AIRFLOW_CTX_TRY_NUMBER='1' AIRFLOW_CTX_DAG_RUN_ID='scheduled__2026-01-07T02:00:00+00:00'
[2026-01-16T07:55:08.618+0000] {python.py:202} INFO - Done. Returned value was: ./iris.csv
[2026-01-16T07:55:08.678+0000] {taskinstance.py:1149} INFO - Marking task as SUCCESS. dag_id=ModelDevelop, task_id=get_data, execution_date=20260107T020000, start_date=20260116T075508, end_date=20260116T075508
[2026-01-16T07:55:08.717+0000] {local_task_job_runner.py:234} INFO - Task exited with return code 0
[2026-01-16T07:55:08.738+0000] {taskinstance.py:3312} INFO - 1 downstream tasks scheduled from follow-on schedule check
[2026-01-17T13:18:40.953+0000] {taskinstance.py:1979} INFO - Dependencies all met for dep_context=non-requeueable deps ti=<TaskInstance: ModelDevelop.get_data scheduled__2026-01-07T02:00:00+00:00 [queued]>
[2026-01-17T13:18:40.958+0000] {taskinstance.py:1979} INFO - Dependencies all met for dep_context=requeueable deps ti=<TaskInstance: ModelDevelop.get_data scheduled__2026-01-07T02:00:00+00:00 [queued]>
[2026-01-17T13:18:40.958+0000] {taskinstance.py:2193} INFO - Starting attempt 1 of 2
[2026-01-17T13:18:40.964+0000] {taskinstance.py:2217} INFO - Executing <Task(PythonOperator): get_data> on 2026-01-07 02:00:00+00:00
[2026-01-17T13:18:40.970+0000] {standard_task_runner.py:60} INFO - Started process 15520 to run task
[2026-01-17T13:18:40.972+0000] {standard_task_runner.py:87} INFO - Running: ['***', 'tasks', 'run', 'ModelDevelop', 'get_data', 'scheduled__2026-01-07T02:00:00+00:00', '--job-id', '236', '--raw', '--subdir', 'DAGS_FOLDER/example.py', '--cfg-path', '/tmp/tmpw5nvvt03']
[2026-01-17T13:18:40.972+0000] {standard_task_runner.py:88} INFO - Job 236: Subtask get_data
[2026-01-17T13:18:40.980+0000] {warnings.py:109} WARNING - /home/***/.local/lib/python3.9/site-packages/***/settings.py:194: DeprecationWarning: The sql_alchemy_conn option in [core] has been moved to the sql_alchemy_conn option in [database] - the old setting has been used, but please update your config.
  SQL_ALCHEMY_CONN = conf.get("database", "SQL_ALCHEMY_CONN")

[2026-01-17T13:18:41.004+0000] {task_command.py:423} INFO - Running <TaskInstance: ModelDevelop.get_data scheduled__2026-01-07T02:00:00+00:00 [running]> on host ed3184b6b543
[2026-01-17T13:18:41.049+0000] {taskinstance.py:2513} INFO - Exporting env vars: AIRFLOW_CTX_DAG_OWNER='***' AIRFLOW_CTX_DAG_ID='ModelDevelop' AIRFLOW_CTX_TASK_ID='get_data' AIRFLOW_CTX_EXECUTION_DATE='2026-01-07T02:00:00+00:00' AIRFLOW_CTX_TRY_NUMBER='1' AIRFLOW_CTX_DAG_RUN_ID='scheduled__2026-01-07T02:00:00+00:00'
[2026-01-17T13:18:41.057+0000] {python.py:202} INFO - Done. Returned value was: ./iris.csv
[2026-01-17T13:18:41.070+0000] {taskinstance.py:1149} INFO - Marking task as SUCCESS. dag_id=ModelDevelop, task_id=get_data, execution_date=20260107T020000, start_date=20260117T131840, end_date=20260117T131841
[2026-01-17T13:18:41.103+0000] {local_task_job_runner.py:234} INFO - Task exited with return code 0
[2026-01-17T13:18:41.118+0000] {taskinstance.py:3312} INFO - 1 downstream tasks scheduled from follow-on schedule check
[2026-01-17T13:40:11.678+0000] {taskinstance.py:1979} INFO - Dependencies all met for dep_context=non-requeueable deps ti=<TaskInstance: ModelDevelop.get_data scheduled__2026-01-07T02:00:00+00:00 [queued]>
[2026-01-17T13:40:11.684+0000] {taskinstance.py:1979} INFO - Dependencies all met for dep_context=requeueable deps ti=<TaskInstance: ModelDevelop.get_data scheduled__2026-01-07T02:00:00+00:00 [queued]>
[2026-01-17T13:40:11.684+0000] {taskinstance.py:2193} INFO - Starting attempt 1 of 2
[2026-01-17T13:40:11.702+0000] {taskinstance.py:2217} INFO - Executing <Task(PythonOperator): get_data> on 2026-01-07 02:00:00+00:00
[2026-01-17T13:40:11.712+0000] {standard_task_runner.py:60} INFO - Started process 16322 to run task
[2026-01-17T13:40:11.714+0000] {standard_task_runner.py:87} INFO - Running: ['***', 'tasks', 'run', 'ModelDevelop', 'get_data', 'scheduled__2026-01-07T02:00:00+00:00', '--job-id', '242', '--raw', '--subdir', 'DAGS_FOLDER/example.py', '--cfg-path', '/tmp/tmp0wtqwsd6']
[2026-01-17T13:40:11.715+0000] {standard_task_runner.py:88} INFO - Job 242: Subtask get_data
[2026-01-17T13:40:11.725+0000] {warnings.py:109} WARNING - /home/***/.local/lib/python3.9/site-packages/***/settings.py:194: DeprecationWarning: The sql_alchemy_conn option in [core] has been moved to the sql_alchemy_conn option in [database] - the old setting has been used, but please update your config.
  SQL_ALCHEMY_CONN = conf.get("database", "SQL_ALCHEMY_CONN")

[2026-01-17T13:40:11.755+0000] {task_command.py:423} INFO - Running <TaskInstance: ModelDevelop.get_data scheduled__2026-01-07T02:00:00+00:00 [running]> on host 5330652dc216
[2026-01-17T13:40:11.815+0000] {taskinstance.py:2513} INFO - Exporting env vars: AIRFLOW_CTX_DAG_OWNER='***' AIRFLOW_CTX_DAG_ID='ModelDevelop' AIRFLOW_CTX_TASK_ID='get_data' AIRFLOW_CTX_EXECUTION_DATE='2026-01-07T02:00:00+00:00' AIRFLOW_CTX_TRY_NUMBER='1' AIRFLOW_CTX_DAG_RUN_ID='scheduled__2026-01-07T02:00:00+00:00'
[2026-01-17T13:40:11.824+0000] {python.py:202} INFO - Done. Returned value was: ./iris.csv
[2026-01-17T13:40:11.839+0000] {taskinstance.py:1149} INFO - Marking task as SUCCESS. dag_id=ModelDevelop, task_id=get_data, execution_date=20260107T020000, start_date=20260117T134011, end_date=20260117T134011
[2026-01-17T13:40:11.886+0000] {local_task_job_runner.py:234} INFO - Task exited with return code 0
[2026-01-17T13:40:11.925+0000] {taskinstance.py:3312} INFO - 1 downstream tasks scheduled from follow-on schedule check
