[2026-01-16T07:55:49.401+0000] {taskinstance.py:1979} INFO - Dependencies all met for dep_context=non-requeueable deps ti=<TaskInstance: ModelDevelop.get_data scheduled__2026-01-09T19:00:00+00:00 [queued]>
[2026-01-16T07:55:49.406+0000] {taskinstance.py:1979} INFO - Dependencies all met for dep_context=requeueable deps ti=<TaskInstance: ModelDevelop.get_data scheduled__2026-01-09T19:00:00+00:00 [queued]>
[2026-01-16T07:55:49.407+0000] {taskinstance.py:2193} INFO - Starting attempt 1 of 2
[2026-01-16T07:55:49.414+0000] {taskinstance.py:2217} INFO - Executing <Task(PythonOperator): get_data> on 2026-01-09 19:00:00+00:00
[2026-01-16T07:55:49.421+0000] {standard_task_runner.py:60} INFO - Started process 24335 to run task
[2026-01-16T07:55:49.423+0000] {standard_task_runner.py:87} INFO - Running: ['***', 'tasks', 'run', 'ModelDevelop', 'get_data', 'scheduled__2026-01-09T19:00:00+00:00', '--job-id', '365', '--raw', '--subdir', 'DAGS_FOLDER/example.py', '--cfg-path', '/tmp/tmp7rxsyntj']
[2026-01-16T07:55:49.424+0000] {standard_task_runner.py:88} INFO - Job 365: Subtask get_data
[2026-01-16T07:55:49.434+0000] {warnings.py:109} WARNING - /home/***/.local/lib/python3.9/site-packages/***/settings.py:194: DeprecationWarning: The sql_alchemy_conn option in [core] has been moved to the sql_alchemy_conn option in [database] - the old setting has been used, but please update your config.
  SQL_ALCHEMY_CONN = conf.get("database", "SQL_ALCHEMY_CONN")

[2026-01-16T07:55:49.463+0000] {task_command.py:423} INFO - Running <TaskInstance: ModelDevelop.get_data scheduled__2026-01-09T19:00:00+00:00 [running]> on host 8a4f043652f0
[2026-01-16T07:55:49.567+0000] {taskinstance.py:2513} INFO - Exporting env vars: AIRFLOW_CTX_DAG_OWNER='***' AIRFLOW_CTX_DAG_ID='ModelDevelop' AIRFLOW_CTX_TASK_ID='get_data' AIRFLOW_CTX_EXECUTION_DATE='2026-01-09T19:00:00+00:00' AIRFLOW_CTX_TRY_NUMBER='1' AIRFLOW_CTX_DAG_RUN_ID='scheduled__2026-01-09T19:00:00+00:00'
[2026-01-16T07:55:49.576+0000] {python.py:202} INFO - Done. Returned value was: ./iris.csv
[2026-01-16T07:55:49.618+0000] {taskinstance.py:1149} INFO - Marking task as SUCCESS. dag_id=ModelDevelop, task_id=get_data, execution_date=20260109T190000, start_date=20260116T075549, end_date=20260116T075549
[2026-01-16T07:55:49.675+0000] {local_task_job_runner.py:234} INFO - Task exited with return code 0
[2026-01-16T07:55:49.724+0000] {taskinstance.py:3312} INFO - 0 downstream tasks scheduled from follow-on schedule check
[2026-01-17T13:19:30.673+0000] {taskinstance.py:1979} INFO - Dependencies all met for dep_context=non-requeueable deps ti=<TaskInstance: ModelDevelop.get_data scheduled__2026-01-09T19:00:00+00:00 [queued]>
[2026-01-17T13:19:30.678+0000] {taskinstance.py:1979} INFO - Dependencies all met for dep_context=requeueable deps ti=<TaskInstance: ModelDevelop.get_data scheduled__2026-01-09T19:00:00+00:00 [queued]>
[2026-01-17T13:19:30.678+0000] {taskinstance.py:2193} INFO - Starting attempt 1 of 2
[2026-01-17T13:19:30.686+0000] {taskinstance.py:2217} INFO - Executing <Task(PythonOperator): get_data> on 2026-01-09 19:00:00+00:00
[2026-01-17T13:19:30.692+0000] {standard_task_runner.py:60} INFO - Started process 24371 to run task
[2026-01-17T13:19:30.695+0000] {standard_task_runner.py:87} INFO - Running: ['***', 'tasks', 'run', 'ModelDevelop', 'get_data', 'scheduled__2026-01-09T19:00:00+00:00', '--job-id', '366', '--raw', '--subdir', 'DAGS_FOLDER/example.py', '--cfg-path', '/tmp/tmp11y7whsf']
[2026-01-17T13:19:30.696+0000] {standard_task_runner.py:88} INFO - Job 366: Subtask get_data
[2026-01-17T13:19:30.710+0000] {warnings.py:109} WARNING - /home/***/.local/lib/python3.9/site-packages/***/settings.py:194: DeprecationWarning: The sql_alchemy_conn option in [core] has been moved to the sql_alchemy_conn option in [database] - the old setting has been used, but please update your config.
  SQL_ALCHEMY_CONN = conf.get("database", "SQL_ALCHEMY_CONN")

[2026-01-17T13:19:30.781+0000] {task_command.py:423} INFO - Running <TaskInstance: ModelDevelop.get_data scheduled__2026-01-09T19:00:00+00:00 [running]> on host ed3184b6b543
[2026-01-17T13:19:30.877+0000] {taskinstance.py:2513} INFO - Exporting env vars: AIRFLOW_CTX_DAG_OWNER='***' AIRFLOW_CTX_DAG_ID='ModelDevelop' AIRFLOW_CTX_TASK_ID='get_data' AIRFLOW_CTX_EXECUTION_DATE='2026-01-09T19:00:00+00:00' AIRFLOW_CTX_TRY_NUMBER='1' AIRFLOW_CTX_DAG_RUN_ID='scheduled__2026-01-09T19:00:00+00:00'
[2026-01-17T13:19:30.889+0000] {python.py:202} INFO - Done. Returned value was: ./iris.csv
[2026-01-17T13:19:30.906+0000] {taskinstance.py:1149} INFO - Marking task as SUCCESS. dag_id=ModelDevelop, task_id=get_data, execution_date=20260109T190000, start_date=20260117T131930, end_date=20260117T131930
[2026-01-17T13:19:30.948+0000] {local_task_job_runner.py:234} INFO - Task exited with return code 0
[2026-01-17T13:19:30.974+0000] {taskinstance.py:3312} INFO - 0 downstream tasks scheduled from follow-on schedule check
[2026-01-17T13:40:57.392+0000] {taskinstance.py:1979} INFO - Dependencies all met for dep_context=non-requeueable deps ti=<TaskInstance: ModelDevelop.get_data scheduled__2026-01-09T19:00:00+00:00 [queued]>
[2026-01-17T13:40:57.397+0000] {taskinstance.py:1979} INFO - Dependencies all met for dep_context=requeueable deps ti=<TaskInstance: ModelDevelop.get_data scheduled__2026-01-09T19:00:00+00:00 [queued]>
[2026-01-17T13:40:57.397+0000] {taskinstance.py:2193} INFO - Starting attempt 1 of 2
[2026-01-17T13:40:57.404+0000] {taskinstance.py:2217} INFO - Executing <Task(PythonOperator): get_data> on 2026-01-09 19:00:00+00:00
[2026-01-17T13:40:57.410+0000] {standard_task_runner.py:60} INFO - Started process 24834 to run task
[2026-01-17T13:40:57.413+0000] {standard_task_runner.py:87} INFO - Running: ['***', 'tasks', 'run', 'ModelDevelop', 'get_data', 'scheduled__2026-01-09T19:00:00+00:00', '--job-id', '371', '--raw', '--subdir', 'DAGS_FOLDER/example.py', '--cfg-path', '/tmp/tmpjswttqds']
[2026-01-17T13:40:57.413+0000] {standard_task_runner.py:88} INFO - Job 371: Subtask get_data
[2026-01-17T13:40:57.422+0000] {warnings.py:109} WARNING - /home/***/.local/lib/python3.9/site-packages/***/settings.py:194: DeprecationWarning: The sql_alchemy_conn option in [core] has been moved to the sql_alchemy_conn option in [database] - the old setting has been used, but please update your config.
  SQL_ALCHEMY_CONN = conf.get("database", "SQL_ALCHEMY_CONN")

[2026-01-17T13:40:57.504+0000] {task_command.py:423} INFO - Running <TaskInstance: ModelDevelop.get_data scheduled__2026-01-09T19:00:00+00:00 [running]> on host 5330652dc216
[2026-01-17T13:40:57.610+0000] {taskinstance.py:2513} INFO - Exporting env vars: AIRFLOW_CTX_DAG_OWNER='***' AIRFLOW_CTX_DAG_ID='ModelDevelop' AIRFLOW_CTX_TASK_ID='get_data' AIRFLOW_CTX_EXECUTION_DATE='2026-01-09T19:00:00+00:00' AIRFLOW_CTX_TRY_NUMBER='1' AIRFLOW_CTX_DAG_RUN_ID='scheduled__2026-01-09T19:00:00+00:00'
[2026-01-17T13:40:57.620+0000] {python.py:202} INFO - Done. Returned value was: ./iris.csv
[2026-01-17T13:40:57.636+0000] {taskinstance.py:1149} INFO - Marking task as SUCCESS. dag_id=ModelDevelop, task_id=get_data, execution_date=20260109T190000, start_date=20260117T134057, end_date=20260117T134057
[2026-01-17T13:40:57.665+0000] {local_task_job_runner.py:234} INFO - Task exited with return code 0
[2026-01-17T13:40:57.723+0000] {taskinstance.py:3312} INFO - 0 downstream tasks scheduled from follow-on schedule check
