[2026-01-16T07:55:57.867+0000] {taskinstance.py:1979} INFO - Dependencies all met for dep_context=non-requeueable deps ti=<TaskInstance: ModelDevelop.get_data scheduled__2026-01-10T04:00:00+00:00 [queued]>
[2026-01-16T07:55:57.872+0000] {taskinstance.py:1979} INFO - Dependencies all met for dep_context=requeueable deps ti=<TaskInstance: ModelDevelop.get_data scheduled__2026-01-10T04:00:00+00:00 [queued]>
[2026-01-16T07:55:57.873+0000] {taskinstance.py:2193} INFO - Starting attempt 1 of 2
[2026-01-16T07:55:57.880+0000] {taskinstance.py:2217} INFO - Executing <Task(PythonOperator): get_data> on 2026-01-10 04:00:00+00:00
[2026-01-16T07:55:57.887+0000] {standard_task_runner.py:60} INFO - Started process 26208 to run task
[2026-01-16T07:55:57.889+0000] {standard_task_runner.py:87} INFO - Running: ['***', 'tasks', 'run', 'ModelDevelop', 'get_data', 'scheduled__2026-01-10T04:00:00+00:00', '--job-id', '391', '--raw', '--subdir', 'DAGS_FOLDER/example.py', '--cfg-path', '/tmp/tmp8sujrii_']
[2026-01-16T07:55:57.890+0000] {standard_task_runner.py:88} INFO - Job 391: Subtask get_data
[2026-01-16T07:55:57.899+0000] {warnings.py:109} WARNING - /home/***/.local/lib/python3.9/site-packages/***/settings.py:194: DeprecationWarning: The sql_alchemy_conn option in [core] has been moved to the sql_alchemy_conn option in [database] - the old setting has been used, but please update your config.
  SQL_ALCHEMY_CONN = conf.get("database", "SQL_ALCHEMY_CONN")

[2026-01-16T07:55:57.928+0000] {task_command.py:423} INFO - Running <TaskInstance: ModelDevelop.get_data scheduled__2026-01-10T04:00:00+00:00 [running]> on host 8a4f043652f0
[2026-01-16T07:55:58.036+0000] {taskinstance.py:2513} INFO - Exporting env vars: AIRFLOW_CTX_DAG_OWNER='***' AIRFLOW_CTX_DAG_ID='ModelDevelop' AIRFLOW_CTX_TASK_ID='get_data' AIRFLOW_CTX_EXECUTION_DATE='2026-01-10T04:00:00+00:00' AIRFLOW_CTX_TRY_NUMBER='1' AIRFLOW_CTX_DAG_RUN_ID='scheduled__2026-01-10T04:00:00+00:00'
[2026-01-16T07:55:58.050+0000] {python.py:202} INFO - Done. Returned value was: ./iris.csv
[2026-01-16T07:55:58.081+0000] {taskinstance.py:1149} INFO - Marking task as SUCCESS. dag_id=ModelDevelop, task_id=get_data, execution_date=20260110T040000, start_date=20260116T075557, end_date=20260116T075558
[2026-01-16T07:55:58.141+0000] {local_task_job_runner.py:234} INFO - Task exited with return code 0
[2026-01-16T07:55:58.197+0000] {taskinstance.py:3312} INFO - 0 downstream tasks scheduled from follow-on schedule check
[2026-01-17T13:19:41.358+0000] {taskinstance.py:1979} INFO - Dependencies all met for dep_context=non-requeueable deps ti=<TaskInstance: ModelDevelop.get_data scheduled__2026-01-10T04:00:00+00:00 [queued]>
[2026-01-17T13:19:41.366+0000] {taskinstance.py:1979} INFO - Dependencies all met for dep_context=requeueable deps ti=<TaskInstance: ModelDevelop.get_data scheduled__2026-01-10T04:00:00+00:00 [queued]>
[2026-01-17T13:19:41.366+0000] {taskinstance.py:2193} INFO - Starting attempt 1 of 2
[2026-01-17T13:19:41.375+0000] {taskinstance.py:2217} INFO - Executing <Task(PythonOperator): get_data> on 2026-01-10 04:00:00+00:00
[2026-01-17T13:19:41.386+0000] {standard_task_runner.py:60} INFO - Started process 26371 to run task
[2026-01-17T13:19:41.390+0000] {standard_task_runner.py:87} INFO - Running: ['***', 'tasks', 'run', 'ModelDevelop', 'get_data', 'scheduled__2026-01-10T04:00:00+00:00', '--job-id', '393', '--raw', '--subdir', 'DAGS_FOLDER/example.py', '--cfg-path', '/tmp/tmp5a4ljpct']
[2026-01-17T13:19:41.391+0000] {standard_task_runner.py:88} INFO - Job 393: Subtask get_data
[2026-01-17T13:19:41.402+0000] {warnings.py:109} WARNING - /home/***/.local/lib/python3.9/site-packages/***/settings.py:194: DeprecationWarning: The sql_alchemy_conn option in [core] has been moved to the sql_alchemy_conn option in [database] - the old setting has been used, but please update your config.
  SQL_ALCHEMY_CONN = conf.get("database", "SQL_ALCHEMY_CONN")

[2026-01-17T13:19:41.433+0000] {task_command.py:423} INFO - Running <TaskInstance: ModelDevelop.get_data scheduled__2026-01-10T04:00:00+00:00 [running]> on host ed3184b6b543
[2026-01-17T13:19:41.489+0000] {taskinstance.py:2513} INFO - Exporting env vars: AIRFLOW_CTX_DAG_OWNER='***' AIRFLOW_CTX_DAG_ID='ModelDevelop' AIRFLOW_CTX_TASK_ID='get_data' AIRFLOW_CTX_EXECUTION_DATE='2026-01-10T04:00:00+00:00' AIRFLOW_CTX_TRY_NUMBER='1' AIRFLOW_CTX_DAG_RUN_ID='scheduled__2026-01-10T04:00:00+00:00'
[2026-01-17T13:19:41.500+0000] {python.py:202} INFO - Done. Returned value was: ./iris.csv
[2026-01-17T13:19:41.517+0000] {taskinstance.py:1149} INFO - Marking task as SUCCESS. dag_id=ModelDevelop, task_id=get_data, execution_date=20260110T040000, start_date=20260117T131941, end_date=20260117T131941
[2026-01-17T13:19:41.561+0000] {local_task_job_runner.py:234} INFO - Task exited with return code 0
[2026-01-17T13:19:41.597+0000] {taskinstance.py:3312} INFO - 1 downstream tasks scheduled from follow-on schedule check
[2026-01-17T13:40:59.009+0000] {taskinstance.py:1979} INFO - Dependencies all met for dep_context=non-requeueable deps ti=<TaskInstance: ModelDevelop.get_data scheduled__2026-01-10T04:00:00+00:00 [queued]>
[2026-01-17T13:40:59.017+0000] {taskinstance.py:1979} INFO - Dependencies all met for dep_context=requeueable deps ti=<TaskInstance: ModelDevelop.get_data scheduled__2026-01-10T04:00:00+00:00 [queued]>
[2026-01-17T13:40:59.017+0000] {taskinstance.py:2193} INFO - Starting attempt 1 of 2
[2026-01-17T13:40:59.028+0000] {taskinstance.py:2217} INFO - Executing <Task(PythonOperator): get_data> on 2026-01-10 04:00:00+00:00
[2026-01-17T13:40:59.039+0000] {standard_task_runner.py:60} INFO - Started process 25369 to run task
[2026-01-17T13:40:59.041+0000] {standard_task_runner.py:87} INFO - Running: ['***', 'tasks', 'run', 'ModelDevelop', 'get_data', 'scheduled__2026-01-10T04:00:00+00:00', '--job-id', '381', '--raw', '--subdir', 'DAGS_FOLDER/example.py', '--cfg-path', '/tmp/tmpm8uvp1pc']
[2026-01-17T13:40:59.042+0000] {standard_task_runner.py:88} INFO - Job 381: Subtask get_data
[2026-01-17T13:40:59.052+0000] {warnings.py:109} WARNING - /home/***/.local/lib/python3.9/site-packages/***/settings.py:194: DeprecationWarning: The sql_alchemy_conn option in [core] has been moved to the sql_alchemy_conn option in [database] - the old setting has been used, but please update your config.
  SQL_ALCHEMY_CONN = conf.get("database", "SQL_ALCHEMY_CONN")

[2026-01-17T13:40:59.084+0000] {task_command.py:423} INFO - Running <TaskInstance: ModelDevelop.get_data scheduled__2026-01-10T04:00:00+00:00 [running]> on host 5330652dc216
[2026-01-17T13:40:59.142+0000] {taskinstance.py:2513} INFO - Exporting env vars: AIRFLOW_CTX_DAG_OWNER='***' AIRFLOW_CTX_DAG_ID='ModelDevelop' AIRFLOW_CTX_TASK_ID='get_data' AIRFLOW_CTX_EXECUTION_DATE='2026-01-10T04:00:00+00:00' AIRFLOW_CTX_TRY_NUMBER='1' AIRFLOW_CTX_DAG_RUN_ID='scheduled__2026-01-10T04:00:00+00:00'
[2026-01-17T13:40:59.153+0000] {python.py:202} INFO - Done. Returned value was: ./iris.csv
[2026-01-17T13:40:59.195+0000] {taskinstance.py:1149} INFO - Marking task as SUCCESS. dag_id=ModelDevelop, task_id=get_data, execution_date=20260110T040000, start_date=20260117T134059, end_date=20260117T134059
[2026-01-17T13:40:59.214+0000] {local_task_job_runner.py:234} INFO - Task exited with return code 0
[2026-01-17T13:40:59.231+0000] {taskinstance.py:3312} INFO - 1 downstream tasks scheduled from follow-on schedule check
