[2026-01-16T07:55:57.408+0000] {taskinstance.py:1979} INFO - Dependencies all met for dep_context=non-requeueable deps ti=<TaskInstance: ModelDevelop.get_data scheduled__2026-01-10T00:00:00+00:00 [queued]>
[2026-01-16T07:55:57.414+0000] {taskinstance.py:1979} INFO - Dependencies all met for dep_context=requeueable deps ti=<TaskInstance: ModelDevelop.get_data scheduled__2026-01-10T00:00:00+00:00 [queued]>
[2026-01-16T07:55:57.414+0000] {taskinstance.py:2193} INFO - Starting attempt 1 of 2
[2026-01-16T07:55:57.428+0000] {taskinstance.py:2217} INFO - Executing <Task(PythonOperator): get_data> on 2026-01-10 00:00:00+00:00
[2026-01-16T07:55:57.438+0000] {standard_task_runner.py:60} INFO - Started process 26134 to run task
[2026-01-16T07:55:57.441+0000] {standard_task_runner.py:87} INFO - Running: ['***', 'tasks', 'run', 'ModelDevelop', 'get_data', 'scheduled__2026-01-10T00:00:00+00:00', '--job-id', '386', '--raw', '--subdir', 'DAGS_FOLDER/example.py', '--cfg-path', '/tmp/tmpf4ijgl6c']
[2026-01-16T07:55:57.442+0000] {standard_task_runner.py:88} INFO - Job 386: Subtask get_data
[2026-01-16T07:55:57.458+0000] {warnings.py:109} WARNING - /home/***/.local/lib/python3.9/site-packages/***/settings.py:194: DeprecationWarning: The sql_alchemy_conn option in [core] has been moved to the sql_alchemy_conn option in [database] - the old setting has been used, but please update your config.
  SQL_ALCHEMY_CONN = conf.get("database", "SQL_ALCHEMY_CONN")

[2026-01-16T07:55:57.488+0000] {task_command.py:423} INFO - Running <TaskInstance: ModelDevelop.get_data scheduled__2026-01-10T00:00:00+00:00 [running]> on host 8a4f043652f0
[2026-01-16T07:55:57.536+0000] {taskinstance.py:2513} INFO - Exporting env vars: AIRFLOW_CTX_DAG_OWNER='***' AIRFLOW_CTX_DAG_ID='ModelDevelop' AIRFLOW_CTX_TASK_ID='get_data' AIRFLOW_CTX_EXECUTION_DATE='2026-01-10T00:00:00+00:00' AIRFLOW_CTX_TRY_NUMBER='1' AIRFLOW_CTX_DAG_RUN_ID='scheduled__2026-01-10T00:00:00+00:00'
[2026-01-16T07:55:57.544+0000] {python.py:202} INFO - Done. Returned value was: ./iris.csv
[2026-01-16T07:55:57.558+0000] {taskinstance.py:1149} INFO - Marking task as SUCCESS. dag_id=ModelDevelop, task_id=get_data, execution_date=20260110T000000, start_date=20260116T075557, end_date=20260116T075557
[2026-01-16T07:55:57.587+0000] {local_task_job_runner.py:234} INFO - Task exited with return code 0
[2026-01-16T07:55:57.605+0000] {taskinstance.py:3312} INFO - 1 downstream tasks scheduled from follow-on schedule check
[2026-01-17T13:19:31.809+0000] {taskinstance.py:1979} INFO - Dependencies all met for dep_context=non-requeueable deps ti=<TaskInstance: ModelDevelop.get_data scheduled__2026-01-10T00:00:00+00:00 [queued]>
[2026-01-17T13:19:31.824+0000] {taskinstance.py:1979} INFO - Dependencies all met for dep_context=requeueable deps ti=<TaskInstance: ModelDevelop.get_data scheduled__2026-01-10T00:00:00+00:00 [queued]>
[2026-01-17T13:19:31.825+0000] {taskinstance.py:2193} INFO - Starting attempt 1 of 2
[2026-01-17T13:19:31.834+0000] {taskinstance.py:2217} INFO - Executing <Task(PythonOperator): get_data> on 2026-01-10 00:00:00+00:00
[2026-01-17T13:19:31.841+0000] {standard_task_runner.py:60} INFO - Started process 24736 to run task
[2026-01-17T13:19:31.843+0000] {standard_task_runner.py:87} INFO - Running: ['***', 'tasks', 'run', 'ModelDevelop', 'get_data', 'scheduled__2026-01-10T00:00:00+00:00', '--job-id', '375', '--raw', '--subdir', 'DAGS_FOLDER/example.py', '--cfg-path', '/tmp/tmp2brzcs9e']
[2026-01-17T13:19:31.844+0000] {standard_task_runner.py:88} INFO - Job 375: Subtask get_data
[2026-01-17T13:19:31.852+0000] {warnings.py:109} WARNING - /home/***/.local/lib/python3.9/site-packages/***/settings.py:194: DeprecationWarning: The sql_alchemy_conn option in [core] has been moved to the sql_alchemy_conn option in [database] - the old setting has been used, but please update your config.
  SQL_ALCHEMY_CONN = conf.get("database", "SQL_ALCHEMY_CONN")

[2026-01-17T13:19:31.878+0000] {task_command.py:423} INFO - Running <TaskInstance: ModelDevelop.get_data scheduled__2026-01-10T00:00:00+00:00 [running]> on host ed3184b6b543
[2026-01-17T13:19:31.932+0000] {taskinstance.py:2513} INFO - Exporting env vars: AIRFLOW_CTX_DAG_OWNER='***' AIRFLOW_CTX_DAG_ID='ModelDevelop' AIRFLOW_CTX_TASK_ID='get_data' AIRFLOW_CTX_EXECUTION_DATE='2026-01-10T00:00:00+00:00' AIRFLOW_CTX_TRY_NUMBER='1' AIRFLOW_CTX_DAG_RUN_ID='scheduled__2026-01-10T00:00:00+00:00'
[2026-01-17T13:19:31.941+0000] {python.py:202} INFO - Done. Returned value was: ./iris.csv
[2026-01-17T13:19:31.957+0000] {taskinstance.py:1149} INFO - Marking task as SUCCESS. dag_id=ModelDevelop, task_id=get_data, execution_date=20260110T000000, start_date=20260117T131931, end_date=20260117T131931
[2026-01-17T13:19:32.015+0000] {local_task_job_runner.py:234} INFO - Task exited with return code 0
[2026-01-17T13:19:32.031+0000] {taskinstance.py:3312} INFO - 1 downstream tasks scheduled from follow-on schedule check
[2026-01-17T13:40:58.080+0000] {taskinstance.py:1979} INFO - Dependencies all met for dep_context=non-requeueable deps ti=<TaskInstance: ModelDevelop.get_data scheduled__2026-01-10T00:00:00+00:00 [queued]>
[2026-01-17T13:40:58.086+0000] {taskinstance.py:1979} INFO - Dependencies all met for dep_context=requeueable deps ti=<TaskInstance: ModelDevelop.get_data scheduled__2026-01-10T00:00:00+00:00 [queued]>
[2026-01-17T13:40:58.087+0000] {taskinstance.py:2193} INFO - Starting attempt 1 of 2
[2026-01-17T13:40:58.097+0000] {taskinstance.py:2217} INFO - Executing <Task(PythonOperator): get_data> on 2026-01-10 00:00:00+00:00
[2026-01-17T13:40:58.105+0000] {standard_task_runner.py:60} INFO - Started process 25044 to run task
[2026-01-17T13:40:58.108+0000] {standard_task_runner.py:87} INFO - Running: ['***', 'tasks', 'run', 'ModelDevelop', 'get_data', 'scheduled__2026-01-10T00:00:00+00:00', '--job-id', '376', '--raw', '--subdir', 'DAGS_FOLDER/example.py', '--cfg-path', '/tmp/tmpxh04024s']
[2026-01-17T13:40:58.108+0000] {standard_task_runner.py:88} INFO - Job 376: Subtask get_data
[2026-01-17T13:40:58.117+0000] {warnings.py:109} WARNING - /home/***/.local/lib/python3.9/site-packages/***/settings.py:194: DeprecationWarning: The sql_alchemy_conn option in [core] has been moved to the sql_alchemy_conn option in [database] - the old setting has been used, but please update your config.
  SQL_ALCHEMY_CONN = conf.get("database", "SQL_ALCHEMY_CONN")

[2026-01-17T13:40:58.142+0000] {task_command.py:423} INFO - Running <TaskInstance: ModelDevelop.get_data scheduled__2026-01-10T00:00:00+00:00 [running]> on host 5330652dc216
[2026-01-17T13:40:58.192+0000] {taskinstance.py:2513} INFO - Exporting env vars: AIRFLOW_CTX_DAG_OWNER='***' AIRFLOW_CTX_DAG_ID='ModelDevelop' AIRFLOW_CTX_TASK_ID='get_data' AIRFLOW_CTX_EXECUTION_DATE='2026-01-10T00:00:00+00:00' AIRFLOW_CTX_TRY_NUMBER='1' AIRFLOW_CTX_DAG_RUN_ID='scheduled__2026-01-10T00:00:00+00:00'
[2026-01-17T13:40:58.202+0000] {python.py:202} INFO - Done. Returned value was: ./iris.csv
[2026-01-17T13:40:58.218+0000] {taskinstance.py:1149} INFO - Marking task as SUCCESS. dag_id=ModelDevelop, task_id=get_data, execution_date=20260110T000000, start_date=20260117T134058, end_date=20260117T134058
[2026-01-17T13:40:58.280+0000] {local_task_job_runner.py:234} INFO - Task exited with return code 0
[2026-01-17T13:40:58.323+0000] {taskinstance.py:3312} INFO - 0 downstream tasks scheduled from follow-on schedule check
