[2026-03-06T07:24:03.532+0000] {taskinstance.py:1979} INFO - Dependencies all met for dep_context=non-requeueable deps ti=<TaskInstance: DataDriftRetrainDAG_student_2_2.detect_drift scheduled__2026-03-06T07:22:00+00:00 [queued]>
[2026-03-06T07:24:03.538+0000] {taskinstance.py:1979} INFO - Dependencies all met for dep_context=requeueable deps ti=<TaskInstance: DataDriftRetrainDAG_student_2_2.detect_drift scheduled__2026-03-06T07:22:00+00:00 [queued]>
[2026-03-06T07:24:03.538+0000] {taskinstance.py:2193} INFO - Starting attempt 1 of 2
[2026-03-06T07:24:03.548+0000] {taskinstance.py:2217} INFO - Executing <Task(BranchPythonOperator): detect_drift> on 2026-03-06 07:22:00+00:00
[2026-03-06T07:24:03.560+0000] {standard_task_runner.py:60} INFO - Started process 9750 to run task
[2026-03-06T07:24:03.564+0000] {standard_task_runner.py:87} INFO - Running: ['***', 'tasks', 'run', 'DataDriftRetrainDAG_student_2_2', 'detect_drift', 'scheduled__2026-03-06T07:22:00+00:00', '--job-id', '213', '--raw', '--subdir', 'DAGS_FOLDER/exercise_drift_student_2_2.py', '--cfg-path', '/tmp/tmp7asjo024']
[2026-03-06T07:24:03.565+0000] {standard_task_runner.py:88} INFO - Job 213: Subtask detect_drift
[2026-03-06T07:24:03.581+0000] {warnings.py:109} WARNING - /home/***/.local/lib/python3.9/site-packages/***/settings.py:194: DeprecationWarning: The sql_alchemy_conn option in [core] has been moved to the sql_alchemy_conn option in [database] - the old setting has been used, but please update your config.
  SQL_ALCHEMY_CONN = conf.get("database", "SQL_ALCHEMY_CONN")

[2026-03-06T07:24:03.616+0000] {task_command.py:423} INFO - Running <TaskInstance: DataDriftRetrainDAG_student_2_2.detect_drift scheduled__2026-03-06T07:22:00+00:00 [running]> on host 7d97343e2d4a
[2026-03-06T07:24:03.669+0000] {taskinstance.py:2513} INFO - Exporting env vars: AIRFLOW_CTX_DAG_OWNER='***' AIRFLOW_CTX_DAG_ID='DataDriftRetrainDAG_student_2_2' AIRFLOW_CTX_TASK_ID='detect_drift' AIRFLOW_CTX_EXECUTION_DATE='2026-03-06T07:22:00+00:00' AIRFLOW_CTX_TRY_NUMBER='1' AIRFLOW_CTX_DAG_RUN_ID='scheduled__2026-03-06T07:22:00+00:00'
[2026-03-06T07:24:03.684+0000] {logging_mixin.py:188} INFO - PSI scores: {'sepal length (cm)': 11.658682374961366, 'sepal width (cm)': 8.45913688228838, 'petal length (cm)': 11.842834209644588, 'petal width (cm)': 4.222993040690136}
[2026-03-06T07:24:03.684+0000] {logging_mixin.py:188} INFO - AVG PSI: 9.045911626896117
[2026-03-06T07:24:03.684+0000] {python.py:202} INFO - Done. Returned value was: train_fit
[2026-03-06T07:24:03.684+0000] {branch.py:35} INFO - Branch into train_fit
[2026-03-06T07:24:03.684+0000] {skipmixin.py:178} INFO - Following branch train_fit
[2026-03-06T07:24:03.695+0000] {skipmixin.py:244} INFO - Skipping tasks [('no_drift', -1)]
[2026-03-06T07:24:03.719+0000] {taskinstance.py:1149} INFO - Marking task as SUCCESS. dag_id=DataDriftRetrainDAG_student_2_2, task_id=detect_drift, execution_date=20260306T072200, start_date=20260306T072403, end_date=20260306T072403
[2026-03-06T07:24:03.758+0000] {local_task_job_runner.py:234} INFO - Task exited with return code 0
[2026-03-06T07:24:03.785+0000] {taskinstance.py:3312} INFO - 1 downstream tasks scheduled from follow-on schedule check
