[2026-01-16T07:55:37.557+0000] {taskinstance.py:1979} INFO - Dependencies all met for dep_context=non-requeueable deps ti=<TaskInstance: ModelDevelop.get_data scheduled__2026-01-08T18:00:00+00:00 [queued]>
[2026-01-16T07:55:37.576+0000] {taskinstance.py:1979} INFO - Dependencies all met for dep_context=requeueable deps ti=<TaskInstance: ModelDevelop.get_data scheduled__2026-01-08T18:00:00+00:00 [queued]>
[2026-01-16T07:55:37.576+0000] {taskinstance.py:2193} INFO - Starting attempt 1 of 2
[2026-01-16T07:55:37.619+0000] {taskinstance.py:2217} INFO - Executing <Task(PythonOperator): get_data> on 2026-01-08 18:00:00+00:00
[2026-01-16T07:55:37.628+0000] {standard_task_runner.py:60} INFO - Started process 21914 to run task
[2026-01-16T07:55:37.630+0000] {standard_task_runner.py:87} INFO - Running: ['***', 'tasks', 'run', 'ModelDevelop', 'get_data', 'scheduled__2026-01-08T18:00:00+00:00', '--job-id', '324', '--raw', '--subdir', 'DAGS_FOLDER/example.py', '--cfg-path', '/tmp/tmpczf9jak2']
[2026-01-16T07:55:37.631+0000] {standard_task_runner.py:88} INFO - Job 324: Subtask get_data
[2026-01-16T07:55:37.641+0000] {warnings.py:109} WARNING - /home/***/.local/lib/python3.9/site-packages/***/settings.py:194: DeprecationWarning: The sql_alchemy_conn option in [core] has been moved to the sql_alchemy_conn option in [database] - the old setting has been used, but please update your config.
  SQL_ALCHEMY_CONN = conf.get("database", "SQL_ALCHEMY_CONN")

[2026-01-16T07:55:37.669+0000] {task_command.py:423} INFO - Running <TaskInstance: ModelDevelop.get_data scheduled__2026-01-08T18:00:00+00:00 [running]> on host 8a4f043652f0
[2026-01-16T07:55:37.729+0000] {taskinstance.py:2513} INFO - Exporting env vars: AIRFLOW_CTX_DAG_OWNER='***' AIRFLOW_CTX_DAG_ID='ModelDevelop' AIRFLOW_CTX_TASK_ID='get_data' AIRFLOW_CTX_EXECUTION_DATE='2026-01-08T18:00:00+00:00' AIRFLOW_CTX_TRY_NUMBER='1' AIRFLOW_CTX_DAG_RUN_ID='scheduled__2026-01-08T18:00:00+00:00'
[2026-01-16T07:55:37.741+0000] {python.py:202} INFO - Done. Returned value was: ./iris.csv
[2026-01-16T07:55:37.758+0000] {taskinstance.py:1149} INFO - Marking task as SUCCESS. dag_id=ModelDevelop, task_id=get_data, execution_date=20260108T180000, start_date=20260116T075537, end_date=20260116T075537
[2026-01-16T07:55:37.802+0000] {local_task_job_runner.py:234} INFO - Task exited with return code 0
[2026-01-16T07:55:37.822+0000] {taskinstance.py:3312} INFO - 1 downstream tasks scheduled from follow-on schedule check
[2026-01-17T13:19:19.429+0000] {taskinstance.py:1979} INFO - Dependencies all met for dep_context=non-requeueable deps ti=<TaskInstance: ModelDevelop.get_data scheduled__2026-01-08T18:00:00+00:00 [queued]>
[2026-01-17T13:19:19.436+0000] {taskinstance.py:1979} INFO - Dependencies all met for dep_context=requeueable deps ti=<TaskInstance: ModelDevelop.get_data scheduled__2026-01-08T18:00:00+00:00 [queued]>
[2026-01-17T13:19:19.436+0000] {taskinstance.py:2193} INFO - Starting attempt 1 of 2
[2026-01-17T13:19:19.448+0000] {taskinstance.py:2217} INFO - Executing <Task(PythonOperator): get_data> on 2026-01-08 18:00:00+00:00
[2026-01-17T13:19:19.468+0000] {standard_task_runner.py:60} INFO - Started process 22017 to run task
[2026-01-17T13:19:19.474+0000] {standard_task_runner.py:87} INFO - Running: ['***', 'tasks', 'run', 'ModelDevelop', 'get_data', 'scheduled__2026-01-08T18:00:00+00:00', '--job-id', '325', '--raw', '--subdir', 'DAGS_FOLDER/example.py', '--cfg-path', '/tmp/tmpg9741vb5']
[2026-01-17T13:19:19.475+0000] {standard_task_runner.py:88} INFO - Job 325: Subtask get_data
[2026-01-17T13:19:19.506+0000] {warnings.py:109} WARNING - /home/***/.local/lib/python3.9/site-packages/***/settings.py:194: DeprecationWarning: The sql_alchemy_conn option in [core] has been moved to the sql_alchemy_conn option in [database] - the old setting has been used, but please update your config.
  SQL_ALCHEMY_CONN = conf.get("database", "SQL_ALCHEMY_CONN")

[2026-01-17T13:19:19.534+0000] {task_command.py:423} INFO - Running <TaskInstance: ModelDevelop.get_data scheduled__2026-01-08T18:00:00+00:00 [running]> on host ed3184b6b543
[2026-01-17T13:19:19.632+0000] {taskinstance.py:2513} INFO - Exporting env vars: AIRFLOW_CTX_DAG_OWNER='***' AIRFLOW_CTX_DAG_ID='ModelDevelop' AIRFLOW_CTX_TASK_ID='get_data' AIRFLOW_CTX_EXECUTION_DATE='2026-01-08T18:00:00+00:00' AIRFLOW_CTX_TRY_NUMBER='1' AIRFLOW_CTX_DAG_RUN_ID='scheduled__2026-01-08T18:00:00+00:00'
[2026-01-17T13:19:19.640+0000] {python.py:202} INFO - Done. Returned value was: ./iris.csv
[2026-01-17T13:19:19.655+0000] {taskinstance.py:1149} INFO - Marking task as SUCCESS. dag_id=ModelDevelop, task_id=get_data, execution_date=20260108T180000, start_date=20260117T131919, end_date=20260117T131919
[2026-01-17T13:19:19.701+0000] {local_task_job_runner.py:234} INFO - Task exited with return code 0
[2026-01-17T13:19:19.748+0000] {taskinstance.py:3312} INFO - 1 downstream tasks scheduled from follow-on schedule check
[2026-01-17T13:40:36.137+0000] {taskinstance.py:1979} INFO - Dependencies all met for dep_context=non-requeueable deps ti=<TaskInstance: ModelDevelop.get_data scheduled__2026-01-08T18:00:00+00:00 [queued]>
[2026-01-17T13:40:36.142+0000] {taskinstance.py:1979} INFO - Dependencies all met for dep_context=requeueable deps ti=<TaskInstance: ModelDevelop.get_data scheduled__2026-01-08T18:00:00+00:00 [queued]>
[2026-01-17T13:40:36.142+0000] {taskinstance.py:2193} INFO - Starting attempt 1 of 2
[2026-01-17T13:40:36.151+0000] {taskinstance.py:2217} INFO - Executing <Task(PythonOperator): get_data> on 2026-01-08 18:00:00+00:00
[2026-01-17T13:40:36.157+0000] {standard_task_runner.py:60} INFO - Started process 20855 to run task
[2026-01-17T13:40:36.159+0000] {standard_task_runner.py:87} INFO - Running: ['***', 'tasks', 'run', 'ModelDevelop', 'get_data', 'scheduled__2026-01-08T18:00:00+00:00', '--job-id', '314', '--raw', '--subdir', 'DAGS_FOLDER/example.py', '--cfg-path', '/tmp/tmpspf3wvs0']
[2026-01-17T13:40:36.160+0000] {standard_task_runner.py:88} INFO - Job 314: Subtask get_data
[2026-01-17T13:40:36.167+0000] {warnings.py:109} WARNING - /home/***/.local/lib/python3.9/site-packages/***/settings.py:194: DeprecationWarning: The sql_alchemy_conn option in [core] has been moved to the sql_alchemy_conn option in [database] - the old setting has been used, but please update your config.
  SQL_ALCHEMY_CONN = conf.get("database", "SQL_ALCHEMY_CONN")

[2026-01-17T13:40:36.192+0000] {task_command.py:423} INFO - Running <TaskInstance: ModelDevelop.get_data scheduled__2026-01-08T18:00:00+00:00 [running]> on host 5330652dc216
[2026-01-17T13:40:36.299+0000] {taskinstance.py:2513} INFO - Exporting env vars: AIRFLOW_CTX_DAG_OWNER='***' AIRFLOW_CTX_DAG_ID='ModelDevelop' AIRFLOW_CTX_TASK_ID='get_data' AIRFLOW_CTX_EXECUTION_DATE='2026-01-08T18:00:00+00:00' AIRFLOW_CTX_TRY_NUMBER='1' AIRFLOW_CTX_DAG_RUN_ID='scheduled__2026-01-08T18:00:00+00:00'
[2026-01-17T13:40:36.312+0000] {python.py:202} INFO - Done. Returned value was: ./iris.csv
[2026-01-17T13:40:36.331+0000] {taskinstance.py:1149} INFO - Marking task as SUCCESS. dag_id=ModelDevelop, task_id=get_data, execution_date=20260108T180000, start_date=20260117T134036, end_date=20260117T134036
[2026-01-17T13:40:36.372+0000] {local_task_job_runner.py:234} INFO - Task exited with return code 0
[2026-01-17T13:40:36.427+0000] {taskinstance.py:3312} INFO - 0 downstream tasks scheduled from follow-on schedule check
