[2026-01-16T07:54:46.905+0000] {taskinstance.py:1979} INFO - Dependencies all met for dep_context=non-requeueable deps ti=<TaskInstance: ModelDevelop.get_data scheduled__2026-01-05T19:00:00+00:00 [queued]>
[2026-01-16T07:54:46.911+0000] {taskinstance.py:1979} INFO - Dependencies all met for dep_context=requeueable deps ti=<TaskInstance: ModelDevelop.get_data scheduled__2026-01-05T19:00:00+00:00 [queued]>
[2026-01-16T07:54:46.912+0000] {taskinstance.py:2193} INFO - Starting attempt 1 of 2
[2026-01-16T07:54:46.923+0000] {taskinstance.py:2217} INFO - Executing <Task(PythonOperator): get_data> on 2026-01-05 19:00:00+00:00
[2026-01-16T07:54:46.934+0000] {standard_task_runner.py:60} INFO - Started process 11535 to run task
[2026-01-16T07:54:46.937+0000] {standard_task_runner.py:87} INFO - Running: ['***', 'tasks', 'run', 'ModelDevelop', 'get_data', 'scheduled__2026-01-05T19:00:00+00:00', '--job-id', '173', '--raw', '--subdir', 'DAGS_FOLDER/example.py', '--cfg-path', '/tmp/tmppaqk6w03']
[2026-01-16T07:54:46.938+0000] {standard_task_runner.py:88} INFO - Job 173: Subtask get_data
[2026-01-16T07:54:46.954+0000] {warnings.py:109} WARNING - /home/***/.local/lib/python3.9/site-packages/***/settings.py:194: DeprecationWarning: The sql_alchemy_conn option in [core] has been moved to the sql_alchemy_conn option in [database] - the old setting has been used, but please update your config.
  SQL_ALCHEMY_CONN = conf.get("database", "SQL_ALCHEMY_CONN")

[2026-01-16T07:54:46.983+0000] {task_command.py:423} INFO - Running <TaskInstance: ModelDevelop.get_data scheduled__2026-01-05T19:00:00+00:00 [running]> on host 8a4f043652f0
[2026-01-16T07:54:47.049+0000] {taskinstance.py:2513} INFO - Exporting env vars: AIRFLOW_CTX_DAG_OWNER='***' AIRFLOW_CTX_DAG_ID='ModelDevelop' AIRFLOW_CTX_TASK_ID='get_data' AIRFLOW_CTX_EXECUTION_DATE='2026-01-05T19:00:00+00:00' AIRFLOW_CTX_TRY_NUMBER='1' AIRFLOW_CTX_DAG_RUN_ID='scheduled__2026-01-05T19:00:00+00:00'
[2026-01-16T07:54:47.058+0000] {python.py:202} INFO - Done. Returned value was: ./iris.csv
[2026-01-16T07:54:47.073+0000] {taskinstance.py:1149} INFO - Marking task as SUCCESS. dag_id=ModelDevelop, task_id=get_data, execution_date=20260105T190000, start_date=20260116T075446, end_date=20260116T075447
[2026-01-16T07:54:47.109+0000] {local_task_job_runner.py:234} INFO - Task exited with return code 0
[2026-01-16T07:54:47.172+0000] {taskinstance.py:3312} INFO - 0 downstream tasks scheduled from follow-on schedule check
[2026-01-17T13:18:21.502+0000] {taskinstance.py:1979} INFO - Dependencies all met for dep_context=non-requeueable deps ti=<TaskInstance: ModelDevelop.get_data scheduled__2026-01-05T19:00:00+00:00 [queued]>
[2026-01-17T13:18:21.508+0000] {taskinstance.py:1979} INFO - Dependencies all met for dep_context=requeueable deps ti=<TaskInstance: ModelDevelop.get_data scheduled__2026-01-05T19:00:00+00:00 [queued]>
[2026-01-17T13:18:21.508+0000] {taskinstance.py:2193} INFO - Starting attempt 1 of 2
[2026-01-17T13:18:21.526+0000] {taskinstance.py:2217} INFO - Executing <Task(PythonOperator): get_data> on 2026-01-05 19:00:00+00:00
[2026-01-17T13:18:21.534+0000] {standard_task_runner.py:60} INFO - Started process 11437 to run task
[2026-01-17T13:18:21.549+0000] {standard_task_runner.py:87} INFO - Running: ['***', 'tasks', 'run', 'ModelDevelop', 'get_data', 'scheduled__2026-01-05T19:00:00+00:00', '--job-id', '173', '--raw', '--subdir', 'DAGS_FOLDER/example.py', '--cfg-path', '/tmp/tmp92tjz_a4']
[2026-01-17T13:18:21.550+0000] {standard_task_runner.py:88} INFO - Job 173: Subtask get_data
[2026-01-17T13:18:21.563+0000] {warnings.py:109} WARNING - /home/***/.local/lib/python3.9/site-packages/***/settings.py:194: DeprecationWarning: The sql_alchemy_conn option in [core] has been moved to the sql_alchemy_conn option in [database] - the old setting has been used, but please update your config.
  SQL_ALCHEMY_CONN = conf.get("database", "SQL_ALCHEMY_CONN")

[2026-01-17T13:18:21.600+0000] {task_command.py:423} INFO - Running <TaskInstance: ModelDevelop.get_data scheduled__2026-01-05T19:00:00+00:00 [running]> on host ed3184b6b543
[2026-01-17T13:18:21.684+0000] {taskinstance.py:2513} INFO - Exporting env vars: AIRFLOW_CTX_DAG_OWNER='***' AIRFLOW_CTX_DAG_ID='ModelDevelop' AIRFLOW_CTX_TASK_ID='get_data' AIRFLOW_CTX_EXECUTION_DATE='2026-01-05T19:00:00+00:00' AIRFLOW_CTX_TRY_NUMBER='1' AIRFLOW_CTX_DAG_RUN_ID='scheduled__2026-01-05T19:00:00+00:00'
[2026-01-17T13:18:21.694+0000] {python.py:202} INFO - Done. Returned value was: ./iris.csv
[2026-01-17T13:18:21.721+0000] {taskinstance.py:1149} INFO - Marking task as SUCCESS. dag_id=ModelDevelop, task_id=get_data, execution_date=20260105T190000, start_date=20260117T131821, end_date=20260117T131821
[2026-01-17T13:18:21.767+0000] {local_task_job_runner.py:234} INFO - Task exited with return code 0
[2026-01-17T13:18:21.836+0000] {taskinstance.py:3312} INFO - 0 downstream tasks scheduled from follow-on schedule check
[2026-01-17T13:39:43.277+0000] {taskinstance.py:1979} INFO - Dependencies all met for dep_context=non-requeueable deps ti=<TaskInstance: ModelDevelop.get_data scheduled__2026-01-05T19:00:00+00:00 [queued]>
[2026-01-17T13:39:43.284+0000] {taskinstance.py:1979} INFO - Dependencies all met for dep_context=requeueable deps ti=<TaskInstance: ModelDevelop.get_data scheduled__2026-01-05T19:00:00+00:00 [queued]>
[2026-01-17T13:39:43.284+0000] {taskinstance.py:2193} INFO - Starting attempt 1 of 2
[2026-01-17T13:39:43.371+0000] {taskinstance.py:2217} INFO - Executing <Task(PythonOperator): get_data> on 2026-01-05 19:00:00+00:00
[2026-01-17T13:39:43.382+0000] {standard_task_runner.py:60} INFO - Started process 11534 to run task
[2026-01-17T13:39:43.388+0000] {standard_task_runner.py:87} INFO - Running: ['***', 'tasks', 'run', 'ModelDevelop', 'get_data', 'scheduled__2026-01-05T19:00:00+00:00', '--job-id', '173', '--raw', '--subdir', 'DAGS_FOLDER/example.py', '--cfg-path', '/tmp/tmpifipph38']
[2026-01-17T13:39:43.389+0000] {standard_task_runner.py:88} INFO - Job 173: Subtask get_data
[2026-01-17T13:39:43.427+0000] {warnings.py:109} WARNING - /home/***/.local/lib/python3.9/site-packages/***/settings.py:194: DeprecationWarning: The sql_alchemy_conn option in [core] has been moved to the sql_alchemy_conn option in [database] - the old setting has been used, but please update your config.
  SQL_ALCHEMY_CONN = conf.get("database", "SQL_ALCHEMY_CONN")

[2026-01-17T13:39:43.481+0000] {task_command.py:423} INFO - Running <TaskInstance: ModelDevelop.get_data scheduled__2026-01-05T19:00:00+00:00 [running]> on host 5330652dc216
[2026-01-17T13:39:43.552+0000] {taskinstance.py:2513} INFO - Exporting env vars: AIRFLOW_CTX_DAG_OWNER='***' AIRFLOW_CTX_DAG_ID='ModelDevelop' AIRFLOW_CTX_TASK_ID='get_data' AIRFLOW_CTX_EXECUTION_DATE='2026-01-05T19:00:00+00:00' AIRFLOW_CTX_TRY_NUMBER='1' AIRFLOW_CTX_DAG_RUN_ID='scheduled__2026-01-05T19:00:00+00:00'
[2026-01-17T13:39:43.560+0000] {python.py:202} INFO - Done. Returned value was: ./iris.csv
[2026-01-17T13:39:43.575+0000] {taskinstance.py:1149} INFO - Marking task as SUCCESS. dag_id=ModelDevelop, task_id=get_data, execution_date=20260105T190000, start_date=20260117T133943, end_date=20260117T133943
[2026-01-17T13:39:43.638+0000] {local_task_job_runner.py:234} INFO - Task exited with return code 0
[2026-01-17T13:39:43.691+0000] {taskinstance.py:3312} INFO - 0 downstream tasks scheduled from follow-on schedule check
