[2026-01-16T07:54:37.092+0000] {taskinstance.py:1979} INFO - Dependencies all met for dep_context=non-requeueable deps ti=<TaskInstance: ModelDevelop.get_data scheduled__2026-01-05T06:00:00+00:00 [queued]>
[2026-01-16T07:54:37.098+0000] {taskinstance.py:1979} INFO - Dependencies all met for dep_context=requeueable deps ti=<TaskInstance: ModelDevelop.get_data scheduled__2026-01-05T06:00:00+00:00 [queued]>
[2026-01-16T07:54:37.098+0000] {taskinstance.py:2193} INFO - Starting attempt 1 of 2
[2026-01-16T07:54:37.106+0000] {taskinstance.py:2217} INFO - Executing <Task(PythonOperator): get_data> on 2026-01-05 06:00:00+00:00
[2026-01-16T07:54:37.113+0000] {standard_task_runner.py:60} INFO - Started process 9493 to run task
[2026-01-16T07:54:37.115+0000] {standard_task_runner.py:87} INFO - Running: ['***', 'tasks', 'run', 'ModelDevelop', 'get_data', 'scheduled__2026-01-05T06:00:00+00:00', '--job-id', '144', '--raw', '--subdir', 'DAGS_FOLDER/example.py', '--cfg-path', '/tmp/tmp5jhbeq86']
[2026-01-16T07:54:37.116+0000] {standard_task_runner.py:88} INFO - Job 144: Subtask get_data
[2026-01-16T07:54:37.125+0000] {warnings.py:109} WARNING - /home/***/.local/lib/python3.9/site-packages/***/settings.py:194: DeprecationWarning: The sql_alchemy_conn option in [core] has been moved to the sql_alchemy_conn option in [database] - the old setting has been used, but please update your config.
  SQL_ALCHEMY_CONN = conf.get("database", "SQL_ALCHEMY_CONN")

[2026-01-16T07:54:37.154+0000] {task_command.py:423} INFO - Running <TaskInstance: ModelDevelop.get_data scheduled__2026-01-05T06:00:00+00:00 [running]> on host 8a4f043652f0
[2026-01-16T07:54:37.240+0000] {taskinstance.py:2513} INFO - Exporting env vars: AIRFLOW_CTX_DAG_OWNER='***' AIRFLOW_CTX_DAG_ID='ModelDevelop' AIRFLOW_CTX_TASK_ID='get_data' AIRFLOW_CTX_EXECUTION_DATE='2026-01-05T06:00:00+00:00' AIRFLOW_CTX_TRY_NUMBER='1' AIRFLOW_CTX_DAG_RUN_ID='scheduled__2026-01-05T06:00:00+00:00'
[2026-01-16T07:54:37.250+0000] {python.py:202} INFO - Done. Returned value was: ./iris.csv
[2026-01-16T07:54:37.276+0000] {taskinstance.py:1149} INFO - Marking task as SUCCESS. dag_id=ModelDevelop, task_id=get_data, execution_date=20260105T060000, start_date=20260116T075437, end_date=20260116T075437
[2026-01-16T07:54:37.327+0000] {local_task_job_runner.py:234} INFO - Task exited with return code 0
[2026-01-16T07:54:37.345+0000] {taskinstance.py:3312} INFO - 1 downstream tasks scheduled from follow-on schedule check
[2026-01-17T13:18:11.651+0000] {taskinstance.py:1979} INFO - Dependencies all met for dep_context=non-requeueable deps ti=<TaskInstance: ModelDevelop.get_data scheduled__2026-01-05T06:00:00+00:00 [queued]>
[2026-01-17T13:18:11.656+0000] {taskinstance.py:1979} INFO - Dependencies all met for dep_context=requeueable deps ti=<TaskInstance: ModelDevelop.get_data scheduled__2026-01-05T06:00:00+00:00 [queued]>
[2026-01-17T13:18:11.657+0000] {taskinstance.py:2193} INFO - Starting attempt 1 of 2
[2026-01-17T13:18:11.666+0000] {taskinstance.py:2217} INFO - Executing <Task(PythonOperator): get_data> on 2026-01-05 06:00:00+00:00
[2026-01-17T13:18:11.673+0000] {standard_task_runner.py:60} INFO - Started process 9367 to run task
[2026-01-17T13:18:11.675+0000] {standard_task_runner.py:87} INFO - Running: ['***', 'tasks', 'run', 'ModelDevelop', 'get_data', 'scheduled__2026-01-05T06:00:00+00:00', '--job-id', '144', '--raw', '--subdir', 'DAGS_FOLDER/example.py', '--cfg-path', '/tmp/tmp3a9q5cv7']
[2026-01-17T13:18:11.676+0000] {standard_task_runner.py:88} INFO - Job 144: Subtask get_data
[2026-01-17T13:18:11.685+0000] {warnings.py:109} WARNING - /home/***/.local/lib/python3.9/site-packages/***/settings.py:194: DeprecationWarning: The sql_alchemy_conn option in [core] has been moved to the sql_alchemy_conn option in [database] - the old setting has been used, but please update your config.
  SQL_ALCHEMY_CONN = conf.get("database", "SQL_ALCHEMY_CONN")

[2026-01-17T13:18:11.716+0000] {task_command.py:423} INFO - Running <TaskInstance: ModelDevelop.get_data scheduled__2026-01-05T06:00:00+00:00 [running]> on host ed3184b6b543
[2026-01-17T13:18:11.824+0000] {taskinstance.py:2513} INFO - Exporting env vars: AIRFLOW_CTX_DAG_OWNER='***' AIRFLOW_CTX_DAG_ID='ModelDevelop' AIRFLOW_CTX_TASK_ID='get_data' AIRFLOW_CTX_EXECUTION_DATE='2026-01-05T06:00:00+00:00' AIRFLOW_CTX_TRY_NUMBER='1' AIRFLOW_CTX_DAG_RUN_ID='scheduled__2026-01-05T06:00:00+00:00'
[2026-01-17T13:18:11.838+0000] {python.py:202} INFO - Done. Returned value was: ./iris.csv
[2026-01-17T13:18:11.881+0000] {taskinstance.py:1149} INFO - Marking task as SUCCESS. dag_id=ModelDevelop, task_id=get_data, execution_date=20260105T060000, start_date=20260117T131811, end_date=20260117T131811
[2026-01-17T13:18:11.974+0000] {local_task_job_runner.py:234} INFO - Task exited with return code 0
[2026-01-17T13:18:12.021+0000] {taskinstance.py:3312} INFO - 1 downstream tasks scheduled from follow-on schedule check
[2026-01-17T13:39:33.228+0000] {taskinstance.py:1979} INFO - Dependencies all met for dep_context=non-requeueable deps ti=<TaskInstance: ModelDevelop.get_data scheduled__2026-01-05T06:00:00+00:00 [queued]>
[2026-01-17T13:39:33.233+0000] {taskinstance.py:1979} INFO - Dependencies all met for dep_context=requeueable deps ti=<TaskInstance: ModelDevelop.get_data scheduled__2026-01-05T06:00:00+00:00 [queued]>
[2026-01-17T13:39:33.234+0000] {taskinstance.py:2193} INFO - Starting attempt 1 of 2
[2026-01-17T13:39:33.242+0000] {taskinstance.py:2217} INFO - Executing <Task(PythonOperator): get_data> on 2026-01-05 06:00:00+00:00
[2026-01-17T13:39:33.249+0000] {standard_task_runner.py:60} INFO - Started process 9266 to run task
[2026-01-17T13:39:33.251+0000] {standard_task_runner.py:87} INFO - Running: ['***', 'tasks', 'run', 'ModelDevelop', 'get_data', 'scheduled__2026-01-05T06:00:00+00:00', '--job-id', '144', '--raw', '--subdir', 'DAGS_FOLDER/example.py', '--cfg-path', '/tmp/tmpx618mcx8']
[2026-01-17T13:39:33.251+0000] {standard_task_runner.py:88} INFO - Job 144: Subtask get_data
[2026-01-17T13:39:33.260+0000] {warnings.py:109} WARNING - /home/***/.local/lib/python3.9/site-packages/***/settings.py:194: DeprecationWarning: The sql_alchemy_conn option in [core] has been moved to the sql_alchemy_conn option in [database] - the old setting has been used, but please update your config.
  SQL_ALCHEMY_CONN = conf.get("database", "SQL_ALCHEMY_CONN")

[2026-01-17T13:39:33.287+0000] {task_command.py:423} INFO - Running <TaskInstance: ModelDevelop.get_data scheduled__2026-01-05T06:00:00+00:00 [running]> on host 5330652dc216
[2026-01-17T13:39:33.339+0000] {taskinstance.py:2513} INFO - Exporting env vars: AIRFLOW_CTX_DAG_OWNER='***' AIRFLOW_CTX_DAG_ID='ModelDevelop' AIRFLOW_CTX_TASK_ID='get_data' AIRFLOW_CTX_EXECUTION_DATE='2026-01-05T06:00:00+00:00' AIRFLOW_CTX_TRY_NUMBER='1' AIRFLOW_CTX_DAG_RUN_ID='scheduled__2026-01-05T06:00:00+00:00'
[2026-01-17T13:39:33.350+0000] {python.py:202} INFO - Done. Returned value was: ./iris.csv
[2026-01-17T13:39:33.367+0000] {taskinstance.py:1149} INFO - Marking task as SUCCESS. dag_id=ModelDevelop, task_id=get_data, execution_date=20260105T060000, start_date=20260117T133933, end_date=20260117T133933
[2026-01-17T13:39:33.423+0000] {local_task_job_runner.py:234} INFO - Task exited with return code 0
[2026-01-17T13:39:33.487+0000] {taskinstance.py:3312} INFO - 0 downstream tasks scheduled from follow-on schedule check
