[2026-01-16T07:55:58.324+0000] {taskinstance.py:1979} INFO - Dependencies all met for dep_context=non-requeueable deps ti=<TaskInstance: ModelDevelop.get_data scheduled__2026-01-10T09:00:00+00:00 [queued]>
[2026-01-16T07:55:58.329+0000] {taskinstance.py:1979} INFO - Dependencies all met for dep_context=requeueable deps ti=<TaskInstance: ModelDevelop.get_data scheduled__2026-01-10T09:00:00+00:00 [queued]>
[2026-01-16T07:55:58.329+0000] {taskinstance.py:2193} INFO - Starting attempt 1 of 2
[2026-01-16T07:55:58.338+0000] {taskinstance.py:2217} INFO - Executing <Task(PythonOperator): get_data> on 2026-01-10 09:00:00+00:00
[2026-01-16T07:55:58.344+0000] {standard_task_runner.py:60} INFO - Started process 26347 to run task
[2026-01-16T07:55:58.347+0000] {standard_task_runner.py:87} INFO - Running: ['***', 'tasks', 'run', 'ModelDevelop', 'get_data', 'scheduled__2026-01-10T09:00:00+00:00', '--job-id', '395', '--raw', '--subdir', 'DAGS_FOLDER/example.py', '--cfg-path', '/tmp/tmpvr9mytkb']
[2026-01-16T07:55:58.347+0000] {standard_task_runner.py:88} INFO - Job 395: Subtask get_data
[2026-01-16T07:55:58.356+0000] {warnings.py:109} WARNING - /home/***/.local/lib/python3.9/site-packages/***/settings.py:194: DeprecationWarning: The sql_alchemy_conn option in [core] has been moved to the sql_alchemy_conn option in [database] - the old setting has been used, but please update your config.
  SQL_ALCHEMY_CONN = conf.get("database", "SQL_ALCHEMY_CONN")

[2026-01-16T07:55:58.387+0000] {task_command.py:423} INFO - Running <TaskInstance: ModelDevelop.get_data scheduled__2026-01-10T09:00:00+00:00 [running]> on host 8a4f043652f0
[2026-01-16T07:55:58.454+0000] {taskinstance.py:2513} INFO - Exporting env vars: AIRFLOW_CTX_DAG_OWNER='***' AIRFLOW_CTX_DAG_ID='ModelDevelop' AIRFLOW_CTX_TASK_ID='get_data' AIRFLOW_CTX_EXECUTION_DATE='2026-01-10T09:00:00+00:00' AIRFLOW_CTX_TRY_NUMBER='1' AIRFLOW_CTX_DAG_RUN_ID='scheduled__2026-01-10T09:00:00+00:00'
[2026-01-16T07:55:58.464+0000] {python.py:202} INFO - Done. Returned value was: ./iris.csv
[2026-01-16T07:55:58.478+0000] {taskinstance.py:1149} INFO - Marking task as SUCCESS. dag_id=ModelDevelop, task_id=get_data, execution_date=20260110T090000, start_date=20260116T075558, end_date=20260116T075558
[2026-01-16T07:55:58.519+0000] {local_task_job_runner.py:234} INFO - Task exited with return code 0
[2026-01-16T07:55:58.555+0000] {taskinstance.py:3312} INFO - 1 downstream tasks scheduled from follow-on schedule check
[2026-01-17T13:19:41.776+0000] {taskinstance.py:1979} INFO - Dependencies all met for dep_context=non-requeueable deps ti=<TaskInstance: ModelDevelop.get_data scheduled__2026-01-10T09:00:00+00:00 [queued]>
[2026-01-17T13:19:41.808+0000] {taskinstance.py:1979} INFO - Dependencies all met for dep_context=requeueable deps ti=<TaskInstance: ModelDevelop.get_data scheduled__2026-01-10T09:00:00+00:00 [queued]>
[2026-01-17T13:19:41.808+0000] {taskinstance.py:2193} INFO - Starting attempt 1 of 2
[2026-01-17T13:19:41.836+0000] {taskinstance.py:2217} INFO - Executing <Task(PythonOperator): get_data> on 2026-01-10 09:00:00+00:00
[2026-01-17T13:19:41.854+0000] {standard_task_runner.py:60} INFO - Started process 26475 to run task
[2026-01-17T13:19:41.857+0000] {standard_task_runner.py:87} INFO - Running: ['***', 'tasks', 'run', 'ModelDevelop', 'get_data', 'scheduled__2026-01-10T09:00:00+00:00', '--job-id', '396', '--raw', '--subdir', 'DAGS_FOLDER/example.py', '--cfg-path', '/tmp/tmpfztxddwl']
[2026-01-17T13:19:41.858+0000] {standard_task_runner.py:88} INFO - Job 396: Subtask get_data
[2026-01-17T13:19:41.872+0000] {warnings.py:109} WARNING - /home/***/.local/lib/python3.9/site-packages/***/settings.py:194: DeprecationWarning: The sql_alchemy_conn option in [core] has been moved to the sql_alchemy_conn option in [database] - the old setting has been used, but please update your config.
  SQL_ALCHEMY_CONN = conf.get("database", "SQL_ALCHEMY_CONN")

[2026-01-17T13:19:41.907+0000] {task_command.py:423} INFO - Running <TaskInstance: ModelDevelop.get_data scheduled__2026-01-10T09:00:00+00:00 [running]> on host ed3184b6b543
[2026-01-17T13:19:42.034+0000] {taskinstance.py:2513} INFO - Exporting env vars: AIRFLOW_CTX_DAG_OWNER='***' AIRFLOW_CTX_DAG_ID='ModelDevelop' AIRFLOW_CTX_TASK_ID='get_data' AIRFLOW_CTX_EXECUTION_DATE='2026-01-10T09:00:00+00:00' AIRFLOW_CTX_TRY_NUMBER='1' AIRFLOW_CTX_DAG_RUN_ID='scheduled__2026-01-10T09:00:00+00:00'
[2026-01-17T13:19:42.043+0000] {python.py:202} INFO - Done. Returned value was: ./iris.csv
[2026-01-17T13:19:42.069+0000] {taskinstance.py:1149} INFO - Marking task as SUCCESS. dag_id=ModelDevelop, task_id=get_data, execution_date=20260110T090000, start_date=20260117T131941, end_date=20260117T131942
[2026-01-17T13:19:42.113+0000] {local_task_job_runner.py:234} INFO - Task exited with return code 0
[2026-01-17T13:19:42.136+0000] {taskinstance.py:3312} INFO - 1 downstream tasks scheduled from follow-on schedule check
[2026-01-17T13:41:09.551+0000] {taskinstance.py:1979} INFO - Dependencies all met for dep_context=non-requeueable deps ti=<TaskInstance: ModelDevelop.get_data scheduled__2026-01-10T09:00:00+00:00 [queued]>
[2026-01-17T13:41:09.557+0000] {taskinstance.py:1979} INFO - Dependencies all met for dep_context=requeueable deps ti=<TaskInstance: ModelDevelop.get_data scheduled__2026-01-10T09:00:00+00:00 [queued]>
[2026-01-17T13:41:09.558+0000] {taskinstance.py:2193} INFO - Starting attempt 1 of 2
[2026-01-17T13:41:09.567+0000] {taskinstance.py:2217} INFO - Executing <Task(PythonOperator): get_data> on 2026-01-10 09:00:00+00:00
[2026-01-17T13:41:09.575+0000] {standard_task_runner.py:60} INFO - Started process 26977 to run task
[2026-01-17T13:41:09.578+0000] {standard_task_runner.py:87} INFO - Running: ['***', 'tasks', 'run', 'ModelDevelop', 'get_data', 'scheduled__2026-01-10T09:00:00+00:00', '--job-id', '401', '--raw', '--subdir', 'DAGS_FOLDER/example.py', '--cfg-path', '/tmp/tmpxc12qryh']
[2026-01-17T13:41:09.579+0000] {standard_task_runner.py:88} INFO - Job 401: Subtask get_data
[2026-01-17T13:41:09.588+0000] {warnings.py:109} WARNING - /home/***/.local/lib/python3.9/site-packages/***/settings.py:194: DeprecationWarning: The sql_alchemy_conn option in [core] has been moved to the sql_alchemy_conn option in [database] - the old setting has been used, but please update your config.
  SQL_ALCHEMY_CONN = conf.get("database", "SQL_ALCHEMY_CONN")

[2026-01-17T13:41:09.617+0000] {task_command.py:423} INFO - Running <TaskInstance: ModelDevelop.get_data scheduled__2026-01-10T09:00:00+00:00 [running]> on host 5330652dc216
[2026-01-17T13:41:09.667+0000] {taskinstance.py:2513} INFO - Exporting env vars: AIRFLOW_CTX_DAG_OWNER='***' AIRFLOW_CTX_DAG_ID='ModelDevelop' AIRFLOW_CTX_TASK_ID='get_data' AIRFLOW_CTX_EXECUTION_DATE='2026-01-10T09:00:00+00:00' AIRFLOW_CTX_TRY_NUMBER='1' AIRFLOW_CTX_DAG_RUN_ID='scheduled__2026-01-10T09:00:00+00:00'
[2026-01-17T13:41:09.685+0000] {python.py:202} INFO - Done. Returned value was: ./iris.csv
[2026-01-17T13:41:09.734+0000] {taskinstance.py:1149} INFO - Marking task as SUCCESS. dag_id=ModelDevelop, task_id=get_data, execution_date=20260110T090000, start_date=20260117T134109, end_date=20260117T134109
[2026-01-17T13:41:09.789+0000] {local_task_job_runner.py:234} INFO - Task exited with return code 0
[2026-01-17T13:41:09.809+0000] {taskinstance.py:3312} INFO - 1 downstream tasks scheduled from follow-on schedule check
