[2026-01-16T07:55:18.421+0000] {taskinstance.py:1979} INFO - Dependencies all met for dep_context=non-requeueable deps ti=<TaskInstance: ModelDevelop.get_data scheduled__2026-01-07T19:00:00+00:00 [queued]>
[2026-01-16T07:55:18.426+0000] {taskinstance.py:1979} INFO - Dependencies all met for dep_context=requeueable deps ti=<TaskInstance: ModelDevelop.get_data scheduled__2026-01-07T19:00:00+00:00 [queued]>
[2026-01-16T07:55:18.427+0000] {taskinstance.py:2193} INFO - Starting attempt 1 of 2
[2026-01-16T07:55:18.435+0000] {taskinstance.py:2217} INFO - Executing <Task(PythonOperator): get_data> on 2026-01-07 19:00:00+00:00
[2026-01-16T07:55:18.444+0000] {standard_task_runner.py:60} INFO - Started process 17843 to run task
[2026-01-16T07:55:18.447+0000] {standard_task_runner.py:87} INFO - Running: ['***', 'tasks', 'run', 'ModelDevelop', 'get_data', 'scheduled__2026-01-07T19:00:00+00:00', '--job-id', '269', '--raw', '--subdir', 'DAGS_FOLDER/example.py', '--cfg-path', '/tmp/tmpz1a_yxvc']
[2026-01-16T07:55:18.448+0000] {standard_task_runner.py:88} INFO - Job 269: Subtask get_data
[2026-01-16T07:55:18.457+0000] {warnings.py:109} WARNING - /home/***/.local/lib/python3.9/site-packages/***/settings.py:194: DeprecationWarning: The sql_alchemy_conn option in [core] has been moved to the sql_alchemy_conn option in [database] - the old setting has been used, but please update your config.
  SQL_ALCHEMY_CONN = conf.get("database", "SQL_ALCHEMY_CONN")

[2026-01-16T07:55:18.488+0000] {task_command.py:423} INFO - Running <TaskInstance: ModelDevelop.get_data scheduled__2026-01-07T19:00:00+00:00 [running]> on host 8a4f043652f0
[2026-01-16T07:55:18.620+0000] {taskinstance.py:2513} INFO - Exporting env vars: AIRFLOW_CTX_DAG_OWNER='***' AIRFLOW_CTX_DAG_ID='ModelDevelop' AIRFLOW_CTX_TASK_ID='get_data' AIRFLOW_CTX_EXECUTION_DATE='2026-01-07T19:00:00+00:00' AIRFLOW_CTX_TRY_NUMBER='1' AIRFLOW_CTX_DAG_RUN_ID='scheduled__2026-01-07T19:00:00+00:00'
[2026-01-16T07:55:18.634+0000] {python.py:202} INFO - Done. Returned value was: ./iris.csv
[2026-01-16T07:55:18.673+0000] {taskinstance.py:1149} INFO - Marking task as SUCCESS. dag_id=ModelDevelop, task_id=get_data, execution_date=20260107T190000, start_date=20260116T075518, end_date=20260116T075518
[2026-01-16T07:55:18.820+0000] {local_task_job_runner.py:234} INFO - Task exited with return code 0
[2026-01-16T07:55:18.838+0000] {taskinstance.py:3312} INFO - 1 downstream tasks scheduled from follow-on schedule check
[2026-01-17T13:18:52.133+0000] {taskinstance.py:1979} INFO - Dependencies all met for dep_context=non-requeueable deps ti=<TaskInstance: ModelDevelop.get_data scheduled__2026-01-07T19:00:00+00:00 [queued]>
[2026-01-17T13:18:52.142+0000] {taskinstance.py:1979} INFO - Dependencies all met for dep_context=requeueable deps ti=<TaskInstance: ModelDevelop.get_data scheduled__2026-01-07T19:00:00+00:00 [queued]>
[2026-01-17T13:18:52.142+0000] {taskinstance.py:2193} INFO - Starting attempt 1 of 2
[2026-01-17T13:18:52.152+0000] {taskinstance.py:2217} INFO - Executing <Task(PythonOperator): get_data> on 2026-01-07 19:00:00+00:00
[2026-01-17T13:18:52.163+0000] {standard_task_runner.py:60} INFO - Started process 17903 to run task
[2026-01-17T13:18:52.165+0000] {standard_task_runner.py:87} INFO - Running: ['***', 'tasks', 'run', 'ModelDevelop', 'get_data', 'scheduled__2026-01-07T19:00:00+00:00', '--job-id', '269', '--raw', '--subdir', 'DAGS_FOLDER/example.py', '--cfg-path', '/tmp/tmp0cy4arbx']
[2026-01-17T13:18:52.166+0000] {standard_task_runner.py:88} INFO - Job 269: Subtask get_data
[2026-01-17T13:18:52.175+0000] {warnings.py:109} WARNING - /home/***/.local/lib/python3.9/site-packages/***/settings.py:194: DeprecationWarning: The sql_alchemy_conn option in [core] has been moved to the sql_alchemy_conn option in [database] - the old setting has been used, but please update your config.
  SQL_ALCHEMY_CONN = conf.get("database", "SQL_ALCHEMY_CONN")

[2026-01-17T13:18:52.199+0000] {task_command.py:423} INFO - Running <TaskInstance: ModelDevelop.get_data scheduled__2026-01-07T19:00:00+00:00 [running]> on host ed3184b6b543
[2026-01-17T13:18:52.251+0000] {taskinstance.py:2513} INFO - Exporting env vars: AIRFLOW_CTX_DAG_OWNER='***' AIRFLOW_CTX_DAG_ID='ModelDevelop' AIRFLOW_CTX_TASK_ID='get_data' AIRFLOW_CTX_EXECUTION_DATE='2026-01-07T19:00:00+00:00' AIRFLOW_CTX_TRY_NUMBER='1' AIRFLOW_CTX_DAG_RUN_ID='scheduled__2026-01-07T19:00:00+00:00'
[2026-01-17T13:18:52.260+0000] {python.py:202} INFO - Done. Returned value was: ./iris.csv
[2026-01-17T13:18:52.296+0000] {taskinstance.py:1149} INFO - Marking task as SUCCESS. dag_id=ModelDevelop, task_id=get_data, execution_date=20260107T190000, start_date=20260117T131852, end_date=20260117T131852
[2026-01-17T13:18:52.338+0000] {local_task_job_runner.py:234} INFO - Task exited with return code 0
[2026-01-17T13:18:52.358+0000] {taskinstance.py:3312} INFO - 1 downstream tasks scheduled from follow-on schedule check
[2026-01-17T13:40:25.025+0000] {taskinstance.py:1979} INFO - Dependencies all met for dep_context=non-requeueable deps ti=<TaskInstance: ModelDevelop.get_data scheduled__2026-01-07T19:00:00+00:00 [queued]>
[2026-01-17T13:40:25.030+0000] {taskinstance.py:1979} INFO - Dependencies all met for dep_context=requeueable deps ti=<TaskInstance: ModelDevelop.get_data scheduled__2026-01-07T19:00:00+00:00 [queued]>
[2026-01-17T13:40:25.030+0000] {taskinstance.py:2193} INFO - Starting attempt 1 of 2
[2026-01-17T13:40:25.120+0000] {taskinstance.py:2217} INFO - Executing <Task(PythonOperator): get_data> on 2026-01-07 19:00:00+00:00
[2026-01-17T13:40:25.127+0000] {standard_task_runner.py:60} INFO - Started process 18499 to run task
[2026-01-17T13:40:25.138+0000] {standard_task_runner.py:87} INFO - Running: ['***', 'tasks', 'run', 'ModelDevelop', 'get_data', 'scheduled__2026-01-07T19:00:00+00:00', '--job-id', '275', '--raw', '--subdir', 'DAGS_FOLDER/example.py', '--cfg-path', '/tmp/tmplp49vxfi']
[2026-01-17T13:40:25.139+0000] {standard_task_runner.py:88} INFO - Job 275: Subtask get_data
[2026-01-17T13:40:25.161+0000] {warnings.py:109} WARNING - /home/***/.local/lib/python3.9/site-packages/***/settings.py:194: DeprecationWarning: The sql_alchemy_conn option in [core] has been moved to the sql_alchemy_conn option in [database] - the old setting has been used, but please update your config.
  SQL_ALCHEMY_CONN = conf.get("database", "SQL_ALCHEMY_CONN")

[2026-01-17T13:40:25.188+0000] {task_command.py:423} INFO - Running <TaskInstance: ModelDevelop.get_data scheduled__2026-01-07T19:00:00+00:00 [running]> on host 5330652dc216
[2026-01-17T13:40:25.239+0000] {taskinstance.py:2513} INFO - Exporting env vars: AIRFLOW_CTX_DAG_OWNER='***' AIRFLOW_CTX_DAG_ID='ModelDevelop' AIRFLOW_CTX_TASK_ID='get_data' AIRFLOW_CTX_EXECUTION_DATE='2026-01-07T19:00:00+00:00' AIRFLOW_CTX_TRY_NUMBER='1' AIRFLOW_CTX_DAG_RUN_ID='scheduled__2026-01-07T19:00:00+00:00'
[2026-01-17T13:40:25.248+0000] {python.py:202} INFO - Done. Returned value was: ./iris.csv
[2026-01-17T13:40:25.282+0000] {taskinstance.py:1149} INFO - Marking task as SUCCESS. dag_id=ModelDevelop, task_id=get_data, execution_date=20260107T190000, start_date=20260117T134025, end_date=20260117T134025
[2026-01-17T13:40:25.355+0000] {local_task_job_runner.py:234} INFO - Task exited with return code 0
[2026-01-17T13:40:25.376+0000] {taskinstance.py:3312} INFO - 1 downstream tasks scheduled from follow-on schedule check
