[2026-01-16T07:54:35.942+0000] {taskinstance.py:1979} INFO - Dependencies all met for dep_context=non-requeueable deps ti=<TaskInstance: ModelDevelop.get_data scheduled__2026-01-04T22:00:00+00:00 [queued]>
[2026-01-16T07:54:35.950+0000] {taskinstance.py:1979} INFO - Dependencies all met for dep_context=requeueable deps ti=<TaskInstance: ModelDevelop.get_data scheduled__2026-01-04T22:00:00+00:00 [queued]>
[2026-01-16T07:54:35.950+0000] {taskinstance.py:2193} INFO - Starting attempt 1 of 2
[2026-01-16T07:54:35.962+0000] {taskinstance.py:2217} INFO - Executing <Task(PythonOperator): get_data> on 2026-01-04 22:00:00+00:00
[2026-01-16T07:54:35.972+0000] {standard_task_runner.py:60} INFO - Started process 9126 to run task
[2026-01-16T07:54:35.974+0000] {standard_task_runner.py:87} INFO - Running: ['***', 'tasks', 'run', 'ModelDevelop', 'get_data', 'scheduled__2026-01-04T22:00:00+00:00', '--job-id', '136', '--raw', '--subdir', 'DAGS_FOLDER/example.py', '--cfg-path', '/tmp/tmphmz7tlav']
[2026-01-16T07:54:35.975+0000] {standard_task_runner.py:88} INFO - Job 136: Subtask get_data
[2026-01-16T07:54:35.985+0000] {warnings.py:109} WARNING - /home/***/.local/lib/python3.9/site-packages/***/settings.py:194: DeprecationWarning: The sql_alchemy_conn option in [core] has been moved to the sql_alchemy_conn option in [database] - the old setting has been used, but please update your config.
  SQL_ALCHEMY_CONN = conf.get("database", "SQL_ALCHEMY_CONN")

[2026-01-16T07:54:36.018+0000] {task_command.py:423} INFO - Running <TaskInstance: ModelDevelop.get_data scheduled__2026-01-04T22:00:00+00:00 [running]> on host 8a4f043652f0
[2026-01-16T07:54:36.133+0000] {taskinstance.py:2513} INFO - Exporting env vars: AIRFLOW_CTX_DAG_OWNER='***' AIRFLOW_CTX_DAG_ID='ModelDevelop' AIRFLOW_CTX_TASK_ID='get_data' AIRFLOW_CTX_EXECUTION_DATE='2026-01-04T22:00:00+00:00' AIRFLOW_CTX_TRY_NUMBER='1' AIRFLOW_CTX_DAG_RUN_ID='scheduled__2026-01-04T22:00:00+00:00'
[2026-01-16T07:54:36.143+0000] {python.py:202} INFO - Done. Returned value was: ./iris.csv
[2026-01-16T07:54:36.168+0000] {taskinstance.py:1149} INFO - Marking task as SUCCESS. dag_id=ModelDevelop, task_id=get_data, execution_date=20260104T220000, start_date=20260116T075435, end_date=20260116T075436
[2026-01-16T07:54:36.227+0000] {local_task_job_runner.py:234} INFO - Task exited with return code 0
[2026-01-16T07:54:36.285+0000] {taskinstance.py:3312} INFO - 0 downstream tasks scheduled from follow-on schedule check
[2026-01-17T13:18:10.770+0000] {taskinstance.py:1979} INFO - Dependencies all met for dep_context=non-requeueable deps ti=<TaskInstance: ModelDevelop.get_data scheduled__2026-01-04T22:00:00+00:00 [queued]>
[2026-01-17T13:18:10.776+0000] {taskinstance.py:1979} INFO - Dependencies all met for dep_context=requeueable deps ti=<TaskInstance: ModelDevelop.get_data scheduled__2026-01-04T22:00:00+00:00 [queued]>
[2026-01-17T13:18:10.776+0000] {taskinstance.py:2193} INFO - Starting attempt 1 of 2
[2026-01-17T13:18:10.840+0000] {taskinstance.py:2217} INFO - Executing <Task(PythonOperator): get_data> on 2026-01-04 22:00:00+00:00
[2026-01-17T13:18:10.848+0000] {standard_task_runner.py:60} INFO - Started process 9155 to run task
[2026-01-17T13:18:10.862+0000] {standard_task_runner.py:87} INFO - Running: ['***', 'tasks', 'run', 'ModelDevelop', 'get_data', 'scheduled__2026-01-04T22:00:00+00:00', '--job-id', '136', '--raw', '--subdir', 'DAGS_FOLDER/example.py', '--cfg-path', '/tmp/tmpd__v347z']
[2026-01-17T13:18:10.863+0000] {standard_task_runner.py:88} INFO - Job 136: Subtask get_data
[2026-01-17T13:18:10.895+0000] {warnings.py:109} WARNING - /home/***/.local/lib/python3.9/site-packages/***/settings.py:194: DeprecationWarning: The sql_alchemy_conn option in [core] has been moved to the sql_alchemy_conn option in [database] - the old setting has been used, but please update your config.
  SQL_ALCHEMY_CONN = conf.get("database", "SQL_ALCHEMY_CONN")

[2026-01-17T13:18:10.925+0000] {task_command.py:423} INFO - Running <TaskInstance: ModelDevelop.get_data scheduled__2026-01-04T22:00:00+00:00 [running]> on host ed3184b6b543
[2026-01-17T13:18:10.979+0000] {taskinstance.py:2513} INFO - Exporting env vars: AIRFLOW_CTX_DAG_OWNER='***' AIRFLOW_CTX_DAG_ID='ModelDevelop' AIRFLOW_CTX_TASK_ID='get_data' AIRFLOW_CTX_EXECUTION_DATE='2026-01-04T22:00:00+00:00' AIRFLOW_CTX_TRY_NUMBER='1' AIRFLOW_CTX_DAG_RUN_ID='scheduled__2026-01-04T22:00:00+00:00'
[2026-01-17T13:18:10.990+0000] {python.py:202} INFO - Done. Returned value was: ./iris.csv
[2026-01-17T13:18:11.007+0000] {taskinstance.py:1149} INFO - Marking task as SUCCESS. dag_id=ModelDevelop, task_id=get_data, execution_date=20260104T220000, start_date=20260117T131810, end_date=20260117T131811
[2026-01-17T13:18:11.040+0000] {local_task_job_runner.py:234} INFO - Task exited with return code 0
[2026-01-17T13:18:11.100+0000] {taskinstance.py:3312} INFO - 1 downstream tasks scheduled from follow-on schedule check
[2026-01-17T13:39:32.450+0000] {taskinstance.py:1979} INFO - Dependencies all met for dep_context=non-requeueable deps ti=<TaskInstance: ModelDevelop.get_data scheduled__2026-01-04T22:00:00+00:00 [queued]>
[2026-01-17T13:39:32.456+0000] {taskinstance.py:1979} INFO - Dependencies all met for dep_context=requeueable deps ti=<TaskInstance: ModelDevelop.get_data scheduled__2026-01-04T22:00:00+00:00 [queued]>
[2026-01-17T13:39:32.456+0000] {taskinstance.py:2193} INFO - Starting attempt 1 of 2
[2026-01-17T13:39:32.465+0000] {taskinstance.py:2217} INFO - Executing <Task(PythonOperator): get_data> on 2026-01-04 22:00:00+00:00
[2026-01-17T13:39:32.473+0000] {standard_task_runner.py:60} INFO - Started process 9122 to run task
[2026-01-17T13:39:32.475+0000] {standard_task_runner.py:87} INFO - Running: ['***', 'tasks', 'run', 'ModelDevelop', 'get_data', 'scheduled__2026-01-04T22:00:00+00:00', '--job-id', '136', '--raw', '--subdir', 'DAGS_FOLDER/example.py', '--cfg-path', '/tmp/tmp2egvaykm']
[2026-01-17T13:39:32.476+0000] {standard_task_runner.py:88} INFO - Job 136: Subtask get_data
[2026-01-17T13:39:32.485+0000] {warnings.py:109} WARNING - /home/***/.local/lib/python3.9/site-packages/***/settings.py:194: DeprecationWarning: The sql_alchemy_conn option in [core] has been moved to the sql_alchemy_conn option in [database] - the old setting has been used, but please update your config.
  SQL_ALCHEMY_CONN = conf.get("database", "SQL_ALCHEMY_CONN")

[2026-01-17T13:39:32.511+0000] {task_command.py:423} INFO - Running <TaskInstance: ModelDevelop.get_data scheduled__2026-01-04T22:00:00+00:00 [running]> on host 5330652dc216
[2026-01-17T13:39:32.599+0000] {taskinstance.py:2513} INFO - Exporting env vars: AIRFLOW_CTX_DAG_OWNER='***' AIRFLOW_CTX_DAG_ID='ModelDevelop' AIRFLOW_CTX_TASK_ID='get_data' AIRFLOW_CTX_EXECUTION_DATE='2026-01-04T22:00:00+00:00' AIRFLOW_CTX_TRY_NUMBER='1' AIRFLOW_CTX_DAG_RUN_ID='scheduled__2026-01-04T22:00:00+00:00'
[2026-01-17T13:39:32.609+0000] {python.py:202} INFO - Done. Returned value was: ./iris.csv
[2026-01-17T13:39:32.625+0000] {taskinstance.py:1149} INFO - Marking task as SUCCESS. dag_id=ModelDevelop, task_id=get_data, execution_date=20260104T220000, start_date=20260117T133932, end_date=20260117T133932
[2026-01-17T13:39:32.649+0000] {local_task_job_runner.py:234} INFO - Task exited with return code 0
[2026-01-17T13:39:32.666+0000] {taskinstance.py:3312} INFO - 1 downstream tasks scheduled from follow-on schedule check
