[2026-03-25T05:07:19.405+0000] {manager.py:469} INFO - Processing files using up to 2 processes at a time 
[2026-03-25T05:07:19.405+0000] {manager.py:470} INFO - Process each file at most once every 30 seconds
[2026-03-25T05:07:19.405+0000] {manager.py:471} INFO - Checking for new files in /opt/airflow/dags every 300 seconds
[2026-03-25T05:07:19.405+0000] {manager.py:738} INFO - Searching for files in /opt/airflow/dags
[2026-03-25T05:07:19.406+0000] {manager.py:741} INFO - There are 2 files in /opt/airflow/dags
[2026-03-25T05:07:19.454+0000] {manager.py:879} INFO - 
================================================================================
DAG File Processing Stats

File Path                              PID  Runtime      # DAGs    # Errors  Last Runtime    Last Run
-----------------------------------  -----  ---------  --------  ----------  --------------  ----------
/opt/airflow/dags/exercise_QAs.py       54  0.03s             0           0
/opt/airflow/dags/exercise_drift.py     55  0.02s             0           0
================================================================================
[2026-03-25T05:07:49.559+0000] {manager.py:879} INFO - 
================================================================================
DAG File Processing Stats

File Path                            PID    Runtime      # DAGs    # Errors  Last Runtime    Last Run
-----------------------------------  -----  ---------  --------  ----------  --------------  -------------------
/opt/airflow/dags/exercise_QAs.py                             1           0  1.55s           2026-03-25T05:07:20
/opt/airflow/dags/exercise_drift.py                           1           0  1.55s           2026-03-25T05:07:20
================================================================================
[2026-03-25T05:08:20.063+0000] {manager.py:879} INFO - 
================================================================================
DAG File Processing Stats

File Path                            PID    Runtime      # DAGs    # Errors  Last Runtime    Last Run
-----------------------------------  -----  ---------  --------  ----------  --------------  -------------------
/opt/airflow/dags/exercise_QAs.py                             1           0  0.85s           2026-03-25T05:07:51
/opt/airflow/dags/exercise_drift.py                           1           0  0.82s           2026-03-25T05:07:51
================================================================================
[2026-03-25T05:08:51.018+0000] {manager.py:879} INFO - 
================================================================================
DAG File Processing Stats

File Path                            PID    Runtime      # DAGs    # Errors  Last Runtime    Last Run
-----------------------------------  -----  ---------  --------  ----------  --------------  -------------------
/opt/airflow/dags/exercise_QAs.py                             1           0  0.84s           2026-03-25T05:08:22
/opt/airflow/dags/exercise_drift.py                           1           0  0.82s           2026-03-25T05:08:22
================================================================================
[2026-03-25T05:09:21.963+0000] {manager.py:879} INFO - 
================================================================================
DAG File Processing Stats

File Path                            PID    Runtime      # DAGs    # Errors  Last Runtime    Last Run
-----------------------------------  -----  ---------  --------  ----------  --------------  -------------------
/opt/airflow/dags/exercise_drift.py                           1           0  0.85s           2026-03-25T05:08:53
/opt/airflow/dags/exercise_QAs.py                             1           0  0.81s           2026-03-25T05:08:53
================================================================================
[2026-03-25T05:09:38.356+0000] {manager.py:451} INFO - Exiting gracefully upon receiving signal 15
