[2026-01-16T07:54:36.725+0000] {taskinstance.py:1979} INFO - Dependencies all met for dep_context=non-requeueable deps ti=<TaskInstance: ModelDevelop.get_data scheduled__2026-01-05T05:00:00+00:00 [queued]>
[2026-01-16T07:54:36.738+0000] {taskinstance.py:1979} INFO - Dependencies all met for dep_context=requeueable deps ti=<TaskInstance: ModelDevelop.get_data scheduled__2026-01-05T05:00:00+00:00 [queued]>
[2026-01-16T07:54:36.738+0000] {taskinstance.py:2193} INFO - Starting attempt 1 of 2
[2026-01-16T07:54:36.749+0000] {taskinstance.py:2217} INFO - Executing <Task(PythonOperator): get_data> on 2026-01-05 05:00:00+00:00
[2026-01-16T07:54:36.756+0000] {standard_task_runner.py:60} INFO - Started process 9395 to run task
[2026-01-16T07:54:36.759+0000] {standard_task_runner.py:87} INFO - Running: ['***', 'tasks', 'run', 'ModelDevelop', 'get_data', 'scheduled__2026-01-05T05:00:00+00:00', '--job-id', '143', '--raw', '--subdir', 'DAGS_FOLDER/example.py', '--cfg-path', '/tmp/tmp1zgdsjlg']
[2026-01-16T07:54:36.760+0000] {standard_task_runner.py:88} INFO - Job 143: Subtask get_data
[2026-01-16T07:54:36.769+0000] {warnings.py:109} WARNING - /home/***/.local/lib/python3.9/site-packages/***/settings.py:194: DeprecationWarning: The sql_alchemy_conn option in [core] has been moved to the sql_alchemy_conn option in [database] - the old setting has been used, but please update your config.
  SQL_ALCHEMY_CONN = conf.get("database", "SQL_ALCHEMY_CONN")

[2026-01-16T07:54:36.800+0000] {task_command.py:423} INFO - Running <TaskInstance: ModelDevelop.get_data scheduled__2026-01-05T05:00:00+00:00 [running]> on host 8a4f043652f0
[2026-01-16T07:54:36.902+0000] {taskinstance.py:2513} INFO - Exporting env vars: AIRFLOW_CTX_DAG_OWNER='***' AIRFLOW_CTX_DAG_ID='ModelDevelop' AIRFLOW_CTX_TASK_ID='get_data' AIRFLOW_CTX_EXECUTION_DATE='2026-01-05T05:00:00+00:00' AIRFLOW_CTX_TRY_NUMBER='1' AIRFLOW_CTX_DAG_RUN_ID='scheduled__2026-01-05T05:00:00+00:00'
[2026-01-16T07:54:36.914+0000] {python.py:202} INFO - Done. Returned value was: ./iris.csv
[2026-01-16T07:54:36.932+0000] {taskinstance.py:1149} INFO - Marking task as SUCCESS. dag_id=ModelDevelop, task_id=get_data, execution_date=20260105T050000, start_date=20260116T075436, end_date=20260116T075436
[2026-01-16T07:54:37.010+0000] {local_task_job_runner.py:234} INFO - Task exited with return code 0
[2026-01-16T07:54:37.067+0000] {taskinstance.py:3312} INFO - 0 downstream tasks scheduled from follow-on schedule check
[2026-01-17T13:18:11.520+0000] {taskinstance.py:1979} INFO - Dependencies all met for dep_context=non-requeueable deps ti=<TaskInstance: ModelDevelop.get_data scheduled__2026-01-05T05:00:00+00:00 [queued]>
[2026-01-17T13:18:11.525+0000] {taskinstance.py:1979} INFO - Dependencies all met for dep_context=requeueable deps ti=<TaskInstance: ModelDevelop.get_data scheduled__2026-01-05T05:00:00+00:00 [queued]>
[2026-01-17T13:18:11.526+0000] {taskinstance.py:2193} INFO - Starting attempt 1 of 2
[2026-01-17T13:18:11.584+0000] {taskinstance.py:2217} INFO - Executing <Task(PythonOperator): get_data> on 2026-01-05 05:00:00+00:00
[2026-01-17T13:18:11.592+0000] {standard_task_runner.py:60} INFO - Started process 9362 to run task
[2026-01-17T13:18:11.595+0000] {standard_task_runner.py:87} INFO - Running: ['***', 'tasks', 'run', 'ModelDevelop', 'get_data', 'scheduled__2026-01-05T05:00:00+00:00', '--job-id', '143', '--raw', '--subdir', 'DAGS_FOLDER/example.py', '--cfg-path', '/tmp/tmpgnbrber2']
[2026-01-17T13:18:11.596+0000] {standard_task_runner.py:88} INFO - Job 143: Subtask get_data
[2026-01-17T13:18:11.607+0000] {warnings.py:109} WARNING - /home/***/.local/lib/python3.9/site-packages/***/settings.py:194: DeprecationWarning: The sql_alchemy_conn option in [core] has been moved to the sql_alchemy_conn option in [database] - the old setting has been used, but please update your config.
  SQL_ALCHEMY_CONN = conf.get("database", "SQL_ALCHEMY_CONN")

[2026-01-17T13:18:11.640+0000] {task_command.py:423} INFO - Running <TaskInstance: ModelDevelop.get_data scheduled__2026-01-05T05:00:00+00:00 [running]> on host ed3184b6b543
[2026-01-17T13:18:11.695+0000] {taskinstance.py:2513} INFO - Exporting env vars: AIRFLOW_CTX_DAG_OWNER='***' AIRFLOW_CTX_DAG_ID='ModelDevelop' AIRFLOW_CTX_TASK_ID='get_data' AIRFLOW_CTX_EXECUTION_DATE='2026-01-05T05:00:00+00:00' AIRFLOW_CTX_TRY_NUMBER='1' AIRFLOW_CTX_DAG_RUN_ID='scheduled__2026-01-05T05:00:00+00:00'
[2026-01-17T13:18:11.704+0000] {python.py:202} INFO - Done. Returned value was: ./iris.csv
[2026-01-17T13:18:11.769+0000] {taskinstance.py:1149} INFO - Marking task as SUCCESS. dag_id=ModelDevelop, task_id=get_data, execution_date=20260105T050000, start_date=20260117T131811, end_date=20260117T131811
[2026-01-17T13:18:11.807+0000] {local_task_job_runner.py:234} INFO - Task exited with return code 0
[2026-01-17T13:18:11.835+0000] {taskinstance.py:3312} INFO - 1 downstream tasks scheduled from follow-on schedule check
[2026-01-17T13:39:33.183+0000] {taskinstance.py:1979} INFO - Dependencies all met for dep_context=non-requeueable deps ti=<TaskInstance: ModelDevelop.get_data scheduled__2026-01-05T05:00:00+00:00 [queued]>
[2026-01-17T13:39:33.190+0000] {taskinstance.py:1979} INFO - Dependencies all met for dep_context=requeueable deps ti=<TaskInstance: ModelDevelop.get_data scheduled__2026-01-05T05:00:00+00:00 [queued]>
[2026-01-17T13:39:33.191+0000] {taskinstance.py:2193} INFO - Starting attempt 1 of 2
[2026-01-17T13:39:33.201+0000] {taskinstance.py:2217} INFO - Executing <Task(PythonOperator): get_data> on 2026-01-05 05:00:00+00:00
[2026-01-17T13:39:33.209+0000] {standard_task_runner.py:60} INFO - Started process 9265 to run task
[2026-01-17T13:39:33.211+0000] {standard_task_runner.py:87} INFO - Running: ['***', 'tasks', 'run', 'ModelDevelop', 'get_data', 'scheduled__2026-01-05T05:00:00+00:00', '--job-id', '143', '--raw', '--subdir', 'DAGS_FOLDER/example.py', '--cfg-path', '/tmp/tmprs7vivog']
[2026-01-17T13:39:33.212+0000] {standard_task_runner.py:88} INFO - Job 143: Subtask get_data
[2026-01-17T13:39:33.222+0000] {warnings.py:109} WARNING - /home/***/.local/lib/python3.9/site-packages/***/settings.py:194: DeprecationWarning: The sql_alchemy_conn option in [core] has been moved to the sql_alchemy_conn option in [database] - the old setting has been used, but please update your config.
  SQL_ALCHEMY_CONN = conf.get("database", "SQL_ALCHEMY_CONN")

[2026-01-17T13:39:33.253+0000] {task_command.py:423} INFO - Running <TaskInstance: ModelDevelop.get_data scheduled__2026-01-05T05:00:00+00:00 [running]> on host 5330652dc216
[2026-01-17T13:39:33.301+0000] {taskinstance.py:2513} INFO - Exporting env vars: AIRFLOW_CTX_DAG_OWNER='***' AIRFLOW_CTX_DAG_ID='ModelDevelop' AIRFLOW_CTX_TASK_ID='get_data' AIRFLOW_CTX_EXECUTION_DATE='2026-01-05T05:00:00+00:00' AIRFLOW_CTX_TRY_NUMBER='1' AIRFLOW_CTX_DAG_RUN_ID='scheduled__2026-01-05T05:00:00+00:00'
[2026-01-17T13:39:33.309+0000] {python.py:202} INFO - Done. Returned value was: ./iris.csv
[2026-01-17T13:39:33.325+0000] {taskinstance.py:1149} INFO - Marking task as SUCCESS. dag_id=ModelDevelop, task_id=get_data, execution_date=20260105T050000, start_date=20260117T133933, end_date=20260117T133933
[2026-01-17T13:39:33.344+0000] {local_task_job_runner.py:234} INFO - Task exited with return code 0
[2026-01-17T13:39:33.363+0000] {taskinstance.py:3312} INFO - 1 downstream tasks scheduled from follow-on schedule check
