[2026-01-16T07:53:59.674+0000] {taskinstance.py:1979} INFO - Dependencies all met for dep_context=non-requeueable deps ti=<TaskInstance: ModelDevelop.get_data scheduled__2026-01-02T16:00:00+00:00 [queued]>
[2026-01-16T07:53:59.680+0000] {taskinstance.py:1979} INFO - Dependencies all met for dep_context=requeueable deps ti=<TaskInstance: ModelDevelop.get_data scheduled__2026-01-02T16:00:00+00:00 [queued]>
[2026-01-16T07:53:59.680+0000] {taskinstance.py:2193} INFO - Starting attempt 1 of 2
[2026-01-16T07:53:59.739+0000] {taskinstance.py:2217} INFO - Executing <Task(PythonOperator): get_data> on 2026-01-02 16:00:00+00:00
[2026-01-16T07:53:59.745+0000] {standard_task_runner.py:60} INFO - Started process 2519 to run task
[2026-01-16T07:53:59.748+0000] {standard_task_runner.py:87} INFO - Running: ['***', 'tasks', 'run', 'ModelDevelop', 'get_data', 'scheduled__2026-01-02T16:00:00+00:00', '--job-id', '34', '--raw', '--subdir', 'DAGS_FOLDER/example.py', '--cfg-path', '/tmp/tmp5fasbqf0']
[2026-01-16T07:53:59.749+0000] {standard_task_runner.py:88} INFO - Job 34: Subtask get_data
[2026-01-16T07:53:59.762+0000] {warnings.py:109} WARNING - /home/***/.local/lib/python3.9/site-packages/***/settings.py:194: DeprecationWarning: The sql_alchemy_conn option in [core] has been moved to the sql_alchemy_conn option in [database] - the old setting has been used, but please update your config.
  SQL_ALCHEMY_CONN = conf.get("database", "SQL_ALCHEMY_CONN")

[2026-01-16T07:53:59.787+0000] {task_command.py:423} INFO - Running <TaskInstance: ModelDevelop.get_data scheduled__2026-01-02T16:00:00+00:00 [running]> on host 8a4f043652f0
[2026-01-16T07:53:59.840+0000] {taskinstance.py:2513} INFO - Exporting env vars: AIRFLOW_CTX_DAG_OWNER='***' AIRFLOW_CTX_DAG_ID='ModelDevelop' AIRFLOW_CTX_TASK_ID='get_data' AIRFLOW_CTX_EXECUTION_DATE='2026-01-02T16:00:00+00:00' AIRFLOW_CTX_TRY_NUMBER='1' AIRFLOW_CTX_DAG_RUN_ID='scheduled__2026-01-02T16:00:00+00:00'
[2026-01-16T07:53:59.850+0000] {python.py:202} INFO - Done. Returned value was: ./iris.csv
[2026-01-16T07:53:59.886+0000] {taskinstance.py:1149} INFO - Marking task as SUCCESS. dag_id=ModelDevelop, task_id=get_data, execution_date=20260102T160000, start_date=20260116T075359, end_date=20260116T075359
[2026-01-16T07:53:59.960+0000] {local_task_job_runner.py:234} INFO - Task exited with return code 0
[2026-01-16T07:54:00.025+0000] {taskinstance.py:3312} INFO - 0 downstream tasks scheduled from follow-on schedule check
[2026-01-17T13:17:39.689+0000] {taskinstance.py:1979} INFO - Dependencies all met for dep_context=non-requeueable deps ti=<TaskInstance: ModelDevelop.get_data scheduled__2026-01-02T16:00:00+00:00 [queued]>
[2026-01-17T13:17:39.708+0000] {taskinstance.py:1979} INFO - Dependencies all met for dep_context=requeueable deps ti=<TaskInstance: ModelDevelop.get_data scheduled__2026-01-02T16:00:00+00:00 [queued]>
[2026-01-17T13:17:39.708+0000] {taskinstance.py:2193} INFO - Starting attempt 1 of 2
[2026-01-17T13:17:39.749+0000] {taskinstance.py:2217} INFO - Executing <Task(PythonOperator): get_data> on 2026-01-02 16:00:00+00:00
[2026-01-17T13:17:39.758+0000] {standard_task_runner.py:60} INFO - Started process 2585 to run task
[2026-01-17T13:17:39.761+0000] {standard_task_runner.py:87} INFO - Running: ['***', 'tasks', 'run', 'ModelDevelop', 'get_data', 'scheduled__2026-01-02T16:00:00+00:00', '--job-id', '34', '--raw', '--subdir', 'DAGS_FOLDER/example.py', '--cfg-path', '/tmp/tmp1m21cg_6']
[2026-01-17T13:17:39.762+0000] {standard_task_runner.py:88} INFO - Job 34: Subtask get_data
[2026-01-17T13:17:39.775+0000] {warnings.py:109} WARNING - /home/***/.local/lib/python3.9/site-packages/***/settings.py:194: DeprecationWarning: The sql_alchemy_conn option in [core] has been moved to the sql_alchemy_conn option in [database] - the old setting has been used, but please update your config.
  SQL_ALCHEMY_CONN = conf.get("database", "SQL_ALCHEMY_CONN")

[2026-01-17T13:17:39.801+0000] {task_command.py:423} INFO - Running <TaskInstance: ModelDevelop.get_data scheduled__2026-01-02T16:00:00+00:00 [running]> on host ed3184b6b543
[2026-01-17T13:17:39.851+0000] {taskinstance.py:2513} INFO - Exporting env vars: AIRFLOW_CTX_DAG_OWNER='***' AIRFLOW_CTX_DAG_ID='ModelDevelop' AIRFLOW_CTX_TASK_ID='get_data' AIRFLOW_CTX_EXECUTION_DATE='2026-01-02T16:00:00+00:00' AIRFLOW_CTX_TRY_NUMBER='1' AIRFLOW_CTX_DAG_RUN_ID='scheduled__2026-01-02T16:00:00+00:00'
[2026-01-17T13:17:39.860+0000] {python.py:202} INFO - Done. Returned value was: ./iris.csv
[2026-01-17T13:17:39.875+0000] {taskinstance.py:1149} INFO - Marking task as SUCCESS. dag_id=ModelDevelop, task_id=get_data, execution_date=20260102T160000, start_date=20260117T131739, end_date=20260117T131739
[2026-01-17T13:17:39.933+0000] {local_task_job_runner.py:234} INFO - Task exited with return code 0
[2026-01-17T13:17:39.992+0000] {taskinstance.py:3312} INFO - 1 downstream tasks scheduled from follow-on schedule check
[2026-01-17T13:38:58.497+0000] {taskinstance.py:1979} INFO - Dependencies all met for dep_context=non-requeueable deps ti=<TaskInstance: ModelDevelop.get_data scheduled__2026-01-02T16:00:00+00:00 [queued]>
[2026-01-17T13:38:58.503+0000] {taskinstance.py:1979} INFO - Dependencies all met for dep_context=requeueable deps ti=<TaskInstance: ModelDevelop.get_data scheduled__2026-01-02T16:00:00+00:00 [queued]>
[2026-01-17T13:38:58.504+0000] {taskinstance.py:2193} INFO - Starting attempt 1 of 2
[2026-01-17T13:38:58.512+0000] {taskinstance.py:2217} INFO - Executing <Task(PythonOperator): get_data> on 2026-01-02 16:00:00+00:00
[2026-01-17T13:38:58.520+0000] {standard_task_runner.py:60} INFO - Started process 2553 to run task
[2026-01-17T13:38:58.522+0000] {standard_task_runner.py:87} INFO - Running: ['***', 'tasks', 'run', 'ModelDevelop', 'get_data', 'scheduled__2026-01-02T16:00:00+00:00', '--job-id', '34', '--raw', '--subdir', 'DAGS_FOLDER/example.py', '--cfg-path', '/tmp/tmpnyg3p2p3']
[2026-01-17T13:38:58.523+0000] {standard_task_runner.py:88} INFO - Job 34: Subtask get_data
[2026-01-17T13:38:58.532+0000] {warnings.py:109} WARNING - /home/***/.local/lib/python3.9/site-packages/***/settings.py:194: DeprecationWarning: The sql_alchemy_conn option in [core] has been moved to the sql_alchemy_conn option in [database] - the old setting has been used, but please update your config.
  SQL_ALCHEMY_CONN = conf.get("database", "SQL_ALCHEMY_CONN")

[2026-01-17T13:38:58.558+0000] {task_command.py:423} INFO - Running <TaskInstance: ModelDevelop.get_data scheduled__2026-01-02T16:00:00+00:00 [running]> on host 5330652dc216
[2026-01-17T13:38:58.652+0000] {taskinstance.py:2513} INFO - Exporting env vars: AIRFLOW_CTX_DAG_OWNER='***' AIRFLOW_CTX_DAG_ID='ModelDevelop' AIRFLOW_CTX_TASK_ID='get_data' AIRFLOW_CTX_EXECUTION_DATE='2026-01-02T16:00:00+00:00' AIRFLOW_CTX_TRY_NUMBER='1' AIRFLOW_CTX_DAG_RUN_ID='scheduled__2026-01-02T16:00:00+00:00'
[2026-01-17T13:38:58.661+0000] {python.py:202} INFO - Done. Returned value was: ./iris.csv
[2026-01-17T13:38:58.721+0000] {taskinstance.py:1149} INFO - Marking task as SUCCESS. dag_id=ModelDevelop, task_id=get_data, execution_date=20260102T160000, start_date=20260117T133858, end_date=20260117T133858
[2026-01-17T13:38:58.774+0000] {local_task_job_runner.py:234} INFO - Task exited with return code 0
[2026-01-17T13:38:58.836+0000] {taskinstance.py:3312} INFO - 0 downstream tasks scheduled from follow-on schedule check
