[2026-01-16T13:00:01.768+0000] {taskinstance.py:1979} INFO - Dependencies all met for dep_context=non-requeueable deps ti=<TaskInstance: ModelDevelop.get_data scheduled__2026-01-16T12:00:00+00:00 [queued]>
[2026-01-16T13:00:01.772+0000] {taskinstance.py:1979} INFO - Dependencies all met for dep_context=requeueable deps ti=<TaskInstance: ModelDevelop.get_data scheduled__2026-01-16T12:00:00+00:00 [queued]>
[2026-01-16T13:00:01.772+0000] {taskinstance.py:2193} INFO - Starting attempt 1 of 2
[2026-01-16T13:00:01.778+0000] {taskinstance.py:2217} INFO - Executing <Task(PythonOperator): get_data> on 2026-01-16 12:00:00+00:00
[2026-01-16T13:00:01.784+0000] {standard_task_runner.py:60} INFO - Started process 46738 to run task
[2026-01-16T13:00:01.786+0000] {standard_task_runner.py:87} INFO - Running: ['***', 'tasks', 'run', 'ModelDevelop', 'get_data', 'scheduled__2026-01-16T12:00:00+00:00', '--job-id', '698', '--raw', '--subdir', 'DAGS_FOLDER/example.py', '--cfg-path', '/tmp/tmpwvdt9yev']
[2026-01-16T13:00:01.787+0000] {standard_task_runner.py:88} INFO - Job 698: Subtask get_data
[2026-01-16T13:00:01.796+0000] {warnings.py:109} WARNING - /home/***/.local/lib/python3.9/site-packages/***/settings.py:194: DeprecationWarning: The sql_alchemy_conn option in [core] has been moved to the sql_alchemy_conn option in [database] - the old setting has been used, but please update your config.
  SQL_ALCHEMY_CONN = conf.get("database", "SQL_ALCHEMY_CONN")

[2026-01-16T13:00:01.817+0000] {task_command.py:423} INFO - Running <TaskInstance: ModelDevelop.get_data scheduled__2026-01-16T12:00:00+00:00 [running]> on host 8a4f043652f0
[2026-01-16T13:00:01.861+0000] {taskinstance.py:2513} INFO - Exporting env vars: AIRFLOW_CTX_DAG_OWNER='***' AIRFLOW_CTX_DAG_ID='ModelDevelop' AIRFLOW_CTX_TASK_ID='get_data' AIRFLOW_CTX_EXECUTION_DATE='2026-01-16T12:00:00+00:00' AIRFLOW_CTX_TRY_NUMBER='1' AIRFLOW_CTX_DAG_RUN_ID='scheduled__2026-01-16T12:00:00+00:00'
[2026-01-16T13:00:01.868+0000] {python.py:202} INFO - Done. Returned value was: ./iris.csv
[2026-01-16T13:00:01.880+0000] {taskinstance.py:1149} INFO - Marking task as SUCCESS. dag_id=ModelDevelop, task_id=get_data, execution_date=20260116T120000, start_date=20260116T130001, end_date=20260116T130001
[2026-01-16T13:00:01.917+0000] {local_task_job_runner.py:234} INFO - Task exited with return code 0
[2026-01-16T13:00:01.938+0000] {taskinstance.py:3312} INFO - 1 downstream tasks scheduled from follow-on schedule check
[2026-01-17T13:21:11.667+0000] {taskinstance.py:1979} INFO - Dependencies all met for dep_context=non-requeueable deps ti=<TaskInstance: ModelDevelop.get_data scheduled__2026-01-16T12:00:00+00:00 [queued]>
[2026-01-17T13:21:11.672+0000] {taskinstance.py:1979} INFO - Dependencies all met for dep_context=requeueable deps ti=<TaskInstance: ModelDevelop.get_data scheduled__2026-01-16T12:00:00+00:00 [queued]>
[2026-01-17T13:21:11.672+0000] {taskinstance.py:2193} INFO - Starting attempt 1 of 2
[2026-01-17T13:21:11.681+0000] {taskinstance.py:2217} INFO - Executing <Task(PythonOperator): get_data> on 2026-01-16 12:00:00+00:00
[2026-01-17T13:21:11.691+0000] {standard_task_runner.py:60} INFO - Started process 45846 to run task
[2026-01-17T13:21:11.715+0000] {standard_task_runner.py:87} INFO - Running: ['***', 'tasks', 'run', 'ModelDevelop', 'get_data', 'scheduled__2026-01-16T12:00:00+00:00', '--job-id', '687', '--raw', '--subdir', 'DAGS_FOLDER/example.py', '--cfg-path', '/tmp/tmp147kz2cv']
[2026-01-17T13:21:11.716+0000] {standard_task_runner.py:88} INFO - Job 687: Subtask get_data
[2026-01-17T13:21:11.741+0000] {warnings.py:109} WARNING - /home/***/.local/lib/python3.9/site-packages/***/settings.py:194: DeprecationWarning: The sql_alchemy_conn option in [core] has been moved to the sql_alchemy_conn option in [database] - the old setting has been used, but please update your config.
  SQL_ALCHEMY_CONN = conf.get("database", "SQL_ALCHEMY_CONN")

[2026-01-17T13:21:11.792+0000] {task_command.py:423} INFO - Running <TaskInstance: ModelDevelop.get_data scheduled__2026-01-16T12:00:00+00:00 [running]> on host ed3184b6b543
[2026-01-17T13:21:11.913+0000] {taskinstance.py:2513} INFO - Exporting env vars: AIRFLOW_CTX_DAG_OWNER='***' AIRFLOW_CTX_DAG_ID='ModelDevelop' AIRFLOW_CTX_TASK_ID='get_data' AIRFLOW_CTX_EXECUTION_DATE='2026-01-16T12:00:00+00:00' AIRFLOW_CTX_TRY_NUMBER='1' AIRFLOW_CTX_DAG_RUN_ID='scheduled__2026-01-16T12:00:00+00:00'
[2026-01-17T13:21:11.925+0000] {python.py:202} INFO - Done. Returned value was: ./iris.csv
[2026-01-17T13:21:11.948+0000] {taskinstance.py:1149} INFO - Marking task as SUCCESS. dag_id=ModelDevelop, task_id=get_data, execution_date=20260116T120000, start_date=20260117T132111, end_date=20260117T132111
[2026-01-17T13:21:11.992+0000] {local_task_job_runner.py:234} INFO - Task exited with return code 0
[2026-01-17T13:21:12.082+0000] {taskinstance.py:3312} INFO - 0 downstream tasks scheduled from follow-on schedule check
[2026-01-17T13:42:46.325+0000] {taskinstance.py:1979} INFO - Dependencies all met for dep_context=non-requeueable deps ti=<TaskInstance: ModelDevelop.get_data scheduled__2026-01-16T12:00:00+00:00 [queued]>
[2026-01-17T13:42:46.332+0000] {taskinstance.py:1979} INFO - Dependencies all met for dep_context=requeueable deps ti=<TaskInstance: ModelDevelop.get_data scheduled__2026-01-16T12:00:00+00:00 [queued]>
[2026-01-17T13:42:46.332+0000] {taskinstance.py:2193} INFO - Starting attempt 1 of 2
[2026-01-17T13:42:46.352+0000] {taskinstance.py:2217} INFO - Executing <Task(PythonOperator): get_data> on 2026-01-16 12:00:00+00:00
[2026-01-17T13:42:46.362+0000] {standard_task_runner.py:87} INFO - Running: ['***', 'tasks', 'run', 'ModelDevelop', 'get_data', 'scheduled__2026-01-16T12:00:00+00:00', '--job-id', '693', '--raw', '--subdir', 'DAGS_FOLDER/example.py', '--cfg-path', '/tmp/tmpvrw5mf9k']
[2026-01-17T13:42:46.363+0000] {standard_task_runner.py:88} INFO - Job 693: Subtask get_data
[2026-01-17T13:42:46.359+0000] {standard_task_runner.py:60} INFO - Started process 46409 to run task
[2026-01-17T13:42:46.402+0000] {warnings.py:109} WARNING - /home/***/.local/lib/python3.9/site-packages/***/settings.py:194: DeprecationWarning: The sql_alchemy_conn option in [core] has been moved to the sql_alchemy_conn option in [database] - the old setting has been used, but please update your config.
  SQL_ALCHEMY_CONN = conf.get("database", "SQL_ALCHEMY_CONN")

[2026-01-17T13:42:46.444+0000] {task_command.py:423} INFO - Running <TaskInstance: ModelDevelop.get_data scheduled__2026-01-16T12:00:00+00:00 [running]> on host 5330652dc216
[2026-01-17T13:42:46.501+0000] {taskinstance.py:2513} INFO - Exporting env vars: AIRFLOW_CTX_DAG_OWNER='***' AIRFLOW_CTX_DAG_ID='ModelDevelop' AIRFLOW_CTX_TASK_ID='get_data' AIRFLOW_CTX_EXECUTION_DATE='2026-01-16T12:00:00+00:00' AIRFLOW_CTX_TRY_NUMBER='1' AIRFLOW_CTX_DAG_RUN_ID='scheduled__2026-01-16T12:00:00+00:00'
[2026-01-17T13:42:46.509+0000] {python.py:202} INFO - Done. Returned value was: ./iris.csv
[2026-01-17T13:42:46.523+0000] {taskinstance.py:1149} INFO - Marking task as SUCCESS. dag_id=ModelDevelop, task_id=get_data, execution_date=20260116T120000, start_date=20260117T134246, end_date=20260117T134246
[2026-01-17T13:42:46.567+0000] {local_task_job_runner.py:234} INFO - Task exited with return code 0
[2026-01-17T13:42:46.587+0000] {taskinstance.py:3312} INFO - 1 downstream tasks scheduled from follow-on schedule check
