[2026-01-16T07:54:14.364+0000] {taskinstance.py:1979} INFO - Dependencies all met for dep_context=non-requeueable deps ti=<TaskInstance: ModelDevelop.get_data scheduled__2026-01-03T14:00:00+00:00 [queued]>
[2026-01-16T07:54:14.369+0000] {taskinstance.py:1979} INFO - Dependencies all met for dep_context=requeueable deps ti=<TaskInstance: ModelDevelop.get_data scheduled__2026-01-03T14:00:00+00:00 [queued]>
[2026-01-16T07:54:14.370+0000] {taskinstance.py:2193} INFO - Starting attempt 1 of 2
[2026-01-16T07:54:14.377+0000] {taskinstance.py:2217} INFO - Executing <Task(PythonOperator): get_data> on 2026-01-03 14:00:00+00:00
[2026-01-16T07:54:14.383+0000] {standard_task_runner.py:60} INFO - Started process 4803 to run task
[2026-01-16T07:54:14.386+0000] {standard_task_runner.py:87} INFO - Running: ['***', 'tasks', 'run', 'ModelDevelop', 'get_data', 'scheduled__2026-01-03T14:00:00+00:00', '--job-id', '73', '--raw', '--subdir', 'DAGS_FOLDER/example.py', '--cfg-path', '/tmp/tmpdyd1oud1']
[2026-01-16T07:54:14.387+0000] {standard_task_runner.py:88} INFO - Job 73: Subtask get_data
[2026-01-16T07:54:14.396+0000] {warnings.py:109} WARNING - /home/***/.local/lib/python3.9/site-packages/***/settings.py:194: DeprecationWarning: The sql_alchemy_conn option in [core] has been moved to the sql_alchemy_conn option in [database] - the old setting has been used, but please update your config.
  SQL_ALCHEMY_CONN = conf.get("database", "SQL_ALCHEMY_CONN")

[2026-01-16T07:54:14.423+0000] {task_command.py:423} INFO - Running <TaskInstance: ModelDevelop.get_data scheduled__2026-01-03T14:00:00+00:00 [running]> on host 8a4f043652f0
[2026-01-16T07:54:14.515+0000] {taskinstance.py:2513} INFO - Exporting env vars: AIRFLOW_CTX_DAG_OWNER='***' AIRFLOW_CTX_DAG_ID='ModelDevelop' AIRFLOW_CTX_TASK_ID='get_data' AIRFLOW_CTX_EXECUTION_DATE='2026-01-03T14:00:00+00:00' AIRFLOW_CTX_TRY_NUMBER='1' AIRFLOW_CTX_DAG_RUN_ID='scheduled__2026-01-03T14:00:00+00:00'
[2026-01-16T07:54:14.525+0000] {python.py:202} INFO - Done. Returned value was: ./iris.csv
[2026-01-16T07:54:14.581+0000] {taskinstance.py:1149} INFO - Marking task as SUCCESS. dag_id=ModelDevelop, task_id=get_data, execution_date=20260103T140000, start_date=20260116T075414, end_date=20260116T075414
[2026-01-16T07:54:14.638+0000] {local_task_job_runner.py:234} INFO - Task exited with return code 0
[2026-01-16T07:54:14.655+0000] {taskinstance.py:3312} INFO - 1 downstream tasks scheduled from follow-on schedule check
[2026-01-17T13:17:49.610+0000] {taskinstance.py:1979} INFO - Dependencies all met for dep_context=non-requeueable deps ti=<TaskInstance: ModelDevelop.get_data scheduled__2026-01-03T14:00:00+00:00 [queued]>
[2026-01-17T13:17:49.616+0000] {taskinstance.py:1979} INFO - Dependencies all met for dep_context=requeueable deps ti=<TaskInstance: ModelDevelop.get_data scheduled__2026-01-03T14:00:00+00:00 [queued]>
[2026-01-17T13:17:49.616+0000] {taskinstance.py:2193} INFO - Starting attempt 1 of 2
[2026-01-17T13:17:49.624+0000] {taskinstance.py:2217} INFO - Executing <Task(PythonOperator): get_data> on 2026-01-03 14:00:00+00:00
[2026-01-17T13:17:49.632+0000] {standard_task_runner.py:60} INFO - Started process 4806 to run task
[2026-01-17T13:17:49.634+0000] {standard_task_runner.py:87} INFO - Running: ['***', 'tasks', 'run', 'ModelDevelop', 'get_data', 'scheduled__2026-01-03T14:00:00+00:00', '--job-id', '72', '--raw', '--subdir', 'DAGS_FOLDER/example.py', '--cfg-path', '/tmp/tmpz5pcfa9g']
[2026-01-17T13:17:49.635+0000] {standard_task_runner.py:88} INFO - Job 72: Subtask get_data
[2026-01-17T13:17:49.645+0000] {warnings.py:109} WARNING - /home/***/.local/lib/python3.9/site-packages/***/settings.py:194: DeprecationWarning: The sql_alchemy_conn option in [core] has been moved to the sql_alchemy_conn option in [database] - the old setting has been used, but please update your config.
  SQL_ALCHEMY_CONN = conf.get("database", "SQL_ALCHEMY_CONN")

[2026-01-17T13:17:49.688+0000] {task_command.py:423} INFO - Running <TaskInstance: ModelDevelop.get_data scheduled__2026-01-03T14:00:00+00:00 [running]> on host ed3184b6b543
[2026-01-17T13:17:49.757+0000] {taskinstance.py:2513} INFO - Exporting env vars: AIRFLOW_CTX_DAG_OWNER='***' AIRFLOW_CTX_DAG_ID='ModelDevelop' AIRFLOW_CTX_TASK_ID='get_data' AIRFLOW_CTX_EXECUTION_DATE='2026-01-03T14:00:00+00:00' AIRFLOW_CTX_TRY_NUMBER='1' AIRFLOW_CTX_DAG_RUN_ID='scheduled__2026-01-03T14:00:00+00:00'
[2026-01-17T13:17:49.766+0000] {python.py:202} INFO - Done. Returned value was: ./iris.csv
[2026-01-17T13:17:49.781+0000] {taskinstance.py:1149} INFO - Marking task as SUCCESS. dag_id=ModelDevelop, task_id=get_data, execution_date=20260103T140000, start_date=20260117T131749, end_date=20260117T131749
[2026-01-17T13:17:49.811+0000] {local_task_job_runner.py:234} INFO - Task exited with return code 0
[2026-01-17T13:17:49.871+0000] {taskinstance.py:3312} INFO - 0 downstream tasks scheduled from follow-on schedule check
[2026-01-17T13:39:09.318+0000] {taskinstance.py:1979} INFO - Dependencies all met for dep_context=non-requeueable deps ti=<TaskInstance: ModelDevelop.get_data scheduled__2026-01-03T14:00:00+00:00 [queued]>
[2026-01-17T13:39:09.332+0000] {taskinstance.py:1979} INFO - Dependencies all met for dep_context=requeueable deps ti=<TaskInstance: ModelDevelop.get_data scheduled__2026-01-03T14:00:00+00:00 [queued]>
[2026-01-17T13:39:09.333+0000] {taskinstance.py:2193} INFO - Starting attempt 1 of 2
[2026-01-17T13:39:09.342+0000] {taskinstance.py:2217} INFO - Executing <Task(PythonOperator): get_data> on 2026-01-03 14:00:00+00:00
[2026-01-17T13:39:09.350+0000] {standard_task_runner.py:60} INFO - Started process 4871 to run task
[2026-01-17T13:39:09.352+0000] {standard_task_runner.py:87} INFO - Running: ['***', 'tasks', 'run', 'ModelDevelop', 'get_data', 'scheduled__2026-01-03T14:00:00+00:00', '--job-id', '73', '--raw', '--subdir', 'DAGS_FOLDER/example.py', '--cfg-path', '/tmp/tmp134xj1ao']
[2026-01-17T13:39:09.353+0000] {standard_task_runner.py:88} INFO - Job 73: Subtask get_data
[2026-01-17T13:39:09.372+0000] {warnings.py:109} WARNING - /home/***/.local/lib/python3.9/site-packages/***/settings.py:194: DeprecationWarning: The sql_alchemy_conn option in [core] has been moved to the sql_alchemy_conn option in [database] - the old setting has been used, but please update your config.
  SQL_ALCHEMY_CONN = conf.get("database", "SQL_ALCHEMY_CONN")

[2026-01-17T13:39:09.431+0000] {task_command.py:423} INFO - Running <TaskInstance: ModelDevelop.get_data scheduled__2026-01-03T14:00:00+00:00 [running]> on host 5330652dc216
[2026-01-17T13:39:09.520+0000] {taskinstance.py:2513} INFO - Exporting env vars: AIRFLOW_CTX_DAG_OWNER='***' AIRFLOW_CTX_DAG_ID='ModelDevelop' AIRFLOW_CTX_TASK_ID='get_data' AIRFLOW_CTX_EXECUTION_DATE='2026-01-03T14:00:00+00:00' AIRFLOW_CTX_TRY_NUMBER='1' AIRFLOW_CTX_DAG_RUN_ID='scheduled__2026-01-03T14:00:00+00:00'
[2026-01-17T13:39:09.529+0000] {python.py:202} INFO - Done. Returned value was: ./iris.csv
[2026-01-17T13:39:09.564+0000] {taskinstance.py:1149} INFO - Marking task as SUCCESS. dag_id=ModelDevelop, task_id=get_data, execution_date=20260103T140000, start_date=20260117T133909, end_date=20260117T133909
[2026-01-17T13:39:09.605+0000] {local_task_job_runner.py:234} INFO - Task exited with return code 0
[2026-01-17T13:39:09.620+0000] {taskinstance.py:3312} INFO - 1 downstream tasks scheduled from follow-on schedule check
