[2026-01-16T07:56:28.179+0000] {taskinstance.py:1979} INFO - Dependencies all met for dep_context=non-requeueable deps ti=<TaskInstance: ModelDevelop.get_data scheduled__2026-01-12T10:00:00+00:00 [queued]>
[2026-01-16T07:56:28.185+0000] {taskinstance.py:1979} INFO - Dependencies all met for dep_context=requeueable deps ti=<TaskInstance: ModelDevelop.get_data scheduled__2026-01-12T10:00:00+00:00 [queued]>
[2026-01-16T07:56:28.185+0000] {taskinstance.py:2193} INFO - Starting attempt 1 of 2
[2026-01-16T07:56:28.199+0000] {taskinstance.py:2217} INFO - Executing <Task(PythonOperator): get_data> on 2026-01-12 10:00:00+00:00
[2026-01-16T07:56:28.209+0000] {standard_task_runner.py:60} INFO - Started process 32911 to run task
[2026-01-16T07:56:28.213+0000] {standard_task_runner.py:87} INFO - Running: ['***', 'tasks', 'run', 'ModelDevelop', 'get_data', 'scheduled__2026-01-12T10:00:00+00:00', '--job-id', '493', '--raw', '--subdir', 'DAGS_FOLDER/example.py', '--cfg-path', '/tmp/tmpbww05aje']
[2026-01-16T07:56:28.215+0000] {standard_task_runner.py:88} INFO - Job 493: Subtask get_data
[2026-01-16T07:56:28.226+0000] {warnings.py:109} WARNING - /home/***/.local/lib/python3.9/site-packages/***/settings.py:194: DeprecationWarning: The sql_alchemy_conn option in [core] has been moved to the sql_alchemy_conn option in [database] - the old setting has been used, but please update your config.
  SQL_ALCHEMY_CONN = conf.get("database", "SQL_ALCHEMY_CONN")

[2026-01-16T07:56:28.275+0000] {task_command.py:423} INFO - Running <TaskInstance: ModelDevelop.get_data scheduled__2026-01-12T10:00:00+00:00 [running]> on host 8a4f043652f0
[2026-01-16T07:56:28.360+0000] {taskinstance.py:2513} INFO - Exporting env vars: AIRFLOW_CTX_DAG_OWNER='***' AIRFLOW_CTX_DAG_ID='ModelDevelop' AIRFLOW_CTX_TASK_ID='get_data' AIRFLOW_CTX_EXECUTION_DATE='2026-01-12T10:00:00+00:00' AIRFLOW_CTX_TRY_NUMBER='1' AIRFLOW_CTX_DAG_RUN_ID='scheduled__2026-01-12T10:00:00+00:00'
[2026-01-16T07:56:28.370+0000] {python.py:202} INFO - Done. Returned value was: ./iris.csv
[2026-01-16T07:56:28.385+0000] {taskinstance.py:1149} INFO - Marking task as SUCCESS. dag_id=ModelDevelop, task_id=get_data, execution_date=20260112T100000, start_date=20260116T075628, end_date=20260116T075628
[2026-01-16T07:56:28.546+0000] {local_task_job_runner.py:234} INFO - Task exited with return code 0
[2026-01-16T07:56:28.562+0000] {taskinstance.py:3312} INFO - 1 downstream tasks scheduled from follow-on schedule check
[2026-01-17T13:20:12.468+0000] {taskinstance.py:1979} INFO - Dependencies all met for dep_context=non-requeueable deps ti=<TaskInstance: ModelDevelop.get_data scheduled__2026-01-12T10:00:00+00:00 [queued]>
[2026-01-17T13:20:12.478+0000] {taskinstance.py:1979} INFO - Dependencies all met for dep_context=requeueable deps ti=<TaskInstance: ModelDevelop.get_data scheduled__2026-01-12T10:00:00+00:00 [queued]>
[2026-01-17T13:20:12.479+0000] {taskinstance.py:2193} INFO - Starting attempt 1 of 2
[2026-01-17T13:20:12.488+0000] {taskinstance.py:2217} INFO - Executing <Task(PythonOperator): get_data> on 2026-01-12 10:00:00+00:00
[2026-01-17T13:20:12.496+0000] {standard_task_runner.py:60} INFO - Started process 32942 to run task
[2026-01-17T13:20:12.542+0000] {standard_task_runner.py:87} INFO - Running: ['***', 'tasks', 'run', 'ModelDevelop', 'get_data', 'scheduled__2026-01-12T10:00:00+00:00', '--job-id', '493', '--raw', '--subdir', 'DAGS_FOLDER/example.py', '--cfg-path', '/tmp/tmpe0xcp_0n']
[2026-01-17T13:20:12.543+0000] {standard_task_runner.py:88} INFO - Job 493: Subtask get_data
[2026-01-17T13:20:12.565+0000] {warnings.py:109} WARNING - /home/***/.local/lib/python3.9/site-packages/***/settings.py:194: DeprecationWarning: The sql_alchemy_conn option in [core] has been moved to the sql_alchemy_conn option in [database] - the old setting has been used, but please update your config.
  SQL_ALCHEMY_CONN = conf.get("database", "SQL_ALCHEMY_CONN")

[2026-01-17T13:20:12.595+0000] {task_command.py:423} INFO - Running <TaskInstance: ModelDevelop.get_data scheduled__2026-01-12T10:00:00+00:00 [running]> on host ed3184b6b543
[2026-01-17T13:20:12.653+0000] {taskinstance.py:2513} INFO - Exporting env vars: AIRFLOW_CTX_DAG_OWNER='***' AIRFLOW_CTX_DAG_ID='ModelDevelop' AIRFLOW_CTX_TASK_ID='get_data' AIRFLOW_CTX_EXECUTION_DATE='2026-01-12T10:00:00+00:00' AIRFLOW_CTX_TRY_NUMBER='1' AIRFLOW_CTX_DAG_RUN_ID='scheduled__2026-01-12T10:00:00+00:00'
[2026-01-17T13:20:12.662+0000] {python.py:202} INFO - Done. Returned value was: ./iris.csv
[2026-01-17T13:20:12.679+0000] {taskinstance.py:1149} INFO - Marking task as SUCCESS. dag_id=ModelDevelop, task_id=get_data, execution_date=20260112T100000, start_date=20260117T132012, end_date=20260117T132012
[2026-01-17T13:20:12.757+0000] {local_task_job_runner.py:234} INFO - Task exited with return code 0
[2026-01-17T13:20:12.773+0000] {taskinstance.py:3312} INFO - 0 downstream tasks scheduled from follow-on schedule check
[2026-01-17T13:41:45.614+0000] {taskinstance.py:1979} INFO - Dependencies all met for dep_context=non-requeueable deps ti=<TaskInstance: ModelDevelop.get_data scheduled__2026-01-12T10:00:00+00:00 [queued]>
[2026-01-17T13:41:45.619+0000] {taskinstance.py:1979} INFO - Dependencies all met for dep_context=requeueable deps ti=<TaskInstance: ModelDevelop.get_data scheduled__2026-01-12T10:00:00+00:00 [queued]>
[2026-01-17T13:41:45.619+0000] {taskinstance.py:2193} INFO - Starting attempt 1 of 2
[2026-01-17T13:41:45.662+0000] {taskinstance.py:2217} INFO - Executing <Task(PythonOperator): get_data> on 2026-01-12 10:00:00+00:00
[2026-01-17T13:41:45.668+0000] {standard_task_runner.py:60} INFO - Started process 33441 to run task
[2026-01-17T13:41:45.671+0000] {standard_task_runner.py:87} INFO - Running: ['***', 'tasks', 'run', 'ModelDevelop', 'get_data', 'scheduled__2026-01-12T10:00:00+00:00', '--job-id', '498', '--raw', '--subdir', 'DAGS_FOLDER/example.py', '--cfg-path', '/tmp/tmp3yeoqacg']
[2026-01-17T13:41:45.671+0000] {standard_task_runner.py:88} INFO - Job 498: Subtask get_data
[2026-01-17T13:41:45.680+0000] {warnings.py:109} WARNING - /home/***/.local/lib/python3.9/site-packages/***/settings.py:194: DeprecationWarning: The sql_alchemy_conn option in [core] has been moved to the sql_alchemy_conn option in [database] - the old setting has been used, but please update your config.
  SQL_ALCHEMY_CONN = conf.get("database", "SQL_ALCHEMY_CONN")

[2026-01-17T13:41:45.708+0000] {task_command.py:423} INFO - Running <TaskInstance: ModelDevelop.get_data scheduled__2026-01-12T10:00:00+00:00 [running]> on host 5330652dc216
[2026-01-17T13:41:45.766+0000] {taskinstance.py:2513} INFO - Exporting env vars: AIRFLOW_CTX_DAG_OWNER='***' AIRFLOW_CTX_DAG_ID='ModelDevelop' AIRFLOW_CTX_TASK_ID='get_data' AIRFLOW_CTX_EXECUTION_DATE='2026-01-12T10:00:00+00:00' AIRFLOW_CTX_TRY_NUMBER='1' AIRFLOW_CTX_DAG_RUN_ID='scheduled__2026-01-12T10:00:00+00:00'
[2026-01-17T13:41:45.777+0000] {python.py:202} INFO - Done. Returned value was: ./iris.csv
[2026-01-17T13:41:45.793+0000] {taskinstance.py:1149} INFO - Marking task as SUCCESS. dag_id=ModelDevelop, task_id=get_data, execution_date=20260112T100000, start_date=20260117T134145, end_date=20260117T134145
[2026-01-17T13:41:45.842+0000] {local_task_job_runner.py:234} INFO - Task exited with return code 0
[2026-01-17T13:41:45.868+0000] {taskinstance.py:3312} INFO - 1 downstream tasks scheduled from follow-on schedule check
