[2026-01-16T07:56:48.415+0000] {taskinstance.py:1979} INFO - Dependencies all met for dep_context=non-requeueable deps ti=<TaskInstance: ModelDevelop.get_data scheduled__2026-01-13T20:00:00+00:00 [queued]>
[2026-01-16T07:56:48.421+0000] {taskinstance.py:1979} INFO - Dependencies all met for dep_context=requeueable deps ti=<TaskInstance: ModelDevelop.get_data scheduled__2026-01-13T20:00:00+00:00 [queued]>
[2026-01-16T07:56:48.421+0000] {taskinstance.py:2193} INFO - Starting attempt 1 of 2
[2026-01-16T07:56:48.428+0000] {taskinstance.py:2217} INFO - Executing <Task(PythonOperator): get_data> on 2026-01-13 20:00:00+00:00
[2026-01-16T07:56:48.435+0000] {standard_task_runner.py:60} INFO - Started process 37170 to run task
[2026-01-16T07:56:48.437+0000] {standard_task_runner.py:87} INFO - Running: ['***', 'tasks', 'run', 'ModelDevelop', 'get_data', 'scheduled__2026-01-13T20:00:00+00:00', '--job-id', '558', '--raw', '--subdir', 'DAGS_FOLDER/example.py', '--cfg-path', '/tmp/tmp65t0cmvl']
[2026-01-16T07:56:48.438+0000] {standard_task_runner.py:88} INFO - Job 558: Subtask get_data
[2026-01-16T07:56:48.447+0000] {warnings.py:109} WARNING - /home/***/.local/lib/python3.9/site-packages/***/settings.py:194: DeprecationWarning: The sql_alchemy_conn option in [core] has been moved to the sql_alchemy_conn option in [database] - the old setting has been used, but please update your config.
  SQL_ALCHEMY_CONN = conf.get("database", "SQL_ALCHEMY_CONN")

[2026-01-16T07:56:48.473+0000] {task_command.py:423} INFO - Running <TaskInstance: ModelDevelop.get_data scheduled__2026-01-13T20:00:00+00:00 [running]> on host 8a4f043652f0
[2026-01-16T07:56:48.530+0000] {taskinstance.py:2513} INFO - Exporting env vars: AIRFLOW_CTX_DAG_OWNER='***' AIRFLOW_CTX_DAG_ID='ModelDevelop' AIRFLOW_CTX_TASK_ID='get_data' AIRFLOW_CTX_EXECUTION_DATE='2026-01-13T20:00:00+00:00' AIRFLOW_CTX_TRY_NUMBER='1' AIRFLOW_CTX_DAG_RUN_ID='scheduled__2026-01-13T20:00:00+00:00'
[2026-01-16T07:56:48.541+0000] {python.py:202} INFO - Done. Returned value was: ./iris.csv
[2026-01-16T07:56:48.563+0000] {taskinstance.py:1149} INFO - Marking task as SUCCESS. dag_id=ModelDevelop, task_id=get_data, execution_date=20260113T200000, start_date=20260116T075648, end_date=20260116T075648
[2026-01-16T07:56:48.653+0000] {local_task_job_runner.py:234} INFO - Task exited with return code 0
[2026-01-16T07:56:48.678+0000] {taskinstance.py:3312} INFO - 0 downstream tasks scheduled from follow-on schedule check
[2026-01-17T13:20:32.012+0000] {taskinstance.py:1979} INFO - Dependencies all met for dep_context=non-requeueable deps ti=<TaskInstance: ModelDevelop.get_data scheduled__2026-01-13T20:00:00+00:00 [queued]>
[2026-01-17T13:20:32.019+0000] {taskinstance.py:1979} INFO - Dependencies all met for dep_context=requeueable deps ti=<TaskInstance: ModelDevelop.get_data scheduled__2026-01-13T20:00:00+00:00 [queued]>
[2026-01-17T13:20:32.019+0000] {taskinstance.py:2193} INFO - Starting attempt 1 of 2
[2026-01-17T13:20:32.044+0000] {taskinstance.py:2217} INFO - Executing <Task(PythonOperator): get_data> on 2026-01-13 20:00:00+00:00
[2026-01-17T13:20:32.055+0000] {standard_task_runner.py:60} INFO - Started process 37271 to run task
[2026-01-17T13:20:32.070+0000] {standard_task_runner.py:87} INFO - Running: ['***', 'tasks', 'run', 'ModelDevelop', 'get_data', 'scheduled__2026-01-13T20:00:00+00:00', '--job-id', '559', '--raw', '--subdir', 'DAGS_FOLDER/example.py', '--cfg-path', '/tmp/tmpu22h781o']
[2026-01-17T13:20:32.071+0000] {standard_task_runner.py:88} INFO - Job 559: Subtask get_data
[2026-01-17T13:20:32.092+0000] {warnings.py:109} WARNING - /home/***/.local/lib/python3.9/site-packages/***/settings.py:194: DeprecationWarning: The sql_alchemy_conn option in [core] has been moved to the sql_alchemy_conn option in [database] - the old setting has been used, but please update your config.
  SQL_ALCHEMY_CONN = conf.get("database", "SQL_ALCHEMY_CONN")

[2026-01-17T13:20:32.129+0000] {task_command.py:423} INFO - Running <TaskInstance: ModelDevelop.get_data scheduled__2026-01-13T20:00:00+00:00 [running]> on host ed3184b6b543
[2026-01-17T13:20:32.202+0000] {taskinstance.py:2513} INFO - Exporting env vars: AIRFLOW_CTX_DAG_OWNER='***' AIRFLOW_CTX_DAG_ID='ModelDevelop' AIRFLOW_CTX_TASK_ID='get_data' AIRFLOW_CTX_EXECUTION_DATE='2026-01-13T20:00:00+00:00' AIRFLOW_CTX_TRY_NUMBER='1' AIRFLOW_CTX_DAG_RUN_ID='scheduled__2026-01-13T20:00:00+00:00'
[2026-01-17T13:20:32.212+0000] {python.py:202} INFO - Done. Returned value was: ./iris.csv
[2026-01-17T13:20:32.230+0000] {taskinstance.py:1149} INFO - Marking task as SUCCESS. dag_id=ModelDevelop, task_id=get_data, execution_date=20260113T200000, start_date=20260117T132032, end_date=20260117T132032
[2026-01-17T13:20:32.278+0000] {local_task_job_runner.py:234} INFO - Task exited with return code 0
[2026-01-17T13:20:32.347+0000] {taskinstance.py:3312} INFO - 0 downstream tasks scheduled from follow-on schedule check
[2026-01-17T13:42:06.945+0000] {taskinstance.py:1979} INFO - Dependencies all met for dep_context=non-requeueable deps ti=<TaskInstance: ModelDevelop.get_data scheduled__2026-01-13T20:00:00+00:00 [queued]>
[2026-01-17T13:42:06.951+0000] {taskinstance.py:1979} INFO - Dependencies all met for dep_context=requeueable deps ti=<TaskInstance: ModelDevelop.get_data scheduled__2026-01-13T20:00:00+00:00 [queued]>
[2026-01-17T13:42:06.951+0000] {taskinstance.py:2193} INFO - Starting attempt 1 of 2
[2026-01-17T13:42:06.963+0000] {taskinstance.py:2217} INFO - Executing <Task(PythonOperator): get_data> on 2026-01-13 20:00:00+00:00
[2026-01-17T13:42:06.970+0000] {standard_task_runner.py:60} INFO - Started process 37833 to run task
[2026-01-17T13:42:06.973+0000] {standard_task_runner.py:87} INFO - Running: ['***', 'tasks', 'run', 'ModelDevelop', 'get_data', 'scheduled__2026-01-13T20:00:00+00:00', '--job-id', '565', '--raw', '--subdir', 'DAGS_FOLDER/example.py', '--cfg-path', '/tmp/tmpfr4b4vy7']
[2026-01-17T13:42:06.973+0000] {standard_task_runner.py:88} INFO - Job 565: Subtask get_data
[2026-01-17T13:42:06.982+0000] {warnings.py:109} WARNING - /home/***/.local/lib/python3.9/site-packages/***/settings.py:194: DeprecationWarning: The sql_alchemy_conn option in [core] has been moved to the sql_alchemy_conn option in [database] - the old setting has been used, but please update your config.
  SQL_ALCHEMY_CONN = conf.get("database", "SQL_ALCHEMY_CONN")

[2026-01-17T13:42:07.011+0000] {task_command.py:423} INFO - Running <TaskInstance: ModelDevelop.get_data scheduled__2026-01-13T20:00:00+00:00 [running]> on host 5330652dc216
[2026-01-17T13:42:07.084+0000] {taskinstance.py:2513} INFO - Exporting env vars: AIRFLOW_CTX_DAG_OWNER='***' AIRFLOW_CTX_DAG_ID='ModelDevelop' AIRFLOW_CTX_TASK_ID='get_data' AIRFLOW_CTX_EXECUTION_DATE='2026-01-13T20:00:00+00:00' AIRFLOW_CTX_TRY_NUMBER='1' AIRFLOW_CTX_DAG_RUN_ID='scheduled__2026-01-13T20:00:00+00:00'
[2026-01-17T13:42:07.094+0000] {python.py:202} INFO - Done. Returned value was: ./iris.csv
[2026-01-17T13:42:07.129+0000] {taskinstance.py:1149} INFO - Marking task as SUCCESS. dag_id=ModelDevelop, task_id=get_data, execution_date=20260113T200000, start_date=20260117T134206, end_date=20260117T134207
[2026-01-17T13:42:07.185+0000] {local_task_job_runner.py:234} INFO - Task exited with return code 0
[2026-01-17T13:42:07.220+0000] {taskinstance.py:3312} INFO - 1 downstream tasks scheduled from follow-on schedule check
