[2026-01-16T07:53:47.164+0000] {taskinstance.py:1979} INFO - Dependencies all met for dep_context=non-requeueable deps ti=<TaskInstance: ModelDevelop.get_data scheduled__2026-01-02T03:00:00+00:00 [queued]>
[2026-01-16T07:53:47.172+0000] {taskinstance.py:1979} INFO - Dependencies all met for dep_context=requeueable deps ti=<TaskInstance: ModelDevelop.get_data scheduled__2026-01-02T03:00:00+00:00 [queued]>
[2026-01-16T07:53:47.172+0000] {taskinstance.py:2193} INFO - Starting attempt 1 of 2
[2026-01-16T07:53:47.181+0000] {taskinstance.py:2217} INFO - Executing <Task(PythonOperator): get_data> on 2026-01-02 03:00:00+00:00
[2026-01-16T07:53:47.188+0000] {standard_task_runner.py:60} INFO - Started process 601 to run task
[2026-01-16T07:53:47.190+0000] {standard_task_runner.py:87} INFO - Running: ['***', 'tasks', 'run', 'ModelDevelop', 'get_data', 'scheduled__2026-01-02T03:00:00+00:00', '--job-id', '2', '--raw', '--subdir', 'DAGS_FOLDER/example.py', '--cfg-path', '/tmp/tmpalpi1km8']
[2026-01-16T07:53:47.191+0000] {standard_task_runner.py:88} INFO - Job 2: Subtask get_data
[2026-01-16T07:53:47.199+0000] {warnings.py:109} WARNING - /home/***/.local/lib/python3.9/site-packages/***/settings.py:194: DeprecationWarning: The sql_alchemy_conn option in [core] has been moved to the sql_alchemy_conn option in [database] - the old setting has been used, but please update your config.
  SQL_ALCHEMY_CONN = conf.get("database", "SQL_ALCHEMY_CONN")

[2026-01-16T07:53:47.227+0000] {task_command.py:423} INFO - Running <TaskInstance: ModelDevelop.get_data scheduled__2026-01-02T03:00:00+00:00 [running]> on host 8a4f043652f0
[2026-01-16T07:53:47.277+0000] {taskinstance.py:2513} INFO - Exporting env vars: AIRFLOW_CTX_DAG_OWNER='***' AIRFLOW_CTX_DAG_ID='ModelDevelop' AIRFLOW_CTX_TASK_ID='get_data' AIRFLOW_CTX_EXECUTION_DATE='2026-01-02T03:00:00+00:00' AIRFLOW_CTX_TRY_NUMBER='1' AIRFLOW_CTX_DAG_RUN_ID='scheduled__2026-01-02T03:00:00+00:00'
[2026-01-16T07:53:47.294+0000] {python.py:202} INFO - Done. Returned value was: ./iris.csv
[2026-01-16T07:53:47.310+0000] {taskinstance.py:1149} INFO - Marking task as SUCCESS. dag_id=ModelDevelop, task_id=get_data, execution_date=20260102T030000, start_date=20260116T075347, end_date=20260116T075347
[2026-01-16T07:53:47.362+0000] {local_task_job_runner.py:234} INFO - Task exited with return code 0
[2026-01-16T07:53:47.379+0000] {taskinstance.py:3312} INFO - 1 downstream tasks scheduled from follow-on schedule check
[2026-01-17T13:17:28.456+0000] {taskinstance.py:1979} INFO - Dependencies all met for dep_context=non-requeueable deps ti=<TaskInstance: ModelDevelop.get_data scheduled__2026-01-02T03:00:00+00:00 [queued]>
[2026-01-17T13:17:28.462+0000] {taskinstance.py:1979} INFO - Dependencies all met for dep_context=requeueable deps ti=<TaskInstance: ModelDevelop.get_data scheduled__2026-01-02T03:00:00+00:00 [queued]>
[2026-01-17T13:17:28.462+0000] {taskinstance.py:2193} INFO - Starting attempt 1 of 2
[2026-01-17T13:17:28.472+0000] {taskinstance.py:2217} INFO - Executing <Task(PythonOperator): get_data> on 2026-01-02 03:00:00+00:00
[2026-01-17T13:17:28.480+0000] {standard_task_runner.py:60} INFO - Started process 606 to run task
[2026-01-17T13:17:28.482+0000] {standard_task_runner.py:87} INFO - Running: ['***', 'tasks', 'run', 'ModelDevelop', 'get_data', 'scheduled__2026-01-02T03:00:00+00:00', '--job-id', '7', '--raw', '--subdir', 'DAGS_FOLDER/example.py', '--cfg-path', '/tmp/tmpaiowpk69']
[2026-01-17T13:17:28.483+0000] {standard_task_runner.py:88} INFO - Job 7: Subtask get_data
[2026-01-17T13:17:28.492+0000] {warnings.py:109} WARNING - /home/***/.local/lib/python3.9/site-packages/***/settings.py:194: DeprecationWarning: The sql_alchemy_conn option in [core] has been moved to the sql_alchemy_conn option in [database] - the old setting has been used, but please update your config.
  SQL_ALCHEMY_CONN = conf.get("database", "SQL_ALCHEMY_CONN")

[2026-01-17T13:17:28.522+0000] {task_command.py:423} INFO - Running <TaskInstance: ModelDevelop.get_data scheduled__2026-01-02T03:00:00+00:00 [running]> on host ed3184b6b543
[2026-01-17T13:17:28.572+0000] {taskinstance.py:2513} INFO - Exporting env vars: AIRFLOW_CTX_DAG_OWNER='***' AIRFLOW_CTX_DAG_ID='ModelDevelop' AIRFLOW_CTX_TASK_ID='get_data' AIRFLOW_CTX_EXECUTION_DATE='2026-01-02T03:00:00+00:00' AIRFLOW_CTX_TRY_NUMBER='1' AIRFLOW_CTX_DAG_RUN_ID='scheduled__2026-01-02T03:00:00+00:00'
[2026-01-17T13:17:28.583+0000] {python.py:202} INFO - Done. Returned value was: ./iris.csv
[2026-01-17T13:17:28.598+0000] {taskinstance.py:1149} INFO - Marking task as SUCCESS. dag_id=ModelDevelop, task_id=get_data, execution_date=20260102T030000, start_date=20260117T131728, end_date=20260117T131728
[2026-01-17T13:17:28.654+0000] {local_task_job_runner.py:234} INFO - Task exited with return code 0
[2026-01-17T13:17:28.668+0000] {taskinstance.py:3312} INFO - 1 downstream tasks scheduled from follow-on schedule check
[2026-01-17T13:38:39.759+0000] {taskinstance.py:1979} INFO - Dependencies all met for dep_context=non-requeueable deps ti=<TaskInstance: ModelDevelop.get_data scheduled__2026-01-02T03:00:00+00:00 [queued]>
[2026-01-17T13:38:39.766+0000] {taskinstance.py:1979} INFO - Dependencies all met for dep_context=requeueable deps ti=<TaskInstance: ModelDevelop.get_data scheduled__2026-01-02T03:00:00+00:00 [queued]>
[2026-01-17T13:38:39.767+0000] {taskinstance.py:2193} INFO - Starting attempt 1 of 2
[2026-01-17T13:38:39.776+0000] {taskinstance.py:2217} INFO - Executing <Task(PythonOperator): get_data> on 2026-01-02 03:00:00+00:00
[2026-01-17T13:38:39.784+0000] {standard_task_runner.py:60} INFO - Started process 603 to run task
[2026-01-17T13:38:39.787+0000] {standard_task_runner.py:87} INFO - Running: ['***', 'tasks', 'run', 'ModelDevelop', 'get_data', 'scheduled__2026-01-02T03:00:00+00:00', '--job-id', '2', '--raw', '--subdir', 'DAGS_FOLDER/example.py', '--cfg-path', '/tmp/tmpn6ebt28k']
[2026-01-17T13:38:39.787+0000] {standard_task_runner.py:88} INFO - Job 2: Subtask get_data
[2026-01-17T13:38:39.796+0000] {warnings.py:109} WARNING - /home/***/.local/lib/python3.9/site-packages/***/settings.py:194: DeprecationWarning: The sql_alchemy_conn option in [core] has been moved to the sql_alchemy_conn option in [database] - the old setting has been used, but please update your config.
  SQL_ALCHEMY_CONN = conf.get("database", "SQL_ALCHEMY_CONN")

[2026-01-17T13:38:39.826+0000] {task_command.py:423} INFO - Running <TaskInstance: ModelDevelop.get_data scheduled__2026-01-02T03:00:00+00:00 [running]> on host 5330652dc216
[2026-01-17T13:38:39.880+0000] {taskinstance.py:2513} INFO - Exporting env vars: AIRFLOW_CTX_DAG_OWNER='***' AIRFLOW_CTX_DAG_ID='ModelDevelop' AIRFLOW_CTX_TASK_ID='get_data' AIRFLOW_CTX_EXECUTION_DATE='2026-01-02T03:00:00+00:00' AIRFLOW_CTX_TRY_NUMBER='1' AIRFLOW_CTX_DAG_RUN_ID='scheduled__2026-01-02T03:00:00+00:00'
[2026-01-17T13:38:39.891+0000] {python.py:202} INFO - Done. Returned value was: ./iris.csv
[2026-01-17T13:38:39.906+0000] {taskinstance.py:1149} INFO - Marking task as SUCCESS. dag_id=ModelDevelop, task_id=get_data, execution_date=20260102T030000, start_date=20260117T133839, end_date=20260117T133839
[2026-01-17T13:38:39.959+0000] {local_task_job_runner.py:234} INFO - Task exited with return code 0
[2026-01-17T13:38:39.974+0000] {taskinstance.py:3312} INFO - 1 downstream tasks scheduled from follow-on schedule check
