[2026-01-16T07:54:23.854+0000] {taskinstance.py:1979} INFO - Dependencies all met for dep_context=non-requeueable deps ti=<TaskInstance: ModelDevelop.get_data scheduled__2026-01-04T07:00:00+00:00 [queued]>
[2026-01-16T07:54:23.860+0000] {taskinstance.py:1979} INFO - Dependencies all met for dep_context=requeueable deps ti=<TaskInstance: ModelDevelop.get_data scheduled__2026-01-04T07:00:00+00:00 [queued]>
[2026-01-16T07:54:23.861+0000] {taskinstance.py:2193} INFO - Starting attempt 1 of 2
[2026-01-16T07:54:23.872+0000] {taskinstance.py:2217} INFO - Executing <Task(PythonOperator): get_data> on 2026-01-04 07:00:00+00:00
[2026-01-16T07:54:23.878+0000] {standard_task_runner.py:60} INFO - Started process 7017 to run task
[2026-01-16T07:54:23.881+0000] {standard_task_runner.py:87} INFO - Running: ['***', 'tasks', 'run', 'ModelDevelop', 'get_data', 'scheduled__2026-01-04T07:00:00+00:00', '--job-id', '106', '--raw', '--subdir', 'DAGS_FOLDER/example.py', '--cfg-path', '/tmp/tmpk9cd1wku']
[2026-01-16T07:54:23.881+0000] {standard_task_runner.py:88} INFO - Job 106: Subtask get_data
[2026-01-16T07:54:23.890+0000] {warnings.py:109} WARNING - /home/***/.local/lib/python3.9/site-packages/***/settings.py:194: DeprecationWarning: The sql_alchemy_conn option in [core] has been moved to the sql_alchemy_conn option in [database] - the old setting has been used, but please update your config.
  SQL_ALCHEMY_CONN = conf.get("database", "SQL_ALCHEMY_CONN")

[2026-01-16T07:54:23.926+0000] {task_command.py:423} INFO - Running <TaskInstance: ModelDevelop.get_data scheduled__2026-01-04T07:00:00+00:00 [running]> on host 8a4f043652f0
[2026-01-16T07:54:24.005+0000] {taskinstance.py:2513} INFO - Exporting env vars: AIRFLOW_CTX_DAG_OWNER='***' AIRFLOW_CTX_DAG_ID='ModelDevelop' AIRFLOW_CTX_TASK_ID='get_data' AIRFLOW_CTX_EXECUTION_DATE='2026-01-04T07:00:00+00:00' AIRFLOW_CTX_TRY_NUMBER='1' AIRFLOW_CTX_DAG_RUN_ID='scheduled__2026-01-04T07:00:00+00:00'
[2026-01-16T07:54:24.013+0000] {python.py:202} INFO - Done. Returned value was: ./iris.csv
[2026-01-16T07:54:24.029+0000] {taskinstance.py:1149} INFO - Marking task as SUCCESS. dag_id=ModelDevelop, task_id=get_data, execution_date=20260104T070000, start_date=20260116T075423, end_date=20260116T075424
[2026-01-16T07:54:24.052+0000] {local_task_job_runner.py:234} INFO - Task exited with return code 0
[2026-01-16T07:54:24.070+0000] {taskinstance.py:3312} INFO - 1 downstream tasks scheduled from follow-on schedule check
[2026-01-17T13:18:00.636+0000] {taskinstance.py:1979} INFO - Dependencies all met for dep_context=non-requeueable deps ti=<TaskInstance: ModelDevelop.get_data scheduled__2026-01-04T07:00:00+00:00 [queued]>
[2026-01-17T13:18:00.641+0000] {taskinstance.py:1979} INFO - Dependencies all met for dep_context=requeueable deps ti=<TaskInstance: ModelDevelop.get_data scheduled__2026-01-04T07:00:00+00:00 [queued]>
[2026-01-17T13:18:00.642+0000] {taskinstance.py:2193} INFO - Starting attempt 1 of 2
[2026-01-17T13:18:00.650+0000] {taskinstance.py:2217} INFO - Executing <Task(PythonOperator): get_data> on 2026-01-04 07:00:00+00:00
[2026-01-17T13:18:00.656+0000] {standard_task_runner.py:60} INFO - Started process 6982 to run task
[2026-01-17T13:18:00.659+0000] {standard_task_runner.py:87} INFO - Running: ['***', 'tasks', 'run', 'ModelDevelop', 'get_data', 'scheduled__2026-01-04T07:00:00+00:00', '--job-id', '105', '--raw', '--subdir', 'DAGS_FOLDER/example.py', '--cfg-path', '/tmp/tmpu9nicw86']
[2026-01-17T13:18:00.660+0000] {standard_task_runner.py:88} INFO - Job 105: Subtask get_data
[2026-01-17T13:18:00.678+0000] {warnings.py:109} WARNING - /home/***/.local/lib/python3.9/site-packages/***/settings.py:194: DeprecationWarning: The sql_alchemy_conn option in [core] has been moved to the sql_alchemy_conn option in [database] - the old setting has been used, but please update your config.
  SQL_ALCHEMY_CONN = conf.get("database", "SQL_ALCHEMY_CONN")

[2026-01-17T13:18:00.746+0000] {task_command.py:423} INFO - Running <TaskInstance: ModelDevelop.get_data scheduled__2026-01-04T07:00:00+00:00 [running]> on host ed3184b6b543
[2026-01-17T13:18:00.806+0000] {taskinstance.py:2513} INFO - Exporting env vars: AIRFLOW_CTX_DAG_OWNER='***' AIRFLOW_CTX_DAG_ID='ModelDevelop' AIRFLOW_CTX_TASK_ID='get_data' AIRFLOW_CTX_EXECUTION_DATE='2026-01-04T07:00:00+00:00' AIRFLOW_CTX_TRY_NUMBER='1' AIRFLOW_CTX_DAG_RUN_ID='scheduled__2026-01-04T07:00:00+00:00'
[2026-01-17T13:18:00.817+0000] {python.py:202} INFO - Done. Returned value was: ./iris.csv
[2026-01-17T13:18:00.834+0000] {taskinstance.py:1149} INFO - Marking task as SUCCESS. dag_id=ModelDevelop, task_id=get_data, execution_date=20260104T070000, start_date=20260117T131800, end_date=20260117T131800
[2026-01-17T13:18:00.871+0000] {local_task_job_runner.py:234} INFO - Task exited with return code 0
[2026-01-17T13:18:00.938+0000] {taskinstance.py:3312} INFO - 0 downstream tasks scheduled from follow-on schedule check
[2026-01-17T13:39:22.443+0000] {taskinstance.py:1979} INFO - Dependencies all met for dep_context=non-requeueable deps ti=<TaskInstance: ModelDevelop.get_data scheduled__2026-01-04T07:00:00+00:00 [queued]>
[2026-01-17T13:39:22.449+0000] {taskinstance.py:1979} INFO - Dependencies all met for dep_context=requeueable deps ti=<TaskInstance: ModelDevelop.get_data scheduled__2026-01-04T07:00:00+00:00 [queued]>
[2026-01-17T13:39:22.449+0000] {taskinstance.py:2193} INFO - Starting attempt 1 of 2
[2026-01-17T13:39:22.458+0000] {taskinstance.py:2217} INFO - Executing <Task(PythonOperator): get_data> on 2026-01-04 07:00:00+00:00
[2026-01-17T13:39:22.465+0000] {standard_task_runner.py:60} INFO - Started process 7016 to run task
[2026-01-17T13:39:22.467+0000] {standard_task_runner.py:87} INFO - Running: ['***', 'tasks', 'run', 'ModelDevelop', 'get_data', 'scheduled__2026-01-04T07:00:00+00:00', '--job-id', '105', '--raw', '--subdir', 'DAGS_FOLDER/example.py', '--cfg-path', '/tmp/tmp2vj9w9ew']
[2026-01-17T13:39:22.468+0000] {standard_task_runner.py:88} INFO - Job 105: Subtask get_data
[2026-01-17T13:39:22.478+0000] {warnings.py:109} WARNING - /home/***/.local/lib/python3.9/site-packages/***/settings.py:194: DeprecationWarning: The sql_alchemy_conn option in [core] has been moved to the sql_alchemy_conn option in [database] - the old setting has been used, but please update your config.
  SQL_ALCHEMY_CONN = conf.get("database", "SQL_ALCHEMY_CONN")

[2026-01-17T13:39:22.522+0000] {task_command.py:423} INFO - Running <TaskInstance: ModelDevelop.get_data scheduled__2026-01-04T07:00:00+00:00 [running]> on host 5330652dc216
[2026-01-17T13:39:22.647+0000] {taskinstance.py:2513} INFO - Exporting env vars: AIRFLOW_CTX_DAG_OWNER='***' AIRFLOW_CTX_DAG_ID='ModelDevelop' AIRFLOW_CTX_TASK_ID='get_data' AIRFLOW_CTX_EXECUTION_DATE='2026-01-04T07:00:00+00:00' AIRFLOW_CTX_TRY_NUMBER='1' AIRFLOW_CTX_DAG_RUN_ID='scheduled__2026-01-04T07:00:00+00:00'
[2026-01-17T13:39:22.658+0000] {python.py:202} INFO - Done. Returned value was: ./iris.csv
[2026-01-17T13:39:22.713+0000] {taskinstance.py:1149} INFO - Marking task as SUCCESS. dag_id=ModelDevelop, task_id=get_data, execution_date=20260104T070000, start_date=20260117T133922, end_date=20260117T133922
[2026-01-17T13:39:22.760+0000] {local_task_job_runner.py:234} INFO - Task exited with return code 0
[2026-01-17T13:39:22.794+0000] {taskinstance.py:3312} INFO - 0 downstream tasks scheduled from follow-on schedule check
