[2026-01-16T07:56:59.596+0000] {taskinstance.py:1979} INFO - Dependencies all met for dep_context=non-requeueable deps ti=<TaskInstance: ModelDevelop.get_data scheduled__2026-01-14T07:00:00+00:00 [queued]>
[2026-01-16T07:56:59.601+0000] {taskinstance.py:1979} INFO - Dependencies all met for dep_context=requeueable deps ti=<TaskInstance: ModelDevelop.get_data scheduled__2026-01-14T07:00:00+00:00 [queued]>
[2026-01-16T07:56:59.601+0000] {taskinstance.py:2193} INFO - Starting attempt 1 of 2
[2026-01-16T07:56:59.609+0000] {taskinstance.py:2217} INFO - Executing <Task(PythonOperator): get_data> on 2026-01-14 07:00:00+00:00
[2026-01-16T07:56:59.616+0000] {standard_task_runner.py:60} INFO - Started process 39142 to run task
[2026-01-16T07:56:59.618+0000] {standard_task_runner.py:87} INFO - Running: ['***', 'tasks', 'run', 'ModelDevelop', 'get_data', 'scheduled__2026-01-14T07:00:00+00:00', '--job-id', '585', '--raw', '--subdir', 'DAGS_FOLDER/example.py', '--cfg-path', '/tmp/tmpnpvs9h5c']
[2026-01-16T07:56:59.619+0000] {standard_task_runner.py:88} INFO - Job 585: Subtask get_data
[2026-01-16T07:56:59.628+0000] {warnings.py:109} WARNING - /home/***/.local/lib/python3.9/site-packages/***/settings.py:194: DeprecationWarning: The sql_alchemy_conn option in [core] has been moved to the sql_alchemy_conn option in [database] - the old setting has been used, but please update your config.
  SQL_ALCHEMY_CONN = conf.get("database", "SQL_ALCHEMY_CONN")

[2026-01-16T07:56:59.664+0000] {task_command.py:423} INFO - Running <TaskInstance: ModelDevelop.get_data scheduled__2026-01-14T07:00:00+00:00 [running]> on host 8a4f043652f0
[2026-01-16T07:56:59.760+0000] {taskinstance.py:2513} INFO - Exporting env vars: AIRFLOW_CTX_DAG_OWNER='***' AIRFLOW_CTX_DAG_ID='ModelDevelop' AIRFLOW_CTX_TASK_ID='get_data' AIRFLOW_CTX_EXECUTION_DATE='2026-01-14T07:00:00+00:00' AIRFLOW_CTX_TRY_NUMBER='1' AIRFLOW_CTX_DAG_RUN_ID='scheduled__2026-01-14T07:00:00+00:00'
[2026-01-16T07:56:59.768+0000] {python.py:202} INFO - Done. Returned value was: ./iris.csv
[2026-01-16T07:56:59.785+0000] {taskinstance.py:1149} INFO - Marking task as SUCCESS. dag_id=ModelDevelop, task_id=get_data, execution_date=20260114T070000, start_date=20260116T075659, end_date=20260116T075659
[2026-01-16T07:56:59.910+0000] {local_task_job_runner.py:234} INFO - Task exited with return code 0
[2026-01-16T07:56:59.999+0000] {taskinstance.py:3312} INFO - 0 downstream tasks scheduled from follow-on schedule check
[2026-01-17T13:20:40.597+0000] {taskinstance.py:1979} INFO - Dependencies all met for dep_context=non-requeueable deps ti=<TaskInstance: ModelDevelop.get_data scheduled__2026-01-14T07:00:00+00:00 [queued]>
[2026-01-17T13:20:40.603+0000] {taskinstance.py:1979} INFO - Dependencies all met for dep_context=requeueable deps ti=<TaskInstance: ModelDevelop.get_data scheduled__2026-01-14T07:00:00+00:00 [queued]>
[2026-01-17T13:20:40.604+0000] {taskinstance.py:2193} INFO - Starting attempt 1 of 2
[2026-01-17T13:20:40.611+0000] {taskinstance.py:2217} INFO - Executing <Task(PythonOperator): get_data> on 2026-01-14 07:00:00+00:00
[2026-01-17T13:20:40.618+0000] {standard_task_runner.py:60} INFO - Started process 39240 to run task
[2026-01-17T13:20:40.621+0000] {standard_task_runner.py:87} INFO - Running: ['***', 'tasks', 'run', 'ModelDevelop', 'get_data', 'scheduled__2026-01-14T07:00:00+00:00', '--job-id', '586', '--raw', '--subdir', 'DAGS_FOLDER/example.py', '--cfg-path', '/tmp/tmpe8mitna3']
[2026-01-17T13:20:40.621+0000] {standard_task_runner.py:88} INFO - Job 586: Subtask get_data
[2026-01-17T13:20:40.630+0000] {warnings.py:109} WARNING - /home/***/.local/lib/python3.9/site-packages/***/settings.py:194: DeprecationWarning: The sql_alchemy_conn option in [core] has been moved to the sql_alchemy_conn option in [database] - the old setting has been used, but please update your config.
  SQL_ALCHEMY_CONN = conf.get("database", "SQL_ALCHEMY_CONN")

[2026-01-17T13:20:40.660+0000] {task_command.py:423} INFO - Running <TaskInstance: ModelDevelop.get_data scheduled__2026-01-14T07:00:00+00:00 [running]> on host ed3184b6b543
[2026-01-17T13:20:40.762+0000] {taskinstance.py:2513} INFO - Exporting env vars: AIRFLOW_CTX_DAG_OWNER='***' AIRFLOW_CTX_DAG_ID='ModelDevelop' AIRFLOW_CTX_TASK_ID='get_data' AIRFLOW_CTX_EXECUTION_DATE='2026-01-14T07:00:00+00:00' AIRFLOW_CTX_TRY_NUMBER='1' AIRFLOW_CTX_DAG_RUN_ID='scheduled__2026-01-14T07:00:00+00:00'
[2026-01-17T13:20:40.772+0000] {python.py:202} INFO - Done. Returned value was: ./iris.csv
[2026-01-17T13:20:40.787+0000] {taskinstance.py:1149} INFO - Marking task as SUCCESS. dag_id=ModelDevelop, task_id=get_data, execution_date=20260114T070000, start_date=20260117T132040, end_date=20260117T132040
[2026-01-17T13:20:40.832+0000] {local_task_job_runner.py:234} INFO - Task exited with return code 0
[2026-01-17T13:20:40.860+0000] {taskinstance.py:3312} INFO - 1 downstream tasks scheduled from follow-on schedule check
[2026-01-17T13:42:17.489+0000] {taskinstance.py:1979} INFO - Dependencies all met for dep_context=non-requeueable deps ti=<TaskInstance: ModelDevelop.get_data scheduled__2026-01-14T07:00:00+00:00 [queued]>
[2026-01-17T13:42:17.495+0000] {taskinstance.py:1979} INFO - Dependencies all met for dep_context=requeueable deps ti=<TaskInstance: ModelDevelop.get_data scheduled__2026-01-14T07:00:00+00:00 [queued]>
[2026-01-17T13:42:17.496+0000] {taskinstance.py:2193} INFO - Starting attempt 1 of 2
[2026-01-17T13:42:17.506+0000] {taskinstance.py:2217} INFO - Executing <Task(PythonOperator): get_data> on 2026-01-14 07:00:00+00:00
[2026-01-17T13:42:17.519+0000] {standard_task_runner.py:60} INFO - Started process 39907 to run task
[2026-01-17T13:42:17.530+0000] {standard_task_runner.py:87} INFO - Running: ['***', 'tasks', 'run', 'ModelDevelop', 'get_data', 'scheduled__2026-01-14T07:00:00+00:00', '--job-id', '592', '--raw', '--subdir', 'DAGS_FOLDER/example.py', '--cfg-path', '/tmp/tmpad2ao1j_']
[2026-01-17T13:42:17.531+0000] {standard_task_runner.py:88} INFO - Job 592: Subtask get_data
[2026-01-17T13:42:17.554+0000] {warnings.py:109} WARNING - /home/***/.local/lib/python3.9/site-packages/***/settings.py:194: DeprecationWarning: The sql_alchemy_conn option in [core] has been moved to the sql_alchemy_conn option in [database] - the old setting has been used, but please update your config.
  SQL_ALCHEMY_CONN = conf.get("database", "SQL_ALCHEMY_CONN")

[2026-01-17T13:42:17.580+0000] {task_command.py:423} INFO - Running <TaskInstance: ModelDevelop.get_data scheduled__2026-01-14T07:00:00+00:00 [running]> on host 5330652dc216
[2026-01-17T13:42:17.664+0000] {taskinstance.py:2513} INFO - Exporting env vars: AIRFLOW_CTX_DAG_OWNER='***' AIRFLOW_CTX_DAG_ID='ModelDevelop' AIRFLOW_CTX_TASK_ID='get_data' AIRFLOW_CTX_EXECUTION_DATE='2026-01-14T07:00:00+00:00' AIRFLOW_CTX_TRY_NUMBER='1' AIRFLOW_CTX_DAG_RUN_ID='scheduled__2026-01-14T07:00:00+00:00'
[2026-01-17T13:42:17.673+0000] {python.py:202} INFO - Done. Returned value was: ./iris.csv
[2026-01-17T13:42:17.688+0000] {taskinstance.py:1149} INFO - Marking task as SUCCESS. dag_id=ModelDevelop, task_id=get_data, execution_date=20260114T070000, start_date=20260117T134217, end_date=20260117T134217
[2026-01-17T13:42:17.739+0000] {local_task_job_runner.py:234} INFO - Task exited with return code 0
[2026-01-17T13:42:17.775+0000] {taskinstance.py:3312} INFO - 1 downstream tasks scheduled from follow-on schedule check
