[2026-01-16T07:56:27.205+0000] {taskinstance.py:1979} INFO - Dependencies all met for dep_context=non-requeueable deps ti=<TaskInstance: ModelDevelop.get_data scheduled__2026-01-12T03:00:00+00:00 [queued]>
[2026-01-16T07:56:27.212+0000] {taskinstance.py:1979} INFO - Dependencies all met for dep_context=requeueable deps ti=<TaskInstance: ModelDevelop.get_data scheduled__2026-01-12T03:00:00+00:00 [queued]>
[2026-01-16T07:56:27.213+0000] {taskinstance.py:2193} INFO - Starting attempt 1 of 2
[2026-01-16T07:56:27.304+0000] {taskinstance.py:2217} INFO - Executing <Task(PythonOperator): get_data> on 2026-01-12 03:00:00+00:00
[2026-01-16T07:56:27.313+0000] {standard_task_runner.py:60} INFO - Started process 32638 to run task
[2026-01-16T07:56:27.326+0000] {standard_task_runner.py:87} INFO - Running: ['***', 'tasks', 'run', 'ModelDevelop', 'get_data', 'scheduled__2026-01-12T03:00:00+00:00', '--job-id', '485', '--raw', '--subdir', 'DAGS_FOLDER/example.py', '--cfg-path', '/tmp/tmpq6uj14dr']
[2026-01-16T07:56:27.327+0000] {standard_task_runner.py:88} INFO - Job 485: Subtask get_data
[2026-01-16T07:56:27.339+0000] {warnings.py:109} WARNING - /home/***/.local/lib/python3.9/site-packages/***/settings.py:194: DeprecationWarning: The sql_alchemy_conn option in [core] has been moved to the sql_alchemy_conn option in [database] - the old setting has been used, but please update your config.
  SQL_ALCHEMY_CONN = conf.get("database", "SQL_ALCHEMY_CONN")

[2026-01-16T07:56:27.369+0000] {task_command.py:423} INFO - Running <TaskInstance: ModelDevelop.get_data scheduled__2026-01-12T03:00:00+00:00 [running]> on host 8a4f043652f0
[2026-01-16T07:56:27.460+0000] {taskinstance.py:2513} INFO - Exporting env vars: AIRFLOW_CTX_DAG_OWNER='***' AIRFLOW_CTX_DAG_ID='ModelDevelop' AIRFLOW_CTX_TASK_ID='get_data' AIRFLOW_CTX_EXECUTION_DATE='2026-01-12T03:00:00+00:00' AIRFLOW_CTX_TRY_NUMBER='1' AIRFLOW_CTX_DAG_RUN_ID='scheduled__2026-01-12T03:00:00+00:00'
[2026-01-16T07:56:27.470+0000] {python.py:202} INFO - Done. Returned value was: ./iris.csv
[2026-01-16T07:56:27.489+0000] {taskinstance.py:1149} INFO - Marking task as SUCCESS. dag_id=ModelDevelop, task_id=get_data, execution_date=20260112T030000, start_date=20260116T075627, end_date=20260116T075627
[2026-01-16T07:56:27.539+0000] {local_task_job_runner.py:234} INFO - Task exited with return code 0
[2026-01-16T07:56:27.572+0000] {taskinstance.py:3312} INFO - 1 downstream tasks scheduled from follow-on schedule check
[2026-01-17T13:20:11.925+0000] {taskinstance.py:1979} INFO - Dependencies all met for dep_context=non-requeueable deps ti=<TaskInstance: ModelDevelop.get_data scheduled__2026-01-12T03:00:00+00:00 [queued]>
[2026-01-17T13:20:11.931+0000] {taskinstance.py:1979} INFO - Dependencies all met for dep_context=requeueable deps ti=<TaskInstance: ModelDevelop.get_data scheduled__2026-01-12T03:00:00+00:00 [queued]>
[2026-01-17T13:20:11.931+0000] {taskinstance.py:2193} INFO - Starting attempt 1 of 2
[2026-01-17T13:20:11.964+0000] {taskinstance.py:2217} INFO - Executing <Task(PythonOperator): get_data> on 2026-01-12 03:00:00+00:00
[2026-01-17T13:20:11.971+0000] {standard_task_runner.py:60} INFO - Started process 32771 to run task
[2026-01-17T13:20:11.973+0000] {standard_task_runner.py:87} INFO - Running: ['***', 'tasks', 'run', 'ModelDevelop', 'get_data', 'scheduled__2026-01-12T03:00:00+00:00', '--job-id', '486', '--raw', '--subdir', 'DAGS_FOLDER/example.py', '--cfg-path', '/tmp/tmpsre2ku47']
[2026-01-17T13:20:11.974+0000] {standard_task_runner.py:88} INFO - Job 486: Subtask get_data
[2026-01-17T13:20:11.983+0000] {warnings.py:109} WARNING - /home/***/.local/lib/python3.9/site-packages/***/settings.py:194: DeprecationWarning: The sql_alchemy_conn option in [core] has been moved to the sql_alchemy_conn option in [database] - the old setting has been used, but please update your config.
  SQL_ALCHEMY_CONN = conf.get("database", "SQL_ALCHEMY_CONN")

[2026-01-17T13:20:12.011+0000] {task_command.py:423} INFO - Running <TaskInstance: ModelDevelop.get_data scheduled__2026-01-12T03:00:00+00:00 [running]> on host ed3184b6b543
[2026-01-17T13:20:12.083+0000] {taskinstance.py:2513} INFO - Exporting env vars: AIRFLOW_CTX_DAG_OWNER='***' AIRFLOW_CTX_DAG_ID='ModelDevelop' AIRFLOW_CTX_TASK_ID='get_data' AIRFLOW_CTX_EXECUTION_DATE='2026-01-12T03:00:00+00:00' AIRFLOW_CTX_TRY_NUMBER='1' AIRFLOW_CTX_DAG_RUN_ID='scheduled__2026-01-12T03:00:00+00:00'
[2026-01-17T13:20:12.095+0000] {python.py:202} INFO - Done. Returned value was: ./iris.csv
[2026-01-17T13:20:12.125+0000] {taskinstance.py:1149} INFO - Marking task as SUCCESS. dag_id=ModelDevelop, task_id=get_data, execution_date=20260112T030000, start_date=20260117T132011, end_date=20260117T132012
[2026-01-17T13:20:12.185+0000] {local_task_job_runner.py:234} INFO - Task exited with return code 0
[2026-01-17T13:20:12.216+0000] {taskinstance.py:3312} INFO - 1 downstream tasks scheduled from follow-on schedule check
[2026-01-17T13:41:33.277+0000] {taskinstance.py:1979} INFO - Dependencies all met for dep_context=non-requeueable deps ti=<TaskInstance: ModelDevelop.get_data scheduled__2026-01-12T03:00:00+00:00 [queued]>
[2026-01-17T13:41:33.283+0000] {taskinstance.py:1979} INFO - Dependencies all met for dep_context=requeueable deps ti=<TaskInstance: ModelDevelop.get_data scheduled__2026-01-12T03:00:00+00:00 [queued]>
[2026-01-17T13:41:33.283+0000] {taskinstance.py:2193} INFO - Starting attempt 1 of 2
[2026-01-17T13:41:33.290+0000] {taskinstance.py:2217} INFO - Executing <Task(PythonOperator): get_data> on 2026-01-12 03:00:00+00:00
[2026-01-17T13:41:33.297+0000] {standard_task_runner.py:60} INFO - Started process 31633 to run task
[2026-01-17T13:41:33.299+0000] {standard_task_runner.py:87} INFO - Running: ['***', 'tasks', 'run', 'ModelDevelop', 'get_data', 'scheduled__2026-01-12T03:00:00+00:00', '--job-id', '476', '--raw', '--subdir', 'DAGS_FOLDER/example.py', '--cfg-path', '/tmp/tmp7nbitek5']
[2026-01-17T13:41:33.299+0000] {standard_task_runner.py:88} INFO - Job 476: Subtask get_data
[2026-01-17T13:41:33.307+0000] {warnings.py:109} WARNING - /home/***/.local/lib/python3.9/site-packages/***/settings.py:194: DeprecationWarning: The sql_alchemy_conn option in [core] has been moved to the sql_alchemy_conn option in [database] - the old setting has been used, but please update your config.
  SQL_ALCHEMY_CONN = conf.get("database", "SQL_ALCHEMY_CONN")

[2026-01-17T13:41:33.336+0000] {task_command.py:423} INFO - Running <TaskInstance: ModelDevelop.get_data scheduled__2026-01-12T03:00:00+00:00 [running]> on host 5330652dc216
[2026-01-17T13:41:33.387+0000] {taskinstance.py:2513} INFO - Exporting env vars: AIRFLOW_CTX_DAG_OWNER='***' AIRFLOW_CTX_DAG_ID='ModelDevelop' AIRFLOW_CTX_TASK_ID='get_data' AIRFLOW_CTX_EXECUTION_DATE='2026-01-12T03:00:00+00:00' AIRFLOW_CTX_TRY_NUMBER='1' AIRFLOW_CTX_DAG_RUN_ID='scheduled__2026-01-12T03:00:00+00:00'
[2026-01-17T13:41:33.396+0000] {python.py:202} INFO - Done. Returned value was: ./iris.csv
[2026-01-17T13:41:33.408+0000] {taskinstance.py:1149} INFO - Marking task as SUCCESS. dag_id=ModelDevelop, task_id=get_data, execution_date=20260112T030000, start_date=20260117T134133, end_date=20260117T134133
[2026-01-17T13:41:33.431+0000] {local_task_job_runner.py:234} INFO - Task exited with return code 0
[2026-01-17T13:41:33.446+0000] {taskinstance.py:3312} INFO - 1 downstream tasks scheduled from follow-on schedule check
