[2026-01-16T17:00:01.652+0000] {taskinstance.py:1979} INFO - Dependencies all met for dep_context=non-requeueable deps ti=<TaskInstance: ModelDevelop.get_data scheduled__2026-01-16T16:00:00+00:00 [queued]>
[2026-01-16T17:00:01.656+0000] {taskinstance.py:1979} INFO - Dependencies all met for dep_context=requeueable deps ti=<TaskInstance: ModelDevelop.get_data scheduled__2026-01-16T16:00:00+00:00 [queued]>
[2026-01-16T17:00:01.656+0000] {taskinstance.py:2193} INFO - Starting attempt 1 of 2
[2026-01-16T17:00:01.662+0000] {taskinstance.py:2217} INFO - Executing <Task(PythonOperator): get_data> on 2026-01-16 16:00:00+00:00
[2026-01-16T17:00:01.669+0000] {standard_task_runner.py:60} INFO - Started process 47274 to run task
[2026-01-16T17:00:01.671+0000] {standard_task_runner.py:87} INFO - Running: ['***', 'tasks', 'run', 'ModelDevelop', 'get_data', 'scheduled__2026-01-16T16:00:00+00:00', '--job-id', '706', '--raw', '--subdir', 'DAGS_FOLDER/example.py', '--cfg-path', '/tmp/tmphozt9jxl']
[2026-01-16T17:00:01.672+0000] {standard_task_runner.py:88} INFO - Job 706: Subtask get_data
[2026-01-16T17:00:01.681+0000] {warnings.py:109} WARNING - /home/***/.local/lib/python3.9/site-packages/***/settings.py:194: DeprecationWarning: The sql_alchemy_conn option in [core] has been moved to the sql_alchemy_conn option in [database] - the old setting has been used, but please update your config.
  SQL_ALCHEMY_CONN = conf.get("database", "SQL_ALCHEMY_CONN")

[2026-01-16T17:00:01.703+0000] {task_command.py:423} INFO - Running <TaskInstance: ModelDevelop.get_data scheduled__2026-01-16T16:00:00+00:00 [running]> on host 8a4f043652f0
[2026-01-16T17:00:01.748+0000] {taskinstance.py:2513} INFO - Exporting env vars: AIRFLOW_CTX_DAG_OWNER='***' AIRFLOW_CTX_DAG_ID='ModelDevelop' AIRFLOW_CTX_TASK_ID='get_data' AIRFLOW_CTX_EXECUTION_DATE='2026-01-16T16:00:00+00:00' AIRFLOW_CTX_TRY_NUMBER='1' AIRFLOW_CTX_DAG_RUN_ID='scheduled__2026-01-16T16:00:00+00:00'
[2026-01-16T17:00:01.756+0000] {python.py:202} INFO - Done. Returned value was: ./iris.csv
[2026-01-16T17:00:01.768+0000] {taskinstance.py:1149} INFO - Marking task as SUCCESS. dag_id=ModelDevelop, task_id=get_data, execution_date=20260116T160000, start_date=20260116T170001, end_date=20260116T170001
[2026-01-16T17:00:01.802+0000] {local_task_job_runner.py:234} INFO - Task exited with return code 0
[2026-01-16T17:00:01.815+0000] {taskinstance.py:3312} INFO - 0 downstream tasks scheduled from follow-on schedule check
[2026-01-17T13:21:12.476+0000] {taskinstance.py:1979} INFO - Dependencies all met for dep_context=non-requeueable deps ti=<TaskInstance: ModelDevelop.get_data scheduled__2026-01-16T16:00:00+00:00 [queued]>
[2026-01-17T13:21:12.483+0000] {taskinstance.py:1979} INFO - Dependencies all met for dep_context=requeueable deps ti=<TaskInstance: ModelDevelop.get_data scheduled__2026-01-16T16:00:00+00:00 [queued]>
[2026-01-17T13:21:12.483+0000] {taskinstance.py:2193} INFO - Starting attempt 1 of 2
[2026-01-17T13:21:12.493+0000] {taskinstance.py:2217} INFO - Executing <Task(PythonOperator): get_data> on 2026-01-16 16:00:00+00:00
[2026-01-17T13:21:12.503+0000] {standard_task_runner.py:60} INFO - Started process 46141 to run task
[2026-01-17T13:21:12.522+0000] {standard_task_runner.py:87} INFO - Running: ['***', 'tasks', 'run', 'ModelDevelop', 'get_data', 'scheduled__2026-01-16T16:00:00+00:00', '--job-id', '692', '--raw', '--subdir', 'DAGS_FOLDER/example.py', '--cfg-path', '/tmp/tmpizl9yu2f']
[2026-01-17T13:21:12.524+0000] {standard_task_runner.py:88} INFO - Job 692: Subtask get_data
[2026-01-17T13:21:12.545+0000] {warnings.py:109} WARNING - /home/***/.local/lib/python3.9/site-packages/***/settings.py:194: DeprecationWarning: The sql_alchemy_conn option in [core] has been moved to the sql_alchemy_conn option in [database] - the old setting has been used, but please update your config.
  SQL_ALCHEMY_CONN = conf.get("database", "SQL_ALCHEMY_CONN")

[2026-01-17T13:21:12.572+0000] {task_command.py:423} INFO - Running <TaskInstance: ModelDevelop.get_data scheduled__2026-01-16T16:00:00+00:00 [running]> on host ed3184b6b543
[2026-01-17T13:21:12.626+0000] {taskinstance.py:2513} INFO - Exporting env vars: AIRFLOW_CTX_DAG_OWNER='***' AIRFLOW_CTX_DAG_ID='ModelDevelop' AIRFLOW_CTX_TASK_ID='get_data' AIRFLOW_CTX_EXECUTION_DATE='2026-01-16T16:00:00+00:00' AIRFLOW_CTX_TRY_NUMBER='1' AIRFLOW_CTX_DAG_RUN_ID='scheduled__2026-01-16T16:00:00+00:00'
[2026-01-17T13:21:12.636+0000] {python.py:202} INFO - Done. Returned value was: ./iris.csv
[2026-01-17T13:21:12.708+0000] {taskinstance.py:1149} INFO - Marking task as SUCCESS. dag_id=ModelDevelop, task_id=get_data, execution_date=20260116T160000, start_date=20260117T132112, end_date=20260117T132112
[2026-01-17T13:21:12.759+0000] {local_task_job_runner.py:234} INFO - Task exited with return code 0
[2026-01-17T13:21:12.775+0000] {taskinstance.py:3312} INFO - 1 downstream tasks scheduled from follow-on schedule check
[2026-01-17T13:42:46.771+0000] {taskinstance.py:1979} INFO - Dependencies all met for dep_context=non-requeueable deps ti=<TaskInstance: ModelDevelop.get_data scheduled__2026-01-16T16:00:00+00:00 [queued]>
[2026-01-17T13:42:46.777+0000] {taskinstance.py:1979} INFO - Dependencies all met for dep_context=requeueable deps ti=<TaskInstance: ModelDevelop.get_data scheduled__2026-01-16T16:00:00+00:00 [queued]>
[2026-01-17T13:42:46.777+0000] {taskinstance.py:2193} INFO - Starting attempt 1 of 2
[2026-01-17T13:42:46.787+0000] {taskinstance.py:2217} INFO - Executing <Task(PythonOperator): get_data> on 2026-01-16 16:00:00+00:00
[2026-01-17T13:42:46.798+0000] {standard_task_runner.py:60} INFO - Started process 46515 to run task
[2026-01-17T13:42:46.803+0000] {standard_task_runner.py:87} INFO - Running: ['***', 'tasks', 'run', 'ModelDevelop', 'get_data', 'scheduled__2026-01-16T16:00:00+00:00', '--job-id', '696', '--raw', '--subdir', 'DAGS_FOLDER/example.py', '--cfg-path', '/tmp/tmpecrberph']
[2026-01-17T13:42:46.804+0000] {standard_task_runner.py:88} INFO - Job 696: Subtask get_data
[2026-01-17T13:42:46.846+0000] {warnings.py:109} WARNING - /home/***/.local/lib/python3.9/site-packages/***/settings.py:194: DeprecationWarning: The sql_alchemy_conn option in [core] has been moved to the sql_alchemy_conn option in [database] - the old setting has been used, but please update your config.
  SQL_ALCHEMY_CONN = conf.get("database", "SQL_ALCHEMY_CONN")

[2026-01-17T13:42:46.881+0000] {task_command.py:423} INFO - Running <TaskInstance: ModelDevelop.get_data scheduled__2026-01-16T16:00:00+00:00 [running]> on host 5330652dc216
[2026-01-17T13:42:47.017+0000] {taskinstance.py:2513} INFO - Exporting env vars: AIRFLOW_CTX_DAG_OWNER='***' AIRFLOW_CTX_DAG_ID='ModelDevelop' AIRFLOW_CTX_TASK_ID='get_data' AIRFLOW_CTX_EXECUTION_DATE='2026-01-16T16:00:00+00:00' AIRFLOW_CTX_TRY_NUMBER='1' AIRFLOW_CTX_DAG_RUN_ID='scheduled__2026-01-16T16:00:00+00:00'
[2026-01-17T13:42:47.027+0000] {python.py:202} INFO - Done. Returned value was: ./iris.csv
[2026-01-17T13:42:47.081+0000] {taskinstance.py:1149} INFO - Marking task as SUCCESS. dag_id=ModelDevelop, task_id=get_data, execution_date=20260116T160000, start_date=20260117T134246, end_date=20260117T134247
[2026-01-17T13:42:47.133+0000] {local_task_job_runner.py:234} INFO - Task exited with return code 0
[2026-01-17T13:42:47.157+0000] {taskinstance.py:3312} INFO - 1 downstream tasks scheduled from follow-on schedule check
