[2026-01-16T07:56:47.832+0000] {taskinstance.py:1979} INFO - Dependencies all met for dep_context=non-requeueable deps ti=<TaskInstance: ModelDevelop.get_data scheduled__2026-01-13T15:00:00+00:00 [queued]>
[2026-01-16T07:56:47.838+0000] {taskinstance.py:1979} INFO - Dependencies all met for dep_context=requeueable deps ti=<TaskInstance: ModelDevelop.get_data scheduled__2026-01-13T15:00:00+00:00 [queued]>
[2026-01-16T07:56:47.839+0000] {taskinstance.py:2193} INFO - Starting attempt 1 of 2
[2026-01-16T07:56:47.847+0000] {taskinstance.py:2217} INFO - Executing <Task(PythonOperator): get_data> on 2026-01-13 15:00:00+00:00
[2026-01-16T07:56:47.854+0000] {standard_task_runner.py:60} INFO - Started process 36997 to run task
[2026-01-16T07:56:47.870+0000] {standard_task_runner.py:87} INFO - Running: ['***', 'tasks', 'run', 'ModelDevelop', 'get_data', 'scheduled__2026-01-13T15:00:00+00:00', '--job-id', '553', '--raw', '--subdir', 'DAGS_FOLDER/example.py', '--cfg-path', '/tmp/tmpa1v5c4nm']
[2026-01-16T07:56:47.871+0000] {standard_task_runner.py:88} INFO - Job 553: Subtask get_data
[2026-01-16T07:56:47.915+0000] {warnings.py:109} WARNING - /home/***/.local/lib/python3.9/site-packages/***/settings.py:194: DeprecationWarning: The sql_alchemy_conn option in [core] has been moved to the sql_alchemy_conn option in [database] - the old setting has been used, but please update your config.
  SQL_ALCHEMY_CONN = conf.get("database", "SQL_ALCHEMY_CONN")

[2026-01-16T07:56:47.948+0000] {task_command.py:423} INFO - Running <TaskInstance: ModelDevelop.get_data scheduled__2026-01-13T15:00:00+00:00 [running]> on host 8a4f043652f0
[2026-01-16T07:56:48.000+0000] {taskinstance.py:2513} INFO - Exporting env vars: AIRFLOW_CTX_DAG_OWNER='***' AIRFLOW_CTX_DAG_ID='ModelDevelop' AIRFLOW_CTX_TASK_ID='get_data' AIRFLOW_CTX_EXECUTION_DATE='2026-01-13T15:00:00+00:00' AIRFLOW_CTX_TRY_NUMBER='1' AIRFLOW_CTX_DAG_RUN_ID='scheduled__2026-01-13T15:00:00+00:00'
[2026-01-16T07:56:48.009+0000] {python.py:202} INFO - Done. Returned value was: ./iris.csv
[2026-01-16T07:56:48.024+0000] {taskinstance.py:1149} INFO - Marking task as SUCCESS. dag_id=ModelDevelop, task_id=get_data, execution_date=20260113T150000, start_date=20260116T075647, end_date=20260116T075648
[2026-01-16T07:56:48.069+0000] {local_task_job_runner.py:234} INFO - Task exited with return code 0
[2026-01-16T07:56:48.099+0000] {taskinstance.py:3312} INFO - 1 downstream tasks scheduled from follow-on schedule check
[2026-01-17T13:20:31.475+0000] {taskinstance.py:1979} INFO - Dependencies all met for dep_context=non-requeueable deps ti=<TaskInstance: ModelDevelop.get_data scheduled__2026-01-13T15:00:00+00:00 [queued]>
[2026-01-17T13:20:31.480+0000] {taskinstance.py:1979} INFO - Dependencies all met for dep_context=requeueable deps ti=<TaskInstance: ModelDevelop.get_data scheduled__2026-01-13T15:00:00+00:00 [queued]>
[2026-01-17T13:20:31.480+0000] {taskinstance.py:2193} INFO - Starting attempt 1 of 2
[2026-01-17T13:20:31.487+0000] {taskinstance.py:2217} INFO - Executing <Task(PythonOperator): get_data> on 2026-01-13 15:00:00+00:00
[2026-01-17T13:20:31.497+0000] {standard_task_runner.py:60} INFO - Started process 37128 to run task
[2026-01-17T13:20:31.505+0000] {standard_task_runner.py:87} INFO - Running: ['***', 'tasks', 'run', 'ModelDevelop', 'get_data', 'scheduled__2026-01-13T15:00:00+00:00', '--job-id', '554', '--raw', '--subdir', 'DAGS_FOLDER/example.py', '--cfg-path', '/tmp/tmpcta_zwgd']
[2026-01-17T13:20:31.506+0000] {standard_task_runner.py:88} INFO - Job 554: Subtask get_data
[2026-01-17T13:20:31.544+0000] {warnings.py:109} WARNING - /home/***/.local/lib/python3.9/site-packages/***/settings.py:194: DeprecationWarning: The sql_alchemy_conn option in [core] has been moved to the sql_alchemy_conn option in [database] - the old setting has been used, but please update your config.
  SQL_ALCHEMY_CONN = conf.get("database", "SQL_ALCHEMY_CONN")

[2026-01-17T13:20:31.582+0000] {task_command.py:423} INFO - Running <TaskInstance: ModelDevelop.get_data scheduled__2026-01-13T15:00:00+00:00 [running]> on host ed3184b6b543
[2026-01-17T13:20:31.640+0000] {taskinstance.py:2513} INFO - Exporting env vars: AIRFLOW_CTX_DAG_OWNER='***' AIRFLOW_CTX_DAG_ID='ModelDevelop' AIRFLOW_CTX_TASK_ID='get_data' AIRFLOW_CTX_EXECUTION_DATE='2026-01-13T15:00:00+00:00' AIRFLOW_CTX_TRY_NUMBER='1' AIRFLOW_CTX_DAG_RUN_ID='scheduled__2026-01-13T15:00:00+00:00'
[2026-01-17T13:20:31.651+0000] {python.py:202} INFO - Done. Returned value was: ./iris.csv
[2026-01-17T13:20:31.666+0000] {taskinstance.py:1149} INFO - Marking task as SUCCESS. dag_id=ModelDevelop, task_id=get_data, execution_date=20260113T150000, start_date=20260117T132031, end_date=20260117T132031
[2026-01-17T13:20:31.730+0000] {local_task_job_runner.py:234} INFO - Task exited with return code 0
[2026-01-17T13:20:31.767+0000] {taskinstance.py:3312} INFO - 0 downstream tasks scheduled from follow-on schedule check
[2026-01-17T13:42:06.577+0000] {taskinstance.py:1979} INFO - Dependencies all met for dep_context=non-requeueable deps ti=<TaskInstance: ModelDevelop.get_data scheduled__2026-01-13T15:00:00+00:00 [queued]>
[2026-01-17T13:42:06.596+0000] {taskinstance.py:1979} INFO - Dependencies all met for dep_context=requeueable deps ti=<TaskInstance: ModelDevelop.get_data scheduled__2026-01-13T15:00:00+00:00 [queued]>
[2026-01-17T13:42:06.596+0000] {taskinstance.py:2193} INFO - Starting attempt 1 of 2
[2026-01-17T13:42:06.613+0000] {taskinstance.py:2217} INFO - Executing <Task(PythonOperator): get_data> on 2026-01-13 15:00:00+00:00
[2026-01-17T13:42:06.626+0000] {standard_task_runner.py:60} INFO - Started process 37731 to run task
[2026-01-17T13:42:06.629+0000] {standard_task_runner.py:87} INFO - Running: ['***', 'tasks', 'run', 'ModelDevelop', 'get_data', 'scheduled__2026-01-13T15:00:00+00:00', '--job-id', '561', '--raw', '--subdir', 'DAGS_FOLDER/example.py', '--cfg-path', '/tmp/tmp197d2xhv']
[2026-01-17T13:42:06.630+0000] {standard_task_runner.py:88} INFO - Job 561: Subtask get_data
[2026-01-17T13:42:06.642+0000] {warnings.py:109} WARNING - /home/***/.local/lib/python3.9/site-packages/***/settings.py:194: DeprecationWarning: The sql_alchemy_conn option in [core] has been moved to the sql_alchemy_conn option in [database] - the old setting has been used, but please update your config.
  SQL_ALCHEMY_CONN = conf.get("database", "SQL_ALCHEMY_CONN")

[2026-01-17T13:42:06.669+0000] {task_command.py:423} INFO - Running <TaskInstance: ModelDevelop.get_data scheduled__2026-01-13T15:00:00+00:00 [running]> on host 5330652dc216
[2026-01-17T13:42:06.784+0000] {taskinstance.py:2513} INFO - Exporting env vars: AIRFLOW_CTX_DAG_OWNER='***' AIRFLOW_CTX_DAG_ID='ModelDevelop' AIRFLOW_CTX_TASK_ID='get_data' AIRFLOW_CTX_EXECUTION_DATE='2026-01-13T15:00:00+00:00' AIRFLOW_CTX_TRY_NUMBER='1' AIRFLOW_CTX_DAG_RUN_ID='scheduled__2026-01-13T15:00:00+00:00'
[2026-01-17T13:42:06.795+0000] {python.py:202} INFO - Done. Returned value was: ./iris.csv
[2026-01-17T13:42:06.818+0000] {taskinstance.py:1149} INFO - Marking task as SUCCESS. dag_id=ModelDevelop, task_id=get_data, execution_date=20260113T150000, start_date=20260117T134206, end_date=20260117T134206
[2026-01-17T13:42:06.886+0000] {local_task_job_runner.py:234} INFO - Task exited with return code 0
[2026-01-17T13:42:06.930+0000] {taskinstance.py:3312} INFO - 0 downstream tasks scheduled from follow-on schedule check
