[2026-01-17T03:00:01.852+0000] {taskinstance.py:1979} INFO - Dependencies all met for dep_context=non-requeueable deps ti=<TaskInstance: ModelDevelop.get_data scheduled__2026-01-17T02:00:00+00:00 [queued]>
[2026-01-17T03:00:01.856+0000] {taskinstance.py:1979} INFO - Dependencies all met for dep_context=requeueable deps ti=<TaskInstance: ModelDevelop.get_data scheduled__2026-01-17T02:00:00+00:00 [queued]>
[2026-01-17T03:00:01.856+0000] {taskinstance.py:2193} INFO - Starting attempt 1 of 2
[2026-01-17T03:00:01.862+0000] {taskinstance.py:2217} INFO - Executing <Task(PythonOperator): get_data> on 2026-01-17 02:00:00+00:00
[2026-01-17T03:00:01.868+0000] {standard_task_runner.py:60} INFO - Started process 48614 to run task
[2026-01-17T03:00:01.871+0000] {standard_task_runner.py:87} INFO - Running: ['***', 'tasks', 'run', 'ModelDevelop', 'get_data', 'scheduled__2026-01-17T02:00:00+00:00', '--job-id', '726', '--raw', '--subdir', 'DAGS_FOLDER/example.py', '--cfg-path', '/tmp/tmp84bs33ga']
[2026-01-17T03:00:01.871+0000] {standard_task_runner.py:88} INFO - Job 726: Subtask get_data
[2026-01-17T03:00:01.881+0000] {warnings.py:109} WARNING - /home/***/.local/lib/python3.9/site-packages/***/settings.py:194: DeprecationWarning: The sql_alchemy_conn option in [core] has been moved to the sql_alchemy_conn option in [database] - the old setting has been used, but please update your config.
  SQL_ALCHEMY_CONN = conf.get("database", "SQL_ALCHEMY_CONN")

[2026-01-17T03:00:01.903+0000] {task_command.py:423} INFO - Running <TaskInstance: ModelDevelop.get_data scheduled__2026-01-17T02:00:00+00:00 [running]> on host 8a4f043652f0
[2026-01-17T03:00:01.946+0000] {taskinstance.py:2513} INFO - Exporting env vars: AIRFLOW_CTX_DAG_OWNER='***' AIRFLOW_CTX_DAG_ID='ModelDevelop' AIRFLOW_CTX_TASK_ID='get_data' AIRFLOW_CTX_EXECUTION_DATE='2026-01-17T02:00:00+00:00' AIRFLOW_CTX_TRY_NUMBER='1' AIRFLOW_CTX_DAG_RUN_ID='scheduled__2026-01-17T02:00:00+00:00'
[2026-01-17T03:00:01.954+0000] {python.py:202} INFO - Done. Returned value was: ./iris.csv
[2026-01-17T03:00:01.966+0000] {taskinstance.py:1149} INFO - Marking task as SUCCESS. dag_id=ModelDevelop, task_id=get_data, execution_date=20260117T020000, start_date=20260117T030001, end_date=20260117T030001
[2026-01-17T03:00:02.002+0000] {local_task_job_runner.py:234} INFO - Task exited with return code 0
[2026-01-17T03:00:02.014+0000] {taskinstance.py:3312} INFO - 0 downstream tasks scheduled from follow-on schedule check
[2026-01-17T13:21:20.836+0000] {taskinstance.py:1979} INFO - Dependencies all met for dep_context=non-requeueable deps ti=<TaskInstance: ModelDevelop.get_data scheduled__2026-01-17T02:00:00+00:00 [queued]>
[2026-01-17T13:21:20.841+0000] {taskinstance.py:1979} INFO - Dependencies all met for dep_context=requeueable deps ti=<TaskInstance: ModelDevelop.get_data scheduled__2026-01-17T02:00:00+00:00 [queued]>
[2026-01-17T13:21:20.841+0000] {taskinstance.py:2193} INFO - Starting attempt 1 of 2
[2026-01-17T13:21:20.849+0000] {taskinstance.py:2217} INFO - Executing <Task(PythonOperator): get_data> on 2026-01-17 02:00:00+00:00
[2026-01-17T13:21:20.855+0000] {standard_task_runner.py:60} INFO - Started process 47954 to run task
[2026-01-17T13:21:20.858+0000] {standard_task_runner.py:87} INFO - Running: ['***', 'tasks', 'run', 'ModelDevelop', 'get_data', 'scheduled__2026-01-17T02:00:00+00:00', '--job-id', '718', '--raw', '--subdir', 'DAGS_FOLDER/example.py', '--cfg-path', '/tmp/tmpuj43lq68']
[2026-01-17T13:21:20.859+0000] {standard_task_runner.py:88} INFO - Job 718: Subtask get_data
[2026-01-17T13:21:20.869+0000] {warnings.py:109} WARNING - /home/***/.local/lib/python3.9/site-packages/***/settings.py:194: DeprecationWarning: The sql_alchemy_conn option in [core] has been moved to the sql_alchemy_conn option in [database] - the old setting has been used, but please update your config.
  SQL_ALCHEMY_CONN = conf.get("database", "SQL_ALCHEMY_CONN")

[2026-01-17T13:21:20.898+0000] {task_command.py:423} INFO - Running <TaskInstance: ModelDevelop.get_data scheduled__2026-01-17T02:00:00+00:00 [running]> on host ed3184b6b543
[2026-01-17T13:21:20.995+0000] {taskinstance.py:2513} INFO - Exporting env vars: AIRFLOW_CTX_DAG_OWNER='***' AIRFLOW_CTX_DAG_ID='ModelDevelop' AIRFLOW_CTX_TASK_ID='get_data' AIRFLOW_CTX_EXECUTION_DATE='2026-01-17T02:00:00+00:00' AIRFLOW_CTX_TRY_NUMBER='1' AIRFLOW_CTX_DAG_RUN_ID='scheduled__2026-01-17T02:00:00+00:00'
[2026-01-17T13:21:21.004+0000] {python.py:202} INFO - Done. Returned value was: ./iris.csv
[2026-01-17T13:21:21.020+0000] {taskinstance.py:1149} INFO - Marking task as SUCCESS. dag_id=ModelDevelop, task_id=get_data, execution_date=20260117T020000, start_date=20260117T132120, end_date=20260117T132121
[2026-01-17T13:21:21.070+0000] {local_task_job_runner.py:234} INFO - Task exited with return code 0
[2026-01-17T13:21:21.104+0000] {taskinstance.py:3312} INFO - 0 downstream tasks scheduled from follow-on schedule check
[2026-01-17T13:42:56.046+0000] {taskinstance.py:1979} INFO - Dependencies all met for dep_context=non-requeueable deps ti=<TaskInstance: ModelDevelop.get_data scheduled__2026-01-17T02:00:00+00:00 [queued]>
[2026-01-17T13:42:56.052+0000] {taskinstance.py:1979} INFO - Dependencies all met for dep_context=requeueable deps ti=<TaskInstance: ModelDevelop.get_data scheduled__2026-01-17T02:00:00+00:00 [queued]>
[2026-01-17T13:42:56.053+0000] {taskinstance.py:2193} INFO - Starting attempt 1 of 2
[2026-01-17T13:42:56.068+0000] {taskinstance.py:2217} INFO - Executing <Task(PythonOperator): get_data> on 2026-01-17 02:00:00+00:00
[2026-01-17T13:42:56.079+0000] {standard_task_runner.py:60} INFO - Started process 48518 to run task
[2026-01-17T13:42:56.081+0000] {standard_task_runner.py:87} INFO - Running: ['***', 'tasks', 'run', 'ModelDevelop', 'get_data', 'scheduled__2026-01-17T02:00:00+00:00', '--job-id', '723', '--raw', '--subdir', 'DAGS_FOLDER/example.py', '--cfg-path', '/tmp/tmp7ebqg_bk']
[2026-01-17T13:42:56.082+0000] {standard_task_runner.py:88} INFO - Job 723: Subtask get_data
[2026-01-17T13:42:56.103+0000] {warnings.py:109} WARNING - /home/***/.local/lib/python3.9/site-packages/***/settings.py:194: DeprecationWarning: The sql_alchemy_conn option in [core] has been moved to the sql_alchemy_conn option in [database] - the old setting has been used, but please update your config.
  SQL_ALCHEMY_CONN = conf.get("database", "SQL_ALCHEMY_CONN")

[2026-01-17T13:42:56.147+0000] {task_command.py:423} INFO - Running <TaskInstance: ModelDevelop.get_data scheduled__2026-01-17T02:00:00+00:00 [running]> on host 5330652dc216
[2026-01-17T13:42:56.199+0000] {taskinstance.py:2513} INFO - Exporting env vars: AIRFLOW_CTX_DAG_OWNER='***' AIRFLOW_CTX_DAG_ID='ModelDevelop' AIRFLOW_CTX_TASK_ID='get_data' AIRFLOW_CTX_EXECUTION_DATE='2026-01-17T02:00:00+00:00' AIRFLOW_CTX_TRY_NUMBER='1' AIRFLOW_CTX_DAG_RUN_ID='scheduled__2026-01-17T02:00:00+00:00'
[2026-01-17T13:42:56.207+0000] {python.py:202} INFO - Done. Returned value was: ./iris.csv
[2026-01-17T13:42:56.253+0000] {taskinstance.py:1149} INFO - Marking task as SUCCESS. dag_id=ModelDevelop, task_id=get_data, execution_date=20260117T020000, start_date=20260117T134256, end_date=20260117T134256
[2026-01-17T13:42:56.294+0000] {local_task_job_runner.py:234} INFO - Task exited with return code 0
[2026-01-17T13:42:56.312+0000] {taskinstance.py:3312} INFO - 1 downstream tasks scheduled from follow-on schedule check
