[2026-01-16T07:57:09.692+0000] {taskinstance.py:1979} INFO - Dependencies all met for dep_context=non-requeueable deps ti=<TaskInstance: ModelDevelop.get_data scheduled__2026-01-14T23:00:00+00:00 [queued]>
[2026-01-16T07:57:09.698+0000] {taskinstance.py:1979} INFO - Dependencies all met for dep_context=requeueable deps ti=<TaskInstance: ModelDevelop.get_data scheduled__2026-01-14T23:00:00+00:00 [queued]>
[2026-01-16T07:57:09.699+0000] {taskinstance.py:2193} INFO - Starting attempt 1 of 2
[2026-01-16T07:57:09.720+0000] {taskinstance.py:2217} INFO - Executing <Task(PythonOperator): get_data> on 2026-01-14 23:00:00+00:00
[2026-01-16T07:57:09.730+0000] {standard_task_runner.py:60} INFO - Started process 41286 to run task
[2026-01-16T07:57:09.736+0000] {standard_task_runner.py:87} INFO - Running: ['***', 'tasks', 'run', 'ModelDevelop', 'get_data', 'scheduled__2026-01-14T23:00:00+00:00', '--job-id', '616', '--raw', '--subdir', 'DAGS_FOLDER/example.py', '--cfg-path', '/tmp/tmpd42vlyae']
[2026-01-16T07:57:09.737+0000] {standard_task_runner.py:88} INFO - Job 616: Subtask get_data
[2026-01-16T07:57:09.767+0000] {warnings.py:109} WARNING - /home/***/.local/lib/python3.9/site-packages/***/settings.py:194: DeprecationWarning: The sql_alchemy_conn option in [core] has been moved to the sql_alchemy_conn option in [database] - the old setting has been used, but please update your config.
  SQL_ALCHEMY_CONN = conf.get("database", "SQL_ALCHEMY_CONN")

[2026-01-16T07:57:09.831+0000] {task_command.py:423} INFO - Running <TaskInstance: ModelDevelop.get_data scheduled__2026-01-14T23:00:00+00:00 [running]> on host 8a4f043652f0
[2026-01-16T07:57:09.896+0000] {taskinstance.py:2513} INFO - Exporting env vars: AIRFLOW_CTX_DAG_OWNER='***' AIRFLOW_CTX_DAG_ID='ModelDevelop' AIRFLOW_CTX_TASK_ID='get_data' AIRFLOW_CTX_EXECUTION_DATE='2026-01-14T23:00:00+00:00' AIRFLOW_CTX_TRY_NUMBER='1' AIRFLOW_CTX_DAG_RUN_ID='scheduled__2026-01-14T23:00:00+00:00'
[2026-01-16T07:57:09.904+0000] {python.py:202} INFO - Done. Returned value was: ./iris.csv
[2026-01-16T07:57:09.921+0000] {taskinstance.py:1149} INFO - Marking task as SUCCESS. dag_id=ModelDevelop, task_id=get_data, execution_date=20260114T230000, start_date=20260116T075709, end_date=20260116T075709
[2026-01-16T07:57:09.958+0000] {local_task_job_runner.py:234} INFO - Task exited with return code 0
[2026-01-16T07:57:09.996+0000] {taskinstance.py:3312} INFO - 1 downstream tasks scheduled from follow-on schedule check
[2026-01-17T13:20:50.473+0000] {taskinstance.py:1979} INFO - Dependencies all met for dep_context=non-requeueable deps ti=<TaskInstance: ModelDevelop.get_data scheduled__2026-01-14T23:00:00+00:00 [queued]>
[2026-01-17T13:20:50.492+0000] {taskinstance.py:1979} INFO - Dependencies all met for dep_context=requeueable deps ti=<TaskInstance: ModelDevelop.get_data scheduled__2026-01-14T23:00:00+00:00 [queued]>
[2026-01-17T13:20:50.492+0000] {taskinstance.py:2193} INFO - Starting attempt 1 of 2
[2026-01-17T13:20:50.520+0000] {taskinstance.py:2217} INFO - Executing <Task(PythonOperator): get_data> on 2026-01-14 23:00:00+00:00
[2026-01-17T13:20:50.530+0000] {standard_task_runner.py:60} INFO - Started process 41415 to run task
[2026-01-17T13:20:50.542+0000] {standard_task_runner.py:87} INFO - Running: ['***', 'tasks', 'run', 'ModelDevelop', 'get_data', 'scheduled__2026-01-14T23:00:00+00:00', '--job-id', '618', '--raw', '--subdir', 'DAGS_FOLDER/example.py', '--cfg-path', '/tmp/tmp_ixj5e20']
[2026-01-17T13:20:50.543+0000] {standard_task_runner.py:88} INFO - Job 618: Subtask get_data
[2026-01-17T13:20:50.554+0000] {warnings.py:109} WARNING - /home/***/.local/lib/python3.9/site-packages/***/settings.py:194: DeprecationWarning: The sql_alchemy_conn option in [core] has been moved to the sql_alchemy_conn option in [database] - the old setting has been used, but please update your config.
  SQL_ALCHEMY_CONN = conf.get("database", "SQL_ALCHEMY_CONN")

[2026-01-17T13:20:50.582+0000] {task_command.py:423} INFO - Running <TaskInstance: ModelDevelop.get_data scheduled__2026-01-14T23:00:00+00:00 [running]> on host ed3184b6b543
[2026-01-17T13:20:50.672+0000] {taskinstance.py:2513} INFO - Exporting env vars: AIRFLOW_CTX_DAG_OWNER='***' AIRFLOW_CTX_DAG_ID='ModelDevelop' AIRFLOW_CTX_TASK_ID='get_data' AIRFLOW_CTX_EXECUTION_DATE='2026-01-14T23:00:00+00:00' AIRFLOW_CTX_TRY_NUMBER='1' AIRFLOW_CTX_DAG_RUN_ID='scheduled__2026-01-14T23:00:00+00:00'
[2026-01-17T13:20:50.685+0000] {python.py:202} INFO - Done. Returned value was: ./iris.csv
[2026-01-17T13:20:50.704+0000] {taskinstance.py:1149} INFO - Marking task as SUCCESS. dag_id=ModelDevelop, task_id=get_data, execution_date=20260114T230000, start_date=20260117T132050, end_date=20260117T132050
[2026-01-17T13:20:50.751+0000] {local_task_job_runner.py:234} INFO - Task exited with return code 0
[2026-01-17T13:20:50.776+0000] {taskinstance.py:3312} INFO - 1 downstream tasks scheduled from follow-on schedule check
[2026-01-17T13:42:26.665+0000] {taskinstance.py:1979} INFO - Dependencies all met for dep_context=non-requeueable deps ti=<TaskInstance: ModelDevelop.get_data scheduled__2026-01-14T23:00:00+00:00 [queued]>
[2026-01-17T13:42:26.671+0000] {taskinstance.py:1979} INFO - Dependencies all met for dep_context=requeueable deps ti=<TaskInstance: ModelDevelop.get_data scheduled__2026-01-14T23:00:00+00:00 [queued]>
[2026-01-17T13:42:26.672+0000] {taskinstance.py:2193} INFO - Starting attempt 1 of 2
[2026-01-17T13:42:26.683+0000] {taskinstance.py:2217} INFO - Executing <Task(PythonOperator): get_data> on 2026-01-14 23:00:00+00:00
[2026-01-17T13:42:26.691+0000] {standard_task_runner.py:60} INFO - Started process 41916 to run task
[2026-01-17T13:42:26.702+0000] {standard_task_runner.py:87} INFO - Running: ['***', 'tasks', 'run', 'ModelDevelop', 'get_data', 'scheduled__2026-01-14T23:00:00+00:00', '--job-id', '623', '--raw', '--subdir', 'DAGS_FOLDER/example.py', '--cfg-path', '/tmp/tmpsexpoo9n']
[2026-01-17T13:42:26.703+0000] {standard_task_runner.py:88} INFO - Job 623: Subtask get_data
[2026-01-17T13:42:26.725+0000] {warnings.py:109} WARNING - /home/***/.local/lib/python3.9/site-packages/***/settings.py:194: DeprecationWarning: The sql_alchemy_conn option in [core] has been moved to the sql_alchemy_conn option in [database] - the old setting has been used, but please update your config.
  SQL_ALCHEMY_CONN = conf.get("database", "SQL_ALCHEMY_CONN")

[2026-01-17T13:42:26.791+0000] {task_command.py:423} INFO - Running <TaskInstance: ModelDevelop.get_data scheduled__2026-01-14T23:00:00+00:00 [running]> on host 5330652dc216
[2026-01-17T13:42:26.844+0000] {taskinstance.py:2513} INFO - Exporting env vars: AIRFLOW_CTX_DAG_OWNER='***' AIRFLOW_CTX_DAG_ID='ModelDevelop' AIRFLOW_CTX_TASK_ID='get_data' AIRFLOW_CTX_EXECUTION_DATE='2026-01-14T23:00:00+00:00' AIRFLOW_CTX_TRY_NUMBER='1' AIRFLOW_CTX_DAG_RUN_ID='scheduled__2026-01-14T23:00:00+00:00'
[2026-01-17T13:42:26.853+0000] {python.py:202} INFO - Done. Returned value was: ./iris.csv
[2026-01-17T13:42:26.909+0000] {taskinstance.py:1149} INFO - Marking task as SUCCESS. dag_id=ModelDevelop, task_id=get_data, execution_date=20260114T230000, start_date=20260117T134226, end_date=20260117T134226
[2026-01-17T13:42:26.953+0000] {local_task_job_runner.py:234} INFO - Task exited with return code 0
[2026-01-17T13:42:27.004+0000] {taskinstance.py:3312} INFO - 1 downstream tasks scheduled from follow-on schedule check
