[2026-01-02T03:48:38.107+0000] {taskinstance.py:1165} INFO - Dependencies all met for <TaskInstance: ModelDevelop.train_fit manual__2026-01-02T03:48:36.086188+00:00 [queued]>
[2026-01-02T03:48:38.112+0000] {taskinstance.py:1165} INFO - Dependencies all met for <TaskInstance: ModelDevelop.train_fit manual__2026-01-02T03:48:36.086188+00:00 [queued]>
[2026-01-02T03:48:38.112+0000] {taskinstance.py:1362} INFO - 
--------------------------------------------------------------------------------
[2026-01-02T03:48:38.112+0000] {taskinstance.py:1363} INFO - Starting attempt 1 of 2
[2026-01-02T03:48:38.112+0000] {taskinstance.py:1364} INFO - 
--------------------------------------------------------------------------------
[2026-01-02T03:48:38.120+0000] {taskinstance.py:1383} INFO - Executing <Task(PythonOperator): train_fit> on 2026-01-02 03:48:36.086188+00:00
[2026-01-02T03:48:38.124+0000] {standard_task_runner.py:54} INFO - Started process 276 to run task
[2026-01-02T03:48:38.127+0000] {standard_task_runner.py:82} INFO - Running: ['***', 'tasks', 'run', 'ModelDevelop', 'train_fit', 'manual__2026-01-02T03:48:36.086188+00:00', '--job-id', '67', '--raw', '--subdir', 'DAGS_FOLDER/psjung_dag.py', '--cfg-path', '/tmp/tmpymhpm3v9']
[2026-01-02T03:48:38.127+0000] {standard_task_runner.py:83} INFO - Job 67: Subtask train_fit
[2026-01-02T03:48:38.128+0000] {dagbag.py:525} INFO - Filling up the DagBag from /opt/***/dags/psjung_dag.py
[2026-01-02T03:48:38.737+0000] {warnings.py:110} WARNING - /home/***/.local/lib/python3.7/site-packages/***/configuration.py:545: DeprecationWarning: The sql_alchemy_conn option in [core] has been moved to the sql_alchemy_conn option in [database] - the old setting has been used, but please update your config.
  option = self._get_environment_variables(deprecated_key, deprecated_section, key, section)

[2026-01-02T03:48:38.765+0000] {task_command.py:384} INFO - Running <TaskInstance: ModelDevelop.train_fit manual__2026-01-02T03:48:36.086188+00:00 [running]> on host 81eec80a5533
[2026-01-02T03:48:38.800+0000] {taskinstance.py:1592} INFO - Exporting the following env vars:
AIRFLOW_CTX_DAG_OWNER=***
AIRFLOW_CTX_DAG_ID=ModelDevelop
AIRFLOW_CTX_TASK_ID=train_fit
AIRFLOW_CTX_EXECUTION_DATE=2026-01-02T03:48:36.086188+00:00
AIRFLOW_CTX_TRY_NUMBER=1
AIRFLOW_CTX_DAG_RUN_ID=manual__2026-01-02T03:48:36.086188+00:00
[2026-01-02T03:48:38.812+0000] {logging_mixin.py:117} INFO -    sepal_length  sepal_width  petal_length  petal_width  target
0           5.0          3.3           1.4          0.2       0
[2026-01-02T03:48:38.813+0000] {taskinstance.py:1851} ERROR - Task failed with exception
Traceback (most recent call last):
  File "/home/airflow/.local/lib/python3.7/site-packages/airflow/operators/python.py", line 175, in execute
    return_value = self.execute_callable()
  File "/home/airflow/.local/lib/python3.7/site-packages/airflow/operators/python.py", line 193, in execute_callable
    return self.python_callable(*self.op_args, **self.op_kwargs)
  File "/opt/airflow/dags/psjung_dag.py", line 67, in train_fit
    X_train, X_valid, y_train, y_valid = train_test_split(X, y, train_size=0.8, random_state=2024)
  File "/home/airflow/.local/lib/python3.7/site-packages/sklearn/model_selection/_split.py", line 2421, in train_test_split
    n_samples, test_size, train_size, default_test_size=0.25
  File "/home/airflow/.local/lib/python3.7/site-packages/sklearn/model_selection/_split.py", line 2101, in _validate_shuffle_split
    "aforementioned parameters.".format(n_samples, test_size, train_size)
ValueError: With n_samples=1, test_size=None and train_size=0.8, the resulting train set will be empty. Adjust any of the aforementioned parameters.
[2026-01-02T03:48:38.819+0000] {taskinstance.py:1406} INFO - Marking task as UP_FOR_RETRY. dag_id=ModelDevelop, task_id=train_fit, execution_date=20260102T034836, start_date=20260102T034838, end_date=20260102T034838
[2026-01-02T03:48:38.825+0000] {standard_task_runner.py:107} ERROR - Failed to execute job 67 for task train_fit (With n_samples=1, test_size=None and train_size=0.8, the resulting train set will be empty. Adjust any of the aforementioned parameters.; 276)
[2026-01-02T03:48:38.858+0000] {local_task_job.py:164} INFO - Task exited with return code 1
[2026-01-02T03:48:38.873+0000] {local_task_job.py:273} INFO - 0 downstream tasks scheduled from follow-on schedule check
