[2026-03-25T05:07:19.440+0000] {processor.py:161} INFO - Started process (PID=55) to work on /opt/airflow/dags/exercise_drift.py
[2026-03-25T05:07:19.440+0000] {processor.py:830} INFO - Processing file /opt/airflow/dags/exercise_drift.py for tasks to queue
[2026-03-25T05:07:19.441+0000] {logging_mixin.py:188} INFO - [2026-03-25T05:07:19.441+0000] {dagbag.py:540} INFO - Filling up the DagBag from /opt/airflow/dags/exercise_drift.py
[2026-03-25T05:07:20.780+0000] {logging_mixin.py:188} WARNING - 2026/03/25 05:07:20 INFO mlflow.tracking.fluent: Experiment with name 'exercise_drift' does not exist. Creating a new experiment.
[2026-03-25T05:07:20.803+0000] {processor.py:840} INFO - DAG(s) 'DataDriftRetrainDAG' retrieved from /opt/airflow/dags/exercise_drift.py
[2026-03-25T05:07:20.934+0000] {logging_mixin.py:188} INFO - [2026-03-25T05:07:20.933+0000] {override.py:1769} INFO - Created Permission View: can delete on DAG:DataDriftRetrainDAG
[2026-03-25T05:07:20.938+0000] {logging_mixin.py:188} INFO - [2026-03-25T05:07:20.938+0000] {override.py:1769} INFO - Created Permission View: can edit on DAG:DataDriftRetrainDAG
[2026-03-25T05:07:20.942+0000] {logging_mixin.py:188} INFO - [2026-03-25T05:07:20.942+0000] {override.py:1769} INFO - Created Permission View: can read on DAG:DataDriftRetrainDAG
[2026-03-25T05:07:20.943+0000] {logging_mixin.py:188} INFO - [2026-03-25T05:07:20.942+0000] {dag.py:3047} INFO - Sync 1 DAGs
[2026-03-25T05:07:20.948+0000] {logging_mixin.py:188} INFO - [2026-03-25T05:07:20.948+0000] {dag.py:3069} INFO - Creating ORM DAG for DataDriftRetrainDAG
[2026-03-25T05:07:20.955+0000] {logging_mixin.py:188} INFO - [2026-03-25T05:07:20.955+0000] {dag.py:3834} INFO - Setting next_dagrun for DataDriftRetrainDAG to 2026-03-25 05:04:00+00:00, run_after=2026-03-25 05:06:00+00:00
[2026-03-25T05:07:20.962+0000] {processor.py:183} INFO - Processing /opt/airflow/dags/exercise_drift.py took 1.524 seconds
[2026-03-25T05:07:51.125+0000] {processor.py:161} INFO - Started process (PID=121) to work on /opt/airflow/dags/exercise_drift.py
[2026-03-25T05:07:51.126+0000] {processor.py:830} INFO - Processing file /opt/airflow/dags/exercise_drift.py for tasks to queue
[2026-03-25T05:07:51.127+0000] {logging_mixin.py:188} INFO - [2026-03-25T05:07:51.126+0000] {dagbag.py:540} INFO - Filling up the DagBag from /opt/airflow/dags/exercise_drift.py
[2026-03-25T05:07:51.881+0000] {processor.py:840} INFO - DAG(s) 'DataDriftRetrainDAG' retrieved from /opt/airflow/dags/exercise_drift.py
[2026-03-25T05:07:51.894+0000] {logging_mixin.py:188} INFO - [2026-03-25T05:07:51.894+0000] {dag.py:3047} INFO - Sync 1 DAGs
[2026-03-25T05:07:51.907+0000] {logging_mixin.py:188} INFO - [2026-03-25T05:07:51.907+0000] {dag.py:3834} INFO - Setting next_dagrun for DataDriftRetrainDAG to 2026-03-25 05:04:00+00:00, run_after=2026-03-25 05:06:00+00:00
[2026-03-25T05:07:51.916+0000] {processor.py:183} INFO - Processing /opt/airflow/dags/exercise_drift.py took 0.793 seconds
[2026-03-25T05:08:22.092+0000] {processor.py:161} INFO - Started process (PID=187) to work on /opt/airflow/dags/exercise_drift.py
[2026-03-25T05:08:22.093+0000] {processor.py:830} INFO - Processing file /opt/airflow/dags/exercise_drift.py for tasks to queue
[2026-03-25T05:08:22.094+0000] {logging_mixin.py:188} INFO - [2026-03-25T05:08:22.094+0000] {dagbag.py:540} INFO - Filling up the DagBag from /opt/airflow/dags/exercise_drift.py
[2026-03-25T05:08:22.851+0000] {processor.py:840} INFO - DAG(s) 'DataDriftRetrainDAG' retrieved from /opt/airflow/dags/exercise_drift.py
[2026-03-25T05:08:22.863+0000] {logging_mixin.py:188} INFO - [2026-03-25T05:08:22.863+0000] {dag.py:3047} INFO - Sync 1 DAGs
[2026-03-25T05:08:22.877+0000] {logging_mixin.py:188} INFO - [2026-03-25T05:08:22.877+0000] {dag.py:3834} INFO - Setting next_dagrun for DataDriftRetrainDAG to 2026-03-25 05:06:00+00:00, run_after=2026-03-25 05:08:00+00:00
[2026-03-25T05:08:22.885+0000] {processor.py:183} INFO - Processing /opt/airflow/dags/exercise_drift.py took 0.794 seconds
[2026-03-25T05:08:53.048+0000] {processor.py:161} INFO - Started process (PID=253) to work on /opt/airflow/dags/exercise_drift.py
[2026-03-25T05:08:53.048+0000] {processor.py:830} INFO - Processing file /opt/airflow/dags/exercise_drift.py for tasks to queue
[2026-03-25T05:08:53.049+0000] {logging_mixin.py:188} INFO - [2026-03-25T05:08:53.049+0000] {dagbag.py:540} INFO - Filling up the DagBag from /opt/airflow/dags/exercise_drift.py
[2026-03-25T05:08:53.833+0000] {processor.py:840} INFO - DAG(s) 'DataDriftRetrainDAG' retrieved from /opt/airflow/dags/exercise_drift.py
[2026-03-25T05:08:53.848+0000] {logging_mixin.py:188} INFO - [2026-03-25T05:08:53.847+0000] {dag.py:3047} INFO - Sync 1 DAGs
[2026-03-25T05:08:53.861+0000] {logging_mixin.py:188} INFO - [2026-03-25T05:08:53.861+0000] {dag.py:3834} INFO - Setting next_dagrun for DataDriftRetrainDAG to 2026-03-25 05:06:00+00:00, run_after=2026-03-25 05:08:00+00:00
[2026-03-25T05:08:53.870+0000] {processor.py:183} INFO - Processing /opt/airflow/dags/exercise_drift.py took 0.824 seconds
[2026-03-25T05:09:23.993+0000] {processor.py:161} INFO - Started process (PID=319) to work on /opt/airflow/dags/exercise_drift.py
[2026-03-25T05:09:23.993+0000] {processor.py:830} INFO - Processing file /opt/airflow/dags/exercise_drift.py for tasks to queue
[2026-03-25T05:09:23.994+0000] {logging_mixin.py:188} INFO - [2026-03-25T05:09:23.994+0000] {dagbag.py:540} INFO - Filling up the DagBag from /opt/airflow/dags/exercise_drift.py
[2026-03-25T05:09:24.739+0000] {processor.py:840} INFO - DAG(s) 'DataDriftRetrainDAG' retrieved from /opt/airflow/dags/exercise_drift.py
[2026-03-25T05:09:24.753+0000] {logging_mixin.py:188} INFO - [2026-03-25T05:09:24.752+0000] {dag.py:3047} INFO - Sync 1 DAGs
[2026-03-25T05:09:24.766+0000] {logging_mixin.py:188} INFO - [2026-03-25T05:09:24.766+0000] {dag.py:3834} INFO - Setting next_dagrun for DataDriftRetrainDAG to 2026-03-25 05:06:00+00:00, run_after=2026-03-25 05:08:00+00:00
[2026-03-25T05:09:24.775+0000] {processor.py:183} INFO - Processing /opt/airflow/dags/exercise_drift.py took 0.784 seconds
