[2026-03-25T05:07:19.435+0000] {processor.py:161} INFO - Started process (PID=54) to work on /opt/airflow/dags/exercise_QAs.py
[2026-03-25T05:07:19.436+0000] {processor.py:830} INFO - Processing file /opt/airflow/dags/exercise_QAs.py for tasks to queue
[2026-03-25T05:07:19.437+0000] {logging_mixin.py:188} INFO - [2026-03-25T05:07:19.437+0000] {dagbag.py:540} INFO - Filling up the DagBag from /opt/airflow/dags/exercise_QAs.py
[2026-03-25T05:07:20.806+0000] {logging_mixin.py:188} WARNING - 2026/03/25 05:07:20 INFO mlflow.tracking.fluent: Experiment with name 'exercise_QAs' does not exist. Creating a new experiment.
[2026-03-25T05:07:20.819+0000] {processor.py:840} INFO - DAG(s) 'ExampleDAG' retrieved from /opt/airflow/dags/exercise_QAs.py
[2026-03-25T05:07:20.935+0000] {logging_mixin.py:188} INFO - [2026-03-25T05:07:20.934+0000] {override.py:1769} INFO - Created Permission View: can delete on DAG:ExampleDAG
[2026-03-25T05:07:20.939+0000] {logging_mixin.py:188} INFO - [2026-03-25T05:07:20.939+0000] {override.py:1769} INFO - Created Permission View: can edit on DAG:ExampleDAG
[2026-03-25T05:07:20.942+0000] {logging_mixin.py:188} INFO - [2026-03-25T05:07:20.942+0000] {override.py:1769} INFO - Created Permission View: can read on DAG:ExampleDAG
[2026-03-25T05:07:20.942+0000] {logging_mixin.py:188} INFO - [2026-03-25T05:07:20.942+0000] {dag.py:3047} INFO - Sync 1 DAGs
[2026-03-25T05:07:20.949+0000] {logging_mixin.py:188} INFO - [2026-03-25T05:07:20.949+0000] {dag.py:3069} INFO - Creating ORM DAG for ExampleDAG
[2026-03-25T05:07:20.955+0000] {logging_mixin.py:188} INFO - [2026-03-25T05:07:20.955+0000] {dag.py:3834} INFO - Setting next_dagrun for ExampleDAG to 2026-03-23 18:00:00+00:00, run_after=2026-03-24 18:00:00+00:00
[2026-03-25T05:07:20.962+0000] {processor.py:183} INFO - Processing /opt/airflow/dags/exercise_QAs.py took 1.530 seconds
[2026-03-25T05:07:51.117+0000] {processor.py:161} INFO - Started process (PID=120) to work on /opt/airflow/dags/exercise_QAs.py
[2026-03-25T05:07:51.118+0000] {processor.py:830} INFO - Processing file /opt/airflow/dags/exercise_QAs.py for tasks to queue
[2026-03-25T05:07:51.119+0000] {logging_mixin.py:188} INFO - [2026-03-25T05:07:51.119+0000] {dagbag.py:540} INFO - Filling up the DagBag from /opt/airflow/dags/exercise_QAs.py
[2026-03-25T05:07:51.912+0000] {processor.py:840} INFO - DAG(s) 'ExampleDAG' retrieved from /opt/airflow/dags/exercise_QAs.py
[2026-03-25T05:07:51.925+0000] {logging_mixin.py:188} INFO - [2026-03-25T05:07:51.925+0000] {dag.py:3047} INFO - Sync 1 DAGs
[2026-03-25T05:07:51.937+0000] {logging_mixin.py:188} INFO - [2026-03-25T05:07:51.936+0000] {dag.py:3834} INFO - Setting next_dagrun for ExampleDAG to 2026-03-23 18:00:00+00:00, run_after=2026-03-24 18:00:00+00:00
[2026-03-25T05:07:51.945+0000] {processor.py:183} INFO - Processing /opt/airflow/dags/exercise_QAs.py took 0.830 seconds
[2026-03-25T05:08:22.085+0000] {processor.py:161} INFO - Started process (PID=186) to work on /opt/airflow/dags/exercise_QAs.py
[2026-03-25T05:08:22.086+0000] {processor.py:830} INFO - Processing file /opt/airflow/dags/exercise_QAs.py for tasks to queue
[2026-03-25T05:08:22.087+0000] {logging_mixin.py:188} INFO - [2026-03-25T05:08:22.086+0000] {dagbag.py:540} INFO - Filling up the DagBag from /opt/airflow/dags/exercise_QAs.py
[2026-03-25T05:08:22.862+0000] {processor.py:840} INFO - DAG(s) 'ExampleDAG' retrieved from /opt/airflow/dags/exercise_QAs.py
[2026-03-25T05:08:22.875+0000] {logging_mixin.py:188} INFO - [2026-03-25T05:08:22.875+0000] {dag.py:3047} INFO - Sync 1 DAGs
[2026-03-25T05:08:22.888+0000] {logging_mixin.py:188} INFO - [2026-03-25T05:08:22.888+0000] {dag.py:3834} INFO - Setting next_dagrun for ExampleDAG to 2026-03-23 18:00:00+00:00, run_after=2026-03-24 18:00:00+00:00
[2026-03-25T05:08:22.896+0000] {processor.py:183} INFO - Processing /opt/airflow/dags/exercise_QAs.py took 0.813 seconds
[2026-03-25T05:08:53.041+0000] {processor.py:161} INFO - Started process (PID=252) to work on /opt/airflow/dags/exercise_QAs.py
[2026-03-25T05:08:53.041+0000] {processor.py:830} INFO - Processing file /opt/airflow/dags/exercise_QAs.py for tasks to queue
[2026-03-25T05:08:53.042+0000] {logging_mixin.py:188} INFO - [2026-03-25T05:08:53.042+0000] {dagbag.py:540} INFO - Filling up the DagBag from /opt/airflow/dags/exercise_QAs.py
[2026-03-25T05:08:53.790+0000] {processor.py:840} INFO - DAG(s) 'ExampleDAG' retrieved from /opt/airflow/dags/exercise_QAs.py
[2026-03-25T05:08:53.803+0000] {logging_mixin.py:188} INFO - [2026-03-25T05:08:53.803+0000] {dag.py:3047} INFO - Sync 1 DAGs
[2026-03-25T05:08:53.815+0000] {logging_mixin.py:188} INFO - [2026-03-25T05:08:53.815+0000] {dag.py:3834} INFO - Setting next_dagrun for ExampleDAG to 2026-03-23 18:00:00+00:00, run_after=2026-03-24 18:00:00+00:00
[2026-03-25T05:08:53.823+0000] {processor.py:183} INFO - Processing /opt/airflow/dags/exercise_QAs.py took 0.784 seconds
[2026-03-25T05:09:23.985+0000] {processor.py:161} INFO - Started process (PID=318) to work on /opt/airflow/dags/exercise_QAs.py
[2026-03-25T05:09:23.986+0000] {processor.py:830} INFO - Processing file /opt/airflow/dags/exercise_QAs.py for tasks to queue
[2026-03-25T05:09:23.987+0000] {logging_mixin.py:188} INFO - [2026-03-25T05:09:23.987+0000] {dagbag.py:540} INFO - Filling up the DagBag from /opt/airflow/dags/exercise_QAs.py
[2026-03-25T05:09:24.779+0000] {processor.py:840} INFO - DAG(s) 'ExampleDAG' retrieved from /opt/airflow/dags/exercise_QAs.py
[2026-03-25T05:09:24.794+0000] {logging_mixin.py:188} INFO - [2026-03-25T05:09:24.793+0000] {dag.py:3047} INFO - Sync 1 DAGs
[2026-03-25T05:09:24.808+0000] {logging_mixin.py:188} INFO - [2026-03-25T05:09:24.808+0000] {dag.py:3834} INFO - Setting next_dagrun for ExampleDAG to 2026-03-23 18:00:00+00:00, run_after=2026-03-24 18:00:00+00:00
[2026-03-25T05:09:24.816+0000] {processor.py:183} INFO - Processing /opt/airflow/dags/exercise_QAs.py took 0.833 seconds
