[2026-01-16T07:57:19.566+0000] {taskinstance.py:1979} INFO - Dependencies all met for dep_context=non-requeueable deps ti=<TaskInstance: ModelDevelop.get_data scheduled__2026-01-15T15:00:00+00:00 [queued]>
[2026-01-16T07:57:19.571+0000] {taskinstance.py:1979} INFO - Dependencies all met for dep_context=requeueable deps ti=<TaskInstance: ModelDevelop.get_data scheduled__2026-01-15T15:00:00+00:00 [queued]>
[2026-01-16T07:57:19.571+0000] {taskinstance.py:2193} INFO - Starting attempt 1 of 2
[2026-01-16T07:57:19.579+0000] {taskinstance.py:2217} INFO - Executing <Task(PythonOperator): get_data> on 2026-01-15 15:00:00+00:00
[2026-01-16T07:57:19.584+0000] {standard_task_runner.py:60} INFO - Started process 43428 to run task
[2026-01-16T07:57:19.586+0000] {standard_task_runner.py:87} INFO - Running: ['***', 'tasks', 'run', 'ModelDevelop', 'get_data', 'scheduled__2026-01-15T15:00:00+00:00', '--job-id', '649', '--raw', '--subdir', 'DAGS_FOLDER/example.py', '--cfg-path', '/tmp/tmp3jdwamfg']
[2026-01-16T07:57:19.587+0000] {standard_task_runner.py:88} INFO - Job 649: Subtask get_data
[2026-01-16T07:57:19.596+0000] {warnings.py:109} WARNING - /home/***/.local/lib/python3.9/site-packages/***/settings.py:194: DeprecationWarning: The sql_alchemy_conn option in [core] has been moved to the sql_alchemy_conn option in [database] - the old setting has been used, but please update your config.
  SQL_ALCHEMY_CONN = conf.get("database", "SQL_ALCHEMY_CONN")

[2026-01-16T07:57:19.674+0000] {task_command.py:423} INFO - Running <TaskInstance: ModelDevelop.get_data scheduled__2026-01-15T15:00:00+00:00 [running]> on host 8a4f043652f0
[2026-01-16T07:57:19.762+0000] {taskinstance.py:2513} INFO - Exporting env vars: AIRFLOW_CTX_DAG_OWNER='***' AIRFLOW_CTX_DAG_ID='ModelDevelop' AIRFLOW_CTX_TASK_ID='get_data' AIRFLOW_CTX_EXECUTION_DATE='2026-01-15T15:00:00+00:00' AIRFLOW_CTX_TRY_NUMBER='1' AIRFLOW_CTX_DAG_RUN_ID='scheduled__2026-01-15T15:00:00+00:00'
[2026-01-16T07:57:19.775+0000] {python.py:202} INFO - Done. Returned value was: ./iris.csv
[2026-01-16T07:57:19.791+0000] {taskinstance.py:1149} INFO - Marking task as SUCCESS. dag_id=ModelDevelop, task_id=get_data, execution_date=20260115T150000, start_date=20260116T075719, end_date=20260116T075719
[2026-01-16T07:57:19.841+0000] {local_task_job_runner.py:234} INFO - Task exited with return code 0
[2026-01-16T07:57:19.876+0000] {taskinstance.py:3312} INFO - 0 downstream tasks scheduled from follow-on schedule check
[2026-01-17T13:21:01.147+0000] {taskinstance.py:1979} INFO - Dependencies all met for dep_context=non-requeueable deps ti=<TaskInstance: ModelDevelop.get_data scheduled__2026-01-15T15:00:00+00:00 [queued]>
[2026-01-17T13:21:01.154+0000] {taskinstance.py:1979} INFO - Dependencies all met for dep_context=requeueable deps ti=<TaskInstance: ModelDevelop.get_data scheduled__2026-01-15T15:00:00+00:00 [queued]>
[2026-01-17T13:21:01.154+0000] {taskinstance.py:2193} INFO - Starting attempt 1 of 2
[2026-01-17T13:21:01.188+0000] {taskinstance.py:2217} INFO - Executing <Task(PythonOperator): get_data> on 2026-01-15 15:00:00+00:00
[2026-01-17T13:21:01.195+0000] {standard_task_runner.py:60} INFO - Started process 43594 to run task
[2026-01-17T13:21:01.203+0000] {standard_task_runner.py:87} INFO - Running: ['***', 'tasks', 'run', 'ModelDevelop', 'get_data', 'scheduled__2026-01-15T15:00:00+00:00', '--job-id', '650', '--raw', '--subdir', 'DAGS_FOLDER/example.py', '--cfg-path', '/tmp/tmp93i4_bhu']
[2026-01-17T13:21:01.204+0000] {standard_task_runner.py:88} INFO - Job 650: Subtask get_data
[2026-01-17T13:21:01.237+0000] {warnings.py:109} WARNING - /home/***/.local/lib/python3.9/site-packages/***/settings.py:194: DeprecationWarning: The sql_alchemy_conn option in [core] has been moved to the sql_alchemy_conn option in [database] - the old setting has been used, but please update your config.
  SQL_ALCHEMY_CONN = conf.get("database", "SQL_ALCHEMY_CONN")

[2026-01-17T13:21:01.269+0000] {task_command.py:423} INFO - Running <TaskInstance: ModelDevelop.get_data scheduled__2026-01-15T15:00:00+00:00 [running]> on host ed3184b6b543
[2026-01-17T13:21:01.335+0000] {taskinstance.py:2513} INFO - Exporting env vars: AIRFLOW_CTX_DAG_OWNER='***' AIRFLOW_CTX_DAG_ID='ModelDevelop' AIRFLOW_CTX_TASK_ID='get_data' AIRFLOW_CTX_EXECUTION_DATE='2026-01-15T15:00:00+00:00' AIRFLOW_CTX_TRY_NUMBER='1' AIRFLOW_CTX_DAG_RUN_ID='scheduled__2026-01-15T15:00:00+00:00'
[2026-01-17T13:21:01.345+0000] {python.py:202} INFO - Done. Returned value was: ./iris.csv
[2026-01-17T13:21:01.405+0000] {taskinstance.py:1149} INFO - Marking task as SUCCESS. dag_id=ModelDevelop, task_id=get_data, execution_date=20260115T150000, start_date=20260117T132101, end_date=20260117T132101
[2026-01-17T13:21:01.460+0000] {local_task_job_runner.py:234} INFO - Task exited with return code 0
[2026-01-17T13:21:01.546+0000] {taskinstance.py:3312} INFO - 0 downstream tasks scheduled from follow-on schedule check
[2026-01-17T13:42:36.797+0000] {taskinstance.py:1979} INFO - Dependencies all met for dep_context=non-requeueable deps ti=<TaskInstance: ModelDevelop.get_data scheduled__2026-01-15T15:00:00+00:00 [queued]>
[2026-01-17T13:42:36.802+0000] {taskinstance.py:1979} INFO - Dependencies all met for dep_context=requeueable deps ti=<TaskInstance: ModelDevelop.get_data scheduled__2026-01-15T15:00:00+00:00 [queued]>
[2026-01-17T13:42:36.802+0000] {taskinstance.py:2193} INFO - Starting attempt 1 of 2
[2026-01-17T13:42:36.811+0000] {taskinstance.py:2217} INFO - Executing <Task(PythonOperator): get_data> on 2026-01-15 15:00:00+00:00
[2026-01-17T13:42:36.820+0000] {standard_task_runner.py:60} INFO - Started process 44126 to run task
[2026-01-17T13:42:36.822+0000] {standard_task_runner.py:87} INFO - Running: ['***', 'tasks', 'run', 'ModelDevelop', 'get_data', 'scheduled__2026-01-15T15:00:00+00:00', '--job-id', '655', '--raw', '--subdir', 'DAGS_FOLDER/example.py', '--cfg-path', '/tmp/tmp2vsfgkdo']
[2026-01-17T13:42:36.823+0000] {standard_task_runner.py:88} INFO - Job 655: Subtask get_data
[2026-01-17T13:42:36.835+0000] {warnings.py:109} WARNING - /home/***/.local/lib/python3.9/site-packages/***/settings.py:194: DeprecationWarning: The sql_alchemy_conn option in [core] has been moved to the sql_alchemy_conn option in [database] - the old setting has been used, but please update your config.
  SQL_ALCHEMY_CONN = conf.get("database", "SQL_ALCHEMY_CONN")

[2026-01-17T13:42:36.860+0000] {task_command.py:423} INFO - Running <TaskInstance: ModelDevelop.get_data scheduled__2026-01-15T15:00:00+00:00 [running]> on host 5330652dc216
[2026-01-17T13:42:36.955+0000] {taskinstance.py:2513} INFO - Exporting env vars: AIRFLOW_CTX_DAG_OWNER='***' AIRFLOW_CTX_DAG_ID='ModelDevelop' AIRFLOW_CTX_TASK_ID='get_data' AIRFLOW_CTX_EXECUTION_DATE='2026-01-15T15:00:00+00:00' AIRFLOW_CTX_TRY_NUMBER='1' AIRFLOW_CTX_DAG_RUN_ID='scheduled__2026-01-15T15:00:00+00:00'
[2026-01-17T13:42:36.966+0000] {python.py:202} INFO - Done. Returned value was: ./iris.csv
[2026-01-17T13:42:36.989+0000] {taskinstance.py:1149} INFO - Marking task as SUCCESS. dag_id=ModelDevelop, task_id=get_data, execution_date=20260115T150000, start_date=20260117T134236, end_date=20260117T134236
[2026-01-17T13:42:37.034+0000] {local_task_job_runner.py:234} INFO - Task exited with return code 0
[2026-01-17T13:42:37.116+0000] {taskinstance.py:3312} INFO - 0 downstream tasks scheduled from follow-on schedule check
