[2026-01-16T07:56:28.860+0000] {taskinstance.py:1979} INFO - Dependencies all met for dep_context=non-requeueable deps ti=<TaskInstance: ModelDevelop.get_data scheduled__2026-01-12T15:00:00+00:00 [queued]>
[2026-01-16T07:56:28.866+0000] {taskinstance.py:1979} INFO - Dependencies all met for dep_context=requeueable deps ti=<TaskInstance: ModelDevelop.get_data scheduled__2026-01-12T15:00:00+00:00 [queued]>
[2026-01-16T07:56:28.866+0000] {taskinstance.py:2193} INFO - Starting attempt 1 of 2
[2026-01-16T07:56:28.874+0000] {taskinstance.py:2217} INFO - Executing <Task(PythonOperator): get_data> on 2026-01-12 15:00:00+00:00
[2026-01-16T07:56:28.889+0000] {standard_task_runner.py:60} INFO - Started process 33108 to run task
[2026-01-16T07:56:28.891+0000] {standard_task_runner.py:87} INFO - Running: ['***', 'tasks', 'run', 'ModelDevelop', 'get_data', 'scheduled__2026-01-12T15:00:00+00:00', '--job-id', '498', '--raw', '--subdir', 'DAGS_FOLDER/example.py', '--cfg-path', '/tmp/tmpzvhql70h']
[2026-01-16T07:56:28.892+0000] {standard_task_runner.py:88} INFO - Job 498: Subtask get_data
[2026-01-16T07:56:28.903+0000] {warnings.py:109} WARNING - /home/***/.local/lib/python3.9/site-packages/***/settings.py:194: DeprecationWarning: The sql_alchemy_conn option in [core] has been moved to the sql_alchemy_conn option in [database] - the old setting has been used, but please update your config.
  SQL_ALCHEMY_CONN = conf.get("database", "SQL_ALCHEMY_CONN")

[2026-01-16T07:56:28.930+0000] {task_command.py:423} INFO - Running <TaskInstance: ModelDevelop.get_data scheduled__2026-01-12T15:00:00+00:00 [running]> on host 8a4f043652f0
[2026-01-16T07:56:28.984+0000] {taskinstance.py:2513} INFO - Exporting env vars: AIRFLOW_CTX_DAG_OWNER='***' AIRFLOW_CTX_DAG_ID='ModelDevelop' AIRFLOW_CTX_TASK_ID='get_data' AIRFLOW_CTX_EXECUTION_DATE='2026-01-12T15:00:00+00:00' AIRFLOW_CTX_TRY_NUMBER='1' AIRFLOW_CTX_DAG_RUN_ID='scheduled__2026-01-12T15:00:00+00:00'
[2026-01-16T07:56:28.993+0000] {python.py:202} INFO - Done. Returned value was: ./iris.csv
[2026-01-16T07:56:29.008+0000] {taskinstance.py:1149} INFO - Marking task as SUCCESS. dag_id=ModelDevelop, task_id=get_data, execution_date=20260112T150000, start_date=20260116T075628, end_date=20260116T075629
[2026-01-16T07:56:29.023+0000] {local_task_job_runner.py:234} INFO - Task exited with return code 0
[2026-01-16T07:56:29.039+0000] {taskinstance.py:3312} INFO - 1 downstream tasks scheduled from follow-on schedule check
[2026-01-17T13:20:13.270+0000] {taskinstance.py:1979} INFO - Dependencies all met for dep_context=non-requeueable deps ti=<TaskInstance: ModelDevelop.get_data scheduled__2026-01-12T15:00:00+00:00 [queued]>
[2026-01-17T13:20:13.276+0000] {taskinstance.py:1979} INFO - Dependencies all met for dep_context=requeueable deps ti=<TaskInstance: ModelDevelop.get_data scheduled__2026-01-12T15:00:00+00:00 [queued]>
[2026-01-17T13:20:13.276+0000] {taskinstance.py:2193} INFO - Starting attempt 1 of 2
[2026-01-17T13:20:13.300+0000] {taskinstance.py:2217} INFO - Executing <Task(PythonOperator): get_data> on 2026-01-12 15:00:00+00:00
[2026-01-17T13:20:13.311+0000] {standard_task_runner.py:60} INFO - Started process 33211 to run task
[2026-01-17T13:20:13.318+0000] {standard_task_runner.py:87} INFO - Running: ['***', 'tasks', 'run', 'ModelDevelop', 'get_data', 'scheduled__2026-01-12T15:00:00+00:00', '--job-id', '498', '--raw', '--subdir', 'DAGS_FOLDER/example.py', '--cfg-path', '/tmp/tmpe0tj5hr8']
[2026-01-17T13:20:13.319+0000] {standard_task_runner.py:88} INFO - Job 498: Subtask get_data
[2026-01-17T13:20:13.354+0000] {warnings.py:109} WARNING - /home/***/.local/lib/python3.9/site-packages/***/settings.py:194: DeprecationWarning: The sql_alchemy_conn option in [core] has been moved to the sql_alchemy_conn option in [database] - the old setting has been used, but please update your config.
  SQL_ALCHEMY_CONN = conf.get("database", "SQL_ALCHEMY_CONN")

[2026-01-17T13:20:13.389+0000] {task_command.py:423} INFO - Running <TaskInstance: ModelDevelop.get_data scheduled__2026-01-12T15:00:00+00:00 [running]> on host ed3184b6b543
[2026-01-17T13:20:13.456+0000] {taskinstance.py:2513} INFO - Exporting env vars: AIRFLOW_CTX_DAG_OWNER='***' AIRFLOW_CTX_DAG_ID='ModelDevelop' AIRFLOW_CTX_TASK_ID='get_data' AIRFLOW_CTX_EXECUTION_DATE='2026-01-12T15:00:00+00:00' AIRFLOW_CTX_TRY_NUMBER='1' AIRFLOW_CTX_DAG_RUN_ID='scheduled__2026-01-12T15:00:00+00:00'
[2026-01-17T13:20:13.468+0000] {python.py:202} INFO - Done. Returned value was: ./iris.csv
[2026-01-17T13:20:13.484+0000] {taskinstance.py:1149} INFO - Marking task as SUCCESS. dag_id=ModelDevelop, task_id=get_data, execution_date=20260112T150000, start_date=20260117T132013, end_date=20260117T132013
[2026-01-17T13:20:13.537+0000] {local_task_job_runner.py:234} INFO - Task exited with return code 0
[2026-01-17T13:20:13.569+0000] {taskinstance.py:3312} INFO - 1 downstream tasks scheduled from follow-on schedule check
[2026-01-17T13:41:46.167+0000] {taskinstance.py:1979} INFO - Dependencies all met for dep_context=non-requeueable deps ti=<TaskInstance: ModelDevelop.get_data scheduled__2026-01-12T15:00:00+00:00 [queued]>
[2026-01-17T13:41:46.173+0000] {taskinstance.py:1979} INFO - Dependencies all met for dep_context=requeueable deps ti=<TaskInstance: ModelDevelop.get_data scheduled__2026-01-12T15:00:00+00:00 [queued]>
[2026-01-17T13:41:46.174+0000] {taskinstance.py:2193} INFO - Starting attempt 1 of 2
[2026-01-17T13:41:46.191+0000] {taskinstance.py:2217} INFO - Executing <Task(PythonOperator): get_data> on 2026-01-12 15:00:00+00:00
[2026-01-17T13:41:46.215+0000] {standard_task_runner.py:60} INFO - Started process 33584 to run task
[2026-01-17T13:41:46.226+0000] {standard_task_runner.py:87} INFO - Running: ['***', 'tasks', 'run', 'ModelDevelop', 'get_data', 'scheduled__2026-01-12T15:00:00+00:00', '--job-id', '503', '--raw', '--subdir', 'DAGS_FOLDER/example.py', '--cfg-path', '/tmp/tmpa83pfyw0']
[2026-01-17T13:41:46.227+0000] {standard_task_runner.py:88} INFO - Job 503: Subtask get_data
[2026-01-17T13:41:46.268+0000] {warnings.py:109} WARNING - /home/***/.local/lib/python3.9/site-packages/***/settings.py:194: DeprecationWarning: The sql_alchemy_conn option in [core] has been moved to the sql_alchemy_conn option in [database] - the old setting has been used, but please update your config.
  SQL_ALCHEMY_CONN = conf.get("database", "SQL_ALCHEMY_CONN")

[2026-01-17T13:41:46.323+0000] {task_command.py:423} INFO - Running <TaskInstance: ModelDevelop.get_data scheduled__2026-01-12T15:00:00+00:00 [running]> on host 5330652dc216
[2026-01-17T13:41:46.455+0000] {taskinstance.py:2513} INFO - Exporting env vars: AIRFLOW_CTX_DAG_OWNER='***' AIRFLOW_CTX_DAG_ID='ModelDevelop' AIRFLOW_CTX_TASK_ID='get_data' AIRFLOW_CTX_EXECUTION_DATE='2026-01-12T15:00:00+00:00' AIRFLOW_CTX_TRY_NUMBER='1' AIRFLOW_CTX_DAG_RUN_ID='scheduled__2026-01-12T15:00:00+00:00'
[2026-01-17T13:41:46.466+0000] {python.py:202} INFO - Done. Returned value was: ./iris.csv
[2026-01-17T13:41:46.492+0000] {taskinstance.py:1149} INFO - Marking task as SUCCESS. dag_id=ModelDevelop, task_id=get_data, execution_date=20260112T150000, start_date=20260117T134146, end_date=20260117T134146
[2026-01-17T13:41:46.594+0000] {local_task_job_runner.py:234} INFO - Task exited with return code 0
[2026-01-17T13:41:46.615+0000] {taskinstance.py:3312} INFO - 1 downstream tasks scheduled from follow-on schedule check
