[2026-01-16T07:53:47.578+0000] {taskinstance.py:1979} INFO - Dependencies all met for dep_context=non-requeueable deps ti=<TaskInstance: ModelDevelop.get_data scheduled__2026-01-02T13:00:00+00:00 [queued]>
[2026-01-16T07:53:47.582+0000] {taskinstance.py:1979} INFO - Dependencies all met for dep_context=requeueable deps ti=<TaskInstance: ModelDevelop.get_data scheduled__2026-01-02T13:00:00+00:00 [queued]>
[2026-01-16T07:53:47.582+0000] {taskinstance.py:2193} INFO - Starting attempt 1 of 2
[2026-01-16T07:53:47.589+0000] {taskinstance.py:2217} INFO - Executing <Task(PythonOperator): get_data> on 2026-01-02 13:00:00+00:00
[2026-01-16T07:53:47.594+0000] {standard_task_runner.py:60} INFO - Started process 614 to run task
[2026-01-16T07:53:47.596+0000] {standard_task_runner.py:87} INFO - Running: ['***', 'tasks', 'run', 'ModelDevelop', 'get_data', 'scheduled__2026-01-02T13:00:00+00:00', '--job-id', '15', '--raw', '--subdir', 'DAGS_FOLDER/example.py', '--cfg-path', '/tmp/tmpk45zd6dg']
[2026-01-16T07:53:47.597+0000] {standard_task_runner.py:88} INFO - Job 15: Subtask get_data
[2026-01-16T07:53:47.605+0000] {warnings.py:109} WARNING - /home/***/.local/lib/python3.9/site-packages/***/settings.py:194: DeprecationWarning: The sql_alchemy_conn option in [core] has been moved to the sql_alchemy_conn option in [database] - the old setting has been used, but please update your config.
  SQL_ALCHEMY_CONN = conf.get("database", "SQL_ALCHEMY_CONN")

[2026-01-16T07:53:47.628+0000] {task_command.py:423} INFO - Running <TaskInstance: ModelDevelop.get_data scheduled__2026-01-02T13:00:00+00:00 [running]> on host 8a4f043652f0
[2026-01-16T07:53:47.667+0000] {taskinstance.py:2513} INFO - Exporting env vars: AIRFLOW_CTX_DAG_OWNER='***' AIRFLOW_CTX_DAG_ID='ModelDevelop' AIRFLOW_CTX_TASK_ID='get_data' AIRFLOW_CTX_EXECUTION_DATE='2026-01-02T13:00:00+00:00' AIRFLOW_CTX_TRY_NUMBER='1' AIRFLOW_CTX_DAG_RUN_ID='scheduled__2026-01-02T13:00:00+00:00'
[2026-01-16T07:53:47.675+0000] {python.py:202} INFO - Done. Returned value was: ./iris.csv
[2026-01-16T07:53:47.686+0000] {taskinstance.py:1149} INFO - Marking task as SUCCESS. dag_id=ModelDevelop, task_id=get_data, execution_date=20260102T130000, start_date=20260116T075347, end_date=20260116T075347
[2026-01-16T07:53:47.728+0000] {local_task_job_runner.py:234} INFO - Task exited with return code 0
[2026-01-16T07:53:47.746+0000] {taskinstance.py:3312} INFO - 1 downstream tasks scheduled from follow-on schedule check
[2026-01-17T13:17:28.855+0000] {taskinstance.py:1979} INFO - Dependencies all met for dep_context=non-requeueable deps ti=<TaskInstance: ModelDevelop.get_data scheduled__2026-01-02T13:00:00+00:00 [queued]>
[2026-01-17T13:17:28.859+0000] {taskinstance.py:1979} INFO - Dependencies all met for dep_context=requeueable deps ti=<TaskInstance: ModelDevelop.get_data scheduled__2026-01-02T13:00:00+00:00 [queued]>
[2026-01-17T13:17:28.860+0000] {taskinstance.py:2193} INFO - Starting attempt 1 of 2
[2026-01-17T13:17:28.866+0000] {taskinstance.py:2217} INFO - Executing <Task(PythonOperator): get_data> on 2026-01-02 13:00:00+00:00
[2026-01-17T13:17:28.871+0000] {standard_task_runner.py:60} INFO - Started process 614 to run task
[2026-01-17T13:17:28.873+0000] {standard_task_runner.py:87} INFO - Running: ['***', 'tasks', 'run', 'ModelDevelop', 'get_data', 'scheduled__2026-01-02T13:00:00+00:00', '--job-id', '15', '--raw', '--subdir', 'DAGS_FOLDER/example.py', '--cfg-path', '/tmp/tmpjhpj4tqv']
[2026-01-17T13:17:28.874+0000] {standard_task_runner.py:88} INFO - Job 15: Subtask get_data
[2026-01-17T13:17:28.882+0000] {warnings.py:109} WARNING - /home/***/.local/lib/python3.9/site-packages/***/settings.py:194: DeprecationWarning: The sql_alchemy_conn option in [core] has been moved to the sql_alchemy_conn option in [database] - the old setting has been used, but please update your config.
  SQL_ALCHEMY_CONN = conf.get("database", "SQL_ALCHEMY_CONN")

[2026-01-17T13:17:28.906+0000] {task_command.py:423} INFO - Running <TaskInstance: ModelDevelop.get_data scheduled__2026-01-02T13:00:00+00:00 [running]> on host ed3184b6b543
[2026-01-17T13:17:28.949+0000] {taskinstance.py:2513} INFO - Exporting env vars: AIRFLOW_CTX_DAG_OWNER='***' AIRFLOW_CTX_DAG_ID='ModelDevelop' AIRFLOW_CTX_TASK_ID='get_data' AIRFLOW_CTX_EXECUTION_DATE='2026-01-02T13:00:00+00:00' AIRFLOW_CTX_TRY_NUMBER='1' AIRFLOW_CTX_DAG_RUN_ID='scheduled__2026-01-02T13:00:00+00:00'
[2026-01-17T13:17:28.957+0000] {python.py:202} INFO - Done. Returned value was: ./iris.csv
[2026-01-17T13:17:28.970+0000] {taskinstance.py:1149} INFO - Marking task as SUCCESS. dag_id=ModelDevelop, task_id=get_data, execution_date=20260102T130000, start_date=20260117T131728, end_date=20260117T131728
[2026-01-17T13:17:29.005+0000] {local_task_job_runner.py:234} INFO - Task exited with return code 0
[2026-01-17T13:17:29.018+0000] {taskinstance.py:3312} INFO - 1 downstream tasks scheduled from follow-on schedule check
[2026-01-17T13:38:40.182+0000] {taskinstance.py:1979} INFO - Dependencies all met for dep_context=non-requeueable deps ti=<TaskInstance: ModelDevelop.get_data scheduled__2026-01-02T13:00:00+00:00 [queued]>
[2026-01-17T13:38:40.186+0000] {taskinstance.py:1979} INFO - Dependencies all met for dep_context=requeueable deps ti=<TaskInstance: ModelDevelop.get_data scheduled__2026-01-02T13:00:00+00:00 [queued]>
[2026-01-17T13:38:40.186+0000] {taskinstance.py:2193} INFO - Starting attempt 1 of 2
[2026-01-17T13:38:40.193+0000] {taskinstance.py:2217} INFO - Executing <Task(PythonOperator): get_data> on 2026-01-02 13:00:00+00:00
[2026-01-17T13:38:40.198+0000] {standard_task_runner.py:60} INFO - Started process 614 to run task
[2026-01-17T13:38:40.200+0000] {standard_task_runner.py:87} INFO - Running: ['***', 'tasks', 'run', 'ModelDevelop', 'get_data', 'scheduled__2026-01-02T13:00:00+00:00', '--job-id', '15', '--raw', '--subdir', 'DAGS_FOLDER/example.py', '--cfg-path', '/tmp/tmp57_s160u']
[2026-01-17T13:38:40.201+0000] {standard_task_runner.py:88} INFO - Job 15: Subtask get_data
[2026-01-17T13:38:40.209+0000] {warnings.py:109} WARNING - /home/***/.local/lib/python3.9/site-packages/***/settings.py:194: DeprecationWarning: The sql_alchemy_conn option in [core] has been moved to the sql_alchemy_conn option in [database] - the old setting has been used, but please update your config.
  SQL_ALCHEMY_CONN = conf.get("database", "SQL_ALCHEMY_CONN")

[2026-01-17T13:38:40.233+0000] {task_command.py:423} INFO - Running <TaskInstance: ModelDevelop.get_data scheduled__2026-01-02T13:00:00+00:00 [running]> on host 5330652dc216
[2026-01-17T13:38:40.273+0000] {taskinstance.py:2513} INFO - Exporting env vars: AIRFLOW_CTX_DAG_OWNER='***' AIRFLOW_CTX_DAG_ID='ModelDevelop' AIRFLOW_CTX_TASK_ID='get_data' AIRFLOW_CTX_EXECUTION_DATE='2026-01-02T13:00:00+00:00' AIRFLOW_CTX_TRY_NUMBER='1' AIRFLOW_CTX_DAG_RUN_ID='scheduled__2026-01-02T13:00:00+00:00'
[2026-01-17T13:38:40.281+0000] {python.py:202} INFO - Done. Returned value was: ./iris.csv
[2026-01-17T13:38:40.293+0000] {taskinstance.py:1149} INFO - Marking task as SUCCESS. dag_id=ModelDevelop, task_id=get_data, execution_date=20260102T130000, start_date=20260117T133840, end_date=20260117T133840
[2026-01-17T13:38:40.332+0000] {local_task_job_runner.py:234} INFO - Task exited with return code 0
[2026-01-17T13:38:40.351+0000] {taskinstance.py:3312} INFO - 1 downstream tasks scheduled from follow-on schedule check
