[2026-01-02T02:01:00.501+0000] {taskinstance.py:1165} INFO - Dependencies all met for <TaskInstance: ModelDevelop.get_data scheduled__2026-01-02T02:00:00+00:00 [queued]>
[2026-01-02T02:01:00.505+0000] {taskinstance.py:1165} INFO - Dependencies all met for <TaskInstance: ModelDevelop.get_data scheduled__2026-01-02T02:00:00+00:00 [queued]>
[2026-01-02T02:01:00.506+0000] {taskinstance.py:1362} INFO - 
--------------------------------------------------------------------------------
[2026-01-02T02:01:00.506+0000] {taskinstance.py:1363} INFO - Starting attempt 1 of 2
[2026-01-02T02:01:00.506+0000] {taskinstance.py:1364} INFO - 
--------------------------------------------------------------------------------
[2026-01-02T02:01:00.512+0000] {taskinstance.py:1383} INFO - Executing <Task(PythonOperator): get_data> on 2026-01-02 02:00:00+00:00
[2026-01-02T02:01:00.516+0000] {standard_task_runner.py:54} INFO - Started process 486 to run task
[2026-01-02T02:01:00.518+0000] {standard_task_runner.py:82} INFO - Running: ['***', 'tasks', 'run', 'ModelDevelop', 'get_data', 'scheduled__2026-01-02T02:00:00+00:00', '--job-id', '137', '--raw', '--subdir', 'DAGS_FOLDER/psjung_dag.py', '--cfg-path', '/tmp/tmpubgktt2g']
[2026-01-02T02:01:00.519+0000] {standard_task_runner.py:83} INFO - Job 137: Subtask get_data
[2026-01-02T02:01:00.519+0000] {dagbag.py:525} INFO - Filling up the DagBag from /opt/***/dags/psjung_dag.py
[2026-01-02T02:01:01.130+0000] {warnings.py:110} WARNING - /home/***/.local/lib/python3.7/site-packages/***/configuration.py:545: DeprecationWarning: The sql_alchemy_conn option in [core] has been moved to the sql_alchemy_conn option in [database] - the old setting has been used, but please update your config.
  option = self._get_environment_variables(deprecated_key, deprecated_section, key, section)

[2026-01-02T02:01:01.160+0000] {task_command.py:384} INFO - Running <TaskInstance: ModelDevelop.get_data scheduled__2026-01-02T02:00:00+00:00 [running]> on host da0f76555d1e
[2026-01-02T02:01:01.199+0000] {taskinstance.py:1592} INFO - Exporting the following env vars:
AIRFLOW_CTX_DAG_OWNER=***
AIRFLOW_CTX_DAG_ID=ModelDevelop
AIRFLOW_CTX_TASK_ID=get_data
AIRFLOW_CTX_EXECUTION_DATE=2026-01-02T02:00:00+00:00
AIRFLOW_CTX_TRY_NUMBER=1
AIRFLOW_CTX_DAG_RUN_ID=scheduled__2026-01-02T02:00:00+00:00
[2026-01-02T02:01:01.201+0000] {taskinstance.py:1851} ERROR - Task failed with exception
Traceback (most recent call last):
  File "/home/airflow/.local/lib/python3.7/site-packages/pandas/io/sql.py", line 2056, in execute
    cur.execute(*args, **kwargs)
psycopg2.errors.UndefinedTable: relation "iris_data" does not exist
LINE 1: SELECT * FROM iris_data ORDER BY id DESC LIMIT 10
                      ^


The above exception was the direct cause of the following exception:

Traceback (most recent call last):
  File "/home/airflow/.local/lib/python3.7/site-packages/airflow/operators/python.py", line 175, in execute
    return_value = self.execute_callable()
  File "/home/airflow/.local/lib/python3.7/site-packages/airflow/operators/python.py", line 193, in execute_callable
    return self.python_callable(*self.op_args, **self.op_kwargs)
  File "/opt/airflow/dags/psjung_dag.py", line 42, in get_data
    df = pd.read_sql("SELECT * FROM iris_data ORDER BY id DESC LIMIT 10", db_connect)
  File "/home/airflow/.local/lib/python3.7/site-packages/pandas/io/sql.py", line 608, in read_sql
    chunksize=chunksize,
  File "/home/airflow/.local/lib/python3.7/site-packages/pandas/io/sql.py", line 2116, in read_query
    cursor = self.execute(*args)
  File "/home/airflow/.local/lib/python3.7/site-packages/pandas/io/sql.py", line 2068, in execute
    raise ex from exc
pandas.io.sql.DatabaseError: Execution failed on sql 'SELECT * FROM iris_data ORDER BY id DESC LIMIT 10': relation "iris_data" does not exist
LINE 1: SELECT * FROM iris_data ORDER BY id DESC LIMIT 10
                      ^

[2026-01-02T02:01:01.206+0000] {taskinstance.py:1406} INFO - Marking task as UP_FOR_RETRY. dag_id=ModelDevelop, task_id=get_data, execution_date=20260102T020000, start_date=20260102T020100, end_date=20260102T020101
[2026-01-02T02:01:01.212+0000] {standard_task_runner.py:107} ERROR - Failed to execute job 137 for task get_data (Execution failed on sql 'SELECT * FROM iris_data ORDER BY id DESC LIMIT 10': relation "iris_data" does not exist
LINE 1: SELECT * FROM iris_data ORDER BY id DESC LIMIT 10
                      ^
; 486)
[2026-01-02T02:01:01.251+0000] {local_task_job.py:164} INFO - Task exited with return code 1
[2026-01-02T02:01:01.270+0000] {local_task_job.py:273} INFO - 0 downstream tasks scheduled from follow-on schedule check
[2026-01-02T03:00:00.956+0000] {taskinstance.py:1165} INFO - Dependencies all met for <TaskInstance: ModelDevelop.get_data scheduled__2026-01-02T02:00:00+00:00 [queued]>
[2026-01-02T03:00:00.962+0000] {taskinstance.py:1165} INFO - Dependencies all met for <TaskInstance: ModelDevelop.get_data scheduled__2026-01-02T02:00:00+00:00 [queued]>
[2026-01-02T03:00:00.962+0000] {taskinstance.py:1362} INFO - 
--------------------------------------------------------------------------------
[2026-01-02T03:00:00.962+0000] {taskinstance.py:1363} INFO - Starting attempt 1 of 2
[2026-01-02T03:00:00.962+0000] {taskinstance.py:1364} INFO - 
--------------------------------------------------------------------------------
[2026-01-02T03:00:00.969+0000] {taskinstance.py:1383} INFO - Executing <Task(PythonOperator): get_data> on 2026-01-02 02:00:00+00:00
[2026-01-02T03:00:00.973+0000] {standard_task_runner.py:54} INFO - Started process 252 to run task
[2026-01-02T03:00:00.975+0000] {standard_task_runner.py:82} INFO - Running: ['***', 'tasks', 'run', 'ModelDevelop', 'get_data', 'scheduled__2026-01-02T02:00:00+00:00', '--job-id', '59', '--raw', '--subdir', 'DAGS_FOLDER/psjung_dag.py', '--cfg-path', '/tmp/tmpgk8icx1z']
[2026-01-02T03:00:00.976+0000] {standard_task_runner.py:83} INFO - Job 59: Subtask get_data
[2026-01-02T03:00:00.976+0000] {dagbag.py:525} INFO - Filling up the DagBag from /opt/***/dags/psjung_dag.py
[2026-01-02T03:00:01.580+0000] {warnings.py:110} WARNING - /home/***/.local/lib/python3.7/site-packages/***/configuration.py:545: DeprecationWarning: The sql_alchemy_conn option in [core] has been moved to the sql_alchemy_conn option in [database] - the old setting has been used, but please update your config.
  option = self._get_environment_variables(deprecated_key, deprecated_section, key, section)

[2026-01-02T03:00:01.609+0000] {task_command.py:384} INFO - Running <TaskInstance: ModelDevelop.get_data scheduled__2026-01-02T02:00:00+00:00 [running]> on host 81eec80a5533
[2026-01-02T03:00:01.646+0000] {taskinstance.py:1592} INFO - Exporting the following env vars:
AIRFLOW_CTX_DAG_OWNER=***
AIRFLOW_CTX_DAG_ID=ModelDevelop
AIRFLOW_CTX_TASK_ID=get_data
AIRFLOW_CTX_EXECUTION_DATE=2026-01-02T02:00:00+00:00
AIRFLOW_CTX_TRY_NUMBER=1
AIRFLOW_CTX_DAG_RUN_ID=scheduled__2026-01-02T02:00:00+00:00
[2026-01-02T03:00:01.653+0000] {logging_mixin.py:117} INFO -    sepal_length  sepal_width  petal_length  petal_width  target
4           5.0          3.6           1.4          0.2       0
[2026-01-02T03:00:01.654+0000] {python.py:177} INFO - Done. Returned value was: ./iris.csv
[2026-01-02T03:00:01.667+0000] {taskinstance.py:1406} INFO - Marking task as SUCCESS. dag_id=ModelDevelop, task_id=get_data, execution_date=20260102T020000, start_date=20260102T030000, end_date=20260102T030001
[2026-01-02T03:00:01.707+0000] {local_task_job.py:164} INFO - Task exited with return code 0
[2026-01-02T03:00:01.723+0000] {local_task_job.py:273} INFO - 1 downstream tasks scheduled from follow-on schedule check
[2026-01-02T03:47:41.605+0000] {taskinstance.py:1165} INFO - Dependencies all met for <TaskInstance: ModelDevelop.get_data scheduled__2026-01-02T02:00:00+00:00 [queued]>
[2026-01-02T03:47:41.610+0000] {taskinstance.py:1165} INFO - Dependencies all met for <TaskInstance: ModelDevelop.get_data scheduled__2026-01-02T02:00:00+00:00 [queued]>
[2026-01-02T03:47:41.610+0000] {taskinstance.py:1362} INFO - 
--------------------------------------------------------------------------------
[2026-01-02T03:47:41.610+0000] {taskinstance.py:1363} INFO - Starting attempt 1 of 2
[2026-01-02T03:47:41.611+0000] {taskinstance.py:1364} INFO - 
--------------------------------------------------------------------------------
[2026-01-02T03:47:41.617+0000] {taskinstance.py:1383} INFO - Executing <Task(PythonOperator): get_data> on 2026-01-02 02:00:00+00:00
[2026-01-02T03:47:41.621+0000] {standard_task_runner.py:54} INFO - Started process 263 to run task
[2026-01-02T03:47:41.623+0000] {standard_task_runner.py:82} INFO - Running: ['***', 'tasks', 'run', 'ModelDevelop', 'get_data', 'scheduled__2026-01-02T02:00:00+00:00', '--job-id', '63', '--raw', '--subdir', 'DAGS_FOLDER/psjung_dag.py', '--cfg-path', '/tmp/tmpbk24k4mj']
[2026-01-02T03:47:41.623+0000] {standard_task_runner.py:83} INFO - Job 63: Subtask get_data
[2026-01-02T03:47:41.623+0000] {dagbag.py:525} INFO - Filling up the DagBag from /opt/***/dags/psjung_dag.py
[2026-01-02T03:47:42.228+0000] {warnings.py:110} WARNING - /home/***/.local/lib/python3.7/site-packages/***/configuration.py:545: DeprecationWarning: The sql_alchemy_conn option in [core] has been moved to the sql_alchemy_conn option in [database] - the old setting has been used, but please update your config.
  option = self._get_environment_variables(deprecated_key, deprecated_section, key, section)

[2026-01-02T03:47:42.253+0000] {task_command.py:384} INFO - Running <TaskInstance: ModelDevelop.get_data scheduled__2026-01-02T02:00:00+00:00 [running]> on host 81eec80a5533
[2026-01-02T03:47:42.291+0000] {taskinstance.py:1592} INFO - Exporting the following env vars:
AIRFLOW_CTX_DAG_OWNER=***
AIRFLOW_CTX_DAG_ID=ModelDevelop
AIRFLOW_CTX_TASK_ID=get_data
AIRFLOW_CTX_EXECUTION_DATE=2026-01-02T02:00:00+00:00
AIRFLOW_CTX_TRY_NUMBER=1
AIRFLOW_CTX_DAG_RUN_ID=scheduled__2026-01-02T02:00:00+00:00
[2026-01-02T03:47:42.298+0000] {logging_mixin.py:117} INFO -     sepal_length  sepal_width  petal_length  petal_width  target
14           5.8          4.0           1.2          0.2       0
[2026-01-02T03:47:42.299+0000] {python.py:177} INFO - Done. Returned value was: ./iris.csv
[2026-01-02T03:47:42.313+0000] {taskinstance.py:1406} INFO - Marking task as SUCCESS. dag_id=ModelDevelop, task_id=get_data, execution_date=20260102T020000, start_date=20260102T034741, end_date=20260102T034742
[2026-01-02T03:47:42.355+0000] {local_task_job.py:164} INFO - Task exited with return code 0
[2026-01-02T03:47:42.371+0000] {local_task_job.py:273} INFO - 1 downstream tasks scheduled from follow-on schedule check
[2026-01-02T03:51:46.983+0000] {taskinstance.py:1165} INFO - Dependencies all met for <TaskInstance: ModelDevelop.get_data scheduled__2026-01-02T02:00:00+00:00 [queued]>
[2026-01-02T03:51:46.988+0000] {taskinstance.py:1165} INFO - Dependencies all met for <TaskInstance: ModelDevelop.get_data scheduled__2026-01-02T02:00:00+00:00 [queued]>
[2026-01-02T03:51:46.988+0000] {taskinstance.py:1362} INFO - 
--------------------------------------------------------------------------------
[2026-01-02T03:51:46.988+0000] {taskinstance.py:1363} INFO - Starting attempt 1 of 2
[2026-01-02T03:51:46.988+0000] {taskinstance.py:1364} INFO - 
--------------------------------------------------------------------------------
[2026-01-02T03:51:46.995+0000] {taskinstance.py:1383} INFO - Executing <Task(PythonOperator): get_data> on 2026-01-02 02:00:00+00:00
[2026-01-02T03:51:46.999+0000] {standard_task_runner.py:54} INFO - Started process 329 to run task
[2026-01-02T03:51:47.000+0000] {standard_task_runner.py:82} INFO - Running: ['***', 'tasks', 'run', 'ModelDevelop', 'get_data', 'scheduled__2026-01-02T02:00:00+00:00', '--job-id', '73', '--raw', '--subdir', 'DAGS_FOLDER/psjung_dag.py', '--cfg-path', '/tmp/tmpzas81ijf']
[2026-01-02T03:51:47.001+0000] {standard_task_runner.py:83} INFO - Job 73: Subtask get_data
[2026-01-02T03:51:47.001+0000] {dagbag.py:525} INFO - Filling up the DagBag from /opt/***/dags/psjung_dag.py
[2026-01-02T03:51:47.589+0000] {warnings.py:110} WARNING - /home/***/.local/lib/python3.7/site-packages/***/configuration.py:545: DeprecationWarning: The sql_alchemy_conn option in [core] has been moved to the sql_alchemy_conn option in [database] - the old setting has been used, but please update your config.
  option = self._get_environment_variables(deprecated_key, deprecated_section, key, section)

[2026-01-02T03:51:47.613+0000] {task_command.py:384} INFO - Running <TaskInstance: ModelDevelop.get_data scheduled__2026-01-02T02:00:00+00:00 [running]> on host 81eec80a5533
[2026-01-02T03:51:47.650+0000] {taskinstance.py:1592} INFO - Exporting the following env vars:
AIRFLOW_CTX_DAG_OWNER=***
AIRFLOW_CTX_DAG_ID=ModelDevelop
AIRFLOW_CTX_TASK_ID=get_data
AIRFLOW_CTX_EXECUTION_DATE=2026-01-02T02:00:00+00:00
AIRFLOW_CTX_TRY_NUMBER=1
AIRFLOW_CTX_DAG_RUN_ID=scheduled__2026-01-02T02:00:00+00:00
[2026-01-02T03:51:47.654+0000] {python.py:177} INFO - Done. Returned value was: ./iris.csv
[2026-01-02T03:51:47.667+0000] {taskinstance.py:1406} INFO - Marking task as SUCCESS. dag_id=ModelDevelop, task_id=get_data, execution_date=20260102T020000, start_date=20260102T035146, end_date=20260102T035147
[2026-01-02T03:51:47.693+0000] {local_task_job.py:164} INFO - Task exited with return code 0
[2026-01-02T03:51:47.709+0000] {local_task_job.py:273} INFO - 1 downstream tasks scheduled from follow-on schedule check
[2026-01-02T03:56:22.610+0000] {taskinstance.py:1165} INFO - Dependencies all met for <TaskInstance: ModelDevelop.get_data scheduled__2026-01-02T02:00:00+00:00 [queued]>
[2026-01-02T03:56:22.615+0000] {taskinstance.py:1165} INFO - Dependencies all met for <TaskInstance: ModelDevelop.get_data scheduled__2026-01-02T02:00:00+00:00 [queued]>
[2026-01-02T03:56:22.615+0000] {taskinstance.py:1362} INFO - 
--------------------------------------------------------------------------------
[2026-01-02T03:56:22.615+0000] {taskinstance.py:1363} INFO - Starting attempt 1 of 2
[2026-01-02T03:56:22.615+0000] {taskinstance.py:1364} INFO - 
--------------------------------------------------------------------------------
[2026-01-02T03:56:22.622+0000] {taskinstance.py:1383} INFO - Executing <Task(PythonOperator): get_data> on 2026-01-02 02:00:00+00:00
[2026-01-02T03:56:22.625+0000] {standard_task_runner.py:54} INFO - Started process 572 to run task
[2026-01-02T03:56:22.627+0000] {standard_task_runner.py:82} INFO - Running: ['***', 'tasks', 'run', 'ModelDevelop', 'get_data', 'scheduled__2026-01-02T02:00:00+00:00', '--job-id', '82', '--raw', '--subdir', 'DAGS_FOLDER/psjung_dag.py', '--cfg-path', '/tmp/tmpm0i0shak']
[2026-01-02T03:56:22.627+0000] {standard_task_runner.py:83} INFO - Job 82: Subtask get_data
[2026-01-02T03:56:22.628+0000] {dagbag.py:525} INFO - Filling up the DagBag from /opt/***/dags/psjung_dag.py
[2026-01-02T03:56:23.254+0000] {warnings.py:110} WARNING - /home/***/.local/lib/python3.7/site-packages/***/configuration.py:545: DeprecationWarning: The sql_alchemy_conn option in [core] has been moved to the sql_alchemy_conn option in [database] - the old setting has been used, but please update your config.
  option = self._get_environment_variables(deprecated_key, deprecated_section, key, section)

[2026-01-02T03:56:23.281+0000] {task_command.py:384} INFO - Running <TaskInstance: ModelDevelop.get_data scheduled__2026-01-02T02:00:00+00:00 [running]> on host 81eec80a5533
[2026-01-02T03:56:23.317+0000] {taskinstance.py:1592} INFO - Exporting the following env vars:
AIRFLOW_CTX_DAG_OWNER=***
AIRFLOW_CTX_DAG_ID=ModelDevelop
AIRFLOW_CTX_TASK_ID=get_data
AIRFLOW_CTX_EXECUTION_DATE=2026-01-02T02:00:00+00:00
AIRFLOW_CTX_TRY_NUMBER=1
AIRFLOW_CTX_DAG_RUN_ID=scheduled__2026-01-02T02:00:00+00:00
[2026-01-02T03:56:23.321+0000] {python.py:177} INFO - Done. Returned value was: ./iris.csv
[2026-01-02T03:56:23.335+0000] {taskinstance.py:1406} INFO - Marking task as SUCCESS. dag_id=ModelDevelop, task_id=get_data, execution_date=20260102T020000, start_date=20260102T035622, end_date=20260102T035623
[2026-01-02T03:56:23.360+0000] {local_task_job.py:164} INFO - Task exited with return code 0
[2026-01-02T03:56:23.383+0000] {local_task_job.py:273} INFO - 1 downstream tasks scheduled from follow-on schedule check
[2026-01-02T04:01:54.507+0000] {taskinstance.py:1165} INFO - Dependencies all met for <TaskInstance: ModelDevelop.get_data scheduled__2026-01-02T02:00:00+00:00 [queued]>
[2026-01-02T04:01:54.512+0000] {taskinstance.py:1165} INFO - Dependencies all met for <TaskInstance: ModelDevelop.get_data scheduled__2026-01-02T02:00:00+00:00 [queued]>
[2026-01-02T04:01:54.512+0000] {taskinstance.py:1362} INFO - 
--------------------------------------------------------------------------------
[2026-01-02T04:01:54.512+0000] {taskinstance.py:1363} INFO - Starting attempt 1 of 2
[2026-01-02T04:01:54.512+0000] {taskinstance.py:1364} INFO - 
--------------------------------------------------------------------------------
[2026-01-02T04:01:54.519+0000] {taskinstance.py:1383} INFO - Executing <Task(PythonOperator): get_data> on 2026-01-02 02:00:00+00:00
[2026-01-02T04:01:54.522+0000] {standard_task_runner.py:54} INFO - Started process 858 to run task
[2026-01-02T04:01:54.524+0000] {standard_task_runner.py:82} INFO - Running: ['***', 'tasks', 'run', 'ModelDevelop', 'get_data', 'scheduled__2026-01-02T02:00:00+00:00', '--job-id', '93', '--raw', '--subdir', 'DAGS_FOLDER/psjung_dag.py', '--cfg-path', '/tmp/tmpdk1lzl3b']
[2026-01-02T04:01:54.525+0000] {standard_task_runner.py:83} INFO - Job 93: Subtask get_data
[2026-01-02T04:01:54.525+0000] {dagbag.py:525} INFO - Filling up the DagBag from /opt/***/dags/psjung_dag.py
[2026-01-02T04:01:55.142+0000] {warnings.py:110} WARNING - /home/***/.local/lib/python3.7/site-packages/***/configuration.py:545: DeprecationWarning: The sql_alchemy_conn option in [core] has been moved to the sql_alchemy_conn option in [database] - the old setting has been used, but please update your config.
  option = self._get_environment_variables(deprecated_key, deprecated_section, key, section)

[2026-01-02T04:01:55.168+0000] {task_command.py:384} INFO - Running <TaskInstance: ModelDevelop.get_data scheduled__2026-01-02T02:00:00+00:00 [running]> on host 81eec80a5533
[2026-01-02T04:01:55.206+0000] {taskinstance.py:1592} INFO - Exporting the following env vars:
AIRFLOW_CTX_DAG_OWNER=***
AIRFLOW_CTX_DAG_ID=ModelDevelop
AIRFLOW_CTX_TASK_ID=get_data
AIRFLOW_CTX_EXECUTION_DATE=2026-01-02T02:00:00+00:00
AIRFLOW_CTX_TRY_NUMBER=1
AIRFLOW_CTX_DAG_RUN_ID=scheduled__2026-01-02T02:00:00+00:00
[2026-01-02T04:01:55.210+0000] {python.py:177} INFO - Done. Returned value was: ./iris.csv
[2026-01-02T04:01:55.223+0000] {taskinstance.py:1406} INFO - Marking task as SUCCESS. dag_id=ModelDevelop, task_id=get_data, execution_date=20260102T020000, start_date=20260102T040154, end_date=20260102T040155
[2026-01-02T04:01:55.257+0000] {local_task_job.py:164} INFO - Task exited with return code 0
[2026-01-02T04:01:55.275+0000] {local_task_job.py:273} INFO - 1 downstream tasks scheduled from follow-on schedule check
[2026-01-02T06:05:07.067+0000] {taskinstance.py:1979} INFO - Dependencies all met for dep_context=non-requeueable deps ti=<TaskInstance: ModelDevelop.get_data scheduled__2026-01-02T02:00:00+00:00 [queued]>
[2026-01-02T06:05:07.072+0000] {taskinstance.py:1979} INFO - Dependencies all met for dep_context=requeueable deps ti=<TaskInstance: ModelDevelop.get_data scheduled__2026-01-02T02:00:00+00:00 [queued]>
[2026-01-02T06:05:07.072+0000] {taskinstance.py:2193} INFO - Starting attempt 1 of 2
[2026-01-02T06:05:07.078+0000] {taskinstance.py:2217} INFO - Executing <Task(PythonOperator): get_data> on 2026-01-02 02:00:00+00:00
[2026-01-02T06:05:07.083+0000] {standard_task_runner.py:60} INFO - Started process 276 to run task
[2026-01-02T06:05:07.085+0000] {standard_task_runner.py:87} INFO - Running: ['***', 'tasks', 'run', 'ModelDevelop', 'get_data', 'scheduled__2026-01-02T02:00:00+00:00', '--job-id', '8', '--raw', '--subdir', 'DAGS_FOLDER/psjung_dag.py', '--cfg-path', '/tmp/tmppz_mm1vj']
[2026-01-02T06:05:07.086+0000] {standard_task_runner.py:88} INFO - Job 8: Subtask get_data
[2026-01-02T06:05:07.093+0000] {warnings.py:109} WARNING - /home/***/.local/lib/python3.9/site-packages/***/settings.py:194: DeprecationWarning: The sql_alchemy_conn option in [core] has been moved to the sql_alchemy_conn option in [database] - the old setting has been used, but please update your config.
  SQL_ALCHEMY_CONN = conf.get("database", "SQL_ALCHEMY_CONN")

[2026-01-02T06:05:07.114+0000] {task_command.py:423} INFO - Running <TaskInstance: ModelDevelop.get_data scheduled__2026-01-02T02:00:00+00:00 [running]> on host a7950a218152
[2026-01-02T06:05:07.156+0000] {taskinstance.py:2513} INFO - Exporting env vars: AIRFLOW_CTX_DAG_OWNER='***' AIRFLOW_CTX_DAG_ID='ModelDevelop' AIRFLOW_CTX_TASK_ID='get_data' AIRFLOW_CTX_EXECUTION_DATE='2026-01-02T02:00:00+00:00' AIRFLOW_CTX_TRY_NUMBER='1' AIRFLOW_CTX_DAG_RUN_ID='scheduled__2026-01-02T02:00:00+00:00'
[2026-01-02T06:05:07.164+0000] {python.py:202} INFO - Done. Returned value was: ./iris.csv
[2026-01-02T06:05:07.176+0000] {taskinstance.py:1149} INFO - Marking task as SUCCESS. dag_id=ModelDevelop, task_id=get_data, execution_date=20260102T020000, start_date=20260102T060507, end_date=20260102T060507
[2026-01-02T06:05:07.217+0000] {local_task_job_runner.py:234} INFO - Task exited with return code 0
[2026-01-02T06:05:07.230+0000] {taskinstance.py:3312} INFO - 1 downstream tasks scheduled from follow-on schedule check
