[2026-01-16T07:57:20.603+0000] {taskinstance.py:1979} INFO - Dependencies all met for dep_context=non-requeueable deps ti=<TaskInstance: ModelDevelop.get_data scheduled__2026-01-15T23:00:00+00:00 [queued]>
[2026-01-16T07:57:20.609+0000] {taskinstance.py:1979} INFO - Dependencies all met for dep_context=requeueable deps ti=<TaskInstance: ModelDevelop.get_data scheduled__2026-01-15T23:00:00+00:00 [queued]>
[2026-01-16T07:57:20.609+0000] {taskinstance.py:2193} INFO - Starting attempt 1 of 2
[2026-01-16T07:57:20.620+0000] {taskinstance.py:2217} INFO - Executing <Task(PythonOperator): get_data> on 2026-01-15 23:00:00+00:00
[2026-01-16T07:57:20.629+0000] {standard_task_runner.py:60} INFO - Started process 43765 to run task
[2026-01-16T07:57:20.635+0000] {standard_task_runner.py:87} INFO - Running: ['***', 'tasks', 'run', 'ModelDevelop', 'get_data', 'scheduled__2026-01-15T23:00:00+00:00', '--job-id', '657', '--raw', '--subdir', 'DAGS_FOLDER/example.py', '--cfg-path', '/tmp/tmpt7mrjkiy']
[2026-01-16T07:57:20.636+0000] {standard_task_runner.py:88} INFO - Job 657: Subtask get_data
[2026-01-16T07:57:20.647+0000] {warnings.py:109} WARNING - /home/***/.local/lib/python3.9/site-packages/***/settings.py:194: DeprecationWarning: The sql_alchemy_conn option in [core] has been moved to the sql_alchemy_conn option in [database] - the old setting has been used, but please update your config.
  SQL_ALCHEMY_CONN = conf.get("database", "SQL_ALCHEMY_CONN")

[2026-01-16T07:57:20.678+0000] {task_command.py:423} INFO - Running <TaskInstance: ModelDevelop.get_data scheduled__2026-01-15T23:00:00+00:00 [running]> on host 8a4f043652f0
[2026-01-16T07:57:20.743+0000] {taskinstance.py:2513} INFO - Exporting env vars: AIRFLOW_CTX_DAG_OWNER='***' AIRFLOW_CTX_DAG_ID='ModelDevelop' AIRFLOW_CTX_TASK_ID='get_data' AIRFLOW_CTX_EXECUTION_DATE='2026-01-15T23:00:00+00:00' AIRFLOW_CTX_TRY_NUMBER='1' AIRFLOW_CTX_DAG_RUN_ID='scheduled__2026-01-15T23:00:00+00:00'
[2026-01-16T07:57:20.752+0000] {python.py:202} INFO - Done. Returned value was: ./iris.csv
[2026-01-16T07:57:20.809+0000] {taskinstance.py:1149} INFO - Marking task as SUCCESS. dag_id=ModelDevelop, task_id=get_data, execution_date=20260115T230000, start_date=20260116T075720, end_date=20260116T075720
[2026-01-16T07:57:20.845+0000] {local_task_job_runner.py:234} INFO - Task exited with return code 0
[2026-01-16T07:57:20.882+0000] {taskinstance.py:3312} INFO - 1 downstream tasks scheduled from follow-on schedule check
[2026-01-17T13:21:01.950+0000] {taskinstance.py:1979} INFO - Dependencies all met for dep_context=non-requeueable deps ti=<TaskInstance: ModelDevelop.get_data scheduled__2026-01-15T23:00:00+00:00 [queued]>
[2026-01-17T13:21:01.956+0000] {taskinstance.py:1979} INFO - Dependencies all met for dep_context=requeueable deps ti=<TaskInstance: ModelDevelop.get_data scheduled__2026-01-15T23:00:00+00:00 [queued]>
[2026-01-17T13:21:01.956+0000] {taskinstance.py:2193} INFO - Starting attempt 1 of 2
[2026-01-17T13:21:01.966+0000] {taskinstance.py:2217} INFO - Executing <Task(PythonOperator): get_data> on 2026-01-15 23:00:00+00:00
[2026-01-17T13:21:01.975+0000] {standard_task_runner.py:60} INFO - Started process 43803 to run task
[2026-01-17T13:21:01.977+0000] {standard_task_runner.py:87} INFO - Running: ['***', 'tasks', 'run', 'ModelDevelop', 'get_data', 'scheduled__2026-01-15T23:00:00+00:00', '--job-id', '657', '--raw', '--subdir', 'DAGS_FOLDER/example.py', '--cfg-path', '/tmp/tmp99891e30']
[2026-01-17T13:21:01.978+0000] {standard_task_runner.py:88} INFO - Job 657: Subtask get_data
[2026-01-17T13:21:01.985+0000] {warnings.py:109} WARNING - /home/***/.local/lib/python3.9/site-packages/***/settings.py:194: DeprecationWarning: The sql_alchemy_conn option in [core] has been moved to the sql_alchemy_conn option in [database] - the old setting has been used, but please update your config.
  SQL_ALCHEMY_CONN = conf.get("database", "SQL_ALCHEMY_CONN")

[2026-01-17T13:21:02.012+0000] {task_command.py:423} INFO - Running <TaskInstance: ModelDevelop.get_data scheduled__2026-01-15T23:00:00+00:00 [running]> on host ed3184b6b543
[2026-01-17T13:21:02.100+0000] {taskinstance.py:2513} INFO - Exporting env vars: AIRFLOW_CTX_DAG_OWNER='***' AIRFLOW_CTX_DAG_ID='ModelDevelop' AIRFLOW_CTX_TASK_ID='get_data' AIRFLOW_CTX_EXECUTION_DATE='2026-01-15T23:00:00+00:00' AIRFLOW_CTX_TRY_NUMBER='1' AIRFLOW_CTX_DAG_RUN_ID='scheduled__2026-01-15T23:00:00+00:00'
[2026-01-17T13:21:02.111+0000] {python.py:202} INFO - Done. Returned value was: ./iris.csv
[2026-01-17T13:21:02.157+0000] {taskinstance.py:1149} INFO - Marking task as SUCCESS. dag_id=ModelDevelop, task_id=get_data, execution_date=20260115T230000, start_date=20260117T132101, end_date=20260117T132102
[2026-01-17T13:21:02.189+0000] {local_task_job_runner.py:234} INFO - Task exited with return code 0
[2026-01-17T13:21:02.218+0000] {taskinstance.py:3312} INFO - 1 downstream tasks scheduled from follow-on schedule check
[2026-01-17T13:42:37.462+0000] {taskinstance.py:1979} INFO - Dependencies all met for dep_context=non-requeueable deps ti=<TaskInstance: ModelDevelop.get_data scheduled__2026-01-15T23:00:00+00:00 [queued]>
[2026-01-17T13:42:37.468+0000] {taskinstance.py:1979} INFO - Dependencies all met for dep_context=requeueable deps ti=<TaskInstance: ModelDevelop.get_data scheduled__2026-01-15T23:00:00+00:00 [queued]>
[2026-01-17T13:42:37.469+0000] {taskinstance.py:2193} INFO - Starting attempt 1 of 2
[2026-01-17T13:42:37.488+0000] {taskinstance.py:2217} INFO - Executing <Task(PythonOperator): get_data> on 2026-01-15 23:00:00+00:00
[2026-01-17T13:42:37.498+0000] {standard_task_runner.py:60} INFO - Started process 44302 to run task
[2026-01-17T13:42:37.511+0000] {standard_task_runner.py:87} INFO - Running: ['***', 'tasks', 'run', 'ModelDevelop', 'get_data', 'scheduled__2026-01-15T23:00:00+00:00', '--job-id', '663', '--raw', '--subdir', 'DAGS_FOLDER/example.py', '--cfg-path', '/tmp/tmp8mvlonr3']
[2026-01-17T13:42:37.512+0000] {standard_task_runner.py:88} INFO - Job 663: Subtask get_data
[2026-01-17T13:42:37.523+0000] {warnings.py:109} WARNING - /home/***/.local/lib/python3.9/site-packages/***/settings.py:194: DeprecationWarning: The sql_alchemy_conn option in [core] has been moved to the sql_alchemy_conn option in [database] - the old setting has been used, but please update your config.
  SQL_ALCHEMY_CONN = conf.get("database", "SQL_ALCHEMY_CONN")

[2026-01-17T13:42:37.557+0000] {task_command.py:423} INFO - Running <TaskInstance: ModelDevelop.get_data scheduled__2026-01-15T23:00:00+00:00 [running]> on host 5330652dc216
[2026-01-17T13:42:37.664+0000] {taskinstance.py:2513} INFO - Exporting env vars: AIRFLOW_CTX_DAG_OWNER='***' AIRFLOW_CTX_DAG_ID='ModelDevelop' AIRFLOW_CTX_TASK_ID='get_data' AIRFLOW_CTX_EXECUTION_DATE='2026-01-15T23:00:00+00:00' AIRFLOW_CTX_TRY_NUMBER='1' AIRFLOW_CTX_DAG_RUN_ID='scheduled__2026-01-15T23:00:00+00:00'
[2026-01-17T13:42:37.675+0000] {python.py:202} INFO - Done. Returned value was: ./iris.csv
[2026-01-17T13:42:37.711+0000] {taskinstance.py:1149} INFO - Marking task as SUCCESS. dag_id=ModelDevelop, task_id=get_data, execution_date=20260115T230000, start_date=20260117T134237, end_date=20260117T134237
[2026-01-17T13:42:37.764+0000] {local_task_job_runner.py:234} INFO - Task exited with return code 0
[2026-01-17T13:42:37.783+0000] {taskinstance.py:3312} INFO - 1 downstream tasks scheduled from follow-on schedule check
