[2026-03-06T06:56:03.612+0000] {taskinstance.py:1979} INFO - Dependencies all met for dep_context=non-requeueable deps ti=<TaskInstance: DataDriftRetrainDAG.detect_drift scheduled__2026-03-06T06:54:00+00:00 [queued]>
[2026-03-06T06:56:03.618+0000] {taskinstance.py:1979} INFO - Dependencies all met for dep_context=requeueable deps ti=<TaskInstance: DataDriftRetrainDAG.detect_drift scheduled__2026-03-06T06:54:00+00:00 [queued]>
[2026-03-06T06:56:03.618+0000] {taskinstance.py:2193} INFO - Starting attempt 1 of 2
[2026-03-06T06:56:03.634+0000] {taskinstance.py:2217} INFO - Executing <Task(BranchPythonOperator): detect_drift> on 2026-03-06 06:54:00+00:00
[2026-03-06T06:56:03.642+0000] {standard_task_runner.py:60} INFO - Started process 3646 to run task
[2026-03-06T06:56:03.644+0000] {standard_task_runner.py:87} INFO - Running: ['***', 'tasks', 'run', 'DataDriftRetrainDAG', 'detect_drift', 'scheduled__2026-03-06T06:54:00+00:00', '--job-id', '77', '--raw', '--subdir', 'DAGS_FOLDER/exercise_drift.py', '--cfg-path', '/tmp/tmpxwbbsemu']
[2026-03-06T06:56:03.645+0000] {standard_task_runner.py:88} INFO - Job 77: Subtask detect_drift
[2026-03-06T06:56:03.661+0000] {warnings.py:109} WARNING - /home/***/.local/lib/python3.9/site-packages/***/settings.py:194: DeprecationWarning: The sql_alchemy_conn option in [core] has been moved to the sql_alchemy_conn option in [database] - the old setting has been used, but please update your config.
  SQL_ALCHEMY_CONN = conf.get("database", "SQL_ALCHEMY_CONN")

[2026-03-06T06:56:03.696+0000] {task_command.py:423} INFO - Running <TaskInstance: DataDriftRetrainDAG.detect_drift scheduled__2026-03-06T06:54:00+00:00 [running]> on host 397460420dc1
[2026-03-06T06:56:03.776+0000] {taskinstance.py:2513} INFO - Exporting env vars: AIRFLOW_CTX_DAG_OWNER='***' AIRFLOW_CTX_DAG_ID='DataDriftRetrainDAG' AIRFLOW_CTX_TASK_ID='detect_drift' AIRFLOW_CTX_EXECUTION_DATE='2026-03-06T06:54:00+00:00' AIRFLOW_CTX_TRY_NUMBER='1' AIRFLOW_CTX_DAG_RUN_ID='scheduled__2026-03-06T06:54:00+00:00'
[2026-03-06T06:56:03.791+0000] {logging_mixin.py:188} INFO - PSI scores: {'sepal length (cm)': 11.64633378126367, 'sepal width (cm)': 3.5144493999399833, 'petal length (cm)': 11.859327723909823, 'petal width (cm)': 4.233623949935418}
[2026-03-06T06:56:03.792+0000] {logging_mixin.py:188} INFO - AVG PSI: 7.813433713762223
[2026-03-06T06:56:03.792+0000] {python.py:202} INFO - Done. Returned value was: train_fit
[2026-03-06T06:56:03.792+0000] {branch.py:35} INFO - Branch into train_fit
[2026-03-06T06:56:03.792+0000] {skipmixin.py:178} INFO - Following branch train_fit
[2026-03-06T06:56:03.804+0000] {skipmixin.py:244} INFO - Skipping tasks [('no_drift', -1)]
[2026-03-06T06:56:03.834+0000] {taskinstance.py:1149} INFO - Marking task as SUCCESS. dag_id=DataDriftRetrainDAG, task_id=detect_drift, execution_date=20260306T065400, start_date=20260306T065603, end_date=20260306T065603
[2026-03-06T06:56:03.898+0000] {local_task_job_runner.py:234} INFO - Task exited with return code 0
[2026-03-06T06:56:03.932+0000] {taskinstance.py:3312} INFO - 1 downstream tasks scheduled from follow-on schedule check
