[2026-01-16T07:55:58.615+0000] {taskinstance.py:1979} INFO - Dependencies all met for dep_context=non-requeueable deps ti=<TaskInstance: ModelDevelop.get_data scheduled__2026-01-10T11:00:00+00:00 [queued]>
[2026-01-16T07:55:58.621+0000] {taskinstance.py:1979} INFO - Dependencies all met for dep_context=requeueable deps ti=<TaskInstance: ModelDevelop.get_data scheduled__2026-01-10T11:00:00+00:00 [queued]>
[2026-01-16T07:55:58.621+0000] {taskinstance.py:2193} INFO - Starting attempt 1 of 2
[2026-01-16T07:55:58.631+0000] {taskinstance.py:2217} INFO - Executing <Task(PythonOperator): get_data> on 2026-01-10 11:00:00+00:00
[2026-01-16T07:55:58.640+0000] {standard_task_runner.py:60} INFO - Started process 26448 to run task
[2026-01-16T07:55:58.642+0000] {standard_task_runner.py:87} INFO - Running: ['***', 'tasks', 'run', 'ModelDevelop', 'get_data', 'scheduled__2026-01-10T11:00:00+00:00', '--job-id', '397', '--raw', '--subdir', 'DAGS_FOLDER/example.py', '--cfg-path', '/tmp/tmpw31bp117']
[2026-01-16T07:55:58.643+0000] {standard_task_runner.py:88} INFO - Job 397: Subtask get_data
[2026-01-16T07:55:58.653+0000] {warnings.py:109} WARNING - /home/***/.local/lib/python3.9/site-packages/***/settings.py:194: DeprecationWarning: The sql_alchemy_conn option in [core] has been moved to the sql_alchemy_conn option in [database] - the old setting has been used, but please update your config.
  SQL_ALCHEMY_CONN = conf.get("database", "SQL_ALCHEMY_CONN")

[2026-01-16T07:55:58.687+0000] {task_command.py:423} INFO - Running <TaskInstance: ModelDevelop.get_data scheduled__2026-01-10T11:00:00+00:00 [running]> on host 8a4f043652f0
[2026-01-16T07:55:58.804+0000] {taskinstance.py:2513} INFO - Exporting env vars: AIRFLOW_CTX_DAG_OWNER='***' AIRFLOW_CTX_DAG_ID='ModelDevelop' AIRFLOW_CTX_TASK_ID='get_data' AIRFLOW_CTX_EXECUTION_DATE='2026-01-10T11:00:00+00:00' AIRFLOW_CTX_TRY_NUMBER='1' AIRFLOW_CTX_DAG_RUN_ID='scheduled__2026-01-10T11:00:00+00:00'
[2026-01-16T07:55:58.816+0000] {python.py:202} INFO - Done. Returned value was: ./iris.csv
[2026-01-16T07:55:58.873+0000] {taskinstance.py:1149} INFO - Marking task as SUCCESS. dag_id=ModelDevelop, task_id=get_data, execution_date=20260110T110000, start_date=20260116T075558, end_date=20260116T075558
[2026-01-16T07:55:58.975+0000] {local_task_job_runner.py:234} INFO - Task exited with return code 0
[2026-01-16T07:55:59.020+0000] {taskinstance.py:3312} INFO - 1 downstream tasks scheduled from follow-on schedule check
[2026-01-17T13:19:41.974+0000] {taskinstance.py:1979} INFO - Dependencies all met for dep_context=non-requeueable deps ti=<TaskInstance: ModelDevelop.get_data scheduled__2026-01-10T11:00:00+00:00 [queued]>
[2026-01-17T13:19:41.981+0000] {taskinstance.py:1979} INFO - Dependencies all met for dep_context=requeueable deps ti=<TaskInstance: ModelDevelop.get_data scheduled__2026-01-10T11:00:00+00:00 [queued]>
[2026-01-17T13:19:41.982+0000] {taskinstance.py:2193} INFO - Starting attempt 1 of 2
[2026-01-17T13:19:42.011+0000] {taskinstance.py:2217} INFO - Executing <Task(PythonOperator): get_data> on 2026-01-10 11:00:00+00:00
[2026-01-17T13:19:42.030+0000] {standard_task_runner.py:60} INFO - Started process 26512 to run task
[2026-01-17T13:19:42.047+0000] {standard_task_runner.py:87} INFO - Running: ['***', 'tasks', 'run', 'ModelDevelop', 'get_data', 'scheduled__2026-01-10T11:00:00+00:00', '--job-id', '397', '--raw', '--subdir', 'DAGS_FOLDER/example.py', '--cfg-path', '/tmp/tmpthh4fbxc']
[2026-01-17T13:19:42.048+0000] {standard_task_runner.py:88} INFO - Job 397: Subtask get_data
[2026-01-17T13:19:42.061+0000] {warnings.py:109} WARNING - /home/***/.local/lib/python3.9/site-packages/***/settings.py:194: DeprecationWarning: The sql_alchemy_conn option in [core] has been moved to the sql_alchemy_conn option in [database] - the old setting has been used, but please update your config.
  SQL_ALCHEMY_CONN = conf.get("database", "SQL_ALCHEMY_CONN")

[2026-01-17T13:19:42.092+0000] {task_command.py:423} INFO - Running <TaskInstance: ModelDevelop.get_data scheduled__2026-01-10T11:00:00+00:00 [running]> on host ed3184b6b543
[2026-01-17T13:19:42.200+0000] {taskinstance.py:2513} INFO - Exporting env vars: AIRFLOW_CTX_DAG_OWNER='***' AIRFLOW_CTX_DAG_ID='ModelDevelop' AIRFLOW_CTX_TASK_ID='get_data' AIRFLOW_CTX_EXECUTION_DATE='2026-01-10T11:00:00+00:00' AIRFLOW_CTX_TRY_NUMBER='1' AIRFLOW_CTX_DAG_RUN_ID='scheduled__2026-01-10T11:00:00+00:00'
[2026-01-17T13:19:42.211+0000] {python.py:202} INFO - Done. Returned value was: ./iris.csv
[2026-01-17T13:19:42.234+0000] {taskinstance.py:1149} INFO - Marking task as SUCCESS. dag_id=ModelDevelop, task_id=get_data, execution_date=20260110T110000, start_date=20260117T131941, end_date=20260117T131942
[2026-01-17T13:19:42.271+0000] {local_task_job_runner.py:234} INFO - Task exited with return code 0
[2026-01-17T13:19:42.287+0000] {taskinstance.py:3312} INFO - 0 downstream tasks scheduled from follow-on schedule check
[2026-01-17T13:41:09.802+0000] {taskinstance.py:1979} INFO - Dependencies all met for dep_context=non-requeueable deps ti=<TaskInstance: ModelDevelop.get_data scheduled__2026-01-10T11:00:00+00:00 [queued]>
[2026-01-17T13:41:09.808+0000] {taskinstance.py:1979} INFO - Dependencies all met for dep_context=requeueable deps ti=<TaskInstance: ModelDevelop.get_data scheduled__2026-01-10T11:00:00+00:00 [queued]>
[2026-01-17T13:41:09.808+0000] {taskinstance.py:2193} INFO - Starting attempt 1 of 2
[2026-01-17T13:41:09.816+0000] {taskinstance.py:2217} INFO - Executing <Task(PythonOperator): get_data> on 2026-01-10 11:00:00+00:00
[2026-01-17T13:41:09.823+0000] {standard_task_runner.py:60} INFO - Started process 27044 to run task
[2026-01-17T13:41:09.825+0000] {standard_task_runner.py:87} INFO - Running: ['***', 'tasks', 'run', 'ModelDevelop', 'get_data', 'scheduled__2026-01-10T11:00:00+00:00', '--job-id', '403', '--raw', '--subdir', 'DAGS_FOLDER/example.py', '--cfg-path', '/tmp/tmp94f33ptx']
[2026-01-17T13:41:09.826+0000] {standard_task_runner.py:88} INFO - Job 403: Subtask get_data
[2026-01-17T13:41:09.837+0000] {warnings.py:109} WARNING - /home/***/.local/lib/python3.9/site-packages/***/settings.py:194: DeprecationWarning: The sql_alchemy_conn option in [core] has been moved to the sql_alchemy_conn option in [database] - the old setting has been used, but please update your config.
  SQL_ALCHEMY_CONN = conf.get("database", "SQL_ALCHEMY_CONN")

[2026-01-17T13:41:09.918+0000] {task_command.py:423} INFO - Running <TaskInstance: ModelDevelop.get_data scheduled__2026-01-10T11:00:00+00:00 [running]> on host 5330652dc216
[2026-01-17T13:41:10.014+0000] {taskinstance.py:2513} INFO - Exporting env vars: AIRFLOW_CTX_DAG_OWNER='***' AIRFLOW_CTX_DAG_ID='ModelDevelop' AIRFLOW_CTX_TASK_ID='get_data' AIRFLOW_CTX_EXECUTION_DATE='2026-01-10T11:00:00+00:00' AIRFLOW_CTX_TRY_NUMBER='1' AIRFLOW_CTX_DAG_RUN_ID='scheduled__2026-01-10T11:00:00+00:00'
[2026-01-17T13:41:10.023+0000] {python.py:202} INFO - Done. Returned value was: ./iris.csv
[2026-01-17T13:41:10.039+0000] {taskinstance.py:1149} INFO - Marking task as SUCCESS. dag_id=ModelDevelop, task_id=get_data, execution_date=20260110T110000, start_date=20260117T134109, end_date=20260117T134110
[2026-01-17T13:41:10.078+0000] {local_task_job_runner.py:234} INFO - Task exited with return code 0
[2026-01-17T13:41:10.095+0000] {taskinstance.py:3312} INFO - 1 downstream tasks scheduled from follow-on schedule check
