[2026-01-17T00:00:01.162+0000] {taskinstance.py:1979} INFO - Dependencies all met for dep_context=non-requeueable deps ti=<TaskInstance: ModelDevelop.get_data scheduled__2026-01-16T23:00:00+00:00 [queued]>
[2026-01-17T00:00:01.166+0000] {taskinstance.py:1979} INFO - Dependencies all met for dep_context=requeueable deps ti=<TaskInstance: ModelDevelop.get_data scheduled__2026-01-16T23:00:00+00:00 [queued]>
[2026-01-17T00:00:01.166+0000] {taskinstance.py:2193} INFO - Starting attempt 1 of 2
[2026-01-17T00:00:01.172+0000] {taskinstance.py:2217} INFO - Executing <Task(PythonOperator): get_data> on 2026-01-16 23:00:00+00:00
[2026-01-17T00:00:01.178+0000] {standard_task_runner.py:60} INFO - Started process 48212 to run task
[2026-01-17T00:00:01.180+0000] {standard_task_runner.py:87} INFO - Running: ['***', 'tasks', 'run', 'ModelDevelop', 'get_data', 'scheduled__2026-01-16T23:00:00+00:00', '--job-id', '720', '--raw', '--subdir', 'DAGS_FOLDER/example.py', '--cfg-path', '/tmp/tmpneerufu7']
[2026-01-17T00:00:01.181+0000] {standard_task_runner.py:88} INFO - Job 720: Subtask get_data
[2026-01-17T00:00:01.191+0000] {warnings.py:109} WARNING - /home/***/.local/lib/python3.9/site-packages/***/settings.py:194: DeprecationWarning: The sql_alchemy_conn option in [core] has been moved to the sql_alchemy_conn option in [database] - the old setting has been used, but please update your config.
  SQL_ALCHEMY_CONN = conf.get("database", "SQL_ALCHEMY_CONN")

[2026-01-17T00:00:01.213+0000] {task_command.py:423} INFO - Running <TaskInstance: ModelDevelop.get_data scheduled__2026-01-16T23:00:00+00:00 [running]> on host 8a4f043652f0
[2026-01-17T00:00:01.256+0000] {taskinstance.py:2513} INFO - Exporting env vars: AIRFLOW_CTX_DAG_OWNER='***' AIRFLOW_CTX_DAG_ID='ModelDevelop' AIRFLOW_CTX_TASK_ID='get_data' AIRFLOW_CTX_EXECUTION_DATE='2026-01-16T23:00:00+00:00' AIRFLOW_CTX_TRY_NUMBER='1' AIRFLOW_CTX_DAG_RUN_ID='scheduled__2026-01-16T23:00:00+00:00'
[2026-01-17T00:00:01.264+0000] {python.py:202} INFO - Done. Returned value was: ./iris.csv
[2026-01-17T00:00:01.277+0000] {taskinstance.py:1149} INFO - Marking task as SUCCESS. dag_id=ModelDevelop, task_id=get_data, execution_date=20260116T230000, start_date=20260117T000001, end_date=20260117T000001
[2026-01-17T00:00:01.312+0000] {local_task_job_runner.py:234} INFO - Task exited with return code 0
[2026-01-17T00:00:01.328+0000] {taskinstance.py:3312} INFO - 0 downstream tasks scheduled from follow-on schedule check
[2026-01-17T13:21:20.621+0000] {taskinstance.py:1979} INFO - Dependencies all met for dep_context=non-requeueable deps ti=<TaskInstance: ModelDevelop.get_data scheduled__2026-01-16T23:00:00+00:00 [queued]>
[2026-01-17T13:21:20.627+0000] {taskinstance.py:1979} INFO - Dependencies all met for dep_context=requeueable deps ti=<TaskInstance: ModelDevelop.get_data scheduled__2026-01-16T23:00:00+00:00 [queued]>
[2026-01-17T13:21:20.627+0000] {taskinstance.py:2193} INFO - Starting attempt 1 of 2
[2026-01-17T13:21:20.694+0000] {taskinstance.py:2217} INFO - Executing <Task(PythonOperator): get_data> on 2026-01-16 23:00:00+00:00
[2026-01-17T13:21:20.702+0000] {standard_task_runner.py:60} INFO - Started process 47917 to run task
[2026-01-17T13:21:20.707+0000] {standard_task_runner.py:87} INFO - Running: ['***', 'tasks', 'run', 'ModelDevelop', 'get_data', 'scheduled__2026-01-16T23:00:00+00:00', '--job-id', '715', '--raw', '--subdir', 'DAGS_FOLDER/example.py', '--cfg-path', '/tmp/tmpazhq6oca']
[2026-01-17T13:21:20.708+0000] {standard_task_runner.py:88} INFO - Job 715: Subtask get_data
[2026-01-17T13:21:20.720+0000] {warnings.py:109} WARNING - /home/***/.local/lib/python3.9/site-packages/***/settings.py:194: DeprecationWarning: The sql_alchemy_conn option in [core] has been moved to the sql_alchemy_conn option in [database] - the old setting has been used, but please update your config.
  SQL_ALCHEMY_CONN = conf.get("database", "SQL_ALCHEMY_CONN")

[2026-01-17T13:21:20.774+0000] {task_command.py:423} INFO - Running <TaskInstance: ModelDevelop.get_data scheduled__2026-01-16T23:00:00+00:00 [running]> on host ed3184b6b543
[2026-01-17T13:21:20.839+0000] {taskinstance.py:2513} INFO - Exporting env vars: AIRFLOW_CTX_DAG_OWNER='***' AIRFLOW_CTX_DAG_ID='ModelDevelop' AIRFLOW_CTX_TASK_ID='get_data' AIRFLOW_CTX_EXECUTION_DATE='2026-01-16T23:00:00+00:00' AIRFLOW_CTX_TRY_NUMBER='1' AIRFLOW_CTX_DAG_RUN_ID='scheduled__2026-01-16T23:00:00+00:00'
[2026-01-17T13:21:20.849+0000] {python.py:202} INFO - Done. Returned value was: ./iris.csv
[2026-01-17T13:21:20.865+0000] {taskinstance.py:1149} INFO - Marking task as SUCCESS. dag_id=ModelDevelop, task_id=get_data, execution_date=20260116T230000, start_date=20260117T132120, end_date=20260117T132120
[2026-01-17T13:21:20.920+0000] {local_task_job_runner.py:234} INFO - Task exited with return code 0
[2026-01-17T13:21:21.107+0000] {taskinstance.py:3312} INFO - 0 downstream tasks scheduled from follow-on schedule check
[2026-01-17T13:42:55.786+0000] {taskinstance.py:1979} INFO - Dependencies all met for dep_context=non-requeueable deps ti=<TaskInstance: ModelDevelop.get_data scheduled__2026-01-16T23:00:00+00:00 [queued]>
[2026-01-17T13:42:55.790+0000] {taskinstance.py:1979} INFO - Dependencies all met for dep_context=requeueable deps ti=<TaskInstance: ModelDevelop.get_data scheduled__2026-01-16T23:00:00+00:00 [queued]>
[2026-01-17T13:42:55.791+0000] {taskinstance.py:2193} INFO - Starting attempt 1 of 2
[2026-01-17T13:42:55.797+0000] {taskinstance.py:2217} INFO - Executing <Task(PythonOperator): get_data> on 2026-01-16 23:00:00+00:00
[2026-01-17T13:42:55.803+0000] {standard_task_runner.py:60} INFO - Started process 48387 to run task
[2026-01-17T13:42:55.806+0000] {standard_task_runner.py:87} INFO - Running: ['***', 'tasks', 'run', 'ModelDevelop', 'get_data', 'scheduled__2026-01-16T23:00:00+00:00', '--job-id', '720', '--raw', '--subdir', 'DAGS_FOLDER/example.py', '--cfg-path', '/tmp/tmpni2h7_tx']
[2026-01-17T13:42:55.806+0000] {standard_task_runner.py:88} INFO - Job 720: Subtask get_data
[2026-01-17T13:42:55.817+0000] {warnings.py:109} WARNING - /home/***/.local/lib/python3.9/site-packages/***/settings.py:194: DeprecationWarning: The sql_alchemy_conn option in [core] has been moved to the sql_alchemy_conn option in [database] - the old setting has been used, but please update your config.
  SQL_ALCHEMY_CONN = conf.get("database", "SQL_ALCHEMY_CONN")

[2026-01-17T13:42:55.854+0000] {task_command.py:423} INFO - Running <TaskInstance: ModelDevelop.get_data scheduled__2026-01-16T23:00:00+00:00 [running]> on host 5330652dc216
[2026-01-17T13:42:55.966+0000] {taskinstance.py:2513} INFO - Exporting env vars: AIRFLOW_CTX_DAG_OWNER='***' AIRFLOW_CTX_DAG_ID='ModelDevelop' AIRFLOW_CTX_TASK_ID='get_data' AIRFLOW_CTX_EXECUTION_DATE='2026-01-16T23:00:00+00:00' AIRFLOW_CTX_TRY_NUMBER='1' AIRFLOW_CTX_DAG_RUN_ID='scheduled__2026-01-16T23:00:00+00:00'
[2026-01-17T13:42:55.976+0000] {python.py:202} INFO - Done. Returned value was: ./iris.csv
[2026-01-17T13:42:55.992+0000] {taskinstance.py:1149} INFO - Marking task as SUCCESS. dag_id=ModelDevelop, task_id=get_data, execution_date=20260116T230000, start_date=20260117T134255, end_date=20260117T134255
[2026-01-17T13:42:56.017+0000] {local_task_job_runner.py:234} INFO - Task exited with return code 0
[2026-01-17T13:42:56.038+0000] {taskinstance.py:3312} INFO - 1 downstream tasks scheduled from follow-on schedule check
