[2026-03-06T06:36:03.592+0000] {taskinstance.py:1979} INFO - Dependencies all met for dep_context=non-requeueable deps ti=<TaskInstance: DataDriftRetrainDAG_student_2_2.detect_drift scheduled__2026-03-06T06:34:00+00:00 [queued]>
[2026-03-06T06:36:03.598+0000] {taskinstance.py:1979} INFO - Dependencies all met for dep_context=requeueable deps ti=<TaskInstance: DataDriftRetrainDAG_student_2_2.detect_drift scheduled__2026-03-06T06:34:00+00:00 [queued]>
[2026-03-06T06:36:03.598+0000] {taskinstance.py:2193} INFO - Starting attempt 1 of 2
[2026-03-06T06:36:03.606+0000] {taskinstance.py:2217} INFO - Executing <Task(BranchPythonOperator): detect_drift> on 2026-03-06 06:34:00+00:00
[2026-03-06T06:36:03.628+0000] {standard_task_runner.py:60} INFO - Started process 2008 to run task
[2026-03-06T06:36:03.633+0000] {standard_task_runner.py:87} INFO - Running: ['***', 'tasks', 'run', 'DataDriftRetrainDAG_student_2_2', 'detect_drift', 'scheduled__2026-03-06T06:34:00+00:00', '--job-id', '61', '--raw', '--subdir', 'DAGS_FOLDER/exercise_drift_student_2_2.py', '--cfg-path', '/tmp/tmpodnu4usc']
[2026-03-06T06:36:03.634+0000] {standard_task_runner.py:88} INFO - Job 61: Subtask detect_drift
[2026-03-06T06:36:03.658+0000] {warnings.py:109} WARNING - /home/***/.local/lib/python3.9/site-packages/***/settings.py:194: DeprecationWarning: The sql_alchemy_conn option in [core] has been moved to the sql_alchemy_conn option in [database] - the old setting has been used, but please update your config.
  SQL_ALCHEMY_CONN = conf.get("database", "SQL_ALCHEMY_CONN")

[2026-03-06T06:36:03.687+0000] {task_command.py:423} INFO - Running <TaskInstance: DataDriftRetrainDAG_student_2_2.detect_drift scheduled__2026-03-06T06:34:00+00:00 [running]> on host 7d97343e2d4a
[2026-03-06T06:36:03.737+0000] {taskinstance.py:2513} INFO - Exporting env vars: AIRFLOW_CTX_DAG_OWNER='***' AIRFLOW_CTX_DAG_ID='DataDriftRetrainDAG_student_2_2' AIRFLOW_CTX_TASK_ID='detect_drift' AIRFLOW_CTX_EXECUTION_DATE='2026-03-06T06:34:00+00:00' AIRFLOW_CTX_TRY_NUMBER='1' AIRFLOW_CTX_DAG_RUN_ID='scheduled__2026-03-06T06:34:00+00:00'
[2026-03-06T06:36:03.754+0000] {logging_mixin.py:188} INFO - PSI scores: {'sepal length (cm)': 0.0, 'sepal width (cm)': 0.0, 'petal length (cm)': 0.0, 'petal width (cm)': 0.0}
[2026-03-06T06:36:03.754+0000] {logging_mixin.py:188} INFO - AVG PSI: 0.0
[2026-03-06T06:36:03.755+0000] {taskinstance.py:2731} ERROR - Task failed with exception
Traceback (most recent call last):
  File "/home/airflow/.local/lib/python3.9/site-packages/airflow/models/taskinstance.py", line 444, in _execute_task
    result = _execute_callable(context=context, **execute_callable_kwargs)
  File "/home/airflow/.local/lib/python3.9/site-packages/airflow/models/taskinstance.py", line 414, in _execute_callable
    return execute_callable(context=context, **execute_callable_kwargs)
  File "/home/airflow/.local/lib/python3.9/site-packages/airflow/operators/python.py", line 234, in execute
    return self.do_branch(context, super().execute(context))
  File "/home/airflow/.local/lib/python3.9/site-packages/airflow/operators/python.py", line 200, in execute
    return_value = self.execute_callable()
  File "/home/airflow/.local/lib/python3.9/site-packages/airflow/operators/python.py", line 217, in execute_callable
    return self.python_callable(*self.op_args, **self.op_kwargs)
  File "/opt/airflow/dags/exercise_drift_student_2_2.py", line 99, in detect_drift
    if distribution_diff > 0.2:
NameError: name 'distribution_diff' is not defined
[2026-03-06T06:36:03.761+0000] {taskinstance.py:1149} INFO - Marking task as UP_FOR_RETRY. dag_id=DataDriftRetrainDAG_student_2_2, task_id=detect_drift, execution_date=20260306T063400, start_date=20260306T063603, end_date=20260306T063603
[2026-03-06T06:36:03.769+0000] {standard_task_runner.py:107} ERROR - Failed to execute job 61 for task detect_drift (name 'distribution_diff' is not defined; 2008)
[2026-03-06T06:36:03.803+0000] {local_task_job_runner.py:234} INFO - Task exited with return code 1
[2026-03-06T06:36:03.821+0000] {taskinstance.py:3312} INFO - 0 downstream tasks scheduled from follow-on schedule check
[2026-03-06T06:36:28.533+0000] {taskinstance.py:1979} INFO - Dependencies all met for dep_context=non-requeueable deps ti=<TaskInstance: DataDriftRetrainDAG_student_2_2.detect_drift scheduled__2026-03-06T06:34:00+00:00 [queued]>
[2026-03-06T06:36:28.537+0000] {taskinstance.py:1979} INFO - Dependencies all met for dep_context=requeueable deps ti=<TaskInstance: DataDriftRetrainDAG_student_2_2.detect_drift scheduled__2026-03-06T06:34:00+00:00 [queued]>
[2026-03-06T06:36:28.537+0000] {taskinstance.py:2193} INFO - Starting attempt 1 of 2
[2026-03-06T06:36:28.545+0000] {taskinstance.py:2217} INFO - Executing <Task(BranchPythonOperator): detect_drift> on 2026-03-06 06:34:00+00:00
[2026-03-06T06:36:28.552+0000] {standard_task_runner.py:60} INFO - Started process 2112 to run task
[2026-03-06T06:36:28.554+0000] {standard_task_runner.py:87} INFO - Running: ['***', 'tasks', 'run', 'DataDriftRetrainDAG_student_2_2', 'detect_drift', 'scheduled__2026-03-06T06:34:00+00:00', '--job-id', '66', '--raw', '--subdir', 'DAGS_FOLDER/exercise_drift_student_2_2.py', '--cfg-path', '/tmp/tmpgisj_tt2']
[2026-03-06T06:36:28.555+0000] {standard_task_runner.py:88} INFO - Job 66: Subtask detect_drift
[2026-03-06T06:36:28.564+0000] {warnings.py:109} WARNING - /home/***/.local/lib/python3.9/site-packages/***/settings.py:194: DeprecationWarning: The sql_alchemy_conn option in [core] has been moved to the sql_alchemy_conn option in [database] - the old setting has been used, but please update your config.
  SQL_ALCHEMY_CONN = conf.get("database", "SQL_ALCHEMY_CONN")

[2026-03-06T06:36:28.585+0000] {task_command.py:423} INFO - Running <TaskInstance: DataDriftRetrainDAG_student_2_2.detect_drift scheduled__2026-03-06T06:34:00+00:00 [running]> on host 7d97343e2d4a
[2026-03-06T06:36:28.631+0000] {taskinstance.py:2513} INFO - Exporting env vars: AIRFLOW_CTX_DAG_OWNER='***' AIRFLOW_CTX_DAG_ID='DataDriftRetrainDAG_student_2_2' AIRFLOW_CTX_TASK_ID='detect_drift' AIRFLOW_CTX_EXECUTION_DATE='2026-03-06T06:34:00+00:00' AIRFLOW_CTX_TRY_NUMBER='1' AIRFLOW_CTX_DAG_RUN_ID='scheduled__2026-03-06T06:34:00+00:00'
[2026-03-06T06:36:28.644+0000] {logging_mixin.py:188} INFO - PSI scores: {'sepal length (cm)': 0.0, 'sepal width (cm)': 0.0, 'petal length (cm)': 0.0, 'petal width (cm)': 0.0}
[2026-03-06T06:36:28.644+0000] {logging_mixin.py:188} INFO - AVG PSI: 0.0
[2026-03-06T06:36:28.645+0000] {taskinstance.py:2731} ERROR - Task failed with exception
Traceback (most recent call last):
  File "/home/airflow/.local/lib/python3.9/site-packages/airflow/models/taskinstance.py", line 444, in _execute_task
    result = _execute_callable(context=context, **execute_callable_kwargs)
  File "/home/airflow/.local/lib/python3.9/site-packages/airflow/models/taskinstance.py", line 414, in _execute_callable
    return execute_callable(context=context, **execute_callable_kwargs)
  File "/home/airflow/.local/lib/python3.9/site-packages/airflow/operators/python.py", line 234, in execute
    return self.do_branch(context, super().execute(context))
  File "/home/airflow/.local/lib/python3.9/site-packages/airflow/operators/python.py", line 200, in execute
    return_value = self.execute_callable()
  File "/home/airflow/.local/lib/python3.9/site-packages/airflow/operators/python.py", line 217, in execute_callable
    return self.python_callable(*self.op_args, **self.op_kwargs)
  File "/opt/airflow/dags/exercise_drift_student_2_2.py", line 99, in detect_drift
    if distribution_diff > 0.2:
NameError: name 'distribution_diff' is not defined
[2026-03-06T06:36:28.649+0000] {taskinstance.py:1149} INFO - Marking task as UP_FOR_RETRY. dag_id=DataDriftRetrainDAG_student_2_2, task_id=detect_drift, execution_date=20260306T063400, start_date=20260306T063628, end_date=20260306T063628
[2026-03-06T06:36:28.654+0000] {standard_task_runner.py:107} ERROR - Failed to execute job 66 for task detect_drift (name 'distribution_diff' is not defined; 2112)
[2026-03-06T06:36:28.686+0000] {local_task_job_runner.py:234} INFO - Task exited with return code 1
[2026-03-06T06:36:28.710+0000] {taskinstance.py:3312} INFO - 0 downstream tasks scheduled from follow-on schedule check
[2026-03-06T06:37:00.669+0000] {taskinstance.py:1979} INFO - Dependencies all met for dep_context=non-requeueable deps ti=<TaskInstance: DataDriftRetrainDAG_student_2_2.detect_drift scheduled__2026-03-06T06:34:00+00:00 [queued]>
[2026-03-06T06:37:00.674+0000] {taskinstance.py:1979} INFO - Dependencies all met for dep_context=requeueable deps ti=<TaskInstance: DataDriftRetrainDAG_student_2_2.detect_drift scheduled__2026-03-06T06:34:00+00:00 [queued]>
[2026-03-06T06:37:00.674+0000] {taskinstance.py:2193} INFO - Starting attempt 1 of 2
[2026-03-06T06:37:00.680+0000] {taskinstance.py:2217} INFO - Executing <Task(BranchPythonOperator): detect_drift> on 2026-03-06 06:34:00+00:00
[2026-03-06T06:37:00.685+0000] {standard_task_runner.py:60} INFO - Started process 2180 to run task
[2026-03-06T06:37:00.688+0000] {standard_task_runner.py:87} INFO - Running: ['***', 'tasks', 'run', 'DataDriftRetrainDAG_student_2_2', 'detect_drift', 'scheduled__2026-03-06T06:34:00+00:00', '--job-id', '68', '--raw', '--subdir', 'DAGS_FOLDER/exercise_drift_student_2_2.py', '--cfg-path', '/tmp/tmp1qbc26bx']
[2026-03-06T06:37:00.689+0000] {standard_task_runner.py:88} INFO - Job 68: Subtask detect_drift
[2026-03-06T06:37:00.697+0000] {warnings.py:109} WARNING - /home/***/.local/lib/python3.9/site-packages/***/settings.py:194: DeprecationWarning: The sql_alchemy_conn option in [core] has been moved to the sql_alchemy_conn option in [database] - the old setting has been used, but please update your config.
  SQL_ALCHEMY_CONN = conf.get("database", "SQL_ALCHEMY_CONN")

[2026-03-06T06:37:00.718+0000] {task_command.py:423} INFO - Running <TaskInstance: DataDriftRetrainDAG_student_2_2.detect_drift scheduled__2026-03-06T06:34:00+00:00 [running]> on host 7d97343e2d4a
[2026-03-06T06:37:00.761+0000] {taskinstance.py:2513} INFO - Exporting env vars: AIRFLOW_CTX_DAG_OWNER='***' AIRFLOW_CTX_DAG_ID='DataDriftRetrainDAG_student_2_2' AIRFLOW_CTX_TASK_ID='detect_drift' AIRFLOW_CTX_EXECUTION_DATE='2026-03-06T06:34:00+00:00' AIRFLOW_CTX_TRY_NUMBER='1' AIRFLOW_CTX_DAG_RUN_ID='scheduled__2026-03-06T06:34:00+00:00'
[2026-03-06T06:37:00.774+0000] {logging_mixin.py:188} INFO - PSI scores: {'sepal length (cm)': 0.0, 'sepal width (cm)': 0.0, 'petal length (cm)': 0.0, 'petal width (cm)': 0.0}
[2026-03-06T06:37:00.775+0000] {logging_mixin.py:188} INFO - AVG PSI: 0.0
[2026-03-06T06:37:00.775+0000] {taskinstance.py:2731} ERROR - Task failed with exception
Traceback (most recent call last):
  File "/home/airflow/.local/lib/python3.9/site-packages/airflow/models/taskinstance.py", line 444, in _execute_task
    result = _execute_callable(context=context, **execute_callable_kwargs)
  File "/home/airflow/.local/lib/python3.9/site-packages/airflow/models/taskinstance.py", line 414, in _execute_callable
    return execute_callable(context=context, **execute_callable_kwargs)
  File "/home/airflow/.local/lib/python3.9/site-packages/airflow/operators/python.py", line 234, in execute
    return self.do_branch(context, super().execute(context))
  File "/home/airflow/.local/lib/python3.9/site-packages/airflow/operators/python.py", line 200, in execute
    return_value = self.execute_callable()
  File "/home/airflow/.local/lib/python3.9/site-packages/airflow/operators/python.py", line 217, in execute_callable
    return self.python_callable(*self.op_args, **self.op_kwargs)
  File "/opt/airflow/dags/exercise_drift_student_2_2.py", line 99, in detect_drift
    if distribution_diff > 0.2:
NameError: name 'distribution_diff' is not defined
[2026-03-06T06:37:00.779+0000] {taskinstance.py:1149} INFO - Marking task as UP_FOR_RETRY. dag_id=DataDriftRetrainDAG_student_2_2, task_id=detect_drift, execution_date=20260306T063400, start_date=20260306T063700, end_date=20260306T063700
[2026-03-06T06:37:00.785+0000] {standard_task_runner.py:107} ERROR - Failed to execute job 68 for task detect_drift (name 'distribution_diff' is not defined; 2180)
[2026-03-06T06:37:00.819+0000] {local_task_job_runner.py:234} INFO - Task exited with return code 1
[2026-03-06T06:37:00.835+0000] {taskinstance.py:3312} INFO - 0 downstream tasks scheduled from follow-on schedule check
