[2026-01-16T07:56:17.535+0000] {taskinstance.py:1979} INFO - Dependencies all met for dep_context=non-requeueable deps ti=<TaskInstance: ModelDevelop.get_data scheduled__2026-01-11T08:00:00+00:00 [queued]>
[2026-01-16T07:56:17.541+0000] {taskinstance.py:1979} INFO - Dependencies all met for dep_context=requeueable deps ti=<TaskInstance: ModelDevelop.get_data scheduled__2026-01-11T08:00:00+00:00 [queued]>
[2026-01-16T07:56:17.541+0000] {taskinstance.py:2193} INFO - Starting attempt 1 of 2
[2026-01-16T07:56:17.587+0000] {taskinstance.py:2217} INFO - Executing <Task(PythonOperator): get_data> on 2026-01-11 08:00:00+00:00
[2026-01-16T07:56:17.597+0000] {standard_task_runner.py:60} INFO - Started process 30425 to run task
[2026-01-16T07:56:17.599+0000] {standard_task_runner.py:87} INFO - Running: ['***', 'tasks', 'run', 'ModelDevelop', 'get_data', 'scheduled__2026-01-11T08:00:00+00:00', '--job-id', '450', '--raw', '--subdir', 'DAGS_FOLDER/example.py', '--cfg-path', '/tmp/tmpo5t68n1y']
[2026-01-16T07:56:17.600+0000] {standard_task_runner.py:88} INFO - Job 450: Subtask get_data
[2026-01-16T07:56:17.609+0000] {warnings.py:109} WARNING - /home/***/.local/lib/python3.9/site-packages/***/settings.py:194: DeprecationWarning: The sql_alchemy_conn option in [core] has been moved to the sql_alchemy_conn option in [database] - the old setting has been used, but please update your config.
  SQL_ALCHEMY_CONN = conf.get("database", "SQL_ALCHEMY_CONN")

[2026-01-16T07:56:17.636+0000] {task_command.py:423} INFO - Running <TaskInstance: ModelDevelop.get_data scheduled__2026-01-11T08:00:00+00:00 [running]> on host 8a4f043652f0
[2026-01-16T07:56:17.731+0000] {taskinstance.py:2513} INFO - Exporting env vars: AIRFLOW_CTX_DAG_OWNER='***' AIRFLOW_CTX_DAG_ID='ModelDevelop' AIRFLOW_CTX_TASK_ID='get_data' AIRFLOW_CTX_EXECUTION_DATE='2026-01-11T08:00:00+00:00' AIRFLOW_CTX_TRY_NUMBER='1' AIRFLOW_CTX_DAG_RUN_ID='scheduled__2026-01-11T08:00:00+00:00'
[2026-01-16T07:56:17.742+0000] {python.py:202} INFO - Done. Returned value was: ./iris.csv
[2026-01-16T07:56:17.761+0000] {taskinstance.py:1149} INFO - Marking task as SUCCESS. dag_id=ModelDevelop, task_id=get_data, execution_date=20260111T080000, start_date=20260116T075617, end_date=20260116T075617
[2026-01-16T07:56:17.816+0000] {local_task_job_runner.py:234} INFO - Task exited with return code 0
[2026-01-16T07:56:17.881+0000] {taskinstance.py:3312} INFO - 0 downstream tasks scheduled from follow-on schedule check
[2026-01-17T13:19:52.594+0000] {taskinstance.py:1979} INFO - Dependencies all met for dep_context=non-requeueable deps ti=<TaskInstance: ModelDevelop.get_data scheduled__2026-01-11T08:00:00+00:00 [queued]>
[2026-01-17T13:19:52.601+0000] {taskinstance.py:1979} INFO - Dependencies all met for dep_context=requeueable deps ti=<TaskInstance: ModelDevelop.get_data scheduled__2026-01-11T08:00:00+00:00 [queued]>
[2026-01-17T13:19:52.601+0000] {taskinstance.py:2193} INFO - Starting attempt 1 of 2
[2026-01-17T13:19:52.623+0000] {taskinstance.py:2217} INFO - Executing <Task(PythonOperator): get_data> on 2026-01-11 08:00:00+00:00
[2026-01-17T13:19:52.634+0000] {standard_task_runner.py:60} INFO - Started process 28960 to run task
[2026-01-17T13:19:52.636+0000] {standard_task_runner.py:87} INFO - Running: ['***', 'tasks', 'run', 'ModelDevelop', 'get_data', 'scheduled__2026-01-11T08:00:00+00:00', '--job-id', '435', '--raw', '--subdir', 'DAGS_FOLDER/example.py', '--cfg-path', '/tmp/tmpbdq7kjba']
[2026-01-17T13:19:52.637+0000] {standard_task_runner.py:88} INFO - Job 435: Subtask get_data
[2026-01-17T13:19:52.646+0000] {warnings.py:109} WARNING - /home/***/.local/lib/python3.9/site-packages/***/settings.py:194: DeprecationWarning: The sql_alchemy_conn option in [core] has been moved to the sql_alchemy_conn option in [database] - the old setting has been used, but please update your config.
  SQL_ALCHEMY_CONN = conf.get("database", "SQL_ALCHEMY_CONN")

[2026-01-17T13:19:52.677+0000] {task_command.py:423} INFO - Running <TaskInstance: ModelDevelop.get_data scheduled__2026-01-11T08:00:00+00:00 [running]> on host ed3184b6b543
[2026-01-17T13:19:52.760+0000] {taskinstance.py:2513} INFO - Exporting env vars: AIRFLOW_CTX_DAG_OWNER='***' AIRFLOW_CTX_DAG_ID='ModelDevelop' AIRFLOW_CTX_TASK_ID='get_data' AIRFLOW_CTX_EXECUTION_DATE='2026-01-11T08:00:00+00:00' AIRFLOW_CTX_TRY_NUMBER='1' AIRFLOW_CTX_DAG_RUN_ID='scheduled__2026-01-11T08:00:00+00:00'
[2026-01-17T13:19:52.772+0000] {python.py:202} INFO - Done. Returned value was: ./iris.csv
[2026-01-17T13:19:52.825+0000] {taskinstance.py:1149} INFO - Marking task as SUCCESS. dag_id=ModelDevelop, task_id=get_data, execution_date=20260111T080000, start_date=20260117T131952, end_date=20260117T131952
[2026-01-17T13:19:52.889+0000] {local_task_job_runner.py:234} INFO - Task exited with return code 0
[2026-01-17T13:19:52.906+0000] {taskinstance.py:3312} INFO - 1 downstream tasks scheduled from follow-on schedule check
[2026-01-17T13:41:21.825+0000] {taskinstance.py:1979} INFO - Dependencies all met for dep_context=non-requeueable deps ti=<TaskInstance: ModelDevelop.get_data scheduled__2026-01-11T08:00:00+00:00 [queued]>
[2026-01-17T13:41:21.830+0000] {taskinstance.py:1979} INFO - Dependencies all met for dep_context=requeueable deps ti=<TaskInstance: ModelDevelop.get_data scheduled__2026-01-11T08:00:00+00:00 [queued]>
[2026-01-17T13:41:21.831+0000] {taskinstance.py:2193} INFO - Starting attempt 1 of 2
[2026-01-17T13:41:21.882+0000] {taskinstance.py:2217} INFO - Executing <Task(PythonOperator): get_data> on 2026-01-11 08:00:00+00:00
[2026-01-17T13:41:21.888+0000] {standard_task_runner.py:60} INFO - Started process 29429 to run task
[2026-01-17T13:41:21.891+0000] {standard_task_runner.py:87} INFO - Running: ['***', 'tasks', 'run', 'ModelDevelop', 'get_data', 'scheduled__2026-01-11T08:00:00+00:00', '--job-id', '441', '--raw', '--subdir', 'DAGS_FOLDER/example.py', '--cfg-path', '/tmp/tmpt594d14u']
[2026-01-17T13:41:21.892+0000] {standard_task_runner.py:88} INFO - Job 441: Subtask get_data
[2026-01-17T13:41:21.901+0000] {warnings.py:109} WARNING - /home/***/.local/lib/python3.9/site-packages/***/settings.py:194: DeprecationWarning: The sql_alchemy_conn option in [core] has been moved to the sql_alchemy_conn option in [database] - the old setting has been used, but please update your config.
  SQL_ALCHEMY_CONN = conf.get("database", "SQL_ALCHEMY_CONN")

[2026-01-17T13:41:21.968+0000] {task_command.py:423} INFO - Running <TaskInstance: ModelDevelop.get_data scheduled__2026-01-11T08:00:00+00:00 [running]> on host 5330652dc216
[2026-01-17T13:41:22.092+0000] {taskinstance.py:2513} INFO - Exporting env vars: AIRFLOW_CTX_DAG_OWNER='***' AIRFLOW_CTX_DAG_ID='ModelDevelop' AIRFLOW_CTX_TASK_ID='get_data' AIRFLOW_CTX_EXECUTION_DATE='2026-01-11T08:00:00+00:00' AIRFLOW_CTX_TRY_NUMBER='1' AIRFLOW_CTX_DAG_RUN_ID='scheduled__2026-01-11T08:00:00+00:00'
[2026-01-17T13:41:22.104+0000] {python.py:202} INFO - Done. Returned value was: ./iris.csv
[2026-01-17T13:41:22.140+0000] {taskinstance.py:1149} INFO - Marking task as SUCCESS. dag_id=ModelDevelop, task_id=get_data, execution_date=20260111T080000, start_date=20260117T134121, end_date=20260117T134122
[2026-01-17T13:41:22.183+0000] {local_task_job_runner.py:234} INFO - Task exited with return code 0
[2026-01-17T13:41:22.223+0000] {taskinstance.py:3312} INFO - 0 downstream tasks scheduled from follow-on schedule check
