[2026-01-16T07:54:57.229+0000] {taskinstance.py:1979} INFO - Dependencies all met for dep_context=non-requeueable deps ti=<TaskInstance: ModelDevelop.get_data scheduled__2026-01-06T12:00:00+00:00 [queued]>
[2026-01-16T07:54:57.252+0000] {taskinstance.py:1979} INFO - Dependencies all met for dep_context=requeueable deps ti=<TaskInstance: ModelDevelop.get_data scheduled__2026-01-06T12:00:00+00:00 [queued]>
[2026-01-16T07:54:57.252+0000] {taskinstance.py:2193} INFO - Starting attempt 1 of 2
[2026-01-16T07:54:57.270+0000] {taskinstance.py:2217} INFO - Executing <Task(PythonOperator): get_data> on 2026-01-06 12:00:00+00:00
[2026-01-16T07:54:57.279+0000] {standard_task_runner.py:60} INFO - Started process 13713 to run task
[2026-01-16T07:54:57.285+0000] {standard_task_runner.py:87} INFO - Running: ['***', 'tasks', 'run', 'ModelDevelop', 'get_data', 'scheduled__2026-01-06T12:00:00+00:00', '--job-id', '206', '--raw', '--subdir', 'DAGS_FOLDER/example.py', '--cfg-path', '/tmp/tmpr5tylsnm']
[2026-01-16T07:54:57.286+0000] {standard_task_runner.py:88} INFO - Job 206: Subtask get_data
[2026-01-16T07:54:57.308+0000] {warnings.py:109} WARNING - /home/***/.local/lib/python3.9/site-packages/***/settings.py:194: DeprecationWarning: The sql_alchemy_conn option in [core] has been moved to the sql_alchemy_conn option in [database] - the old setting has been used, but please update your config.
  SQL_ALCHEMY_CONN = conf.get("database", "SQL_ALCHEMY_CONN")

[2026-01-16T07:54:57.356+0000] {task_command.py:423} INFO - Running <TaskInstance: ModelDevelop.get_data scheduled__2026-01-06T12:00:00+00:00 [running]> on host 8a4f043652f0
[2026-01-16T07:54:57.428+0000] {taskinstance.py:2513} INFO - Exporting env vars: AIRFLOW_CTX_DAG_OWNER='***' AIRFLOW_CTX_DAG_ID='ModelDevelop' AIRFLOW_CTX_TASK_ID='get_data' AIRFLOW_CTX_EXECUTION_DATE='2026-01-06T12:00:00+00:00' AIRFLOW_CTX_TRY_NUMBER='1' AIRFLOW_CTX_DAG_RUN_ID='scheduled__2026-01-06T12:00:00+00:00'
[2026-01-16T07:54:57.441+0000] {python.py:202} INFO - Done. Returned value was: ./iris.csv
[2026-01-16T07:54:57.459+0000] {taskinstance.py:1149} INFO - Marking task as SUCCESS. dag_id=ModelDevelop, task_id=get_data, execution_date=20260106T120000, start_date=20260116T075457, end_date=20260116T075457
[2026-01-16T07:54:57.513+0000] {local_task_job_runner.py:234} INFO - Task exited with return code 0
[2026-01-16T07:54:57.549+0000] {taskinstance.py:3312} INFO - 1 downstream tasks scheduled from follow-on schedule check
[2026-01-17T13:18:31.171+0000] {taskinstance.py:1979} INFO - Dependencies all met for dep_context=non-requeueable deps ti=<TaskInstance: ModelDevelop.get_data scheduled__2026-01-06T12:00:00+00:00 [queued]>
[2026-01-17T13:18:31.177+0000] {taskinstance.py:1979} INFO - Dependencies all met for dep_context=requeueable deps ti=<TaskInstance: ModelDevelop.get_data scheduled__2026-01-06T12:00:00+00:00 [queued]>
[2026-01-17T13:18:31.178+0000] {taskinstance.py:2193} INFO - Starting attempt 1 of 2
[2026-01-17T13:18:31.186+0000] {taskinstance.py:2217} INFO - Executing <Task(PythonOperator): get_data> on 2026-01-06 12:00:00+00:00
[2026-01-17T13:18:31.194+0000] {standard_task_runner.py:60} INFO - Started process 13680 to run task
[2026-01-17T13:18:31.196+0000] {standard_task_runner.py:87} INFO - Running: ['***', 'tasks', 'run', 'ModelDevelop', 'get_data', 'scheduled__2026-01-06T12:00:00+00:00', '--job-id', '206', '--raw', '--subdir', 'DAGS_FOLDER/example.py', '--cfg-path', '/tmp/tmpo6aap8n8']
[2026-01-17T13:18:31.197+0000] {standard_task_runner.py:88} INFO - Job 206: Subtask get_data
[2026-01-17T13:18:31.207+0000] {warnings.py:109} WARNING - /home/***/.local/lib/python3.9/site-packages/***/settings.py:194: DeprecationWarning: The sql_alchemy_conn option in [core] has been moved to the sql_alchemy_conn option in [database] - the old setting has been used, but please update your config.
  SQL_ALCHEMY_CONN = conf.get("database", "SQL_ALCHEMY_CONN")

[2026-01-17T13:18:31.235+0000] {task_command.py:423} INFO - Running <TaskInstance: ModelDevelop.get_data scheduled__2026-01-06T12:00:00+00:00 [running]> on host ed3184b6b543
[2026-01-17T13:18:31.296+0000] {taskinstance.py:2513} INFO - Exporting env vars: AIRFLOW_CTX_DAG_OWNER='***' AIRFLOW_CTX_DAG_ID='ModelDevelop' AIRFLOW_CTX_TASK_ID='get_data' AIRFLOW_CTX_EXECUTION_DATE='2026-01-06T12:00:00+00:00' AIRFLOW_CTX_TRY_NUMBER='1' AIRFLOW_CTX_DAG_RUN_ID='scheduled__2026-01-06T12:00:00+00:00'
[2026-01-17T13:18:31.308+0000] {python.py:202} INFO - Done. Returned value was: ./iris.csv
[2026-01-17T13:18:31.324+0000] {taskinstance.py:1149} INFO - Marking task as SUCCESS. dag_id=ModelDevelop, task_id=get_data, execution_date=20260106T120000, start_date=20260117T131831, end_date=20260117T131831
[2026-01-17T13:18:31.369+0000] {local_task_job_runner.py:234} INFO - Task exited with return code 0
[2026-01-17T13:18:31.399+0000] {taskinstance.py:3312} INFO - 1 downstream tasks scheduled from follow-on schedule check
[2026-01-17T13:39:53.613+0000] {taskinstance.py:1979} INFO - Dependencies all met for dep_context=non-requeueable deps ti=<TaskInstance: ModelDevelop.get_data scheduled__2026-01-06T12:00:00+00:00 [queued]>
[2026-01-17T13:39:53.619+0000] {taskinstance.py:1979} INFO - Dependencies all met for dep_context=requeueable deps ti=<TaskInstance: ModelDevelop.get_data scheduled__2026-01-06T12:00:00+00:00 [queued]>
[2026-01-17T13:39:53.619+0000] {taskinstance.py:2193} INFO - Starting attempt 1 of 2
[2026-01-17T13:39:53.629+0000] {taskinstance.py:2217} INFO - Executing <Task(PythonOperator): get_data> on 2026-01-06 12:00:00+00:00
[2026-01-17T13:39:53.638+0000] {standard_task_runner.py:60} INFO - Started process 13623 to run task
[2026-01-17T13:39:53.641+0000] {standard_task_runner.py:87} INFO - Running: ['***', 'tasks', 'run', 'ModelDevelop', 'get_data', 'scheduled__2026-01-06T12:00:00+00:00', '--job-id', '207', '--raw', '--subdir', 'DAGS_FOLDER/example.py', '--cfg-path', '/tmp/tmp98jjc8aw']
[2026-01-17T13:39:53.642+0000] {standard_task_runner.py:88} INFO - Job 207: Subtask get_data
[2026-01-17T13:39:53.666+0000] {warnings.py:109} WARNING - /home/***/.local/lib/python3.9/site-packages/***/settings.py:194: DeprecationWarning: The sql_alchemy_conn option in [core] has been moved to the sql_alchemy_conn option in [database] - the old setting has been used, but please update your config.
  SQL_ALCHEMY_CONN = conf.get("database", "SQL_ALCHEMY_CONN")

[2026-01-17T13:39:53.721+0000] {task_command.py:423} INFO - Running <TaskInstance: ModelDevelop.get_data scheduled__2026-01-06T12:00:00+00:00 [running]> on host 5330652dc216
[2026-01-17T13:39:53.824+0000] {taskinstance.py:2513} INFO - Exporting env vars: AIRFLOW_CTX_DAG_OWNER='***' AIRFLOW_CTX_DAG_ID='ModelDevelop' AIRFLOW_CTX_TASK_ID='get_data' AIRFLOW_CTX_EXECUTION_DATE='2026-01-06T12:00:00+00:00' AIRFLOW_CTX_TRY_NUMBER='1' AIRFLOW_CTX_DAG_RUN_ID='scheduled__2026-01-06T12:00:00+00:00'
[2026-01-17T13:39:53.835+0000] {python.py:202} INFO - Done. Returned value was: ./iris.csv
[2026-01-17T13:39:53.865+0000] {taskinstance.py:1149} INFO - Marking task as SUCCESS. dag_id=ModelDevelop, task_id=get_data, execution_date=20260106T120000, start_date=20260117T133953, end_date=20260117T133953
[2026-01-17T13:39:53.918+0000] {local_task_job_runner.py:234} INFO - Task exited with return code 0
[2026-01-17T13:39:53.939+0000] {taskinstance.py:3312} INFO - 1 downstream tasks scheduled from follow-on schedule check
