[2026-01-16T07:54:23.425+0000] {taskinstance.py:1979} INFO - Dependencies all met for dep_context=non-requeueable deps ti=<TaskInstance: ModelDevelop.get_data scheduled__2026-01-04T03:00:00+00:00 [queued]>
[2026-01-16T07:54:23.431+0000] {taskinstance.py:1979} INFO - Dependencies all met for dep_context=requeueable deps ti=<TaskInstance: ModelDevelop.get_data scheduled__2026-01-04T03:00:00+00:00 [queued]>
[2026-01-16T07:54:23.431+0000] {taskinstance.py:2193} INFO - Starting attempt 1 of 2
[2026-01-16T07:54:23.439+0000] {taskinstance.py:2217} INFO - Executing <Task(PythonOperator): get_data> on 2026-01-04 03:00:00+00:00
[2026-01-16T07:54:23.447+0000] {standard_task_runner.py:60} INFO - Started process 6910 to run task
[2026-01-16T07:54:23.458+0000] {standard_task_runner.py:87} INFO - Running: ['***', 'tasks', 'run', 'ModelDevelop', 'get_data', 'scheduled__2026-01-04T03:00:00+00:00', '--job-id', '101', '--raw', '--subdir', 'DAGS_FOLDER/example.py', '--cfg-path', '/tmp/tmpys99t28d']
[2026-01-16T07:54:23.459+0000] {standard_task_runner.py:88} INFO - Job 101: Subtask get_data
[2026-01-16T07:54:23.513+0000] {warnings.py:109} WARNING - /home/***/.local/lib/python3.9/site-packages/***/settings.py:194: DeprecationWarning: The sql_alchemy_conn option in [core] has been moved to the sql_alchemy_conn option in [database] - the old setting has been used, but please update your config.
  SQL_ALCHEMY_CONN = conf.get("database", "SQL_ALCHEMY_CONN")

[2026-01-16T07:54:23.553+0000] {task_command.py:423} INFO - Running <TaskInstance: ModelDevelop.get_data scheduled__2026-01-04T03:00:00+00:00 [running]> on host 8a4f043652f0
[2026-01-16T07:54:23.607+0000] {taskinstance.py:2513} INFO - Exporting env vars: AIRFLOW_CTX_DAG_OWNER='***' AIRFLOW_CTX_DAG_ID='ModelDevelop' AIRFLOW_CTX_TASK_ID='get_data' AIRFLOW_CTX_EXECUTION_DATE='2026-01-04T03:00:00+00:00' AIRFLOW_CTX_TRY_NUMBER='1' AIRFLOW_CTX_DAG_RUN_ID='scheduled__2026-01-04T03:00:00+00:00'
[2026-01-16T07:54:23.616+0000] {python.py:202} INFO - Done. Returned value was: ./iris.csv
[2026-01-16T07:54:23.633+0000] {taskinstance.py:1149} INFO - Marking task as SUCCESS. dag_id=ModelDevelop, task_id=get_data, execution_date=20260104T030000, start_date=20260116T075423, end_date=20260116T075423
[2026-01-16T07:54:23.676+0000] {local_task_job_runner.py:234} INFO - Task exited with return code 0
[2026-01-16T07:54:23.700+0000] {taskinstance.py:3312} INFO - 1 downstream tasks scheduled from follow-on schedule check
[2026-01-17T13:18:00.233+0000] {taskinstance.py:1979} INFO - Dependencies all met for dep_context=non-requeueable deps ti=<TaskInstance: ModelDevelop.get_data scheduled__2026-01-04T03:00:00+00:00 [queued]>
[2026-01-17T13:18:00.240+0000] {taskinstance.py:1979} INFO - Dependencies all met for dep_context=requeueable deps ti=<TaskInstance: ModelDevelop.get_data scheduled__2026-01-04T03:00:00+00:00 [queued]>
[2026-01-17T13:18:00.240+0000] {taskinstance.py:2193} INFO - Starting attempt 1 of 2
[2026-01-17T13:18:00.256+0000] {taskinstance.py:2217} INFO - Executing <Task(PythonOperator): get_data> on 2026-01-04 03:00:00+00:00
[2026-01-17T13:18:00.266+0000] {standard_task_runner.py:60} INFO - Started process 6877 to run task
[2026-01-17T13:18:00.268+0000] {standard_task_runner.py:87} INFO - Running: ['***', 'tasks', 'run', 'ModelDevelop', 'get_data', 'scheduled__2026-01-04T03:00:00+00:00', '--job-id', '101', '--raw', '--subdir', 'DAGS_FOLDER/example.py', '--cfg-path', '/tmp/tmp5gv47om8']
[2026-01-17T13:18:00.269+0000] {standard_task_runner.py:88} INFO - Job 101: Subtask get_data
[2026-01-17T13:18:00.280+0000] {warnings.py:109} WARNING - /home/***/.local/lib/python3.9/site-packages/***/settings.py:194: DeprecationWarning: The sql_alchemy_conn option in [core] has been moved to the sql_alchemy_conn option in [database] - the old setting has been used, but please update your config.
  SQL_ALCHEMY_CONN = conf.get("database", "SQL_ALCHEMY_CONN")

[2026-01-17T13:18:00.317+0000] {task_command.py:423} INFO - Running <TaskInstance: ModelDevelop.get_data scheduled__2026-01-04T03:00:00+00:00 [running]> on host ed3184b6b543
[2026-01-17T13:18:00.424+0000] {taskinstance.py:2513} INFO - Exporting env vars: AIRFLOW_CTX_DAG_OWNER='***' AIRFLOW_CTX_DAG_ID='ModelDevelop' AIRFLOW_CTX_TASK_ID='get_data' AIRFLOW_CTX_EXECUTION_DATE='2026-01-04T03:00:00+00:00' AIRFLOW_CTX_TRY_NUMBER='1' AIRFLOW_CTX_DAG_RUN_ID='scheduled__2026-01-04T03:00:00+00:00'
[2026-01-17T13:18:00.437+0000] {python.py:202} INFO - Done. Returned value was: ./iris.csv
[2026-01-17T13:18:00.461+0000] {taskinstance.py:1149} INFO - Marking task as SUCCESS. dag_id=ModelDevelop, task_id=get_data, execution_date=20260104T030000, start_date=20260117T131800, end_date=20260117T131800
[2026-01-17T13:18:00.521+0000] {local_task_job_runner.py:234} INFO - Task exited with return code 0
[2026-01-17T13:18:00.559+0000] {taskinstance.py:3312} INFO - 0 downstream tasks scheduled from follow-on schedule check
[2026-01-17T13:39:21.897+0000] {taskinstance.py:1979} INFO - Dependencies all met for dep_context=non-requeueable deps ti=<TaskInstance: ModelDevelop.get_data scheduled__2026-01-04T03:00:00+00:00 [queued]>
[2026-01-17T13:39:21.903+0000] {taskinstance.py:1979} INFO - Dependencies all met for dep_context=requeueable deps ti=<TaskInstance: ModelDevelop.get_data scheduled__2026-01-04T03:00:00+00:00 [queued]>
[2026-01-17T13:39:21.904+0000] {taskinstance.py:2193} INFO - Starting attempt 1 of 2
[2026-01-17T13:39:21.913+0000] {taskinstance.py:2217} INFO - Executing <Task(PythonOperator): get_data> on 2026-01-04 03:00:00+00:00
[2026-01-17T13:39:21.920+0000] {standard_task_runner.py:60} INFO - Started process 6878 to run task
[2026-01-17T13:39:21.922+0000] {standard_task_runner.py:87} INFO - Running: ['***', 'tasks', 'run', 'ModelDevelop', 'get_data', 'scheduled__2026-01-04T03:00:00+00:00', '--job-id', '101', '--raw', '--subdir', 'DAGS_FOLDER/example.py', '--cfg-path', '/tmp/tmp6z8x121g']
[2026-01-17T13:39:21.923+0000] {standard_task_runner.py:88} INFO - Job 101: Subtask get_data
[2026-01-17T13:39:21.932+0000] {warnings.py:109} WARNING - /home/***/.local/lib/python3.9/site-packages/***/settings.py:194: DeprecationWarning: The sql_alchemy_conn option in [core] has been moved to the sql_alchemy_conn option in [database] - the old setting has been used, but please update your config.
  SQL_ALCHEMY_CONN = conf.get("database", "SQL_ALCHEMY_CONN")

[2026-01-17T13:39:21.961+0000] {task_command.py:423} INFO - Running <TaskInstance: ModelDevelop.get_data scheduled__2026-01-04T03:00:00+00:00 [running]> on host 5330652dc216
[2026-01-17T13:39:22.101+0000] {taskinstance.py:2513} INFO - Exporting env vars: AIRFLOW_CTX_DAG_OWNER='***' AIRFLOW_CTX_DAG_ID='ModelDevelop' AIRFLOW_CTX_TASK_ID='get_data' AIRFLOW_CTX_EXECUTION_DATE='2026-01-04T03:00:00+00:00' AIRFLOW_CTX_TRY_NUMBER='1' AIRFLOW_CTX_DAG_RUN_ID='scheduled__2026-01-04T03:00:00+00:00'
[2026-01-17T13:39:22.112+0000] {python.py:202} INFO - Done. Returned value was: ./iris.csv
[2026-01-17T13:39:22.127+0000] {taskinstance.py:1149} INFO - Marking task as SUCCESS. dag_id=ModelDevelop, task_id=get_data, execution_date=20260104T030000, start_date=20260117T133921, end_date=20260117T133922
[2026-01-17T13:39:22.174+0000] {local_task_job_runner.py:234} INFO - Task exited with return code 0
[2026-01-17T13:39:22.283+0000] {taskinstance.py:3312} INFO - 0 downstream tasks scheduled from follow-on schedule check
