[2026-01-02T01:27:23.679+0000] {taskinstance.py:1165} INFO - Dependencies all met for <TaskInstance: ModelDevelop.get_data scheduled__2026-01-02T01:02:00+00:00 [queued]>
[2026-01-02T01:27:23.684+0000] {taskinstance.py:1165} INFO - Dependencies all met for <TaskInstance: ModelDevelop.get_data scheduled__2026-01-02T01:02:00+00:00 [queued]>
[2026-01-02T01:27:23.685+0000] {taskinstance.py:1362} INFO - 
--------------------------------------------------------------------------------
[2026-01-02T01:27:23.685+0000] {taskinstance.py:1363} INFO - Starting attempt 1 of 2
[2026-01-02T01:27:23.685+0000] {taskinstance.py:1364} INFO - 
--------------------------------------------------------------------------------
[2026-01-02T01:27:23.703+0000] {taskinstance.py:1383} INFO - Executing <Task(PythonOperator): get_data> on 2026-01-02 01:02:00+00:00
[2026-01-02T01:27:23.706+0000] {standard_task_runner.py:54} INFO - Started process 138 to run task
[2026-01-02T01:27:23.708+0000] {standard_task_runner.py:82} INFO - Running: ['***', 'tasks', 'run', 'ModelDevelop', 'get_data', 'scheduled__2026-01-02T01:02:00+00:00', '--job-id', '21', '--raw', '--subdir', 'DAGS_FOLDER/psjung_dag.py', '--cfg-path', '/tmp/tmpo79bx45_']
[2026-01-02T01:27:23.708+0000] {standard_task_runner.py:83} INFO - Job 21: Subtask get_data
[2026-01-02T01:27:23.709+0000] {dagbag.py:525} INFO - Filling up the DagBag from /opt/***/dags/psjung_dag.py
[2026-01-02T01:27:24.389+0000] {warnings.py:110} WARNING - /home/***/.local/lib/python3.7/site-packages/***/configuration.py:545: DeprecationWarning: The sql_alchemy_conn option in [core] has been moved to the sql_alchemy_conn option in [database] - the old setting has been used, but please update your config.
  option = self._get_environment_variables(deprecated_key, deprecated_section, key, section)

[2026-01-02T01:27:24.427+0000] {task_command.py:384} INFO - Running <TaskInstance: ModelDevelop.get_data scheduled__2026-01-02T01:02:00+00:00 [running]> on host da0f76555d1e
[2026-01-02T01:27:24.482+0000] {taskinstance.py:1592} INFO - Exporting the following env vars:
AIRFLOW_CTX_DAG_OWNER=***
AIRFLOW_CTX_DAG_ID=ModelDevelop
AIRFLOW_CTX_TASK_ID=get_data
AIRFLOW_CTX_EXECUTION_DATE=2026-01-02T01:02:00+00:00
AIRFLOW_CTX_TRY_NUMBER=1
AIRFLOW_CTX_DAG_RUN_ID=scheduled__2026-01-02T01:02:00+00:00
[2026-01-02T01:27:24.485+0000] {taskinstance.py:1851} ERROR - Task failed with exception
Traceback (most recent call last):
  File "/home/airflow/.local/lib/python3.7/site-packages/pandas/io/sql.py", line 2056, in execute
    cur.execute(*args, **kwargs)
psycopg2.errors.UndefinedTable: relation "iris_data" does not exist
LINE 1: SELECT * FROM iris_data ORDER BY id DESC LIMIT 10
                      ^


The above exception was the direct cause of the following exception:

Traceback (most recent call last):
  File "/home/airflow/.local/lib/python3.7/site-packages/airflow/operators/python.py", line 175, in execute
    return_value = self.execute_callable()
  File "/home/airflow/.local/lib/python3.7/site-packages/airflow/operators/python.py", line 193, in execute_callable
    return self.python_callable(*self.op_args, **self.op_kwargs)
  File "/opt/airflow/dags/psjung_dag.py", line 42, in get_data
    df = pd.read_sql("SELECT * FROM iris_data ORDER BY id DESC LIMIT 10", db_connect)
  File "/home/airflow/.local/lib/python3.7/site-packages/pandas/io/sql.py", line 608, in read_sql
    chunksize=chunksize,
  File "/home/airflow/.local/lib/python3.7/site-packages/pandas/io/sql.py", line 2116, in read_query
    cursor = self.execute(*args)
  File "/home/airflow/.local/lib/python3.7/site-packages/pandas/io/sql.py", line 2068, in execute
    raise ex from exc
pandas.io.sql.DatabaseError: Execution failed on sql 'SELECT * FROM iris_data ORDER BY id DESC LIMIT 10': relation "iris_data" does not exist
LINE 1: SELECT * FROM iris_data ORDER BY id DESC LIMIT 10
                      ^

[2026-01-02T01:27:24.491+0000] {taskinstance.py:1406} INFO - Marking task as UP_FOR_RETRY. dag_id=ModelDevelop, task_id=get_data, execution_date=20260102T010200, start_date=20260102T012723, end_date=20260102T012724
[2026-01-02T01:27:24.498+0000] {standard_task_runner.py:107} ERROR - Failed to execute job 21 for task get_data (Execution failed on sql 'SELECT * FROM iris_data ORDER BY id DESC LIMIT 10': relation "iris_data" does not exist
LINE 1: SELECT * FROM iris_data ORDER BY id DESC LIMIT 10
                      ^
; 138)
[2026-01-02T01:27:24.521+0000] {local_task_job.py:164} INFO - Task exited with return code 1
[2026-01-02T01:27:24.541+0000] {local_task_job.py:273} INFO - 0 downstream tasks scheduled from follow-on schedule check
[2026-01-02T02:09:51.986+0000] {taskinstance.py:1165} INFO - Dependencies all met for <TaskInstance: ModelDevelop.get_data scheduled__2026-01-02T01:02:00+00:00 [queued]>
[2026-01-02T02:09:51.991+0000] {taskinstance.py:1165} INFO - Dependencies all met for <TaskInstance: ModelDevelop.get_data scheduled__2026-01-02T01:02:00+00:00 [queued]>
[2026-01-02T02:09:51.991+0000] {taskinstance.py:1362} INFO - 
--------------------------------------------------------------------------------
[2026-01-02T02:09:51.991+0000] {taskinstance.py:1363} INFO - Starting attempt 1 of 2
[2026-01-02T02:09:51.991+0000] {taskinstance.py:1364} INFO - 
--------------------------------------------------------------------------------
[2026-01-02T02:09:51.998+0000] {taskinstance.py:1383} INFO - Executing <Task(PythonOperator): get_data> on 2026-01-02 01:02:00+00:00
[2026-01-02T02:09:52.002+0000] {standard_task_runner.py:54} INFO - Started process 87 to run task
[2026-01-02T02:09:52.004+0000] {standard_task_runner.py:82} INFO - Running: ['***', 'tasks', 'run', 'ModelDevelop', 'get_data', 'scheduled__2026-01-02T01:02:00+00:00', '--job-id', '4', '--raw', '--subdir', 'DAGS_FOLDER/psjung_dag.py', '--cfg-path', '/tmp/tmpu6b6yag4']
[2026-01-02T02:09:52.004+0000] {standard_task_runner.py:83} INFO - Job 4: Subtask get_data
[2026-01-02T02:09:52.005+0000] {dagbag.py:525} INFO - Filling up the DagBag from /opt/***/dags/psjung_dag.py
[2026-01-02T02:09:53.013+0000] {warnings.py:110} WARNING - /home/***/.local/lib/python3.7/site-packages/***/configuration.py:545: DeprecationWarning: The sql_alchemy_conn option in [core] has been moved to the sql_alchemy_conn option in [database] - the old setting has been used, but please update your config.
  option = self._get_environment_variables(deprecated_key, deprecated_section, key, section)

[2026-01-02T02:09:53.054+0000] {task_command.py:384} INFO - Running <TaskInstance: ModelDevelop.get_data scheduled__2026-01-02T01:02:00+00:00 [running]> on host 81eec80a5533
[2026-01-02T02:09:53.115+0000] {taskinstance.py:1592} INFO - Exporting the following env vars:
AIRFLOW_CTX_DAG_OWNER=***
AIRFLOW_CTX_DAG_ID=ModelDevelop
AIRFLOW_CTX_TASK_ID=get_data
AIRFLOW_CTX_EXECUTION_DATE=2026-01-02T01:02:00+00:00
AIRFLOW_CTX_TRY_NUMBER=1
AIRFLOW_CTX_DAG_RUN_ID=scheduled__2026-01-02T01:02:00+00:00
[2026-01-02T02:09:53.127+0000] {logging_mixin.py:117} INFO -     sepal_length  sepal_width  petal_length  petal_width  target
97           6.2          2.9           4.3          1.3       1
[2026-01-02T02:09:53.127+0000] {python.py:177} INFO - Done. Returned value was:     sepal_length  sepal_width  petal_length  petal_width  target
97           6.2          2.9           4.3          1.3       1
[2026-01-02T02:09:53.138+0000] {xcom.py:600} ERROR - Could not serialize the XCom value into JSON. If you are using pickle instead of JSON for XCom, then you need to enable pickle support for XCom in your *** config.
[2026-01-02T02:09:53.139+0000] {taskinstance.py:1851} ERROR - Task failed with exception
Traceback (most recent call last):
  File "/home/airflow/.local/lib/python3.7/site-packages/airflow/utils/session.py", line 72, in wrapper
    return func(*args, **kwargs)
  File "/home/airflow/.local/lib/python3.7/site-packages/airflow/models/taskinstance.py", line 2385, in xcom_push
    session=session,
  File "/home/airflow/.local/lib/python3.7/site-packages/airflow/utils/session.py", line 72, in wrapper
    return func(*args, **kwargs)
  File "/home/airflow/.local/lib/python3.7/site-packages/airflow/models/xcom.py", line 212, in set
    map_index=map_index,
  File "/home/airflow/.local/lib/python3.7/site-packages/airflow/models/xcom.py", line 597, in serialize_value
    return json.dumps(value).encode('UTF-8')
  File "/usr/local/lib/python3.7/json/__init__.py", line 231, in dumps
    return _default_encoder.encode(obj)
  File "/usr/local/lib/python3.7/json/encoder.py", line 199, in encode
    chunks = self.iterencode(o, _one_shot=True)
  File "/usr/local/lib/python3.7/json/encoder.py", line 257, in iterencode
    return _iterencode(o, 0)
  File "/usr/local/lib/python3.7/json/encoder.py", line 179, in default
    raise TypeError(f'Object of type {o.__class__.__name__} '
TypeError: Object of type DataFrame is not JSON serializable
[2026-01-02T02:09:53.145+0000] {taskinstance.py:1406} INFO - Marking task as UP_FOR_RETRY. dag_id=ModelDevelop, task_id=get_data, execution_date=20260102T010200, start_date=20260102T020951, end_date=20260102T020953
[2026-01-02T02:09:53.199+0000] {standard_task_runner.py:107} ERROR - Failed to execute job 4 for task get_data (Object of type DataFrame is not JSON serializable; 87)
[2026-01-02T02:09:53.218+0000] {local_task_job.py:164} INFO - Task exited with return code 1
[2026-01-02T02:09:53.242+0000] {local_task_job.py:273} INFO - 0 downstream tasks scheduled from follow-on schedule check
[2026-01-02T02:12:33.443+0000] {taskinstance.py:1165} INFO - Dependencies all met for <TaskInstance: ModelDevelop.get_data scheduled__2026-01-02T01:02:00+00:00 [queued]>
[2026-01-02T02:12:33.448+0000] {taskinstance.py:1165} INFO - Dependencies all met for <TaskInstance: ModelDevelop.get_data scheduled__2026-01-02T01:02:00+00:00 [queued]>
[2026-01-02T02:12:33.448+0000] {taskinstance.py:1362} INFO - 
--------------------------------------------------------------------------------
[2026-01-02T02:12:33.448+0000] {taskinstance.py:1363} INFO - Starting attempt 1 of 2
[2026-01-02T02:12:33.448+0000] {taskinstance.py:1364} INFO - 
--------------------------------------------------------------------------------
[2026-01-02T02:12:33.455+0000] {taskinstance.py:1383} INFO - Executing <Task(PythonOperator): get_data> on 2026-01-02 01:02:00+00:00
[2026-01-02T02:12:33.459+0000] {standard_task_runner.py:54} INFO - Started process 138 to run task
[2026-01-02T02:12:33.461+0000] {standard_task_runner.py:82} INFO - Running: ['***', 'tasks', 'run', 'ModelDevelop', 'get_data', 'scheduled__2026-01-02T01:02:00+00:00', '--job-id', '21', '--raw', '--subdir', 'DAGS_FOLDER/psjung_dag.py', '--cfg-path', '/tmp/tmpgzs7swf0']
[2026-01-02T02:12:33.461+0000] {standard_task_runner.py:83} INFO - Job 21: Subtask get_data
[2026-01-02T02:12:33.462+0000] {dagbag.py:525} INFO - Filling up the DagBag from /opt/***/dags/psjung_dag.py
[2026-01-02T02:12:34.121+0000] {warnings.py:110} WARNING - /home/***/.local/lib/python3.7/site-packages/***/configuration.py:545: DeprecationWarning: The sql_alchemy_conn option in [core] has been moved to the sql_alchemy_conn option in [database] - the old setting has been used, but please update your config.
  option = self._get_environment_variables(deprecated_key, deprecated_section, key, section)

[2026-01-02T02:12:34.155+0000] {task_command.py:384} INFO - Running <TaskInstance: ModelDevelop.get_data scheduled__2026-01-02T01:02:00+00:00 [running]> on host 81eec80a5533
[2026-01-02T02:12:34.199+0000] {taskinstance.py:1592} INFO - Exporting the following env vars:
AIRFLOW_CTX_DAG_OWNER=***
AIRFLOW_CTX_DAG_ID=ModelDevelop
AIRFLOW_CTX_TASK_ID=get_data
AIRFLOW_CTX_EXECUTION_DATE=2026-01-02T01:02:00+00:00
AIRFLOW_CTX_TRY_NUMBER=1
AIRFLOW_CTX_DAG_RUN_ID=scheduled__2026-01-02T01:02:00+00:00
[2026-01-02T02:12:34.208+0000] {logging_mixin.py:117} INFO -      sepal_length  sepal_width  petal_length  petal_width  target
128           6.4          2.8           5.6          2.1       2
[2026-01-02T02:12:34.208+0000] {python.py:177} INFO - Done. Returned value was:      sepal_length  sepal_width  petal_length  petal_width  target
128           6.4          2.8           5.6          2.1       2
[2026-01-02T02:12:34.218+0000] {xcom.py:600} ERROR - Could not serialize the XCom value into JSON. If you are using pickle instead of JSON for XCom, then you need to enable pickle support for XCom in your *** config.
[2026-01-02T02:12:34.218+0000] {taskinstance.py:1851} ERROR - Task failed with exception
Traceback (most recent call last):
  File "/home/airflow/.local/lib/python3.7/site-packages/airflow/utils/session.py", line 72, in wrapper
    return func(*args, **kwargs)
  File "/home/airflow/.local/lib/python3.7/site-packages/airflow/models/taskinstance.py", line 2385, in xcom_push
    session=session,
  File "/home/airflow/.local/lib/python3.7/site-packages/airflow/utils/session.py", line 72, in wrapper
    return func(*args, **kwargs)
  File "/home/airflow/.local/lib/python3.7/site-packages/airflow/models/xcom.py", line 212, in set
    map_index=map_index,
  File "/home/airflow/.local/lib/python3.7/site-packages/airflow/models/xcom.py", line 597, in serialize_value
    return json.dumps(value).encode('UTF-8')
  File "/usr/local/lib/python3.7/json/__init__.py", line 231, in dumps
    return _default_encoder.encode(obj)
  File "/usr/local/lib/python3.7/json/encoder.py", line 199, in encode
    chunks = self.iterencode(o, _one_shot=True)
  File "/usr/local/lib/python3.7/json/encoder.py", line 257, in iterencode
    return _iterencode(o, 0)
  File "/usr/local/lib/python3.7/json/encoder.py", line 179, in default
    raise TypeError(f'Object of type {o.__class__.__name__} '
TypeError: Object of type DataFrame is not JSON serializable
[2026-01-02T02:12:34.225+0000] {taskinstance.py:1406} INFO - Marking task as UP_FOR_RETRY. dag_id=ModelDevelop, task_id=get_data, execution_date=20260102T010200, start_date=20260102T021233, end_date=20260102T021234
[2026-01-02T02:12:34.233+0000] {standard_task_runner.py:107} ERROR - Failed to execute job 21 for task get_data (Object of type DataFrame is not JSON serializable; 138)
[2026-01-02T02:12:34.274+0000] {local_task_job.py:164} INFO - Task exited with return code 1
[2026-01-02T02:12:34.350+0000] {local_task_job.py:273} INFO - 0 downstream tasks scheduled from follow-on schedule check
[2026-01-02T02:14:05.527+0000] {taskinstance.py:1165} INFO - Dependencies all met for <TaskInstance: ModelDevelop.get_data scheduled__2026-01-02T01:02:00+00:00 [queued]>
[2026-01-02T02:14:05.532+0000] {taskinstance.py:1165} INFO - Dependencies all met for <TaskInstance: ModelDevelop.get_data scheduled__2026-01-02T01:02:00+00:00 [queued]>
[2026-01-02T02:14:05.532+0000] {taskinstance.py:1362} INFO - 
--------------------------------------------------------------------------------
[2026-01-02T02:14:05.532+0000] {taskinstance.py:1363} INFO - Starting attempt 1 of 2
[2026-01-02T02:14:05.532+0000] {taskinstance.py:1364} INFO - 
--------------------------------------------------------------------------------
[2026-01-02T02:14:05.560+0000] {taskinstance.py:1383} INFO - Executing <Task(PythonOperator): get_data> on 2026-01-02 01:02:00+00:00
[2026-01-02T02:14:05.563+0000] {standard_task_runner.py:54} INFO - Started process 183 to run task
[2026-01-02T02:14:05.565+0000] {standard_task_runner.py:82} INFO - Running: ['***', 'tasks', 'run', 'ModelDevelop', 'get_data', 'scheduled__2026-01-02T01:02:00+00:00', '--job-id', '36', '--raw', '--subdir', 'DAGS_FOLDER/psjung_dag.py', '--cfg-path', '/tmp/tmp1v2l0fic']
[2026-01-02T02:14:05.566+0000] {standard_task_runner.py:83} INFO - Job 36: Subtask get_data
[2026-01-02T02:14:05.566+0000] {dagbag.py:525} INFO - Filling up the DagBag from /opt/***/dags/psjung_dag.py
[2026-01-02T02:14:06.264+0000] {warnings.py:110} WARNING - /home/***/.local/lib/python3.7/site-packages/***/configuration.py:545: DeprecationWarning: The sql_alchemy_conn option in [core] has been moved to the sql_alchemy_conn option in [database] - the old setting has been used, but please update your config.
  option = self._get_environment_variables(deprecated_key, deprecated_section, key, section)

[2026-01-02T02:14:06.296+0000] {task_command.py:384} INFO - Running <TaskInstance: ModelDevelop.get_data scheduled__2026-01-02T01:02:00+00:00 [running]> on host 81eec80a5533
[2026-01-02T02:14:06.343+0000] {taskinstance.py:1592} INFO - Exporting the following env vars:
AIRFLOW_CTX_DAG_OWNER=***
AIRFLOW_CTX_DAG_ID=ModelDevelop
AIRFLOW_CTX_TASK_ID=get_data
AIRFLOW_CTX_EXECUTION_DATE=2026-01-02T01:02:00+00:00
AIRFLOW_CTX_TRY_NUMBER=1
AIRFLOW_CTX_DAG_RUN_ID=scheduled__2026-01-02T01:02:00+00:00
[2026-01-02T02:14:06.353+0000] {logging_mixin.py:117} INFO -     sepal_length  sepal_width  petal_length  petal_width  target
84           5.4          3.0           4.5          1.5       1
[2026-01-02T02:14:06.353+0000] {python.py:177} INFO - Done. Returned value was:     sepal_length  sepal_width  petal_length  petal_width  target
84           5.4          3.0           4.5          1.5       1
[2026-01-02T02:14:06.361+0000] {xcom.py:600} ERROR - Could not serialize the XCom value into JSON. If you are using pickle instead of JSON for XCom, then you need to enable pickle support for XCom in your *** config.
[2026-01-02T02:14:06.362+0000] {taskinstance.py:1851} ERROR - Task failed with exception
Traceback (most recent call last):
  File "/home/airflow/.local/lib/python3.7/site-packages/airflow/utils/session.py", line 72, in wrapper
    return func(*args, **kwargs)
  File "/home/airflow/.local/lib/python3.7/site-packages/airflow/models/taskinstance.py", line 2385, in xcom_push
    session=session,
  File "/home/airflow/.local/lib/python3.7/site-packages/airflow/utils/session.py", line 72, in wrapper
    return func(*args, **kwargs)
  File "/home/airflow/.local/lib/python3.7/site-packages/airflow/models/xcom.py", line 212, in set
    map_index=map_index,
  File "/home/airflow/.local/lib/python3.7/site-packages/airflow/models/xcom.py", line 597, in serialize_value
    return json.dumps(value).encode('UTF-8')
  File "/usr/local/lib/python3.7/json/__init__.py", line 231, in dumps
    return _default_encoder.encode(obj)
  File "/usr/local/lib/python3.7/json/encoder.py", line 199, in encode
    chunks = self.iterencode(o, _one_shot=True)
  File "/usr/local/lib/python3.7/json/encoder.py", line 257, in iterencode
    return _iterencode(o, 0)
  File "/usr/local/lib/python3.7/json/encoder.py", line 179, in default
    raise TypeError(f'Object of type {o.__class__.__name__} '
TypeError: Object of type DataFrame is not JSON serializable
[2026-01-02T02:14:06.368+0000] {taskinstance.py:1406} INFO - Marking task as UP_FOR_RETRY. dag_id=ModelDevelop, task_id=get_data, execution_date=20260102T010200, start_date=20260102T021405, end_date=20260102T021406
[2026-01-02T02:14:06.375+0000] {standard_task_runner.py:107} ERROR - Failed to execute job 36 for task get_data (Object of type DataFrame is not JSON serializable; 183)
[2026-01-02T02:14:06.418+0000] {local_task_job.py:164} INFO - Task exited with return code 1
[2026-01-02T02:14:06.451+0000] {local_task_job.py:273} INFO - 0 downstream tasks scheduled from follow-on schedule check
