[2026-01-16T07:54:56.400+0000] {taskinstance.py:1979} INFO - Dependencies all met for dep_context=non-requeueable deps ti=<TaskInstance: ModelDevelop.get_data scheduled__2026-01-06T07:00:00+00:00 [queued]>
[2026-01-16T07:54:56.406+0000] {taskinstance.py:1979} INFO - Dependencies all met for dep_context=requeueable deps ti=<TaskInstance: ModelDevelop.get_data scheduled__2026-01-06T07:00:00+00:00 [queued]>
[2026-01-16T07:54:56.406+0000] {taskinstance.py:2193} INFO - Starting attempt 1 of 2
[2026-01-16T07:54:56.417+0000] {taskinstance.py:2217} INFO - Executing <Task(PythonOperator): get_data> on 2026-01-06 07:00:00+00:00
[2026-01-16T07:54:56.425+0000] {standard_task_runner.py:60} INFO - Started process 13412 to run task
[2026-01-16T07:54:56.427+0000] {standard_task_runner.py:87} INFO - Running: ['***', 'tasks', 'run', 'ModelDevelop', 'get_data', 'scheduled__2026-01-06T07:00:00+00:00', '--job-id', '201', '--raw', '--subdir', 'DAGS_FOLDER/example.py', '--cfg-path', '/tmp/tmpc16171b6']
[2026-01-16T07:54:56.428+0000] {standard_task_runner.py:88} INFO - Job 201: Subtask get_data
[2026-01-16T07:54:56.439+0000] {warnings.py:109} WARNING - /home/***/.local/lib/python3.9/site-packages/***/settings.py:194: DeprecationWarning: The sql_alchemy_conn option in [core] has been moved to the sql_alchemy_conn option in [database] - the old setting has been used, but please update your config.
  SQL_ALCHEMY_CONN = conf.get("database", "SQL_ALCHEMY_CONN")

[2026-01-16T07:54:56.478+0000] {task_command.py:423} INFO - Running <TaskInstance: ModelDevelop.get_data scheduled__2026-01-06T07:00:00+00:00 [running]> on host 8a4f043652f0
[2026-01-16T07:54:56.549+0000] {taskinstance.py:2513} INFO - Exporting env vars: AIRFLOW_CTX_DAG_OWNER='***' AIRFLOW_CTX_DAG_ID='ModelDevelop' AIRFLOW_CTX_TASK_ID='get_data' AIRFLOW_CTX_EXECUTION_DATE='2026-01-06T07:00:00+00:00' AIRFLOW_CTX_TRY_NUMBER='1' AIRFLOW_CTX_DAG_RUN_ID='scheduled__2026-01-06T07:00:00+00:00'
[2026-01-16T07:54:56.559+0000] {python.py:202} INFO - Done. Returned value was: ./iris.csv
[2026-01-16T07:54:56.576+0000] {taskinstance.py:1149} INFO - Marking task as SUCCESS. dag_id=ModelDevelop, task_id=get_data, execution_date=20260106T070000, start_date=20260116T075456, end_date=20260116T075456
[2026-01-16T07:54:56.600+0000] {local_task_job_runner.py:234} INFO - Task exited with return code 0
[2026-01-16T07:54:56.626+0000] {taskinstance.py:3312} INFO - 1 downstream tasks scheduled from follow-on schedule check
[2026-01-17T13:18:30.443+0000] {taskinstance.py:1979} INFO - Dependencies all met for dep_context=non-requeueable deps ti=<TaskInstance: ModelDevelop.get_data scheduled__2026-01-06T07:00:00+00:00 [queued]>
[2026-01-17T13:18:30.456+0000] {taskinstance.py:1979} INFO - Dependencies all met for dep_context=requeueable deps ti=<TaskInstance: ModelDevelop.get_data scheduled__2026-01-06T07:00:00+00:00 [queued]>
[2026-01-17T13:18:30.456+0000] {taskinstance.py:2193} INFO - Starting attempt 1 of 2
[2026-01-17T13:18:30.470+0000] {taskinstance.py:2217} INFO - Executing <Task(PythonOperator): get_data> on 2026-01-06 07:00:00+00:00
[2026-01-17T13:18:30.478+0000] {standard_task_runner.py:60} INFO - Started process 13411 to run task
[2026-01-17T13:18:30.480+0000] {standard_task_runner.py:87} INFO - Running: ['***', 'tasks', 'run', 'ModelDevelop', 'get_data', 'scheduled__2026-01-06T07:00:00+00:00', '--job-id', '201', '--raw', '--subdir', 'DAGS_FOLDER/example.py', '--cfg-path', '/tmp/tmpw9nuc1de']
[2026-01-17T13:18:30.481+0000] {standard_task_runner.py:88} INFO - Job 201: Subtask get_data
[2026-01-17T13:18:30.491+0000] {warnings.py:109} WARNING - /home/***/.local/lib/python3.9/site-packages/***/settings.py:194: DeprecationWarning: The sql_alchemy_conn option in [core] has been moved to the sql_alchemy_conn option in [database] - the old setting has been used, but please update your config.
  SQL_ALCHEMY_CONN = conf.get("database", "SQL_ALCHEMY_CONN")

[2026-01-17T13:18:30.520+0000] {task_command.py:423} INFO - Running <TaskInstance: ModelDevelop.get_data scheduled__2026-01-06T07:00:00+00:00 [running]> on host ed3184b6b543
[2026-01-17T13:18:30.591+0000] {taskinstance.py:2513} INFO - Exporting env vars: AIRFLOW_CTX_DAG_OWNER='***' AIRFLOW_CTX_DAG_ID='ModelDevelop' AIRFLOW_CTX_TASK_ID='get_data' AIRFLOW_CTX_EXECUTION_DATE='2026-01-06T07:00:00+00:00' AIRFLOW_CTX_TRY_NUMBER='1' AIRFLOW_CTX_DAG_RUN_ID='scheduled__2026-01-06T07:00:00+00:00'
[2026-01-17T13:18:30.603+0000] {python.py:202} INFO - Done. Returned value was: ./iris.csv
[2026-01-17T13:18:30.640+0000] {taskinstance.py:1149} INFO - Marking task as SUCCESS. dag_id=ModelDevelop, task_id=get_data, execution_date=20260106T070000, start_date=20260117T131830, end_date=20260117T131830
[2026-01-17T13:18:30.692+0000] {local_task_job_runner.py:234} INFO - Task exited with return code 0
[2026-01-17T13:18:30.752+0000] {taskinstance.py:3312} INFO - 0 downstream tasks scheduled from follow-on schedule check
[2026-01-17T13:39:52.960+0000] {taskinstance.py:1979} INFO - Dependencies all met for dep_context=non-requeueable deps ti=<TaskInstance: ModelDevelop.get_data scheduled__2026-01-06T07:00:00+00:00 [queued]>
[2026-01-17T13:39:52.966+0000] {taskinstance.py:1979} INFO - Dependencies all met for dep_context=requeueable deps ti=<TaskInstance: ModelDevelop.get_data scheduled__2026-01-06T07:00:00+00:00 [queued]>
[2026-01-17T13:39:52.967+0000] {taskinstance.py:2193} INFO - Starting attempt 1 of 2
[2026-01-17T13:39:52.975+0000] {taskinstance.py:2217} INFO - Executing <Task(PythonOperator): get_data> on 2026-01-06 07:00:00+00:00
[2026-01-17T13:39:52.982+0000] {standard_task_runner.py:60} INFO - Started process 13447 to run task
[2026-01-17T13:39:52.984+0000] {standard_task_runner.py:87} INFO - Running: ['***', 'tasks', 'run', 'ModelDevelop', 'get_data', 'scheduled__2026-01-06T07:00:00+00:00', '--job-id', '202', '--raw', '--subdir', 'DAGS_FOLDER/example.py', '--cfg-path', '/tmp/tmppfm056y5']
[2026-01-17T13:39:52.985+0000] {standard_task_runner.py:88} INFO - Job 202: Subtask get_data
[2026-01-17T13:39:52.993+0000] {warnings.py:109} WARNING - /home/***/.local/lib/python3.9/site-packages/***/settings.py:194: DeprecationWarning: The sql_alchemy_conn option in [core] has been moved to the sql_alchemy_conn option in [database] - the old setting has been used, but please update your config.
  SQL_ALCHEMY_CONN = conf.get("database", "SQL_ALCHEMY_CONN")

[2026-01-17T13:39:53.031+0000] {task_command.py:423} INFO - Running <TaskInstance: ModelDevelop.get_data scheduled__2026-01-06T07:00:00+00:00 [running]> on host 5330652dc216
[2026-01-17T13:39:53.112+0000] {taskinstance.py:2513} INFO - Exporting env vars: AIRFLOW_CTX_DAG_OWNER='***' AIRFLOW_CTX_DAG_ID='ModelDevelop' AIRFLOW_CTX_TASK_ID='get_data' AIRFLOW_CTX_EXECUTION_DATE='2026-01-06T07:00:00+00:00' AIRFLOW_CTX_TRY_NUMBER='1' AIRFLOW_CTX_DAG_RUN_ID='scheduled__2026-01-06T07:00:00+00:00'
[2026-01-17T13:39:53.121+0000] {python.py:202} INFO - Done. Returned value was: ./iris.csv
[2026-01-17T13:39:53.136+0000] {taskinstance.py:1149} INFO - Marking task as SUCCESS. dag_id=ModelDevelop, task_id=get_data, execution_date=20260106T070000, start_date=20260117T133952, end_date=20260117T133953
[2026-01-17T13:39:53.156+0000] {local_task_job_runner.py:234} INFO - Task exited with return code 0
[2026-01-17T13:39:53.192+0000] {taskinstance.py:3312} INFO - 1 downstream tasks scheduled from follow-on schedule check
