[2026-01-16T07:53:47.209+0000] {taskinstance.py:1979} INFO - Dependencies all met for dep_context=non-requeueable deps ti=<TaskInstance: ModelDevelop.get_data scheduled__2026-01-02T08:00:00+00:00 [queued]>
[2026-01-16T07:53:47.215+0000] {taskinstance.py:1979} INFO - Dependencies all met for dep_context=requeueable deps ti=<TaskInstance: ModelDevelop.get_data scheduled__2026-01-02T08:00:00+00:00 [queued]>
[2026-01-16T07:53:47.215+0000] {taskinstance.py:2193} INFO - Starting attempt 1 of 2
[2026-01-16T07:53:47.223+0000] {taskinstance.py:2217} INFO - Executing <Task(PythonOperator): get_data> on 2026-01-02 08:00:00+00:00
[2026-01-16T07:53:47.230+0000] {standard_task_runner.py:60} INFO - Started process 606 to run task
[2026-01-16T07:53:47.232+0000] {standard_task_runner.py:87} INFO - Running: ['***', 'tasks', 'run', 'ModelDevelop', 'get_data', 'scheduled__2026-01-02T08:00:00+00:00', '--job-id', '7', '--raw', '--subdir', 'DAGS_FOLDER/example.py', '--cfg-path', '/tmp/tmp3ot70wob']
[2026-01-16T07:53:47.233+0000] {standard_task_runner.py:88} INFO - Job 7: Subtask get_data
[2026-01-16T07:53:47.242+0000] {warnings.py:109} WARNING - /home/***/.local/lib/python3.9/site-packages/***/settings.py:194: DeprecationWarning: The sql_alchemy_conn option in [core] has been moved to the sql_alchemy_conn option in [database] - the old setting has been used, but please update your config.
  SQL_ALCHEMY_CONN = conf.get("database", "SQL_ALCHEMY_CONN")

[2026-01-16T07:53:47.273+0000] {task_command.py:423} INFO - Running <TaskInstance: ModelDevelop.get_data scheduled__2026-01-02T08:00:00+00:00 [running]> on host 8a4f043652f0
[2026-01-16T07:53:47.322+0000] {taskinstance.py:2513} INFO - Exporting env vars: AIRFLOW_CTX_DAG_OWNER='***' AIRFLOW_CTX_DAG_ID='ModelDevelop' AIRFLOW_CTX_TASK_ID='get_data' AIRFLOW_CTX_EXECUTION_DATE='2026-01-02T08:00:00+00:00' AIRFLOW_CTX_TRY_NUMBER='1' AIRFLOW_CTX_DAG_RUN_ID='scheduled__2026-01-02T08:00:00+00:00'
[2026-01-16T07:53:47.331+0000] {python.py:202} INFO - Done. Returned value was: ./iris.csv
[2026-01-16T07:53:47.346+0000] {taskinstance.py:1149} INFO - Marking task as SUCCESS. dag_id=ModelDevelop, task_id=get_data, execution_date=20260102T080000, start_date=20260116T075347, end_date=20260116T075347
[2026-01-16T07:53:47.404+0000] {local_task_job_runner.py:234} INFO - Task exited with return code 0
[2026-01-16T07:53:47.422+0000] {taskinstance.py:3312} INFO - 1 downstream tasks scheduled from follow-on schedule check
[2026-01-17T13:17:28.488+0000] {taskinstance.py:1979} INFO - Dependencies all met for dep_context=non-requeueable deps ti=<TaskInstance: ModelDevelop.get_data scheduled__2026-01-02T08:00:00+00:00 [queued]>
[2026-01-17T13:17:28.495+0000] {taskinstance.py:1979} INFO - Dependencies all met for dep_context=requeueable deps ti=<TaskInstance: ModelDevelop.get_data scheduled__2026-01-02T08:00:00+00:00 [queued]>
[2026-01-17T13:17:28.496+0000] {taskinstance.py:2193} INFO - Starting attempt 1 of 2
[2026-01-17T13:17:28.506+0000] {taskinstance.py:2217} INFO - Executing <Task(PythonOperator): get_data> on 2026-01-02 08:00:00+00:00
[2026-01-17T13:17:28.514+0000] {standard_task_runner.py:60} INFO - Started process 610 to run task
[2026-01-17T13:17:28.517+0000] {standard_task_runner.py:87} INFO - Running: ['***', 'tasks', 'run', 'ModelDevelop', 'get_data', 'scheduled__2026-01-02T08:00:00+00:00', '--job-id', '10', '--raw', '--subdir', 'DAGS_FOLDER/example.py', '--cfg-path', '/tmp/tmpv07wlq1z']
[2026-01-17T13:17:28.518+0000] {standard_task_runner.py:88} INFO - Job 10: Subtask get_data
[2026-01-17T13:17:28.527+0000] {warnings.py:109} WARNING - /home/***/.local/lib/python3.9/site-packages/***/settings.py:194: DeprecationWarning: The sql_alchemy_conn option in [core] has been moved to the sql_alchemy_conn option in [database] - the old setting has been used, but please update your config.
  SQL_ALCHEMY_CONN = conf.get("database", "SQL_ALCHEMY_CONN")

[2026-01-17T13:17:28.558+0000] {task_command.py:423} INFO - Running <TaskInstance: ModelDevelop.get_data scheduled__2026-01-02T08:00:00+00:00 [running]> on host ed3184b6b543
[2026-01-17T13:17:28.615+0000] {taskinstance.py:2513} INFO - Exporting env vars: AIRFLOW_CTX_DAG_OWNER='***' AIRFLOW_CTX_DAG_ID='ModelDevelop' AIRFLOW_CTX_TASK_ID='get_data' AIRFLOW_CTX_EXECUTION_DATE='2026-01-02T08:00:00+00:00' AIRFLOW_CTX_TRY_NUMBER='1' AIRFLOW_CTX_DAG_RUN_ID='scheduled__2026-01-02T08:00:00+00:00'
[2026-01-17T13:17:28.624+0000] {python.py:202} INFO - Done. Returned value was: ./iris.csv
[2026-01-17T13:17:28.638+0000] {taskinstance.py:1149} INFO - Marking task as SUCCESS. dag_id=ModelDevelop, task_id=get_data, execution_date=20260102T080000, start_date=20260117T131728, end_date=20260117T131728
[2026-01-17T13:17:28.689+0000] {local_task_job_runner.py:234} INFO - Task exited with return code 0
[2026-01-17T13:17:28.704+0000] {taskinstance.py:3312} INFO - 1 downstream tasks scheduled from follow-on schedule check
[2026-01-17T13:38:39.821+0000] {taskinstance.py:1979} INFO - Dependencies all met for dep_context=non-requeueable deps ti=<TaskInstance: ModelDevelop.get_data scheduled__2026-01-02T08:00:00+00:00 [queued]>
[2026-01-17T13:38:39.826+0000] {taskinstance.py:1979} INFO - Dependencies all met for dep_context=requeueable deps ti=<TaskInstance: ModelDevelop.get_data scheduled__2026-01-02T08:00:00+00:00 [queued]>
[2026-01-17T13:38:39.827+0000] {taskinstance.py:2193} INFO - Starting attempt 1 of 2
[2026-01-17T13:38:39.836+0000] {taskinstance.py:2217} INFO - Executing <Task(PythonOperator): get_data> on 2026-01-02 08:00:00+00:00
[2026-01-17T13:38:39.844+0000] {standard_task_runner.py:60} INFO - Started process 608 to run task
[2026-01-17T13:38:39.846+0000] {standard_task_runner.py:87} INFO - Running: ['***', 'tasks', 'run', 'ModelDevelop', 'get_data', 'scheduled__2026-01-02T08:00:00+00:00', '--job-id', '10', '--raw', '--subdir', 'DAGS_FOLDER/example.py', '--cfg-path', '/tmp/tmpbko5uoxa']
[2026-01-17T13:38:39.847+0000] {standard_task_runner.py:88} INFO - Job 10: Subtask get_data
[2026-01-17T13:38:39.856+0000] {warnings.py:109} WARNING - /home/***/.local/lib/python3.9/site-packages/***/settings.py:194: DeprecationWarning: The sql_alchemy_conn option in [core] has been moved to the sql_alchemy_conn option in [database] - the old setting has been used, but please update your config.
  SQL_ALCHEMY_CONN = conf.get("database", "SQL_ALCHEMY_CONN")

[2026-01-17T13:38:39.886+0000] {task_command.py:423} INFO - Running <TaskInstance: ModelDevelop.get_data scheduled__2026-01-02T08:00:00+00:00 [running]> on host 5330652dc216
[2026-01-17T13:38:39.936+0000] {taskinstance.py:2513} INFO - Exporting env vars: AIRFLOW_CTX_DAG_OWNER='***' AIRFLOW_CTX_DAG_ID='ModelDevelop' AIRFLOW_CTX_TASK_ID='get_data' AIRFLOW_CTX_EXECUTION_DATE='2026-01-02T08:00:00+00:00' AIRFLOW_CTX_TRY_NUMBER='1' AIRFLOW_CTX_DAG_RUN_ID='scheduled__2026-01-02T08:00:00+00:00'
[2026-01-17T13:38:39.946+0000] {python.py:202} INFO - Done. Returned value was: ./iris.csv
[2026-01-17T13:38:39.961+0000] {taskinstance.py:1149} INFO - Marking task as SUCCESS. dag_id=ModelDevelop, task_id=get_data, execution_date=20260102T080000, start_date=20260117T133839, end_date=20260117T133839
[2026-01-17T13:38:39.978+0000] {local_task_job_runner.py:234} INFO - Task exited with return code 0
[2026-01-17T13:38:39.995+0000] {taskinstance.py:3312} INFO - 1 downstream tasks scheduled from follow-on schedule check
