[2026-01-16T07:54:46.601+0000] {taskinstance.py:1979} INFO - Dependencies all met for dep_context=non-requeueable deps ti=<TaskInstance: ModelDevelop.get_data scheduled__2026-01-05T18:00:00+00:00 [queued]>
[2026-01-16T07:54:46.607+0000] {taskinstance.py:1979} INFO - Dependencies all met for dep_context=requeueable deps ti=<TaskInstance: ModelDevelop.get_data scheduled__2026-01-05T18:00:00+00:00 [queued]>
[2026-01-16T07:54:46.607+0000] {taskinstance.py:2193} INFO - Starting attempt 1 of 2
[2026-01-16T07:54:46.625+0000] {taskinstance.py:2217} INFO - Executing <Task(PythonOperator): get_data> on 2026-01-05 18:00:00+00:00
[2026-01-16T07:54:46.640+0000] {standard_task_runner.py:60} INFO - Started process 11437 to run task
[2026-01-16T07:54:46.650+0000] {standard_task_runner.py:87} INFO - Running: ['***', 'tasks', 'run', 'ModelDevelop', 'get_data', 'scheduled__2026-01-05T18:00:00+00:00', '--job-id', '172', '--raw', '--subdir', 'DAGS_FOLDER/example.py', '--cfg-path', '/tmp/tmpu43525du']
[2026-01-16T07:54:46.651+0000] {standard_task_runner.py:88} INFO - Job 172: Subtask get_data
[2026-01-16T07:54:46.661+0000] {warnings.py:109} WARNING - /home/***/.local/lib/python3.9/site-packages/***/settings.py:194: DeprecationWarning: The sql_alchemy_conn option in [core] has been moved to the sql_alchemy_conn option in [database] - the old setting has been used, but please update your config.
  SQL_ALCHEMY_CONN = conf.get("database", "SQL_ALCHEMY_CONN")

[2026-01-16T07:54:46.687+0000] {task_command.py:423} INFO - Running <TaskInstance: ModelDevelop.get_data scheduled__2026-01-05T18:00:00+00:00 [running]> on host 8a4f043652f0
[2026-01-16T07:54:46.739+0000] {taskinstance.py:2513} INFO - Exporting env vars: AIRFLOW_CTX_DAG_OWNER='***' AIRFLOW_CTX_DAG_ID='ModelDevelop' AIRFLOW_CTX_TASK_ID='get_data' AIRFLOW_CTX_EXECUTION_DATE='2026-01-05T18:00:00+00:00' AIRFLOW_CTX_TRY_NUMBER='1' AIRFLOW_CTX_DAG_RUN_ID='scheduled__2026-01-05T18:00:00+00:00'
[2026-01-16T07:54:46.747+0000] {python.py:202} INFO - Done. Returned value was: ./iris.csv
[2026-01-16T07:54:46.761+0000] {taskinstance.py:1149} INFO - Marking task as SUCCESS. dag_id=ModelDevelop, task_id=get_data, execution_date=20260105T180000, start_date=20260116T075446, end_date=20260116T075446
[2026-01-16T07:54:46.780+0000] {local_task_job_runner.py:234} INFO - Task exited with return code 0
[2026-01-16T07:54:46.812+0000] {taskinstance.py:3312} INFO - 1 downstream tasks scheduled from follow-on schedule check
[2026-01-17T13:18:21.369+0000] {taskinstance.py:1979} INFO - Dependencies all met for dep_context=non-requeueable deps ti=<TaskInstance: ModelDevelop.get_data scheduled__2026-01-05T18:00:00+00:00 [queued]>
[2026-01-17T13:18:21.374+0000] {taskinstance.py:1979} INFO - Dependencies all met for dep_context=requeueable deps ti=<TaskInstance: ModelDevelop.get_data scheduled__2026-01-05T18:00:00+00:00 [queued]>
[2026-01-17T13:18:21.374+0000] {taskinstance.py:2193} INFO - Starting attempt 1 of 2
[2026-01-17T13:18:21.381+0000] {taskinstance.py:2217} INFO - Executing <Task(PythonOperator): get_data> on 2026-01-05 18:00:00+00:00
[2026-01-17T13:18:21.387+0000] {standard_task_runner.py:60} INFO - Started process 11374 to run task
[2026-01-17T13:18:21.390+0000] {standard_task_runner.py:87} INFO - Running: ['***', 'tasks', 'run', 'ModelDevelop', 'get_data', 'scheduled__2026-01-05T18:00:00+00:00', '--job-id', '172', '--raw', '--subdir', 'DAGS_FOLDER/example.py', '--cfg-path', '/tmp/tmp8qy7oxqc']
[2026-01-17T13:18:21.390+0000] {standard_task_runner.py:88} INFO - Job 172: Subtask get_data
[2026-01-17T13:18:21.399+0000] {warnings.py:109} WARNING - /home/***/.local/lib/python3.9/site-packages/***/settings.py:194: DeprecationWarning: The sql_alchemy_conn option in [core] has been moved to the sql_alchemy_conn option in [database] - the old setting has been used, but please update your config.
  SQL_ALCHEMY_CONN = conf.get("database", "SQL_ALCHEMY_CONN")

[2026-01-17T13:18:21.427+0000] {task_command.py:423} INFO - Running <TaskInstance: ModelDevelop.get_data scheduled__2026-01-05T18:00:00+00:00 [running]> on host ed3184b6b543
[2026-01-17T13:18:21.542+0000] {taskinstance.py:2513} INFO - Exporting env vars: AIRFLOW_CTX_DAG_OWNER='***' AIRFLOW_CTX_DAG_ID='ModelDevelop' AIRFLOW_CTX_TASK_ID='get_data' AIRFLOW_CTX_EXECUTION_DATE='2026-01-05T18:00:00+00:00' AIRFLOW_CTX_TRY_NUMBER='1' AIRFLOW_CTX_DAG_RUN_ID='scheduled__2026-01-05T18:00:00+00:00'
[2026-01-17T13:18:21.553+0000] {python.py:202} INFO - Done. Returned value was: ./iris.csv
[2026-01-17T13:18:21.585+0000] {taskinstance.py:1149} INFO - Marking task as SUCCESS. dag_id=ModelDevelop, task_id=get_data, execution_date=20260105T180000, start_date=20260117T131821, end_date=20260117T131821
[2026-01-17T13:18:21.642+0000] {local_task_job_runner.py:234} INFO - Task exited with return code 0
[2026-01-17T13:18:21.661+0000] {taskinstance.py:3312} INFO - 1 downstream tasks scheduled from follow-on schedule check
[2026-01-17T13:39:43.157+0000] {taskinstance.py:1979} INFO - Dependencies all met for dep_context=non-requeueable deps ti=<TaskInstance: ModelDevelop.get_data scheduled__2026-01-05T18:00:00+00:00 [queued]>
[2026-01-17T13:39:43.172+0000] {taskinstance.py:1979} INFO - Dependencies all met for dep_context=requeueable deps ti=<TaskInstance: ModelDevelop.get_data scheduled__2026-01-05T18:00:00+00:00 [queued]>
[2026-01-17T13:39:43.172+0000] {taskinstance.py:2193} INFO - Starting attempt 1 of 2
[2026-01-17T13:39:43.183+0000] {taskinstance.py:2217} INFO - Executing <Task(PythonOperator): get_data> on 2026-01-05 18:00:00+00:00
[2026-01-17T13:39:43.207+0000] {standard_task_runner.py:60} INFO - Started process 11439 to run task
[2026-01-17T13:39:43.210+0000] {standard_task_runner.py:87} INFO - Running: ['***', 'tasks', 'run', 'ModelDevelop', 'get_data', 'scheduled__2026-01-05T18:00:00+00:00', '--job-id', '172', '--raw', '--subdir', 'DAGS_FOLDER/example.py', '--cfg-path', '/tmp/tmpl77_3vz1']
[2026-01-17T13:39:43.211+0000] {standard_task_runner.py:88} INFO - Job 172: Subtask get_data
[2026-01-17T13:39:43.221+0000] {warnings.py:109} WARNING - /home/***/.local/lib/python3.9/site-packages/***/settings.py:194: DeprecationWarning: The sql_alchemy_conn option in [core] has been moved to the sql_alchemy_conn option in [database] - the old setting has been used, but please update your config.
  SQL_ALCHEMY_CONN = conf.get("database", "SQL_ALCHEMY_CONN")

[2026-01-17T13:39:43.251+0000] {task_command.py:423} INFO - Running <TaskInstance: ModelDevelop.get_data scheduled__2026-01-05T18:00:00+00:00 [running]> on host 5330652dc216
[2026-01-17T13:39:43.318+0000] {taskinstance.py:2513} INFO - Exporting env vars: AIRFLOW_CTX_DAG_OWNER='***' AIRFLOW_CTX_DAG_ID='ModelDevelop' AIRFLOW_CTX_TASK_ID='get_data' AIRFLOW_CTX_EXECUTION_DATE='2026-01-05T18:00:00+00:00' AIRFLOW_CTX_TRY_NUMBER='1' AIRFLOW_CTX_DAG_RUN_ID='scheduled__2026-01-05T18:00:00+00:00'
[2026-01-17T13:39:43.330+0000] {python.py:202} INFO - Done. Returned value was: ./iris.csv
[2026-01-17T13:39:43.366+0000] {taskinstance.py:1149} INFO - Marking task as SUCCESS. dag_id=ModelDevelop, task_id=get_data, execution_date=20260105T180000, start_date=20260117T133943, end_date=20260117T133943
[2026-01-17T13:39:43.422+0000] {local_task_job_runner.py:234} INFO - Task exited with return code 0
[2026-01-17T13:39:43.446+0000] {taskinstance.py:3312} INFO - 1 downstream tasks scheduled from follow-on schedule check
