[2026-01-16T07:54:00.386+0000] {taskinstance.py:1979} INFO - Dependencies all met for dep_context=non-requeueable deps ti=<TaskInstance: ModelDevelop.get_data scheduled__2026-01-02T23:00:00+00:00 [queued]>
[2026-01-16T07:54:00.395+0000] {taskinstance.py:1979} INFO - Dependencies all met for dep_context=requeueable deps ti=<TaskInstance: ModelDevelop.get_data scheduled__2026-01-02T23:00:00+00:00 [queued]>
[2026-01-16T07:54:00.395+0000] {taskinstance.py:2193} INFO - Starting attempt 1 of 2
[2026-01-16T07:54:00.415+0000] {taskinstance.py:2217} INFO - Executing <Task(PythonOperator): get_data> on 2026-01-02 23:00:00+00:00
[2026-01-16T07:54:00.423+0000] {standard_task_runner.py:60} INFO - Started process 2696 to run task
[2026-01-16T07:54:00.438+0000] {standard_task_runner.py:87} INFO - Running: ['***', 'tasks', 'run', 'ModelDevelop', 'get_data', 'scheduled__2026-01-02T23:00:00+00:00', '--job-id', '41', '--raw', '--subdir', 'DAGS_FOLDER/example.py', '--cfg-path', '/tmp/tmpcxk9rbxr']
[2026-01-16T07:54:00.439+0000] {standard_task_runner.py:88} INFO - Job 41: Subtask get_data
[2026-01-16T07:54:00.461+0000] {warnings.py:109} WARNING - /home/***/.local/lib/python3.9/site-packages/***/settings.py:194: DeprecationWarning: The sql_alchemy_conn option in [core] has been moved to the sql_alchemy_conn option in [database] - the old setting has been used, but please update your config.
  SQL_ALCHEMY_CONN = conf.get("database", "SQL_ALCHEMY_CONN")

[2026-01-16T07:54:00.485+0000] {task_command.py:423} INFO - Running <TaskInstance: ModelDevelop.get_data scheduled__2026-01-02T23:00:00+00:00 [running]> on host 8a4f043652f0
[2026-01-16T07:54:00.538+0000] {taskinstance.py:2513} INFO - Exporting env vars: AIRFLOW_CTX_DAG_OWNER='***' AIRFLOW_CTX_DAG_ID='ModelDevelop' AIRFLOW_CTX_TASK_ID='get_data' AIRFLOW_CTX_EXECUTION_DATE='2026-01-02T23:00:00+00:00' AIRFLOW_CTX_TRY_NUMBER='1' AIRFLOW_CTX_DAG_RUN_ID='scheduled__2026-01-02T23:00:00+00:00'
[2026-01-16T07:54:00.548+0000] {python.py:202} INFO - Done. Returned value was: ./iris.csv
[2026-01-16T07:54:00.588+0000] {taskinstance.py:1149} INFO - Marking task as SUCCESS. dag_id=ModelDevelop, task_id=get_data, execution_date=20260102T230000, start_date=20260116T075400, end_date=20260116T075400
[2026-01-16T07:54:00.644+0000] {local_task_job_runner.py:234} INFO - Task exited with return code 0
[2026-01-16T07:54:00.666+0000] {taskinstance.py:3312} INFO - 1 downstream tasks scheduled from follow-on schedule check
[2026-01-17T13:17:40.329+0000] {taskinstance.py:1979} INFO - Dependencies all met for dep_context=non-requeueable deps ti=<TaskInstance: ModelDevelop.get_data scheduled__2026-01-02T23:00:00+00:00 [queued]>
[2026-01-17T13:17:40.335+0000] {taskinstance.py:1979} INFO - Dependencies all met for dep_context=requeueable deps ti=<TaskInstance: ModelDevelop.get_data scheduled__2026-01-02T23:00:00+00:00 [queued]>
[2026-01-17T13:17:40.335+0000] {taskinstance.py:2193} INFO - Starting attempt 1 of 2
[2026-01-17T13:17:40.345+0000] {taskinstance.py:2217} INFO - Executing <Task(PythonOperator): get_data> on 2026-01-02 23:00:00+00:00
[2026-01-17T13:17:40.354+0000] {standard_task_runner.py:60} INFO - Started process 2726 to run task
[2026-01-17T13:17:40.356+0000] {standard_task_runner.py:87} INFO - Running: ['***', 'tasks', 'run', 'ModelDevelop', 'get_data', 'scheduled__2026-01-02T23:00:00+00:00', '--job-id', '41', '--raw', '--subdir', 'DAGS_FOLDER/example.py', '--cfg-path', '/tmp/tmp6eyfzgc5']
[2026-01-17T13:17:40.357+0000] {standard_task_runner.py:88} INFO - Job 41: Subtask get_data
[2026-01-17T13:17:40.366+0000] {warnings.py:109} WARNING - /home/***/.local/lib/python3.9/site-packages/***/settings.py:194: DeprecationWarning: The sql_alchemy_conn option in [core] has been moved to the sql_alchemy_conn option in [database] - the old setting has been used, but please update your config.
  SQL_ALCHEMY_CONN = conf.get("database", "SQL_ALCHEMY_CONN")

[2026-01-17T13:17:40.394+0000] {task_command.py:423} INFO - Running <TaskInstance: ModelDevelop.get_data scheduled__2026-01-02T23:00:00+00:00 [running]> on host ed3184b6b543
[2026-01-17T13:17:40.494+0000] {taskinstance.py:2513} INFO - Exporting env vars: AIRFLOW_CTX_DAG_OWNER='***' AIRFLOW_CTX_DAG_ID='ModelDevelop' AIRFLOW_CTX_TASK_ID='get_data' AIRFLOW_CTX_EXECUTION_DATE='2026-01-02T23:00:00+00:00' AIRFLOW_CTX_TRY_NUMBER='1' AIRFLOW_CTX_DAG_RUN_ID='scheduled__2026-01-02T23:00:00+00:00'
[2026-01-17T13:17:40.504+0000] {python.py:202} INFO - Done. Returned value was: ./iris.csv
[2026-01-17T13:17:40.553+0000] {taskinstance.py:1149} INFO - Marking task as SUCCESS. dag_id=ModelDevelop, task_id=get_data, execution_date=20260102T230000, start_date=20260117T131740, end_date=20260117T131740
[2026-01-17T13:17:40.609+0000] {local_task_job_runner.py:234} INFO - Task exited with return code 0
[2026-01-17T13:17:40.640+0000] {taskinstance.py:3312} INFO - 1 downstream tasks scheduled from follow-on schedule check
[2026-01-17T13:38:59.131+0000] {taskinstance.py:1979} INFO - Dependencies all met for dep_context=non-requeueable deps ti=<TaskInstance: ModelDevelop.get_data scheduled__2026-01-02T23:00:00+00:00 [queued]>
[2026-01-17T13:38:59.138+0000] {taskinstance.py:1979} INFO - Dependencies all met for dep_context=requeueable deps ti=<TaskInstance: ModelDevelop.get_data scheduled__2026-01-02T23:00:00+00:00 [queued]>
[2026-01-17T13:38:59.138+0000] {taskinstance.py:2193} INFO - Starting attempt 1 of 2
[2026-01-17T13:38:59.152+0000] {taskinstance.py:2217} INFO - Executing <Task(PythonOperator): get_data> on 2026-01-02 23:00:00+00:00
[2026-01-17T13:38:59.160+0000] {standard_task_runner.py:60} INFO - Started process 2726 to run task
[2026-01-17T13:38:59.174+0000] {standard_task_runner.py:87} INFO - Running: ['***', 'tasks', 'run', 'ModelDevelop', 'get_data', 'scheduled__2026-01-02T23:00:00+00:00', '--job-id', '41', '--raw', '--subdir', 'DAGS_FOLDER/example.py', '--cfg-path', '/tmp/tmpvu6noe66']
[2026-01-17T13:38:59.175+0000] {standard_task_runner.py:88} INFO - Job 41: Subtask get_data
[2026-01-17T13:38:59.214+0000] {warnings.py:109} WARNING - /home/***/.local/lib/python3.9/site-packages/***/settings.py:194: DeprecationWarning: The sql_alchemy_conn option in [core] has been moved to the sql_alchemy_conn option in [database] - the old setting has been used, but please update your config.
  SQL_ALCHEMY_CONN = conf.get("database", "SQL_ALCHEMY_CONN")

[2026-01-17T13:38:59.244+0000] {task_command.py:423} INFO - Running <TaskInstance: ModelDevelop.get_data scheduled__2026-01-02T23:00:00+00:00 [running]> on host 5330652dc216
[2026-01-17T13:38:59.298+0000] {taskinstance.py:2513} INFO - Exporting env vars: AIRFLOW_CTX_DAG_OWNER='***' AIRFLOW_CTX_DAG_ID='ModelDevelop' AIRFLOW_CTX_TASK_ID='get_data' AIRFLOW_CTX_EXECUTION_DATE='2026-01-02T23:00:00+00:00' AIRFLOW_CTX_TRY_NUMBER='1' AIRFLOW_CTX_DAG_RUN_ID='scheduled__2026-01-02T23:00:00+00:00'
[2026-01-17T13:38:59.307+0000] {python.py:202} INFO - Done. Returned value was: ./iris.csv
[2026-01-17T13:38:59.322+0000] {taskinstance.py:1149} INFO - Marking task as SUCCESS. dag_id=ModelDevelop, task_id=get_data, execution_date=20260102T230000, start_date=20260117T133859, end_date=20260117T133859
[2026-01-17T13:38:59.347+0000] {local_task_job_runner.py:234} INFO - Task exited with return code 0
[2026-01-17T13:38:59.403+0000] {taskinstance.py:3312} INFO - 0 downstream tasks scheduled from follow-on schedule check
